sample,timestamp_us,raw,voltage_V
0,222,13392,1.674000
1,539,13600,1.700000
2,856,13408,1.676000
3,1173,13344,1.668000
4,1489,13424,1.678000
5,1807,13376,1.672000
6,2124,13360,1.670000
7,2440,13424,1.678000
8,2758,13392,1.674000
9,3074,13424,1.678000
10,3391,13456,1.682000
11,3708,13584,1.698000
12,4025,13568,1.696000
13,4342,13616,1.702000
14,4658,13616,1.702000
15,4976,13552,1.694000
16,5292,13536,1.692000
17,5609,13584,1.698000
18,5926,13504,1.688000
19,6243,13488,1.686000
20,6560,13472,1.684000
21,6877,13440,1.680000
22,7193,13424,1.678000
23,7510,13472,1.684000
24,7827,13376,1.672000
25,8144,13392,1.674000
26,8461,13424,1.678000
27,8777,13392,1.674000
28,9094,13376,1.672000
29,9411,13392,1.674000
30,9728,13440,1.680000
31,10045,13440,1.680000
32,10362,13424,1.678000
33,10679,13408,1.676000
34,10996,13392,1.674000
35,11313,13376,1.672000
36,11629,13376,1.672000
37,11946,13168,1.646000
38,12263,13424,1.678000
39,12580,13280,1.660000
40,12897,13200,1.650000
41,13214,13216,1.652000
42,13530,13216,1.652000
43,13847,13248,1.656000
44,14165,13120,1.640000
45,14481,13344,1.668000
46,14798,13312,1.664000
47,15115,13360,1.670000
48,15432,13360,1.670000
49,15749,13376,1.672000
50,16065,13440,1.680000
51,16382,13344,1.668000
52,16699,13408,1.676000
53,17016,13488,1.686000
54,17333,13408,1.676000
55,17650,13408,1.676000
56,17966,13424,1.678000
57,18283,13472,1.684000
58,18600,13440,1.680000
59,18917,13216,1.652000
60,19234,13392,1.674000
61,19551,13376,1.672000
62,19867,13424,1.678000
63,20184,13520,1.690000
64,20502,13664,1.708000
65,20818,13552,1.694000
66,21135,13392,1.674000
67,21452,13584,1.698000
68,21769,13600,1.700000
69,22086,13520,1.690000
70,22403,13520,1.690000
71,22719,13520,1.690000
72,23036,13472,1.684000
73,23353,13488,1.686000
74,23670,13392,1.674000
75,23987,13408,1.676000
76,24304,13376,1.672000
77,24621,13392,1.674000
78,24937,13392,1.674000
79,25254,13600,1.700000
80,25571,13424,1.678000
81,25888,13440,1.680000
82,26205,13424,1.678000
83,26521,13392,1.674000
84,26839,13376,1.672000
85,27156,13344,1.668000
86,27472,13408,1.676000
87,27789,13392,1.674000
88,28106,13360,1.670000
89,28423,13280,1.660000
90,28740,13264,1.658000
91,29057,13216,1.652000
92,29373,13264,1.658000
93,29690,13216,1.652000
94,30007,13264,1.658000
95,30324,13280,1.660000
96,30641,13264,1.658000
97,30958,13328,1.666000
98,31275,13280,1.660000
99,31591,13408,1.676000
100,31909,13312,1.664000
101,32225,13408,1.676000
102,32542,13424,1.678000
103,32858,13424,1.678000
104,33176,13392,1.674000
105,33493,13408,1.676000
106,33810,13392,1.674000
107,34126,13440,1.680000
108,34444,13440,1.680000
109,34760,13344,1.668000
110,35077,13488,1.686000
111,35394,13376,1.672000
112,35711,13392,1.674000
113,36027,13376,1.672000
114,36345,13408,1.676000
115,36661,13424,1.678000
116,36978,13568,1.696000
117,37295,13552,1.694000
118,37612,13600,1.700000
119,37929,13552,1.694000
120,38246,13568,1.696000
121,38563,13568,1.696000
122,38879,13488,1.686000
123,39196,13504,1.688000
124,39513,13488,1.686000
125,39830,13488,1.686000
126,40147,13456,1.682000
127,40464,13440,1.680000
128,40781,13456,1.682000
129,41097,13392,1.674000
130,41414,13392,1.674000
131,41731,13408,1.676000
132,42047,13376,1.672000
133,42365,13360,1.670000
134,42685,13392,1.674000
135,42999,13440,1.680000
136,43315,13424,1.678000
137,43632,13312,1.664000
138,43949,13376,1.672000
139,44265,13440,1.680000
140,44583,13424,1.678000
141,44900,13360,1.670000
142,45217,13184,1.648000
143,45533,13216,1.652000
144,45850,13248,1.656000
145,46167,13184,1.648000
146,46483,13264,1.658000
147,46801,13264,1.658000
148,47117,13344,1.668000
149,47435,13328,1.666000
150,47752,13344,1.668000
151,48068,13280,1.660000
152,48385,13344,1.668000
153,48702,13360,1.670000
154,49019,13408,1.676000
155,49336,13376,1.672000
156,49652,13312,1.664000
157,49970,13360,1.670000
158,50286,13408,1.676000
159,50603,13424,1.678000
160,50920,13456,1.682000
161,51237,13392,1.674000
162,51553,13392,1.674000
163,51871,13424,1.678000
164,52188,13424,1.678000
165,52504,13376,1.672000
166,52821,13376,1.672000
167,53138,13360,1.670000
168,53455,13504,1.688000
169,53772,13632,1.704000
170,54088,13584,1.698000
171,54406,13584,1.698000
172,54722,13568,1.696000
173,55039,13600,1.700000
174,55356,13600,1.700000
175,55673,13552,1.694000
176,55990,13536,1.692000
177,56306,13488,1.686000
178,56624,13472,1.684000
179,56940,13472,1.684000
180,57257,13440,1.680000
181,57574,13408,1.676000
182,57891,13360,1.670000
183,58208,13424,1.678000
184,58524,13488,1.686000
185,58842,13424,1.678000
186,59158,13456,1.682000
187,59475,13360,1.670000
188,59792,13296,1.662000
189,60109,13392,1.674000
190,60426,13456,1.682000
191,60743,13392,1.674000
192,61059,13472,1.684000
193,61376,13376,1.672000
194,61693,13376,1.672000
195,62010,13184,1.648000
196,62327,13200,1.650000
197,62644,13264,1.658000
198,62961,13296,1.662000
199,63278,13248,1.656000
200,63594,13280,1.660000
201,63911,13248,1.656000
202,64228,13280,1.660000
203,64545,13344,1.668000
204,64862,13312,1.664000
205,65179,13424,1.678000
206,65496,13392,1.674000
207,65812,13424,1.678000
208,66129,13440,1.680000
209,66446,13408,1.676000
210,66763,13408,1.676000
211,67080,13376,1.672000
212,67397,13360,1.670000
213,67714,13440,1.680000
214,68030,13408,1.676000
215,68347,13408,1.676000
216,68664,13392,1.674000
217,68981,13408,1.676000
218,69298,13392,1.674000
219,69615,13440,1.680000
220,69931,13376,1.672000
221,70248,13568,1.696000
222,70565,13552,1.694000
223,70882,13648,1.706000
224,71199,13600,1.700000
225,71516,13552,1.694000
226,71833,13584,1.698000
227,72150,13552,1.694000
228,72467,13488,1.686000
229,72783,13520,1.690000
230,73100,13424,1.678000
231,73417,13392,1.674000
232,73734,13488,1.686000
233,74051,13408,1.676000
234,74367,13456,1.682000
235,74685,13424,1.678000
236,75002,13344,1.668000
237,75319,13408,1.676000
238,75635,13424,1.678000
239,75952,13392,1.674000
240,76269,13376,1.672000
241,76586,13408,1.676000
242,76902,13424,1.678000
243,77220,13376,1.672000
244,77536,13456,1.682000
245,77853,13424,1.678000
246,78170,13376,1.672000
247,78487,13248,1.656000
248,78804,13248,1.656000
249,79120,13216,1.652000
250,79438,13264,1.658000
251,79754,13232,1.654000
252,80071,13264,1.658000
253,80388,13248,1.656000
254,80705,13248,1.656000
255,81022,13264,1.658000
256,81338,13312,1.664000
257,81656,13344,1.668000
258,81972,13360,1.670000
259,82289,13376,1.672000
260,82606,13344,1.668000
261,82923,13408,1.676000
262,83239,13392,1.674000
263,83557,13392,1.674000
264,83873,13376,1.672000
265,84190,13408,1.676000
266,84507,13456,1.682000
267,84824,13360,1.670000
268,85141,13376,1.672000
269,85458,13584,1.698000
270,85774,13344,1.668000
271,86092,13344,1.668000
272,86409,13344,1.668000
273,86725,13488,1.686000
274,87042,13600,1.700000
275,87359,13584,1.698000
276,87676,13808,1.726000
277,87993,13552,1.694000
278,88310,13568,1.696000
279,88626,13536,1.692000
280,88943,13552,1.694000
281,89260,13552,1.694000
282,89577,13568,1.696000
283,89894,13456,1.682000
284,90211,13472,1.684000
285,90528,13392,1.674000
286,90844,13376,1.672000
287,91161,13376,1.672000
288,91478,13392,1.674000
289,91795,13392,1.674000
290,92112,13456,1.682000
291,92428,13440,1.680000
292,92746,13360,1.670000
293,93062,13376,1.672000
294,93379,13344,1.668000
295,93696,13456,1.682000
296,94013,13312,1.664000
297,94330,13408,1.676000
298,94647,13376,1.672000
299,94964,13376,1.672000
300,95281,13248,1.656000
301,95597,13232,1.654000
302,95914,13280,1.660000
303,96231,13280,1.660000
304,96548,13216,1.652000
305,96864,13280,1.660000
306,97182,13280,1.660000
307,97498,13296,1.662000
308,97816,13296,1.662000
309,98132,13312,1.664000
310,98449,13344,1.668000
311,98765,13376,1.672000
312,99083,13408,1.676000
313,99400,13392,1.674000
314,99717,13440,1.680000
315,100033,13424,1.678000
316,100350,13376,1.672000
317,100667,13376,1.672000
318,100984,13376,1.672000
319,101300,13264,1.658000
320,101618,13440,1.680000
321,101934,13424,1.678000
322,102252,13376,1.672000
323,102568,13408,1.676000
324,102885,13408,1.676000
325,103202,13472,1.684000
326,103519,13568,1.696000
327,103836,13600,1.700000
328,104152,13616,1.702000
329,104469,13584,1.698000
330,104786,13536,1.692000
331,105104,13552,1.694000
332,105420,13600,1.700000
333,105737,13536,1.692000
334,106054,13520,1.690000
335,106371,13472,1.684000
336,106687,13488,1.686000
337,107004,13472,1.684000
338,107321,13360,1.670000
339,107638,13392,1.674000
340,107955,13376,1.672000
341,108272,13360,1.670000
342,108588,13440,1.680000
343,108905,13392,1.674000
344,109223,13472,1.684000
345,109539,13344,1.668000
346,109856,13360,1.670000
347,110172,13568,1.696000
348,110490,13376,1.672000
349,110807,13408,1.676000
350,111123,13440,1.680000
351,111441,13440,1.680000
352,111757,13280,1.660000
353,112074,13296,1.662000
354,112390,13152,1.644000
355,112708,13216,1.652000
356,113025,13232,1.654000
357,113342,13264,1.658000
358,113658,13264,1.658000
359,113975,13248,1.656000
360,114291,13296,1.662000
361,114609,13328,1.666000
362,114926,13328,1.666000
363,115243,13360,1.670000
364,115559,13344,1.668000
365,115876,13344,1.668000
366,116193,13440,1.680000
367,116510,13456,1.682000
368,116827,13408,1.676000
369,117144,13392,1.674000
370,117461,13424,1.678000
371,117778,13408,1.676000
372,118094,13408,1.676000
373,118411,13424,1.678000
374,118728,13408,1.676000
375,119045,13376,1.672000
376,119362,13360,1.670000
377,119679,13344,1.668000
378,119995,13424,1.678000
379,120312,13568,1.696000
380,120629,13600,1.700000
381,120946,13616,1.702000
382,121263,13568,1.696000
383,121580,13568,1.696000
384,121897,13568,1.696000
385,122214,13568,1.696000
386,122531,13568,1.696000
387,122847,13536,1.692000
388,123165,13424,1.678000
389,123480,13456,1.682000
390,123798,13440,1.680000
391,124115,13424,1.678000
392,124432,13392,1.674000
393,124748,13424,1.678000
394,125066,13392,1.674000
395,125382,13392,1.674000
396,125699,13424,1.678000
397,126016,13440,1.680000
398,126333,13344,1.668000
399,126649,13328,1.666000
400,126967,13408,1.676000
401,127283,13424,1.678000
402,127600,13392,1.674000
403,127917,13328,1.666000
404,128234,13392,1.674000
405,128551,13184,1.648000
406,128867,13248,1.656000
407,129185,13264,1.658000
408,129502,13200,1.650000
409,129818,13232,1.654000
410,130135,13200,1.650000
411,130452,13296,1.662000
412,130769,13328,1.666000
413,131086,13296,1.662000
414,131402,13344,1.668000
415,131719,13344,1.668000
416,132036,13392,1.674000
417,132353,13376,1.672000
418,132670,13408,1.676000
419,132987,13424,1.678000
420,133304,13360,1.670000
421,133620,13360,1.670000
422,133938,13376,1.672000
423,134255,13344,1.668000
424,134571,13424,1.678000
425,134888,13424,1.678000
426,135205,13456,1.682000
427,135522,13424,1.678000
428,135838,13424,1.678000
429,136156,13312,1.664000
430,136472,13392,1.674000
431,136789,13536,1.692000
432,137106,13584,1.698000
433,137423,13568,1.696000
434,137740,13584,1.698000
435,138057,13536,1.692000
436,138374,13536,1.692000
437,138690,13504,1.688000
438,139007,13536,1.692000
439,139324,13488,1.686000
440,139641,13488,1.686000
441,139958,13456,1.682000
442,140274,13456,1.682000
443,140592,13424,1.678000
444,140909,13392,1.674000
445,141225,13408,1.676000
446,141542,13392,1.674000
447,141859,13472,1.684000
448,142176,13376,1.672000
449,142493,13392,1.674000
450,142810,13392,1.674000
451,143126,13440,1.680000
452,143444,13376,1.672000
453,143760,13392,1.674000
454,144077,13392,1.674000
455,144394,13344,1.668000
456,144711,13392,1.674000
457,145027,13392,1.674000
458,145344,13200,1.650000
459,145661,13184,1.648000
460,145978,13200,1.650000
461,146294,13248,1.656000
462,146612,13184,1.648000
463,146929,13264,1.658000
464,147246,13312,1.664000
465,147562,13328,1.666000
466,147880,13280,1.660000
467,148196,13328,1.666000
468,148513,13328,1.666000
469,148830,13344,1.668000
470,149147,13360,1.670000
471,149464,13360,1.670000
472,149780,13424,1.678000
473,150097,13392,1.674000
474,150414,13424,1.678000
475,150731,13424,1.678000
476,151048,13424,1.678000
477,151365,13360,1.670000
478,151684,13344,1.668000
479,151998,13344,1.668000
480,152315,13424,1.678000
481,152633,13376,1.672000
482,152949,13392,1.674000
483,153266,13424,1.678000
484,153583,13600,1.700000
485,153900,13552,1.694000
486,154217,13584,1.698000
487,154533,13600,1.700000
488,154851,13584,1.698000
489,155167,13536,1.692000
490,155484,13568,1.696000
491,155801,13536,1.692000
492,156117,13520,1.690000
493,156434,13552,1.694000
494,156751,13488,1.686000
495,157068,13440,1.680000
496,157385,13456,1.682000
497,157702,13424,1.678000
498,158019,13424,1.678000
499,158336,13376,1.672000
500,158652,13376,1.672000
501,158970,13376,1.672000
502,159286,13408,1.676000
503,159603,13392,1.674000
504,159920,13392,1.674000
505,160237,13376,1.672000
506,160553,13424,1.678000
507,160871,13408,1.676000
508,161188,13424,1.678000
509,161504,13408,1.676000
510,161821,13312,1.664000
511,162138,13184,1.648000
512,162455,13168,1.646000
513,162772,13280,1.660000
514,163088,13232,1.654000
515,163406,13280,1.660000
516,163722,13248,1.656000
517,164039,13296,1.662000
518,164356,13280,1.660000
519,164673,13296,1.662000
520,164990,13360,1.670000
521,165307,13280,1.660000
522,165623,13392,1.674000
523,165941,13376,1.672000
524,166257,13392,1.674000
525,166574,13408,1.676000
526,166891,13408,1.676000
527,167208,13360,1.670000
528,167525,13344,1.668000
529,167841,13456,1.682000
530,168158,13456,1.682000
531,168475,13360,1.670000
532,168792,13344,1.668000
533,169109,13376,1.672000
534,169426,13456,1.682000
535,169743,13440,1.680000
536,170059,13472,1.684000
537,170377,13648,1.706000
538,170693,13600,1.700000
539,171010,13616,1.702000
540,171327,13568,1.696000
541,171644,13568,1.696000
542,171961,13472,1.684000
543,172278,13552,1.694000
544,172594,13664,1.708000
545,172911,13568,1.696000
546,173228,13456,1.682000
547,173545,13488,1.686000
548,173862,13456,1.682000
549,174179,13456,1.682000
550,174496,13600,1.700000
551,174812,13376,1.672000
552,175130,13408,1.676000
553,175446,13440,1.680000
554,175763,13424,1.678000
555,176080,13392,1.674000
556,176397,13360,1.670000
557,176714,13392,1.674000
558,177030,13392,1.674000
559,177347,13328,1.666000
560,177664,13360,1.670000
561,177981,13408,1.676000
562,178298,13408,1.676000
563,178615,13216,1.652000
564,178931,13232,1.654000
565,179248,13168,1.646000
566,179565,13200,1.650000
567,179882,13232,1.654000
568,180199,13232,1.654000
569,180516,13280,1.660000
570,180833,13344,1.668000
571,181149,13248,1.656000
572,181466,13296,1.662000
573,181783,13360,1.670000
574,182100,13344,1.668000
575,182417,13392,1.674000
576,182734,13440,1.680000
577,183051,13424,1.678000
578,183367,13360,1.670000
579,183686,13328,1.666000
580,184001,13392,1.674000
581,184319,13408,1.676000
582,184635,13424,1.678000
583,184952,13376,1.672000
584,185269,13392,1.674000
585,185586,13376,1.672000
586,185902,13360,1.670000
587,186220,13392,1.674000
588,186536,13424,1.678000
589,186853,13552,1.694000
590,187170,13600,1.700000
591,187487,13584,1.698000
592,187803,13584,1.698000
593,188121,13536,1.692000
594,188437,13520,1.690000
595,188754,13504,1.688000
596,189071,13472,1.684000
597,189388,13552,1.694000
598,189705,13472,1.684000
599,190022,13408,1.676000
600,190338,13440,1.680000
601,190656,13440,1.680000
602,190972,13376,1.672000
603,191289,13376,1.672000
604,191606,13392,1.674000
605,191923,13392,1.674000
606,192239,13424,1.678000
607,192557,13424,1.678000
608,192873,13440,1.680000
609,193190,13376,1.672000
610,193507,13376,1.672000
611,193824,13424,1.678000
612,194141,13392,1.674000
613,194458,13424,1.678000
614,194775,13408,1.676000
615,195092,13312,1.664000
616,195409,13184,1.648000
617,195725,13232,1.654000
618,196042,13280,1.660000
619,196359,13216,1.652000
620,196676,13280,1.660000
621,196993,13232,1.654000
622,197310,13264,1.658000
623,197626,13360,1.670000
624,197944,13344,1.668000
625,198260,13296,1.662000
626,198577,13168,1.646000
627,198894,13408,1.676000
628,199211,13472,1.684000
629,199528,13408,1.676000
630,199844,13424,1.678000
631,200162,13424,1.678000
632,200478,13488,1.686000
633,200795,13392,1.674000
634,201111,13408,1.676000
635,201429,13440,1.680000
636,201746,13376,1.672000
637,202062,13392,1.674000
638,202379,13440,1.680000
639,202696,13376,1.672000
640,203013,13392,1.674000
641,203330,13280,1.660000
642,203647,13568,1.696000
643,203964,13568,1.696000
644,204281,13552,1.694000
645,204597,13552,1.694000
646,204915,13568,1.696000
647,205231,13520,1.690000
648,205548,13488,1.686000
649,205865,13504,1.688000
650,206182,13568,1.696000
651,206499,13552,1.694000
652,206815,13472,1.684000
653,207132,13424,1.678000
654,207448,13520,1.690000
655,207766,13376,1.672000
656,208083,13456,1.682000
657,208400,13440,1.680000
658,208717,13344,1.668000
659,209033,13424,1.678000
660,209350,13440,1.680000
661,209667,13424,1.678000
662,209984,13344,1.668000
663,210301,13472,1.684000
664,210618,13408,1.676000
665,210934,13456,1.682000
666,211252,13440,1.680000
667,211568,13424,1.678000
668,211885,13248,1.656000
669,212202,13216,1.652000
670,212519,13232,1.654000
671,212836,13184,1.648000
672,213152,13264,1.658000
673,213469,13232,1.654000
674,213786,13280,1.660000
675,214104,13296,1.662000
676,214420,13264,1.658000
677,214737,13264,1.658000
678,215054,13376,1.672000
679,215371,13376,1.672000
680,215687,13360,1.670000
681,216004,13408,1.676000
682,216321,13408,1.676000
683,216638,13408,1.676000
684,216955,13376,1.672000
685,217272,13392,1.674000
686,217588,13424,1.678000
687,217905,13360,1.670000
688,218222,13440,1.680000
689,218539,13424,1.678000
690,218856,13456,1.682000
691,219173,13376,1.672000
692,219490,13392,1.674000
693,219807,13392,1.674000
694,220124,13504,1.688000
695,220440,13552,1.694000
696,220757,13568,1.696000
697,221074,13536,1.692000
698,221391,13552,1.694000
699,221708,13632,1.704000
700,222024,13536,1.692000
701,222342,13520,1.690000
702,222658,13504,1.688000
703,222975,13504,1.688000
704,223293,13440,1.680000
705,223609,13456,1.682000
706,223926,13488,1.686000
707,224243,13408,1.676000
708,224559,13408,1.676000
709,224877,13376,1.672000
710,225193,13376,1.672000
711,225510,13392,1.674000
712,225827,13392,1.674000
713,226144,13392,1.674000
714,226461,13392,1.674000
715,226778,13424,1.678000
716,227095,13392,1.674000
717,227411,13440,1.680000
718,227728,13440,1.680000
719,228045,13392,1.674000
720,228362,13392,1.674000
721,228679,13200,1.650000
722,228995,13168,1.646000
723,229312,13248,1.656000
724,229630,13280,1.660000
725,229946,13232,1.654000
726,230263,13280,1.660000
727,230580,13264,1.658000
728,230897,13296,1.662000
729,231214,13360,1.670000
730,231531,13344,1.668000
731,231847,13392,1.674000
732,232164,13392,1.674000
733,232481,13408,1.676000
734,232798,13392,1.674000
735,233115,13392,1.674000
736,233432,13392,1.674000
737,233748,13440,1.680000
738,234065,13456,1.682000
739,234382,13424,1.678000
740,234699,13424,1.678000
741,235016,13456,1.682000
742,235333,13392,1.674000
743,235650,13376,1.672000
744,235966,13440,1.680000
745,236283,13344,1.668000
746,236600,13392,1.674000
747,236917,13648,1.706000
748,237234,13584,1.698000
749,237551,13568,1.696000
750,237868,13552,1.694000
751,238185,13552,1.694000
752,238502,13536,1.692000
753,238818,13552,1.694000
754,239135,13568,1.696000
755,239452,13552,1.694000
756,239769,13488,1.686000
757,240086,13488,1.686000
758,240403,13472,1.684000
759,240719,13424,1.678000
760,241036,13344,1.668000
761,241353,13376,1.672000
762,241669,13408,1.676000
763,241987,13440,1.680000
764,242304,13408,1.676000
765,242621,13408,1.676000
766,242938,13344,1.668000
767,243255,13344,1.668000
768,243571,13440,1.680000
769,243888,13360,1.670000
770,244205,13376,1.672000
771,244522,13392,1.674000
772,244838,13360,1.670000
773,245156,13344,1.668000
774,245472,13216,1.652000
775,245789,13264,1.658000
776,246106,13232,1.654000
777,246423,13296,1.662000
778,246740,13280,1.660000
779,247057,13296,1.662000
780,247374,13280,1.660000
781,247690,13280,1.660000
782,248007,13328,1.666000
783,248324,13344,1.668000
784,248641,13344,1.668000
785,248958,13344,1.668000
786,249275,13440,1.680000
787,249591,13424,1.678000
788,249909,13408,1.676000
789,250225,13360,1.670000
790,250542,13440,1.680000
791,250859,13456,1.682000
792,251176,13472,1.684000
793,251493,13360,1.670000
794,251810,13408,1.676000
795,252126,13376,1.672000
796,252444,13408,1.676000
797,252760,13392,1.674000
798,253077,13424,1.678000
799,253394,13488,1.686000
800,253711,13632,1.704000
801,254027,13552,1.694000
802,254344,13632,1.704000
803,254662,13536,1.692000
804,254978,13568,1.696000
805,255295,13552,1.694000
806,255612,13536,1.692000
807,255928,13552,1.694000
808,256246,13456,1.682000
809,256562,13520,1.690000
810,256880,13536,1.692000
811,257197,13424,1.678000
812,257513,13408,1.676000
813,257830,13440,1.680000
814,258147,13392,1.674000
815,258464,13392,1.674000
816,258781,13248,1.656000
817,259097,13360,1.670000
818,259415,13392,1.674000
819,259731,13424,1.678000
820,260048,13392,1.674000
821,260365,13424,1.678000
822,260685,13392,1.674000
823,260999,13328,1.666000
824,261316,13424,1.678000
825,261632,13408,1.676000
826,261949,13184,1.648000
827,262266,13264,1.658000
828,262583,13248,1.656000
829,262900,13360,1.670000
830,263216,13232,1.654000
831,263533,13152,1.644000
832,263850,13264,1.658000
833,264167,13296,1.662000
834,264484,13280,1.660000
835,264801,13360,1.670000
836,265117,13424,1.678000
837,265435,13360,1.670000
838,265751,13296,1.662000
839,266068,13408,1.676000
840,266385,13440,1.680000
841,266702,13408,1.676000
842,267018,13248,1.656000
843,267336,13392,1.674000
844,267653,13424,1.678000
845,267969,13408,1.676000
846,268286,13376,1.672000
847,268603,13392,1.674000
848,268920,13376,1.672000
849,269237,13440,1.680000
850,269554,13376,1.672000
851,269871,13232,1.654000
852,270188,13568,1.696000
853,270504,13536,1.692000
854,270821,13584,1.698000
855,271138,13600,1.700000
856,271455,13568,1.696000
857,271772,13344,1.668000
858,272089,13536,1.692000
859,272406,13536,1.692000
860,272723,13520,1.690000
861,273039,13504,1.688000
862,273356,13440,1.680000
863,273673,13424,1.678000
864,273990,13392,1.674000
865,274306,13424,1.678000
866,274624,13392,1.674000
867,274940,13360,1.670000
868,275257,13408,1.676000
869,275574,13408,1.676000
870,275891,13392,1.674000
871,276208,13392,1.674000
872,276525,13472,1.684000
873,276842,13456,1.682000
874,277158,13456,1.682000
875,277476,13408,1.676000
876,277793,13392,1.674000
877,278109,13424,1.678000
878,278426,13328,1.666000
879,278743,13216,1.652000
880,279060,13216,1.652000
881,279377,13232,1.654000
882,279693,13248,1.656000
883,280010,13264,1.658000
884,280327,13232,1.654000
885,280644,13264,1.658000
886,280961,13360,1.670000
887,281278,13312,1.664000
888,281594,13248,1.656000
889,281911,13344,1.668000
890,282228,13376,1.672000
891,282545,13392,1.674000
892,282862,13408,1.676000
893,283179,13424,1.678000
894,283496,13584,1.698000
895,283812,13408,1.676000
896,284130,13424,1.678000
897,284446,13456,1.682000
898,284763,13360,1.670000
899,285079,13424,1.678000
900,285397,13392,1.674000
901,285713,13392,1.674000
902,286031,13392,1.674000
903,286348,13376,1.672000
904,286664,13376,1.672000
905,286981,13632,1.704000
906,287298,13616,1.702000
907,287615,13584,1.698000
908,287932,13600,1.700000
909,288249,13600,1.700000
910,288565,13568,1.696000
911,288882,13536,1.692000
912,289199,13504,1.688000
913,289516,13568,1.696000
914,289833,13488,1.686000
915,290150,13456,1.682000
916,290467,13504,1.688000
917,290783,13376,1.672000
918,291101,13408,1.676000
919,291417,13424,1.678000
920,291734,13344,1.668000
921,292051,13408,1.676000
922,292368,13440,1.680000
923,292686,13440,1.680000
924,293002,13440,1.680000
925,293319,13344,1.668000
926,293635,13376,1.672000
927,293951,13376,1.672000
928,294269,13424,1.678000
929,294586,13456,1.682000
930,294903,13440,1.680000
931,295220,13200,1.650000
932,295536,13216,1.652000
933,295853,13264,1.658000
934,296170,13264,1.658000
935,296487,13152,1.644000
936,296803,13280,1.660000
937,297121,13312,1.664000
938,297438,13232,1.654000
939,297754,13280,1.660000
940,298071,13328,1.666000
941,298388,13360,1.670000
942,298705,13344,1.668000
943,299022,13392,1.674000
944,299338,13376,1.672000
945,299656,13344,1.668000
946,299973,13392,1.674000
947,300289,13376,1.672000
948,300606,13376,1.672000
949,300922,13456,1.682000
950,301240,13440,1.680000
951,301557,13424,1.678000
952,301873,13408,1.676000
953,302190,13408,1.676000
954,302507,13408,1.676000
955,302824,13376,1.672000
956,303141,13424,1.678000
957,303458,13504,1.688000
958,303774,13600,1.700000
959,304092,13600,1.700000
960,304409,13568,1.696000
961,304725,13600,1.700000
962,305042,13600,1.700000
963,305359,13552,1.694000
964,305676,13488,1.686000
965,305993,13488,1.686000
966,306310,13504,1.688000
967,306626,13440,1.680000
968,306944,13440,1.680000
969,307260,13408,1.676000
970,307577,13392,1.674000
971,307894,13328,1.666000
972,308211,13456,1.682000
973,308528,13456,1.682000
974,308844,13424,1.678000
975,309162,13408,1.676000
976,309478,13472,1.684000
977,309794,13344,1.668000
978,310112,13440,1.680000
979,310429,13424,1.678000
980,310746,13360,1.670000
981,311062,13408,1.676000
982,311379,13376,1.672000
983,311696,13392,1.674000
984,312013,13248,1.656000
985,312330,13216,1.652000
986,312647,13264,1.658000
987,312964,13232,1.654000
988,313281,13232,1.654000
989,313597,13248,1.656000
990,313914,13200,1.650000
991,314232,13216,1.652000
992,314548,13312,1.664000
993,314865,13360,1.670000
994,315182,13360,1.670000
995,315499,13328,1.666000
996,315816,13360,1.670000
997,316132,13344,1.668000
998,316449,13360,1.670000
999,316766,13472,1.684000
1000,317083,13440,1.680000
1001,317400,13424,1.678000
1002,317717,13456,1.682000
1003,318033,13376,1.672000
1004,318350,13376,1.672000
1005,318667,13408,1.676000
1006,318984,13392,1.674000
1007,319301,13424,1.678000
1008,319618,13392,1.674000
1009,319934,13456,1.682000
1010,320252,13616,1.702000
1011,320568,13616,1.702000
1012,320885,13616,1.702000
1013,321202,13536,1.692000
1014,321519,13584,1.698000
1015,321836,13536,1.692000
1016,322153,13552,1.694000
1017,322469,13552,1.694000
1018,322787,13472,1.684000
1019,323103,13504,1.688000
1020,323420,13472,1.684000
1021,323737,13424,1.678000
1022,324054,13424,1.678000
1023,324371,13360,1.670000
1024,324688,13376,1.672000
1025,325004,13376,1.672000
1026,325321,13408,1.676000
1027,325639,13456,1.682000
1028,325955,13424,1.678000
1029,326272,13408,1.676000
1030,326589,13440,1.680000
1031,326905,13408,1.676000
1032,327222,13392,1.674000
1033,327540,13360,1.670000
1034,327856,13424,1.678000
1035,328173,13472,1.684000
1036,328490,13280,1.660000
1037,328807,13200,1.650000
1038,329124,13216,1.652000
1039,329440,13248,1.656000
1040,329758,13232,1.654000
1041,330074,13040,1.630000
1042,330391,13280,1.660000
1043,330708,13280,1.660000
1044,331025,13280,1.660000
1045,331342,13296,1.662000
1046,331658,13344,1.668000
1047,331976,13344,1.668000
1048,332292,13488,1.686000
1049,332609,13408,1.676000
1050,332926,13408,1.676000
1051,333243,13424,1.678000
1052,333560,13392,1.674000
1053,333877,13376,1.672000
1054,334194,13648,1.706000
1055,334510,13408,1.676000
1056,334827,13408,1.676000
1057,335143,13424,1.678000
1058,335461,13344,1.668000
1059,335778,13392,1.674000
1060,336094,13424,1.678000
1061,336411,13360,1.670000
1062,336729,13456,1.682000
1063,337045,13616,1.702000
1064,337362,13600,1.700000
1065,337679,13600,1.700000
1066,337996,13552,1.694000
1067,338313,13584,1.698000
1068,338630,13536,1.692000
1069,338946,13568,1.696000
1070,339263,13488,1.686000
1071,339580,13456,1.682000
1072,339897,13456,1.682000
1073,340214,13376,1.672000
1074,340531,13488,1.686000
1075,340848,13376,1.672000
1076,341164,13440,1.680000
1077,341481,13360,1.670000
1078,341798,13424,1.678000
1079,342115,13408,1.676000
1080,342432,13424,1.678000
1081,342749,13408,1.676000
1082,343065,13440,1.680000
1083,343382,13392,1.674000
1084,343699,13392,1.674000
1085,344016,13408,1.676000
1086,344333,13328,1.666000
1087,344650,13424,1.678000
1088,344967,13424,1.678000
1089,345283,13216,1.652000
1090,345600,13248,1.656000
1091,345917,13200,1.650000
1092,346234,13248,1.656000
1093,346551,13232,1.654000
1094,346868,13232,1.654000
1095,347185,13264,1.658000
1096,347502,13280,1.660000
1097,347819,13296,1.662000
1098,348135,13312,1.664000
1099,348452,13328,1.666000
1100,348769,13392,1.674000
1101,349086,13392,1.674000
1102,349402,13392,1.674000
1103,349719,13392,1.674000
1104,350036,13488,1.686000
1105,350353,13392,1.674000
1106,350670,13408,1.676000
1107,350987,13408,1.676000
1108,351304,13440,1.680000
1109,351621,13376,1.672000
1110,351937,13312,1.664000
1111,352254,13392,1.674000
1112,352571,13408,1.676000
1113,352889,13424,1.678000
1114,353205,13392,1.674000
1115,353522,13520,1.690000
1116,353838,13632,1.704000
1117,354156,13488,1.686000
1118,354472,13584,1.698000
1119,354789,13728,1.716000
1120,355107,13568,1.696000
1121,355423,13520,1.690000
1122,355739,13488,1.686000
1123,356057,13552,1.694000
1124,356374,13488,1.686000
1125,356691,13584,1.698000
1126,357007,13472,1.684000
1127,357324,13472,1.684000
1128,357641,13376,1.672000
1129,357958,13440,1.680000
1130,358274,13456,1.682000
1131,358592,13424,1.678000
1132,358909,13360,1.670000
1133,359226,13408,1.676000
1134,359542,13408,1.676000
1135,359860,13408,1.676000
1136,360176,13376,1.672000
1137,360493,13376,1.672000
1138,360810,13424,1.678000
1139,361126,13328,1.666000
1140,361444,13392,1.674000
1141,361760,13328,1.666000
1142,362077,13232,1.654000
1143,362394,13248,1.656000
1144,362711,13216,1.652000
1145,363028,13216,1.652000
1146,363345,13280,1.660000
1147,363661,13216,1.652000
1148,363979,13232,1.654000
1149,364296,13264,1.658000
1150,364612,13312,1.664000
1151,364929,13344,1.668000
1152,365246,13312,1.664000
1153,365562,13344,1.668000
1154,365879,13376,1.672000
1155,366196,13424,1.678000
1156,366513,13440,1.680000
1157,366830,13424,1.678000
1158,367147,13392,1.674000
1159,367464,13360,1.670000
1160,367780,13376,1.672000
1161,368098,13392,1.674000
1162,368414,13376,1.672000
1163,368731,13440,1.680000
1164,369048,13376,1.672000
1165,369365,13440,1.680000
1166,369685,13424,1.678000
1167,369999,13392,1.674000
1168,370316,13616,1.702000
1169,370632,13568,1.696000
1170,370949,13568,1.696000
1171,371266,13552,1.694000
1172,371583,13504,1.688000
1173,371900,13488,1.686000
1174,372217,13504,1.688000
1175,372533,13600,1.700000
1176,372851,13520,1.690000
1177,373167,13456,1.682000
1178,373484,13408,1.676000
1179,373801,13424,1.678000
1180,374118,13456,1.682000
1181,374434,13424,1.678000
1182,374752,13456,1.682000
1183,375068,13344,1.668000
1184,375385,13376,1.672000
1185,375702,13360,1.670000
1186,376019,13424,1.678000
1187,376336,13392,1.674000
1188,376652,13328,1.666000
1189,376970,13360,1.670000
1190,377287,13456,1.682000
1191,377603,13424,1.678000
1192,377920,13440,1.680000
1193,378237,13408,1.676000
1194,378554,13280,1.660000
1195,378871,13152,1.644000
1196,379188,13216,1.652000
1197,379505,13248,1.656000
1198,379821,13232,1.654000
1199,380138,13264,1.658000
1200,380455,13280,1.660000
1201,380772,13328,1.666000
1202,381089,13344,1.668000
1203,381406,13296,1.662000
1204,381723,13360,1.670000
1205,382039,13376,1.672000
1206,382356,13312,1.664000
1207,382673,13376,1.672000
1208,382990,13328,1.666000
1209,383307,13504,1.688000
1210,383624,13408,1.676000
1211,383940,13408,1.676000
1212,384258,13392,1.674000
1213,384574,13360,1.670000
1214,384891,13424,1.678000
1215,385208,13424,1.678000
1216,385525,13392,1.674000
1217,385841,13424,1.678000
1218,386159,13392,1.674000
1219,386475,13408,1.676000
1220,386792,13552,1.694000
1221,387110,13568,1.696000
1222,387426,13584,1.698000
1223,387743,13552,1.694000
1224,388060,13568,1.696000
1225,388376,13600,1.700000
1226,388693,13552,1.694000
1227,389010,13520,1.690000
1228,389327,13520,1.690000
1229,389644,13600,1.700000
1230,389961,13488,1.686000
1231,390278,13456,1.682000
1232,390594,13424,1.678000
1233,390912,13408,1.676000
1234,391229,13376,1.672000
1235,391545,13440,1.680000
1236,391862,13392,1.674000
1237,392178,13424,1.678000
1238,392496,13424,1.678000
1239,392813,13392,1.674000
1240,393129,13424,1.678000
1241,393447,13376,1.672000
1242,393763,13360,1.670000
1243,394080,13408,1.676000
1244,394397,13376,1.672000
1245,394714,13392,1.674000
1246,395031,13360,1.670000
1247,395348,13232,1.654000
1248,395664,13232,1.654000
1249,395981,13184,1.648000
1250,396298,13184,1.648000
1251,396615,13216,1.652000
1252,396932,13296,1.662000
1253,397249,13328,1.666000
1254,397566,13248,1.656000
1255,397882,13280,1.660000
1256,398199,13360,1.670000
1257,398516,13376,1.672000
1258,398833,13376,1.672000
1259,399150,13424,1.678000
1260,399467,13360,1.670000
1261,399784,13440,1.680000
1262,400100,13440,1.680000
1263,400418,13424,1.678000
1264,400734,13376,1.672000
1265,401051,13424,1.678000
1266,401368,13376,1.672000
1267,401686,13376,1.672000
1268,402001,13424,1.678000
1269,402318,13424,1.678000
1270,402635,13392,1.674000
1271,402952,13392,1.674000
1272,403269,13344,1.668000
1273,403586,13616,1.702000
1274,403903,13584,1.698000
1275,404220,13600,1.700000
1276,404536,13584,1.698000
1277,404853,13504,1.688000
1278,405171,13568,1.696000
1279,405487,13536,1.692000
1280,405804,13552,1.694000
1281,406121,13488,1.686000
1282,406437,13472,1.684000
1283,406754,13488,1.686000
1284,407072,13424,1.678000
1285,407389,13472,1.684000
1286,407705,13440,1.680000
1287,408022,13392,1.674000
1288,408339,13456,1.682000
1289,408656,13392,1.674000
1290,408973,13344,1.668000
1291,409290,13408,1.676000
1292,409606,13408,1.676000
1293,409923,13408,1.676000
1294,410240,13424,1.678000
1295,410557,13360,1.670000
1296,410873,13376,1.672000
1297,411190,13376,1.672000
1298,411507,13344,1.668000
1299,411824,13360,1.670000
1300,412141,13152,1.644000
1301,412458,13216,1.652000
1302,412775,13248,1.656000
1303,413092,13232,1.654000
1304,413409,13280,1.660000
1305,413725,13248,1.656000
1306,414042,13264,1.658000
1307,414359,13328,1.666000
1308,414676,13328,1.666000
1309,414993,13376,1.672000
1310,415310,13344,1.668000
1311,415626,13408,1.676000
1312,415944,13376,1.672000
1313,416261,13408,1.676000
1314,416577,13376,1.672000
1315,416894,13376,1.672000
1316,417211,13472,1.684000
1317,417528,13408,1.676000
1318,417844,13424,1.678000
1319,418161,13408,1.676000
1320,418478,13424,1.678000
1321,418795,13440,1.680000
1322,419112,13648,1.706000
1323,419429,13424,1.678000
1324,419746,13408,1.676000
1325,420062,13456,1.682000
1326,420379,13568,1.696000
1327,420696,13632,1.704000
1328,421013,13552,1.694000
1329,421330,13552,1.694000
1330,421647,13552,1.694000
1331,421964,13520,1.690000
1332,422281,13504,1.688000
1333,422598,13552,1.694000
1334,422915,13536,1.692000
1335,423232,13376,1.672000
1336,423548,13424,1.678000
1337,423865,13488,1.686000
1338,424182,13392,1.674000
1339,424499,13392,1.674000
1340,424816,13440,1.680000
1341,425132,13504,1.688000
1342,425449,13472,1.684000
1343,425766,13424,1.678000
1344,426083,13376,1.672000
1345,426400,13344,1.668000
1346,426717,13424,1.678000
1347,427033,13376,1.672000
1348,427351,13360,1.670000
1349,427667,13376,1.672000
1350,427984,13440,1.680000
1351,428301,13424,1.678000
1352,428618,13200,1.650000
1353,428934,13184,1.648000
1354,429252,13264,1.658000
1355,429568,13232,1.654000
1356,429886,13280,1.660000
1357,430202,13296,1.662000
1358,430519,13248,1.656000
1359,430836,13280,1.660000
1360,431152,13328,1.666000
1361,431470,13344,1.668000
1362,431787,13408,1.676000
1363,432103,13360,1.670000
1364,432420,13408,1.676000
1365,432737,13376,1.672000
1366,433054,13360,1.670000
1367,433371,13456,1.682000
1368,433688,13408,1.676000
1369,434004,13392,1.674000
1370,434321,13376,1.672000
1371,434638,13392,1.674000
1372,434955,13408,1.676000
1373,435272,13376,1.672000
1374,435589,13376,1.672000
1375,435905,13456,1.682000
1376,436223,13376,1.672000
1377,436539,13376,1.672000
1378,436856,13584,1.698000
1379,437173,13600,1.700000
1380,437490,13616,1.702000
1381,437807,13584,1.698000
1382,438123,13632,1.704000
1383,438441,13552,1.694000
1384,438758,13488,1.686000
1385,439074,13520,1.690000
1386,439391,13552,1.694000
1387,439708,13488,1.686000
1388,440025,13472,1.684000
1389,440342,13440,1.680000
1390,440659,13408,1.676000
1391,440975,13472,1.684000
1392,441292,13440,1.680000
1393,441609,13360,1.670000
1394,441926,13376,1.672000
1395,442243,13408,1.676000
1396,442560,13360,1.670000
1397,442876,13408,1.676000
1398,443193,13344,1.668000
1399,443510,13392,1.674000
1400,443827,13376,1.672000
1401,444144,13440,1.680000
1402,444461,13392,1.674000
1403,444778,13376,1.672000
1404,445095,13184,1.648000
1405,445412,13168,1.646000
1406,445728,13264,1.658000
1407,446045,13216,1.652000
1408,446362,13280,1.660000
1409,446679,13264,1.658000
1410,446995,13280,1.660000
1411,447313,13248,1.656000
1412,447630,13280,1.660000
1413,447946,13264,1.658000
1414,448263,13344,1.668000
1415,448580,13376,1.672000
1416,448897,13360,1.670000
1417,449214,13392,1.674000
1418,449531,13408,1.676000
1419,449847,13312,1.664000
1420,450164,13456,1.682000
1421,450481,13408,1.676000
1422,450798,13440,1.680000
1423,451115,13360,1.670000
1424,451431,13424,1.678000
1425,451749,13440,1.680000
1426,452065,13440,1.680000
1427,452382,13440,1.680000
1428,452699,13424,1.678000
1429,453015,13376,1.672000
1430,453333,13440,1.680000
1431,453650,13632,1.704000
1432,453966,13552,1.694000
1433,454284,13632,1.704000
1434,454600,13552,1.694000
1435,454918,13568,1.696000
1436,455234,13552,1.694000
1437,455551,13552,1.694000
1438,455868,13552,1.694000
1439,456185,13472,1.684000
1440,456502,13520,1.690000
1441,456819,13392,1.674000
1442,457135,13456,1.682000
1443,457453,13408,1.676000
1444,457769,13424,1.678000
1445,458086,13456,1.682000
1446,458403,13376,1.672000
1447,458719,13408,1.676000
1448,459037,13424,1.678000
1449,459354,13408,1.676000
1450,459670,13424,1.678000
1451,459987,13456,1.682000
1452,460304,13360,1.670000
1453,460621,13376,1.672000
1454,460938,13392,1.674000
1455,461255,13376,1.672000
1456,461571,13440,1.680000
1457,461888,13200,1.650000
1458,462205,13248,1.656000
1459,462522,13232,1.654000
1460,462839,13216,1.652000
1461,463156,13248,1.656000
1462,463473,13296,1.662000
1463,463789,13232,1.654000
1464,464106,13312,1.664000
1465,464423,13296,1.662000
1466,464740,13296,1.662000
1467,465057,13360,1.670000
1468,465374,13376,1.672000
1469,465691,13392,1.674000
1470,466007,13392,1.674000
1471,466325,13360,1.670000
1472,466641,13424,1.678000
1473,466958,13456,1.682000
1474,467275,13424,1.678000
1475,467592,13456,1.682000
1476,467909,13408,1.676000
1477,468226,13360,1.670000
1478,468542,13424,1.678000
1479,468860,13376,1.672000
1480,469176,13408,1.676000
1481,469493,13392,1.674000
1482,469810,13392,1.674000
1483,470126,13552,1.694000
1484,470444,13600,1.700000
1485,470761,13600,1.700000
1486,471077,13568,1.696000
1487,471394,13536,1.692000
1488,471711,13568,1.696000
1489,472028,13552,1.694000
1490,472345,13584,1.698000
1491,472661,13568,1.696000
1492,472978,13488,1.686000
1493,473295,13488,1.686000
1494,473612,13424,1.678000
1495,473929,13408,1.676000
1496,474246,13504,1.688000
1497,474562,13392,1.674000
1498,474880,13344,1.668000
1499,475197,13424,1.678000
1500,475513,13440,1.680000
1501,475830,13408,1.676000
1502,476147,13376,1.672000
1503,476464,13408,1.676000
1504,476781,13408,1.676000
1505,477097,13408,1.676000
1506,477415,13392,1.674000
1507,477731,13408,1.676000
1508,478048,13392,1.674000
1509,478365,13376,1.672000
1510,478685,13296,1.662000
1511,478999,13184,1.648000
1512,479316,13216,1.652000
1513,479632,13216,1.652000
1514,479949,13200,1.650000
1515,480266,13232,1.654000
1516,480583,13248,1.656000
1517,480900,13232,1.654000
1518,481217,13248,1.656000
1519,481534,13328,1.666000
1520,481851,13280,1.660000
1521,482167,13424,1.678000
1522,482484,13392,1.674000
1523,482801,13424,1.678000
1524,483118,13328,1.666000
1525,483435,13376,1.672000
1526,483752,13472,1.684000
1527,484068,13376,1.672000
1528,484385,13360,1.670000
1529,484702,13456,1.682000
1530,485019,13392,1.674000
1531,485336,13376,1.672000
1532,485653,13376,1.672000
1533,485970,13408,1.676000
1534,486287,13392,1.674000
1535,486603,13440,1.680000
1536,486920,13552,1.694000
1537,487237,13568,1.696000
1538,487554,13568,1.696000
1539,487871,13536,1.692000
1540,488188,13584,1.698000
1541,488505,13520,1.690000
1542,488822,13536,1.692000
1543,489138,13488,1.686000
1544,489455,13488,1.686000
1545,489772,13520,1.690000
1546,490088,13504,1.688000
1547,490406,13504,1.688000
1548,490723,13456,1.682000
1549,491039,13392,1.674000
1550,491356,13392,1.674000
1551,491673,13360,1.670000
1552,491990,13424,1.678000
1553,492307,13376,1.672000
1554,492624,13376,1.672000
1555,492941,13376,1.672000
1556,493258,13376,1.672000
1557,493574,13376,1.672000
1558,493891,13392,1.674000
1559,494208,13408,1.676000
1560,494525,13472,1.684000
1561,494842,13424,1.678000
1562,495159,13248,1.656000
1563,495475,13216,1.652000
1564,495793,13216,1.652000
1565,496109,13232,1.654000
1566,496426,13280,1.660000
1567,496743,13216,1.652000
1568,497060,13216,1.652000
1569,497377,13344,1.668000
1570,497693,13312,1.664000
1571,498011,13296,1.662000
1572,498327,13328,1.666000
1573,498644,13344,1.668000
1574,498961,13376,1.672000
1575,499278,13424,1.678000
1576,499594,13424,1.678000
1577,499912,13376,1.672000
1578,500229,13360,1.670000
1579,500545,13376,1.672000
1580,500862,13440,1.680000
1581,501178,13408,1.676000
1582,501496,13424,1.678000
1583,501813,13456,1.682000
1584,502129,13424,1.678000
1585,502446,13376,1.672000
1586,502763,13408,1.676000
1587,503080,13408,1.676000
1588,503397,13552,1.694000
1589,503714,13616,1.702000
1590,504031,13600,1.700000
1591,504348,13616,1.702000
1592,504664,13552,1.694000
1593,504981,13584,1.698000
1594,505298,13536,1.692000
1595,505614,13536,1.692000
1596,505932,13504,1.688000
1597,506249,13472,1.684000
1598,506565,13520,1.690000
1599,506882,13440,1.680000
1600,507199,13408,1.676000
1601,507516,13280,1.660000
1602,507833,13408,1.676000
1603,508150,13376,1.672000
1604,508467,13392,1.674000
1605,508783,13408,1.676000
1606,509101,13376,1.672000
1607,509417,13392,1.674000
1608,509734,13456,1.682000
1609,510050,13392,1.674000
1610,510368,13424,1.678000
1611,510685,13440,1.680000
1612,511002,13424,1.678000
1613,511319,13456,1.682000
1614,511635,13552,1.694000
1615,511952,13232,1.654000
1616,512269,13072,1.634000
1617,512586,13248,1.656000
1618,512903,13232,1.654000
1619,513220,13248,1.656000
1620,513536,13248,1.656000
1621,513853,13232,1.654000
1622,514171,13264,1.658000
1623,514487,13248,1.656000
1624,514804,13328,1.666000
1625,515121,13392,1.674000
1626,515437,13376,1.672000
1627,515754,13376,1.672000
1628,516072,13408,1.676000
1629,516389,13440,1.680000
1630,516705,13456,1.682000
1631,517022,13344,1.668000
1632,517339,13408,1.676000
1633,517656,13424,1.678000
1634,517973,13408,1.676000
1635,518290,13440,1.680000
1636,518606,13488,1.686000
1637,518923,13440,1.680000
1638,519240,13424,1.678000
1639,519557,13408,1.676000
1640,519873,13440,1.680000
1641,520190,13552,1.694000
1642,520508,13584,1.698000
1643,520824,13616,1.702000
1644,521141,13536,1.692000
1645,521458,13552,1.694000
1646,521774,13552,1.694000
1647,522092,13520,1.690000
1648,522409,13568,1.696000
1649,522725,13536,1.692000
1650,523042,13488,1.686000
1651,523360,13488,1.686000
1652,523676,13440,1.680000
1653,523993,13440,1.680000
1654,524310,13456,1.682000
1655,524627,13440,1.680000
1656,524943,13344,1.668000
1657,525260,13424,1.678000
1658,525577,13408,1.676000
1659,525894,13424,1.678000
1660,526211,13360,1.670000
1661,526528,13376,1.672000
1662,526845,13440,1.680000
1663,527161,13472,1.684000
1664,527478,13360,1.670000
1665,527795,13376,1.672000
1666,528112,13264,1.658000
1667,528429,13328,1.666000
1668,528746,13184,1.648000
1669,529063,13248,1.656000
1670,529380,13184,1.648000
1671,529696,13184,1.648000
1672,530013,13280,1.660000
1673,530330,13280,1.660000
1674,530646,13312,1.664000
1675,530964,13280,1.660000
1676,531281,13296,1.662000
1677,531598,13360,1.670000
1678,531915,13376,1.672000
1679,532231,13504,1.688000
1680,532548,13392,1.674000
1681,532865,13344,1.668000
1682,533181,13376,1.672000
1683,533499,13392,1.674000
1684,533816,13408,1.676000
1685,534132,13376,1.672000
1686,534449,13408,1.676000
1687,534766,13472,1.684000
1688,535083,13392,1.674000
1689,535400,13392,1.674000
1690,535716,13392,1.674000
1691,536034,13408,1.676000
1692,536351,13440,1.680000
1693,536667,13408,1.676000
1694,536984,13632,1.704000
1695,537301,13584,1.698000
1696,537618,13584,1.698000
1697,537934,13600,1.700000
1698,538252,13616,1.702000
1699,538568,13552,1.694000
1700,538886,13520,1.690000
1701,539202,13520,1.690000
1702,539519,13488,1.686000
1703,539836,13472,1.684000
1704,540153,13456,1.682000
1705,540470,13376,1.672000
1706,540786,13440,1.680000
1707,541104,13392,1.674000
1708,541420,13424,1.678000
1709,541737,13392,1.674000
1710,542054,13408,1.676000
1711,542371,13392,1.674000
1712,542687,13392,1.674000
1713,543005,13472,1.684000
1714,543322,13392,1.674000
1715,543638,13424,1.678000
1716,543955,13392,1.674000
1717,544272,13424,1.678000
1718,544589,13360,1.670000
1719,544906,13440,1.680000
1720,545223,13264,1.658000
1721,545539,13184,1.648000
1722,545856,13264,1.658000
1723,546173,13248,1.656000
1724,546490,13184,1.648000
1725,546807,13232,1.654000
1726,547124,13200,1.650000
1727,547441,13248,1.656000
1728,547758,13344,1.668000
1729,548074,13248,1.656000
1730,548391,13344,1.668000
1731,548708,13344,1.668000
1732,549025,13360,1.670000
1733,549342,13392,1.674000
1734,549658,13424,1.678000
1735,549976,13376,1.672000
1736,550293,13424,1.678000
1737,550609,13424,1.678000
1738,550926,13392,1.674000
1739,551243,13424,1.678000
1740,551560,13408,1.676000
1741,551877,13456,1.682000
1742,552193,13408,1.676000
1743,552510,13424,1.678000
1744,552827,13360,1.670000
1745,553144,13376,1.672000
1746,553461,13472,1.684000
1747,553778,13584,1.698000
1748,554094,13584,1.698000
1749,554412,13584,1.698000
1750,554728,13520,1.690000
1751,555045,13552,1.694000
1752,555362,13520,1.690000
1753,555679,13488,1.686000
1754,555996,13488,1.686000
1755,556313,13504,1.688000
1756,556630,13520,1.690000
1757,556946,13456,1.682000
1758,557263,13408,1.676000
1759,557580,13408,1.676000
1760,557897,13360,1.670000
1761,558214,13360,1.670000
1762,558531,13408,1.676000
1763,558847,13456,1.682000
1764,559165,13392,1.674000
1765,559481,13344,1.668000
1766,559798,13408,1.676000
1767,560115,13440,1.680000
1768,560432,13424,1.678000
1769,560749,13360,1.670000
1770,561066,13376,1.672000
1771,561383,13424,1.678000
1772,561699,13392,1.674000
1773,562016,13184,1.648000
1774,562333,13216,1.652000
1775,562650,13232,1.654000
1776,562967,13200,1.650000
1777,563283,13248,1.656000
1778,563601,13312,1.664000
1779,563917,13312,1.664000
1780,564234,13344,1.668000
1781,564551,13312,1.664000
1782,564868,13344,1.668000
1783,565185,13360,1.670000
1784,565502,13344,1.668000
1785,565818,13376,1.672000
1786,566136,13392,1.674000
1787,566452,13408,1.676000
1788,566769,13408,1.676000
1789,567085,13424,1.678000
1790,567403,13408,1.676000
1791,567720,13408,1.676000
1792,568036,13376,1.672000
1793,568353,13344,1.668000
1794,568670,13392,1.674000
1795,568987,13408,1.676000
1796,569304,13408,1.676000
1797,569621,13472,1.684000
1798,569937,13408,1.676000
1799,570254,13568,1.696000
1800,570572,13568,1.696000
1801,570888,13568,1.696000
1802,571205,13584,1.698000
1803,571522,13440,1.680000
1804,571838,13536,1.692000
1805,572156,13536,1.692000
1806,572472,13504,1.688000
1807,572789,13520,1.690000
1808,573107,13440,1.680000
1809,573423,13472,1.684000
1810,573740,13472,1.684000
1811,574057,13392,1.674000
1812,574374,13408,1.676000
1813,574691,13440,1.680000
1814,575007,13424,1.678000
1815,575324,13424,1.678000
1816,575641,13376,1.672000
1817,575958,13392,1.674000
1818,576275,13392,1.674000
1819,576592,13408,1.676000
1820,576909,13360,1.670000
1821,577226,13392,1.674000
1822,577542,13392,1.674000
1823,577859,13408,1.676000
1824,578176,13408,1.676000
1825,578493,13360,1.670000
1826,578810,13088,1.636000
1827,579126,13248,1.656000
1828,579444,13232,1.654000
1829,579761,13248,1.656000
1830,580077,13248,1.656000
1831,580394,13296,1.662000
1832,580711,13248,1.656000
1833,581027,13344,1.668000
1834,581345,13328,1.666000
1835,581661,13328,1.666000
1836,581978,13376,1.672000
1837,582295,13424,1.678000
1838,582612,13360,1.670000
1839,582929,13632,1.704000
1840,583246,13408,1.676000
1841,583562,13376,1.672000
1842,583880,13376,1.672000
1843,584197,13424,1.678000
1844,584513,13376,1.672000
1845,584830,13392,1.674000
1846,585147,13392,1.674000
1847,585464,13344,1.668000
1848,585781,13392,1.674000
1849,586097,13440,1.680000
1850,586415,13456,1.682000
1851,586731,13488,1.686000
1852,587048,13616,1.702000
1853,587365,13616,1.702000
1854,587685,13584,1.698000
1855,587999,13568,1.696000
1856,588316,13568,1.696000
1857,588632,13552,1.694000
1858,588950,13520,1.690000
1859,589267,13504,1.688000
1860,589583,13504,1.688000
1861,589900,13504,1.688000
1862,590217,13488,1.686000
1863,590534,13424,1.678000
1864,590851,13408,1.676000
1865,591167,13456,1.682000
1866,591484,13376,1.672000
1867,591801,13488,1.686000
1868,592118,13392,1.674000
1869,592435,13376,1.672000
1870,592752,13408,1.676000
1871,593068,13440,1.680000
1872,593385,13392,1.674000
1873,593702,13456,1.682000
1874,594019,13392,1.674000
1875,594335,13376,1.672000
1876,594653,13328,1.666000
1877,594970,13392,1.674000
1878,595287,13232,1.654000
1879,595603,13200,1.650000
1880,595921,13216,1.652000
1881,596237,13248,1.656000
1882,596554,13136,1.642000
1883,596871,13264,1.658000
1884,597188,13248,1.656000
1885,597505,13312,1.664000
1886,597822,13312,1.664000
1887,598138,13344,1.668000
1888,598455,13328,1.666000
1889,598772,13408,1.676000
1890,599088,13360,1.670000
1891,599406,13280,1.660000
1892,599723,13456,1.682000
1893,600039,13424,1.678000
1894,600356,13360,1.670000
1895,600673,13424,1.678000
1896,600990,13408,1.676000
1897,601307,13360,1.670000
1898,601624,13408,1.676000
1899,601940,13392,1.674000
1900,602258,13424,1.678000
1901,602574,13408,1.676000
1902,602891,13440,1.680000
1903,603208,13440,1.680000
1904,603525,13616,1.702000
1905,603842,13568,1.696000
1906,604159,13616,1.702000
1907,604476,13536,1.692000
1908,604792,13616,1.702000
1909,605109,13584,1.698000
1910,605426,13680,1.710000
1911,605743,13552,1.694000
1912,606059,13520,1.690000
1913,606377,13504,1.688000
1914,606694,13456,1.682000
1915,607010,13472,1.684000
1916,607327,13456,1.682000
1917,607644,13488,1.686000
1918,607961,13408,1.676000
1919,608278,13440,1.680000
1920,608594,13376,1.672000
1921,608912,13360,1.670000
1922,609228,13344,1.668000
1923,609545,13440,1.680000
1924,609862,13376,1.672000
1925,610179,13392,1.674000
1926,610496,13392,1.674000
1927,610813,13408,1.676000
1928,611130,13408,1.676000
1929,611446,13408,1.676000
1930,611763,13296,1.662000
1931,612080,13216,1.652000
1932,612397,13248,1.656000
1933,612714,13232,1.654000
1934,613031,13200,1.650000
1935,613348,13280,1.660000
1936,613664,13280,1.660000
1937,613981,13264,1.658000
1938,614298,13312,1.664000
1939,614615,13376,1.672000
1940,614932,13360,1.670000
1941,615249,13376,1.672000
1942,615566,13360,1.670000
1943,615882,13408,1.676000
1944,616199,13440,1.680000
1945,616516,13392,1.674000
1946,616833,13376,1.672000
1947,617150,13392,1.674000
1948,617466,13360,1.670000
1949,617783,13392,1.674000
1950,618100,13376,1.672000
1951,618417,13424,1.678000
1952,618734,13440,1.680000
1953,619051,13424,1.678000
1954,619368,13408,1.676000
1955,619686,13456,1.682000
1956,620001,13408,1.676000
1957,620318,13584,1.698000
1958,620635,13568,1.696000
1959,620953,13584,1.698000
1960,621268,13616,1.702000
1961,621586,13520,1.690000
1962,621903,13488,1.686000
1963,622220,13520,1.690000
1964,622536,13520,1.690000
1965,622853,13488,1.686000
1966,623171,13488,1.686000
1967,623487,13440,1.680000
1968,623804,13472,1.684000
1969,624121,13456,1.682000
1970,624437,13392,1.674000
1971,624754,13392,1.674000
1972,625072,13488,1.686000
1973,625389,13472,1.684000
1974,625705,13408,1.676000
1975,626022,13328,1.666000
1976,626339,13376,1.672000
1977,626656,13392,1.674000
1978,626972,13344,1.668000
1979,627290,13344,1.668000
1980,627606,13408,1.676000
1981,627923,13408,1.676000
1982,628240,13408,1.676000
1983,628557,13280,1.660000
1984,628873,13280,1.660000
1985,629190,13216,1.652000
1986,629507,13200,1.650000
1987,629824,13200,1.650000
1988,630141,13264,1.658000
1989,630458,13280,1.660000
1990,630774,13264,1.658000
1991,631092,13280,1.660000
1992,631409,13360,1.670000
1993,631725,13376,1.672000
1994,632042,13392,1.674000
1995,632359,13376,1.672000
1996,632676,13408,1.676000
1997,632993,13408,1.676000
1998,633310,13376,1.672000
1999,633627,13376,1.672000
2000,633943,13440,1.680000
2001,634260,13376,1.672000
2002,634577,13392,1.674000
2003,634894,13408,1.676000
2004,635211,13392,1.674000
2005,635527,13408,1.676000
2006,635845,13424,1.678000
2007,636161,13408,1.676000
2008,636479,13456,1.682000
2009,636795,13504,1.688000
2010,637112,13600,1.700000
2011,637429,13568,1.696000
2012,637745,13600,1.700000
2013,638063,13536,1.692000
2014,638380,13536,1.692000
2015,638696,13568,1.696000
2016,639013,13568,1.696000
2017,639330,13504,1.688000
2018,639647,13536,1.692000
2019,639964,13440,1.680000
2020,640281,13440,1.680000
2021,640597,13440,1.680000
2022,640915,13424,1.678000
2023,641232,13456,1.682000
2024,641548,13392,1.674000
2025,641865,13456,1.682000
2026,642182,13408,1.676000
2027,642499,13408,1.676000
2028,642815,13408,1.676000
2029,643133,13376,1.672000
2030,643449,13392,1.674000
2031,643766,13424,1.678000
2032,644083,13440,1.680000
2033,644400,13376,1.672000
2034,644717,13424,1.678000
2035,645033,13392,1.674000
2036,645351,13200,1.650000
2037,645667,13280,1.660000
2038,645984,13184,1.648000
2039,646301,13264,1.658000
2040,646618,13264,1.658000
2041,646934,13232,1.654000
2042,647251,13296,1.662000
2043,647569,13328,1.666000
2044,647885,13280,1.660000
2045,648203,13312,1.664000
2046,648519,13328,1.666000
2047,648836,13408,1.676000
2048,649152,13392,1.674000
2049,649470,13424,1.678000
2050,649787,13360,1.670000
2051,650103,13440,1.680000
2052,650421,13440,1.680000
2053,650737,13456,1.682000
2054,651053,13392,1.674000
2055,651371,13440,1.680000
2056,651688,13456,1.682000
2057,652004,13456,1.682000
2058,652322,13408,1.676000
2059,652638,13408,1.676000
2060,652955,13424,1.678000
2061,653272,13392,1.674000
2062,653588,13600,1.700000
2063,653906,13616,1.702000
2064,654223,13600,1.700000
2065,654539,13536,1.692000
2066,654856,13552,1.694000
2067,655172,13536,1.692000
2068,655490,13536,1.692000
2069,655807,13536,1.692000
2070,656124,13552,1.694000
2071,656441,13520,1.690000
2072,656757,13488,1.686000
2073,657074,13360,1.670000
2074,657391,13312,1.664000
2075,657708,13392,1.674000
2076,658025,13408,1.676000
2077,658342,13376,1.672000
2078,658658,13360,1.670000
2079,658975,13408,1.676000
2080,659293,13392,1.674000
2081,659609,13408,1.676000
2082,659926,13392,1.674000
2083,660243,13440,1.680000
2084,660560,13456,1.682000
2085,660877,13424,1.678000
2086,661194,13392,1.674000
2087,661510,13408,1.676000
2088,661827,13280,1.660000
2089,662144,13264,1.658000
2090,662461,13184,1.648000
2091,662778,13248,1.656000
2092,663094,13296,1.662000
2093,663411,13232,1.654000
2094,663728,13104,1.638000
2095,664045,13296,1.662000
2096,664361,13328,1.666000
2097,664679,13296,1.662000
2098,664996,13344,1.668000
2099,665313,13344,1.668000
2100,665629,13408,1.676000
2101,665946,13424,1.678000
2102,666263,13392,1.674000
2103,666580,13456,1.682000
2104,666897,13424,1.678000
2105,667214,13408,1.676000
2106,667531,13424,1.678000
2107,667848,13648,1.706000
2108,668164,13392,1.674000
2109,668481,13440,1.680000
2110,668798,13408,1.676000
2111,669115,13456,1.682000
2112,669432,13408,1.676000
2113,669748,13472,1.684000
2114,670066,13536,1.692000
2115,670383,13568,1.696000
2116,670699,13616,1.702000
2117,671016,13552,1.694000
2118,671333,13600,1.700000
2119,671650,13552,1.694000
2120,671967,13408,1.676000
2121,672284,13552,1.694000
2122,672601,13520,1.690000
2123,672917,13504,1.688000
2124,673234,13488,1.686000
2125,673551,13472,1.684000
2126,673868,13424,1.678000
2127,674185,13440,1.680000
2128,674501,13344,1.668000
2129,674818,13328,1.666000
2130,675136,13376,1.672000
2131,675452,13408,1.676000
2132,675769,13360,1.670000
2133,676085,13408,1.676000
2134,676403,13344,1.668000
2135,676720,13376,1.672000
2136,677036,13504,1.688000
2137,677353,13456,1.682000
2138,677670,13424,1.678000
2139,677987,13376,1.672000
2140,678304,13424,1.678000
2141,678621,13248,1.656000
2142,678937,13248,1.656000
2143,679255,13200,1.650000
2144,679571,13216,1.652000
2145,679888,13232,1.654000
2146,680206,13216,1.652000
2147,680522,13296,1.662000
2148,680839,13344,1.668000
2149,681155,13312,1.664000
2150,681473,13296,1.662000
2151,681789,13392,1.674000
2152,682106,13344,1.668000
2153,682423,13376,1.672000
2154,682740,13408,1.676000
2155,683057,13360,1.670000
2156,683374,13408,1.676000
2157,683691,13440,1.680000
2158,684007,13360,1.670000
2159,684325,13408,1.676000
2160,684641,13456,1.682000
2161,684958,13440,1.680000
2162,685275,13376,1.672000
2163,685592,13392,1.674000
2164,685909,13392,1.674000
2165,686226,13360,1.670000
2166,686542,13408,1.676000
2167,686859,13600,1.700000
2168,687176,13600,1.700000
2169,687493,13632,1.704000
2170,687810,13520,1.690000
2171,688126,13584,1.698000
2172,688444,13760,1.720000
2173,688761,13536,1.692000
2174,689077,13552,1.694000
2175,689394,13472,1.684000
2176,689711,13504,1.688000
2177,690028,13504,1.688000
2178,690345,13568,1.696000
2179,690661,13440,1.680000
2180,690978,13360,1.670000
2181,691295,13376,1.672000
2182,691612,13424,1.678000
2183,691929,13440,1.680000
2184,692246,13360,1.670000
2185,692562,13360,1.670000
2186,692880,13328,1.666000
2187,693197,13424,1.678000
2188,693513,13392,1.674000
2189,693830,13408,1.676000
2190,694147,13408,1.676000
2191,694464,13456,1.682000
2192,694781,13424,1.678000
2193,695097,13328,1.666000
2194,695415,13216,1.652000
2195,695732,13216,1.652000
2196,696048,13264,1.658000
2197,696365,13264,1.658000
2198,696685,13216,1.652000
2199,696999,13248,1.656000
2200,697316,13248,1.656000
2201,697632,13360,1.670000
2202,697950,13296,1.662000
2203,698267,13344,1.668000
2204,698583,13328,1.666000
2205,698900,13392,1.674000
2206,699217,13392,1.674000
2207,699534,13360,1.670000
2208,699851,13360,1.670000
2209,700167,13408,1.676000
2210,700484,13408,1.676000
2211,700801,13360,1.670000
2212,701118,13424,1.678000
2213,701435,13440,1.680000
2214,701751,13408,1.676000
2215,702069,13392,1.674000
2216,702386,13392,1.674000
2217,702702,13392,1.674000
2218,703019,13392,1.674000
2219,703336,13408,1.676000
2220,703653,13584,1.698000
2221,703970,13536,1.692000
2222,704287,13568,1.696000
2223,704603,13584,1.698000
2224,704921,13504,1.688000
2225,705237,13584,1.698000
2226,705554,13584,1.698000
2227,705871,13536,1.692000
2228,706188,13504,1.688000
2229,706505,13456,1.682000
2230,706822,13440,1.680000
2231,707138,13456,1.682000
2232,707455,13408,1.676000
2233,707772,13440,1.680000
2234,708089,13392,1.674000
2235,708406,13360,1.670000
2236,708722,13504,1.688000
2237,709040,13392,1.674000
2238,709356,13360,1.670000
2239,709673,13392,1.674000
2240,709990,13424,1.678000
2241,710307,13440,1.680000
2242,710624,13408,1.676000
2243,710941,13360,1.670000
2244,711257,13344,1.668000
2245,711574,13360,1.670000
2246,711891,13216,1.652000
2247,712208,13200,1.650000
2248,712525,13216,1.652000
2249,712842,13216,1.652000
2250,713159,13280,1.660000
2251,713476,13232,1.654000
2252,713792,13264,1.658000
2253,714109,13280,1.660000
2254,714426,13296,1.662000
2255,714743,13312,1.664000
2256,715060,13392,1.674000
2257,715377,13344,1.668000
2258,715694,13376,1.672000
2259,716010,13440,1.680000
2260,716327,13376,1.672000
2261,716644,13408,1.676000
2262,716960,13344,1.668000
2263,717278,13424,1.678000
2264,717595,13408,1.676000
2265,717912,13344,1.668000
2266,718228,13408,1.676000
2267,718545,13376,1.672000
2268,718862,13392,1.674000
2269,719179,13424,1.678000
2270,719496,13392,1.674000
2271,719813,13408,1.676000
2272,720130,13536,1.692000
2273,720446,13648,1.706000
2274,720763,13536,1.692000
2275,721080,13568,1.696000
2276,721397,13520,1.690000
2277,721714,13568,1.696000
2278,722031,13552,1.694000
2279,722348,13520,1.690000
2280,722665,13520,1.690000
2281,722981,13536,1.692000
2282,723298,13424,1.678000
2283,723615,13472,1.684000
2284,723932,13424,1.678000
2285,724249,13456,1.682000
2286,724566,13456,1.682000
2287,724882,13408,1.676000
2288,725199,13424,1.678000
2289,725517,13424,1.678000
2290,725833,13424,1.678000
2291,726150,13408,1.676000
2292,726467,13408,1.676000
2293,726784,13360,1.670000
2294,727101,13472,1.684000
2295,727417,13440,1.680000
2296,727734,13392,1.674000
2297,728051,13392,1.674000
2298,728368,13392,1.674000
2299,728685,13264,1.658000
2300,729002,13248,1.656000
2301,729319,13216,1.652000
2302,729635,13280,1.660000
2303,729952,13248,1.656000
2304,730270,13232,1.654000
2305,730586,13264,1.658000
2306,730903,13264,1.658000
2307,731220,13312,1.664000
2308,731537,13328,1.666000
2309,731853,13344,1.668000
2310,732171,13344,1.668000
2311,732488,13376,1.672000
2312,732804,13424,1.678000
2313,733121,13408,1.676000
2314,733438,13440,1.680000
2315,733754,13392,1.674000
2316,734072,13424,1.678000
2317,734388,13424,1.678000
2318,734705,13408,1.676000
2319,735022,13440,1.680000
2320,735339,13376,1.672000
2321,735656,13424,1.678000
2322,735972,13392,1.674000
2323,736289,13392,1.674000
2324,736606,13376,1.672000
2325,736923,13600,1.700000
2326,737240,13584,1.698000
2327,737557,13632,1.704000
2328,737873,13520,1.690000
2329,738191,13584,1.698000
2330,738508,13568,1.696000
2331,738824,13504,1.688000
2332,739141,13536,1.692000
2333,739458,13536,1.692000
2334,739775,13440,1.680000
2335,740092,13440,1.680000
2336,740409,13408,1.676000
2337,740725,13440,1.680000
2338,741042,13408,1.676000
2339,741359,13376,1.672000
2340,741675,13376,1.672000
2341,741993,13456,1.682000
2342,742310,13408,1.676000
2343,742627,13376,1.672000
2344,742943,13440,1.680000
2345,743261,13472,1.684000
2346,743577,13424,1.678000
2347,743894,13440,1.680000
2348,744211,13376,1.672000
2349,744528,13408,1.676000
2350,744844,13408,1.676000
2351,745162,13264,1.658000
2352,745478,13200,1.650000
2353,745796,13216,1.652000
2354,746112,13184,1.648000
2355,746429,13264,1.658000
2356,746746,13232,1.654000
2357,747063,13264,1.658000
2358,747380,13296,1.662000
2359,747696,13296,1.662000
2360,748014,13312,1.664000
2361,748331,13296,1.662000
2362,748647,13360,1.670000
2363,748964,13392,1.674000
2364,749281,13376,1.672000
2365,749598,13408,1.676000
2366,749915,13472,1.684000
2367,750231,13424,1.678000
2368,750548,13424,1.678000
2369,750864,13408,1.676000
2370,751182,13392,1.674000
2371,751498,13392,1.674000
2372,751816,13424,1.678000
2373,752132,13376,1.672000
2374,752450,13424,1.678000
2375,752766,13424,1.678000
2376,753083,13424,1.678000
2377,753400,13440,1.680000
2378,753717,13600,1.700000
2379,754033,13568,1.696000
2380,754350,13664,1.708000
2381,754667,13488,1.686000
2382,754984,13632,1.704000
2383,755302,13520,1.690000
2384,755618,13472,1.684000
2385,755935,13488,1.686000
2386,756252,13728,1.716000
2387,756569,13456,1.682000
2388,756886,13360,1.670000
2389,757203,13392,1.674000
2390,757519,13408,1.676000
2391,757836,13408,1.676000
2392,758153,13392,1.674000
2393,758470,13376,1.672000
2394,758787,13392,1.674000
2395,759103,13344,1.668000
2396,759421,13376,1.672000
2397,759737,13424,1.678000
2398,760054,13424,1.678000
2399,760371,13408,1.676000
2400,760688,13376,1.672000
2401,761005,13424,1.678000
2402,761322,13456,1.682000
2403,761638,13344,1.668000
2404,761955,13248,1.656000
2405,762272,13200,1.650000
2406,762588,13184,1.648000
2407,762906,13216,1.652000
2408,763223,13296,1.662000
2409,763540,13248,1.656000
2410,763857,13280,1.660000
2411,764173,13264,1.658000
2412,764490,13264,1.658000
2413,764807,13328,1.666000
2414,765123,13360,1.670000
2415,765441,13360,1.670000
2416,765757,13424,1.678000
2417,766075,13408,1.676000
2418,766391,13440,1.680000
2419,766708,13392,1.674000
2420,767025,13376,1.672000
2421,767342,13408,1.676000
2422,767659,13360,1.670000
2423,767975,13392,1.674000
2424,768293,13360,1.670000
2425,768609,13408,1.676000
2426,768926,13360,1.670000
2427,769243,13392,1.674000
2428,769560,13392,1.674000
2429,769877,13408,1.676000
2430,770194,13536,1.692000
2431,770511,13616,1.702000
2432,770827,13616,1.702000
2433,771144,13504,1.688000
2434,771461,13536,1.692000
2435,771778,13520,1.690000
2436,772094,13504,1.688000
2437,772412,13504,1.688000
2438,772728,13392,1.674000
2439,773046,13520,1.690000
2440,773363,13392,1.674000
2441,773679,13424,1.678000
2442,773996,13424,1.678000
2443,774313,13344,1.668000
2444,774630,13232,1.654000
2445,774946,13376,1.672000
2446,775263,13392,1.674000
2447,775580,13408,1.676000
2448,775897,13376,1.672000
2449,776214,13408,1.676000
2450,776531,13456,1.682000
2451,776848,13456,1.682000
2452,777165,13408,1.676000
2453,777482,13376,1.672000
2454,777798,13328,1.666000
2455,778115,13408,1.676000
2456,778432,13312,1.664000
2457,778749,13392,1.674000
2458,779066,13216,1.652000
2459,779383,13200,1.650000
2460,779700,13248,1.656000
2461,780016,13280,1.660000
2462,780333,13296,1.662000
2463,780650,13280,1.660000
2464,780967,13248,1.656000
2465,781283,13280,1.660000
2466,781601,13344,1.668000
2467,781917,13376,1.672000
2468,782234,13376,1.672000
2469,782551,13376,1.672000
2470,782868,13408,1.676000
2471,783185,13376,1.672000
2472,783502,13424,1.678000
2473,783819,13408,1.676000
2474,784135,13408,1.676000
2475,784453,13424,1.678000
2476,784769,13392,1.674000
2477,785086,13408,1.676000
2478,785403,13408,1.676000
2479,785720,13344,1.668000
2480,786037,13392,1.674000
2481,786354,13360,1.670000
2482,786670,13408,1.676000
2483,786987,13616,1.702000
2484,787304,13584,1.698000
2485,787621,13568,1.696000
2486,787938,13600,1.700000
2487,788255,13568,1.696000
2488,788572,13552,1.694000
2489,788888,13472,1.684000
2490,789205,13472,1.684000
2491,789522,13536,1.692000
2492,789839,13488,1.686000
2493,790156,13440,1.680000
2494,790472,13440,1.680000
2495,790790,13456,1.682000
2496,791107,13424,1.678000
2497,791423,13360,1.670000
2498,791740,13376,1.672000
2499,792057,13392,1.674000
2500,792374,13376,1.672000
2501,792691,13392,1.674000
2502,793007,13360,1.670000
2503,793324,13408,1.676000
2504,793642,13344,1.668000
2505,793958,13424,1.678000
2506,794275,13424,1.678000
2507,794592,13440,1.680000
2508,794909,13392,1.674000
2509,795226,13280,1.660000
2510,795542,13216,1.652000
2511,795859,13216,1.652000
2512,796176,13232,1.654000
2513,796493,13216,1.652000
2514,796810,13248,1.656000
2515,797127,13248,1.656000
2516,797444,13264,1.658000
2517,797760,13280,1.660000
2518,798077,13344,1.668000
2519,798394,13376,1.672000
2520,798710,13392,1.674000
2521,799028,13408,1.676000
2522,799345,13408,1.676000
2523,799662,13344,1.668000
2524,799978,13344,1.668000
2525,800296,13424,1.678000
2526,800612,13424,1.678000
2527,800929,13424,1.678000
2528,801246,13424,1.678000
2529,801563,13440,1.680000
2530,801879,13392,1.674000
2531,802196,13424,1.678000
2532,802513,13424,1.678000
2533,802830,13408,1.676000
2534,803147,13392,1.674000
2535,803464,13472,1.684000
2536,803780,13584,1.698000
2537,804098,13552,1.694000
2538,804415,13600,1.700000
2539,804731,13600,1.700000
2540,805048,13552,1.694000
2541,805365,13600,1.700000
2542,805685,13536,1.692000
2543,805999,13504,1.688000
2544,806316,13504,1.688000
2545,806632,13472,1.684000
2546,806950,13456,1.682000
2547,807267,13424,1.678000
2548,807583,13424,1.678000
2549,807900,13408,1.676000
2550,808217,13424,1.678000
2551,808534,13344,1.668000
2552,808851,13408,1.676000
2553,809167,13408,1.676000
2554,809484,13344,1.668000
2555,809802,13392,1.674000
2556,810118,13472,1.684000
2557,810435,13392,1.674000
2558,810752,13408,1.676000
2559,811069,13440,1.680000
2560,811386,13376,1.672000
2561,811702,13408,1.676000
2562,812019,13248,1.656000
2563,812336,13248,1.656000
2564,812653,13200,1.650000
2565,812970,13296,1.662000
2566,813287,13248,1.656000
2567,813604,13248,1.656000
2568,813920,13296,1.662000
2569,814237,13248,1.656000
2570,814554,13280,1.660000
2571,814870,13328,1.666000
2572,815188,13376,1.672000
2573,815505,13360,1.670000
2574,815822,13440,1.680000
2575,816138,13392,1.674000
2576,816455,13392,1.674000
2577,816772,13392,1.674000
2578,817089,13360,1.670000
2579,817406,13408,1.676000
2580,817723,13424,1.678000
2581,818040,13408,1.676000
2582,818357,13376,1.672000
2583,818673,13392,1.674000
2584,818990,13440,1.680000
2585,819307,13376,1.672000
2586,819624,13408,1.676000
2587,819941,13392,1.674000
2588,820258,13600,1.700000
2589,820574,13568,1.696000
2590,820891,13552,1.694000
2591,821208,13616,1.702000
2592,821525,13568,1.696000
2593,821842,13584,1.698000
2594,822159,13552,1.694000
2595,822476,13552,1.694000
2596,822792,13504,1.688000
2597,823109,13488,1.686000
2598,823426,13520,1.690000
2599,823743,13440,1.680000
2600,824060,13440,1.680000
2601,824377,13392,1.674000
2602,824694,13376,1.672000
2603,825010,13424,1.678000
2604,825327,13408,1.676000
2605,825644,13456,1.682000
2606,825960,13360,1.670000
2607,826278,13376,1.672000
2608,826595,13408,1.676000
2609,826912,13376,1.672000
2610,827229,13392,1.674000
2611,827545,13280,1.660000
2612,827862,13456,1.682000
2613,828179,13424,1.678000
2614,828496,13280,1.660000
2615,828813,13184,1.648000
2616,829130,13200,1.650000
2617,829446,13200,1.650000
2618,829764,13248,1.656000
2619,830080,13264,1.658000
2620,830397,13264,1.658000
2621,830714,13280,1.660000
2622,831031,13328,1.666000
2623,831348,13296,1.662000
2624,831665,13360,1.670000
2625,831981,13360,1.670000
2626,832298,13408,1.676000
2627,832615,13424,1.678000
2628,832932,13344,1.668000
2629,833249,13392,1.674000
2630,833566,13408,1.676000
2631,833882,13424,1.678000
2632,834199,13440,1.680000
2633,834517,13424,1.678000
2634,834833,13376,1.672000
2635,835150,13440,1.680000
2636,835467,13376,1.672000
2637,835784,13376,1.672000
2638,836101,13360,1.670000
2639,836417,13408,1.676000
2640,836734,13424,1.678000
2641,837051,13600,1.700000
2642,837368,13568,1.696000
2643,837685,13616,1.702000
2644,838002,13552,1.694000
2645,838319,13504,1.688000
2646,838636,13536,1.692000
2647,838952,13536,1.692000
2648,839269,13712,1.714000
2649,839586,13488,1.686000
2650,839903,13472,1.684000
2651,840220,13488,1.686000
2652,840537,13408,1.676000
2653,840854,13472,1.684000
2654,841170,13488,1.686000
2655,841487,13488,1.686000
2656,841804,13392,1.674000
2657,842121,13440,1.680000
2658,842438,13424,1.678000
2659,842754,13408,1.676000
2660,843072,13456,1.682000
2661,843388,13296,1.662000
2662,843705,13408,1.676000
2663,844022,13424,1.678000
2664,844339,13440,1.680000
2665,844656,13424,1.678000
2666,844973,13376,1.672000
2667,845290,13296,1.662000
2668,845606,13232,1.654000
2669,845924,13040,1.630000
2670,846241,13200,1.650000
2671,846557,13280,1.660000
2672,846874,13232,1.654000
2673,847191,13248,1.656000
2674,847508,13264,1.658000
2675,847824,13296,1.662000
2676,848142,13248,1.656000
2677,848458,13312,1.664000
2678,848775,13328,1.666000
2679,849092,13408,1.676000
2680,849409,13408,1.676000
2681,849725,13440,1.680000
2682,850043,13552,1.694000
2683,850359,13376,1.672000
2684,850676,13392,1.674000
2685,850993,13440,1.680000
2686,851310,13360,1.670000
2687,851627,13392,1.674000
2688,851944,13376,1.672000
2689,852261,13392,1.674000
2690,852577,13504,1.688000
2691,852894,13424,1.678000
2692,853211,13392,1.674000
2693,853527,13488,1.686000
2694,853845,13632,1.704000
2695,854161,13552,1.694000
2696,854479,13536,1.692000
2697,854796,13520,1.690000
2698,855112,13584,1.698000
2699,855429,13520,1.690000
2700,855746,13520,1.690000
2701,856063,13504,1.688000
2702,856379,13488,1.686000
2703,856697,13424,1.678000
2704,857014,13472,1.684000
2705,857330,13392,1.674000
2706,857647,13376,1.672000
2707,857964,13408,1.676000
2708,858281,13376,1.672000
2709,858598,13360,1.670000
2710,858915,13376,1.672000
2711,859232,13424,1.678000
2712,859548,13392,1.674000
2713,859865,13376,1.672000
2714,860182,13472,1.684000
2715,860499,13360,1.670000
2716,860816,13456,1.682000
2717,861132,13440,1.680000
2718,861450,13408,1.676000
2719,861766,13296,1.662000
2720,862084,13232,1.654000
2721,862400,13216,1.652000
2722,862717,13184,1.648000
2723,863033,13248,1.656000
2724,863351,13296,1.662000
2725,863668,13248,1.656000
2726,863984,13312,1.664000
2727,864301,13328,1.666000
2728,864618,13312,1.664000
2729,864935,13360,1.670000
2730,865251,13376,1.672000
2731,865569,13408,1.676000
2732,865886,13408,1.676000
2733,866203,13376,1.672000
2734,866519,13392,1.674000
2735,866836,13376,1.672000
2736,867153,13376,1.672000
2737,867470,13456,1.682000
2738,867787,13456,1.682000
2739,868104,13376,1.672000
2740,868420,13440,1.680000
2741,868738,13376,1.672000
2742,869054,13392,1.674000
2743,869371,13408,1.676000
2744,869688,13408,1.676000
2745,870005,13376,1.672000
2746,870322,13600,1.700000
2747,870638,13632,1.704000
2748,870956,13584,1.698000
2749,871272,13600,1.700000
2750,871589,13568,1.696000
2751,871906,13584,1.698000
2752,872223,13568,1.696000
2753,872539,13456,1.682000
2754,872856,13504,1.688000
2755,873173,13472,1.684000
2756,873490,13424,1.678000
2757,873807,13456,1.682000
2758,874123,13424,1.678000
2759,874441,13456,1.682000
2760,874758,13376,1.672000
2761,875074,13344,1.668000
2762,875391,13392,1.674000
2763,875708,13440,1.680000
2764,876025,13392,1.674000
2765,876342,13392,1.674000
2766,876659,13408,1.676000
2767,876976,13392,1.674000
2768,877293,13360,1.670000
2769,877609,13408,1.676000
2770,877926,13424,1.678000
2771,878243,13424,1.678000
2772,878560,13216,1.652000
2773,878877,13312,1.664000
2774,879194,13184,1.648000
2775,879510,13184,1.648000
2776,879828,13280,1.660000
2777,880144,13312,1.664000
2778,880461,13264,1.658000
2779,880778,13232,1.654000
2780,881095,13312,1.664000
2781,881412,13312,1.664000
2782,881728,13344,1.668000
2783,882046,13392,1.674000
2784,882362,13376,1.672000
2785,882679,13408,1.676000
2786,882996,13392,1.674000
2787,883313,13360,1.670000
2788,883630,13408,1.676000
2789,883946,13360,1.670000
2790,884263,13424,1.678000
2791,884580,13344,1.668000
2792,884897,13376,1.672000
2793,885214,13472,1.684000
2794,885531,13408,1.676000
2795,885848,13424,1.678000
2796,886165,13376,1.672000
2797,886482,13424,1.678000
2798,886798,13472,1.684000
2799,887115,13600,1.700000
2800,887432,13600,1.700000
2801,887749,13632,1.704000
2802,888066,13584,1.698000
2803,888383,13584,1.698000
2804,888700,13552,1.694000
2805,889016,13568,1.696000
2806,889333,13552,1.694000
2807,889650,13488,1.686000
2808,889967,13472,1.684000
2809,890284,13504,1.688000
2810,890601,13408,1.676000
2811,890917,13488,1.686000
2812,891234,13424,1.678000
2813,891551,13408,1.676000
2814,891868,13376,1.672000
2815,892185,13408,1.676000
2816,892502,13344,1.668000
2817,892819,13392,1.674000
2818,893136,13440,1.680000
2819,893452,13408,1.676000
2820,893769,13376,1.672000
2821,894086,13408,1.676000
2822,894403,13344,1.668000
2823,894720,13392,1.674000
2824,895037,13360,1.670000
2825,895354,13200,1.650000
2826,895670,13184,1.648000
2827,895987,13168,1.646000
2828,896304,13280,1.660000
2829,896621,13280,1.660000
2830,896938,13232,1.654000
2831,897255,13248,1.656000
2832,897571,13216,1.652000
2833,897889,13312,1.664000
2834,898205,13344,1.668000
2835,898522,13280,1.660000
2836,898839,13328,1.666000
2837,899156,13360,1.670000
2838,899472,13424,1.678000
2839,899790,13472,1.684000
2840,900107,13424,1.678000
2841,900423,13360,1.670000
2842,900741,13376,1.672000
2843,901057,13376,1.672000
2844,901374,13440,1.680000
2845,901691,13440,1.680000
2846,902007,13392,1.674000
2847,902324,13424,1.678000
2848,902641,13408,1.676000
2849,902959,13376,1.672000
2850,903275,13360,1.670000
2851,903592,13600,1.700000
2852,903909,13616,1.702000
2853,904226,13584,1.698000
2854,904542,13600,1.700000
2855,904859,13520,1.690000
2856,905177,13568,1.696000
2857,905493,13536,1.692000
2858,905810,13520,1.690000
2859,906127,13472,1.684000
2860,906444,13504,1.688000
2861,906760,13456,1.682000
2862,907078,13472,1.684000
2863,907394,13424,1.678000
2864,907711,13360,1.670000
2865,908028,13392,1.674000
2866,908345,13408,1.676000
2867,908662,13376,1.672000
2868,908979,13408,1.676000
2869,909296,13360,1.670000
2870,909612,13392,1.674000
2871,909929,13456,1.682000
2872,910246,13392,1.674000
2873,910563,13328,1.666000
2874,910879,13440,1.680000
2875,911197,13440,1.680000
2876,911514,13376,1.672000
2877,911830,13248,1.656000
2878,912147,13200,1.650000
2879,912463,13264,1.658000
2880,912781,13248,1.656000
2881,913097,13200,1.650000
2882,913415,13216,1.652000
2883,913731,13264,1.658000
2884,914048,13264,1.658000
2885,914365,13312,1.664000
2886,914685,13568,1.696000
2887,914999,13312,1.664000
2888,915316,13392,1.674000
2889,915633,13408,1.676000
2890,915949,13408,1.676000
2891,916266,13424,1.678000
2892,916583,13472,1.684000
2893,916900,13392,1.674000
2894,917216,13376,1.672000
2895,917534,13392,1.674000
2896,917851,13392,1.674000
2897,918167,13408,1.676000
2898,918484,13424,1.678000
2899,918802,13424,1.678000
2900,919118,13408,1.676000
2901,919435,13392,1.674000
2902,919752,13424,1.678000
2903,920069,13488,1.686000
2904,920386,13600,1.700000
2905,920702,13552,1.694000
2906,921019,13568,1.696000
2907,921336,13600,1.700000
2908,921653,13584,1.698000
2909,921970,13568,1.696000
2910,922286,13536,1.692000
2911,922604,13552,1.694000
2912,922920,13536,1.692000
2913,923237,13440,1.680000
2914,923554,13456,1.682000
2915,923871,13424,1.678000
2916,924188,13424,1.678000
2917,924504,13424,1.678000
2918,924822,13408,1.676000
2919,925139,13472,1.684000
2920,925455,13360,1.670000
2921,925772,13392,1.674000
2922,926089,13344,1.668000
2923,926406,13408,1.676000
2924,926723,13392,1.674000
2925,927039,13360,1.670000
2926,927356,13392,1.674000
2927,927674,13440,1.680000
2928,927990,13408,1.676000
2929,928307,13280,1.660000
2930,928624,13200,1.650000
2931,928941,13136,1.642000
2932,929258,13232,1.654000
2933,929574,13184,1.648000
2934,929891,13248,1.656000
2935,930208,13344,1.668000
2936,930525,13264,1.658000
2937,930842,13296,1.662000
2938,931159,13280,1.660000
2939,931476,13312,1.664000
2940,931793,13328,1.666000
2941,932109,13376,1.672000
2942,932426,13424,1.678000
2943,932743,13408,1.676000
2944,933060,13360,1.670000
2945,933377,13408,1.676000
2946,933694,13392,1.674000
2947,934010,13424,1.678000
2948,934327,13344,1.668000
2949,934644,13408,1.676000
2950,934961,13584,1.698000
2951,935278,13472,1.684000
2952,935595,13392,1.674000
2953,935912,13408,1.676000
2954,936229,13440,1.680000
2955,936545,13440,1.680000
2956,936862,13520,1.690000
2957,937180,13648,1.706000
2958,937495,13552,1.694000
2959,937813,13520,1.690000
2960,938130,13584,1.698000
2961,938446,13424,1.678000
2962,938764,13536,1.692000
2963,939080,13552,1.694000
2964,939397,13504,1.688000
2965,939714,13424,1.678000
2966,940031,13440,1.680000
2967,940348,13472,1.684000
2968,940665,13504,1.688000
2969,940981,13408,1.676000
2970,941299,13376,1.672000
2971,941615,13424,1.678000
2972,941932,13408,1.676000
2973,942249,13360,1.670000
2974,942566,13440,1.680000
2975,942883,13344,1.668000
2976,943199,13328,1.666000
2977,943517,13392,1.674000
2978,943833,13392,1.674000
2979,944150,13392,1.674000
2980,944467,13424,1.678000
2981,944784,13424,1.678000
2982,945100,13296,1.662000
2983,945418,13216,1.652000
2984,945734,13216,1.652000
2985,946051,13232,1.654000
2986,946368,13264,1.658000
2987,946685,13280,1.660000
2988,947002,13280,1.660000
2989,947319,13248,1.656000
2990,947635,13264,1.658000
2991,947952,13280,1.660000
2992,948270,13328,1.666000
2993,948586,13312,1.664000
2994,948903,13376,1.672000
2995,949220,13392,1.674000
2996,949537,13424,1.678000
2997,949853,13392,1.674000
2998,950171,13424,1.678000
2999,950487,13392,1.674000
3000,950804,13392,1.674000
3001,951121,13456,1.682000
3002,951438,13392,1.674000
3003,951754,13440,1.680000
3004,952072,13408,1.676000
3005,952389,13440,1.680000
3006,952705,13408,1.676000
3007,953022,13424,1.678000
3008,953339,13376,1.672000
3009,953656,13600,1.700000
3010,953973,13648,1.706000
3011,954290,13616,1.702000
3012,954606,13664,1.708000
3013,954923,13536,1.692000
3014,955240,13552,1.694000
3015,955557,13552,1.694000
3016,955873,13520,1.690000
3017,956191,13504,1.688000
3018,956508,13456,1.682000
3019,956824,13552,1.694000
3020,957141,13440,1.680000
3021,957458,13392,1.674000
3022,957775,13424,1.678000
3023,958092,13392,1.674000
3024,958409,13376,1.672000
3025,958725,13376,1.672000
3026,959043,13392,1.674000
3027,959360,13424,1.678000
3028,959676,13488,1.686000
3029,959993,13392,1.674000
3030,960310,13456,1.682000
3031,960627,13424,1.678000
3032,960944,13360,1.670000
3033,961261,13408,1.676000
3034,961577,13456,1.682000
3035,961894,13312,1.664000
3036,962211,13216,1.652000
3037,962528,13232,1.654000
3038,962844,13248,1.656000
3039,963162,13264,1.658000
3040,963478,13280,1.660000
3041,963796,13248,1.656000
3042,964112,13280,1.660000
3043,964429,13296,1.662000
3044,964746,13296,1.662000
3045,965063,13344,1.668000
3046,965380,13360,1.670000
3047,965697,13312,1.664000
3048,966013,13392,1.674000
3049,966330,13392,1.674000
3050,966647,13328,1.666000
3051,966964,13408,1.676000
3052,967281,13408,1.676000
3053,967598,13376,1.672000
3054,967915,13472,1.684000
3055,968232,13424,1.678000
3056,968548,13424,1.678000
3057,968866,13408,1.676000
3058,969182,13360,1.670000
3059,969499,13392,1.674000
3060,969816,13328,1.666000
3061,970133,13520,1.690000
3062,970450,13584,1.698000
3063,970766,13632,1.704000
3064,971083,13600,1.700000
3065,971400,13600,1.700000
3066,971717,13584,1.698000
3067,972034,13568,1.696000
3068,972351,13504,1.688000
3069,972668,13504,1.688000
3070,972984,13472,1.684000
3071,973301,13520,1.690000
3072,973618,13456,1.682000
3073,973935,13408,1.676000
3074,974252,13440,1.680000
3075,974569,13376,1.672000
3076,974885,13424,1.678000
3077,975203,13424,1.678000
3078,975519,13440,1.680000
3079,975836,13408,1.676000
3080,976153,13408,1.676000
3081,976470,13392,1.674000
3082,976786,13456,1.682000
3083,977104,13392,1.674000
3084,977420,13376,1.672000
3085,977737,13424,1.678000
3086,978054,13392,1.674000
3087,978370,13376,1.672000
3088,978688,13216,1.652000
3089,979005,13184,1.648000
3090,979322,13248,1.656000
3091,979638,13264,1.658000
3092,979956,13232,1.654000
3093,980273,13264,1.658000
3094,980589,13296,1.662000
3095,980906,13280,1.660000
3096,981223,13328,1.666000
3097,981540,13312,1.664000
3098,981857,13328,1.666000
3099,982174,13376,1.672000
3100,982490,13360,1.670000
3101,982807,13392,1.674000
3102,983124,13376,1.672000
3103,983441,13376,1.672000
3104,983758,13408,1.676000
3105,984074,13424,1.678000
3106,984391,13392,1.674000
3107,984708,13392,1.674000
3108,985026,13424,1.678000
3109,985342,13424,1.678000
3110,985659,13360,1.670000
3111,985976,13408,1.676000
3112,986293,13376,1.672000
3113,986609,13376,1.672000
3114,986926,13568,1.696000
3115,987243,13568,1.696000
3116,987559,13504,1.688000
3117,987877,13568,1.696000
3118,988194,13520,1.690000
3119,988511,13584,1.698000
3120,988827,13536,1.692000
3121,989145,13520,1.690000
3122,989461,13472,1.684000
3123,989778,13488,1.686000
3124,990095,13472,1.684000
3125,990412,13424,1.678000
3126,990729,13440,1.680000
3127,991045,13408,1.676000
3128,991362,13376,1.672000
3129,991679,13440,1.680000
3130,991996,13424,1.678000
3131,992313,13360,1.670000
3132,992630,13408,1.676000
3133,992947,13424,1.678000
3134,993263,13392,1.674000
3135,993580,13376,1.672000
3136,993897,13392,1.674000
3137,994214,13392,1.674000
3138,994531,13392,1.674000
3139,994848,13376,1.672000
3140,995164,13312,1.664000
3141,995482,13216,1.652000
3142,995798,13280,1.660000
3143,996116,13216,1.652000
3144,996432,13216,1.652000
3145,996749,13264,1.658000
3146,997066,13264,1.658000
3147,997383,13296,1.662000
3148,997699,13296,1.662000
3149,998016,13280,1.660000
3150,998333,13344,1.668000
3151,998650,13408,1.676000
3152,998967,13392,1.674000
3153,999284,13392,1.674000
3154,999601,13232,1.654000
3155,999918,13408,1.676000
