sample,timestamp_us,raw,voltage_V
0,286,14976,1.872000
1,603,14816,1.852000
2,920,14720,1.840000
3,1237,14496,1.812000
4,1554,14176,1.772000
5,1871,14144,1.768000
6,2188,13968,1.746000
7,2504,13664,1.708000
8,2821,13472,1.684000
9,3137,13424,1.678000
10,3455,13376,1.672000
11,3772,13392,1.674000
12,4089,13408,1.676000
13,4405,13360,1.670000
14,4722,13424,1.678000
15,5039,13376,1.672000
16,5356,13408,1.676000
17,5673,13408,1.676000
18,5990,13376,1.672000
19,6307,13312,1.664000
20,6623,13360,1.670000
21,6941,13408,1.676000
22,7258,11520,1.440000
23,7574,11568,1.446000
24,7890,11616,1.452000
25,8208,11696,1.462000
26,8525,11744,1.468000
27,8841,11936,1.492000
28,9159,12016,1.502000
29,9475,12240,1.530000
30,9792,12448,1.556000
31,10108,12576,1.572000
32,10426,12816,1.602000
33,10742,13008,1.626000
34,11060,13296,1.662000
35,11376,13392,1.674000
36,11693,13392,1.674000
37,12010,13408,1.676000
38,12327,13376,1.672000
39,12644,13376,1.672000
40,12961,13376,1.672000
41,13278,13440,1.680000
42,13594,13424,1.678000
43,13911,13392,1.674000
44,14228,13424,1.678000
45,14545,13440,1.680000
46,14862,13376,1.672000
47,15179,13376,1.672000
48,15496,14704,1.838000
49,15812,15248,1.906000
50,16129,15200,1.900000
51,16447,15136,1.892000
52,16763,15040,1.880000
53,17080,14928,1.866000
54,17396,14752,1.844000
55,17713,14544,1.818000
56,18030,14480,1.810000
57,18348,14256,1.782000
58,18664,14048,1.756000
59,18981,13872,1.734000
60,19298,13584,1.698000
61,19615,13472,1.684000
62,19932,13440,1.680000
63,20249,13424,1.678000
64,20565,13392,1.674000
65,20882,13424,1.678000
66,21199,13472,1.684000
67,21516,13360,1.670000
68,21833,13440,1.680000
69,22149,13392,1.674000
70,22466,13360,1.670000
71,22783,13392,1.674000
72,23100,13392,1.674000
73,23417,13408,1.676000
74,23734,12432,1.554000
75,24051,11456,1.432000
76,24367,11536,1.442000
77,24687,11664,1.458000
78,25001,11744,1.468000
79,25318,11856,1.482000
80,25635,12000,1.500000
81,25951,12048,1.506000
82,26269,12272,1.534000
83,26586,12512,1.564000
84,26903,12640,1.580000
85,27220,12912,1.614000
86,27536,13152,1.644000
87,27853,13344,1.668000
88,28170,13440,1.680000
89,28487,13376,1.672000
90,28804,13408,1.676000
91,29121,13408,1.676000
92,29437,13440,1.680000
93,29754,13408,1.676000
94,30071,13392,1.674000
95,30388,13408,1.676000
96,30704,13328,1.666000
97,31022,13408,1.676000
98,31339,13392,1.674000
99,31655,13424,1.678000
100,31972,13360,1.670000
101,32290,15216,1.902000
102,32606,15280,1.910000
103,32923,15200,1.900000
104,33240,15088,1.886000
105,33556,15008,1.876000
106,33874,14832,1.854000
107,34191,14704,1.838000
108,34507,14592,1.824000
109,34824,14368,1.796000
110,35140,14176,1.772000
111,35458,13968,1.746000
112,35774,13712,1.714000
113,36092,13584,1.698000
114,36408,13360,1.670000
115,36725,13392,1.674000
116,37042,13408,1.676000
117,37359,13456,1.682000
118,37676,13376,1.672000
119,37993,13408,1.676000
120,38310,13408,1.676000
121,38626,13360,1.670000
122,38943,13424,1.678000
123,39260,13360,1.670000
124,39577,13392,1.674000
125,39894,13360,1.670000
126,40211,13392,1.674000
127,40527,11648,1.456000
128,40845,11552,1.444000
129,41161,11600,1.450000
130,41478,11712,1.464000
131,41795,11696,1.462000
132,42112,11856,1.482000
133,42428,12016,1.502000
134,42745,12160,1.520000
135,43062,12368,1.546000
136,43379,12576,1.572000
137,43696,12832,1.604000
138,44013,13024,1.628000
139,44330,13168,1.646000
140,44646,13424,1.678000
141,44963,13376,1.672000
142,45281,13424,1.678000
143,45597,13408,1.676000
144,45914,13440,1.680000
145,46231,13408,1.676000
146,46548,13344,1.668000
147,46865,13392,1.674000
148,47181,13360,1.670000
149,47498,13376,1.672000
150,47815,13440,1.680000
151,48132,13424,1.678000
152,48449,13296,1.662000
153,48766,14368,1.796000
154,49083,15248,1.906000
155,49400,15200,1.900000
156,49717,15168,1.896000
157,50033,15008,1.876000
158,50350,14960,1.870000
159,50667,14768,1.846000
160,50984,14656,1.832000
161,51301,14560,1.820000
162,51617,14272,1.784000
163,51934,14112,1.764000
164,52252,13856,1.732000
165,52568,13664,1.708000
166,52885,13440,1.680000
167,53202,13408,1.676000
168,53519,13424,1.678000
169,53835,13408,1.676000
170,54153,13392,1.674000
171,54469,13376,1.672000
172,54786,13392,1.674000
173,55103,13392,1.674000
174,55420,13408,1.676000
175,55737,13376,1.672000
176,56053,13376,1.672000
177,56370,13424,1.678000
178,56688,13408,1.676000
179,57004,13248,1.656000
180,57321,11520,1.440000
181,57638,11552,1.444000
182,57954,11600,1.450000
183,58272,11744,1.468000
184,58589,11760,1.470000
185,58905,11920,1.490000
186,59222,12064,1.508000
187,59539,12272,1.534000
188,59856,12400,1.550000
189,60173,12576,1.572000
190,60490,12832,1.604000
191,60806,13056,1.632000
192,61123,13312,1.664000
193,61440,13392,1.674000
194,61757,13360,1.670000
195,62074,13328,1.666000
196,62391,13360,1.670000
197,62707,13344,1.668000
198,63025,13392,1.674000
199,63342,13376,1.672000
200,63658,13376,1.672000
201,63975,13344,1.668000
202,64292,13296,1.662000
203,64609,13600,1.700000
204,64926,13408,1.676000
205,65243,13376,1.672000
206,65559,15232,1.904000
207,65876,15296,1.912000
208,66193,15232,1.904000
209,66510,15248,1.906000
210,66827,15008,1.876000
211,67144,14848,1.856000
212,67460,14720,1.840000
213,67777,14608,1.826000
214,68095,14416,1.802000
215,68411,14128,1.766000
216,68728,13888,1.736000
217,69045,13776,1.722000
218,69362,13520,1.690000
219,69678,13392,1.674000
220,69995,13424,1.678000
221,70312,13376,1.672000
222,70629,13344,1.668000
223,70946,13376,1.672000
224,71263,13392,1.674000
225,71580,13392,1.674000
226,71897,13392,1.674000
227,72214,13392,1.674000
228,72530,13392,1.674000
229,72847,13504,1.688000
230,73164,13360,1.670000
231,73481,13376,1.672000
232,73798,12432,1.554000
233,74114,11536,1.442000
234,74431,11568,1.446000
235,74748,11616,1.452000
236,75065,11760,1.470000
237,75382,11856,1.482000
238,75698,12016,1.502000
239,76016,12144,1.518000
240,76333,12320,1.540000
241,76649,12528,1.566000
242,76966,12752,1.594000
243,77283,12960,1.620000
244,77600,13136,1.642000
245,77917,13360,1.670000
246,78233,13376,1.672000
247,78551,13376,1.672000
248,78867,13440,1.680000
249,79184,13360,1.670000
250,79501,13344,1.668000
251,79818,13392,1.674000
252,80135,13360,1.670000
253,80451,13344,1.668000
254,80769,13360,1.670000
255,81085,13392,1.674000
256,81402,13392,1.674000
257,81719,13424,1.678000
258,82036,14144,1.768000
259,82353,15232,1.904000
260,82669,15232,1.904000
261,82987,15216,1.902000
262,83303,15088,1.886000
263,83621,14976,1.872000
264,83937,14816,1.852000
265,84255,14800,1.850000
266,84571,14560,1.820000
267,84888,14384,1.798000
268,85205,14096,1.762000
269,85521,13920,1.740000
270,85838,13728,1.716000
271,86155,13376,1.672000
272,86472,13296,1.662000
273,86788,13360,1.670000
274,87106,13408,1.676000
275,87422,13408,1.676000
276,87740,13376,1.672000
277,88056,13392,1.674000
278,88373,13296,1.662000
279,88690,13424,1.678000
280,89007,13424,1.678000
281,89324,13392,1.674000
282,89641,13392,1.674000
283,89957,13392,1.674000
284,90274,13424,1.678000
285,90591,11536,1.442000
286,90908,11552,1.444000
287,91225,11648,1.456000
288,91542,11728,1.466000
289,91858,11744,1.468000
290,92176,11952,1.494000
291,92493,11968,1.496000
292,92809,12256,1.532000
293,93126,12384,1.548000
294,93443,12592,1.574000
295,93760,12832,1.604000
296,94077,13024,1.628000
297,94393,13216,1.652000
298,94710,13392,1.674000
299,95027,13392,1.674000
300,95344,13408,1.676000
301,95661,13360,1.670000
302,95977,13376,1.672000
303,96295,13392,1.674000
304,96612,13424,1.678000
305,96928,13424,1.678000
306,97245,13376,1.672000
307,97562,13344,1.668000
308,97879,13376,1.672000
309,98196,13376,1.672000
310,98513,13360,1.670000
311,98830,14704,1.838000
312,99146,15216,1.902000
313,99463,15232,1.904000
314,99780,15120,1.890000
315,100097,15056,1.882000
316,100414,14928,1.866000
317,100731,14752,1.844000
318,101048,14656,1.832000
319,101365,14496,1.812000
320,101685,14240,1.780000
321,101998,14064,1.758000
322,102315,13808,1.726000
323,102632,13600,1.700000
324,102949,13424,1.678000
325,103266,13392,1.674000
326,103582,13392,1.674000
327,103899,13408,1.676000
328,104216,13408,1.676000
329,104533,13376,1.672000
330,104850,13408,1.676000
331,105167,13408,1.676000
332,105484,13408,1.676000
333,105801,13392,1.674000
334,106118,13392,1.674000
335,106434,13408,1.676000
336,106751,13328,1.666000
337,107068,12480,1.560000
338,107385,11488,1.436000
339,107702,11504,1.438000
340,108019,11648,1.456000
341,108335,11712,1.464000
342,108652,11808,1.476000
343,108969,11904,1.488000
344,109286,12112,1.514000
345,109603,12336,1.542000
346,109919,12496,1.562000
347,110236,12736,1.592000
348,110554,12928,1.616000
349,110870,13152,1.644000
350,111187,13328,1.666000
351,111504,13376,1.672000
352,111821,13408,1.676000
353,112138,13392,1.674000
354,112455,13376,1.672000
355,112771,13408,1.676000
356,113089,13440,1.680000
357,113405,13424,1.678000
358,113722,13376,1.672000
359,114039,13360,1.670000
360,114356,13392,1.674000
361,114673,13408,1.676000
362,114990,13408,1.676000
363,115307,13376,1.672000
364,115623,15280,1.910000
365,115940,15280,1.910000
366,116257,15200,1.900000
367,116574,15072,1.884000
368,116891,14992,1.874000
369,117208,14880,1.860000
370,117525,14768,1.846000
371,117841,14624,1.828000
372,118158,14384,1.798000
373,118475,14128,1.766000
374,118792,14000,1.750000
375,119108,13744,1.718000
376,119426,13520,1.690000
377,119743,13360,1.670000
378,120059,13376,1.672000
379,120376,13392,1.674000
380,120693,13360,1.670000
381,121010,13424,1.678000
382,121327,13392,1.674000
383,121643,13472,1.684000
384,121961,13360,1.670000
385,122277,13440,1.680000
386,122594,13392,1.674000
387,122911,13376,1.672000
388,123228,13376,1.672000
389,123545,13344,1.668000
390,123861,11664,1.458000
391,124179,11536,1.442000
392,124495,11536,1.442000
393,124813,11680,1.460000
394,125129,11760,1.470000
395,125446,11904,1.488000
396,125762,12048,1.506000
397,126080,12144,1.518000
398,126396,12320,1.540000
399,126713,12608,1.576000
400,127030,12752,1.594000
401,127347,12992,1.624000
402,127664,13168,1.646000
403,127981,13344,1.668000
404,128298,13360,1.670000
405,128615,13392,1.674000
406,128931,13424,1.678000
407,129248,13360,1.670000
408,129565,13456,1.682000
409,129882,13360,1.670000
410,130199,13408,1.676000
411,130516,13456,1.682000
412,130832,13392,1.674000
413,131150,13392,1.674000
414,131466,13392,1.674000
415,131783,13440,1.680000
416,132099,14288,1.786000
417,132417,15264,1.908000
418,132734,15232,1.904000
419,133051,15152,1.894000
420,133368,15120,1.890000
421,133686,14960,1.870000
422,134001,14848,1.856000
423,134318,14656,1.832000
424,134635,14416,1.802000
425,134952,14320,1.790000
426,135269,14096,1.762000
427,135585,13904,1.738000
428,135903,13680,1.710000
429,136220,13440,1.680000
430,136536,13424,1.678000
431,136853,13408,1.676000
432,137170,13392,1.674000
433,137487,13392,1.674000
434,137804,13312,1.664000
435,138120,13344,1.668000
436,138437,13408,1.676000
437,138754,13376,1.672000
438,139071,13424,1.678000
439,139388,13408,1.676000
440,139705,13376,1.672000
441,140021,13392,1.674000
442,140338,13264,1.658000
443,140655,11488,1.436000
444,140972,11568,1.446000
445,141289,11600,1.450000
446,141606,11696,1.462000
447,141923,11776,1.472000
448,142240,11936,1.492000
449,142556,12080,1.510000
450,142873,12272,1.534000
451,143190,12448,1.556000
452,143507,12608,1.576000
453,143823,12848,1.606000
454,144141,13040,1.630000
455,144458,13328,1.666000
456,144775,13376,1.672000
457,145091,13392,1.674000
458,145408,13392,1.674000
459,145725,13344,1.668000
460,146042,13392,1.674000
461,146359,13392,1.674000
462,146675,13392,1.674000
463,146993,13392,1.674000
464,147309,13360,1.670000
465,147626,13408,1.676000
466,147943,13360,1.670000
467,148260,13376,1.672000
468,148576,13408,1.676000
469,148894,15264,1.908000
470,149211,15248,1.906000
471,149527,15184,1.898000
472,149844,15104,1.888000
473,150161,14976,1.872000
474,150478,14864,1.858000
475,150795,14720,1.840000
476,151111,14592,1.824000
477,151428,14400,1.800000
478,151745,14224,1.778000
479,152062,14016,1.752000
480,152379,13776,1.722000
481,152696,13584,1.698000
482,153013,13360,1.670000
483,153330,13408,1.676000
484,153646,13552,1.694000
485,153963,13376,1.672000
486,154280,13376,1.672000
487,154597,13440,1.680000
488,154914,13360,1.670000
489,155231,13408,1.676000
490,155548,13584,1.698000
491,155865,13408,1.676000
492,156182,13392,1.674000
493,156498,13376,1.672000
494,156815,13424,1.678000
495,157132,12512,1.564000
496,157449,11536,1.442000
497,157766,11392,1.424000
498,158082,11648,1.456000
499,158400,11744,1.468000
500,158716,11824,1.478000
501,159033,11968,1.496000
502,159350,12128,1.516000
503,159667,12224,1.528000
504,159984,12544,1.568000
505,160301,12720,1.590000
506,160617,12960,1.620000
507,160935,13184,1.648000
508,161251,13328,1.666000
509,161568,13440,1.680000
510,161885,13424,1.678000
511,162202,13344,1.668000
512,162518,13424,1.678000
513,162835,13392,1.674000
514,163152,13392,1.674000
515,163469,13360,1.670000
516,163785,13504,1.688000
517,164103,13376,1.672000
518,164419,13376,1.672000
519,164737,13408,1.676000
520,165053,13376,1.672000
521,165370,14112,1.764000
522,165686,15280,1.910000
523,166004,15216,1.902000
524,166321,15200,1.900000
525,166638,15104,1.888000
526,166954,14928,1.866000
527,167272,14784,1.848000
528,167588,14672,1.834000
529,167905,14544,1.818000
530,168222,14336,1.792000
531,168539,14144,1.768000
532,168856,13904,1.738000
533,169173,13712,1.714000
534,169489,13456,1.682000
535,169806,13360,1.670000
536,170124,13440,1.680000
537,170440,13424,1.678000
538,170757,13392,1.674000
539,171074,13408,1.676000
540,171390,13440,1.680000
541,171707,13408,1.676000
542,172025,13408,1.676000
543,172341,13376,1.672000
544,172658,13408,1.676000
545,172975,13328,1.666000
546,173291,13392,1.674000
547,173609,13424,1.678000
548,173926,11504,1.438000
549,174243,11584,1.448000
550,174559,11600,1.450000
551,174876,11584,1.448000
552,175193,11760,1.470000
553,175510,12016,1.502000
554,175826,12048,1.506000
555,176144,12224,1.528000
556,176460,12400,1.550000
557,176777,12624,1.578000
558,177094,12800,1.600000
559,177410,13088,1.636000
560,177728,13248,1.656000
561,178044,13392,1.674000
562,178361,13456,1.682000
563,178678,13344,1.668000
564,178995,13360,1.670000
565,179312,13376,1.672000
566,179629,13360,1.670000
567,179946,13344,1.668000
568,180263,13328,1.666000
569,180579,13424,1.678000
570,180896,13392,1.674000
571,181213,13408,1.676000
572,181530,13264,1.658000
573,181846,13440,1.680000
574,182164,14736,1.842000
575,182481,15280,1.910000
576,182797,15200,1.900000
577,183115,15184,1.898000
578,183431,15008,1.876000
579,183748,14960,1.870000
580,184065,14752,1.844000
581,184382,14800,1.850000
582,184699,14448,1.806000
583,185015,14224,1.778000
584,185332,14064,1.758000
585,185649,13840,1.730000
586,185966,13600,1.700000
587,186283,13456,1.682000
588,186600,13376,1.672000
589,186916,13392,1.674000
590,187234,13408,1.676000
591,187550,13408,1.676000
592,187867,13424,1.678000
593,188184,13376,1.672000
594,188501,13344,1.668000
595,188818,13408,1.676000
596,189135,13360,1.670000
597,189452,13408,1.676000
598,189768,13424,1.678000
599,190085,13392,1.674000
600,190402,12464,1.558000
601,190718,11504,1.438000
602,191036,11552,1.444000
603,191353,11600,1.450000
604,191669,11728,1.466000
605,191986,11792,1.474000
606,192303,11936,1.492000
607,192620,12128,1.516000
608,192937,12240,1.530000
609,193254,12448,1.556000
610,193571,12736,1.592000
611,193888,12880,1.610000
612,194205,13088,1.636000
613,194521,13264,1.658000
614,194838,13360,1.670000
615,195155,13376,1.672000
616,195472,13408,1.676000
617,195789,13392,1.674000
618,196105,13376,1.672000
619,196422,13408,1.676000
620,196739,13472,1.684000
621,197056,13392,1.674000
622,197373,13408,1.676000
623,197690,13392,1.674000
624,198006,13408,1.676000
625,198324,13440,1.680000
626,198641,13440,1.680000
627,198957,15280,1.910000
628,199274,15248,1.906000
629,199591,15200,1.900000
630,199908,15104,1.888000
631,200225,14992,1.874000
632,200541,14864,1.858000
633,200859,14736,1.842000
634,201175,14528,1.816000
635,201492,14400,1.800000
636,201809,14144,1.768000
637,202126,13968,1.746000
638,202443,13760,1.720000
639,202759,13520,1.690000
640,203076,13376,1.672000
641,203393,13408,1.676000
642,203710,13376,1.672000
643,204026,13376,1.672000
644,204344,13360,1.670000
645,204661,13408,1.676000
646,204977,13376,1.672000
647,205295,13424,1.678000
648,205611,13424,1.678000
649,205929,13424,1.678000
650,206244,13328,1.666000
651,206562,13392,1.674000
652,206879,13408,1.676000
653,207196,11696,1.462000
654,207512,11504,1.438000
655,207829,11584,1.448000
656,208147,11616,1.452000
657,208463,11712,1.464000
658,208780,11856,1.482000
659,209097,12016,1.502000
660,209414,12144,1.518000
661,209731,12368,1.546000
662,210047,12528,1.566000
663,210364,12736,1.592000
664,210685,12960,1.620000
665,210998,13200,1.650000
666,211315,13360,1.670000
667,211632,13408,1.676000
668,211949,13408,1.676000
669,212266,13456,1.682000
670,212582,13392,1.674000
671,212899,13328,1.666000
672,213216,13440,1.680000
673,213533,13408,1.676000
674,213850,13312,1.664000
675,214167,13424,1.678000
676,214483,13408,1.676000
677,214800,13392,1.674000
678,215117,13440,1.680000
679,215434,14304,1.788000
680,215751,15264,1.908000
681,216067,15216,1.902000
682,216385,15168,1.896000
683,216701,15104,1.888000
684,217018,14976,1.872000
685,217335,14768,1.846000
686,217652,14656,1.832000
687,217969,14496,1.812000
688,218286,14272,1.784000
689,218602,14064,1.758000
690,218919,13888,1.736000
691,219236,13648,1.706000
692,219553,13472,1.684000
693,219870,13408,1.676000
694,220187,13392,1.674000
695,220504,13408,1.676000
696,220820,13376,1.672000
697,221137,13344,1.668000
698,221454,13424,1.678000
699,221771,13408,1.676000
700,222088,13408,1.676000
701,222405,13424,1.678000
702,222722,13360,1.670000
703,223038,13392,1.674000
704,223355,13376,1.672000
705,223672,13264,1.658000
706,223989,11488,1.436000
707,224306,11520,1.440000
708,224623,11600,1.450000
709,224940,11664,1.458000
710,225257,11808,1.476000
711,225573,11968,1.496000
712,225890,12048,1.506000
713,226207,12240,1.530000
714,226524,12496,1.562000
715,226841,12592,1.574000
716,227158,12848,1.606000
717,227475,13088,1.636000
718,227791,13296,1.662000
719,228109,13376,1.672000
720,228425,13360,1.670000
721,228742,13424,1.678000
722,229059,13408,1.676000
723,229376,13424,1.678000
724,229693,13408,1.676000
725,230009,13424,1.678000
726,230326,13392,1.674000
727,230643,13328,1.666000
728,230960,13376,1.672000
729,231277,13408,1.676000
730,231594,13408,1.676000
731,231911,13376,1.672000
732,232228,15296,1.912000
733,232544,15248,1.906000
734,232861,15232,1.904000
735,233178,15088,1.886000
736,233495,15040,1.880000
737,233811,14928,1.866000
738,234129,14736,1.842000
739,234445,14576,1.822000
740,234762,14432,1.804000
741,235079,14256,1.782000
742,235396,13952,1.744000
743,235712,13744,1.718000
744,236030,13584,1.698000
745,236347,13392,1.674000
746,236663,13408,1.676000
747,236981,13424,1.678000
748,237298,13408,1.676000
749,237614,13424,1.678000
750,237931,13408,1.676000
751,238248,13424,1.678000
752,238565,13408,1.676000
753,238881,13328,1.666000
754,239199,13376,1.672000
755,239515,13408,1.676000
756,239832,13392,1.674000
757,240149,13360,1.670000
758,240466,12448,1.556000
759,240783,11488,1.436000
760,241100,11584,1.448000
761,241416,11616,1.452000
762,241733,11712,1.464000
763,242050,11824,1.478000
764,242367,11984,1.498000
765,242686,12080,1.510000
766,243001,12384,1.548000
767,243318,12480,1.560000
768,243635,12720,1.590000
769,243951,12928,1.616000
770,244268,13216,1.652000
771,244586,13344,1.668000
772,244902,13376,1.672000
773,245219,13408,1.676000
774,245536,13408,1.676000
775,245852,13408,1.676000
776,246169,13376,1.672000
777,246487,13408,1.676000
778,246803,13440,1.680000
779,247120,13408,1.676000
780,247437,13328,1.666000
781,247753,13376,1.672000
782,248071,13392,1.674000
783,248388,13328,1.666000
784,248704,13888,1.736000
785,249021,15296,1.912000
786,249338,15232,1.904000
787,249654,15168,1.896000
788,249972,15072,1.884000
789,250289,14976,1.872000
790,250606,14864,1.858000
791,250922,14688,1.836000
792,251239,14512,1.814000
793,251556,14288,1.786000
794,251873,14176,1.772000
795,252190,13920,1.740000
796,252506,13696,1.712000
797,252824,13632,1.704000
798,253140,13392,1.674000
799,253458,13424,1.678000
800,253774,13376,1.672000
801,254091,13360,1.670000
802,254408,13376,1.672000
803,254725,13376,1.672000
804,255041,13392,1.674000
805,255358,13328,1.666000
806,255675,13376,1.672000
807,255992,13424,1.678000
808,256309,13392,1.674000
809,256626,13344,1.668000
810,256942,13376,1.672000
811,257259,11456,1.432000
812,257577,11552,1.444000
813,257893,11552,1.444000
814,258210,11632,1.454000
815,258527,11792,1.474000
816,258843,11872,1.484000
817,259161,12032,1.504000
818,259477,12192,1.524000
819,259794,12368,1.546000
820,260111,12544,1.568000
821,260428,12832,1.604000
822,260745,12992,1.624000
823,261061,13248,1.656000
824,261379,13424,1.678000
825,261696,13392,1.674000
826,262012,13424,1.678000
827,262329,13376,1.672000
828,262646,13376,1.672000
829,262963,13392,1.674000
830,263280,13408,1.676000
831,263597,13360,1.670000
832,263914,13424,1.678000
833,264230,13408,1.676000
834,264547,13424,1.678000
835,264864,13408,1.676000
836,265180,13392,1.674000
837,265497,14656,1.832000
838,265815,15264,1.908000
839,266131,15264,1.908000
840,266449,15376,1.922000
841,266765,15040,1.880000
842,267082,14944,1.868000
843,267399,14768,1.846000
844,267716,14656,1.832000
845,268032,14416,1.802000
846,268349,14288,1.786000
847,268667,14128,1.766000
848,268983,13856,1.732000
849,269300,13616,1.702000
850,269617,13408,1.676000
851,269934,13392,1.674000
852,270251,13376,1.672000
853,270567,13280,1.660000
854,270884,13456,1.682000
855,271201,13408,1.676000
856,271518,13344,1.668000
857,271835,13408,1.676000
858,272152,13472,1.684000
859,272468,13376,1.672000
860,272786,13424,1.678000
861,273102,13408,1.676000
862,273419,13296,1.662000
863,273736,12464,1.558000
864,274053,11504,1.438000
865,274370,11520,1.440000
866,274686,11632,1.454000
867,275003,11728,1.466000
868,275320,11616,1.452000
869,275637,11920,1.490000
870,275954,12112,1.514000
871,276271,12256,1.532000
872,276588,12496,1.562000
873,276904,12704,1.588000
874,277222,12928,1.616000
875,277538,13024,1.628000
876,277855,13344,1.668000
877,278172,13408,1.676000
878,278489,13392,1.674000
879,278806,13360,1.670000
880,279122,13408,1.676000
881,279440,13536,1.692000
882,279756,13392,1.674000
883,280073,13408,1.676000
884,280390,13376,1.672000
885,280707,13360,1.670000
886,281024,13408,1.676000
887,281341,13392,1.674000
888,281657,13376,1.672000
889,281975,13328,1.666000
890,282292,15248,1.906000
891,282608,15248,1.906000
892,282925,15152,1.894000
893,283242,15104,1.888000
894,283559,14976,1.872000
895,283875,14864,1.858000
896,284192,14704,1.838000
897,284510,14560,1.820000
898,284826,14368,1.796000
899,285143,14160,1.770000
900,285459,13952,1.744000
901,285777,13712,1.714000
902,286094,13536,1.692000
903,286410,13392,1.674000
904,286727,13392,1.674000
905,287044,13392,1.674000
906,287361,13360,1.670000
907,287678,13456,1.682000
908,287995,13328,1.666000
909,288312,13408,1.676000
910,288629,13376,1.672000
911,288945,13392,1.674000
912,289262,13344,1.668000
913,289579,13424,1.678000
914,289896,13376,1.672000
915,290213,13408,1.676000
916,290530,11744,1.468000
917,290847,11504,1.438000
918,291163,11712,1.464000
919,291481,11664,1.458000
920,291797,11744,1.468000
921,292114,11888,1.486000
922,292431,11984,1.498000
923,292747,12176,1.522000
924,293065,12384,1.548000
925,293382,12496,1.562000
926,293698,12736,1.592000
927,294015,13008,1.626000
928,294332,13200,1.650000
929,294649,13360,1.670000
930,294966,13376,1.672000
931,295283,13392,1.674000
932,295599,13392,1.674000
933,295917,13392,1.674000
934,296234,13472,1.684000
935,296550,13360,1.670000
936,296866,13424,1.678000
937,297184,13456,1.682000
938,297501,13424,1.678000
939,297818,13360,1.670000
940,298134,13376,1.672000
941,298452,13392,1.674000
942,298768,14320,1.790000
943,299085,15264,1.908000
944,299402,15152,1.894000
945,299719,15200,1.900000
946,300035,14992,1.874000
947,300353,14976,1.872000
948,300669,14800,1.850000
949,300986,14688,1.836000
950,301303,14528,1.816000
951,301620,14320,1.790000
952,301937,14112,1.764000
953,302254,13888,1.736000
954,302570,13712,1.714000
955,302888,13440,1.680000
956,303204,13424,1.678000
957,303521,13392,1.674000
958,303838,13360,1.670000
959,304155,13408,1.676000
960,304472,13360,1.670000
961,304788,13376,1.672000
962,305105,13376,1.672000
963,305422,13440,1.680000
964,305739,13360,1.670000
965,306056,13376,1.672000
966,306373,13392,1.674000
967,306690,13376,1.672000
968,307006,13328,1.666000
969,307323,11536,1.442000
970,307640,11616,1.452000
971,307957,11584,1.448000
972,308273,11728,1.466000
973,308591,11728,1.466000
974,308908,11968,1.496000
975,309225,12096,1.512000
976,309541,12304,1.538000
977,309858,12448,1.556000
978,310175,12688,1.586000
979,310492,12832,1.604000
980,310809,13088,1.636000
981,311125,13296,1.662000
982,311442,13360,1.670000
983,311759,13360,1.670000
984,312076,13408,1.676000
985,312393,13408,1.676000
986,312710,13392,1.674000
987,313027,13392,1.674000
988,313344,13376,1.672000
989,313660,13344,1.668000
990,313978,13408,1.676000
991,314294,13328,1.666000
992,314611,13328,1.666000
993,314928,13408,1.676000
994,315245,13376,1.672000
995,315561,15280,1.910000
996,315879,15232,1.904000
997,316195,15216,1.902000
998,316512,15168,1.896000
999,316829,15056,1.882000
1000,317146,14912,1.864000
1001,317463,14736,1.842000
1002,317780,14560,1.820000
1003,318096,14416,1.802000
1004,318413,14240,1.780000
1005,318730,14048,1.756000
1006,319046,13760,1.720000
1007,319363,13520,1.690000
1008,319685,13408,1.676000
1009,319997,13376,1.672000
1010,320315,13392,1.674000
1011,320631,13376,1.672000
1012,320948,13408,1.676000
1013,321265,13424,1.678000
1014,321582,13392,1.674000
1015,321899,13392,1.674000
1016,322216,13360,1.670000
1017,322532,13360,1.670000
1018,322849,13392,1.674000
1019,323166,13392,1.674000
1020,323483,13392,1.674000
1021,323800,12400,1.550000
1022,324116,11504,1.438000
1023,324434,11552,1.444000
1024,324751,11648,1.456000
1025,325067,11696,1.462000
1026,325384,11808,1.476000
1027,325701,11968,1.496000
1028,326018,12080,1.510000
1029,326335,12304,1.538000
1030,326652,12592,1.574000
1031,326969,12752,1.594000
1032,327285,12944,1.618000
1033,327602,13120,1.640000
1034,327919,13296,1.662000
1035,328236,13456,1.682000
1036,328553,13360,1.670000
1037,328870,13376,1.672000
1038,329187,13360,1.670000
1039,329504,13344,1.668000
1040,329820,13328,1.666000
1041,330137,13328,1.666000
1042,330453,13376,1.672000
1043,330771,13408,1.676000
1044,331088,13360,1.670000
1045,331405,13376,1.672000
1046,331722,13344,1.668000
1047,332038,14048,1.756000
1048,332355,15296,1.912000
1049,332672,15280,1.910000
1050,332989,15184,1.898000
1051,333306,15088,1.886000
1052,333623,14992,1.874000
1053,333940,14848,1.856000
1054,334257,14688,1.836000
1055,334573,14560,1.820000
1056,334890,14320,1.790000
1057,335207,14144,1.768000
1058,335524,13920,1.740000
1059,335841,13696,1.712000
1060,336158,13488,1.686000
1061,336475,13376,1.672000
1062,336791,13392,1.674000
1063,337108,13424,1.678000
1064,337425,13392,1.674000
1065,337742,13472,1.684000
1066,338059,13360,1.670000
1067,338376,13424,1.678000
1068,338693,13392,1.674000
1069,339009,13360,1.670000
1070,339326,13344,1.668000
1071,339643,13392,1.674000
1072,339960,13248,1.656000
1073,340277,13360,1.670000
1074,340594,11472,1.434000
1075,340911,11552,1.444000
1076,341228,11600,1.450000
1077,341544,11728,1.466000
1078,341861,11712,1.464000
1079,342178,11904,1.488000
1080,342495,12032,1.504000
1081,342812,12240,1.530000
1082,343128,12416,1.552000
1083,343446,12560,1.570000
1084,343762,12784,1.598000
1085,344079,13248,1.656000
1086,344396,13232,1.654000
1087,344713,13408,1.676000
1088,345029,13344,1.668000
1089,345346,13392,1.674000
1090,345663,13360,1.670000
1091,345980,13392,1.674000
1092,346297,13376,1.672000
1093,346614,13424,1.678000
1094,346931,13392,1.674000
1095,347248,13440,1.680000
1096,347564,13360,1.670000
1097,347881,13392,1.674000
1098,348199,13376,1.672000
1099,348515,13360,1.670000
1100,348831,14544,1.818000
1101,349149,15280,1.910000
1102,349466,15248,1.906000
1103,349782,15136,1.892000
1104,350100,15040,1.880000
1105,350416,14928,1.866000
1106,350733,14784,1.848000
1107,351050,14656,1.832000
1108,351367,14464,1.808000
1109,351687,14304,1.788000
1110,352001,14064,1.758000
1111,352318,13872,1.734000
1112,352634,13616,1.702000
1113,352951,13392,1.674000
1114,353268,13424,1.678000
1115,353585,13376,1.672000
1116,353902,13424,1.678000
1117,354219,13360,1.670000
1118,354535,13408,1.676000
1119,354853,13360,1.670000
1120,355169,13360,1.670000
1121,355486,13504,1.688000
1122,355803,13424,1.678000
1123,356120,13424,1.678000
1124,356437,13296,1.662000
1125,356753,13392,1.674000
1126,357070,12432,1.554000
1127,357388,11536,1.442000
1128,357704,11360,1.420000
1129,358021,11568,1.446000
1130,358338,11712,1.464000
1131,358654,11856,1.482000
1132,358972,11936,1.492000
1133,359288,12096,1.512000
1134,359605,12256,1.532000
1135,359922,12384,1.548000
1136,360239,12672,1.584000
1137,360556,12928,1.616000
1138,360872,13120,1.640000
1139,361190,13360,1.670000
1140,361506,13376,1.672000
1141,361823,13440,1.680000
1142,362140,13360,1.670000
1143,362457,13264,1.658000
1144,362774,13424,1.678000
1145,363090,13392,1.674000
1146,363407,13408,1.676000
1147,363724,13360,1.670000
1148,364042,13408,1.676000
1149,364358,13344,1.668000
1150,364675,13360,1.670000
1151,364992,13392,1.674000
1152,365309,13424,1.678000
1153,365625,15280,1.910000
1154,365943,15328,1.916000
1155,366260,15152,1.894000
1156,366576,15216,1.902000
1157,366893,14944,1.868000
1158,367210,14864,1.858000
1159,367527,14752,1.844000
1160,367843,14512,1.814000
1161,368161,14416,1.802000
1162,368477,14288,1.786000
1163,368794,13952,1.744000
1164,369111,13776,1.722000
1165,369428,13520,1.690000
1166,369745,13360,1.670000
1167,370062,13376,1.672000
1168,370379,13408,1.676000
1169,370695,13376,1.672000
1170,371012,13376,1.672000
1171,371328,13424,1.678000
1172,371646,13408,1.676000
1173,371963,13376,1.672000
1174,372279,13456,1.682000
1175,372597,13376,1.672000
1176,372914,13392,1.674000
1177,373230,13392,1.674000
1178,373547,13376,1.672000
1179,373864,11728,1.466000
1180,374181,11552,1.444000
1181,374498,11536,1.442000
1182,374814,11632,1.454000
1183,375132,11712,1.464000
1184,375448,11920,1.490000
1185,375765,11968,1.496000
1186,376082,12160,1.520000
1187,376399,12352,1.544000
1188,376716,12512,1.564000
1189,377032,12736,1.592000
1190,377349,12992,1.624000
1191,377666,13168,1.646000
1192,377983,13312,1.664000
1193,378300,13392,1.674000
1194,378617,13440,1.680000
1195,378934,13360,1.670000
1196,379251,13360,1.670000
1197,379567,13360,1.670000
1198,379884,13392,1.674000
1199,380201,13344,1.668000
1200,380518,13360,1.670000
1201,380835,13360,1.670000
1202,381152,13328,1.666000
1203,381469,13392,1.674000
1204,381785,13376,1.672000
1205,382103,14352,1.794000
1206,382419,15296,1.912000
1207,382736,15264,1.908000
1208,383053,15152,1.894000
1209,383370,15056,1.882000
1210,383687,14992,1.874000
1211,384003,14832,1.854000
1212,384320,14704,1.838000
1213,384637,14464,1.808000
1214,384954,14304,1.788000
1215,385271,14032,1.754000
1216,385588,13856,1.732000
1217,385905,13680,1.710000
1218,386222,13424,1.678000
1219,386538,13408,1.676000
1220,386855,13408,1.676000
1221,387172,13392,1.674000
1222,387489,13360,1.670000
1223,387806,13376,1.672000
1224,388122,13408,1.676000
1225,388440,13312,1.664000
1226,388756,13424,1.678000
1227,389073,13424,1.678000
1228,389390,13408,1.676000
1229,389706,13424,1.678000
1230,390024,13392,1.674000
1231,390341,13376,1.672000
1232,390658,11536,1.442000
1233,390974,11488,1.436000
1234,391291,11584,1.448000
1235,391608,11648,1.456000
1236,391925,11792,1.474000
1237,392242,11936,1.492000
1238,392559,12048,1.506000
1239,392876,12240,1.530000
1240,393192,12448,1.556000
1241,393509,12640,1.580000
1242,393826,12880,1.610000
1243,394143,13040,1.630000
1244,394460,13264,1.658000
1245,394776,13408,1.676000
1246,395094,13424,1.678000
1247,395410,13312,1.664000
1248,395727,13360,1.670000
1249,396044,13408,1.676000
1250,396361,13360,1.670000
1251,396678,13392,1.674000
1252,396995,13440,1.680000
1253,397312,13360,1.670000
1254,397629,13360,1.670000
1255,397945,13392,1.674000
1256,398262,13456,1.682000
1257,398579,13408,1.676000
1258,398896,15296,1.912000
1259,399213,15200,1.900000
1260,399530,15216,1.902000
1261,399846,15136,1.892000
1262,400164,15024,1.878000
1263,400480,14928,1.866000
1264,400797,14784,1.848000
1265,401113,14608,1.826000
1266,401431,14432,1.804000
1267,401748,14208,1.776000
1268,402064,14000,1.750000
1269,402381,13808,1.726000
1270,402698,13568,1.696000
1271,403015,13408,1.676000
1272,403332,13392,1.674000
1273,403649,13376,1.672000
1274,403966,13392,1.674000
1275,404283,13392,1.674000
1276,404599,13392,1.674000
1277,404916,13376,1.672000
1278,405233,13376,1.672000
1279,405550,13360,1.670000
1280,405867,13344,1.668000
1281,406184,13392,1.674000
1282,406501,13392,1.674000
1283,406817,13408,1.676000
1284,407134,12448,1.556000
1285,407451,11488,1.436000
1286,407768,11552,1.444000
1287,408085,11664,1.458000
1288,408402,11712,1.464000
1289,408718,11856,1.482000
1290,409035,12000,1.500000
1291,409353,12112,1.514000
1292,409669,12352,1.544000
1293,409986,12496,1.562000
1294,410303,12672,1.584000
1295,410620,12976,1.622000
1296,410936,13120,1.640000
1297,411253,13328,1.666000
1298,411570,13392,1.674000
1299,411887,13424,1.678000
1300,412204,13392,1.674000
1301,412521,13344,1.668000
1302,412838,13328,1.666000
1303,413155,13392,1.674000
1304,413472,13424,1.678000
1305,413788,13424,1.678000
1306,414105,13440,1.680000
1307,414422,13344,1.668000
1308,414739,13408,1.676000
1309,415056,13408,1.676000
1310,415373,13968,1.746000
1311,415690,15264,1.908000
1312,416006,15232,1.904000
1313,416323,15168,1.896000
1314,416640,15104,1.888000
1315,416957,14960,1.870000
1316,417274,14848,1.856000
1317,417590,14640,1.830000
1318,417908,14512,1.814000
1319,418225,14336,1.792000
1320,418541,14128,1.766000
1321,418858,13936,1.742000
1322,419175,13648,1.706000
1323,419492,13456,1.682000
1324,419809,13392,1.674000
1325,420125,13424,1.678000
1326,420442,13392,1.674000
1327,420759,13392,1.674000
1328,421076,13408,1.676000
1329,421393,13392,1.674000
1330,421710,13376,1.672000
1331,422027,13408,1.676000
1332,422344,13392,1.674000
1333,422660,13392,1.674000
1334,422977,13360,1.670000
1335,423294,13360,1.670000
1336,423611,13360,1.670000
1337,423928,11536,1.442000
1338,424245,11504,1.438000
1339,424561,11632,1.454000
1340,424878,11744,1.468000
1341,425196,11744,1.468000
1342,425512,11888,1.486000
1343,425829,12016,1.502000
1344,426145,12240,1.530000
1345,426463,12384,1.548000
1346,426780,12672,1.584000
1347,427096,12800,1.600000
1348,427413,12992,1.624000
1349,427730,13264,1.658000
1350,428047,13376,1.672000
1351,428364,13376,1.672000
1352,428685,13360,1.670000
1353,428998,13280,1.660000
1354,429314,13376,1.672000
1355,429631,13344,1.668000
1356,429948,13360,1.670000
1357,430265,13408,1.676000
1358,430582,13360,1.670000
1359,430899,13344,1.668000
1360,431216,13392,1.674000
1361,431532,13376,1.672000
1362,431849,13392,1.674000
1363,432166,14624,1.828000
1364,432483,15264,1.908000
1365,432800,15200,1.900000
1366,433116,15408,1.926000
1367,433434,15040,1.880000
1368,433751,14928,1.866000
1369,434067,14816,1.852000
1370,434384,14608,1.826000
1371,434701,14432,1.804000
1372,435018,14176,1.772000
1373,435335,14000,1.750000
1374,435652,13792,1.724000
1375,435969,13616,1.702000
1376,436285,13424,1.678000
1377,436602,13408,1.676000
1378,436919,13360,1.670000
1379,437236,13376,1.672000
1380,437553,13360,1.670000
1381,437870,13376,1.672000
1382,438187,13424,1.678000
1383,438504,13392,1.674000
1384,438820,13424,1.678000
1385,439137,13376,1.672000
1386,439454,13376,1.672000
1387,439771,13344,1.668000
1388,440088,13424,1.678000
1389,440405,12416,1.552000
1390,440722,11488,1.436000
1391,441038,11520,1.440000
1392,441355,11616,1.452000
1393,441672,11648,1.456000
1394,441989,11856,1.482000
1395,442306,11968,1.496000
1396,442623,12112,1.514000
1397,442939,12272,1.534000
1398,443256,12464,1.558000
1399,443573,12640,1.580000
1400,443889,12896,1.612000
1401,444207,13088,1.636000
1402,444524,13328,1.666000
1403,444840,13376,1.672000
1404,445158,13392,1.674000
1405,445475,13440,1.680000
1406,445791,13376,1.672000
1407,446108,13424,1.678000
1408,446425,13408,1.676000
1409,446742,13328,1.666000
1410,447059,13408,1.676000
1411,447376,13456,1.682000
1412,447692,13424,1.678000
1413,448009,13392,1.674000
1414,448326,13360,1.670000
1415,448643,13488,1.686000
1416,448960,15328,1.916000
1417,449277,15280,1.910000
1418,449594,15168,1.896000
1419,449911,15120,1.890000
1420,450227,14992,1.874000
1421,450544,14944,1.868000
1422,450861,14640,1.830000
1423,451178,14528,1.816000
1424,451495,14352,1.794000
1425,451812,14208,1.776000
1426,452128,13968,1.746000
1427,452446,13776,1.722000
1428,452762,13504,1.688000
1429,453079,13408,1.676000
1430,453396,13504,1.688000
1431,453713,13392,1.674000
1432,454029,13344,1.668000
1433,454346,13360,1.670000
1434,454663,13392,1.674000
1435,454980,13392,1.674000
1436,455297,13392,1.674000
1437,455614,13360,1.670000
1438,455931,13312,1.664000
1439,456248,13408,1.676000
1440,456564,13360,1.670000
1441,456881,13424,1.678000
1442,457198,11824,1.478000
1443,457515,11584,1.448000
1444,457832,11616,1.452000
1445,458149,11632,1.454000
1446,458466,11712,1.464000
1447,458782,11856,1.482000
1448,459100,11952,1.494000
1449,459416,12176,1.522000
1450,459733,12368,1.546000
1451,460050,12496,1.562000
1452,460367,12752,1.594000
1453,460687,12992,1.624000
1454,461001,13168,1.646000
1455,461318,13376,1.672000
1456,461634,13328,1.666000
1457,461951,13344,1.668000
1458,462268,13424,1.678000
1459,462585,13344,1.668000
1460,462902,13424,1.678000
1461,463219,13376,1.672000
1462,463535,13376,1.672000
1463,463852,13408,1.676000
1464,464170,13376,1.672000
1465,464486,13392,1.674000
1466,464803,13376,1.672000
1467,465120,13376,1.672000
1468,465437,14352,1.794000
1469,465754,15248,1.906000
1470,466070,15200,1.900000
1471,466387,15120,1.890000
1472,466704,15040,1.880000
1473,467021,14912,1.864000
1474,467338,14784,1.848000
1475,467654,14656,1.832000
1476,467972,14512,1.814000
1477,468289,14304,1.788000
1478,468605,14080,1.760000
1479,468922,13888,1.736000
1480,469239,13680,1.710000
1481,469555,13424,1.678000
1482,469873,13376,1.672000
1483,470190,13408,1.676000
1484,470506,13376,1.672000
1485,470824,13392,1.674000
1486,471140,13392,1.674000
1487,471457,13408,1.676000
1488,471774,13408,1.676000
1489,472090,13360,1.670000
1490,472407,13408,1.676000
1491,472724,13360,1.670000
1492,473042,13376,1.672000
1493,473358,13440,1.680000
1494,473675,13312,1.664000
1495,473992,11520,1.440000
1496,474309,11552,1.444000
1497,474626,11568,1.446000
1498,474942,11680,1.460000
1499,475260,11792,1.474000
1500,475576,11888,1.486000
1501,475893,12064,1.508000
1502,476210,12224,1.528000
1503,476527,12400,1.550000
1504,476844,12576,1.572000
1505,477161,12864,1.608000
1506,477477,13056,1.632000
1507,477794,13312,1.664000
1508,478111,13360,1.670000
1509,478428,13376,1.672000
1510,478745,13392,1.674000
1511,479062,13392,1.674000
1512,479379,13312,1.664000
1513,479695,13424,1.678000
1514,480012,13440,1.680000
1515,480329,13392,1.674000
1516,480646,13360,1.670000
1517,480963,13392,1.674000
1518,481279,13408,1.676000
1519,481597,13376,1.672000
1520,481914,13392,1.674000
1521,482230,15248,1.906000
1522,482547,15248,1.906000
1523,482864,15136,1.892000
1524,483181,15088,1.886000
1525,483497,15024,1.878000
1526,483815,14912,1.864000
1527,484132,14704,1.838000
1528,484448,14608,1.826000
1529,484765,14416,1.802000
1530,485082,14240,1.780000
1531,485399,14016,1.752000
1532,485715,13792,1.724000
1533,486033,13568,1.696000
1534,486350,13424,1.678000
1535,486666,13376,1.672000
1536,486983,13408,1.676000
1537,487300,13408,1.676000
1538,487617,13376,1.672000
1539,487934,13408,1.676000
1540,488251,13392,1.674000
1541,488567,13392,1.674000
1542,488884,13360,1.670000
1543,489201,13392,1.674000
1544,489518,13456,1.682000
1545,489835,13360,1.670000
1546,490152,13392,1.674000
1547,490468,12448,1.556000
1548,490786,11552,1.444000
1549,491102,11536,1.442000
1550,491419,11648,1.456000
1551,491736,11680,1.460000
1552,492053,11856,1.482000
1553,492370,12064,1.508000
1554,492687,12144,1.518000
1555,493003,12336,1.542000
1556,493320,12480,1.560000
1557,493638,12768,1.596000
1558,493954,12928,1.616000
1559,494271,13120,1.640000
1560,494588,13344,1.668000
1561,494904,13392,1.674000
1562,495221,13440,1.680000
1563,495538,13344,1.668000
1564,495855,13360,1.670000
1565,496172,13376,1.672000
1566,496489,13424,1.678000
1567,496806,13312,1.664000
1568,497123,13424,1.678000
1569,497440,13408,1.676000
1570,497756,13392,1.674000
1571,498073,13424,1.678000
1572,498390,13392,1.674000
1573,498707,13984,1.748000
1574,499024,15248,1.906000
1575,499341,15264,1.908000
1576,499657,15200,1.900000
1577,499975,15072,1.884000
1578,500292,14976,1.872000
1579,500608,14880,1.860000
1580,500925,14672,1.834000
1581,501242,14512,1.814000
1582,501558,14320,1.790000
1583,501876,14144,1.768000
1584,502193,14016,1.752000
1585,502509,13680,1.710000
1586,502826,13520,1.690000
1587,503142,13344,1.668000
1588,503460,13328,1.666000
1589,503777,13392,1.674000
1590,504094,13392,1.674000
1591,504411,13408,1.676000
1592,504727,13376,1.672000
1593,505044,13408,1.676000
1594,505361,13408,1.676000
1595,505678,13392,1.674000
1596,505995,13392,1.674000
1597,506312,13408,1.676000
1598,506628,13312,1.664000
1599,506945,13392,1.674000
1600,507262,11472,1.434000
1601,507579,11536,1.442000
1602,507896,11520,1.440000
1603,508213,11600,1.450000
1604,508530,11744,1.468000
1605,508846,11808,1.476000
1606,509164,12080,1.510000
1607,509480,12208,1.526000
1608,509797,12400,1.550000
1609,510114,12512,1.564000
1610,510431,12832,1.604000
1611,510748,13008,1.626000
1612,511065,13232,1.654000
1613,511381,13360,1.670000
1614,511698,13360,1.670000
1615,512015,13408,1.676000
1616,512332,13328,1.666000
1617,512649,13456,1.682000
1618,512966,13392,1.674000
1619,513282,13360,1.670000
1620,513600,13424,1.678000
1621,513916,13424,1.678000
1622,514233,13392,1.674000
1623,514550,13376,1.672000
1624,514866,13360,1.670000
1625,515184,13440,1.680000
1626,515501,14512,1.814000
1627,515817,15264,1.908000
1628,516134,15216,1.902000
1629,516451,15200,1.900000
1630,516768,15088,1.886000
1631,517085,14944,1.868000
1632,517402,14864,1.858000
1633,517718,14608,1.826000
1634,518036,14272,1.784000
1635,518352,14224,1.778000
1636,518669,14096,1.762000
1637,518986,13824,1.728000
1638,519303,13504,1.688000
1639,519620,13440,1.680000
1640,519936,13376,1.672000
1641,520254,13392,1.674000
1642,520570,13408,1.676000
1643,520887,13408,1.676000
1644,521204,13408,1.676000
1645,521521,13440,1.680000
1646,521838,13408,1.676000
1647,522155,13504,1.688000
1648,522472,13376,1.672000
1649,522788,13344,1.668000
1650,523105,13440,1.680000
1651,523422,13440,1.680000
1652,523739,12464,1.558000
1653,524055,11440,1.430000
1654,524372,11584,1.448000
1655,524690,11552,1.444000
1656,525006,11680,1.460000
1657,525323,11712,1.464000
1658,525640,11968,1.496000
1659,525956,12096,1.512000
1660,526273,12288,1.536000
1661,526591,12496,1.562000
1662,526908,12656,1.582000
1663,527225,12880,1.610000
1664,527541,13088,1.636000
1665,527858,13328,1.666000
1666,528175,13392,1.674000
1667,528491,13392,1.674000
1668,528809,13392,1.674000
1669,529125,13408,1.676000
1670,529442,13360,1.670000
1671,529759,13392,1.674000
1672,530076,13392,1.674000
1673,530393,13376,1.672000
1674,530710,13456,1.682000
1675,531027,13408,1.676000
1676,531344,13344,1.668000
1677,531660,13360,1.670000
1678,531978,13392,1.674000
1679,532294,15248,1.906000
1680,532611,15264,1.908000
1681,532928,15152,1.894000
1682,533245,15088,1.886000
1683,533561,15040,1.880000
1684,533879,14896,1.862000
1685,534195,14704,1.838000
1686,534512,14544,1.818000
1687,534829,14416,1.802000
1688,535146,14176,1.772000
1689,535463,13904,1.738000
1690,535780,13664,1.708000
1691,536096,13552,1.694000
1692,536414,13456,1.682000
1693,536730,13408,1.676000
1694,537047,13408,1.676000
1695,537364,13392,1.674000
1696,537680,13328,1.666000
1697,537998,13360,1.670000
1698,538315,13360,1.670000
1699,538632,13392,1.674000
1700,538948,13392,1.674000
1701,539265,13344,1.668000
1702,539582,13424,1.678000
1703,539899,13408,1.676000
1704,540216,13376,1.672000
1705,540532,11792,1.474000
1706,540849,11536,1.442000
1707,541166,11536,1.442000
1708,541483,11616,1.452000
1709,541800,11664,1.458000
1710,542117,11856,1.482000
1711,542434,12048,1.506000
1712,542751,12144,1.518000
1713,543067,12352,1.544000
1714,543384,12496,1.562000
1715,543701,12736,1.592000
1716,544018,12800,1.600000
1717,544335,13200,1.650000
1718,544651,13456,1.682000
1719,544969,13360,1.670000
1720,545285,13392,1.674000
1721,545603,13360,1.670000
1722,545919,13360,1.670000
1723,546236,13408,1.676000
1724,546553,13440,1.680000
1725,546870,13376,1.672000
1726,547187,13344,1.668000
1727,547504,13392,1.674000
1728,547820,13424,1.678000
1729,548137,13408,1.676000
1730,548454,13376,1.672000
1731,548771,14256,1.782000
1732,549088,15232,1.904000
1733,549405,15168,1.896000
1734,549721,15168,1.896000
1735,550039,15024,1.878000
1736,550355,14976,1.872000
1737,550672,14752,1.844000
1738,550988,14672,1.834000
1739,551306,14464,1.808000
1740,551622,14288,1.786000
1741,551939,14048,1.756000
1742,552256,13920,1.740000
1743,552573,13648,1.706000
1744,552890,13424,1.678000
1745,553207,13344,1.668000
1746,553524,13408,1.676000
1747,553840,13392,1.674000
1748,554158,13408,1.676000
1749,554474,13440,1.680000
1750,554791,13376,1.672000
1751,555108,13408,1.676000
1752,555425,13424,1.678000
1753,555742,13360,1.670000
1754,556059,13440,1.680000
1755,556375,13376,1.672000
1756,556692,13376,1.672000
1757,557009,13376,1.672000
1758,557326,11504,1.438000
1759,557643,11520,1.440000
1760,557960,11552,1.444000
1761,558277,11632,1.454000
1762,558594,11824,1.478000
1763,558911,11920,1.490000
1764,559227,12064,1.508000
1765,559544,12256,1.532000
1766,559861,12432,1.554000
1767,560178,12624,1.578000
1768,560495,12816,1.602000
1769,560811,12992,1.624000
1770,561129,13328,1.666000
1771,561445,13424,1.678000
1772,561762,13424,1.678000
1773,562079,13408,1.676000
1774,562396,13424,1.678000
1775,562713,13424,1.678000
1776,563029,13408,1.676000
1777,563346,13392,1.674000
1778,563663,13376,1.672000
1779,563981,13424,1.678000
1780,564297,13408,1.676000
1781,564614,13392,1.674000
1782,564930,13344,1.668000
1783,565247,13376,1.672000
1784,565565,15264,1.908000
1785,565881,15248,1.906000
1786,566198,15232,1.904000
1787,566515,15088,1.886000
1788,566832,15040,1.880000
1789,567148,14960,1.870000
1790,567466,14768,1.846000
1791,567783,14624,1.828000
1792,568099,14416,1.802000
1793,568417,14224,1.778000
1794,568733,13952,1.744000
1795,569050,13792,1.724000
1796,569367,13520,1.690000
1797,569687,13376,1.672000
1798,570001,13344,1.668000
1799,570317,13328,1.666000
1800,570634,13360,1.670000
1801,570950,13344,1.668000
1802,571268,13328,1.666000
1803,571585,13408,1.676000
1804,571902,13376,1.672000
1805,572219,13392,1.674000
1806,572535,13392,1.674000
1807,572853,13408,1.676000
1808,573169,13392,1.674000
1809,573486,13376,1.672000
1810,573803,12464,1.558000
1811,574120,11536,1.442000
1812,574437,11568,1.446000
1813,574754,11632,1.454000
1814,575070,11712,1.464000
1815,575387,11840,1.480000
1816,575704,12080,1.510000
1817,576021,12160,1.520000
1818,576337,12320,1.540000
1819,576655,12528,1.566000
1820,576972,12752,1.594000
1821,577289,12912,1.614000
1822,577605,13152,1.644000
1823,577922,13360,1.670000
1824,578239,13408,1.676000
1825,578556,13392,1.674000
1826,578872,13392,1.674000
1827,579190,13408,1.676000
1828,579506,13344,1.668000
1829,579823,13472,1.684000
1830,580139,13408,1.676000
1831,580457,13328,1.666000
1832,580774,13392,1.674000
1833,581091,13376,1.672000
1834,581408,13376,1.672000
1835,581724,13408,1.676000
1836,582041,13968,1.746000
1837,582358,15280,1.910000
1838,582675,15216,1.902000
1839,582992,15200,1.900000
1840,583309,15120,1.890000
1841,583626,14976,1.872000
1842,583942,14848,1.856000
1843,584259,14672,1.834000
1844,584576,14528,1.816000
1845,584893,14320,1.790000
1846,585210,14112,1.764000
1847,585527,13904,1.738000
1848,585843,13696,1.712000
1849,586161,13504,1.688000
1850,586477,13360,1.670000
1851,586794,13424,1.678000
1852,587111,13440,1.680000
1853,587428,13392,1.674000
1854,587745,13408,1.676000
1855,588061,13360,1.670000
1856,588379,13360,1.670000
1857,588695,13344,1.668000
1858,589012,13344,1.668000
1859,589329,13376,1.672000
1860,589645,13344,1.668000
1861,589963,13392,1.674000
1862,590279,13408,1.676000
1863,590597,11440,1.430000
1864,590913,11536,1.442000
1865,591230,11568,1.446000
1866,591547,11680,1.460000
1867,591864,11744,1.468000
1868,592181,11888,1.486000
1869,592498,12032,1.504000
1870,592814,12192,1.524000
1871,593132,12384,1.548000
1872,593448,12624,1.578000
1873,593765,12816,1.602000
1874,594082,12992,1.624000
1875,594399,13232,1.654000
1876,594716,13408,1.676000
1877,595032,13408,1.676000
1878,595349,13344,1.668000
1879,595666,13392,1.674000
1880,595983,13296,1.662000
1881,596299,13376,1.672000
1882,596617,13360,1.670000
1883,596934,13360,1.670000
1884,597251,13360,1.670000
1885,597567,13392,1.674000
1886,597884,13376,1.672000
1887,598201,13392,1.674000
1888,598518,13408,1.676000
1889,598835,14544,1.818000
1890,599152,15296,1.912000
1891,599469,15216,1.902000
1892,599785,15168,1.896000
1893,600102,15040,1.880000
1894,600419,14912,1.864000
1895,600736,14800,1.850000
1896,601052,14640,1.830000
1897,601370,14464,1.808000
1898,601686,14288,1.786000
1899,602004,14080,1.760000
1900,602320,13824,1.728000
1901,602637,13600,1.700000
1902,602953,13392,1.674000
1903,603271,13408,1.676000
1904,603588,13376,1.672000
1905,603905,13504,1.688000
1906,604222,13488,1.686000
1907,604538,13456,1.682000
1908,604855,13376,1.672000
1909,605173,13360,1.670000
1910,605489,13408,1.676000
1911,605806,13392,1.674000
1912,606123,13376,1.672000
1913,606439,13312,1.664000
1914,606756,13344,1.668000
1915,607074,12464,1.558000
1916,607390,11504,1.438000
1917,607707,11536,1.442000
1918,608024,11584,1.448000
1919,608341,11648,1.456000
1920,608657,11776,1.472000
1921,608975,12096,1.512000
1922,609292,12128,1.516000
1923,609608,12288,1.536000
1924,609925,12432,1.554000
1925,610242,12688,1.586000
1926,610559,12864,1.608000
1927,610875,13104,1.638000
1928,611192,13360,1.670000
1929,611509,13360,1.670000
1930,611826,13376,1.672000
1931,612143,13392,1.674000
1932,612460,13360,1.670000
1933,612776,13312,1.664000
1934,613094,13216,1.652000
1935,613410,13376,1.672000
1936,613727,13392,1.674000
1937,614044,13408,1.676000
1938,614361,13392,1.674000
1939,614678,13408,1.676000
1940,614994,13392,1.674000
1941,615312,13408,1.676000
1942,615628,15280,1.910000
1943,615945,15264,1.908000
1944,616262,15216,1.902000
1945,616579,15120,1.890000
1946,616896,15024,1.878000
1947,617213,14912,1.864000
1948,617530,14736,1.842000
1949,617846,14576,1.822000
1950,618164,14352,1.794000
1951,618480,14192,1.774000
1952,618797,13984,1.748000
1953,619114,13808,1.726000
1954,619431,13536,1.692000
1955,619748,13440,1.680000
1956,620064,13424,1.678000
1957,620382,13424,1.678000
1958,620698,13424,1.678000
1959,621015,13408,1.676000
1960,621332,13424,1.678000
1961,621649,13408,1.676000
1962,621966,13392,1.674000
1963,622283,13376,1.672000
1964,622599,13440,1.680000
1965,622916,13392,1.674000
1966,623233,13424,1.678000
1967,623550,13424,1.678000
1968,623867,11920,1.490000
1969,624184,11520,1.440000
1970,624501,11568,1.446000
1971,624817,11632,1.454000
1972,625134,11728,1.466000
1973,625451,11872,1.484000
1974,625768,11952,1.494000
1975,626085,12144,1.518000
1976,626402,12336,1.542000
1977,626718,12560,1.570000
1978,627036,12720,1.590000
1979,627353,12944,1.618000
1980,627669,13168,1.646000
1981,627986,13376,1.672000
1982,628303,13408,1.676000
1983,628620,13408,1.676000
1984,628936,13344,1.668000
1985,629253,13424,1.678000
1986,629570,13392,1.674000
1987,629887,13424,1.678000
1988,630204,13408,1.676000
1989,630521,13408,1.676000
1990,630838,13200,1.650000
1991,631155,13392,1.674000
1992,631472,13392,1.674000
1993,631788,13360,1.670000
1994,632105,14320,1.790000
1995,632422,15232,1.904000
1996,632739,15216,1.902000
1997,633055,15104,1.888000
1998,633373,15072,1.884000
1999,633690,14992,1.874000
2000,634006,14784,1.848000
2001,634323,14688,1.836000
2002,634640,14480,1.810000
2003,634957,14400,1.800000
2004,635274,14080,1.760000
2005,635590,13792,1.724000
2006,635908,13696,1.712000
2007,636225,13456,1.682000
2008,636541,13392,1.674000
2009,636858,13376,1.672000
2010,637174,13360,1.670000
2011,637492,13344,1.668000
2012,637809,13392,1.674000
2013,638125,13360,1.670000
2014,638443,13392,1.674000
2015,638759,13408,1.676000
2016,639076,13360,1.670000
2017,639393,13360,1.670000
2018,639710,13424,1.678000
2019,640027,13392,1.674000
2020,640344,13408,1.676000
2021,640660,11552,1.444000
2022,640978,11552,1.444000
2023,641294,11648,1.456000
2024,641611,11680,1.460000
2025,641928,11824,1.478000
2026,642245,11968,1.496000
2027,642561,12048,1.506000
2028,642878,12256,1.532000
2029,643196,12400,1.550000
2030,643512,12640,1.580000
2031,643829,12832,1.604000
2032,644145,13120,1.640000
2033,644463,13312,1.664000
2034,644780,13424,1.678000
2035,645096,13392,1.674000
2036,645413,13392,1.674000
2037,645730,13424,1.678000
2038,646047,13376,1.672000
2039,646364,13360,1.670000
2040,646685,13408,1.676000
2041,646998,13424,1.678000
2042,647315,13360,1.670000
2043,647631,13408,1.676000
2044,647948,13392,1.674000
2045,648265,13424,1.678000
2046,648582,13328,1.666000
2047,648899,15248,1.906000
2048,649216,15280,1.910000
2049,649532,15184,1.898000
2050,649849,15104,1.888000
2051,650166,15008,1.876000
2052,650483,14896,1.862000
2053,650800,14768,1.846000
2054,651117,14608,1.826000
2055,651433,14432,1.804000
2056,651751,14208,1.776000
2057,652067,14032,1.754000
2058,652384,13824,1.728000
2059,652701,13568,1.696000
2060,653017,13360,1.670000
2061,653335,13328,1.666000
2062,653652,13360,1.670000
2063,653968,13392,1.674000
2064,654285,13376,1.672000
2065,654602,13408,1.676000
2066,654918,13344,1.668000
2067,655236,13328,1.666000
2068,655553,13392,1.674000
2069,655869,13392,1.674000
2070,656186,13376,1.672000
2071,656503,13376,1.672000
2072,656820,13392,1.674000
2073,657137,12448,1.556000
2074,657454,11504,1.438000
2075,657771,11584,1.448000
2076,658088,11616,1.452000
2077,658405,11712,1.464000
2078,658721,11792,1.474000
2079,659038,11968,1.496000
2080,659355,12176,1.522000
2081,659672,12272,1.534000
2082,659989,12512,1.564000
2083,660306,12704,1.588000
2084,660623,12912,1.614000
2085,660939,13120,1.640000
2086,661257,13424,1.678000
2087,661573,13376,1.672000
2088,661890,13360,1.670000
2089,662207,13408,1.676000
2090,662524,13376,1.672000
2091,662840,13408,1.676000
2092,663158,13408,1.676000
2093,663474,13344,1.668000
2094,663791,13392,1.674000
2095,664108,13376,1.672000
2096,664425,13392,1.674000
2097,664742,13408,1.676000
2098,665058,13376,1.672000
2099,665376,13920,1.740000
2100,665692,15232,1.904000
2101,666009,15200,1.900000
2102,666326,15184,1.898000
2103,666643,15072,1.884000
2104,666960,14976,1.872000
2105,667277,14848,1.856000
2106,667593,14704,1.838000
2107,667910,14496,1.812000
2108,668227,14416,1.802000
2109,668544,14160,1.770000
2110,668861,13952,1.744000
2111,669178,13728,1.716000
2112,669495,13456,1.682000
2113,669812,13344,1.668000
2114,670128,13376,1.672000
2115,670445,13376,1.672000
2116,670762,13424,1.678000
2117,671079,13424,1.678000
2118,671396,13376,1.672000
2119,671713,13376,1.672000
2120,672029,13392,1.674000
2121,672347,13424,1.678000
2122,672663,13328,1.666000
2123,672980,13376,1.672000
2124,673297,13392,1.674000
2125,673613,13344,1.668000
2126,673931,11456,1.432000
2127,674248,11552,1.444000
2128,674564,11568,1.446000
2129,674881,11664,1.458000
2130,675199,11760,1.470000
2131,675515,11840,1.480000
2132,675832,11984,1.498000
2133,676149,12240,1.530000
2134,676466,12336,1.542000
2135,676783,12592,1.574000
2136,677099,12736,1.592000
2137,677416,13008,1.626000
2138,677733,13184,1.648000
2139,678050,13376,1.672000
2140,678367,13360,1.670000
2141,678687,13344,1.668000
2142,679001,13408,1.676000
2143,679317,13360,1.670000
2144,679634,13248,1.656000
2145,679951,13392,1.674000
2146,680268,13408,1.676000
2147,680584,13440,1.680000
2148,680902,13424,1.678000
2149,681218,13392,1.674000
2150,681536,13376,1.672000
2151,681852,13376,1.672000
2152,682169,14432,1.804000
2153,682486,15216,1.902000
2154,682803,15200,1.900000
2155,683120,15184,1.898000
2156,683437,15072,1.884000
2157,683753,14944,1.868000
2158,684070,14784,1.848000
2159,684387,14672,1.834000
2160,684704,14448,1.806000
2161,685021,14272,1.784000
2162,685338,14032,1.754000
2163,685654,13824,1.728000
2164,685971,13584,1.698000
2165,686289,13408,1.676000
2166,686605,13360,1.670000
2167,686922,13328,1.666000
2168,687239,13360,1.670000
2169,687555,13376,1.672000
2170,687873,13440,1.680000
2171,688190,13424,1.678000
2172,688506,13360,1.670000
2173,688823,13344,1.668000
2174,689140,13408,1.676000
2175,689457,13408,1.676000
2176,689774,13360,1.670000
2177,690090,13360,1.670000
2178,690408,12416,1.552000
2179,690724,11504,1.438000
2180,691042,11504,1.438000
2181,691358,11552,1.444000
2182,691675,11728,1.466000
2183,691992,11792,1.474000
2184,692308,11984,1.498000
2185,692625,12096,1.512000
2186,692943,12304,1.538000
2187,693259,12480,1.560000
2188,693576,12656,1.582000
2189,693893,12864,1.608000
2190,694210,13088,1.636000
2191,694526,13344,1.668000
2192,694843,13408,1.676000
2193,695160,13392,1.674000
2194,695477,13360,1.670000
2195,695794,13424,1.678000
2196,696111,13232,1.654000
2197,696428,13440,1.680000
2198,696745,13424,1.678000
2199,697062,13424,1.678000
2200,697379,13216,1.652000
2201,697695,13376,1.672000
2202,698012,13504,1.688000
2203,698329,13424,1.678000
2204,698646,13392,1.674000
2205,698962,15232,1.904000
2206,699280,15248,1.906000
2207,699596,15248,1.906000
2208,699913,15120,1.890000
2209,700230,15008,1.876000
2210,700547,14896,1.862000
2211,700864,14720,1.840000
2212,701181,14544,1.818000
2213,701497,14384,1.798000
2214,701814,14160,1.770000
2215,702131,13920,1.740000
2216,702448,13760,1.720000
2217,702765,13536,1.692000
2218,703082,13344,1.668000
2219,703398,13392,1.674000
2220,703715,13376,1.672000
2221,704032,13408,1.676000
2222,704349,13360,1.670000
2223,704666,13408,1.676000
2224,704983,13440,1.680000
2225,705300,13376,1.672000
2226,705616,13392,1.674000
2227,705933,13376,1.672000
2228,706250,13488,1.686000
2229,706567,13376,1.672000
2230,706884,13376,1.672000
2231,707201,11856,1.482000
2232,707518,11520,1.440000
2233,707834,11536,1.442000
2234,708152,11600,1.450000
2235,708469,11760,1.470000
2236,708785,11888,1.486000
2237,709102,12016,1.502000
2238,709419,12144,1.518000
2239,709736,12320,1.540000
2240,710052,12560,1.570000
2241,710369,12768,1.596000
2242,710686,12928,1.616000
2243,711003,13232,1.654000
2244,711320,13344,1.668000
2245,711637,13392,1.674000
2246,711954,13360,1.670000
2247,712270,13392,1.674000
2248,712588,13408,1.676000
2249,712904,13440,1.680000
2250,713221,13344,1.668000
2251,713538,13392,1.674000
2252,713855,13376,1.672000
2253,714172,13408,1.676000
2254,714489,13344,1.668000
2255,714805,13312,1.664000
2256,715123,13424,1.678000
2257,715439,14336,1.792000
2258,715756,15232,1.904000
2259,716073,15200,1.900000
2260,716390,15200,1.900000
2261,716706,15072,1.884000
2262,717024,14944,1.868000
2263,717341,14848,1.856000
2264,717657,14656,1.832000
2265,717974,14400,1.800000
2266,718291,14304,1.788000
2267,718608,14112,1.764000
2268,718925,13840,1.730000
2269,719242,13632,1.704000
2270,719558,13424,1.678000
2271,719875,13216,1.652000
2272,720192,13376,1.672000
2273,720509,13344,1.668000
2274,720826,13408,1.676000
2275,721143,13376,1.672000
2276,721459,13376,1.672000
2277,721776,13424,1.678000
2278,722093,13344,1.668000
2279,722410,13408,1.676000
2280,722728,13408,1.676000
2281,723044,13408,1.676000
2282,723361,13376,1.672000
2283,723678,13376,1.672000
2284,723995,11632,1.454000
2285,724312,11520,1.440000
2286,724628,11536,1.442000
2287,724945,11680,1.460000
2288,725262,11792,1.474000
2289,725579,11904,1.488000
2290,725896,12032,1.504000
2291,726213,12192,1.524000
2292,726529,12400,1.550000
2293,726846,12544,1.568000
2294,727164,12848,1.606000
2295,727480,13024,1.628000
2296,727796,13280,1.660000
2297,728114,13392,1.674000
2298,728431,13440,1.680000
2299,728748,13424,1.678000
2300,729064,13408,1.676000
2301,729381,13376,1.672000
2302,729698,13360,1.670000
2303,730015,13376,1.672000
2304,730331,13376,1.672000
2305,730649,13440,1.680000
2306,730965,13472,1.684000
2307,731282,13440,1.680000
2308,731599,13424,1.678000
2309,731916,13376,1.672000
2310,732233,15344,1.918000
2311,732550,15200,1.900000
2312,732867,15168,1.896000
2313,733184,15120,1.890000
2314,733501,15024,1.878000
2315,733817,14912,1.864000
2316,734134,14784,1.848000
2317,734451,14544,1.818000
2318,734768,14448,1.806000
2319,735084,14256,1.782000
2320,735401,14048,1.756000
2321,735719,13808,1.726000
2322,736035,13536,1.692000
2323,736352,13456,1.682000
2324,736669,13392,1.674000
2325,736986,13328,1.666000
2326,737303,13408,1.676000
2327,737619,13392,1.674000
2328,737936,13392,1.674000
2329,738253,13392,1.674000
2330,738570,13360,1.670000
2331,738887,13392,1.674000
2332,739204,13360,1.670000
2333,739520,13408,1.676000
2334,739838,13408,1.676000
2335,740154,13504,1.688000
2336,740471,12544,1.568000
2337,740788,11488,1.436000
2338,741105,11520,1.440000
2339,741422,11632,1.454000
2340,741739,11712,1.464000
2341,742056,11824,1.478000
2342,742373,11920,1.490000
2343,742689,12128,1.516000
2344,743007,12320,1.540000
2345,743323,12512,1.564000
2346,743640,12688,1.586000
2347,743957,12912,1.614000
2348,744274,13136,1.642000
2349,744590,13344,1.668000
2350,744908,13376,1.672000
2351,745224,13376,1.672000
2352,745541,13328,1.666000
2353,745858,13408,1.676000
2354,746175,13408,1.676000
2355,746491,13360,1.670000
2356,746809,13392,1.674000
2357,747125,13376,1.672000
2358,747442,13376,1.672000
2359,747758,13392,1.674000
2360,748076,13392,1.674000
2361,748392,13408,1.676000
2362,748710,13952,1.744000
2363,749026,15296,1.912000
2364,749343,15232,1.904000
2365,749660,15168,1.896000
2366,749977,15072,1.884000
2367,750294,14944,1.868000
2368,750611,14816,1.852000
2369,750928,14720,1.840000
2370,751245,14528,1.816000
2371,751561,14320,1.790000
2372,751878,14112,1.764000
2373,752195,13904,1.738000
2374,752511,13696,1.712000
2375,752829,13456,1.682000
2376,753146,13408,1.676000
2377,753462,13424,1.678000
2378,753780,13392,1.674000
2379,754096,13424,1.678000
2380,754413,13408,1.676000
2381,754730,13392,1.674000
2382,755046,13376,1.672000
2383,755364,13360,1.670000
2384,755685,13440,1.680000
2385,755997,13456,1.682000
2386,756314,13392,1.674000
2387,756631,13424,1.678000
2388,756948,13376,1.672000
2389,757265,11472,1.434000
2390,757582,11536,1.442000
2391,757899,11600,1.450000
2392,758215,11664,1.458000
2393,758532,11744,1.468000
2394,758849,11872,1.484000
2395,759165,11984,1.498000
2396,759483,12176,1.522000
2397,759800,12416,1.552000
2398,760116,12576,1.572000
2399,760433,12784,1.598000
2400,760750,12992,1.624000
2401,761067,13200,1.650000
2402,761384,13392,1.674000
2403,761701,13376,1.672000
2404,762018,13440,1.680000
2405,762335,13360,1.670000
2406,762651,13392,1.674000
2407,762969,13392,1.674000
2408,763285,13360,1.670000
2409,763602,13392,1.674000
2410,763919,13376,1.672000
2411,764236,13392,1.674000
2412,764553,13408,1.676000
2413,764869,13472,1.684000
2414,765186,13328,1.666000
2415,765503,14496,1.812000
2416,765820,15264,1.908000
2417,766137,15184,1.898000
2418,766454,15136,1.892000
2419,766771,15040,1.880000
2420,767087,14944,1.868000
2421,767404,14832,1.854000
2422,767721,14672,1.834000
2423,768038,14448,1.806000
2424,768355,14320,1.790000
2425,768672,13952,1.744000
2426,768989,13872,1.734000
2427,769306,13616,1.702000
2428,769623,13440,1.680000
2429,769939,13408,1.676000
2430,770256,13376,1.672000
2431,770573,13408,1.676000
2432,770890,13440,1.680000
2433,771207,13424,1.678000
2434,771524,13376,1.672000
2435,771840,13424,1.678000
2436,772157,13408,1.676000
2437,772474,13376,1.672000
2438,772791,13408,1.676000
2439,773108,13360,1.670000
2440,773425,13376,1.672000
2441,773742,12496,1.562000
2442,774058,11504,1.438000
2443,774375,11584,1.448000
2444,774692,11600,1.450000
2445,775009,11712,1.464000
2446,775326,11760,1.470000
2447,775643,11968,1.496000
2448,775960,12112,1.514000
2449,776276,12240,1.530000
2450,776594,12448,1.556000
2451,776910,12656,1.582000
2452,777227,12944,1.618000
2453,777544,13120,1.640000
2454,777860,13248,1.656000
2455,778178,13392,1.674000
2456,778494,13456,1.682000
2457,778811,13392,1.674000
2458,779128,13440,1.680000
2459,779445,13392,1.674000
2460,779762,13408,1.676000
2461,780079,13408,1.676000
2462,780396,13360,1.670000
2463,780713,13424,1.678000
2464,781029,13392,1.674000
2465,781346,13392,1.674000
2466,781663,13408,1.676000
2467,781980,13408,1.676000
2468,782297,15280,1.910000
2469,782614,15232,1.904000
2470,782931,15200,1.900000
2471,783248,15088,1.886000
2472,783564,14960,1.870000
2473,783881,14832,1.854000
2474,784198,14752,1.844000
2475,784515,14608,1.826000
2476,784832,14384,1.798000
2477,785149,14160,1.770000
2478,785465,13952,1.744000
2479,785782,13744,1.718000
2480,786099,13536,1.692000
2481,786416,13344,1.668000
2482,786733,13376,1.672000
2483,787050,13312,1.664000
2484,787367,13456,1.682000
2485,787686,13392,1.674000
2486,788000,13392,1.674000
2487,788317,13376,1.672000
2488,788634,13152,1.644000
2489,788950,13392,1.674000
2490,789267,13504,1.688000
2491,789585,13376,1.672000
2492,789902,13424,1.678000
2493,790219,13408,1.676000
2494,790535,11984,1.498000
2495,790852,11504,1.438000
2496,791169,11632,1.454000
2497,791486,11664,1.458000
2498,791803,11728,1.466000
2499,792119,11872,1.484000
2500,792436,12016,1.502000
2501,792754,12176,1.522000
2502,793070,12352,1.544000
2503,793387,12496,1.562000
2504,793704,12752,1.594000
2505,794020,12960,1.620000
2506,794337,13168,1.646000
2507,794654,13376,1.672000
2508,794972,13376,1.672000
2509,795288,13296,1.662000
2510,795605,13360,1.670000
2511,795922,13424,1.678000
2512,796239,13392,1.674000
2513,796556,13392,1.674000
2514,796872,13360,1.670000
2515,797189,13408,1.676000
2516,797506,13312,1.664000
2517,797823,13392,1.674000
2518,798140,13408,1.676000
2519,798457,13392,1.674000
2520,798774,14336,1.792000
2521,799090,15264,1.908000
2522,799407,15264,1.908000
2523,799724,15168,1.896000
2524,800041,15088,1.886000
2525,800357,14928,1.866000
2526,800675,14800,1.850000
2527,800992,14688,1.836000
2528,801309,14480,1.810000
2529,801625,14288,1.786000
2530,801943,14080,1.760000
2531,802259,13856,1.732000
2532,802576,13584,1.698000
2533,802893,13488,1.686000
2534,803210,13392,1.674000
2535,803527,13408,1.676000
2536,803843,13376,1.672000
2537,804160,13376,1.672000
2538,804477,13376,1.672000
2539,804794,13424,1.678000
2540,805111,13408,1.676000
2541,805428,13424,1.678000
2542,805745,13344,1.668000
2543,806061,13408,1.676000
2544,806378,13376,1.672000
2545,806695,13392,1.674000
2546,807012,13328,1.666000
2547,807329,11536,1.442000
2548,807645,11504,1.438000
2549,807962,11616,1.452000
2550,808279,11632,1.454000
2551,808596,11776,1.472000
2552,808913,11824,1.478000
2553,809230,12064,1.508000
2554,809547,12224,1.528000
2555,809864,12416,1.552000
2556,810181,12624,1.578000
2557,810497,12848,1.606000
2558,810814,13088,1.636000
2559,811130,13248,1.656000
2560,811448,13376,1.672000
2561,811765,13392,1.674000
2562,812081,13344,1.668000
2563,812399,13408,1.676000
2564,812715,13376,1.672000
2565,813032,13248,1.656000
2566,813349,13376,1.672000
2567,813666,13472,1.684000
2568,813983,13376,1.672000
2569,814300,13344,1.668000
2570,814616,13376,1.672000
2571,814933,13456,1.682000
2572,815250,13408,1.676000
2573,815567,15232,1.904000
2574,815884,15200,1.900000
2575,816201,15184,1.898000
2576,816518,15152,1.894000
2577,816834,15008,1.876000
2578,817151,15056,1.882000
2579,817468,14768,1.846000
2580,817785,14512,1.814000
2581,818102,14416,1.802000
2582,818419,14176,1.772000
2583,818735,14064,1.758000
2584,819053,13824,1.728000
2585,819369,13568,1.696000
2586,819687,13360,1.670000
2587,820003,13376,1.672000
2588,820320,13344,1.668000
2589,820637,13424,1.678000
2590,820953,13344,1.668000
2591,821271,13376,1.672000
2592,821587,13344,1.668000
2593,821904,13440,1.680000
2594,822221,13408,1.676000
2595,822538,13392,1.674000
2596,822855,13408,1.676000
2597,823172,13360,1.670000
2598,823489,13360,1.670000
2599,823805,12416,1.552000
2600,824123,11504,1.438000
2601,824439,11600,1.450000
2602,824756,11664,1.458000
2603,825072,11712,1.464000
2604,825390,11856,1.482000
2605,825707,11936,1.492000
2606,826023,12128,1.516000
2607,826340,12336,1.542000
2608,826657,12496,1.562000
2609,826974,12672,1.584000
2610,827291,12928,1.616000
2611,827608,13152,1.644000
2612,827925,13344,1.668000
2613,828242,13392,1.674000
2614,828558,13360,1.670000
2615,828875,13408,1.676000
2616,829192,13472,1.684000
2617,829509,13360,1.670000
2618,829826,13376,1.672000
2619,830143,13360,1.670000
2620,830459,13408,1.676000
2621,830776,13344,1.668000
2622,831093,13392,1.674000
2623,831410,13392,1.674000
2624,831727,13392,1.674000
2625,832044,13888,1.736000
2626,832361,15280,1.910000
2627,832678,15216,1.902000
2628,832994,15184,1.898000
2629,833311,15088,1.886000
2630,833628,14944,1.868000
2631,833945,14896,1.862000
2632,834262,14720,1.840000
2633,834579,14496,1.812000
2634,834896,14336,1.792000
2635,835213,14144,1.768000
2636,835529,13904,1.738000
2637,835846,13712,1.714000
2638,836163,13488,1.686000
2639,836480,13328,1.666000
2640,836797,13376,1.672000
2641,837114,13392,1.674000
2642,837431,13408,1.676000
2643,837747,13392,1.674000
2644,838064,13440,1.680000
2645,838381,13328,1.666000
2646,838698,13424,1.678000
2647,839015,13424,1.678000
2648,839332,13392,1.674000
2649,839648,13344,1.668000
2650,839966,13376,1.672000
2651,840283,13376,1.672000
2652,840599,11520,1.440000
2653,840915,11520,1.440000
2654,841233,11552,1.444000
2655,841550,11664,1.458000
2656,841866,11760,1.470000
2657,842183,11872,1.484000
2658,842500,12064,1.508000
2659,842816,12192,1.524000
2660,843134,12368,1.546000
2661,843451,12624,1.578000
2662,843767,12768,1.596000
2663,844085,12992,1.624000
2664,844402,13232,1.654000
2665,844718,13376,1.672000
2666,845035,13376,1.672000
2667,845352,13408,1.676000
2668,845669,13392,1.674000
2669,845985,13376,1.672000
2670,846302,13440,1.680000
2671,846619,13440,1.680000
2672,846936,13360,1.670000
2673,847253,13408,1.676000
2674,847570,13376,1.672000
2675,847887,13392,1.674000
2676,848204,13424,1.678000
2677,848520,13408,1.676000
2678,848838,14384,1.798000
2679,849154,15280,1.910000
2680,849471,15232,1.904000
2681,849788,15152,1.894000
2682,850105,15008,1.876000
2683,850422,14960,1.870000
2684,850738,14784,1.848000
2685,851056,14624,1.828000
2686,851373,14432,1.804000
2687,851689,14272,1.784000
2688,852006,14032,1.754000
2689,852323,13856,1.732000
2690,852640,13632,1.704000
2691,852957,13408,1.676000
2692,853274,13376,1.672000
2693,853590,13392,1.674000
2694,853907,13424,1.678000
2695,854223,13376,1.672000
2696,854541,13392,1.674000
2697,854858,13408,1.676000
2698,855174,13424,1.678000
2699,855491,13424,1.678000
2700,855809,13360,1.670000
2701,856125,13392,1.674000
2702,856442,13424,1.678000
2703,856759,13408,1.676000
2704,857076,12496,1.562000
2705,857392,11504,1.438000
2706,857710,11472,1.434000
2707,858027,11616,1.452000
2708,858344,11712,1.464000
2709,858660,11760,1.470000
2710,858977,11936,1.492000
2711,859294,12096,1.512000
2712,859611,12288,1.536000
2713,859928,12416,1.552000
2714,860245,12704,1.588000
2715,860561,12880,1.610000
2716,860878,13056,1.632000
2717,861195,13280,1.660000
2718,861512,13376,1.672000
2719,861829,13408,1.676000
2720,862146,13376,1.672000
2721,862462,13408,1.676000
2722,862779,13392,1.674000
2723,863096,13472,1.684000
2724,863413,13392,1.674000
2725,863730,13344,1.668000
2726,864047,13344,1.668000
2727,864364,13344,1.668000
2728,864680,13424,1.678000
2729,864997,13424,1.678000
2730,865314,13424,1.678000
2731,865631,15296,1.912000
2732,865948,15216,1.902000
2733,866265,15232,1.904000
2734,866581,15088,1.886000
2735,866898,14992,1.874000
2736,867215,14864,1.858000
2737,867532,14672,1.834000
2738,867849,14576,1.822000
2739,868166,14368,1.796000
2740,868483,14208,1.776000
2741,868800,13920,1.740000
2742,869116,13712,1.714000
2743,869434,13536,1.692000
2744,869750,13440,1.680000
2745,870067,13424,1.678000
2746,870384,13376,1.672000
2747,870700,13376,1.672000
2748,871018,13456,1.682000
2749,871335,13392,1.674000
2750,871651,13392,1.674000
2751,871968,13440,1.680000
2752,872285,13360,1.670000
2753,872602,13360,1.670000
2754,872918,13360,1.670000
2755,873236,13424,1.678000
2756,873553,13504,1.688000
2757,873869,11968,1.496000
2758,874186,11520,1.440000
2759,874503,11552,1.444000
2760,874820,11648,1.456000
2761,875137,11760,1.470000
2762,875454,11856,1.482000
2763,875770,11952,1.494000
2764,876087,12160,1.520000
2765,876404,12336,1.542000
2766,876721,12544,1.568000
2767,877038,12752,1.594000
2768,877355,12992,1.624000
2769,877672,13024,1.628000
2770,877989,13376,1.672000
2771,878306,13488,1.686000
2772,878622,13360,1.670000
2773,878939,13392,1.674000
2774,879256,13376,1.672000
2775,879573,13424,1.678000
2776,879890,13328,1.666000
2777,880207,13328,1.666000
2778,880524,13360,1.670000
2779,880840,13360,1.670000
2780,881157,13440,1.680000
2781,881474,13456,1.682000
2782,881791,13408,1.676000
2783,882108,14400,1.800000
2784,882424,15120,1.890000
2785,882741,15200,1.900000
2786,883058,15136,1.892000
2787,883375,15072,1.884000
2788,883692,14960,1.870000
2789,884009,14848,1.856000
2790,884326,14592,1.824000
2791,884643,14528,1.816000
2792,884959,14240,1.780000
2793,885277,14112,1.764000
2794,885593,13856,1.732000
2795,885910,13632,1.704000
2796,886227,13392,1.674000
2797,886544,13456,1.682000
2798,886861,13376,1.672000
2799,887177,13360,1.670000
2800,887494,13376,1.672000
2801,887811,13376,1.672000
2802,888128,13424,1.678000
2803,888445,13408,1.676000
2804,888762,13360,1.670000
2805,889079,13392,1.674000
2806,889396,13392,1.674000
2807,889712,13392,1.674000
2808,890029,13408,1.676000
2809,890346,13376,1.672000
2810,890663,11520,1.440000
2811,890979,11552,1.444000
2812,891296,11632,1.454000
2813,891614,11648,1.456000
2814,891930,11792,1.474000
2815,892247,11904,1.488000
2816,892564,12064,1.508000
2817,892881,12240,1.530000
2818,893197,12400,1.550000
2819,893515,12608,1.576000
2820,893832,12832,1.604000
2821,894148,13088,1.636000
2822,894466,13232,1.654000
2823,894782,13392,1.674000
2824,895099,13392,1.674000
2825,895415,13376,1.672000
2826,895733,13328,1.666000
2827,896049,13392,1.674000
2828,896367,13392,1.674000
2829,896686,13440,1.680000
2830,897000,13408,1.676000
2831,897317,13392,1.674000
2832,897634,13408,1.676000
2833,897951,13280,1.660000
2834,898268,13424,1.678000
2835,898585,13376,1.672000
2836,898902,15216,1.902000
2837,899219,15264,1.908000
2838,899535,15216,1.902000
2839,899852,15136,1.892000
2840,900169,14912,1.864000
2841,900485,14928,1.866000
2842,900803,14752,1.844000
2843,901119,14624,1.828000
2844,901436,14400,1.800000
2845,901753,14192,1.774000
2846,902070,14080,1.760000
2847,902387,13872,1.734000
2848,902704,13568,1.696000
2849,903020,13344,1.668000
2850,903337,13360,1.670000
2851,903654,13408,1.676000
2852,903970,13392,1.674000
2853,904287,13504,1.688000
2854,904605,13376,1.672000
2855,904921,13312,1.664000
2856,905239,13408,1.676000
2857,905555,13392,1.674000
2858,905872,13376,1.672000
2859,906189,13520,1.690000
2860,906506,13360,1.670000
2861,906823,13344,1.668000
2862,907139,12448,1.556000
2863,907456,11520,1.440000
2864,907773,11504,1.438000
2865,908090,11584,1.448000
2866,908407,11712,1.464000
2867,908724,11824,1.478000
2868,909041,12032,1.504000
2869,909358,12144,1.518000
2870,909674,12320,1.540000
2871,909991,12480,1.560000
2872,910308,12688,1.586000
2873,910625,12928,1.616000
2874,910942,13168,1.646000
2875,911259,13456,1.682000
2876,911576,13360,1.670000
2877,911892,13344,1.668000
2878,912209,13392,1.674000
2879,912526,13424,1.678000
2880,912844,13408,1.676000
2881,913160,13360,1.670000
2882,913477,13408,1.676000
2883,913793,13472,1.684000
2884,914111,13392,1.674000
2885,914427,13440,1.680000
2886,914744,13376,1.672000
2887,915061,13392,1.674000
2888,915378,13840,1.730000
2889,915695,15296,1.912000
2890,916012,15232,1.904000
2891,916329,15200,1.900000
2892,916645,15136,1.892000
2893,916962,14928,1.866000
2894,917279,14832,1.854000
2895,917596,14640,1.830000
2896,917913,14512,1.814000
2897,918230,14368,1.796000
2898,918547,14144,1.768000
2899,918863,13936,1.742000
2900,919181,13680,1.710000
2901,919497,13520,1.690000
2902,919814,13424,1.678000
2903,920131,13408,1.676000
2904,920448,13424,1.678000
2905,920765,13424,1.678000
2906,921081,13408,1.676000
2907,921398,13440,1.680000
2908,921715,13360,1.670000
2909,922032,13440,1.680000
2910,922349,13360,1.670000
2911,922666,13360,1.670000
2912,922982,13392,1.674000
2913,923300,13424,1.678000
2914,923616,13376,1.672000
2915,923933,11520,1.440000
2916,924250,11520,1.440000
2917,924567,11584,1.448000
2918,924884,11680,1.460000
2919,925201,11760,1.470000
2920,925517,11936,1.492000
2921,925835,12080,1.510000
2922,926151,12160,1.520000
2923,926468,12400,1.550000
2924,926785,12560,1.570000
2925,927102,12784,1.598000
2926,927419,12992,1.624000
2927,927735,13152,1.644000
2928,928052,13376,1.672000
2929,928369,13376,1.672000
2930,928686,13376,1.672000
2931,929003,13440,1.680000
2932,929320,13408,1.676000
2933,929637,13376,1.672000
2934,929953,13376,1.672000
2935,930270,13376,1.672000
2936,930588,13440,1.680000
2937,930904,13296,1.662000
2938,931221,13408,1.676000
2939,931538,13424,1.678000
2940,931854,13376,1.672000
2941,932172,14384,1.798000
2942,932489,15264,1.908000
2943,932805,15312,1.914000
2944,933122,15136,1.892000
2945,933439,15072,1.884000
2946,933756,14960,1.870000
2947,934073,14816,1.852000
2948,934390,14656,1.832000
2949,934706,14480,1.810000
2950,935024,14272,1.784000
2951,935340,14080,1.760000
2952,935657,13824,1.728000
2953,935974,13632,1.704000
2954,936291,13424,1.678000
2955,936608,13424,1.678000
2956,936925,13360,1.670000
2957,937241,13392,1.674000
2958,937559,13376,1.672000
2959,937875,13392,1.674000
2960,938192,13424,1.678000
2961,938509,13376,1.672000
2962,938825,13424,1.678000
2963,939143,13392,1.674000
2964,939460,13392,1.674000
2965,939776,13408,1.676000
2966,940093,13392,1.674000
2967,940410,12592,1.574000
2968,940727,11552,1.444000
2969,941044,11504,1.438000
2970,941361,11664,1.458000
2971,941678,11712,1.464000
2972,941994,11776,1.472000
2973,942311,11984,1.498000
2974,942628,12096,1.512000
2975,942945,12320,1.540000
2976,943261,12416,1.552000
2977,943579,12672,1.584000
2978,943896,12896,1.612000
2979,944213,13088,1.636000
2980,944529,13312,1.664000
2981,944846,13344,1.668000
2982,945163,13360,1.670000
2983,945480,13376,1.672000
2984,945796,13408,1.676000
2985,946114,13408,1.676000
2986,946431,13424,1.678000
2987,946747,13408,1.676000
2988,947064,13408,1.676000
2989,947381,13408,1.676000
2990,947698,13424,1.678000
2991,948015,13328,1.666000
2992,948332,13408,1.676000
2993,948649,13408,1.676000
2994,948965,15296,1.912000
2995,949282,15184,1.898000
2996,949599,15168,1.896000
2997,949916,15136,1.892000
2998,950233,15008,1.876000
2999,950550,14880,1.860000
3000,950866,14784,1.848000
3001,951183,14544,1.818000
3002,951501,14368,1.796000
3003,951817,14160,1.770000
3004,952134,13952,1.744000
3005,952450,13744,1.718000
3006,952768,13520,1.690000
3007,953085,13408,1.676000
3008,953401,13408,1.676000
3009,953718,13376,1.672000
3010,954035,13376,1.672000
3011,954352,13360,1.670000
3012,954669,13392,1.674000
3013,954985,13424,1.678000
3014,955302,13424,1.678000
3015,955619,13360,1.670000
3016,955936,13376,1.672000
3017,956253,13360,1.670000
3018,956570,13392,1.674000
3019,956887,13360,1.670000
3020,957204,12000,1.500000
3021,957520,11504,1.438000
3022,957838,11600,1.450000
3023,958154,11680,1.460000
3024,958471,11696,1.462000
3025,958788,11824,1.478000
3026,959105,12048,1.506000
3027,959422,12128,1.516000
3028,959739,12352,1.544000
3029,960055,12592,1.574000
3030,960372,12768,1.596000
3031,960689,13008,1.626000
3032,961006,13168,1.646000
3033,961323,13360,1.670000
3034,961640,13376,1.672000
3035,961956,13408,1.676000
3036,962274,13392,1.674000
3037,962590,13280,1.660000
3038,962907,13392,1.674000
3039,963224,13392,1.674000
3040,963541,13344,1.668000
3041,963858,13392,1.674000
3042,964174,13408,1.676000
3043,964491,13392,1.674000
3044,964808,13376,1.672000
3045,965125,13360,1.670000
3046,965442,14320,1.790000
3047,965759,15264,1.908000
3048,966076,15216,1.902000
3049,966393,15168,1.896000
3050,966709,15280,1.910000
3051,967026,14960,1.870000
3052,967344,14784,1.848000
3053,967660,14672,1.834000
3054,967977,14480,1.810000
3055,968294,14288,1.786000
3056,968610,14208,1.776000
3057,968928,13872,1.734000
3058,969245,13616,1.702000
3059,969561,13456,1.682000
3060,969878,13392,1.674000
3061,970195,13344,1.668000
3062,970512,13408,1.676000
3063,970829,13280,1.660000
3064,971146,13360,1.670000
3065,971462,13424,1.678000
3066,971779,13408,1.676000
3067,972097,13392,1.674000
3068,972413,13376,1.672000
3069,972730,13408,1.676000
3070,973047,13360,1.670000
3071,973364,13232,1.654000
3072,973680,13424,1.678000
3073,973997,11488,1.436000
3074,974314,11552,1.444000
3075,974631,11584,1.448000
3076,974948,11648,1.456000
3077,975265,11760,1.470000
3078,975582,11776,1.472000
3079,975899,12064,1.508000
3080,976216,12176,1.522000
3081,976532,12384,1.548000
3082,976849,12592,1.574000
3083,977166,12848,1.606000
3084,977483,13088,1.636000
3085,977799,13280,1.660000
3086,978117,13376,1.672000
3087,978433,13328,1.666000
3088,978750,13360,1.670000
3089,979067,13296,1.662000
3090,979384,13344,1.668000
3091,979700,13360,1.670000
3092,980018,13376,1.672000
3093,980335,13360,1.670000
3094,980651,13408,1.676000
3095,980968,13392,1.674000
3096,981285,13424,1.678000
3097,981602,13408,1.676000
3098,981918,13408,1.676000
3099,982235,15264,1.908000
3100,982553,15264,1.908000
3101,982869,15184,1.898000
3102,983186,15136,1.892000
3103,983503,15056,1.882000
3104,983820,14896,1.862000
3105,984137,14816,1.852000
3106,984454,14592,1.824000
3107,984771,14432,1.804000
3108,985087,14224,1.778000
3109,985404,13984,1.748000
3110,985721,13760,1.720000
3111,986038,13536,1.692000
3112,986355,13408,1.676000
3113,986672,13392,1.674000
3114,986988,13392,1.674000
3115,987305,13392,1.674000
3116,987622,13424,1.678000
3117,987939,13376,1.672000
3118,988256,13392,1.674000
3119,988573,13376,1.672000
3120,988890,13392,1.674000
3121,989207,13536,1.692000
3122,989523,13360,1.670000
3123,989840,13328,1.666000
3124,990157,13440,1.680000
3125,990474,12432,1.554000
3126,990790,11488,1.436000
3127,991108,11584,1.448000
3128,991424,11632,1.454000
3129,991741,11728,1.466000
3130,992058,11824,1.478000
3131,992375,11984,1.498000
3132,992692,12096,1.512000
3133,993009,12304,1.538000
3134,993326,12496,1.562000
3135,993642,12672,1.584000
3136,993959,12944,1.618000
3137,994277,13120,1.640000
3138,994593,13392,1.674000
3139,994910,13360,1.670000
3140,995227,13424,1.678000
3141,995544,13408,1.676000
3142,995861,13296,1.662000
3143,996177,13376,1.672000
3144,996494,13376,1.672000
3145,996811,13392,1.674000
3146,997128,13408,1.676000
3147,997445,13376,1.672000
3148,997761,13408,1.676000
3149,998079,13376,1.672000
3150,998395,13376,1.672000
3151,998713,13792,1.724000
3152,999029,15264,1.908000
3153,999346,15216,1.902000
3154,999663,15152,1.894000
3155,999979,15152,1.894000
