sample,timestamp_us,raw,voltage_V
0,7,13632,1.704000
1,324,13424,1.678000
2,641,13424,1.678000
3,958,13392,1.674000
4,1275,13360,1.670000
5,1591,13392,1.674000
6,1908,13440,1.680000
7,2225,13328,1.666000
8,2542,13360,1.670000
9,2859,13440,1.680000
10,3176,13344,1.668000
11,3493,13424,1.678000
12,3810,13424,1.678000
13,4126,13408,1.676000
14,4444,13360,1.670000
15,4760,13424,1.678000
16,5076,13392,1.674000
17,5394,13424,1.678000
18,5710,13392,1.674000
19,6028,13408,1.676000
20,6345,13472,1.684000
21,6661,13424,1.678000
22,6978,13392,1.674000
23,7295,13440,1.680000
24,7612,13328,1.666000
25,7929,13424,1.678000
26,8246,13440,1.680000
27,8562,13424,1.678000
28,8879,13376,1.672000
29,9196,13408,1.676000
30,9513,13504,1.688000
31,9830,13408,1.676000
32,10146,13488,1.686000
33,10464,13408,1.676000
34,10780,13440,1.680000
35,11098,13472,1.684000
36,11414,13392,1.674000
37,11731,13440,1.680000
38,12048,13376,1.672000
39,12364,13488,1.686000
40,12682,13456,1.682000
41,12998,13440,1.680000
42,13315,13424,1.678000
43,13632,13296,1.662000
44,13949,13456,1.682000
45,14266,13376,1.672000
46,14583,13424,1.678000
47,14900,13424,1.678000
48,15217,13456,1.682000
49,15533,13424,1.678000
50,15850,13472,1.684000
51,16167,13360,1.670000
52,16484,13440,1.680000
53,16801,13440,1.680000
54,17117,13408,1.676000
55,17434,13408,1.676000
56,17751,13536,1.692000
57,18068,13440,1.680000
58,18385,13296,1.662000
59,18702,13328,1.666000
60,19019,13408,1.676000
61,19336,13408,1.676000
62,19652,13488,1.686000
63,19970,13344,1.668000
64,20286,13408,1.676000
65,20603,13312,1.664000
66,20920,13360,1.670000
67,21237,13424,1.678000
68,21554,13440,1.680000
69,21870,13408,1.676000
70,22188,13376,1.672000
71,22505,13552,1.694000
72,22821,13408,1.676000
73,23138,13424,1.678000
74,23455,13408,1.676000
75,23771,13360,1.670000
76,24089,13392,1.674000
77,24406,13408,1.676000
78,24722,13344,1.668000
79,25039,13328,1.666000
80,25356,13312,1.664000
81,25673,13440,1.680000
82,25990,13360,1.670000
83,26306,13440,1.680000
84,26624,13360,1.670000
85,26940,13488,1.686000
86,27257,13440,1.680000
87,27574,13344,1.668000
88,27891,13456,1.682000
89,28208,13408,1.676000
90,28525,13456,1.682000
91,28841,13424,1.678000
92,29159,13440,1.680000
93,29475,13440,1.680000
94,29792,13424,1.678000
95,30109,13392,1.674000
96,30426,13408,1.676000
97,30743,13440,1.680000
98,31060,13344,1.668000
99,31377,13456,1.682000
100,31693,13392,1.674000
101,32010,13392,1.674000
102,32327,13456,1.682000
103,32644,13408,1.676000
104,32961,13440,1.680000
105,33277,13408,1.676000
106,33595,13376,1.672000
107,33912,13424,1.678000
108,34229,13440,1.680000
109,34545,13456,1.682000
110,34861,13360,1.670000
111,35179,13392,1.674000
112,35495,13360,1.670000
113,35813,13392,1.674000
114,36129,13344,1.668000
115,36446,13296,1.662000
116,36763,13392,1.674000
117,37080,13392,1.674000
118,37397,13360,1.670000
119,37713,13408,1.676000
120,38030,13376,1.672000
121,38347,13424,1.678000
122,38664,13360,1.670000
123,38980,13376,1.672000
124,39298,13376,1.672000
125,39615,13392,1.674000
126,39931,13392,1.674000
127,40249,13408,1.676000
128,40565,13376,1.672000
129,40882,13424,1.678000
130,41199,13424,1.678000
131,41516,13424,1.678000
132,41833,13440,1.680000
133,42150,13408,1.676000
134,42467,13376,1.672000
135,42783,13424,1.678000
136,43100,13408,1.676000
137,43417,13488,1.686000
138,43734,13536,1.692000
139,44050,13408,1.676000
140,44368,13440,1.680000
141,44688,13440,1.680000
142,45002,13408,1.676000
143,45319,13456,1.682000
144,45635,13440,1.680000
145,45952,13456,1.682000
146,46269,13472,1.684000
147,46585,13392,1.674000
148,46902,13408,1.676000
149,47219,13488,1.686000
150,47537,13408,1.676000
151,47853,13376,1.672000
152,48170,13408,1.676000
153,48487,13376,1.672000
154,48804,13408,1.676000
155,49120,13408,1.676000
156,49438,13408,1.676000
157,49754,13440,1.680000
158,50071,13360,1.670000
159,50387,13408,1.676000
160,50705,13424,1.678000
161,51022,13408,1.676000
162,51339,13424,1.678000
163,51655,13408,1.676000
164,51972,13296,1.662000
165,52289,13456,1.682000
166,52606,13392,1.674000
167,52923,13328,1.666000
168,53240,13344,1.668000
169,53556,13392,1.674000
170,53874,13392,1.674000
171,54191,13376,1.672000
172,54507,13456,1.682000
173,54824,13376,1.672000
174,55140,13440,1.680000
175,55458,13424,1.678000
176,55775,13456,1.682000
177,56091,13472,1.684000
178,56408,13376,1.672000
179,56725,13424,1.678000
180,57042,13424,1.678000
181,57359,13456,1.682000
182,57676,13440,1.680000
183,57993,13424,1.678000
184,58310,13408,1.676000
185,58627,13424,1.678000
186,58943,13392,1.674000
187,59260,13440,1.680000
188,59577,13504,1.688000
189,59894,13360,1.670000
190,60211,13280,1.660000
191,60527,13408,1.676000
192,60845,13504,1.688000
193,61161,13536,1.692000
194,61478,13488,1.686000
195,61795,13440,1.680000
196,62112,13472,1.684000
197,62429,13680,1.710000
198,62745,13456,1.682000
199,63063,13424,1.678000
200,63379,13392,1.674000
201,63696,13376,1.672000
202,64013,13392,1.674000
203,64330,13520,1.690000
204,64647,13440,1.680000
205,64964,13392,1.674000
206,65281,13408,1.676000
207,65597,13408,1.676000
208,65914,13408,1.676000
209,66231,13376,1.672000
210,66548,13424,1.678000
211,66865,13408,1.676000
212,67182,13424,1.678000
213,67499,13488,1.686000
214,67815,13456,1.682000
215,68132,13408,1.676000
216,68449,13360,1.670000
217,68766,13376,1.672000
218,69082,13312,1.664000
219,69400,13344,1.668000
220,69717,13456,1.682000
221,70033,13360,1.670000
222,70350,13328,1.666000
223,70667,13376,1.672000
224,70984,13392,1.674000
225,71301,13440,1.680000
226,71618,13376,1.672000
227,71934,13392,1.674000
228,72251,13424,1.678000
229,72568,13440,1.680000
230,72885,13424,1.678000
231,73202,13456,1.682000
232,73519,13472,1.684000
233,73835,13408,1.676000
234,74153,13472,1.684000
235,74470,13472,1.684000
236,74786,13424,1.678000
237,75103,13440,1.680000
238,75420,13440,1.680000
239,75737,13344,1.668000
240,76054,13280,1.660000
241,76371,13408,1.676000
242,76689,13408,1.676000
243,77004,13456,1.682000
244,77321,13424,1.678000
245,77638,13424,1.678000
246,77954,13264,1.658000
247,78272,13376,1.672000
248,78589,13504,1.688000
249,78905,13456,1.682000
250,79222,13424,1.678000
251,79539,13360,1.670000
252,79856,13392,1.674000
253,80173,13616,1.702000
254,80490,13392,1.674000
255,80806,13408,1.676000
256,81124,13360,1.670000
257,81440,13360,1.670000
258,81757,13376,1.672000
259,82074,13440,1.680000
260,82390,13440,1.680000
261,82708,13376,1.672000
262,83024,13360,1.670000
263,83342,13376,1.672000
264,83658,13440,1.680000
265,83975,13472,1.684000
266,84292,13296,1.662000
267,84609,13360,1.670000
268,84926,13616,1.702000
269,85243,13360,1.670000
270,85560,13328,1.666000
271,85876,13344,1.668000
272,86193,13344,1.668000
273,86510,13392,1.674000
274,86827,13312,1.664000
275,87144,13392,1.674000
276,87461,13360,1.670000
277,87778,13408,1.676000
278,88094,13376,1.672000
279,88411,13424,1.678000
280,88728,13424,1.678000
281,89045,13264,1.658000
282,89362,13408,1.676000
283,89679,13440,1.680000
284,89996,13408,1.676000
285,90313,13424,1.678000
286,90629,13344,1.668000
287,90946,13568,1.696000
288,91263,13360,1.670000
289,91580,13440,1.680000
290,91897,13376,1.672000
291,92214,13360,1.670000
292,92530,13328,1.666000
293,92847,13504,1.688000
294,93165,13376,1.672000
295,93481,13424,1.678000
296,93798,13440,1.680000
297,94115,13488,1.686000
298,94432,13440,1.680000
299,94749,13472,1.684000
300,95065,13392,1.674000
301,95382,13408,1.676000
302,95699,13408,1.676000
303,96016,13440,1.680000
304,96333,13392,1.674000
305,96650,13440,1.680000
306,96967,13392,1.674000
307,97283,13424,1.678000
308,97600,13424,1.678000
309,97918,13440,1.680000
310,98234,13408,1.676000
311,98551,13408,1.676000
312,98868,13408,1.676000
313,99184,13488,1.686000
314,99502,13408,1.676000
315,99818,13392,1.674000
316,100135,13424,1.678000
317,100452,13488,1.686000
318,100769,13424,1.678000
319,101086,13472,1.684000
320,101403,13392,1.674000
321,101720,13344,1.668000
322,102036,13312,1.664000
323,102353,13392,1.674000
324,102670,13312,1.664000
325,102987,13312,1.664000
326,103304,13344,1.668000
327,103621,13408,1.676000
328,103937,13424,1.678000
329,104255,13344,1.668000
330,104571,13440,1.680000
331,104888,13280,1.660000
332,105205,13376,1.672000
333,105522,13440,1.680000
334,105839,13376,1.672000
335,106155,13392,1.674000
336,106472,13424,1.678000
337,106789,13344,1.668000
338,107106,13472,1.684000
339,107423,13472,1.684000
340,107740,13392,1.674000
341,108056,13328,1.666000
342,108374,13408,1.676000
343,108690,13248,1.656000
344,109007,13328,1.666000
345,109324,13408,1.676000
346,109641,13408,1.676000
347,109958,13408,1.676000
348,110275,13456,1.682000
349,110591,13408,1.676000
350,110908,13520,1.690000
351,111225,13440,1.680000
352,111542,13424,1.678000
353,111859,13440,1.680000
354,112176,13456,1.682000
355,112493,13392,1.674000
356,112810,13504,1.688000
357,113126,13440,1.680000
358,113444,13344,1.668000
359,113760,13424,1.678000
360,114077,13424,1.678000
361,114394,13376,1.672000
362,114711,13392,1.674000
363,115028,13408,1.676000
364,115345,13376,1.672000
365,115661,13344,1.668000
366,115978,13376,1.672000
367,116295,13344,1.668000
368,116612,13392,1.674000
369,116929,13440,1.680000
370,117246,13504,1.688000
371,117563,13392,1.674000
372,117879,13408,1.676000
373,118196,13392,1.674000
374,118513,13376,1.672000
375,118830,13312,1.664000
376,119147,13360,1.670000
377,119464,13392,1.674000
378,119780,13376,1.672000
379,120098,13488,1.686000
380,120414,13424,1.678000
381,120731,13392,1.674000
382,121048,13408,1.676000
383,121365,13344,1.668000
384,121681,13376,1.672000
385,121998,13392,1.674000
386,122315,13392,1.674000
387,122632,13408,1.676000
388,122949,13376,1.672000
389,123266,13424,1.678000
390,123583,13456,1.682000
391,123900,13424,1.678000
392,124217,13360,1.670000
393,124533,13376,1.672000
394,124850,13408,1.676000
395,125167,13424,1.678000
396,125484,13424,1.678000
397,125801,13376,1.672000
398,126118,13456,1.682000
399,126435,13456,1.682000
400,126751,13360,1.670000
401,127069,13456,1.682000
402,127386,13440,1.680000
403,127702,13376,1.672000
404,128019,13456,1.682000
405,128336,13376,1.672000
406,128652,13392,1.674000
407,128969,13360,1.670000
408,129287,13392,1.674000
409,129603,13456,1.682000
410,129920,13456,1.682000
411,130237,13376,1.672000
412,130554,13440,1.680000
413,130871,13424,1.678000
414,131188,13376,1.672000
415,131505,13440,1.680000
416,131821,13424,1.678000
417,132138,13408,1.676000
418,132455,13408,1.676000
419,132772,13488,1.686000
420,133089,13424,1.678000
421,133406,13344,1.668000
422,133722,13344,1.668000
423,134039,13472,1.684000
424,134356,13408,1.676000
425,134673,13344,1.668000
426,134990,13376,1.672000
427,135306,13344,1.668000
428,135624,13312,1.664000
429,135940,13344,1.668000
430,136257,13424,1.678000
431,136574,13392,1.674000
432,136891,13360,1.670000
433,137208,13424,1.678000
434,137525,13392,1.674000
435,137841,13424,1.678000
436,138159,13408,1.676000
437,138475,13376,1.672000
438,138792,13376,1.672000
439,139108,13424,1.678000
440,139426,13392,1.674000
441,139743,13376,1.672000
442,140060,13424,1.678000
443,140377,13392,1.674000
444,140693,13376,1.672000
445,141010,13456,1.682000
446,141327,13456,1.682000
447,141644,13360,1.670000
448,141961,13408,1.676000
449,142277,13488,1.686000
450,142595,13392,1.674000
451,142912,13376,1.672000
452,143229,13392,1.674000
453,143545,13488,1.686000
454,143861,13488,1.686000
455,144179,13376,1.672000
456,144496,13456,1.682000
457,144813,13504,1.688000
458,145129,13424,1.678000
459,145447,13488,1.686000
460,145763,13424,1.678000
461,146080,13408,1.676000
462,146397,13472,1.684000
463,146714,13440,1.680000
464,147030,13392,1.674000
465,147348,13712,1.714000
466,147664,13440,1.680000
467,147981,13424,1.678000
468,148298,13408,1.676000
469,148615,13488,1.686000
470,148932,13328,1.666000
471,149249,13264,1.658000
472,149565,13440,1.680000
473,149882,13376,1.672000
474,150199,13408,1.676000
475,150516,13360,1.670000
476,150833,13312,1.664000
477,151150,13360,1.670000
478,151467,13184,1.648000
479,151783,13392,1.674000
480,152101,13440,1.680000
481,152417,13344,1.668000
482,152734,13344,1.668000
483,153051,13424,1.678000
484,153368,13488,1.686000
485,153688,13344,1.668000
486,154002,13392,1.674000
487,154319,13408,1.676000
488,154635,13392,1.674000
489,154952,13392,1.674000
490,155269,13376,1.672000
491,155586,13648,1.706000
492,155903,13376,1.672000
493,156220,13472,1.684000
494,156536,13392,1.674000
495,156853,13392,1.674000
496,157170,13456,1.682000
497,157487,13312,1.664000
498,157804,13440,1.680000
499,158120,13440,1.680000
500,158437,13392,1.674000
501,158755,13424,1.678000
502,159071,13392,1.674000
503,159388,13344,1.668000
504,159705,13360,1.670000
505,160022,13408,1.676000
506,160339,13440,1.680000
507,160655,13440,1.680000
508,160972,13408,1.676000
509,161290,13392,1.674000
510,161606,13456,1.682000
511,161923,13440,1.680000
512,162240,13408,1.676000
513,162557,13440,1.680000
514,162874,13488,1.686000
515,163191,13408,1.676000
516,163507,13408,1.676000
517,163824,13472,1.684000
518,164141,13376,1.672000
519,164458,13424,1.678000
520,164775,13408,1.676000
521,165091,13456,1.682000
522,165408,13392,1.674000
523,165725,13424,1.678000
524,166043,13472,1.684000
525,166359,13424,1.678000
526,166676,13344,1.668000
527,166993,13376,1.672000
528,167310,13440,1.680000
529,167627,13376,1.672000
530,167943,13392,1.674000
531,168260,13488,1.686000
532,168577,13328,1.666000
533,168894,13344,1.668000
534,169211,13360,1.670000
535,169527,13424,1.678000
536,169845,13360,1.670000
537,170161,13408,1.676000
538,170478,13424,1.678000
539,170795,13408,1.676000
540,171112,13408,1.676000
541,171429,13360,1.670000
542,171745,13408,1.676000
543,172063,13376,1.672000
544,172380,13424,1.678000
545,172696,13424,1.678000
546,173013,13456,1.682000
547,173330,13184,1.648000
548,173646,13360,1.670000
549,173964,13536,1.692000
550,174281,13392,1.674000
551,174597,13424,1.678000
552,174914,13456,1.682000
553,175231,13376,1.672000
554,175548,13360,1.670000
555,175865,13504,1.688000
556,176182,13440,1.680000
557,176499,13440,1.680000
558,176815,13456,1.682000
559,177133,13376,1.672000
560,177449,13360,1.670000
561,177766,13392,1.674000
562,178083,13376,1.672000
563,178400,13376,1.672000
564,178717,13440,1.680000
565,179033,13440,1.680000
566,179350,13424,1.678000
567,179667,13440,1.680000
568,179984,13424,1.678000
569,180301,13424,1.678000
570,180618,13392,1.674000
571,180934,13440,1.680000
572,181251,13440,1.680000
573,181568,13456,1.682000
574,181885,13392,1.674000
575,182202,13440,1.680000
576,182519,13408,1.676000
577,182836,13472,1.684000
578,183152,13392,1.674000
579,183469,13392,1.674000
580,183786,13456,1.682000
581,184103,13440,1.680000
582,184420,13360,1.670000
583,184737,13392,1.674000
584,185054,13456,1.682000
585,185371,13392,1.674000
586,185688,13488,1.686000
587,186004,13408,1.676000
588,186321,13392,1.674000
589,186638,13296,1.662000
590,186954,13408,1.676000
591,187272,13344,1.668000
592,187589,13392,1.674000
593,187905,13424,1.678000
594,188222,13344,1.668000
595,188539,13376,1.672000
596,188856,13360,1.670000
597,189173,13376,1.672000
598,189490,13296,1.662000
599,189806,13408,1.676000
600,190124,13360,1.670000
601,190441,13440,1.680000
602,190757,13424,1.678000
603,191074,13440,1.680000
604,191391,13456,1.682000
605,191707,13312,1.664000
606,192025,13360,1.670000
607,192342,13312,1.664000
608,192658,13376,1.672000
609,192976,13488,1.686000
610,193293,13424,1.678000
611,193609,13344,1.668000
612,193926,13456,1.682000
613,194243,13440,1.680000
614,194559,13440,1.680000
615,194876,13440,1.680000
616,195193,13440,1.680000
617,195510,13424,1.678000
618,195827,13376,1.672000
619,196144,13392,1.674000
620,196461,13392,1.674000
621,196777,13424,1.678000
622,197095,13376,1.672000
623,197412,13408,1.676000
624,197728,13488,1.686000
625,198045,13456,1.682000
626,198362,13392,1.674000
627,198679,13488,1.686000
628,198996,13376,1.672000
629,199313,13376,1.672000
630,199629,13456,1.682000
631,199947,13424,1.678000
632,200263,13424,1.678000
633,200580,13424,1.678000
634,200897,13440,1.680000
635,201214,13408,1.676000
636,201530,13344,1.668000
637,201847,13344,1.668000
638,202164,13424,1.678000
639,202481,13392,1.674000
640,202797,13424,1.678000
641,203115,13424,1.678000
642,203432,13440,1.680000
643,203748,13360,1.670000
644,204066,13424,1.678000
645,204383,13392,1.674000
646,204699,13328,1.666000
647,205016,13360,1.670000
648,205333,13392,1.674000
649,205650,13392,1.674000
650,205967,13392,1.674000
651,206283,13376,1.672000
652,206600,13392,1.674000
653,206918,13392,1.674000
654,207234,13424,1.678000
655,207551,13424,1.678000
656,207868,13392,1.674000
657,208184,13376,1.672000
658,208502,13360,1.670000
659,208818,13440,1.680000
660,209135,13392,1.674000
661,209452,13376,1.672000
662,209769,13344,1.668000
663,210086,13504,1.688000
664,210403,13440,1.680000
665,210720,13424,1.678000
666,211036,13472,1.684000
667,211353,13472,1.684000
668,211670,13424,1.678000
669,211987,13392,1.674000
670,212304,13456,1.682000
671,212621,13440,1.680000
672,212937,13424,1.678000
673,213255,13408,1.676000
674,213571,13376,1.672000
675,213888,13376,1.672000
676,214204,13376,1.672000
677,214522,13424,1.678000
678,214839,13408,1.676000
679,215155,13424,1.678000
680,215473,13408,1.676000
681,215789,13408,1.676000
682,216106,13376,1.672000
683,216423,13408,1.676000
684,216740,13472,1.684000
685,217057,13344,1.668000
686,217374,13424,1.678000
687,217690,13376,1.672000
688,218008,13376,1.672000
689,218324,13408,1.676000
690,218641,13360,1.670000
691,218958,13344,1.668000
692,219275,13440,1.680000
693,219592,13376,1.672000
694,219908,13312,1.664000
695,220225,13392,1.674000
696,220542,13360,1.670000
697,220859,13360,1.670000
698,221176,13376,1.672000
699,221493,13424,1.678000
700,221810,13376,1.672000
701,222126,13408,1.676000
702,222443,13376,1.672000
703,222760,13424,1.678000
704,223077,13408,1.676000
705,223394,13376,1.672000
706,223711,13440,1.680000
707,224027,13424,1.678000
708,224345,13392,1.674000
709,224661,13424,1.678000
710,224978,13488,1.686000
711,225295,13408,1.676000
712,225612,13488,1.686000
713,225929,13344,1.668000
714,226246,13424,1.678000
715,226562,13344,1.668000
716,226879,13424,1.678000
717,227196,13360,1.670000
718,227513,13392,1.674000
719,227830,13408,1.676000
720,228147,13376,1.672000
721,228464,13392,1.674000
722,228780,13488,1.686000
723,229097,13392,1.674000
724,229414,13472,1.684000
725,229731,13456,1.682000
726,230048,13424,1.678000
727,230365,13424,1.678000
728,230682,13408,1.676000
729,230998,13408,1.676000
730,231315,13408,1.676000
731,231632,13440,1.680000
732,231950,13424,1.678000
733,232265,13408,1.676000
734,232583,13440,1.680000
735,232900,13392,1.674000
736,233217,13440,1.680000
737,233534,13296,1.662000
738,233850,13456,1.682000
739,234168,13408,1.676000
740,234484,13424,1.678000
741,234801,13456,1.682000
742,235118,13376,1.672000
743,235435,13376,1.672000
744,235751,13648,1.706000
745,236069,13376,1.672000
746,236385,13344,1.668000
747,236702,13424,1.678000
748,237019,13360,1.670000
749,237336,13424,1.678000
750,237653,13632,1.704000
751,237970,13408,1.676000
752,238287,13216,1.652000
753,238603,13408,1.676000
754,238920,13328,1.666000
755,239237,13376,1.672000
756,239554,13408,1.676000
757,239871,13232,1.654000
758,240188,13408,1.676000
759,240505,13408,1.676000
760,240821,13488,1.686000
761,241138,13408,1.676000
762,241455,13408,1.676000
763,241772,13360,1.670000
764,242089,13424,1.678000
765,242405,13328,1.666000
766,242722,13440,1.680000
767,243039,13424,1.678000
768,243356,13392,1.674000
769,243673,13424,1.678000
770,243990,13440,1.680000
771,244307,13440,1.680000
772,244624,13232,1.654000
773,244940,13472,1.684000
774,245257,13424,1.678000
775,245574,13408,1.676000
776,245891,13408,1.676000
777,246208,13408,1.676000
778,246524,13376,1.672000
779,246842,13440,1.680000
780,247159,13376,1.672000
781,247475,13408,1.676000
782,247792,13424,1.678000
783,248109,13424,1.678000
784,248426,13424,1.678000
785,248742,13424,1.678000
786,249060,13456,1.682000
787,249377,13456,1.682000
788,249693,13392,1.674000
789,250010,13408,1.676000
790,250327,13392,1.674000
791,250644,13456,1.682000
792,250961,13376,1.672000
793,251278,13392,1.674000
794,251594,13376,1.672000
795,251912,13328,1.666000
796,252228,13424,1.678000
797,252545,13344,1.668000
798,252861,13376,1.672000
799,253179,13248,1.656000
800,253496,13360,1.670000
801,253813,13344,1.668000
802,254129,13376,1.672000
803,254447,13424,1.678000
804,254764,13360,1.670000
805,255080,13392,1.674000
806,255397,13360,1.670000
807,255714,13392,1.674000
808,256030,13392,1.674000
809,256347,13424,1.678000
810,256665,13392,1.674000
811,256981,13472,1.684000
812,257298,13344,1.668000
813,257615,13456,1.682000
814,257932,13408,1.676000
815,258249,13504,1.688000
816,258565,13408,1.676000
817,258883,13472,1.684000
818,259200,13376,1.672000
819,259516,13440,1.680000
820,259833,13440,1.680000
821,260150,13408,1.676000
822,260467,13520,1.690000
823,260784,13408,1.676000
824,261100,13440,1.680000
825,261418,13456,1.682000
826,261734,13504,1.688000
827,262051,13424,1.678000
828,262368,13440,1.680000
829,262688,13424,1.678000
830,263002,13264,1.658000
831,263319,13456,1.682000
832,263635,13472,1.684000
833,263952,13440,1.680000
834,264269,13472,1.684000
835,264586,13504,1.688000
836,264903,13264,1.658000
837,265220,13408,1.676000
838,265536,13408,1.676000
839,265854,13472,1.684000
840,266170,13424,1.678000
841,266487,13328,1.666000
842,266804,13424,1.678000
843,267120,13504,1.688000
844,267438,13344,1.668000
845,267755,13456,1.682000
846,268071,13408,1.676000
847,268388,13392,1.674000
848,268705,13424,1.678000
849,269021,13392,1.674000
850,269339,13344,1.668000
851,269656,13440,1.680000
852,269972,13376,1.672000
853,270289,13376,1.672000
854,270606,13392,1.674000
855,270923,13392,1.674000
856,271240,13296,1.662000
857,271557,13392,1.674000
858,271874,13424,1.678000
859,272191,13440,1.680000
860,272507,13456,1.682000
861,272824,13392,1.674000
862,273141,13440,1.680000
863,273458,13440,1.680000
864,273775,13504,1.688000
865,274092,13360,1.670000
866,274409,13424,1.678000
867,274726,13472,1.684000
868,275042,13408,1.676000
869,275359,13376,1.672000
870,275676,13472,1.684000
871,275992,13408,1.676000
872,276310,13472,1.684000
873,276627,13376,1.672000
874,276944,13488,1.686000
875,277260,13408,1.676000
876,277577,13440,1.680000
877,277894,13424,1.678000
878,278211,13424,1.678000
879,278528,13472,1.684000
880,278844,13440,1.680000
881,279162,13440,1.680000
882,279478,13392,1.674000
883,279795,13472,1.684000
884,280113,13472,1.684000
885,280429,13408,1.676000
886,280746,13424,1.678000
887,281062,13360,1.670000
888,281380,13440,1.680000
889,281696,13472,1.684000
890,282013,13376,1.672000
891,282330,13344,1.668000
892,282646,13328,1.666000
893,282964,13360,1.670000
894,283281,13376,1.672000
895,283598,13408,1.676000
896,283914,13360,1.670000
897,284231,13344,1.668000
898,284548,13392,1.674000
899,284865,13360,1.670000
900,285182,13360,1.670000
901,285499,13408,1.676000
902,285815,13440,1.680000
903,286133,13408,1.676000
904,286449,13344,1.668000
905,286766,13376,1.672000
906,287083,13344,1.668000
907,287400,13376,1.672000
908,287716,13376,1.672000
909,288034,13328,1.666000
910,288351,13392,1.674000
911,288667,13408,1.676000
912,288985,13488,1.686000
913,289301,13408,1.676000
914,289618,13424,1.678000
915,289934,13408,1.676000
916,290252,13408,1.676000
917,290569,13440,1.680000
918,290885,13392,1.674000
919,291202,13360,1.670000
920,291519,13344,1.668000
921,291836,13456,1.682000
922,292153,13344,1.668000
923,292470,13408,1.676000
924,292786,13360,1.670000
925,293104,13488,1.686000
926,293420,13456,1.682000
927,293737,13488,1.686000
928,294053,13440,1.680000
929,294371,13424,1.678000
930,294688,13472,1.684000
931,295005,13424,1.678000
932,295322,13440,1.680000
933,295638,13328,1.666000
934,295955,13440,1.680000
935,296272,13440,1.680000
936,296588,13424,1.678000
937,296906,13408,1.676000
938,297223,13456,1.682000
939,297539,13392,1.674000
940,297856,13376,1.672000
941,298173,13424,1.678000
942,298490,13440,1.680000
943,298807,13392,1.674000
944,299124,13440,1.680000
945,299441,13408,1.676000
946,299757,13360,1.670000
947,300074,13408,1.676000
948,300391,13424,1.678000
949,300708,13328,1.666000
950,301025,13408,1.676000
951,301342,13408,1.676000
952,301659,13296,1.662000
953,301975,13360,1.670000
954,302292,13312,1.664000
955,302609,13344,1.668000
956,302926,13184,1.648000
957,303243,13376,1.672000
958,303560,13360,1.670000
959,303876,13408,1.676000
960,304193,13408,1.676000
961,304510,13456,1.682000
962,304827,13488,1.686000
963,305144,13408,1.676000
964,305461,13408,1.676000
965,305778,13408,1.676000
966,306095,13392,1.674000
967,306412,13440,1.680000
968,306728,13424,1.678000
969,307045,13696,1.712000
970,307362,13424,1.678000
971,307679,13392,1.674000
972,307996,13456,1.682000
973,308313,13360,1.670000
974,308629,13456,1.682000
975,308947,13264,1.658000
976,309263,13424,1.678000
977,309580,13472,1.684000
978,309897,13392,1.674000
979,310214,13504,1.688000
980,310531,13488,1.686000
981,310848,13440,1.680000
982,311164,13216,1.652000
983,311481,13376,1.672000
984,311798,13440,1.680000
985,312115,13456,1.682000
986,312431,13408,1.676000
987,312749,13424,1.678000
988,313065,13456,1.682000
989,313383,13424,1.678000
990,313699,13424,1.678000
991,314017,13408,1.676000
992,314333,13376,1.672000
993,314650,13424,1.678000
994,314967,13456,1.682000
995,315284,13392,1.674000
996,315600,13456,1.682000
997,315918,13392,1.674000
998,316235,13488,1.686000
999,316551,13472,1.684000
1000,316868,13472,1.684000
1001,317184,13360,1.670000
1002,317502,13472,1.684000
1003,317819,13408,1.676000
1004,318135,13520,1.690000
1005,318452,13376,1.672000
1006,318769,13296,1.662000
1007,319086,13376,1.672000
1008,319403,13408,1.676000
1009,319720,13376,1.672000
1010,320037,13376,1.672000
1011,320354,13424,1.678000
1012,320670,13456,1.682000
1013,320987,13312,1.664000
1014,321304,13376,1.672000
1015,321621,13408,1.676000
1016,321937,13392,1.674000
1017,322254,13392,1.674000
1018,322572,13584,1.698000
1019,322888,13440,1.680000
1020,323206,13408,1.676000
1021,323522,13376,1.672000
1022,323839,13424,1.678000
1023,324155,13440,1.680000
1024,324473,13360,1.670000
1025,324790,13600,1.700000
1026,325106,13328,1.666000
1027,325423,13456,1.682000
1028,325740,13408,1.676000
1029,326057,13424,1.678000
1030,326374,13424,1.678000
1031,326691,13296,1.662000
1032,327007,13424,1.678000
1033,327325,13456,1.682000
1034,327641,13424,1.678000
1035,327958,13504,1.688000
1036,328275,13440,1.680000
1037,328592,13360,1.670000
1038,328909,13408,1.676000
1039,329226,13440,1.680000
1040,329542,13360,1.670000
1041,329859,13360,1.670000
1042,330176,13392,1.674000
1043,330493,13424,1.678000
1044,330809,13232,1.654000
1045,331127,13360,1.670000
1046,331444,13360,1.670000
1047,331760,13392,1.674000
1048,332078,13392,1.674000
1049,332394,13440,1.680000
1050,332711,13328,1.666000
1051,333028,13360,1.670000
1052,333345,13424,1.678000
1053,333661,13456,1.682000
1054,333979,13504,1.688000
1055,334295,13440,1.680000
1056,334612,13440,1.680000
1057,334929,13392,1.674000
1058,335246,13424,1.678000
1059,335563,13424,1.678000
1060,335880,13312,1.664000
1061,336196,13280,1.660000
1062,336513,13424,1.678000
1063,336830,13376,1.672000
1064,337147,13424,1.678000
1065,337464,13424,1.678000
1066,337781,13344,1.668000
1067,338097,13408,1.676000
1068,338415,13456,1.682000
1069,338731,13424,1.678000
1070,339048,13424,1.678000
1071,339365,13376,1.672000
1072,339682,13408,1.676000
1073,339998,13344,1.668000
1074,340316,13344,1.668000
1075,340633,13456,1.682000
1076,340949,13424,1.678000
1077,341266,13360,1.670000
1078,341583,13424,1.678000
1079,341900,13392,1.674000
1080,342217,13392,1.674000
1081,342534,13376,1.672000
1082,342850,13392,1.674000
1083,343168,13440,1.680000
1084,343485,13424,1.678000
1085,343801,13392,1.674000
1086,344118,13392,1.674000
1087,344435,13456,1.682000
1088,344751,13440,1.680000
1089,345069,13424,1.678000
1090,345386,13440,1.680000
1091,345702,13456,1.682000
1092,346019,13440,1.680000
1093,346336,13440,1.680000
1094,346653,13440,1.680000
1095,346969,13424,1.678000
1096,347286,13440,1.680000
1097,347604,13408,1.676000
1098,347920,13376,1.672000
1099,348237,13408,1.676000
1100,348554,13344,1.668000
1101,348871,13360,1.670000
1102,349188,13440,1.680000
1103,349505,13408,1.676000
1104,349821,13408,1.676000
1105,350139,13488,1.686000
1106,350455,13376,1.672000
1107,350772,13424,1.678000
1108,351089,13392,1.674000
1109,351406,13248,1.656000
1110,351723,13408,1.676000
1111,352039,13424,1.678000
1112,352356,13344,1.668000
1113,352673,13344,1.668000
1114,352990,13360,1.670000
1115,353307,13408,1.676000
1116,353624,13360,1.670000
1117,353940,13360,1.670000
1118,354258,13408,1.676000
1119,354574,13424,1.678000
1120,354891,13456,1.682000
1121,355209,13424,1.678000
1122,355525,13472,1.684000
1123,355841,13392,1.674000
1124,356159,13360,1.670000
1125,356475,13408,1.676000
1126,356792,13392,1.674000
1127,357110,13440,1.680000
1128,357426,13440,1.680000
1129,357743,13392,1.674000
1130,358060,13440,1.680000
1131,358377,13392,1.674000
1132,358694,13344,1.668000
1133,359010,13456,1.682000
1134,359328,13408,1.676000
1135,359644,13456,1.682000
1136,359961,13376,1.672000
1137,360278,13440,1.680000
1138,360595,13440,1.680000
1139,360912,13424,1.678000
1140,361229,13504,1.688000
1141,361545,13376,1.672000
1142,361862,13472,1.684000
1143,362179,13504,1.688000
1144,362496,13456,1.682000
1145,362813,13440,1.680000
1146,363129,13376,1.672000
1147,363447,13408,1.676000
1148,363763,13424,1.678000
1149,364080,13408,1.676000
1150,364397,13392,1.674000
1151,364714,13408,1.676000
1152,365030,13360,1.670000
1153,365347,13440,1.680000
1154,365665,13440,1.680000
1155,365981,13392,1.674000
1156,366298,13408,1.676000
1157,366615,13360,1.670000
1158,366932,13344,1.668000
1159,367249,13488,1.686000
1160,367565,13376,1.672000
1161,367882,13328,1.666000
1162,368200,13472,1.684000
1163,368516,13360,1.670000
1164,368833,13360,1.670000
1165,369150,13360,1.670000
1166,369467,13344,1.668000
1167,369784,13328,1.666000
1168,370100,13360,1.670000
1169,370417,13344,1.668000
1170,370735,13408,1.676000
1171,371051,13440,1.680000
1172,371368,13424,1.678000
1173,371688,13376,1.672000
1174,372002,13392,1.674000
1175,372319,13360,1.670000
1176,372635,13440,1.680000
1177,372953,13424,1.678000
1178,373269,13376,1.672000
1179,373586,13392,1.674000
1180,373903,13344,1.668000
1181,374220,13376,1.672000
1182,374537,13376,1.672000
1183,374853,13280,1.660000
1184,375170,13456,1.682000
1185,375487,13312,1.664000
1186,375804,13376,1.672000
1187,376121,13360,1.670000
1188,376438,13344,1.668000
1189,376755,13456,1.682000
1190,377071,13392,1.674000
1191,377389,13456,1.682000
1192,377705,13504,1.688000
1193,378022,13456,1.682000
1194,378339,13408,1.676000
1195,378656,13392,1.674000
1196,378973,13424,1.678000
1197,379289,13424,1.678000
1198,379606,13472,1.684000
1199,379923,13392,1.674000
1200,380240,13408,1.676000
1201,380556,13408,1.676000
1202,380874,13360,1.670000
1203,381191,13440,1.680000
1204,381508,13360,1.670000
1205,381824,13440,1.680000
1206,382141,13440,1.680000
1207,382458,13424,1.678000
1208,382775,13344,1.668000
1209,383092,13408,1.676000
1210,383409,13472,1.684000
1211,383725,13424,1.678000
1212,384043,13408,1.676000
1213,384359,13504,1.688000
1214,384676,13392,1.674000
1215,384993,13488,1.686000
1216,385310,13376,1.672000
1217,385627,13376,1.672000
1218,385944,13360,1.670000
1219,386261,13360,1.670000
1220,386577,13376,1.672000
1221,386894,13360,1.670000
1222,387211,13456,1.682000
1223,387528,13376,1.672000
1224,387845,13344,1.668000
1225,388162,13360,1.670000
1226,388479,13360,1.670000
1227,388795,13440,1.680000
1228,389112,13392,1.674000
1229,389429,13424,1.678000
1230,389746,13376,1.672000
1231,390062,13392,1.674000
1232,390380,13456,1.682000
1233,390697,13456,1.682000
1234,391013,13376,1.672000
1235,391330,13248,1.656000
1236,391647,13376,1.672000
1237,391964,13616,1.702000
1238,392281,13408,1.676000
1239,392597,13456,1.682000
1240,392915,13328,1.666000
1241,393231,13488,1.686000
1242,393549,13456,1.682000
1243,393865,13632,1.704000
1244,394182,13440,1.680000
1245,394498,13440,1.680000
1246,394816,13344,1.668000
1247,395133,13408,1.676000
1248,395449,13696,1.712000
1249,395767,13392,1.674000
1250,396083,13296,1.662000
1251,396400,13392,1.674000
1252,396716,13376,1.672000
1253,397034,13392,1.674000
1254,397351,13424,1.678000
1255,397668,13520,1.690000
1256,397984,13360,1.670000
1257,398301,13440,1.680000
1258,398618,13360,1.670000
1259,398935,13408,1.676000
1260,399251,13456,1.682000
1261,399569,13440,1.680000
1262,399885,13424,1.678000
1263,400202,13424,1.678000
1264,400519,13376,1.672000
1265,400837,13488,1.686000
1266,401153,13376,1.672000
1267,401470,13360,1.670000
1268,401787,13376,1.672000
1269,402104,13072,1.634000
1270,402420,13472,1.684000
1271,402737,13328,1.666000
1272,403054,13344,1.668000
1273,403371,13376,1.672000
1274,403688,13408,1.676000
1275,404005,13360,1.670000
1276,404322,13312,1.664000
1277,404639,13392,1.674000
1278,404955,13424,1.678000
1279,405272,13376,1.672000
1280,405589,13392,1.674000
1281,405905,13360,1.670000
1282,406223,13392,1.674000
1283,406540,13392,1.674000
1284,406856,13408,1.676000
1285,407174,13376,1.672000
1286,407490,13440,1.680000
1287,407807,13408,1.676000
1288,408124,13344,1.668000
1289,408441,13408,1.676000
1290,408757,13488,1.686000
1291,409075,13456,1.682000
1292,409392,13440,1.680000
1293,409708,13392,1.674000
1294,410025,13376,1.672000
1295,410342,13392,1.674000
1296,410659,13440,1.680000
1297,410975,13440,1.680000
1298,411292,13408,1.676000
1299,411610,13504,1.688000
1300,411926,13392,1.674000
1301,412243,13424,1.678000
1302,412560,13472,1.684000
1303,412877,13456,1.682000
1304,413194,13408,1.676000
1305,413511,13456,1.682000
1306,413827,13520,1.690000
1307,414144,13328,1.666000
1308,414461,13424,1.678000
1309,414778,13424,1.678000
1310,415095,13440,1.680000
1311,415412,13424,1.678000
1312,415729,13568,1.696000
1313,416045,13392,1.674000
1314,416362,13376,1.672000
1315,416679,13376,1.672000
1316,416996,13344,1.668000
1317,417313,13456,1.682000
1318,417630,13424,1.678000
1319,417947,13312,1.664000
1320,418263,13344,1.668000
1321,418580,13488,1.686000
1322,418897,13376,1.672000
1323,419214,13344,1.668000
1324,419531,13392,1.674000
1325,419848,13232,1.654000
1326,420165,13408,1.676000
1327,420482,13312,1.664000
1328,420798,13376,1.672000
1329,421115,13408,1.676000
1330,421432,13392,1.674000
1331,421749,13344,1.668000
1332,422066,13440,1.680000
1333,422382,13424,1.678000
1334,422700,13264,1.658000
1335,423016,13424,1.678000
1336,423333,13392,1.674000
1337,423650,13408,1.676000
1338,423967,13376,1.672000
1339,424284,13456,1.682000
1340,424601,13408,1.676000
1341,424918,13360,1.670000
1342,425234,13456,1.682000
1343,425551,13488,1.686000
1344,425868,13488,1.686000
1345,426185,13472,1.684000
1346,426502,13408,1.676000
1347,426818,13520,1.690000
1348,427136,13408,1.676000
1349,427452,13440,1.680000
1350,427770,13472,1.684000
1351,428086,13408,1.676000
1352,428403,13456,1.682000
1353,428720,13408,1.676000
1354,429036,13424,1.678000
1355,429354,13472,1.684000
1356,429670,13424,1.678000
1357,429987,13440,1.680000
1358,430304,13392,1.674000
1359,430621,13440,1.680000
1360,430938,13424,1.678000
1361,431255,13456,1.682000
1362,431572,13376,1.672000
1363,431888,13376,1.672000
1364,432205,13408,1.676000
1365,432522,13472,1.684000
1366,432839,13408,1.676000
1367,433156,13376,1.672000
1368,433473,13392,1.674000
1369,433790,13392,1.674000
1370,434106,13424,1.678000
1371,434424,13344,1.668000
1372,434740,13408,1.676000
1373,435057,13344,1.668000
1374,435374,13264,1.658000
1375,435691,13344,1.668000
1376,436008,13424,1.678000
1377,436325,13424,1.678000
1378,436641,13408,1.676000
1379,436958,13392,1.674000
1380,437275,13376,1.672000
1381,437592,13392,1.674000
1382,437909,13376,1.672000
1383,438226,13392,1.674000
1384,438542,13360,1.670000
1385,438860,13408,1.676000
1386,439176,13424,1.678000
1387,439493,13424,1.678000
1388,439810,13456,1.682000
1389,440126,13408,1.676000
1390,440444,13392,1.674000
1391,440761,13344,1.668000
1392,441077,13424,1.678000
1393,441395,13440,1.680000
1394,441711,13392,1.674000
1395,442028,13360,1.670000
1396,442345,13440,1.680000
1397,442662,13296,1.662000
1398,442979,13440,1.680000
1399,443296,13456,1.682000
1400,443612,13456,1.682000
1401,443929,13504,1.688000
1402,444246,13472,1.684000
1403,444562,13520,1.690000
1404,444880,13440,1.680000
1405,445197,13472,1.684000
1406,445514,13488,1.686000
1407,445830,13376,1.672000
1408,446147,13424,1.678000
1409,446464,13440,1.680000
1410,446781,13456,1.682000
1411,447097,13456,1.682000
1412,447415,13456,1.682000
1413,447731,13408,1.676000
1414,448049,13424,1.678000
1415,448365,13424,1.678000
1416,448682,13456,1.682000
1417,448999,13376,1.672000
1418,449316,13344,1.668000
1419,449633,13424,1.678000
1420,449949,13392,1.674000
1421,450266,13456,1.682000
1422,450583,13312,1.664000
1423,450900,13424,1.678000
1424,451217,13392,1.674000
1425,451534,13376,1.672000
1426,451850,13376,1.672000
1427,452168,13344,1.668000
1428,452485,13312,1.664000
1429,452801,13344,1.668000
1430,453118,13424,1.678000
1431,453435,13408,1.676000
1432,453752,13360,1.670000
1433,454069,13392,1.674000
1434,454386,13424,1.678000
1435,454702,13360,1.670000
1436,455019,13376,1.672000
1437,455336,13456,1.682000
1438,455653,13392,1.674000
1439,455970,13408,1.676000
1440,456287,13424,1.678000
1441,456604,13472,1.684000
1442,456920,13408,1.676000
1443,457237,13392,1.674000
1444,457554,13424,1.678000
1445,457871,13424,1.678000
1446,458188,13408,1.676000
1447,458505,13472,1.684000
1448,458821,13392,1.674000
1449,459139,13408,1.676000
1450,459455,13504,1.688000
1451,459772,13392,1.674000
1452,460088,13424,1.678000
1453,460406,13408,1.676000
1454,460723,13504,1.688000
1455,461040,13344,1.668000
1456,461357,13408,1.676000
1457,461673,13424,1.678000
1458,461990,13424,1.678000
1459,462307,13456,1.682000
1460,462624,13312,1.664000
1461,462941,13424,1.678000
1462,463258,13392,1.674000
1463,463574,13392,1.674000
1464,463892,13376,1.672000
1465,464208,13472,1.684000
1466,464525,13696,1.712000
1467,464842,13344,1.668000
1468,465159,13520,1.690000
1469,465476,13456,1.682000
1470,465793,13424,1.678000
1471,466109,13424,1.678000
1472,466427,13456,1.682000
1473,466743,13392,1.674000
1474,467060,13328,1.666000
1475,467377,13360,1.670000
1476,467694,13456,1.682000
1477,468011,13360,1.670000
1478,468327,13392,1.674000
1479,468645,13408,1.676000
1480,468961,13344,1.668000
1481,469278,13328,1.666000
1482,469595,13328,1.666000
1483,469912,13360,1.670000
1484,470229,13392,1.674000
1485,470546,13408,1.676000
1486,470862,13376,1.672000
1487,471179,13328,1.666000
1488,471496,13328,1.666000
1489,471813,13440,1.680000
1490,472130,13440,1.680000
1491,472447,13392,1.674000
1492,472764,13392,1.674000
1493,473080,13392,1.674000
1494,473397,13376,1.672000
1495,473714,13456,1.682000
1496,474031,13408,1.676000
1497,474348,13408,1.676000
1498,474665,13408,1.676000
1499,474981,13440,1.680000
1500,475298,13456,1.682000
1501,475615,13504,1.688000
1502,475933,13424,1.678000
1503,476249,13024,1.628000
1504,476566,13408,1.676000
1505,476883,13376,1.672000
1506,477200,13488,1.686000
1507,477516,13440,1.680000
1508,477834,13408,1.676000
1509,478150,13584,1.698000
1510,478467,13440,1.680000
1511,478784,13440,1.680000
1512,479101,13456,1.682000
1513,479418,13440,1.680000
1514,479734,13408,1.676000
1515,480052,13424,1.678000
1516,480368,13648,1.706000
1517,480688,13440,1.680000
1518,481002,13440,1.680000
1519,481319,13376,1.672000
1520,481636,13408,1.676000
1521,481952,13472,1.684000
1522,482269,13408,1.676000
1523,482587,13408,1.676000
1524,482904,13424,1.678000
1525,483220,13376,1.672000
1526,483537,13392,1.674000
1527,483854,13376,1.672000
1528,484170,13408,1.676000
1529,484487,13280,1.660000
1530,484805,13424,1.678000
1531,485121,13584,1.698000
1532,485438,13312,1.664000
1533,485755,13392,1.674000
1534,486071,13312,1.664000
1535,486389,13408,1.676000
1536,486706,13440,1.680000
1537,487022,13264,1.658000
1538,487339,13360,1.670000
1539,487656,13360,1.670000
1540,487972,13344,1.668000
1541,488290,13408,1.676000
1542,488607,13392,1.674000
1543,488923,13376,1.672000
1544,489240,13488,1.686000
1545,489557,13456,1.682000
1546,489873,13472,1.684000
1547,490191,13456,1.682000
1548,490508,13360,1.670000
1549,490825,13424,1.678000
1550,491141,13472,1.684000
1551,491458,13408,1.676000
1552,491775,13360,1.670000
1553,492092,13504,1.688000
1554,492409,13392,1.674000
1555,492726,13440,1.680000
1556,493042,13408,1.676000
1557,493360,13392,1.674000
1558,493676,13440,1.680000
1559,493993,13440,1.680000
1560,494310,13408,1.676000
1561,494627,13376,1.672000
1562,494944,13440,1.680000
1563,495261,13472,1.684000
1564,495577,13408,1.676000
1565,495894,13408,1.676000
1566,496211,13456,1.682000
1567,496528,13424,1.678000
1568,496845,13408,1.676000
1569,497162,13424,1.678000
1570,497479,13392,1.674000
1571,497796,13456,1.682000
1572,498112,13376,1.672000
1573,498430,13408,1.676000
1574,498746,13440,1.680000
1575,499063,13472,1.684000
1576,499380,13408,1.676000
1577,499696,13408,1.676000
1578,500014,13456,1.682000
1579,500331,13456,1.682000
1580,500647,13440,1.680000
1581,500964,13440,1.680000
1582,501281,13456,1.682000
1583,501598,13424,1.678000
1584,501915,13360,1.670000
1585,502232,13376,1.672000
1586,502548,13392,1.674000
1587,502865,13360,1.670000
1588,503182,13376,1.672000
1589,503499,13440,1.680000
1590,503816,13440,1.680000
1591,504133,13408,1.676000
1592,504449,13360,1.670000
1593,504767,13408,1.676000
1594,505083,13392,1.674000
1595,505400,13408,1.676000
1596,505717,13424,1.678000
1597,506034,13376,1.672000
1598,506351,13440,1.680000
1599,506668,13392,1.674000
1600,506984,13472,1.684000
1601,507301,13376,1.672000
1602,507619,13456,1.682000
1603,507935,13408,1.676000
1604,508252,13408,1.676000
1605,508569,13360,1.670000
1606,508886,13392,1.674000
1607,509202,13376,1.672000
1608,509520,13296,1.662000
1609,509836,13360,1.670000
1610,510152,13456,1.682000
1611,510470,13408,1.676000
1612,510786,13456,1.682000
1613,511104,13392,1.674000
1614,511421,13424,1.678000
1615,511737,13472,1.684000
1616,512055,13408,1.676000
1617,512371,13456,1.682000
1618,512688,13504,1.688000
1619,513005,13440,1.680000
1620,513322,13408,1.676000
1621,513639,13424,1.678000
1622,513955,13424,1.678000
1623,514272,13424,1.678000
1624,514589,13392,1.674000
1625,514906,13440,1.680000
1626,515223,13360,1.670000
1627,515540,13408,1.676000
1628,515856,13456,1.682000
1629,516174,13440,1.680000
1630,516490,13456,1.682000
1631,516807,13344,1.668000
1632,517124,13376,1.672000
1633,517441,13408,1.676000
1634,517757,13392,1.674000
1635,518075,13504,1.688000
1636,518392,13376,1.672000
1637,518708,13488,1.686000
1638,519025,13392,1.674000
1639,519342,13312,1.664000
1640,519659,13344,1.668000
1641,519976,13392,1.674000
1642,520292,13344,1.668000
1643,520610,13424,1.678000
1644,520926,13392,1.674000
1645,521243,13408,1.676000
1646,521560,13376,1.672000
1647,521877,13376,1.672000
1648,522194,13440,1.680000
1649,522511,13456,1.682000
1650,522827,13408,1.676000
1651,523144,13344,1.668000
1652,523461,13488,1.686000
1653,523778,13456,1.682000
1654,524095,13392,1.674000
1655,524412,13360,1.670000
1656,524728,13392,1.674000
1657,525046,13344,1.668000
1658,525363,13408,1.676000
1659,525679,13440,1.680000
1660,525996,13424,1.678000
1661,526313,13408,1.676000
1662,526630,13456,1.682000
1663,526947,13568,1.696000
1664,527264,13504,1.688000
1665,527580,13456,1.682000
1666,527897,13456,1.682000
1667,528214,13344,1.668000
1668,528531,13504,1.688000
1669,528847,13456,1.682000
1670,529165,13408,1.676000
1671,529481,13424,1.678000
1672,529799,13408,1.676000
1673,530115,13488,1.686000
1674,530432,13456,1.682000
1675,530749,13424,1.678000
1676,531066,13440,1.680000
1677,531383,13408,1.676000
1678,531700,13376,1.672000
1679,532016,13456,1.682000
1680,532333,13360,1.670000
1681,532650,13392,1.674000
1682,532967,13424,1.678000
1683,533284,13472,1.684000
1684,533601,13376,1.672000
1685,533918,13424,1.678000
1686,534235,13424,1.678000
1687,534551,13408,1.676000
1688,534869,13456,1.682000
1689,535185,13376,1.672000
1690,535502,13408,1.676000
1691,535819,13392,1.674000
1692,536135,13376,1.672000
1693,536453,13376,1.672000
1694,536770,13408,1.676000
1695,537086,13360,1.670000
1696,537403,13376,1.672000
1697,537720,13360,1.670000
1698,538037,13392,1.674000
1699,538354,13392,1.674000
1700,538670,13424,1.678000
1701,538987,13424,1.678000
1702,539304,13392,1.674000
1703,539621,13424,1.678000
1704,539938,13344,1.668000
1705,540255,13392,1.674000
1706,540572,13392,1.674000
1707,540889,13456,1.682000
1708,541206,13472,1.684000
1709,541522,13440,1.680000
1710,541839,13360,1.670000
1711,542156,13456,1.682000
1712,542473,13328,1.666000
1713,542790,13472,1.684000
1714,543107,13392,1.674000
1715,543424,13472,1.684000
1716,543740,13408,1.676000
1717,544057,13392,1.674000
1718,544374,13392,1.674000
1719,544691,13392,1.674000
1720,545007,13472,1.684000
1721,545325,13472,1.684000
1722,545642,13472,1.684000
1723,545958,13440,1.680000
1724,546275,13408,1.676000
1725,546592,13424,1.678000
1726,546908,13424,1.678000
1727,547226,13376,1.672000
1728,547543,13648,1.706000
1729,547860,13440,1.680000
1730,548176,13408,1.676000
1731,548493,13392,1.674000
1732,548811,13504,1.688000
1733,549127,13488,1.686000
1734,549444,13168,1.646000
1735,549761,13408,1.676000
1736,550078,13424,1.678000
1737,550395,13392,1.674000
1738,550711,13456,1.682000
1739,551028,13456,1.682000
1740,551345,13424,1.678000
1741,551662,13648,1.706000
1742,551979,13248,1.656000
1743,552296,13376,1.672000
1744,552613,13328,1.666000
1745,552929,13424,1.678000
1746,553246,13392,1.674000
1747,553563,13520,1.690000
1748,553880,13392,1.674000
1749,554197,13392,1.674000
1750,554514,13360,1.670000
1751,554830,13344,1.668000
1752,555147,13344,1.668000
1753,555464,13440,1.680000
1754,555781,13376,1.672000
1755,556098,13440,1.680000
1756,556415,13408,1.676000
1757,556732,13424,1.678000
1758,557048,13376,1.672000
1759,557365,13376,1.672000
1760,557682,13408,1.676000
1761,557999,13440,1.680000
1762,558316,13376,1.672000
1763,558632,13376,1.672000
1764,558950,13440,1.680000
1765,559267,13472,1.684000
1766,559583,13456,1.682000
1767,559900,13328,1.666000
1768,560217,13504,1.688000
1769,560534,13440,1.680000
1770,560851,13472,1.684000
1771,561168,13408,1.676000
1772,561485,13424,1.678000
1773,561801,13472,1.684000
1774,562118,13504,1.688000
1775,562435,13456,1.682000
1776,562752,13360,1.670000
1777,563069,13424,1.678000
1778,563386,13456,1.682000
1779,563702,13424,1.678000
1780,564020,13392,1.674000
1781,564336,13376,1.672000
1782,564653,13360,1.670000
1783,564970,13392,1.674000
1784,565287,13376,1.672000
1785,565604,13408,1.676000
1786,565921,13376,1.672000
1787,566237,13376,1.672000
1788,566555,13440,1.680000
1789,566871,13440,1.680000
1790,567188,13360,1.670000
1791,567505,13424,1.678000
1792,567822,13392,1.674000
1793,568138,13424,1.678000
1794,568456,13392,1.674000
1795,568773,13344,1.668000
1796,569089,13392,1.674000
1797,569406,13088,1.636000
1798,569723,13360,1.670000
1799,570039,13376,1.672000
1800,570356,13376,1.672000
1801,570674,13392,1.674000
1802,570991,13328,1.666000
1803,571308,13440,1.680000
1804,571624,13456,1.682000
1805,571941,13440,1.680000
1806,572257,13424,1.678000
1807,572575,13456,1.682000
1808,572892,13408,1.676000
1809,573209,13424,1.678000
1810,573525,13616,1.702000
1811,573842,13424,1.678000
1812,574158,13328,1.666000
1813,574476,13344,1.668000
1814,574793,13472,1.684000
1815,575110,13392,1.674000
1816,575427,13392,1.674000
1817,575743,13392,1.674000
1818,576060,13504,1.688000
1819,576377,13424,1.678000
1820,576694,13360,1.670000
1821,577011,13392,1.674000
1822,577328,13456,1.682000
1823,577645,13504,1.688000
1824,577961,13552,1.694000
1825,578278,13504,1.688000
1826,578595,13456,1.682000
1827,578912,13424,1.678000
1828,579229,13424,1.678000
1829,579545,13408,1.676000
1830,579862,13456,1.682000
1831,580180,13312,1.664000
1832,580496,13424,1.678000
1833,580813,13472,1.684000
1834,581130,13392,1.674000
1835,581447,13424,1.678000
1836,581763,13408,1.676000
1837,582081,13472,1.684000
1838,582398,13344,1.668000
1839,582714,13440,1.680000
1840,583031,13504,1.688000
1841,583348,13360,1.670000
1842,583665,13472,1.684000
1843,583982,13488,1.686000
1844,584299,13472,1.684000
1845,584615,13424,1.678000
1846,584932,13504,1.688000
1847,585249,13424,1.678000
1848,585566,13360,1.670000
1849,585882,13504,1.688000
1850,586200,13408,1.676000
1851,586517,13312,1.664000
1852,586833,13424,1.678000
1853,587150,13504,1.688000
1854,587467,13424,1.678000
1855,587784,13408,1.676000
1856,588101,13392,1.674000
1857,588418,13408,1.676000
1858,588735,13408,1.676000
1859,589051,13360,1.670000
1860,589368,13360,1.670000
1861,589688,13424,1.678000
1862,590002,13408,1.676000
1863,590319,13424,1.678000
1864,590636,13296,1.662000
1865,590953,13280,1.660000
1866,591270,13392,1.674000
1867,591586,13440,1.680000
1868,591903,13344,1.668000
1869,592220,13408,1.676000
1870,592537,13328,1.666000
1871,592854,13440,1.680000
1872,593171,13488,1.686000
1873,593488,13520,1.690000
1874,593805,13552,1.694000
1875,594121,13392,1.674000
1876,594438,13504,1.688000
1877,594755,13456,1.682000
1878,595072,13456,1.682000
1879,595389,13440,1.680000
1880,595706,13408,1.676000
1881,596022,13456,1.682000
1882,596339,13424,1.678000
1883,596656,13456,1.682000
1884,596973,13440,1.680000
1885,597290,13424,1.678000
1886,597607,13440,1.680000
1887,597923,13328,1.666000
1888,598240,13408,1.676000
1889,598557,13424,1.678000
1890,598875,13440,1.680000
1891,599190,13440,1.680000
1892,599508,13424,1.678000
1893,599825,13440,1.680000
1894,600141,13408,1.676000
1895,600458,13488,1.686000
1896,600776,13440,1.680000
1897,601092,13360,1.670000
1898,601409,13408,1.676000
1899,601726,13360,1.670000
1900,602043,13344,1.668000
1901,602360,13392,1.674000
1902,602676,13312,1.664000
1903,602993,13376,1.672000
1904,603310,13376,1.672000
1905,603626,13376,1.672000
1906,603944,13328,1.666000
1907,604261,13376,1.672000
1908,604577,13408,1.676000
1909,604894,13360,1.670000
1910,605211,13456,1.682000
1911,605528,13456,1.682000
1912,605844,13440,1.680000
1913,606162,13456,1.682000
1914,606479,13440,1.680000
1915,606796,13488,1.686000
1916,607113,13376,1.672000
1917,607429,13424,1.678000
1918,607746,13504,1.688000
1919,608063,13424,1.678000
1920,608380,13424,1.678000
1921,608697,13392,1.674000
1922,609014,13440,1.680000
1923,609330,13328,1.666000
1924,609648,13408,1.676000
1925,609964,13488,1.686000
1926,610281,13392,1.674000
1927,610598,13440,1.680000
1928,610915,13456,1.682000
1929,611232,13392,1.674000
1930,611549,13456,1.682000
1931,611865,13456,1.682000
1932,612183,13424,1.678000
1933,612500,13392,1.674000
1934,612816,13376,1.672000
1935,613133,13424,1.678000
1936,613449,13456,1.682000
1937,613767,13392,1.674000
1938,614084,13456,1.682000
1939,614400,13392,1.674000
1940,614717,13408,1.676000
1941,615034,13360,1.670000
1942,615351,13376,1.672000
1943,615668,13392,1.674000
1944,615984,13344,1.668000
1945,616301,13456,1.682000
1946,616618,13344,1.668000
1947,616935,13360,1.670000
1948,617252,13488,1.686000
1949,617569,13488,1.686000
1950,617886,13392,1.674000
1951,618203,13472,1.684000
1952,618519,13296,1.662000
1953,618836,13344,1.668000
1954,619153,13376,1.672000
1955,619470,13376,1.672000
1956,619787,13360,1.670000
1957,620104,13456,1.682000
1958,620420,13392,1.674000
1959,620738,13376,1.672000
1960,621055,13392,1.674000
1961,621371,13376,1.672000
1962,621688,13408,1.676000
1963,622005,13376,1.672000
1964,622322,13456,1.682000
1965,622639,13424,1.678000
1966,622955,13408,1.676000
1967,623272,13424,1.678000
1968,623590,13456,1.682000
1969,623906,13488,1.686000
1970,624223,13424,1.678000
1971,624540,13408,1.676000
1972,624856,13392,1.674000
1973,625174,13392,1.674000
1974,625491,13344,1.668000
1975,625807,13408,1.676000
1976,626124,13328,1.666000
1977,626440,13488,1.686000
1978,626758,13472,1.684000
1979,627075,13424,1.678000
1980,627392,13376,1.672000
1981,627708,13472,1.684000
1982,628026,13456,1.682000
1983,628342,13408,1.676000
1984,628659,13456,1.682000
1985,628976,13472,1.684000
1986,629293,13408,1.676000
1987,629610,13440,1.680000
1988,629927,13408,1.676000
1989,630244,13456,1.682000
1990,630560,13440,1.680000
1991,630877,13440,1.680000
1992,631194,13424,1.678000
1993,631511,13360,1.670000
1994,631827,13296,1.662000
1995,632145,13456,1.682000
1996,632461,13424,1.678000
1997,632778,13440,1.680000
1998,633095,13408,1.676000
1999,633412,13456,1.682000
2000,633729,13424,1.678000
2001,634046,13440,1.680000
2002,634363,13392,1.674000
2003,634679,13360,1.670000
2004,634996,13392,1.674000
2005,635313,13424,1.678000
2006,635630,13392,1.674000
2007,635946,13680,1.710000
2008,636264,13328,1.666000
2009,636581,13392,1.674000
2010,636898,13360,1.670000
2011,637214,13408,1.676000
2012,637531,13424,1.678000
2013,637847,13504,1.688000
2014,638165,13424,1.678000
2015,638482,13344,1.668000
2016,638798,13440,1.680000
2017,639115,13456,1.682000
2018,639432,13408,1.676000
2019,639749,13408,1.676000
2020,640066,13200,1.650000
2021,640383,13440,1.680000
2022,640700,13328,1.666000
2023,641017,13456,1.682000
2024,641334,13408,1.676000
2025,641650,13408,1.676000
2026,641967,13616,1.702000
2027,642285,13376,1.672000
2028,642601,13296,1.662000
2029,642917,13360,1.670000
2030,643234,13392,1.674000
2031,643552,13392,1.674000
2032,643868,13440,1.680000
2033,644185,13472,1.684000
2034,644502,13440,1.680000
2035,644819,13664,1.708000
2036,645136,13424,1.678000
2037,645453,13440,1.680000
2038,645769,13424,1.678000
2039,646086,13392,1.674000
2040,646404,13424,1.678000
2041,646720,13456,1.682000
2042,647037,13504,1.688000
2043,647354,13376,1.672000
2044,647671,13408,1.676000
2045,647988,13440,1.680000
2046,648305,13472,1.684000
2047,648621,13440,1.680000
2048,648938,13440,1.680000
2049,649255,13328,1.666000
2050,649572,13392,1.674000
2051,649889,13456,1.682000
2052,650206,13440,1.680000
2053,650522,13488,1.686000
2054,650840,13376,1.672000
2055,651156,13360,1.670000
2056,651473,13408,1.676000
2057,651790,13440,1.680000
2058,652107,13424,1.678000
2059,652424,13392,1.674000
2060,652741,13424,1.678000
2061,653057,13328,1.666000
2062,653374,13408,1.676000
2063,653691,13408,1.676000
2064,654008,13376,1.672000
2065,654324,13344,1.668000
2066,654642,13408,1.676000
2067,654959,13424,1.678000
2068,655276,13408,1.676000
2069,655592,13488,1.686000
2070,655909,13376,1.672000
2071,656225,13472,1.684000
2072,656543,13408,1.676000
2073,656860,13392,1.674000
2074,657176,13424,1.678000
2075,657493,13392,1.674000
2076,657811,13392,1.674000
2077,658127,13440,1.680000
2078,658444,13488,1.686000
2079,658761,13456,1.682000
2080,659078,13408,1.676000
2081,659395,13392,1.674000
2082,659711,13392,1.674000
2083,660029,13360,1.670000
2084,660346,13712,1.714000
2085,660662,13472,1.684000
2086,660979,13424,1.678000
2087,661296,13456,1.682000
2088,661613,13472,1.684000
2089,661930,13424,1.678000
2090,662247,13488,1.686000
2091,662563,13520,1.690000
2092,662880,13472,1.684000
2093,663197,13456,1.682000
2094,663514,13440,1.680000
2095,663831,13440,1.680000
2096,664148,13456,1.682000
2097,664464,13456,1.682000
2098,664781,13344,1.668000
2099,665098,13504,1.688000
2100,665415,13424,1.678000
2101,665732,13408,1.676000
2102,666049,13424,1.678000
2103,666366,13440,1.680000
2104,666682,13440,1.680000
2105,666999,13344,1.668000
2106,667316,13408,1.676000
2107,667633,13472,1.684000
2108,667950,13472,1.684000
2109,668267,13328,1.666000
2110,668583,13360,1.670000
2111,668900,13328,1.666000
2112,669217,13360,1.670000
2113,669534,13408,1.676000
2114,669851,13360,1.670000
2115,670168,13376,1.672000
2116,670485,13328,1.666000
2117,670801,13408,1.676000
2118,671119,13392,1.674000
2119,671435,13456,1.682000
2120,671752,13344,1.668000
2121,672069,13440,1.680000
2122,672386,13392,1.674000
2123,672703,13408,1.676000
2124,673020,13424,1.678000
2125,673337,13424,1.678000
2126,673653,13424,1.678000
2127,673970,13376,1.672000
2128,674287,13456,1.682000
2129,674603,13424,1.678000
2130,674921,13424,1.678000
2131,675238,13408,1.676000
2132,675554,13424,1.678000
2133,675871,13344,1.668000
2134,676188,13408,1.676000
2135,676505,13408,1.676000
2136,676821,13440,1.680000
2137,677139,13440,1.680000
2138,677455,13488,1.686000
2139,677772,13376,1.672000
2140,678090,13360,1.670000
2141,678406,13424,1.678000
2142,678723,13392,1.674000
2143,679040,13376,1.672000
2144,679357,13472,1.684000
2145,679674,13424,1.678000
2146,679990,13440,1.680000
2147,680307,13456,1.682000
2148,680624,13440,1.680000
2149,680941,13408,1.676000
2150,681258,13440,1.680000
2151,681575,13408,1.676000
2152,681892,13376,1.672000
2153,682209,13472,1.684000
2154,682525,13376,1.672000
2155,682842,13440,1.680000
2156,683159,13344,1.668000
2157,683476,13472,1.684000
2158,683793,13408,1.676000
2159,684110,13472,1.684000
2160,684427,13472,1.684000
2161,684743,13424,1.678000
2162,685060,13376,1.672000
2163,685377,13328,1.666000
2164,685694,13328,1.666000
2165,686011,13328,1.666000
2166,686328,13296,1.662000
2167,686645,13344,1.668000
2168,686961,13408,1.676000
2169,687279,13440,1.680000
2170,687595,13408,1.676000
2171,687912,13376,1.672000
2172,688229,13392,1.674000
2173,688546,13456,1.682000
2174,688863,13424,1.678000
2175,689179,13392,1.674000
2176,689496,13472,1.684000
2177,689813,13440,1.680000
2178,690130,13376,1.672000
2179,690447,13440,1.680000
2180,690763,13360,1.670000
2181,691081,13344,1.668000
2182,691397,13440,1.680000
2183,691714,13472,1.684000
2184,692031,13472,1.684000
2185,692348,13312,1.664000
2186,692665,13408,1.676000
2187,692981,13344,1.668000
2188,693298,13376,1.672000
2189,693616,13392,1.674000
2190,693932,13472,1.684000
2191,694249,13376,1.672000
2192,694566,13456,1.682000
2193,694883,13456,1.682000
2194,695200,13424,1.678000
2195,695517,13408,1.676000
2196,695834,13472,1.684000
2197,696150,13424,1.678000
2198,696467,13392,1.674000
2199,696784,13392,1.674000
2200,697101,13424,1.678000
2201,697417,13408,1.676000
2202,697735,13408,1.676000
2203,698052,13376,1.672000
2204,698369,13408,1.676000
2205,698688,13408,1.676000
2206,699002,13424,1.678000
2207,699319,13376,1.672000
2208,699636,13408,1.676000
2209,699953,13344,1.668000
2210,700270,13376,1.672000
2211,700586,13392,1.674000
2212,700903,13328,1.666000
2213,701220,13376,1.672000
2214,701537,13312,1.664000
2215,701854,13440,1.680000
2216,702171,13408,1.676000
2217,702488,13344,1.668000
2218,702804,13360,1.670000
2219,703121,13232,1.654000
2220,703439,13376,1.672000
2221,703755,13376,1.672000
2222,704072,13360,1.670000
2223,704389,13392,1.674000
2224,704706,13392,1.674000
2225,705022,13520,1.690000
2226,705339,13392,1.674000
2227,705656,13424,1.678000
2228,705973,13360,1.670000
2229,706290,13424,1.678000
2230,706607,13424,1.678000
2231,706923,13456,1.682000
2232,707240,13600,1.700000
2233,707557,13440,1.680000
2234,707874,13392,1.674000
2235,708191,13376,1.672000
2236,708508,13456,1.682000
2237,708825,13360,1.670000
2238,709142,13056,1.632000
2239,709459,13440,1.680000
2240,709776,13392,1.674000
2241,710092,13440,1.680000
2242,710409,13440,1.680000
2243,710726,13440,1.680000
2244,711043,13376,1.672000
2245,711359,13552,1.694000
2246,711677,13392,1.674000
2247,711994,13392,1.674000
2248,712310,13440,1.680000
2249,712627,13392,1.674000
2250,712944,13456,1.682000
2251,713261,13440,1.680000
2252,713578,13440,1.680000
2253,713895,13424,1.678000
2254,714212,13392,1.674000
2255,714529,13408,1.676000
2256,714845,13456,1.682000
2257,715163,13456,1.682000
2258,715479,13408,1.676000
2259,715796,13376,1.672000
2260,716113,13424,1.678000
2261,716430,13424,1.678000
2262,716747,13296,1.662000
2263,717063,13360,1.670000
2264,717380,13456,1.682000
2265,717697,13424,1.678000
2266,718014,13344,1.668000
2267,718331,13376,1.672000
2268,718647,13376,1.672000
2269,718964,13344,1.668000
2270,719281,13344,1.668000
2271,719598,13408,1.676000
2272,719915,13376,1.672000
2273,720232,13328,1.666000
2274,720549,13360,1.670000
2275,720866,13360,1.670000
2276,721183,13424,1.678000
2277,721500,13408,1.676000
2278,721816,13440,1.680000
2279,722133,13360,1.670000
2280,722450,13408,1.676000
2281,722767,13360,1.670000
2282,723084,13472,1.684000
2283,723401,13408,1.676000
2284,723717,13392,1.674000
2285,724034,13456,1.682000
2286,724351,13408,1.676000
2287,724668,13360,1.670000
2288,724985,13344,1.668000
2289,725302,13472,1.684000
2290,725619,13456,1.682000
2291,725936,13392,1.674000
2292,726252,13424,1.678000
2293,726569,13392,1.674000
2294,726886,13440,1.680000
2295,727203,13456,1.682000
2296,727520,13536,1.692000
2297,727837,13424,1.678000
2298,728154,13456,1.682000
2299,728470,13472,1.684000
2300,728787,13408,1.676000
2301,729104,13248,1.656000
2302,729421,13376,1.672000
2303,729738,13344,1.668000
2304,730054,13376,1.672000
2305,730371,13424,1.678000
2306,730688,13408,1.676000
2307,731005,13232,1.654000
2308,731322,13360,1.670000
2309,731639,13568,1.696000
2310,731956,13344,1.668000
2311,732273,13392,1.674000
2312,732590,13360,1.670000
2313,732906,13424,1.678000
2314,733223,13472,1.684000
2315,733540,13440,1.680000
2316,733857,13392,1.674000
2317,734174,13408,1.676000
2318,734491,13360,1.670000
2319,734807,13440,1.680000
2320,735125,13312,1.664000
2321,735441,13488,1.686000
2322,735758,13424,1.678000
2323,736075,13344,1.668000
2324,736392,13360,1.670000
2325,736708,13408,1.676000
2326,737026,13392,1.674000
2327,737343,13392,1.674000
2328,737659,13408,1.676000
2329,737976,13408,1.676000
2330,738293,13344,1.668000
2331,738610,13408,1.676000
2332,738927,13424,1.678000
2333,739244,13424,1.678000
2334,739560,13408,1.676000
2335,739877,13424,1.678000
2336,740194,13408,1.676000
2337,740511,13424,1.678000
2338,740828,13344,1.668000
2339,741145,13408,1.676000
2340,741462,13472,1.684000
2341,741778,13408,1.676000
2342,742095,13440,1.680000
2343,742413,13440,1.680000
2344,742729,13392,1.674000
2345,743046,13424,1.678000
2346,743363,13440,1.680000
2347,743679,13440,1.680000
2348,743996,13472,1.684000
2349,744313,13456,1.682000
2350,744630,13536,1.692000
2351,744947,13376,1.672000
2352,745264,13456,1.682000
2353,745581,13472,1.684000
2354,745898,13456,1.682000
2355,746215,13424,1.678000
2356,746531,13440,1.680000
2357,746848,13408,1.676000
2358,747165,13408,1.676000
2359,747482,13408,1.676000
2360,747799,13408,1.676000
2361,748116,13376,1.672000
2362,748433,13456,1.682000
2363,748749,13424,1.678000
2364,749066,13376,1.672000
2365,749383,13360,1.670000
2366,749700,13440,1.680000
2367,750017,13344,1.668000
2368,750334,13376,1.672000
2369,750650,13440,1.680000
2370,750968,13408,1.676000
2371,751284,13408,1.676000
2372,751601,13472,1.684000
2373,751918,13344,1.668000
2374,752234,13376,1.672000
2375,752552,13312,1.664000
2376,752869,13376,1.672000
2377,753185,13392,1.674000
2378,753502,13424,1.678000
2379,753819,13360,1.670000
2380,754136,13376,1.672000
2381,754453,13408,1.676000
2382,754770,13392,1.674000
2383,755086,13392,1.674000
2384,755404,13408,1.676000
2385,755720,13344,1.668000
2386,756037,13408,1.676000
2387,756354,13440,1.680000
2388,756671,13376,1.672000
2389,756988,13440,1.680000
2390,757305,13424,1.678000
2391,757622,13456,1.682000
2392,757938,13392,1.674000
2393,758255,13408,1.676000
2394,758572,13472,1.684000
2395,758888,13360,1.670000
2396,759206,13424,1.678000
2397,759523,13424,1.678000
2398,759839,13408,1.676000
2399,760156,13376,1.672000
2400,760473,13440,1.680000
2401,760790,13376,1.672000
2402,761107,13456,1.682000
2403,761424,13472,1.684000
2404,761741,13440,1.680000
2405,762057,13440,1.680000
2406,762374,13488,1.686000
2407,762691,13472,1.684000
2408,763009,13456,1.682000
2409,763324,13456,1.682000
2410,763642,13456,1.682000
2411,763959,13424,1.678000
2412,764276,13424,1.678000
2413,764592,13424,1.678000
2414,764910,13440,1.680000
2415,765226,13360,1.670000
2416,765543,13328,1.666000
2417,765860,13408,1.676000
2418,766176,13392,1.674000
2419,766494,13376,1.672000
2420,766811,13408,1.676000
2421,767127,13456,1.682000
2422,767445,13472,1.684000
2423,767761,13344,1.668000
2424,768077,13328,1.666000
2425,768395,13440,1.680000
2426,768712,13408,1.676000
2427,769028,13344,1.668000
2428,769345,13296,1.662000
2429,769662,13328,1.666000
2430,769979,13392,1.674000
2431,770296,13360,1.670000
2432,770613,13392,1.674000
2433,770930,13392,1.674000
2434,771247,13440,1.680000
2435,771564,13312,1.664000
2436,771880,13424,1.678000
2437,772197,13376,1.672000
2438,772514,13376,1.672000
2439,772831,13440,1.680000
2440,773147,13344,1.668000
2441,773465,13408,1.676000
2442,773781,13504,1.688000
2443,774098,13424,1.678000
2444,774415,13408,1.676000
2445,774732,13456,1.682000
2446,775049,13456,1.682000
2447,775366,13456,1.682000
2448,775687,13408,1.676000
2449,776000,13440,1.680000
2450,776316,13360,1.670000
2451,776633,13440,1.680000
2452,776949,13408,1.676000
2453,777267,13424,1.678000
2454,777584,13472,1.684000
2455,777901,13504,1.688000
2456,778218,13472,1.684000
2457,778535,13472,1.684000
2458,778851,13440,1.680000
2459,779168,13472,1.684000
2460,779485,13440,1.680000
2461,779802,13408,1.676000
2462,780119,13424,1.678000
2463,780436,13376,1.672000
2464,780752,13392,1.674000
2465,781069,13424,1.678000
2466,781386,13392,1.674000
2467,781703,13472,1.684000
2468,782020,13408,1.676000
2469,782337,13424,1.678000
2470,782654,13472,1.684000
2471,782970,13392,1.674000
2472,783287,13360,1.670000
2473,783604,13376,1.672000
2474,783921,13472,1.684000
2475,784238,13424,1.678000
2476,784555,13376,1.672000
2477,784872,13440,1.680000
2478,785188,13344,1.668000
2479,785505,13360,1.670000
2480,785822,13296,1.662000
2481,786140,13488,1.686000
2482,786456,13344,1.668000
2483,786773,13408,1.676000
2484,787089,13360,1.670000
2485,787407,13328,1.666000
2486,787723,13392,1.674000
2487,788040,13392,1.674000
2488,788357,13408,1.676000
2489,788674,13408,1.676000
2490,788991,13424,1.678000
2491,789308,13712,1.714000
2492,789625,13408,1.676000
2493,789942,13408,1.676000
2494,790258,13392,1.674000
2495,790575,13424,1.678000
2496,790892,13424,1.678000
2497,791209,13296,1.662000
2498,791526,13280,1.660000
2499,791843,13424,1.678000
2500,792159,13360,1.670000
2501,792476,13440,1.680000
2502,792793,13456,1.682000
2503,793110,13408,1.676000
2504,793427,13216,1.652000
2505,793744,13456,1.682000
2506,794061,13344,1.668000
2507,794378,13472,1.684000
2508,794694,13488,1.686000
2509,795011,13440,1.680000
2510,795328,13456,1.682000
2511,795645,13584,1.698000
2512,795962,13440,1.680000
2513,796279,13184,1.648000
2514,796595,13440,1.680000
2515,796913,13440,1.680000
2516,797229,13408,1.676000
2517,797546,13440,1.680000
2518,797863,13360,1.670000
2519,798180,13600,1.700000
2520,798497,13456,1.682000
2521,798814,13408,1.676000
2522,799130,13440,1.680000
2523,799448,13392,1.674000
2524,799764,13408,1.676000
2525,800081,13392,1.674000
2526,800398,13360,1.670000
2527,800715,13392,1.674000
2528,801031,13472,1.684000
2529,801348,13424,1.678000
2530,801665,13440,1.680000
2531,801982,13296,1.662000
2532,802299,13344,1.668000
2533,802616,13376,1.672000
2534,802932,13376,1.672000
2535,803249,13376,1.672000
2536,803567,13376,1.672000
2537,803883,13392,1.674000
2538,804200,13376,1.672000
2539,804517,13408,1.676000
2540,804834,13360,1.670000
2541,805151,13392,1.674000
2542,805468,13408,1.676000
2543,805784,13440,1.680000
2544,806101,13440,1.680000
2545,806418,13424,1.678000
2546,806735,13344,1.668000
2547,807052,13408,1.676000
2548,807369,13440,1.680000
2549,807689,13456,1.682000
2550,808003,13456,1.682000
2551,808320,13408,1.676000
2552,808636,13408,1.676000
2553,808953,13440,1.680000
2554,809270,13456,1.682000
2555,809587,13440,1.680000
2556,809904,13440,1.680000
2557,810221,13440,1.680000
2558,810537,13552,1.694000
2559,810855,13424,1.678000
2560,811171,13488,1.686000
2561,811488,13472,1.684000
2562,811805,13504,1.688000
2563,812122,13424,1.678000
2564,812439,13456,1.682000
2565,812756,13456,1.682000
2566,813072,13408,1.676000
2567,813389,13376,1.672000
2568,813706,13376,1.672000
2569,814022,13472,1.684000
2570,814340,13408,1.676000
2571,814657,13440,1.680000
2572,814973,13392,1.674000
2573,815290,13424,1.678000
2574,815607,13424,1.678000
2575,815925,13344,1.668000
2576,816241,13344,1.668000
2577,816558,13408,1.676000
2578,816875,13376,1.672000
2579,817192,13360,1.670000
2580,817508,13376,1.672000
2581,817825,13472,1.684000
2582,818142,13472,1.684000
2583,818459,13408,1.676000
2584,818776,13296,1.662000
2585,819092,13344,1.668000
2586,819409,13344,1.668000
2587,819726,13312,1.664000
2588,820044,13440,1.680000
2589,820360,13424,1.678000
2590,820677,13312,1.664000
2591,820994,13392,1.674000
2592,821311,13392,1.674000
2593,821627,13376,1.672000
2594,821944,13408,1.676000
2595,822261,13360,1.670000
2596,822578,13424,1.678000
2597,822895,13392,1.674000
2598,823212,13392,1.674000
2599,823529,13424,1.678000
2600,823846,13408,1.676000
2601,824162,13456,1.682000
2602,824480,13424,1.678000
2603,824796,13472,1.684000
2604,825113,13424,1.678000
2605,825430,13376,1.672000
2606,825747,13328,1.666000
2607,826063,13392,1.674000
2608,826381,13424,1.678000
2609,826697,13424,1.678000
2610,827014,13440,1.680000
2611,827330,13408,1.676000
2612,827648,13440,1.680000
2613,827965,13456,1.682000
2614,828281,13408,1.676000
2615,828599,13440,1.680000
2616,828916,13456,1.682000
2617,829232,13408,1.676000
2618,829549,13360,1.670000
2619,829866,13392,1.674000
2620,830183,13440,1.680000
2621,830500,13408,1.676000
2622,830817,13392,1.674000
2623,831134,13440,1.680000
2624,831450,13472,1.684000
2625,831767,13360,1.670000
2626,832084,13440,1.680000
2627,832401,13424,1.678000
2628,832717,13408,1.676000
2629,833035,13424,1.678000
2630,833352,13376,1.672000
2631,833668,13424,1.678000
2632,833985,13360,1.670000
2633,834302,13376,1.672000
2634,834619,13392,1.674000
2635,834936,13408,1.676000
2636,835253,13344,1.668000
2637,835569,13360,1.670000
2638,835886,13376,1.672000
2639,836203,13344,1.668000
2640,836520,13392,1.674000
2641,836837,13344,1.668000
2642,837154,13392,1.674000
2643,837471,13376,1.672000
2644,837787,13328,1.666000
2645,838104,13408,1.676000
2646,838421,13344,1.668000
2647,838738,13392,1.674000
2648,839055,13392,1.674000
2649,839371,13424,1.678000
2650,839688,13408,1.676000
2651,840006,13408,1.676000
2652,840323,13392,1.674000
2653,840639,13456,1.682000
2654,840956,13392,1.674000
2655,841273,13440,1.680000
2656,841590,13472,1.684000
2657,841906,13456,1.682000
2658,842223,13408,1.676000
2659,842541,13360,1.670000
2660,842857,13376,1.672000
2661,843173,13392,1.674000
2662,843491,13392,1.674000
2663,843808,13488,1.686000
2664,844124,13424,1.678000
2665,844442,13392,1.674000
2666,844759,13472,1.684000
2667,845075,13504,1.688000
2668,845392,13440,1.680000
2669,845709,13424,1.678000
2670,846026,13440,1.680000
2671,846343,13424,1.678000
2672,846660,13424,1.678000
2673,846976,13344,1.668000
2674,847293,13360,1.670000
2675,847610,13360,1.670000
2676,847927,13392,1.674000
2677,848244,13456,1.682000
2678,848561,13408,1.676000
2679,848878,13392,1.674000
2680,849195,13408,1.676000
2681,849511,13392,1.674000
2682,849828,13456,1.682000
2683,850145,13408,1.676000
2684,850462,13536,1.692000
2685,850778,13472,1.684000
2686,851096,13440,1.680000
2687,851413,13408,1.676000
2688,851729,13408,1.676000
2689,852046,13424,1.678000
2690,852363,13360,1.670000
2691,852680,13440,1.680000
2692,852997,13392,1.674000
2693,853314,13472,1.684000
2694,853630,13408,1.676000
2695,853947,13440,1.680000
2696,854264,13344,1.668000
2697,854581,13376,1.672000
2698,854898,13360,1.670000
2699,855215,13376,1.672000
2700,855532,13424,1.678000
2701,855848,13392,1.674000
2702,856166,13440,1.680000
2703,856482,13424,1.678000
2704,856799,13344,1.668000
2705,857116,13392,1.674000
2706,857433,13344,1.668000
2707,857750,13392,1.674000
2708,858066,13392,1.674000
2709,858384,13440,1.680000
2710,858700,13584,1.698000
2711,859017,13392,1.674000
2712,859334,13392,1.674000
2713,859651,13424,1.678000
2714,859968,13376,1.672000
2715,860284,13456,1.682000
2716,860602,13200,1.650000
2717,860918,13360,1.670000
2718,861235,13456,1.682000
2719,861551,13472,1.684000
2720,861869,13456,1.682000
2721,862186,13504,1.688000
2722,862503,13392,1.674000
2723,862819,13296,1.662000
2724,863136,13456,1.682000
2725,863453,13408,1.676000
2726,863770,13456,1.682000
2727,864087,13456,1.682000
2728,864404,13408,1.676000
2729,864720,13552,1.694000
2730,865038,13408,1.676000
2731,865355,13392,1.674000
2732,865671,13408,1.676000
2733,865988,13360,1.670000
2734,866305,13424,1.678000
2735,866622,13424,1.678000
2736,866939,13408,1.676000
2737,867256,13456,1.682000
2738,867572,13424,1.678000
2739,867889,13360,1.670000
2740,868206,13424,1.678000
2741,868523,13312,1.664000
2742,868839,13424,1.678000
2743,869157,13392,1.674000
2744,869473,13408,1.676000
2745,869791,13376,1.672000
2746,870107,13344,1.668000
2747,870424,13344,1.668000
2748,870741,13344,1.668000
2749,871058,13376,1.672000
2750,871374,13344,1.668000
2751,871692,13440,1.680000
2752,872009,13440,1.680000
2753,872325,13504,1.688000
2754,872642,13424,1.678000
2755,872959,13392,1.674000
2756,873275,13440,1.680000
2757,873593,13424,1.678000
2758,873910,13456,1.682000
2759,874227,13408,1.676000
2760,874543,13472,1.684000
2761,874860,13376,1.672000
2762,875177,13456,1.682000
2763,875493,13392,1.674000
2764,875811,13424,1.678000
2765,876127,13424,1.678000
2766,876444,13680,1.710000
2767,876761,13376,1.672000
2768,877078,13488,1.686000
2769,877395,13408,1.676000
2770,877712,13440,1.680000
2771,878029,13456,1.682000
2772,878346,13392,1.674000
2773,878662,13424,1.678000
2774,878980,13456,1.682000
2775,879296,13488,1.686000
2776,879613,13408,1.676000
2777,879930,13392,1.674000
2778,880247,13424,1.678000
2779,880564,13360,1.670000
2780,880880,13392,1.674000
2781,881197,13360,1.670000
2782,881514,13424,1.678000
2783,881831,13440,1.680000
2784,882148,13408,1.676000
2785,882465,13312,1.664000
2786,882782,13424,1.678000
2787,883098,13456,1.682000
2788,883415,13392,1.674000
2789,883733,13440,1.680000
2790,884049,13440,1.680000
2791,884366,13392,1.674000
2792,884687,13184,1.648000
2793,884999,13376,1.672000
2794,885316,13248,1.656000
2795,885633,13344,1.668000
2796,885950,13392,1.674000
2797,886268,13376,1.672000
2798,886584,13232,1.654000
2799,886901,13392,1.674000
2800,887218,13408,1.676000
2801,887535,13408,1.676000
2802,887851,13376,1.672000
2803,888169,13376,1.672000
2804,888485,13440,1.680000
2805,888802,13360,1.670000
2806,889119,13440,1.680000
2807,889436,13488,1.686000
2808,889752,13360,1.670000
2809,890069,13392,1.674000
2810,890386,13376,1.672000
2811,890703,13392,1.674000
2812,891020,13424,1.678000
2813,891337,13360,1.670000
2814,891654,13376,1.672000
2815,891971,13456,1.682000
2816,892287,13424,1.678000
2817,892604,13376,1.672000
2818,892921,13408,1.676000
2819,893238,13424,1.678000
2820,893555,13488,1.686000
2821,893872,13408,1.676000
2822,894189,13440,1.680000
2823,894506,13472,1.684000
2824,894822,13424,1.678000
2825,895139,13424,1.678000
2826,895455,13472,1.684000
2827,895773,13424,1.678000
2828,896090,13440,1.680000
2829,896407,13424,1.678000
2830,896724,13440,1.680000
2831,897040,13376,1.672000
2832,897357,13344,1.668000
2833,897674,13360,1.670000
2834,897991,13344,1.668000
2835,898308,13440,1.680000
2836,898625,13408,1.676000
2837,898942,13408,1.676000
2838,899258,13392,1.674000
2839,899575,13408,1.676000
2840,899892,13392,1.674000
2841,900209,13392,1.674000
2842,900526,13360,1.670000
2843,900842,13488,1.686000
2844,901160,13408,1.676000
2845,901476,13376,1.672000
2846,901793,13488,1.686000
2847,902110,13360,1.670000
2848,902427,13376,1.672000
2849,902744,13312,1.664000
2850,903061,13408,1.676000
2851,903378,13376,1.672000
2852,903694,13408,1.676000
2853,904011,13344,1.668000
2854,904328,13424,1.678000
2855,904645,13392,1.674000
2856,904962,13424,1.678000
2857,905279,13360,1.670000
2858,905596,13408,1.676000
2859,905913,13392,1.674000
2860,906229,13488,1.686000
2861,906546,13456,1.682000
2862,906863,13408,1.676000
2863,907180,13296,1.662000
2864,907497,13392,1.674000
2865,907814,13376,1.672000
2866,908130,13424,1.678000
2867,908448,13392,1.674000
2868,908764,13344,1.668000
2869,909081,13392,1.674000
2870,909398,13360,1.670000
2871,909715,13488,1.686000
2872,910031,13424,1.678000
2873,910348,13424,1.678000
2874,910665,13456,1.682000
2875,910982,13456,1.682000
2876,911299,13472,1.684000
2877,911616,13440,1.680000
2878,911932,13424,1.678000
2879,912250,13440,1.680000
2880,912567,13488,1.686000
2881,912883,13440,1.680000
2882,913200,13360,1.670000
2883,913517,13408,1.676000
2884,913834,13376,1.672000
2885,914151,13392,1.674000
2886,914468,13392,1.674000
2887,914784,13360,1.670000
2888,915101,13424,1.678000
2889,915418,13344,1.668000
2890,915735,13392,1.674000
2891,916052,13360,1.670000
2892,916369,13328,1.666000
2893,916689,13424,1.678000
2894,917003,13456,1.682000
2895,917320,13408,1.676000
2896,917636,13376,1.672000
2897,917954,13440,1.680000
2898,918270,13440,1.680000
2899,918587,13360,1.670000
2900,918904,13344,1.668000
2901,919221,13360,1.670000
2902,919537,13392,1.674000
2903,919855,13360,1.670000
2904,920171,13344,1.668000
2905,920488,13424,1.678000
2906,920805,13328,1.666000
2907,921121,13424,1.678000
2908,921439,13360,1.670000
2909,921756,13424,1.678000
2910,922072,13440,1.680000
2911,922389,13376,1.672000
2912,922706,13456,1.682000
2913,923022,13408,1.676000
2914,923339,13424,1.678000
2915,923657,13504,1.688000
2916,923973,13424,1.678000
2917,924290,13344,1.668000
2918,924607,13424,1.678000
2919,924924,13408,1.676000
2920,925241,13392,1.674000
2921,925558,13424,1.678000
2922,925875,13504,1.688000
2923,926192,13456,1.682000
2924,926508,13456,1.682000
2925,926825,13456,1.682000
2926,927142,13440,1.680000
2927,927459,13520,1.690000
2928,927776,13408,1.676000
2929,928092,13392,1.674000
2930,928409,13456,1.682000
2931,928726,13360,1.670000
2932,929043,13424,1.678000
2933,929361,13424,1.678000
2934,929677,13424,1.678000
2935,929994,13424,1.678000
2936,930311,13392,1.674000
2937,930628,13424,1.678000
2938,930944,13408,1.676000
2939,931261,13360,1.670000
2940,931578,13488,1.686000
2941,931895,13456,1.682000
2942,932212,13392,1.674000
2943,932529,13344,1.668000
2944,932845,13392,1.674000
2945,933163,13376,1.672000
2946,933479,13424,1.678000
2947,933796,13392,1.674000
2948,934113,13392,1.674000
2949,934430,13472,1.684000
2950,934747,13424,1.678000
2951,935064,13392,1.674000
2952,935381,13424,1.678000
2953,935697,13264,1.658000
2954,936014,13344,1.668000
2955,936331,13344,1.668000
2956,936648,13392,1.674000
2957,936965,13344,1.668000
2958,937281,13424,1.678000
2959,937599,13408,1.676000
2960,937916,13424,1.678000
2961,938232,13392,1.674000
2962,938549,13392,1.674000
2963,938866,13408,1.676000
2964,939183,13376,1.672000
2965,939499,13424,1.678000
2966,939817,13392,1.674000
2967,940133,13440,1.680000
2968,940451,13376,1.672000
2969,940767,13408,1.676000
2970,941084,13408,1.676000
2971,941401,13360,1.670000
2972,941718,13488,1.686000
2973,942034,13376,1.672000
2974,942352,13360,1.670000
2975,942668,13472,1.684000
2976,942985,13440,1.680000
2977,943302,13440,1.680000
2978,943619,13424,1.678000
2979,943936,13504,1.688000
2980,944253,13504,1.688000
2981,944569,13440,1.680000
2982,944886,13552,1.694000
2983,945203,13408,1.676000
2984,945520,13392,1.674000
2985,945837,13440,1.680000
2986,946154,13376,1.672000
2987,946470,13440,1.680000
2988,946787,13504,1.688000
2989,947104,13312,1.664000
2990,947422,13312,1.664000
2991,947738,13392,1.674000
2992,948055,13456,1.682000
2993,948372,13344,1.668000
2994,948689,13408,1.676000
2995,949005,13328,1.666000
2996,949322,13440,1.680000
2997,949639,13584,1.698000
2998,949956,13392,1.674000
2999,950273,13440,1.680000
3000,950590,13392,1.674000
3001,950906,13376,1.672000
3002,951223,13456,1.682000
3003,951541,13376,1.672000
3004,951857,13392,1.674000
3005,952174,13408,1.676000
3006,952491,13360,1.670000
3007,952808,13392,1.674000
3008,953124,13344,1.668000
3009,953442,13312,1.664000
3010,953759,13328,1.666000
3011,954075,13408,1.676000
3012,954392,13344,1.668000
3013,954709,13392,1.674000
3014,955026,13440,1.680000
3015,955343,13424,1.678000
3016,955659,13408,1.676000
3017,955977,13392,1.674000
3018,956294,13392,1.674000
3019,956610,13392,1.674000
3020,956927,13360,1.670000
3021,957244,13408,1.676000
3022,957561,13424,1.678000
3023,957877,13200,1.650000
3024,958195,13440,1.680000
3025,958511,13392,1.674000
3026,958828,13408,1.676000
3027,959144,13424,1.678000
3028,959462,13360,1.670000
3029,959779,13424,1.678000
3030,960096,13408,1.676000
3031,960413,13488,1.686000
3032,960729,13392,1.674000
3033,961046,13472,1.684000
3034,961363,13440,1.680000
3035,961680,13440,1.680000
3036,961997,13424,1.678000
3037,962314,13504,1.688000
3038,962630,13376,1.672000
3039,962947,13376,1.672000
3040,963264,13392,1.674000
3041,963581,13424,1.678000
3042,963898,13408,1.676000
3043,964215,13440,1.680000
3044,964532,13408,1.676000
3045,964848,13408,1.676000
3046,965166,13424,1.678000
3047,965482,13392,1.674000
3048,965800,13392,1.674000
3049,966116,13344,1.668000
3050,966433,13424,1.678000
3051,966750,13456,1.682000
3052,967066,13424,1.678000
3053,967383,13408,1.676000
3054,967700,13408,1.676000
3055,968017,13424,1.678000
3056,968334,13376,1.672000
3057,968651,13296,1.662000
3058,968967,13392,1.674000
3059,969285,13328,1.666000
3060,969601,13328,1.666000
3061,969918,13376,1.672000
3062,970236,13360,1.670000
3063,970552,13328,1.666000
3064,970868,13360,1.670000
3065,971186,13440,1.680000
3066,971503,13616,1.702000
3067,971820,13392,1.674000
3068,972136,13440,1.680000
3069,972454,13472,1.684000
3070,972770,13424,1.678000
3071,973087,13408,1.676000
3072,973404,13376,1.672000
3073,973721,13472,1.684000
3074,974037,13440,1.680000
3075,974354,13408,1.676000
3076,974671,13392,1.674000
3077,974988,13392,1.674000
3078,975305,13504,1.688000
3079,975622,13296,1.662000
3080,975939,13504,1.688000
3081,976256,13424,1.678000
3082,976572,13504,1.688000
3083,976889,13440,1.680000
3084,977206,13456,1.682000
3085,977523,13408,1.676000
3086,977840,13376,1.672000
3087,978157,13408,1.676000
3088,978474,13248,1.656000
3089,978791,13456,1.682000
3090,979107,13472,1.684000
3091,979424,13456,1.682000
3092,979741,13424,1.678000
3093,980058,13392,1.674000
3094,980375,13408,1.676000
3095,980692,13376,1.672000
3096,981008,13392,1.674000
3097,981325,13376,1.672000
3098,981642,13408,1.676000
3099,981958,13392,1.674000
3100,982275,13392,1.674000
3101,982593,13552,1.694000
3102,982910,13472,1.684000
3103,983227,13424,1.678000
3104,983543,13392,1.674000
3105,983860,13360,1.670000
3106,984177,13440,1.680000
3107,984493,13424,1.678000
3108,984811,13376,1.672000
3109,985127,13408,1.676000
3110,985445,13360,1.670000
3111,985761,13440,1.680000
3112,986078,13392,1.674000
3113,986395,13376,1.672000
3114,986712,13360,1.670000
3115,987029,13376,1.672000
3116,987346,13360,1.670000
3117,987662,13376,1.672000
3118,987980,13376,1.672000
3119,988296,13392,1.674000
3120,988613,13408,1.676000
3121,988930,13376,1.672000
3122,989247,13440,1.680000
3123,989563,13440,1.680000
3124,989881,13408,1.676000
3125,990197,13376,1.672000
3126,990514,13408,1.676000
3127,990831,13472,1.684000
3128,991148,13424,1.678000
3129,991465,13392,1.674000
3130,991782,13392,1.674000
3131,992098,13344,1.668000
3132,992416,13456,1.682000
3133,992732,13424,1.678000
3134,993049,13408,1.676000
3135,993365,13344,1.668000
3136,993687,13552,1.694000
3137,994000,13440,1.680000
3138,994317,13440,1.680000
3139,994633,13488,1.686000
3140,994950,13472,1.684000
3141,995267,13408,1.676000
3142,995584,13424,1.678000
3143,995901,13408,1.676000
3144,996218,13392,1.674000
3145,996535,13424,1.678000
3146,996852,13456,1.682000
3147,997168,13408,1.676000
3148,997485,13392,1.674000
3149,997802,13440,1.680000
3150,998119,13424,1.678000
3151,998436,13424,1.678000
3152,998753,13472,1.684000
3153,999070,13440,1.680000
3154,999387,13424,1.678000
3155,999703,13344,1.668000
