sample,timestamp_us,raw,voltage_V
0,199,13408,1.676000
1,515,13408,1.676000
2,833,13440,1.680000
3,1149,13408,1.676000
4,1466,13488,1.686000
5,1782,13440,1.680000
6,2100,13488,1.686000
7,2416,13360,1.670000
8,2733,13376,1.672000
9,3051,13424,1.678000
10,3367,13344,1.668000
11,3686,13424,1.678000
12,4001,13408,1.676000
13,4318,13392,1.674000
14,4635,13440,1.680000
15,4952,13424,1.678000
16,5268,13504,1.688000
17,5585,13408,1.676000
18,5902,13504,1.688000
19,6219,13392,1.674000
20,6536,13424,1.678000
21,6853,13360,1.670000
22,7169,13424,1.678000
23,7487,13440,1.680000
24,7803,13456,1.682000
25,8120,13328,1.666000
26,8436,13376,1.672000
27,8754,13376,1.672000
28,9070,13408,1.676000
29,9387,13456,1.682000
30,9705,13376,1.672000
31,10021,13408,1.676000
32,10338,13312,1.664000
33,10655,13392,1.674000
34,10972,13376,1.672000
35,11289,13360,1.670000
36,11605,13408,1.676000
37,11923,13392,1.674000
38,12240,13408,1.676000
39,12556,13392,1.674000
40,12873,13360,1.670000
41,13190,13360,1.670000
42,13507,13392,1.674000
43,13823,13472,1.684000
44,14141,13344,1.668000
45,14458,13296,1.662000
46,14774,13440,1.680000
47,15091,13408,1.676000
48,15408,13424,1.678000
49,15725,13376,1.672000
50,16041,13424,1.678000
51,16358,13440,1.680000
52,16676,13392,1.674000
53,16992,13392,1.674000
54,17309,13376,1.672000
55,17626,13360,1.670000
56,17942,13408,1.676000
57,18260,13392,1.674000
58,18576,13424,1.678000
59,18894,13360,1.670000
60,19210,13440,1.680000
61,19527,13440,1.680000
62,19844,13472,1.684000
63,20160,13456,1.682000
64,20478,13456,1.682000
65,20795,13344,1.668000
66,21111,13392,1.674000
67,21428,13440,1.680000
68,21744,13408,1.676000
69,22062,13456,1.682000
70,22379,13408,1.676000
71,22696,13424,1.678000
72,23012,13424,1.678000
73,23329,13376,1.672000
74,23646,13472,1.684000
75,23963,13392,1.674000
76,24280,13376,1.672000
77,24597,13392,1.674000
78,24914,13376,1.672000
79,25231,13392,1.674000
80,25547,13424,1.678000
81,25864,13376,1.672000
82,26181,13344,1.668000
83,26498,13376,1.672000
84,26815,13392,1.674000
85,27131,13392,1.674000
86,27449,13360,1.670000
87,27765,13360,1.670000
88,28082,13424,1.678000
89,28399,13360,1.670000
90,28716,13376,1.672000
91,29033,13392,1.674000
92,29350,13392,1.674000
93,29666,13392,1.674000
94,29983,13328,1.666000
95,30300,13376,1.672000
96,30616,13360,1.670000
97,30934,13328,1.666000
98,31251,13296,1.662000
99,31567,13376,1.672000
100,31884,13360,1.670000
101,32201,13424,1.678000
102,32518,13408,1.676000
103,32835,13392,1.674000
104,33152,13424,1.678000
105,33469,13440,1.680000
106,33786,13424,1.678000
107,34102,13440,1.680000
108,34419,13424,1.678000
109,34736,13472,1.684000
110,35053,13424,1.678000
111,35370,13392,1.674000
112,35686,13440,1.680000
113,36003,13456,1.682000
114,36321,13456,1.682000
115,36637,13424,1.678000
116,36954,13376,1.672000
117,37271,13408,1.676000
118,37588,13392,1.674000
119,37905,13376,1.672000
120,38222,13456,1.682000
121,38538,13408,1.676000
122,38855,13360,1.670000
123,39172,13424,1.678000
124,39489,13408,1.676000
125,39806,13408,1.676000
126,40122,13360,1.670000
127,40440,13456,1.682000
128,40757,13408,1.676000
129,41073,13392,1.674000
130,41390,13392,1.674000
131,41707,13392,1.674000
132,42024,13440,1.680000
133,42341,13360,1.670000
134,42657,13360,1.670000
135,42975,13312,1.664000
136,43291,13376,1.672000
137,43608,13376,1.672000
138,43924,13344,1.668000
139,44242,13376,1.672000
140,44559,13376,1.672000
141,44875,13360,1.670000
142,45192,13392,1.674000
143,45509,13312,1.664000
144,45827,13376,1.672000
145,46143,13376,1.672000
146,46460,13376,1.672000
147,46777,13424,1.678000
148,47094,13392,1.674000
149,47411,13424,1.678000
150,47727,13408,1.676000
151,48044,13424,1.678000
152,48361,13392,1.674000
153,48678,13440,1.680000
154,48995,13344,1.668000
155,49311,13408,1.676000
156,49629,13408,1.676000
157,49945,13408,1.676000
158,50262,13376,1.672000
159,50579,13424,1.678000
160,50896,13424,1.678000
161,51213,13488,1.686000
162,51530,13376,1.672000
163,51846,13456,1.682000
164,52164,13424,1.678000
165,52480,13392,1.674000
166,52797,13408,1.676000
167,53114,13360,1.670000
168,53431,13440,1.680000
169,53748,13392,1.674000
170,54064,13424,1.678000
171,54382,13392,1.674000
172,54698,13408,1.676000
173,55015,13344,1.668000
174,55332,13424,1.678000
175,55648,13488,1.686000
176,55966,13392,1.674000
177,56283,13408,1.676000
178,56599,13360,1.670000
179,56916,13392,1.674000
180,57233,13440,1.680000
181,57550,13408,1.676000
182,57867,13440,1.680000
183,58184,13376,1.672000
184,58501,13440,1.680000
185,58817,13344,1.668000
186,59134,13440,1.680000
187,59451,13376,1.672000
188,59768,13376,1.672000
189,60085,13392,1.674000
190,60402,13360,1.670000
191,60718,13408,1.676000
192,61035,13344,1.668000
193,61353,13376,1.672000
194,61669,13312,1.664000
195,61986,13392,1.674000
196,62303,13328,1.666000
197,62620,13376,1.672000
198,62936,13392,1.674000
199,63253,13344,1.668000
200,63570,13376,1.672000
201,63888,13392,1.674000
202,64204,13392,1.674000
203,64521,13408,1.676000
204,64838,13296,1.662000
205,65154,13376,1.672000
206,65471,13424,1.678000
207,65788,13408,1.676000
208,66105,13392,1.674000
209,66422,13440,1.680000
210,66739,13376,1.672000
211,67056,13488,1.686000
212,67373,13328,1.666000
213,67689,13376,1.672000
214,68006,13344,1.668000
215,68323,13376,1.672000
216,68640,13440,1.680000
217,68957,13392,1.674000
218,69274,13392,1.674000
219,69590,13408,1.676000
220,69908,13328,1.666000
221,70224,13360,1.670000
222,70541,13312,1.664000
223,70858,13440,1.680000
224,71174,13424,1.678000
225,71492,13440,1.680000
226,71809,13440,1.680000
227,72125,13360,1.670000
228,72443,13376,1.672000
229,72759,13376,1.672000
230,73076,13360,1.670000
231,73393,13424,1.678000
232,73710,13488,1.686000
233,74026,13440,1.680000
234,74343,13440,1.680000
235,74660,13408,1.676000
236,74977,13328,1.666000
237,75294,13424,1.678000
238,75611,13456,1.682000
239,75927,13424,1.678000
240,76244,13360,1.670000
241,76562,13360,1.670000
242,76878,13424,1.678000
243,77195,13392,1.674000
244,77512,13536,1.692000
245,77829,13344,1.668000
246,78145,13360,1.670000
247,78463,13424,1.678000
248,78779,13440,1.680000
249,79097,13392,1.674000
250,79413,13472,1.684000
251,79730,13376,1.672000
252,80047,13392,1.674000
253,80364,13408,1.676000
254,80680,13376,1.672000
255,80997,13376,1.672000
256,81314,13424,1.678000
257,81631,13408,1.676000
258,81948,13376,1.672000
259,82265,13408,1.676000
260,82581,13360,1.670000
261,82898,13408,1.676000
262,83216,13392,1.674000
263,83532,13360,1.670000
264,83849,13296,1.662000
265,84166,13424,1.678000
266,84483,13392,1.674000
267,84800,13440,1.680000
268,85116,13424,1.678000
269,85433,13456,1.682000
270,85750,13392,1.674000
271,86067,13360,1.670000
272,86384,13424,1.678000
273,86701,13472,1.684000
274,87018,13424,1.678000
275,87335,13392,1.674000
276,87651,13488,1.686000
277,87968,13456,1.682000
278,88285,13472,1.684000
279,88602,13456,1.682000
280,88919,13360,1.670000
281,89236,13360,1.670000
282,89552,13424,1.678000
283,89869,13440,1.680000
284,90187,13392,1.674000
285,90503,13360,1.670000
286,90820,13408,1.676000
287,91137,13456,1.682000
288,91454,13440,1.680000
289,91771,13456,1.682000
290,92087,13408,1.676000
291,92404,13360,1.670000
292,92721,13408,1.676000
293,93037,13344,1.668000
294,93355,13424,1.678000
295,93672,13344,1.668000
296,93989,13328,1.666000
297,94306,13296,1.662000
298,94622,13424,1.678000
299,94940,13360,1.670000
300,95256,13408,1.676000
301,95573,13408,1.676000
302,95890,13344,1.668000
303,96207,13424,1.678000
304,96523,13344,1.668000
305,96840,13344,1.668000
306,97157,13376,1.672000
307,97474,13360,1.670000
308,97790,13408,1.676000
309,98108,13360,1.670000
310,98424,13424,1.678000
311,98741,13424,1.678000
312,99058,13392,1.674000
313,99375,13344,1.668000
314,99692,13440,1.680000
315,100009,13456,1.682000
316,100326,13376,1.672000
317,100642,13456,1.682000
318,100959,13392,1.674000
319,101276,13232,1.654000
320,101593,13408,1.676000
321,101910,13280,1.660000
322,102227,13424,1.678000
323,102543,13456,1.682000
324,102861,13504,1.688000
325,103178,13440,1.680000
326,103494,13168,1.646000
327,103812,13424,1.678000
328,104128,13440,1.680000
329,104445,13456,1.682000
330,104762,13408,1.676000
331,105079,13472,1.684000
332,105395,13296,1.662000
333,105713,13456,1.682000
334,106029,13408,1.676000
335,106346,13440,1.680000
336,106663,13392,1.674000
337,106980,13424,1.678000
338,107297,13376,1.672000
339,107613,13360,1.670000
340,107931,13472,1.684000
341,108247,13424,1.678000
342,108564,13360,1.670000
343,108881,13344,1.668000
344,109198,13408,1.676000
345,109514,13376,1.672000
346,109831,13344,1.668000
347,110149,13408,1.676000
348,110465,13408,1.676000
349,110782,13408,1.676000
350,111099,13360,1.670000
351,111416,13360,1.670000
352,111733,13392,1.674000
353,112049,13408,1.676000
354,112367,13392,1.674000
355,112686,13312,1.664000
356,113000,13360,1.670000
357,113317,13328,1.666000
358,113634,13344,1.668000
359,113951,13328,1.666000
360,114268,13392,1.674000
361,114584,13376,1.672000
362,114901,13344,1.668000
363,115218,13328,1.666000
364,115535,13424,1.678000
365,115851,13376,1.672000
366,116169,13376,1.672000
367,116486,13344,1.668000
368,116802,13344,1.668000
369,117119,13440,1.680000
370,117435,13376,1.672000
371,117753,13392,1.674000
372,118070,13440,1.680000
373,118387,13424,1.678000
374,118703,13360,1.670000
375,119020,13392,1.674000
376,119337,13440,1.680000
377,119653,13456,1.682000
378,119971,13440,1.680000
379,120288,13440,1.680000
380,120605,13408,1.676000
381,120921,13376,1.672000
382,121239,13424,1.678000
383,121555,13376,1.672000
384,121872,13520,1.690000
385,122189,13440,1.680000
386,122506,13424,1.678000
387,122823,13392,1.674000
388,123140,13424,1.678000
389,123456,13440,1.680000
390,123773,13440,1.680000
391,124090,13424,1.678000
392,124406,13424,1.678000
393,124724,13456,1.682000
394,125041,13424,1.678000
395,125358,13408,1.676000
396,125674,13392,1.674000
397,125991,13472,1.684000
398,126308,13408,1.676000
399,126625,13344,1.668000
400,126942,13344,1.668000
401,127258,13392,1.674000
402,127576,13312,1.664000
403,127892,13456,1.682000
404,128209,13424,1.678000
405,128526,13408,1.676000
406,128843,13376,1.672000
407,129160,13328,1.666000
408,129477,13344,1.668000
409,129794,13376,1.672000
410,130110,13440,1.680000
411,130427,13440,1.680000
412,130744,13376,1.672000
413,131061,13376,1.672000
414,131378,13376,1.672000
415,131695,13360,1.670000
416,132011,13344,1.668000
417,132328,13408,1.676000
418,132645,13360,1.670000
419,132961,13360,1.670000
420,133279,13408,1.676000
421,133596,13408,1.676000
422,133913,13392,1.674000
423,134230,13376,1.672000
424,134546,13424,1.678000
425,134863,13392,1.674000
426,135181,13392,1.674000
427,135497,13392,1.674000
428,135814,13408,1.676000
429,136131,13408,1.676000
430,136447,13424,1.678000
431,136764,13456,1.682000
432,137081,13344,1.668000
433,137398,13472,1.684000
434,137714,13376,1.672000
435,138032,13440,1.680000
436,138349,13376,1.672000
437,138666,13392,1.674000
438,138982,13424,1.678000
439,139299,13376,1.672000
440,139616,13424,1.678000
441,139933,13440,1.680000
442,140250,13344,1.668000
443,140567,13472,1.684000
444,140883,13424,1.678000
445,141200,13424,1.678000
446,141517,13456,1.682000
447,141834,13408,1.676000
448,142150,13360,1.670000
449,142468,13376,1.672000
450,142784,13392,1.674000
451,143102,13408,1.676000
452,143418,13328,1.666000
453,143735,13296,1.662000
454,144052,13376,1.672000
455,144369,13328,1.666000
456,144686,13456,1.682000
457,145003,13392,1.674000
458,145320,13376,1.672000
459,145636,13360,1.670000
460,145954,13424,1.678000
461,146270,13328,1.666000
462,146587,13424,1.678000
463,146904,13344,1.668000
464,147221,13344,1.668000
465,147538,13328,1.666000
466,147854,13344,1.668000
467,148172,13392,1.674000
468,148488,13376,1.672000
469,148805,13392,1.674000
470,149122,13408,1.676000
471,149439,13408,1.676000
472,149755,13312,1.664000
473,150073,13328,1.666000
474,150390,13440,1.680000
475,150706,13280,1.660000
476,151023,13424,1.678000
477,151340,13360,1.670000
478,151657,13408,1.676000
479,151974,13424,1.678000
480,152290,13440,1.680000
481,152607,13344,1.668000
482,152924,13408,1.676000
483,153241,13392,1.674000
484,153558,13504,1.688000
485,153874,13392,1.674000
486,154192,13360,1.670000
487,154509,13392,1.674000
488,154825,13392,1.674000
489,155142,13408,1.676000
490,155458,13408,1.676000
491,155776,13472,1.684000
492,156093,13424,1.678000
493,156410,13472,1.684000
494,156726,13488,1.686000
495,157044,13408,1.676000
496,157360,13504,1.688000
497,157677,13440,1.680000
498,157994,13392,1.674000
499,158311,13360,1.670000
500,158627,13344,1.668000
501,158945,13376,1.672000
502,159262,13376,1.672000
503,159578,13344,1.668000
504,159895,13376,1.672000
505,160212,13376,1.672000
506,160529,13392,1.674000
507,160846,13376,1.672000
508,161163,13408,1.676000
509,161479,13392,1.674000
510,161796,13408,1.676000
511,162113,13312,1.664000
512,162430,13344,1.668000
513,162747,13344,1.668000
514,163064,13392,1.674000
515,163381,13344,1.668000
516,163698,13328,1.666000
517,164014,13312,1.664000
518,164331,13424,1.678000
519,164648,13392,1.674000
520,164965,13328,1.666000
521,165282,13440,1.680000
522,165599,13392,1.674000
523,165916,13392,1.674000
524,166232,13344,1.668000
525,166549,13408,1.676000
526,166866,13424,1.678000
527,167183,13424,1.678000
528,167500,13376,1.672000
529,167816,13392,1.674000
530,168134,13392,1.674000
531,168450,13424,1.678000
532,168767,13376,1.672000
533,169084,13408,1.676000
534,169401,13392,1.674000
535,169718,13328,1.666000
536,170034,13408,1.676000
537,170352,13440,1.680000
538,170668,13424,1.678000
539,170985,13424,1.678000
540,171302,13392,1.674000
541,171619,13376,1.672000
542,171935,13408,1.676000
543,172253,13392,1.674000
544,172569,13440,1.680000
545,172887,13440,1.680000
546,173203,13456,1.682000
547,173520,13424,1.678000
548,173837,13424,1.678000
549,174154,13408,1.676000
550,174470,13360,1.670000
551,174788,13408,1.676000
552,175104,13376,1.672000
553,175421,13328,1.666000
554,175738,13360,1.670000
555,176055,13456,1.682000
556,176372,13376,1.672000
557,176688,13392,1.674000
558,177006,13424,1.678000
559,177323,13408,1.676000
560,177639,13360,1.670000
561,177956,13408,1.676000
562,178273,13328,1.666000
563,178590,13424,1.678000
564,178907,13360,1.670000
565,179224,13344,1.668000
566,179540,13376,1.672000
567,179857,13376,1.672000
568,180174,13408,1.676000
569,180491,13392,1.674000
570,180808,13376,1.672000
571,181125,13344,1.668000
572,181441,13440,1.680000
573,181758,13232,1.654000
574,182075,13376,1.672000
575,182392,13392,1.674000
576,182709,13392,1.674000
577,183025,13424,1.678000
578,183343,13360,1.670000
579,183659,13344,1.668000
580,183977,13360,1.670000
581,184293,13440,1.680000
582,184610,13456,1.682000
583,184927,13440,1.680000
584,185244,13424,1.678000
585,185561,13408,1.676000
586,185878,13392,1.674000
587,186194,13472,1.684000
588,186511,13424,1.678000
589,186828,13440,1.680000
590,187145,13424,1.678000
591,187462,13424,1.678000
592,187778,13424,1.678000
593,188095,13424,1.678000
594,188412,13440,1.680000
595,188729,13424,1.678000
596,189046,13488,1.686000
597,189363,13456,1.682000
598,189680,13328,1.666000
599,189997,13424,1.678000
600,190314,13392,1.674000
601,190630,13392,1.674000
602,190947,13376,1.672000
603,191264,13376,1.672000
604,191581,13392,1.674000
605,191898,13424,1.678000
606,192215,13392,1.674000
607,192531,13440,1.680000
608,192848,13424,1.678000
609,193165,13136,1.642000
610,193482,13360,1.670000
611,193799,13408,1.676000
612,194116,13392,1.674000
613,194432,13312,1.664000
614,194749,13360,1.670000
615,195067,13328,1.666000
616,195383,13344,1.668000
617,195699,13392,1.674000
618,196017,13360,1.670000
619,196334,13408,1.676000
620,196651,13360,1.670000
621,196967,13408,1.676000
622,197284,13584,1.698000
623,197601,13376,1.672000
624,197918,13408,1.676000
625,198235,13360,1.670000
626,198552,13360,1.670000
627,198868,13360,1.670000
628,199185,13744,1.718000
629,199502,13360,1.670000
630,199819,13424,1.678000
631,200136,13392,1.674000
632,200453,13360,1.670000
633,200770,13376,1.672000
634,201087,13392,1.674000
635,201403,13488,1.686000
636,201720,13424,1.678000
637,202038,13408,1.676000
638,202354,13488,1.686000
639,202671,13440,1.680000
640,202988,13424,1.678000
641,203305,13408,1.676000
642,203622,13408,1.676000
643,203938,13456,1.682000
644,204255,13440,1.680000
645,204572,13360,1.670000
646,204889,13456,1.682000
647,205206,13424,1.678000
648,205523,13408,1.676000
649,205839,13392,1.674000
650,206157,13408,1.676000
651,206473,13488,1.686000
652,206790,13392,1.674000
653,207107,13472,1.684000
654,207424,13424,1.678000
655,207741,13392,1.674000
656,208057,13408,1.676000
657,208374,13488,1.686000
658,208691,13376,1.672000
659,209008,13344,1.668000
660,209325,13376,1.672000
661,209642,13376,1.672000
662,209959,13408,1.676000
663,210276,13344,1.668000
664,210592,13408,1.676000
665,210909,13408,1.676000
666,211226,13360,1.670000
667,211543,13360,1.670000
668,211860,13408,1.676000
669,212176,13408,1.676000
670,212493,13344,1.668000
671,212811,13632,1.704000
672,213127,13376,1.672000
673,213444,13392,1.674000
674,213761,13280,1.660000
675,214078,13360,1.670000
676,214395,13328,1.666000
677,214712,13440,1.680000
678,215028,13600,1.700000
679,215345,13392,1.674000
680,215662,13344,1.668000
681,215979,13392,1.674000
682,216296,13408,1.676000
683,216613,13456,1.682000
684,216930,13488,1.686000
685,217247,13456,1.682000
686,217563,13376,1.672000
687,217880,13472,1.684000
688,218197,13360,1.670000
689,218514,13424,1.678000
690,218831,13488,1.686000
691,219147,13376,1.672000
692,219464,13440,1.680000
693,219781,13536,1.692000
694,220098,13440,1.680000
695,220415,13424,1.678000
696,220731,13392,1.674000
697,221049,13408,1.676000
698,221366,13472,1.684000
699,221685,13504,1.688000
700,221999,13392,1.674000
701,222316,13376,1.672000
702,222633,13376,1.672000
703,222949,13408,1.676000
704,223267,13392,1.674000
705,223584,13456,1.682000
706,223900,13344,1.668000
707,224218,13392,1.674000
708,224534,13376,1.672000
709,224851,13392,1.674000
710,225168,13376,1.672000
711,225485,13392,1.674000
712,225802,13312,1.664000
713,226118,13424,1.678000
714,226435,13408,1.676000
715,226752,13408,1.676000
716,227068,13376,1.672000
717,227385,13312,1.664000
718,227703,13344,1.668000
719,228019,13424,1.678000
720,228336,13344,1.668000
721,228653,13392,1.674000
722,228970,13392,1.674000
723,229287,13392,1.674000
724,229604,13376,1.672000
725,229921,13360,1.670000
726,230238,13344,1.668000
727,230555,13328,1.666000
728,230871,13376,1.672000
729,231188,13328,1.666000
730,231505,13360,1.670000
731,231822,13424,1.678000
732,232139,13456,1.682000
733,232455,13408,1.676000
734,232773,13344,1.668000
735,233089,13344,1.668000
736,233406,13456,1.682000
737,233723,13456,1.682000
738,234040,13376,1.672000
739,234357,13456,1.682000
740,234673,13376,1.672000
741,234991,13456,1.682000
742,235307,13440,1.680000
743,235624,13408,1.676000
744,235941,13440,1.680000
745,236258,13456,1.682000
746,236575,13392,1.674000
747,236891,13408,1.676000
748,237208,13408,1.676000
749,237525,13568,1.696000
750,237842,13488,1.686000
751,238159,13424,1.678000
752,238476,13424,1.678000
753,238793,13456,1.682000
754,239109,13424,1.678000
755,239427,13344,1.668000
756,239743,13440,1.680000
757,240060,13376,1.672000
758,240377,13456,1.682000
759,240694,13472,1.684000
760,241011,13408,1.676000
761,241328,13344,1.668000
762,241644,13264,1.658000
763,241961,13456,1.682000
764,242279,13344,1.668000
765,242595,13328,1.666000
766,242912,13344,1.668000
767,243229,13408,1.676000
768,243546,13296,1.662000
769,243862,13328,1.666000
770,244179,13280,1.660000
771,244496,13344,1.668000
772,244813,13344,1.668000
773,245130,13408,1.676000
774,245447,13360,1.670000
775,245763,13408,1.676000
776,246080,13312,1.664000
777,246397,13360,1.670000
778,246714,13424,1.678000
779,247031,13360,1.670000
780,247348,13472,1.684000
781,247665,13440,1.680000
782,247981,13456,1.682000
783,248298,13280,1.660000
784,248615,13392,1.674000
785,248932,13344,1.668000
786,249249,13376,1.672000
787,249566,13424,1.678000
788,249883,13424,1.678000
789,250200,13408,1.676000
790,250516,13264,1.658000
791,250833,13456,1.682000
792,251150,13408,1.676000
793,251467,13424,1.678000
794,251784,13440,1.680000
795,252101,13376,1.672000
796,252417,13408,1.676000
797,252734,13488,1.686000
798,253051,13488,1.686000
799,253368,13392,1.674000
800,253686,13472,1.684000
801,254002,13424,1.678000
802,254319,13488,1.686000
803,254635,13392,1.674000
804,254953,13456,1.682000
805,255270,13376,1.672000
806,255586,13408,1.676000
807,255903,13440,1.680000
808,256220,13456,1.682000
809,256537,13488,1.686000
810,256853,13408,1.676000
811,257171,13488,1.686000
812,257487,13488,1.686000
813,257804,13376,1.672000
814,258121,13392,1.674000
815,258438,13440,1.680000
816,258754,13408,1.676000
817,259072,13376,1.672000
818,259389,13440,1.680000
819,259705,13344,1.668000
820,260022,13392,1.674000
821,260339,13424,1.678000
822,260656,13392,1.674000
823,260973,13408,1.676000
824,261289,13424,1.678000
825,261607,13392,1.674000
826,261923,13360,1.670000
827,262240,13392,1.674000
828,262557,13328,1.666000
829,262874,13408,1.676000
830,263191,13328,1.666000
831,263507,13408,1.676000
832,263825,13408,1.676000
833,264141,13296,1.662000
834,264458,13376,1.672000
835,264775,13376,1.672000
836,265092,13424,1.678000
837,265408,13408,1.676000
838,265726,13376,1.672000
839,266042,13296,1.662000
840,266359,13440,1.680000
841,266676,13424,1.678000
842,266993,13440,1.680000
843,267309,13424,1.678000
844,267627,13408,1.676000
845,267943,13392,1.674000
846,268260,13376,1.672000
847,268577,13376,1.672000
848,268894,13472,1.684000
849,269211,13456,1.682000
850,269528,13456,1.682000
851,269845,13424,1.678000
852,270161,13376,1.672000
853,270478,13392,1.674000
854,270795,13488,1.686000
855,271112,13440,1.680000
856,271429,13408,1.676000
857,271746,13472,1.684000
858,272063,13440,1.680000
859,272380,13376,1.672000
860,272696,13456,1.682000
861,273013,13360,1.670000
862,273330,13424,1.678000
863,273647,13424,1.678000
864,273964,13392,1.674000
865,274281,13440,1.680000
866,274597,13408,1.676000
867,274915,13264,1.658000
868,275232,13376,1.672000
869,275548,13408,1.676000
870,275865,13440,1.680000
871,276182,13344,1.668000
872,276498,13344,1.668000
873,276816,13360,1.670000
874,277132,13424,1.678000
875,277449,13376,1.672000
876,277766,13392,1.674000
877,278083,13360,1.670000
878,278400,13408,1.676000
879,278717,13408,1.676000
880,279033,13392,1.674000
881,279351,13376,1.672000
882,279667,13392,1.674000
883,279984,13360,1.670000
884,280301,13392,1.674000
885,280618,13408,1.676000
886,280935,13312,1.664000
887,281252,13344,1.668000
888,281568,13360,1.670000
889,281886,13440,1.680000
890,282202,13344,1.668000
891,282519,13392,1.674000
892,282836,13328,1.666000
893,283153,13408,1.676000
894,283470,13472,1.684000
895,283787,13376,1.672000
896,284103,13408,1.676000
897,284420,13472,1.684000
898,284737,13440,1.680000
899,285054,13392,1.674000
900,285371,13408,1.676000
901,285687,13440,1.680000
902,286005,13440,1.680000
903,286321,13376,1.672000
904,286638,13408,1.676000
905,286955,13440,1.680000
906,287272,13408,1.676000
907,287589,13424,1.678000
908,287906,13392,1.674000
909,288223,13392,1.674000
910,288539,13392,1.674000
911,288856,13392,1.674000
912,289173,13424,1.678000
913,289490,13408,1.676000
914,289807,13408,1.676000
915,290123,13440,1.680000
916,290441,13488,1.686000
917,290758,13456,1.682000
918,291074,13440,1.680000
919,291390,13392,1.674000
920,291708,13440,1.680000
921,292025,13392,1.674000
922,292342,13376,1.672000
923,292659,13376,1.672000
924,292975,13376,1.672000
925,293292,13392,1.674000
926,293609,13344,1.668000
927,293926,13328,1.666000
928,294243,13408,1.676000
929,294560,13376,1.672000
930,294876,13328,1.666000
931,295193,13360,1.670000
932,295510,13328,1.666000
933,295827,13360,1.670000
934,296144,13376,1.672000
935,296460,13344,1.668000
936,296778,13392,1.674000
937,297094,13360,1.670000
938,297411,13360,1.670000
939,297728,13440,1.680000
940,298045,13328,1.666000
941,298362,13424,1.678000
942,298679,13392,1.674000
943,298996,13424,1.678000
944,299313,13376,1.672000
945,299629,13392,1.674000
946,299946,13408,1.676000
947,300263,13456,1.682000
948,300580,13456,1.682000
949,300897,13376,1.672000
950,301214,13472,1.684000
951,301531,13456,1.682000
952,301847,13408,1.676000
953,302164,13408,1.676000
954,302481,13440,1.680000
955,302798,13424,1.678000
956,303114,13408,1.676000
957,303432,13440,1.680000
958,303749,13472,1.684000
959,304065,13344,1.668000
960,304382,13360,1.670000
961,304699,13424,1.678000
962,305016,13488,1.686000
963,305333,13440,1.680000
964,305649,13488,1.686000
965,305967,13392,1.674000
966,306284,13424,1.678000
967,306600,13456,1.682000
968,306917,13440,1.680000
969,307234,13376,1.672000
970,307551,13392,1.674000
971,307868,13408,1.676000
972,308184,13328,1.666000
973,308502,13312,1.664000
974,308818,13408,1.676000
975,309135,13344,1.668000
976,309452,13296,1.662000
977,309769,13408,1.676000
978,310086,13360,1.670000
979,310403,13376,1.672000
980,310719,13312,1.664000
981,311036,13408,1.676000
982,311353,13376,1.672000
983,311670,13360,1.670000
984,311987,13296,1.662000
985,312304,13360,1.670000
986,312621,13424,1.678000
987,312938,13280,1.660000
988,313255,13376,1.672000
989,313571,13328,1.666000
990,313888,13408,1.676000
991,314205,13392,1.674000
992,314522,13440,1.680000
993,314838,13440,1.680000
994,315156,13376,1.672000
995,315472,13312,1.664000
996,315789,13312,1.664000
997,316105,13360,1.670000
998,316423,13408,1.676000
999,316740,13440,1.680000
1000,317056,13488,1.686000
1001,317374,13376,1.672000
1002,317690,13408,1.676000
1003,318007,13456,1.682000
1004,318324,13440,1.680000
1005,318641,13392,1.674000
1006,318958,13376,1.672000
1007,319275,13408,1.676000
1008,319592,13408,1.676000
1009,319908,13408,1.676000
1010,320225,13376,1.672000
1011,320542,13440,1.680000
1012,320859,13424,1.678000
1013,321176,13488,1.686000
1014,321492,13488,1.686000
1015,321810,13424,1.678000
1016,322126,13344,1.668000
1017,322443,13424,1.678000
1018,322760,13408,1.676000
1019,323077,13456,1.682000
1020,323393,13440,1.680000
1021,323711,13440,1.680000
1022,324027,13392,1.674000
1023,324344,13424,1.678000
1024,324661,13392,1.674000
1025,324978,13456,1.682000
1026,325295,13360,1.670000
1027,325612,13360,1.670000
1028,325929,13360,1.670000
1029,326246,13376,1.672000
1030,326562,13440,1.680000
1031,326879,13376,1.672000
1032,327196,13328,1.666000
1033,327513,13408,1.676000
1034,327830,13376,1.672000
1035,328147,13424,1.678000
1036,328464,13312,1.664000
1037,328780,13328,1.666000
1038,329097,13376,1.672000
1039,329414,13392,1.674000
1040,329731,13360,1.670000
1041,330048,13376,1.672000
1042,330365,13312,1.664000
1043,330686,13376,1.672000
1044,330999,13376,1.672000
1045,331315,13328,1.666000
1046,331632,13472,1.684000
1047,331949,13424,1.678000
1048,332266,13408,1.676000
1049,332582,13440,1.680000
1050,332899,13392,1.674000
1051,333216,13424,1.678000
1052,333533,13456,1.682000
1053,333850,13392,1.674000
1054,334167,13440,1.680000
1055,334484,13408,1.676000
1056,334801,13536,1.692000
1057,335117,13424,1.678000
1058,335434,13568,1.696000
1059,335751,13456,1.682000
1060,336068,13424,1.678000
1061,336385,13456,1.682000
1062,336701,13472,1.684000
1063,337019,13456,1.682000
1064,337336,13456,1.682000
1065,337652,13424,1.678000
1066,337969,13456,1.682000
1067,338286,13424,1.678000
1068,338603,13424,1.678000
1069,338920,13456,1.682000
1070,339237,13360,1.670000
1071,339554,13424,1.678000
1072,339870,13440,1.680000
1073,340187,13312,1.664000
1074,340504,13424,1.678000
1075,340821,13408,1.676000
1076,341138,13408,1.676000
1077,341454,13328,1.666000
1078,341771,13360,1.670000
1079,342088,13392,1.674000
1080,342406,13280,1.660000
1081,342722,13408,1.676000
1082,343039,13408,1.676000
1083,343356,13376,1.672000
1084,343673,13392,1.674000
1085,343990,13328,1.666000
1086,344306,13408,1.676000
1087,344623,13424,1.678000
1088,344940,13360,1.670000
1089,345257,13376,1.672000
1090,345574,13424,1.678000
1091,345891,13392,1.674000
1092,346207,13424,1.678000
1093,346524,13408,1.676000
1094,346841,13392,1.674000
1095,347158,13408,1.676000
1096,347475,13392,1.674000
1097,347791,13360,1.670000
1098,348109,13376,1.672000
1099,348425,13376,1.672000
1100,348742,13328,1.666000
1101,349060,13424,1.678000
1102,349376,13376,1.672000
1103,349693,13376,1.672000
1104,350010,13376,1.672000
1105,350327,13360,1.670000
1106,350643,13392,1.674000
1107,350961,13328,1.666000
1108,351278,13440,1.680000
1109,351594,13408,1.676000
1110,351911,13424,1.678000
1111,352228,13424,1.678000
1112,352545,13376,1.672000
1113,352862,13440,1.680000
1114,353178,13328,1.666000
1115,353495,13456,1.682000
1116,353812,13456,1.682000
1117,354129,13440,1.680000
1118,354445,13376,1.672000
1119,354763,13424,1.678000
1120,355080,13328,1.666000
1121,355397,13472,1.684000
1122,355713,13408,1.676000
1123,356030,13440,1.680000
1124,356347,13456,1.682000
1125,356664,13376,1.672000
1126,356981,13408,1.676000
1127,357298,13200,1.650000
1128,357615,13360,1.670000
1129,357931,13424,1.678000
1130,358248,13456,1.682000
1131,358565,13440,1.680000
1132,358882,13424,1.678000
1133,359198,13232,1.654000
1134,359516,13424,1.678000
1135,359832,13440,1.680000
1136,360149,13360,1.670000
1137,360466,13376,1.672000
1138,360783,13360,1.670000
1139,361100,13376,1.672000
1140,361417,13392,1.674000
1141,361734,13392,1.674000
1142,362050,13456,1.682000
1143,362368,13360,1.670000
1144,362687,13376,1.672000
1145,363001,13376,1.672000
1146,363317,13440,1.680000
1147,363635,13328,1.666000
1148,363951,13456,1.682000
1149,364268,13360,1.670000
1150,364585,13328,1.666000
1151,364903,13344,1.668000
1152,365219,13376,1.672000
1153,365536,13376,1.672000
1154,365853,13392,1.674000
1155,366170,13472,1.684000
1156,366487,13360,1.670000
1157,366803,13408,1.676000
1158,367120,13408,1.676000
1159,367437,13424,1.678000
1160,367754,13360,1.670000
1161,368071,13520,1.690000
1162,368388,13392,1.674000
1163,368705,13456,1.682000
1164,369021,13472,1.684000
1165,369338,13392,1.674000
1166,369655,13424,1.678000
1167,369971,13344,1.668000
1168,370289,13424,1.678000
1169,370606,13360,1.670000
1170,370922,13440,1.680000
1171,371239,13424,1.678000
1172,371556,13424,1.678000
1173,371873,13424,1.678000
1174,372190,13456,1.682000
1175,372507,13408,1.676000
1176,372824,13440,1.680000
1177,373140,13424,1.678000
1178,373457,13456,1.682000
1179,373774,13408,1.676000
1180,374091,13424,1.678000
1181,374407,13408,1.676000
1182,374725,13392,1.674000
1183,375041,13488,1.686000
1184,375359,13440,1.680000
1185,375675,13408,1.676000
1186,375992,13360,1.670000
1187,376309,13392,1.674000
1188,376626,13440,1.680000
1189,376943,13408,1.676000
1190,377260,13376,1.672000
1191,377577,13392,1.674000
1192,377893,13328,1.666000
1193,378210,13376,1.672000
1194,378527,13376,1.672000
1195,378844,13360,1.670000
1196,379161,13344,1.668000
1197,379478,13376,1.672000
1198,379795,13424,1.678000
1199,380111,13360,1.670000
1200,380429,13376,1.672000
1201,380745,13456,1.682000
1202,381062,13344,1.668000
1203,381379,13344,1.668000
1204,381696,13504,1.688000
1205,382013,13408,1.676000
1206,382330,13328,1.666000
1207,382646,13408,1.676000
1208,382963,13376,1.672000
1209,383280,13360,1.670000
1210,383597,13376,1.672000
1211,383914,13472,1.684000
1212,384230,13392,1.674000
1213,384547,13376,1.672000
1214,384864,13376,1.672000
1215,385181,13472,1.684000
1216,385498,13472,1.684000
1217,385815,13424,1.678000
1218,386132,13408,1.676000
1219,386448,13424,1.678000
1220,386765,13408,1.676000
1221,387082,13456,1.682000
1222,387399,13408,1.676000
1223,387716,13456,1.682000
1224,388033,13360,1.670000
1225,388350,13424,1.678000
1226,388666,13408,1.676000
1227,388984,13488,1.686000
1228,389301,13472,1.684000
1229,389617,13392,1.674000
1230,389933,13424,1.678000
1231,390251,13440,1.680000
1232,390568,13456,1.682000
1233,390885,13392,1.674000
1234,391202,13376,1.672000
1235,391518,13408,1.676000
1236,391835,13440,1.680000
1237,392151,13392,1.674000
1238,392469,13360,1.670000
1239,392786,13344,1.668000
1240,393102,13360,1.670000
1241,393420,13328,1.666000
1242,393736,13392,1.674000
1243,394053,13376,1.672000
1244,394370,13344,1.668000
1245,394686,13392,1.674000
1246,395004,13360,1.670000
1247,395321,13360,1.670000
1248,395638,13392,1.674000
1249,395954,13360,1.670000
1250,396271,13392,1.674000
1251,396588,13456,1.682000
1252,396905,13424,1.678000
1253,397222,13392,1.674000
1254,397539,13344,1.668000
1255,397855,13424,1.678000
1256,398173,13424,1.678000
1257,398490,13408,1.676000
1258,398806,13376,1.672000
1259,399123,13360,1.670000
1260,399440,13424,1.678000
1261,399756,13408,1.676000
1262,400074,13392,1.674000
1263,400390,13408,1.676000
1264,400707,13424,1.678000
1265,401024,13456,1.682000
1266,401341,13408,1.676000
1267,401658,13440,1.680000
1268,401975,13424,1.678000
1269,402292,13488,1.686000
1270,402608,13456,1.682000
1271,402925,13472,1.684000
1272,403242,13488,1.686000
1273,403559,13424,1.678000
1274,403876,13440,1.680000
1275,404193,13408,1.676000
1276,404509,13424,1.678000
1277,404826,13408,1.676000
1278,405143,13424,1.678000
1279,405459,13408,1.676000
1280,405777,13456,1.682000
1281,406094,13408,1.676000
1282,406410,13344,1.668000
1283,406728,13392,1.674000
1284,407044,13440,1.680000
1285,407361,13456,1.682000
1286,407678,13440,1.680000
1287,407995,13424,1.678000
1288,408311,13376,1.672000
1289,408629,13456,1.682000
1290,408945,13440,1.680000
1291,409262,13312,1.664000
1292,409579,13392,1.674000
1293,409896,13376,1.672000
1294,410213,13424,1.678000
1295,410530,13360,1.670000
1296,410846,13344,1.668000
1297,411164,13360,1.670000
1298,411481,13424,1.678000
1299,411797,13392,1.674000
1300,412114,13328,1.666000
1301,412431,13408,1.676000
1302,412747,13296,1.662000
1303,413065,13312,1.664000
1304,413382,13360,1.670000
1305,413698,13424,1.678000
1306,414015,13360,1.670000
1307,414332,13392,1.674000
1308,414649,13392,1.674000
1309,414966,13392,1.674000
1310,415282,13344,1.668000
1311,415600,13360,1.670000
1312,415916,13376,1.672000
1313,416233,13424,1.678000
1314,416550,13392,1.674000
1315,416867,13376,1.672000
1316,417184,13392,1.674000
1317,417501,13424,1.678000
1318,417817,13328,1.666000
1319,418134,13456,1.682000
1320,418451,13392,1.674000
1321,418768,13392,1.674000
1322,419085,13376,1.672000
1323,419402,13472,1.684000
1324,419719,13440,1.680000
1325,420035,13424,1.678000
1326,420352,13376,1.672000
1327,420669,13360,1.670000
1328,420986,13424,1.678000
1329,421303,13424,1.678000
1330,421620,13376,1.672000
1331,421937,13408,1.676000
1332,422254,13408,1.676000
1333,422570,13472,1.684000
1334,422887,13344,1.668000
1335,423204,13376,1.672000
1336,423521,13408,1.676000
1337,423838,13424,1.678000
1338,424155,13360,1.670000
1339,424472,13408,1.676000
1340,424788,13392,1.674000
1341,425105,13456,1.682000
1342,425422,13488,1.686000
1343,425739,13408,1.676000
1344,426056,13424,1.678000
1345,426373,13392,1.674000
1346,426690,13344,1.668000
1347,427006,13376,1.672000
1348,427323,13376,1.672000
1349,427640,13376,1.672000
1350,427957,13376,1.672000
1351,428274,13376,1.672000
1352,428591,13424,1.678000
1353,428908,13392,1.674000
1354,429225,13312,1.664000
1355,429541,13344,1.668000
1356,429858,13376,1.672000
1357,430175,13360,1.670000
1358,430491,13344,1.668000
1359,430809,13344,1.668000
1360,431125,13328,1.666000
1361,431442,13424,1.678000
1362,431759,13392,1.674000
1363,432076,13344,1.668000
1364,432393,13328,1.666000
1365,432710,13328,1.666000
1366,433027,13408,1.676000
1367,433344,13456,1.682000
1368,433660,13424,1.678000
1369,433977,13360,1.670000
1370,434294,13344,1.668000
1371,434611,13408,1.676000
1372,434928,13440,1.680000
1373,435245,13392,1.674000
1374,435562,13408,1.676000
1375,435878,13408,1.676000
1376,436195,13424,1.678000
1377,436512,13440,1.680000
1378,436829,13376,1.672000
1379,437146,13488,1.686000
1380,437463,13424,1.678000
1381,437780,13392,1.674000
1382,438096,13408,1.676000
1383,438413,13408,1.676000
1384,438730,13424,1.678000
1385,439047,13472,1.684000
1386,439364,13440,1.680000
1387,439685,13392,1.674000
1388,439998,13408,1.676000
1389,440314,13392,1.674000
1390,440631,13408,1.676000
1391,440948,13392,1.674000
1392,441265,13456,1.682000
1393,441582,13408,1.676000
1394,441899,13440,1.680000
1395,442216,13408,1.676000
1396,442532,13296,1.662000
1397,442849,13360,1.670000
1398,443166,13424,1.678000
1399,443483,13328,1.666000
1400,443800,13360,1.670000
1401,444117,13344,1.668000
1402,444433,13392,1.674000
1403,444750,13408,1.676000
1404,445067,13360,1.670000
1405,445384,13344,1.668000
1406,445701,13440,1.680000
1407,446018,13344,1.668000
1408,446335,13344,1.668000
1409,446652,13392,1.674000
1410,446968,13392,1.674000
1411,447285,13392,1.674000
1412,447602,13344,1.668000
1413,447918,13392,1.674000
1414,448236,13408,1.676000
1415,448553,13408,1.676000
1416,448870,13392,1.674000
1417,449186,13392,1.674000
1418,449503,13328,1.666000
1419,449820,13376,1.672000
1420,450137,13408,1.676000
1421,450454,13536,1.692000
1422,450771,13440,1.680000
1423,451088,13600,1.700000
1424,451405,13344,1.668000
1425,451721,13424,1.678000
1426,452038,13408,1.676000
1427,452355,13440,1.680000
1428,452672,13472,1.684000
1429,452989,13504,1.688000
1430,453306,13440,1.680000
1431,453622,13392,1.674000
1432,453940,13376,1.672000
1433,454256,13472,1.684000
1434,454573,13392,1.674000
1435,454890,13488,1.686000
1436,455207,13440,1.680000
1437,455524,13488,1.686000
1438,455840,13424,1.678000
1439,456158,13392,1.674000
1440,456474,13392,1.674000
1441,456791,13440,1.680000
1442,457108,13328,1.666000
1443,457425,13392,1.674000
1444,457742,13408,1.676000
1445,458059,13408,1.676000
1446,458376,13456,1.682000
1447,458692,13392,1.674000
1448,459009,13392,1.674000
1449,459326,13216,1.652000
1450,459643,13344,1.668000
1451,459960,13312,1.664000
1452,460277,13440,1.680000
1453,460593,13376,1.672000
1454,460911,13344,1.668000
1455,461227,13456,1.682000
1456,461544,13392,1.674000
1457,461861,13376,1.672000
1458,462178,13408,1.676000
1459,462495,13456,1.682000
1460,462811,13376,1.672000
1461,463128,13344,1.668000
1462,463445,13408,1.676000
1463,463762,13360,1.670000
1464,464079,13328,1.666000
1465,464396,13424,1.678000
1466,464713,13360,1.670000
1467,465029,13392,1.674000
1468,465346,13408,1.676000
1469,465663,13456,1.682000
1470,465980,13408,1.676000
1471,466296,13360,1.670000
1472,466614,13312,1.664000
1473,466930,13376,1.672000
1474,467247,13408,1.676000
1475,467564,13408,1.676000
1476,467881,13392,1.674000
1477,468197,13440,1.680000
1478,468515,13424,1.678000
1479,468832,13424,1.678000
1480,469149,13472,1.684000
1481,469465,13424,1.678000
1482,469782,13408,1.676000
1483,470099,13408,1.676000
1484,470416,13424,1.678000
1485,470733,13360,1.670000
1486,471050,13392,1.674000
1487,471367,13472,1.684000
1488,471687,13472,1.684000
1489,472000,13456,1.682000
1490,472318,13408,1.676000
1491,472634,13504,1.688000
1492,472951,13248,1.656000
1493,473268,13440,1.680000
1494,473584,13440,1.680000
1495,473901,13312,1.664000
1496,474219,13376,1.672000
1497,474535,13360,1.670000
1498,474852,13200,1.650000
1499,475168,13408,1.676000
1500,475486,13328,1.666000
1501,475803,13328,1.666000
1502,476119,13408,1.676000
1503,476436,13344,1.668000
1504,476753,13408,1.676000
1505,477070,13232,1.654000
1506,477387,13392,1.674000
1507,477704,13424,1.678000
1508,478020,13424,1.678000
1509,478337,13408,1.676000
1510,478654,13392,1.674000
1511,478971,13312,1.664000
1512,479287,13392,1.674000
1513,479605,13440,1.680000
1514,479922,13376,1.672000
1515,480239,13344,1.668000
1516,480555,13392,1.674000
1517,480872,13360,1.670000
1518,481189,13376,1.672000
1519,481506,13392,1.674000
1520,481823,13440,1.680000
1521,482139,13280,1.660000
1522,482456,13376,1.672000
1523,482773,13376,1.672000
1524,483091,13456,1.682000
1525,483407,13376,1.672000
1526,483723,13456,1.682000
1527,484041,13376,1.672000
1528,484358,13392,1.674000
1529,484675,13408,1.676000
1530,484992,13440,1.680000
1531,485308,13424,1.678000
1532,485625,13472,1.684000
1533,485942,13408,1.676000
1534,486259,13440,1.680000
1535,486576,13424,1.678000
1536,486893,13456,1.682000
1537,487210,13440,1.680000
1538,487526,13456,1.682000
1539,487843,13408,1.676000
1540,488159,13408,1.676000
1541,488477,13424,1.678000
1542,488794,13456,1.682000
1543,489110,13424,1.678000
1544,489428,13440,1.680000
1545,489745,13424,1.678000
1546,490061,13424,1.678000
1547,490378,13392,1.674000
1548,490695,13440,1.680000
1549,491012,13504,1.688000
1550,491329,13360,1.670000
1551,491645,13360,1.670000
1552,491962,13360,1.670000
1553,492279,13392,1.674000
1554,492596,13424,1.678000
1555,492913,13392,1.674000
1556,493230,13392,1.674000
1557,493547,13424,1.678000
1558,493863,13408,1.676000
1559,494181,13392,1.674000
1560,494497,13424,1.678000
1561,494814,13376,1.672000
1562,495131,13360,1.670000
1563,495448,13424,1.678000
1564,495765,13408,1.676000
1565,496081,13392,1.674000
1566,496399,13376,1.672000
1567,496715,13344,1.668000
1568,497031,13392,1.674000
1569,497349,13360,1.670000
1570,497666,13376,1.672000
1571,497983,13408,1.676000
1572,498300,13312,1.664000
1573,498616,13280,1.660000
1574,498933,13360,1.670000
1575,499250,13376,1.672000
1576,499567,13440,1.680000
1577,499883,13408,1.676000
1578,500201,13376,1.672000
1579,500518,13456,1.682000
1580,500834,13424,1.678000
1581,501151,13424,1.678000
1582,501468,13440,1.680000
1583,501785,13344,1.668000
1584,502101,13360,1.670000
1585,502419,13360,1.670000
1586,502735,13472,1.684000
1587,503053,13456,1.682000
1588,503369,13456,1.682000
1589,503686,13520,1.690000
1590,504003,13408,1.676000
1591,504320,13408,1.676000
1592,504637,13440,1.680000
1593,504953,13408,1.676000
1594,505270,13392,1.674000
1595,505587,13408,1.676000
1596,505904,13376,1.672000
1597,506221,13360,1.670000
1598,506538,13488,1.686000
1599,506855,13376,1.672000
1600,507172,13440,1.680000
1601,507489,13456,1.682000
1602,507805,13344,1.668000
1603,508122,13328,1.666000
1604,508439,13408,1.676000
1605,508756,13408,1.676000
1606,509073,13424,1.678000
1607,509390,13456,1.682000
1608,509706,13376,1.672000
1609,510023,13392,1.674000
1610,510340,13376,1.672000
1611,510657,13408,1.676000
1612,510974,13392,1.674000
1613,511290,13392,1.674000
1614,511608,13328,1.666000
1615,511924,13360,1.670000
1616,512241,13328,1.666000
1617,512558,13424,1.678000
1618,512875,13392,1.674000
1619,513192,13424,1.678000
1620,513509,13376,1.672000
1621,513826,13360,1.670000
1622,514142,13424,1.678000
1623,514459,13440,1.680000
1624,514776,13392,1.674000
1625,515093,13472,1.684000
1626,515410,13440,1.680000
1627,515726,13472,1.684000
1628,516044,13392,1.674000
1629,516361,13392,1.674000
1630,516677,13440,1.680000
1631,516994,13408,1.676000
1632,517311,13408,1.676000
1633,517628,13424,1.678000
1634,517944,13408,1.676000
1635,518261,13344,1.668000
1636,518579,13408,1.676000
1637,518896,13424,1.678000
1638,519212,13456,1.682000
1639,519529,13408,1.676000
1640,519846,13440,1.680000
1641,520162,13456,1.682000
1642,520480,13424,1.678000
1643,520797,13392,1.674000
1644,521113,13408,1.676000
1645,521430,13376,1.672000
1646,521747,13472,1.684000
1647,522064,13424,1.678000
1648,522381,13408,1.676000
1649,522697,13472,1.684000
1650,523014,13424,1.678000
1651,523331,13392,1.674000
1652,523648,13344,1.668000
1653,523965,13408,1.676000
1654,524282,13392,1.674000
1655,524599,13408,1.676000
1656,524916,13408,1.676000
1657,525233,13440,1.680000
1658,525549,13344,1.668000
1659,525866,13392,1.674000
1660,526183,13376,1.672000
1661,526500,13392,1.674000
1662,526817,13456,1.682000
1663,527133,13328,1.666000
1664,527451,13408,1.676000
1665,527767,13360,1.670000
1666,528085,13408,1.676000
1667,528401,13376,1.672000
1668,528718,13408,1.676000
1669,529034,13312,1.664000
1670,529351,13376,1.672000
1671,529669,13424,1.678000
1672,529985,13360,1.670000
1673,530302,13360,1.670000
1674,530619,13328,1.666000
1675,530936,13408,1.676000
1676,531253,13392,1.674000
1677,531570,13440,1.680000
1678,531887,13360,1.670000
1679,532204,13440,1.680000
1680,532520,13408,1.676000
1681,532837,13392,1.674000
1682,533153,13376,1.672000
1683,533471,13360,1.670000
1684,533788,13440,1.680000
1685,534104,13408,1.676000
1686,534421,13440,1.680000
1687,534738,13488,1.686000
1688,535055,13408,1.676000
1689,535372,13392,1.674000
1690,535689,13440,1.680000
1691,536006,13312,1.664000
1692,536323,13424,1.678000
1693,536639,13456,1.682000
1694,536956,13408,1.676000
1695,537273,13408,1.676000
1696,537590,13408,1.676000
1697,537907,13424,1.678000
1698,538224,13456,1.682000
1699,538541,13440,1.680000
1700,538857,13376,1.672000
1701,539174,13424,1.678000
1702,539491,13408,1.676000
1703,539807,13456,1.682000
1704,540125,13392,1.674000
1705,540441,13360,1.670000
1706,540759,13360,1.670000
1707,541075,13440,1.680000
1708,541392,13472,1.684000
1709,541709,13440,1.680000
1710,542025,13328,1.666000
1711,542343,13328,1.666000
1712,542660,13392,1.674000
1713,542976,13376,1.672000
1714,543293,13344,1.668000
1715,543610,13392,1.674000
1716,543927,13360,1.670000
1717,544244,13408,1.676000
1718,544561,13424,1.678000
1719,544878,13392,1.674000
1720,545195,13392,1.674000
1721,545511,13408,1.676000
1722,545828,13360,1.670000
1723,546145,13408,1.676000
1724,546462,13360,1.670000
1725,546779,13376,1.672000
1726,547095,13360,1.670000
1727,547413,13360,1.670000
1728,547729,13344,1.668000
1729,548046,13360,1.670000
1730,548363,13328,1.666000
1731,548680,13344,1.668000
1732,548997,13360,1.670000
1733,549314,13344,1.668000
1734,549630,13424,1.678000
1735,549947,13376,1.672000
1736,550264,13392,1.674000
1737,550581,13344,1.668000
1738,550898,13440,1.680000
1739,551215,13424,1.678000
1740,551532,13440,1.680000
1741,551848,13392,1.674000
1742,552166,13392,1.674000
1743,552483,13424,1.678000
1744,552799,13344,1.668000
1745,553116,13456,1.682000
1746,553433,13360,1.670000
1747,553749,13408,1.676000
1748,554067,13408,1.676000
1749,554384,13424,1.678000
1750,554700,13456,1.682000
1751,555017,13392,1.674000
1752,555334,13424,1.678000
1753,555651,13408,1.676000
1754,555967,13424,1.678000
1755,556285,13360,1.670000
1756,556601,13456,1.682000
1757,556918,13424,1.678000
1758,557235,13472,1.684000
1759,557552,13424,1.678000
1760,557868,13424,1.678000
1761,558186,13408,1.676000
1762,558503,13376,1.672000
1763,558820,13360,1.670000
1764,559136,13376,1.672000
1765,559454,13392,1.674000
1766,559770,13376,1.672000
1767,560087,13376,1.672000
1768,560403,13360,1.670000
1769,560720,13424,1.678000
1770,561038,13392,1.674000
1771,561355,13344,1.668000
1772,561671,13408,1.676000
1773,561988,13328,1.666000
1774,562305,13376,1.672000
1775,562622,13376,1.672000
1776,562938,13312,1.664000
1777,563255,13376,1.672000
1778,563572,13344,1.668000
1779,563889,13344,1.668000
1780,564206,13376,1.672000
1781,564523,13376,1.672000
1782,564839,13424,1.678000
1783,565157,13440,1.680000
1784,565473,13360,1.670000
1785,565790,13328,1.666000
1786,566108,13312,1.664000
1787,566424,13392,1.674000
1788,566741,13424,1.678000
1789,567058,13424,1.678000
1790,567375,13488,1.686000
1791,567692,13440,1.680000
1792,568008,13392,1.674000
1793,568325,13424,1.678000
1794,568642,13648,1.706000
1795,568959,13408,1.676000
1796,569276,13440,1.680000
1797,569592,13456,1.682000
1798,569910,13408,1.676000
1799,570227,13424,1.678000
1800,570543,13408,1.676000
1801,570860,13728,1.716000
1802,571177,13376,1.672000
1803,571494,13424,1.678000
1804,571811,13408,1.676000
1805,572127,13392,1.674000
1806,572445,13424,1.678000
1807,572761,13424,1.678000
1808,573078,13408,1.676000
1809,573395,13376,1.672000
1810,573712,13376,1.672000
1811,574029,13456,1.682000
1812,574346,13392,1.674000
1813,574662,13376,1.672000
1814,574979,13360,1.670000
1815,575296,13376,1.672000
1816,575613,13344,1.668000
1817,575930,13408,1.676000
1818,576247,13360,1.670000
1819,576564,13408,1.676000
1820,576880,13360,1.670000
1821,577197,13312,1.664000
1822,577514,13408,1.676000
1823,577831,13408,1.676000
1824,578147,13392,1.674000
1825,578465,13376,1.672000
1826,578782,13408,1.676000
1827,579098,13344,1.668000
1828,579415,13360,1.670000
1829,579732,13392,1.674000
1830,580049,13424,1.678000
1831,580366,13360,1.670000
1832,580686,13376,1.672000
1833,581000,13376,1.672000
1834,581317,13408,1.676000
1835,581633,13424,1.678000
1836,581950,13424,1.678000
1837,582267,13408,1.676000
1838,582583,13408,1.676000
1839,582901,13424,1.678000
1840,583217,13440,1.680000
1841,583535,13472,1.684000
1842,583851,13456,1.682000
1843,584168,13408,1.676000
1844,584485,13424,1.678000
1845,584802,13440,1.680000
1846,585118,13424,1.678000
1847,585436,13440,1.680000
1848,585752,13360,1.670000
1849,586069,13424,1.678000
1850,586386,13408,1.676000
1851,586703,13408,1.676000
1852,587019,13408,1.676000
1853,587337,13424,1.678000
1854,587654,13440,1.680000
1855,587970,13424,1.678000
1856,588287,13440,1.680000
1857,588604,13408,1.676000
1858,588921,13408,1.676000
1859,589238,13344,1.668000
1860,589555,13456,1.682000
1861,589872,13392,1.674000
1862,590189,13376,1.672000
1863,590505,13296,1.662000
1864,590822,13456,1.682000
1865,591139,13408,1.676000
1866,591456,13456,1.682000
1867,591773,13392,1.674000
1868,592090,13424,1.678000
1869,592407,13408,1.676000
1870,592723,13216,1.652000
1871,593040,13424,1.678000
1872,593357,13184,1.648000
1873,593674,13440,1.680000
1874,593991,13344,1.668000
1875,594308,13328,1.666000
1876,594624,13184,1.648000
1877,594941,13328,1.666000
1878,595259,13312,1.664000
1879,595575,13376,1.672000
1880,595892,13376,1.672000
1881,596209,13440,1.680000
1882,596526,13424,1.678000
1883,596843,13376,1.672000
1884,597159,13408,1.676000
1885,597476,13312,1.664000
1886,597793,13408,1.676000
1887,598110,13408,1.676000
1888,598427,13392,1.674000
1889,598744,13424,1.678000
1890,599060,13392,1.674000
1891,599378,13392,1.674000
1892,599694,13424,1.678000
1893,600011,13392,1.674000
1894,600328,13424,1.678000
1895,600645,13408,1.676000
1896,600962,13376,1.672000
1897,601279,13392,1.674000
1898,601595,13488,1.686000
1899,601912,13440,1.680000
1900,602229,13440,1.680000
1901,602546,13408,1.676000
1902,602863,13408,1.676000
1903,603180,13360,1.670000
1904,603497,13456,1.682000
1905,603813,13440,1.680000
1906,604130,13392,1.674000
1907,604447,13392,1.674000
1908,604764,13408,1.676000
1909,605080,13440,1.680000
1910,605398,13424,1.678000
1911,605715,13392,1.674000
1912,606031,13392,1.674000
1913,606348,13456,1.682000
1914,606665,13456,1.682000
1915,606982,13472,1.684000
1916,607298,13408,1.676000
1917,607616,13376,1.672000
1918,607932,13392,1.674000
1919,608249,13376,1.672000
1920,608566,13456,1.682000
1921,608883,13392,1.674000
1922,609200,13360,1.670000
1923,609517,13408,1.676000
1924,609834,13424,1.678000
1925,610151,13360,1.670000
1926,610467,13408,1.676000
1927,610784,13392,1.674000
1928,611101,13392,1.674000
1929,611418,13344,1.668000
1930,611735,13360,1.670000
1931,612052,13296,1.662000
1932,612369,13392,1.674000
1933,612687,13376,1.672000
1934,613002,13392,1.674000
1935,613319,13376,1.672000
1936,613636,13408,1.676000
1937,613952,13360,1.670000
1938,614269,13392,1.674000
1939,614587,13376,1.672000
1940,614903,13440,1.680000
1941,615220,13488,1.686000
1942,615537,13424,1.678000
1943,615854,13392,1.674000
1944,616171,13392,1.674000
1945,616488,13392,1.674000
1946,616805,13376,1.672000
1947,617121,13520,1.690000
1948,617439,13424,1.678000
1949,617755,13376,1.672000
1950,618072,13376,1.672000
1951,618389,13424,1.678000
1952,618705,13424,1.678000
1953,619023,13424,1.678000
1954,619340,13440,1.680000
1955,619656,13408,1.676000
1956,619973,13408,1.676000
1957,620290,13472,1.684000
1958,620607,13456,1.682000
1959,620924,13392,1.674000
1960,621240,13408,1.676000
1961,621557,13376,1.672000
1962,621874,13344,1.668000
1963,622191,13376,1.672000
1964,622508,13424,1.678000
1965,622825,13472,1.684000
1966,623142,13424,1.678000
1967,623459,13408,1.676000
1968,623775,13376,1.672000
1969,624092,13376,1.672000
1970,624409,13392,1.674000
1971,624725,13408,1.676000
1972,625043,13408,1.676000
1973,625360,13376,1.672000
1974,625677,13376,1.672000
1975,625994,13408,1.676000
1976,626311,13392,1.674000
1977,626627,13360,1.670000
1978,626944,13376,1.672000
1979,627261,13360,1.670000
1980,627578,13376,1.672000
1981,627895,13392,1.674000
1982,628212,13392,1.674000
1983,628528,13360,1.670000
1984,628846,13360,1.670000
1985,629162,13408,1.676000
1986,629479,13376,1.672000
1987,629796,13376,1.672000
1988,630113,13392,1.674000
1989,630430,13344,1.668000
1990,630746,13312,1.664000
1991,631063,13344,1.668000
1992,631380,13360,1.670000
1993,631697,13408,1.676000
1994,632014,13424,1.678000
1995,632330,13408,1.676000
1996,632648,13392,1.674000
1997,632964,13376,1.672000
1998,633282,13456,1.682000
1999,633598,13376,1.672000
2000,633914,13440,1.680000
2001,634231,13408,1.676000
2002,634549,13408,1.676000
2003,634866,13360,1.670000
2004,635182,13472,1.684000
2005,635499,13472,1.684000
2006,635815,13472,1.684000
2007,636133,13440,1.680000
2008,636450,13440,1.680000
2009,636767,13472,1.684000
2010,637084,13408,1.676000
2011,637401,13392,1.674000
2012,637717,13488,1.686000
2013,638034,13392,1.674000
2014,638351,13408,1.676000
2015,638668,13424,1.678000
2016,638984,13392,1.674000
2017,639302,13328,1.666000
2018,639618,13408,1.676000
2019,639935,13408,1.676000
2020,640252,13392,1.674000
2021,640569,13376,1.672000
2022,640886,13408,1.676000
2023,641203,13376,1.672000
2024,641519,13392,1.674000
2025,641836,13376,1.672000
2026,642153,13360,1.670000
2027,642470,13424,1.678000
2028,642786,13376,1.672000
2029,643104,13440,1.680000
2030,643421,13312,1.664000
2031,643737,13408,1.676000
2032,644055,13344,1.668000
2033,644372,13424,1.678000
2034,644688,13328,1.666000
2035,645005,13376,1.672000
2036,645322,13408,1.676000
2037,645638,13392,1.674000
2038,645956,13344,1.668000
2039,646272,13376,1.672000
2040,646590,13408,1.676000
2041,646906,13392,1.674000
2042,647223,13344,1.668000
2043,647540,13344,1.668000
2044,647857,13440,1.680000
2045,648173,13424,1.678000
2046,648490,13360,1.670000
2047,648807,13392,1.674000
2048,649124,13392,1.674000
2049,649441,13440,1.680000
2050,649758,13440,1.680000
2051,650074,13392,1.674000
2052,650392,13424,1.678000
2053,650708,13392,1.674000
2054,651025,13328,1.666000
2055,651342,13328,1.666000
2056,651658,13360,1.670000
2057,651976,13456,1.682000
2058,652293,13424,1.678000
2059,652610,13440,1.680000
2060,652926,13408,1.676000
2061,653243,13424,1.678000
2062,653560,13424,1.678000
2063,653877,13408,1.676000
2064,654194,13456,1.682000
2065,654511,13408,1.676000
2066,654827,13440,1.680000
2067,655145,13456,1.682000
2068,655461,13440,1.680000
2069,655778,13424,1.678000
2070,656095,13408,1.676000
2071,656412,13376,1.672000
2072,656729,13408,1.676000
2073,657045,13456,1.682000
2074,657363,13376,1.672000
2075,657679,13360,1.670000
2076,657996,13376,1.672000
2077,658313,13360,1.670000
2078,658630,13424,1.678000
2079,658947,13456,1.682000
2080,659264,13408,1.676000
2081,659580,13312,1.664000
2082,659897,13408,1.676000
2083,660214,13408,1.676000
2084,660531,13376,1.672000
2085,660848,13376,1.672000
2086,661165,13344,1.668000
2087,661482,13392,1.674000
2088,661798,13376,1.672000
2089,662116,13392,1.674000
2090,662433,13328,1.666000
2091,662749,13440,1.680000
2092,663066,13424,1.678000
2093,663383,13392,1.674000
2094,663700,13344,1.668000
2095,664016,13360,1.670000
2096,664333,13312,1.664000
2097,664650,13408,1.676000
2098,664967,13312,1.664000
2099,665284,13344,1.668000
2100,665601,13376,1.672000
2101,665917,13360,1.670000
2102,666234,13392,1.674000
2103,666551,13312,1.664000
2104,666869,13440,1.680000
2105,667185,13392,1.674000
2106,667502,13408,1.676000
2107,667819,13392,1.674000
2108,668136,13424,1.678000
2109,668452,13360,1.670000
2110,668769,13392,1.674000
2111,669086,13360,1.670000
2112,669403,13376,1.672000
2113,669719,13440,1.680000
2114,670037,13392,1.674000
2115,670354,13376,1.672000
2116,670670,13392,1.674000
2117,670987,13456,1.682000
2118,671304,13392,1.674000
2119,671621,13440,1.680000
2120,671938,13360,1.670000
2121,672255,13360,1.670000
2122,672572,13456,1.682000
2123,672888,13408,1.676000
2124,673205,13392,1.674000
2125,673522,13456,1.682000
2126,673838,13456,1.682000
2127,674156,13424,1.678000
2128,674473,13456,1.682000
2129,674789,13472,1.684000
2130,675107,13328,1.666000
2131,675423,13376,1.672000
2132,675740,13408,1.676000
2133,676057,13440,1.680000
2134,676374,13392,1.674000
2135,676691,13408,1.676000
2136,677007,13392,1.674000
2137,677324,13296,1.662000
2138,677641,13408,1.676000
2139,677958,13360,1.670000
2140,678275,13376,1.672000
2141,678592,13328,1.666000
2142,678909,13424,1.678000
2143,679226,13312,1.664000
2144,679542,13424,1.678000
2145,679859,13312,1.664000
2146,680177,13392,1.674000
2147,680493,13328,1.666000
2148,680810,13392,1.674000
2149,681127,13424,1.678000
2150,681444,13328,1.666000
2151,681761,13360,1.670000
2152,682077,13392,1.674000
2153,682394,13104,1.638000
2154,682711,13424,1.678000
2155,683027,13392,1.674000
2156,683344,13376,1.672000
2157,683662,13296,1.662000
2158,683978,13408,1.676000
2159,684295,13424,1.678000
2160,684612,13424,1.678000
2161,684929,13408,1.676000
2162,685246,13440,1.680000
2163,685563,13440,1.680000
2164,685880,13376,1.672000
2165,686197,13488,1.686000
2166,686513,13616,1.702000
2167,686830,13360,1.670000
2168,687147,13472,1.684000
2169,687464,13456,1.682000
2170,687781,13424,1.678000
2171,688097,13408,1.676000
2172,688415,13680,1.710000
2173,688731,13456,1.682000
2174,689048,13392,1.674000
2175,689365,13392,1.674000
2176,689685,13440,1.680000
2177,689999,13456,1.682000
2178,690316,13472,1.684000
2179,690632,13696,1.712000
2180,690949,13376,1.672000
2181,691266,13376,1.672000
2182,691583,13408,1.676000
2183,691900,13440,1.680000
2184,692217,13392,1.674000
2185,692534,13472,1.684000
2186,692851,13344,1.668000
2187,693168,13360,1.670000
2188,693484,13360,1.670000
2189,693801,13408,1.676000
2190,694118,13360,1.670000
2191,694435,13376,1.672000
2192,694752,13376,1.672000
2193,695069,13312,1.664000
2194,695386,13296,1.662000
2195,695702,13392,1.674000
2196,696019,13424,1.678000
2197,696336,13376,1.672000
2198,696653,13392,1.674000
2199,696970,13344,1.668000
2200,697286,13408,1.676000
2201,697603,13376,1.672000
2202,697920,13376,1.672000
2203,698237,13392,1.674000
2204,698553,13424,1.678000
2205,698871,13376,1.672000
2206,699188,13344,1.668000
2207,699505,13424,1.678000
2208,699821,13392,1.674000
2209,700139,13424,1.678000
2210,700455,13392,1.674000
2211,700772,13392,1.674000
2212,701089,13440,1.680000
2213,701406,13408,1.676000
2214,701722,13456,1.682000
2215,702039,13408,1.676000
2216,702356,13392,1.674000
2217,702673,13424,1.678000
2218,702990,13440,1.680000
2219,703307,13456,1.682000
2220,703624,13456,1.682000
2221,703941,13408,1.676000
2222,704258,13728,1.716000
2223,704574,13408,1.676000
2224,704891,13392,1.674000
2225,705208,13376,1.672000
2226,705525,13488,1.686000
2227,705842,13408,1.676000
2228,706159,13664,1.708000
2229,706475,13408,1.676000
2230,706792,13456,1.682000
2231,707109,13344,1.668000
2232,707426,13424,1.678000
2233,707743,13456,1.682000
2234,708060,13424,1.678000
2235,708377,13488,1.686000
2236,708694,13360,1.670000
2237,709010,13536,1.692000
2238,709327,13392,1.674000
2239,709644,13424,1.678000
2240,709961,13424,1.678000
2241,710278,13424,1.678000
2242,710594,13360,1.670000
2243,710911,13472,1.684000
2244,711228,13344,1.668000
2245,711545,13408,1.676000
2246,711862,13360,1.670000
2247,712179,13344,1.668000
2248,712496,13360,1.670000
2249,712812,13392,1.674000
2250,713129,13312,1.664000
2251,713446,13328,1.666000
2252,713763,13344,1.668000
2253,714079,13344,1.668000
2254,714397,13376,1.672000
2255,714714,13328,1.666000
2256,715031,13344,1.668000
2257,715347,13392,1.674000
2258,715665,13360,1.670000
2259,715981,13360,1.670000
2260,716298,13408,1.676000
2261,716615,13408,1.676000
2262,716932,13312,1.664000
2263,717249,13328,1.666000
2264,717565,13408,1.676000
2265,717882,13408,1.676000
2266,718199,13424,1.678000
2267,718516,13456,1.682000
2268,718832,13440,1.680000
2269,719150,13456,1.682000
2270,719466,13408,1.676000
2271,719783,13376,1.672000
2272,720100,13456,1.682000
2273,720417,13440,1.680000
2274,720734,13376,1.672000
2275,721051,13408,1.676000
2276,721368,13440,1.680000
2277,721687,13408,1.676000
2278,722002,13424,1.678000
2279,722318,13392,1.674000
2280,722635,13424,1.678000
2281,722952,13472,1.684000
2282,723269,13392,1.674000
2283,723586,13424,1.678000
2284,723903,13408,1.676000
2285,724220,13424,1.678000
2286,724536,13440,1.680000
2287,724853,13392,1.674000
2288,725170,13344,1.668000
2289,725487,13376,1.672000
2290,725804,13360,1.670000
2291,726120,13440,1.680000
2292,726438,13408,1.676000
2293,726755,13440,1.680000
2294,727071,13392,1.674000
2295,727388,13376,1.672000
2296,727705,13392,1.674000
2297,728021,13328,1.666000
2298,728339,13376,1.672000
2299,728656,13376,1.672000
2300,728972,13360,1.670000
2301,729289,13392,1.674000
2302,729606,13376,1.672000
2303,729922,13312,1.664000
2304,730239,13424,1.678000
2305,730557,13296,1.662000
2306,730873,13408,1.676000
2307,731191,13408,1.676000
2308,731507,13376,1.672000
2309,731824,13440,1.680000
2310,732141,13424,1.678000
2311,732458,13456,1.682000
2312,732775,13424,1.678000
2313,733091,13360,1.670000
2314,733409,13392,1.674000
2315,733725,13376,1.672000
2316,734041,13472,1.684000
2317,734359,13440,1.680000
2318,734676,13360,1.670000
2319,734992,13504,1.688000
2320,735310,13472,1.684000
2321,735626,13344,1.668000
2322,735944,13376,1.672000
2323,736259,13408,1.676000
2324,736577,13456,1.682000
2325,736894,13424,1.678000
2326,737211,13456,1.682000
2327,737527,13440,1.680000
2328,737845,13440,1.680000
2329,738161,13440,1.680000
2330,738478,13424,1.678000
2331,738795,13392,1.674000
2332,739112,13408,1.676000
2333,739429,13456,1.682000
2334,739746,13424,1.678000
2335,740062,13456,1.682000
2336,740379,13408,1.676000
2337,740696,13376,1.672000
2338,741013,13408,1.676000
2339,741330,13360,1.670000
2340,741647,13296,1.662000
2341,741964,13376,1.672000
2342,742281,13424,1.678000
2343,742597,13392,1.674000
2344,742914,13408,1.676000
2345,743231,13376,1.672000
2346,743548,13376,1.672000
2347,743865,13392,1.674000
2348,744181,13312,1.664000
2349,744498,13392,1.674000
2350,744815,13360,1.670000
2351,745132,13360,1.670000
2352,745448,13408,1.676000
2353,745766,13376,1.672000
2354,746083,13328,1.666000
2355,746400,13392,1.674000
2356,746716,13424,1.678000
2357,747033,13344,1.668000
2358,747350,13360,1.670000
2359,747667,13360,1.670000
2360,747984,13360,1.670000
2361,748301,13472,1.684000
2362,748618,13424,1.678000
2363,748935,13328,1.666000
2364,749251,13312,1.664000
2365,749568,13408,1.676000
2366,749885,13440,1.680000
2367,750202,13360,1.670000
2368,750518,13376,1.672000
2369,750836,13424,1.678000
2370,751152,13440,1.680000
2371,751469,13472,1.684000
2372,751786,13440,1.680000
2373,752103,13408,1.676000
2374,752420,13472,1.684000
2375,752737,13456,1.682000
2376,753053,13504,1.688000
2377,753370,13360,1.670000
2378,753688,13408,1.676000
2379,754004,13392,1.674000
2380,754321,13408,1.676000
2381,754638,13424,1.678000
2382,754955,13456,1.682000
2383,755272,13392,1.674000
2384,755589,13328,1.666000
2385,755905,13440,1.680000
2386,756222,13520,1.690000
2387,756539,13424,1.678000
2388,756856,13408,1.676000
2389,757173,13424,1.678000
2390,757490,13424,1.678000
2391,757807,13392,1.674000
2392,758123,13440,1.680000
2393,758441,13392,1.674000
2394,758757,13408,1.676000
2395,759074,13376,1.672000
2396,759391,13360,1.670000
2397,759708,13472,1.684000
2398,760024,13328,1.666000
2399,760341,13456,1.682000
2400,760658,13376,1.672000
2401,760975,13344,1.668000
2402,761292,13328,1.666000
2403,761609,13312,1.664000
2404,761926,13344,1.668000
2405,762243,13392,1.674000
2406,762559,13408,1.676000
2407,762876,13376,1.672000
2408,763194,13328,1.666000
2409,763510,13424,1.678000
2410,763827,13360,1.670000
2411,764144,13344,1.668000
2412,764460,13376,1.672000
2413,764777,13392,1.674000
2414,765094,13328,1.666000
2415,765411,13440,1.680000
2416,765728,13392,1.674000
2417,766045,13424,1.678000
2418,766362,13408,1.676000
2419,766679,13344,1.668000
2420,766995,13408,1.676000
2421,767312,13392,1.674000
2422,767629,13392,1.674000
2423,767946,13424,1.678000
2424,768263,13392,1.674000
2425,768580,13424,1.678000
2426,768897,13408,1.676000
2427,769214,13408,1.676000
2428,769530,13392,1.674000
2429,769847,13408,1.676000
2430,770163,13408,1.676000
2431,770481,13376,1.672000
2432,770798,13424,1.678000
2433,771115,13424,1.678000
2434,771431,13408,1.676000
2435,771748,13408,1.676000
2436,772065,13408,1.676000
2437,772382,13472,1.684000
2438,772699,13424,1.678000
2439,773015,13456,1.682000
2440,773332,13424,1.678000
2441,773650,13376,1.672000
2442,773966,13440,1.680000
2443,774283,13360,1.670000
2444,774600,13440,1.680000
2445,774917,13424,1.678000
2446,775233,13456,1.682000
2447,775551,13392,1.674000
2448,775867,13312,1.664000
2449,776184,13376,1.672000
2450,776502,13440,1.680000
2451,776818,13408,1.676000
2452,777135,13392,1.674000
2453,777451,13424,1.678000
2454,777769,13408,1.676000
2455,778086,13360,1.670000
2456,778403,13376,1.672000
2457,778719,13376,1.672000
2458,779036,13344,1.668000
2459,779353,13344,1.668000
2460,779670,13376,1.672000
2461,779987,13344,1.668000
2462,780304,13328,1.666000
2463,780620,13376,1.672000
2464,780937,13392,1.674000
2465,781255,13392,1.674000
2466,781571,13424,1.678000
2467,781888,13392,1.674000
2468,782205,13392,1.674000
2469,782522,13408,1.676000
2470,782838,13376,1.672000
2471,783156,13360,1.670000
2472,783472,13456,1.682000
2473,783789,13424,1.678000
2474,784105,13408,1.676000
2475,784423,13328,1.666000
2476,784740,13424,1.678000
2477,785056,13376,1.672000
2478,785373,13440,1.680000
2479,785690,13456,1.682000
2480,786007,13376,1.672000
2481,786323,13408,1.676000
2482,786641,13440,1.680000
2483,786958,13376,1.672000
2484,787275,13392,1.674000
2485,787591,13440,1.680000
2486,787908,13456,1.682000
2487,788225,13424,1.678000
2488,788542,13408,1.676000
2489,788858,13408,1.676000
2490,789176,13376,1.672000
2491,789493,13328,1.666000
2492,789809,13488,1.686000
2493,790127,13424,1.678000
2494,790443,13392,1.674000
2495,790760,13408,1.676000
2496,791076,13344,1.668000
2497,791394,13488,1.686000
2498,791711,13376,1.672000
2499,792027,13408,1.676000
2500,792344,13408,1.676000
2501,792661,13408,1.676000
2502,792978,13344,1.668000
2503,793295,13360,1.670000
2504,793612,13440,1.680000
2505,793929,13408,1.676000
2506,794246,13408,1.676000
2507,794562,13360,1.670000
2508,794879,13344,1.668000
2509,795196,13344,1.668000
2510,795513,13408,1.676000
2511,795830,13392,1.674000
2512,796146,13376,1.672000
2513,796463,13312,1.664000
2514,796780,13344,1.668000
2515,797097,13328,1.666000
2516,797414,13312,1.664000
2517,797731,13440,1.680000
2518,798048,13360,1.670000
2519,798365,13392,1.674000
2520,798686,13392,1.674000
2521,798998,13440,1.680000
2522,799315,13392,1.674000
2523,799632,13344,1.668000
2524,799949,13712,1.714000
2525,800266,13472,1.684000
2526,800582,13408,1.676000
2527,800899,13440,1.680000
2528,801217,13408,1.676000
2529,801533,13488,1.686000
2530,801850,13456,1.682000
2531,802167,13680,1.710000
2532,802484,13424,1.678000
2533,802801,13440,1.680000
2534,803117,13392,1.674000
2535,803434,13488,1.686000
2536,803751,13472,1.684000
2537,804068,13456,1.682000
2538,804385,13376,1.672000
2539,804702,13456,1.682000
2540,805018,13456,1.682000
2541,805335,13408,1.676000
2542,805652,13408,1.676000
2543,805970,13456,1.682000
2544,806286,13376,1.672000
2545,806603,13440,1.680000
2546,806920,13440,1.680000
2547,807237,13424,1.678000
2548,807553,13424,1.678000
2549,807870,13424,1.678000
2550,808187,13264,1.658000
2551,808504,13424,1.678000
2552,808821,13392,1.674000
2553,809137,13376,1.672000
2554,809455,13408,1.676000
2555,809771,13408,1.676000
2556,810088,13344,1.668000
2557,810405,13360,1.670000
2558,810722,13376,1.672000
2559,811039,13424,1.678000
2560,811356,13328,1.666000
2561,811672,13312,1.664000
2562,811990,13376,1.672000
2563,812306,13376,1.672000
2564,812623,13392,1.674000
2565,812940,13344,1.668000
2566,813256,13392,1.674000
2567,813574,13360,1.670000
2568,813891,13376,1.672000
2569,814207,13264,1.658000
2570,814524,13376,1.672000
2571,814841,13376,1.672000
2572,815158,13360,1.670000
2573,815475,13360,1.670000
2574,815792,13408,1.676000
2575,816109,13440,1.680000
2576,816425,13424,1.678000
2577,816742,13504,1.688000
2578,817059,13408,1.676000
2579,817376,13440,1.680000
2580,817693,13408,1.676000
2581,818010,13440,1.680000
2582,818327,13344,1.668000
2583,818643,13360,1.670000
2584,818960,13424,1.678000
2585,819277,13424,1.678000
2586,819594,13424,1.678000
2587,819911,13424,1.678000
2588,820228,13408,1.676000
2589,820544,13408,1.676000
2590,820861,13440,1.680000
2591,821178,13376,1.672000
2592,821495,13360,1.670000
2593,821812,13248,1.656000
2594,822129,13456,1.682000
2595,822446,13440,1.680000
2596,822762,13392,1.674000
2597,823080,13472,1.684000
2598,823396,13424,1.678000
2599,823713,13376,1.672000
2600,824030,13168,1.646000
2601,824347,13360,1.670000
2602,824664,13264,1.658000
2603,824981,13360,1.670000
2604,825297,13440,1.680000
2605,825614,13360,1.670000
2606,825931,13168,1.646000
2607,826248,13360,1.670000
2608,826565,13344,1.668000
2609,826881,13344,1.668000
2610,827198,13328,1.666000
2611,827516,13408,1.676000
2612,827832,13344,1.668000
2613,828149,13328,1.666000
2614,828466,13392,1.674000
2615,828783,13408,1.676000
2616,829100,13360,1.670000
2617,829416,13344,1.668000
2618,829734,13360,1.670000
2619,830050,13360,1.670000
2620,830367,13360,1.670000
2621,830687,13488,1.686000
2622,831000,13376,1.672000
2623,831317,13408,1.676000
2624,831635,13328,1.666000
2625,831951,13360,1.670000
2626,832268,13424,1.678000
2627,832585,13408,1.676000
2628,832902,13488,1.686000
2629,833219,13424,1.678000
2630,833536,13424,1.678000
2631,833853,13472,1.684000
2632,834170,13440,1.680000
2633,834487,13424,1.678000
2634,834803,13520,1.690000
2635,835120,13328,1.666000
2636,835437,13408,1.676000
2637,835754,13456,1.682000
2638,836070,13472,1.684000
2639,836387,13424,1.678000
2640,836705,13344,1.668000
2641,837021,13424,1.678000
2642,837338,13392,1.674000
2643,837655,13424,1.678000
2644,837972,13408,1.676000
2645,838289,13408,1.676000
2646,838605,13472,1.684000
2647,838923,13456,1.682000
2648,839240,13392,1.674000
2649,839556,13440,1.680000
2650,839873,13456,1.682000
2651,840190,13344,1.668000
2652,840507,13376,1.672000
2653,840823,13424,1.678000
2654,841141,13360,1.670000
2655,841458,13376,1.672000
2656,841774,13408,1.676000
2657,842091,13424,1.678000
2658,842408,13360,1.670000
2659,842725,13408,1.676000
2660,843041,13408,1.676000
2661,843358,13376,1.672000
2662,843675,13376,1.672000
2663,843992,13376,1.672000
2664,844309,13376,1.672000
2665,844626,13376,1.672000
2666,844942,13376,1.672000
2667,845260,13360,1.670000
2668,845576,13328,1.666000
2669,845893,13328,1.666000
2670,846210,13328,1.666000
2671,846526,13392,1.674000
2672,846844,13376,1.672000
2673,847161,13312,1.664000
2674,847477,13328,1.666000
2675,847795,13376,1.672000
2676,848111,13392,1.674000
2677,848428,13472,1.684000
2678,848745,13360,1.670000
2679,849062,13344,1.668000
2680,849379,13344,1.668000
2681,849695,13456,1.682000
2682,850013,13408,1.676000
2683,850329,13408,1.676000
2684,850646,13472,1.684000
2685,850963,13360,1.670000
2686,851280,13408,1.676000
2687,851597,13424,1.678000
2688,851914,13376,1.672000
2689,852231,13456,1.682000
2690,852547,13392,1.674000
2691,852864,13424,1.678000
2692,853181,13424,1.678000
2693,853498,13472,1.684000
2694,853815,13408,1.676000
2695,854131,13440,1.680000
2696,854449,13440,1.680000
2697,854765,13424,1.678000
2698,855082,13408,1.676000
2699,855399,13456,1.682000
2700,855716,13424,1.678000
2701,856033,13392,1.674000
2702,856350,13392,1.674000
2703,856666,13408,1.676000
2704,856983,13424,1.678000
2705,857300,13456,1.682000
2706,857617,13488,1.686000
2707,857934,13408,1.676000
2708,858251,13408,1.676000
2709,858568,13440,1.680000
2710,858885,13392,1.674000
2711,859202,13392,1.674000
2712,859518,13360,1.670000
2713,859835,13392,1.674000
2714,860152,13376,1.672000
2715,860469,13328,1.666000
2716,860786,13376,1.672000
2717,861103,13392,1.674000
2718,861419,13360,1.670000
2719,861736,13376,1.672000
2720,862053,13360,1.670000
2721,862370,13360,1.670000
2722,862686,13328,1.666000
2723,863004,13392,1.674000
2724,863321,13344,1.668000
2725,863637,13392,1.674000
2726,863954,13376,1.672000
2727,864271,13376,1.672000
2728,864588,13344,1.668000
2729,864905,13408,1.676000
2730,865222,13360,1.670000
2731,865538,13424,1.678000
2732,865855,13360,1.670000
2733,866172,13392,1.674000
2734,866489,13408,1.676000
2735,866806,13408,1.676000
2736,867122,13424,1.678000
2737,867440,13376,1.672000
2738,867756,13408,1.676000
2739,868074,13392,1.674000
2740,868390,13392,1.674000
2741,868707,13392,1.674000
2742,869024,13440,1.680000
2743,869341,13408,1.676000
2744,869658,13344,1.668000
2745,869975,13408,1.676000
2746,870292,13424,1.678000
2747,870608,13392,1.674000
2748,870925,13424,1.678000
2749,871242,13488,1.686000
2750,871559,13360,1.670000
2751,871876,13424,1.678000
2752,872192,13360,1.670000
2753,872509,13408,1.676000
2754,872826,13408,1.676000
2755,873143,13440,1.680000
2756,873459,13424,1.678000
2757,873777,13440,1.680000
2758,874094,13376,1.672000
2759,874410,13424,1.678000
2760,874727,13424,1.678000
2761,875044,13312,1.664000
2762,875361,13424,1.678000
2763,875678,13360,1.670000
2764,875995,13392,1.674000
2765,876312,13424,1.678000
2766,876629,13392,1.674000
2767,876945,13408,1.676000
2768,877262,13360,1.670000
2769,877579,13392,1.674000
2770,877896,13376,1.672000
2771,878213,13392,1.674000
2772,878530,13392,1.674000
2773,878846,13344,1.668000
2774,879164,13408,1.676000
2775,879480,13344,1.668000
2776,879797,13264,1.658000
2777,880114,13344,1.668000
2778,880431,13376,1.672000
2779,880747,13344,1.668000
2780,881065,13376,1.672000
2781,881382,13376,1.672000
2782,881698,13328,1.666000
2783,882015,13408,1.676000
2784,882332,13392,1.674000
2785,882649,13408,1.676000
2786,882966,13488,1.686000
2787,883282,13424,1.678000
2788,883600,13328,1.666000
2789,883916,13344,1.668000
2790,884233,13424,1.678000
2791,884550,13392,1.674000
2792,884866,13456,1.682000
2793,885184,13408,1.676000
2794,885501,13376,1.672000
2795,885817,13344,1.668000
2796,886134,13440,1.680000
2797,886452,13408,1.676000
2798,886768,13440,1.680000
2799,887085,13440,1.680000
2800,887402,13376,1.672000
2801,887718,13488,1.686000
2802,888036,13408,1.676000
2803,888353,13328,1.666000
2804,888669,13376,1.672000
2805,888986,13488,1.686000
2806,889303,13440,1.680000
2807,889620,13408,1.676000
2808,889937,13472,1.684000
2809,890254,13424,1.678000
2810,890570,13440,1.680000
2811,890887,13392,1.674000
2812,891204,13424,1.678000
2813,891521,13424,1.678000
2814,891837,13360,1.670000
2815,892155,13376,1.672000
2816,892471,13472,1.684000
2817,892789,13424,1.678000
2818,893105,13376,1.672000
2819,893422,13408,1.676000
2820,893739,13376,1.672000
2821,894056,13376,1.672000
2822,894373,13328,1.666000
2823,894689,13408,1.676000
2824,895006,13376,1.672000
2825,895323,13344,1.668000
2826,895640,13328,1.666000
2827,895957,13328,1.666000
2828,896274,13344,1.668000
2829,896591,13344,1.668000
2830,896908,13344,1.668000
2831,897225,13344,1.668000
2832,897541,13408,1.676000
2833,897858,13392,1.674000
2834,898174,13408,1.676000
2835,898492,13392,1.674000
2836,898809,13424,1.678000
2837,899125,13392,1.674000
2838,899443,13504,1.688000
2839,899759,13424,1.678000
2840,900076,13392,1.674000
2841,900393,13424,1.678000
2842,900710,13360,1.670000
2843,901027,13360,1.670000
2844,901344,13408,1.676000
2845,901660,13328,1.666000
2846,901977,13408,1.676000
2847,902294,13440,1.680000
2848,902611,13440,1.680000
2849,902928,13408,1.676000
2850,903245,13440,1.680000
2851,903561,13456,1.682000
2852,903879,13456,1.682000
2853,904195,13392,1.674000
2854,904512,13440,1.680000
2855,904829,13424,1.678000
2856,905146,13424,1.678000
2857,905462,13440,1.680000
2858,905780,13472,1.684000
2859,906097,13392,1.674000
2860,906413,13392,1.674000
2861,906730,13424,1.678000
2862,907046,13360,1.670000
2863,907364,13440,1.680000
2864,907685,13424,1.678000
2865,907997,13424,1.678000
2866,908315,13376,1.672000
2867,908631,13440,1.680000
2868,908948,13440,1.680000
2869,909265,13392,1.674000
2870,909582,13408,1.676000
2871,909899,13360,1.670000
2872,910216,13392,1.674000
2873,910533,13344,1.668000
2874,910849,13408,1.676000
2875,911166,13344,1.668000
2876,911483,13408,1.676000
2877,911800,13328,1.666000
2878,912117,13408,1.676000
2879,912434,13392,1.674000
2880,912750,13376,1.672000
2881,913067,13344,1.668000
2882,913384,13424,1.678000
2883,913701,13408,1.676000
2884,914018,13392,1.674000
2885,914335,13296,1.662000
2886,914652,13344,1.668000
2887,914968,13408,1.676000
2888,915285,13392,1.674000
2889,915602,13424,1.678000
2890,915919,13408,1.676000
2891,916236,13344,1.668000
2892,916553,13376,1.672000
2893,916869,13424,1.678000
2894,917186,13504,1.688000
2895,917503,13408,1.676000
2896,917820,13712,1.714000
2897,918137,13424,1.678000
2898,918454,13392,1.674000
2899,918771,13424,1.678000
2900,919087,13456,1.682000
2901,919404,13408,1.676000
2902,919721,13488,1.686000
2903,920038,13424,1.678000
2904,920355,13456,1.682000
2905,920671,13392,1.674000
2906,920989,13376,1.672000
2907,921305,13392,1.674000
2908,921623,13440,1.680000
2909,921940,13408,1.676000
2910,922256,13392,1.674000
2911,922573,13424,1.678000
2912,922890,13472,1.684000
2913,923207,13408,1.676000
2914,923523,13312,1.664000
2915,923840,13344,1.668000
2916,924158,13360,1.670000
2917,924474,13392,1.674000
2918,924791,13408,1.676000
2919,925107,13392,1.674000
2920,925425,13392,1.674000
2921,925741,13424,1.678000
2922,926059,13408,1.676000
2923,926376,13392,1.674000
2924,926692,13392,1.674000
2925,927009,13376,1.672000
2926,927326,13392,1.674000
2927,927643,13408,1.676000
2928,927960,13392,1.674000
2929,928276,13408,1.676000
2930,928594,13424,1.678000
2931,928911,13360,1.670000
2932,929227,13360,1.670000
2933,929544,13360,1.670000
2934,929860,13376,1.672000
2935,930178,13408,1.676000
2936,930495,13408,1.676000
2937,930811,13392,1.674000
2938,931128,13328,1.666000
2939,931444,13296,1.662000
2940,931762,13312,1.664000
2941,932079,13360,1.670000
2942,932396,13376,1.672000
2943,932713,13344,1.668000
2944,933029,13376,1.672000
2945,933346,13376,1.672000
2946,933663,13376,1.672000
2947,933980,13392,1.674000
2948,934297,13488,1.686000
2949,934614,13504,1.688000
2950,934931,13456,1.682000
2951,935248,13392,1.674000
2952,935564,13408,1.676000
2953,935881,13392,1.674000
2954,936197,13408,1.676000
2955,936515,13360,1.670000
2956,936832,13440,1.680000
2957,937148,13424,1.678000
2958,937465,13312,1.664000
2959,937782,13408,1.676000
2960,938099,13360,1.670000
2961,938416,13456,1.682000
2962,938733,13472,1.684000
2963,939050,13392,1.674000
2964,939367,13440,1.680000
2965,939686,13248,1.656000
2966,940000,13392,1.674000
2967,940317,13376,1.672000
2968,940634,13456,1.682000
2969,940950,13408,1.676000
2970,941267,13408,1.676000
2971,941585,13200,1.650000
2972,941902,13408,1.676000
2973,942219,13248,1.656000
2974,942535,13328,1.666000
2975,942852,13424,1.678000
2976,943169,13392,1.674000
2977,943486,13360,1.670000
2978,943803,13232,1.654000
2979,944119,13360,1.670000
2980,944436,13360,1.670000
2981,944753,13376,1.672000
2982,945070,13360,1.670000
2983,945387,13376,1.672000
2984,945704,13344,1.668000
2985,946020,13440,1.680000
2986,946337,13376,1.672000
2987,946654,13376,1.672000
2988,946971,13392,1.674000
2989,947288,13392,1.674000
2990,947605,13344,1.668000
2991,947921,13376,1.672000
2992,948239,13392,1.674000
2993,948555,13328,1.666000
2994,948872,13424,1.678000
2995,949189,13376,1.672000
2996,949506,13376,1.672000
2997,949823,13392,1.674000
2998,950139,13408,1.676000
2999,950456,13520,1.690000
3000,950773,13344,1.668000
3001,951090,13392,1.674000
3002,951407,13344,1.668000
3003,951724,13440,1.680000
3004,952041,13408,1.676000
3005,952358,13392,1.674000
3006,952674,13424,1.678000
3007,952991,13456,1.682000
3008,953308,13456,1.682000
3009,953625,13440,1.680000
3010,953942,13456,1.682000
3011,954259,13424,1.678000
3012,954576,13408,1.676000
3013,954893,13328,1.666000
3014,955210,13472,1.684000
3015,955526,13440,1.680000
3016,955843,13360,1.670000
3017,956160,13504,1.688000
3018,956477,13392,1.674000
3019,956794,13360,1.670000
3020,957110,13408,1.676000
3021,957428,13472,1.684000
3022,957744,13408,1.676000
3023,958061,13408,1.676000
3024,958378,13392,1.674000
3025,958695,13392,1.674000
3026,959012,13328,1.666000
3027,959329,13344,1.668000
3028,959645,13392,1.674000
3029,959962,13344,1.668000
3030,960279,13360,1.670000
3031,960596,13360,1.670000
3032,960913,13376,1.672000
3033,961230,13424,1.678000
3034,961547,13424,1.678000
3035,961863,13424,1.678000
3036,962181,13296,1.662000
3037,962497,13344,1.668000
3038,962814,13344,1.668000
3039,963131,13392,1.674000
3040,963448,13392,1.674000
3041,963765,13408,1.676000
3042,964081,13504,1.688000
3043,964399,13376,1.672000
3044,964715,13376,1.672000
3045,965031,13408,1.676000
3046,965349,13376,1.672000
3047,965666,13408,1.676000
3048,965983,13408,1.676000
3049,966300,13456,1.682000
3050,966616,13376,1.672000
3051,966933,13328,1.666000
3052,967250,13456,1.682000
3053,967567,13328,1.666000
3054,967883,13392,1.674000
3055,968201,13312,1.664000
3056,968518,13424,1.678000
3057,968834,13440,1.680000
3058,969151,13344,1.668000
3059,969468,13456,1.682000
3060,969785,13392,1.674000
3061,970102,13408,1.676000
3062,970419,13392,1.674000
3063,970735,13408,1.676000
3064,971052,13456,1.682000
3065,971369,13424,1.678000
3066,971686,13424,1.678000
3067,972003,13392,1.674000
3068,972320,13392,1.674000
3069,972637,13392,1.674000
3070,972953,13376,1.672000
3071,973270,13392,1.674000
3072,973588,13360,1.670000
3073,973904,13456,1.682000
3074,974221,13440,1.680000
3075,974538,13424,1.678000
3076,974854,13408,1.676000
3077,975172,13360,1.670000
3078,975489,13376,1.672000
3079,975805,13328,1.666000
3080,976122,13392,1.674000
3081,976439,13376,1.672000
3082,976756,13360,1.670000
3083,977073,13328,1.666000
3084,977390,13376,1.672000
3085,977706,13424,1.678000
3086,978023,13376,1.672000
3087,978340,13456,1.682000
3088,978657,13344,1.668000
3089,978974,13376,1.672000
3090,979290,13392,1.674000
3091,979608,13312,1.664000
3092,979924,13360,1.670000
3093,980241,13440,1.680000
3094,980558,13424,1.678000
3095,980875,13456,1.682000
3096,981192,13344,1.668000
3097,981509,13376,1.672000
3098,981826,13376,1.672000
3099,982142,13376,1.672000
3100,982459,13392,1.674000
3101,982777,13408,1.676000
3102,983093,13376,1.672000
3103,983410,13408,1.676000
3104,983727,13392,1.674000
3105,984044,13360,1.670000
3106,984360,13472,1.684000
3107,984678,13424,1.678000
3108,984995,13488,1.686000
3109,985311,13376,1.672000
3110,985628,13424,1.678000
3111,985945,13424,1.678000
3112,986262,13392,1.674000
3113,986578,13472,1.684000
3114,986895,13392,1.674000
3115,987212,13360,1.670000
3116,987529,13408,1.676000
3117,987846,13376,1.672000
3118,988163,13376,1.672000
3119,988480,13456,1.682000
3120,988796,13440,1.680000
3121,989113,13408,1.676000
3122,989430,13408,1.676000
3123,989747,13408,1.676000
3124,990064,13472,1.684000
3125,990381,13360,1.670000
3126,990698,13424,1.678000
3127,991015,13376,1.672000
3128,991332,13392,1.674000
3129,991648,13408,1.676000
3130,991965,13408,1.676000
3131,992282,13360,1.670000
3132,992599,13392,1.674000
3133,992916,13440,1.680000
3134,993233,13408,1.676000
3135,993549,13408,1.676000
3136,993867,13392,1.674000
3137,994183,13360,1.670000
3138,994500,13328,1.666000
3139,994817,13392,1.674000
3140,995134,13344,1.668000
3141,995451,13312,1.664000
3142,995767,13376,1.672000
3143,996084,13392,1.674000
3144,996401,13392,1.674000
3145,996718,13328,1.666000
3146,997035,13392,1.674000
3147,997352,13440,1.680000
3148,997668,13392,1.674000
3149,997985,13392,1.674000
3150,998302,13392,1.674000
3151,998619,13424,1.678000
3152,998936,13360,1.670000
3153,999253,13440,1.680000
3154,999570,13328,1.666000
3155,999887,13440,1.680000
