sample,timestamp_us,raw,voltage_V
0,174,13472,1.684000
1,491,13392,1.674000
2,808,13440,1.680000
3,1125,13440,1.680000
4,1442,13472,1.684000
5,1759,13504,1.688000
6,2075,13504,1.688000
7,2392,13440,1.680000
8,2709,13168,1.646000
9,3026,13424,1.678000
10,3343,13376,1.672000
11,3659,13408,1.676000
12,3977,13360,1.670000
13,4294,13344,1.668000
14,4610,13296,1.662000
15,4927,13296,1.662000
16,5244,13392,1.674000
17,5561,13408,1.676000
18,5878,13360,1.670000
19,6194,13376,1.672000
20,6511,13248,1.656000
21,6828,13408,1.676000
22,7145,13280,1.660000
23,7462,13312,1.664000
24,7779,13344,1.668000
25,8095,13344,1.668000
26,8413,13360,1.670000
27,8729,13344,1.668000
28,9046,13536,1.692000
29,9363,13248,1.656000
30,9680,13296,1.662000
31,9997,13360,1.670000
32,10314,13376,1.672000
33,10631,13408,1.676000
34,10947,13376,1.672000
35,11264,13392,1.674000
36,11581,13424,1.678000
37,11898,13408,1.676000
38,12215,13392,1.674000
39,12532,13424,1.678000
40,12849,13344,1.668000
41,13165,13424,1.678000
42,13482,13408,1.676000
43,13799,13424,1.678000
44,14116,13472,1.684000
45,14433,13568,1.696000
46,14750,13520,1.690000
47,15066,13408,1.676000
48,15383,13456,1.682000
49,15700,13392,1.674000
50,16017,13408,1.676000
51,16334,13520,1.690000
52,16651,13600,1.700000
53,16968,13584,1.698000
54,17285,13520,1.690000
55,17601,13440,1.680000
56,17918,13472,1.684000
57,18236,13408,1.676000
58,18552,13408,1.676000
59,18869,13408,1.676000
60,19186,13472,1.684000
61,19503,13424,1.678000
62,19819,13456,1.682000
63,20137,13392,1.674000
64,20453,13376,1.672000
65,20770,13424,1.678000
66,21086,13408,1.676000
67,21404,13360,1.670000
68,21721,13296,1.662000
69,22037,13312,1.664000
70,22354,13312,1.664000
71,22671,13456,1.682000
72,22988,13392,1.674000
73,23305,13408,1.676000
74,23622,13296,1.662000
75,23938,13328,1.666000
76,24255,13232,1.654000
77,24572,13200,1.650000
78,24890,13312,1.664000
79,25207,13312,1.664000
80,25523,13424,1.678000
81,25840,13392,1.674000
82,26157,13328,1.666000
83,26474,13312,1.664000
84,26790,13184,1.648000
85,27107,13296,1.662000
86,27424,13312,1.664000
87,27741,13344,1.668000
88,28058,13408,1.676000
89,28375,13392,1.674000
90,28692,13184,1.648000
91,29008,13392,1.674000
92,29325,13328,1.666000
93,29642,13520,1.690000
94,29959,13440,1.680000
95,30276,13440,1.680000
96,30592,13392,1.674000
97,30910,13248,1.656000
98,31227,13392,1.674000
99,31543,13392,1.674000
100,31860,13584,1.698000
101,32177,13536,1.692000
102,32494,13456,1.682000
103,32811,13408,1.676000
104,33127,13376,1.672000
105,33445,13440,1.680000
106,33761,13504,1.688000
107,34078,13568,1.696000
108,34395,13568,1.696000
109,34712,13488,1.686000
110,35029,13456,1.682000
111,35346,13376,1.672000
112,35662,13408,1.676000
113,35979,13520,1.690000
114,36297,13440,1.680000
115,36613,13424,1.678000
116,36930,13376,1.672000
117,37247,13280,1.660000
118,37563,13360,1.670000
119,37880,13376,1.672000
120,38197,13408,1.676000
121,38514,13328,1.666000
122,38831,13296,1.662000
123,39148,13264,1.658000
124,39465,13312,1.664000
125,39782,13248,1.656000
126,40098,13344,1.668000
127,40415,13360,1.670000
128,40732,13440,1.680000
129,41049,13376,1.672000
130,41366,13216,1.652000
131,41686,13216,1.652000
132,42000,13184,1.648000
133,42317,13264,1.658000
134,42633,13360,1.670000
135,42950,13408,1.676000
136,43267,13344,1.668000
137,43583,13360,1.670000
138,43901,13280,1.660000
139,44217,13328,1.666000
140,44535,13360,1.670000
141,44851,13376,1.672000
142,45168,13360,1.670000
143,45485,13440,1.680000
144,45802,13392,1.674000
145,46118,13424,1.678000
146,46436,13376,1.672000
147,46752,13536,1.692000
148,47069,13488,1.686000
149,47386,13472,1.684000
150,47703,13440,1.680000
151,48019,13424,1.678000
152,48337,13424,1.678000
153,48654,13472,1.684000
154,48970,13568,1.696000
155,49288,13648,1.706000
156,49604,13536,1.692000
157,49921,13456,1.682000
158,50238,13392,1.674000
159,50554,13392,1.674000
160,50872,13392,1.674000
161,51189,13536,1.692000
162,51505,13472,1.684000
163,51822,13520,1.690000
164,52139,13504,1.688000
165,52456,13440,1.680000
166,52773,13360,1.670000
167,53090,13392,1.674000
168,53407,13456,1.682000
169,53724,13360,1.670000
170,54040,13408,1.676000
171,54357,13392,1.674000
172,54674,13360,1.670000
173,54990,13376,1.672000
174,55308,13376,1.672000
175,55625,13424,1.678000
176,55941,13296,1.662000
177,56258,13312,1.664000
178,56575,13264,1.658000
179,56892,13216,1.652000
180,57209,13216,1.652000
181,57526,13280,1.660000
182,57842,13360,1.670000
183,58160,13376,1.672000
184,58476,13360,1.670000
185,58793,13296,1.662000
186,59110,13280,1.660000
187,59427,13216,1.652000
188,59744,13312,1.664000
189,60061,13360,1.670000
190,60377,13408,1.676000
191,60694,13344,1.668000
192,61011,13376,1.672000
193,61327,13392,1.674000
194,61645,13376,1.672000
195,61962,13360,1.670000
196,62279,13408,1.676000
197,62595,13424,1.678000
198,62912,13424,1.678000
199,63229,13392,1.674000
200,63546,13392,1.674000
201,63863,13456,1.682000
202,64180,13552,1.694000
203,64497,13488,1.686000
204,64813,13504,1.688000
205,65130,13488,1.686000
206,65447,13440,1.680000
207,65764,13392,1.674000
208,66081,13456,1.682000
209,66398,13456,1.682000
210,66714,13664,1.708000
211,67032,13616,1.702000
212,67348,13488,1.686000
213,67665,13408,1.676000
214,67982,13424,1.678000
215,68299,13440,1.680000
216,68616,13440,1.680000
217,68932,13456,1.682000
218,69250,13520,1.690000
219,69566,13520,1.690000
220,69883,13408,1.676000
221,70200,13344,1.668000
222,70517,13456,1.682000
223,70833,13392,1.674000
224,71151,13408,1.676000
225,71467,13344,1.668000
226,71784,13312,1.664000
227,72102,13312,1.664000
228,72418,13296,1.662000
229,72735,13376,1.672000
230,73052,13440,1.680000
231,73369,13344,1.668000
232,73686,13344,1.668000
233,74002,13232,1.654000
234,74319,13168,1.646000
235,74636,13232,1.654000
236,74953,13312,1.664000
237,75270,13408,1.676000
238,75587,13376,1.672000
239,75903,13408,1.676000
240,76220,13328,1.666000
241,76537,13328,1.666000
242,76854,13248,1.656000
243,77171,13328,1.666000
244,77488,13296,1.662000
245,77805,13264,1.658000
246,78121,13424,1.678000
247,78439,13424,1.678000
248,78755,13360,1.670000
249,79072,13344,1.668000
250,79389,13440,1.680000
251,79706,13488,1.686000
252,80023,13440,1.680000
253,80339,13376,1.672000
254,80657,13456,1.682000
255,80973,13472,1.684000
256,81290,13488,1.686000
257,81607,13568,1.696000
258,81924,13520,1.690000
259,82241,13584,1.698000
260,82557,13440,1.680000
261,82874,13424,1.678000
262,83191,13440,1.680000
263,83508,13440,1.680000
264,83825,13488,1.686000
265,84142,13600,1.700000
266,84459,13552,1.694000
267,84775,13504,1.688000
268,85092,13408,1.676000
269,85410,13360,1.670000
270,85726,13392,1.674000
271,86043,13456,1.682000
272,86360,13424,1.678000
273,86677,13408,1.676000
274,86993,13328,1.666000
275,87310,13376,1.672000
276,87627,13328,1.666000
277,87944,13440,1.680000
278,88261,13424,1.678000
279,88578,13360,1.670000
280,88895,13328,1.666000
281,89212,13296,1.662000
282,89528,13264,1.658000
283,89845,13328,1.666000
284,90162,13360,1.670000
285,90479,13440,1.680000
286,90796,13344,1.668000
287,91113,13296,1.662000
288,91430,13280,1.660000
289,91747,13216,1.652000
290,92063,13248,1.656000
291,92380,13280,1.660000
292,92697,13376,1.672000
293,93014,13392,1.674000
294,93331,13408,1.676000
295,93647,13360,1.670000
296,93965,13360,1.670000
297,94282,13360,1.670000
298,94598,13312,1.664000
299,94914,13360,1.670000
300,95231,13376,1.672000
301,95549,13344,1.668000
302,95866,13392,1.674000
303,96182,13408,1.676000
304,96499,13456,1.682000
305,96817,13504,1.688000
306,97133,13472,1.684000
307,97450,13488,1.686000
308,97767,13408,1.676000
309,98084,13376,1.672000
310,98401,13360,1.670000
311,98717,13488,1.686000
312,99035,13552,1.694000
313,99350,13600,1.700000
314,99668,13568,1.696000
315,99985,13424,1.678000
316,100302,13424,1.678000
317,100619,13392,1.674000
318,100935,13424,1.678000
319,101253,13488,1.686000
320,101569,13488,1.686000
321,101886,13520,1.690000
322,102203,13488,1.686000
323,102519,13456,1.682000
324,102837,13392,1.674000
325,103153,13360,1.670000
326,103470,13392,1.674000
327,103787,13424,1.678000
328,104104,13392,1.674000
329,104421,13376,1.672000
330,104738,13296,1.662000
331,105054,13376,1.672000
332,105371,13456,1.682000
333,105688,13440,1.680000
334,106005,13360,1.670000
335,106322,13360,1.670000
336,106639,13232,1.654000
337,106955,13232,1.654000
338,107273,13200,1.650000
339,107589,13344,1.668000
340,107906,13376,1.672000
341,108223,13328,1.666000
342,108540,13392,1.674000
343,108857,13312,1.664000
344,109174,13200,1.650000
345,109491,13232,1.654000
346,109807,13264,1.658000
347,110125,13296,1.662000
348,110441,13360,1.670000
349,110758,13424,1.678000
350,111075,13344,1.668000
351,111392,13344,1.668000
352,111708,13312,1.664000
353,112026,13344,1.668000
354,112343,13424,1.678000
355,112659,13424,1.678000
356,112976,13440,1.680000
357,113293,13360,1.670000
358,113610,13344,1.668000
359,113927,13504,1.688000
360,114244,13520,1.690000
361,114560,13536,1.692000
362,114877,13488,1.686000
363,115194,13424,1.678000
364,115511,13408,1.676000
365,115828,13408,1.676000
366,116145,13488,1.686000
367,116461,13552,1.694000
368,116778,13616,1.702000
369,117095,13520,1.690000
370,117412,13520,1.690000
371,117729,13536,1.692000
372,118046,13424,1.678000
373,118363,13408,1.676000
374,118679,13440,1.680000
375,118997,13456,1.682000
376,119313,13488,1.686000
377,119630,13408,1.676000
378,119947,13392,1.674000
379,120264,13392,1.674000
380,120581,13424,1.678000
381,120898,13424,1.678000
382,121215,13424,1.678000
383,121531,13296,1.662000
384,121848,13072,1.634000
385,122165,13344,1.668000
386,122482,13184,1.648000
387,122799,13360,1.670000
388,123115,13408,1.676000
389,123432,13360,1.670000
390,123749,13328,1.666000
391,124066,13248,1.656000
392,124383,13216,1.652000
393,124700,13008,1.626000
394,125017,13296,1.662000
395,125334,13360,1.670000
396,125650,13440,1.680000
397,125967,13360,1.670000
398,126284,13344,1.668000
399,126601,13120,1.640000
400,126918,13232,1.654000
401,127235,13344,1.668000
402,127552,13392,1.674000
403,127868,13440,1.680000
404,128185,13344,1.668000
405,128502,13376,1.672000
406,128819,13456,1.682000
407,129136,13456,1.682000
408,129453,13408,1.676000
409,129770,13456,1.682000
410,130086,13408,1.676000
411,130403,13408,1.676000
412,130720,13392,1.674000
413,131036,13472,1.684000
414,131354,13488,1.686000
415,131671,13456,1.682000
416,131988,13632,1.704000
417,132305,13552,1.694000
418,132621,13472,1.684000
419,132938,13440,1.680000
420,133255,13456,1.682000
421,133572,13456,1.682000
422,133889,13536,1.692000
423,134206,13520,1.690000
424,134522,13536,1.692000
425,134839,13456,1.682000
426,135156,13472,1.684000
427,135473,13440,1.680000
428,135790,13424,1.678000
429,136106,13456,1.682000
430,136424,13440,1.680000
431,136740,13408,1.676000
432,137057,13392,1.674000
433,137374,13408,1.676000
434,137691,13392,1.674000
435,138008,13376,1.672000
436,138324,13360,1.670000
437,138642,13376,1.672000
438,138959,13280,1.660000
439,139275,13264,1.658000
440,139592,13312,1.664000
441,139909,13248,1.656000
442,140226,13408,1.676000
443,140543,13328,1.666000
444,140859,13376,1.672000
445,141177,13312,1.664000
446,141493,13216,1.652000
447,141811,13184,1.648000
448,142127,13296,1.662000
449,142444,13328,1.666000
450,142761,13360,1.670000
451,143078,13408,1.676000
452,143394,13344,1.668000
453,143711,13360,1.670000
454,144028,13376,1.672000
455,144345,13168,1.646000
456,144662,13440,1.680000
457,144979,13488,1.686000
458,145296,13408,1.676000
459,145613,13360,1.670000
460,145929,13408,1.676000
461,146246,13408,1.676000
462,146563,13392,1.674000
463,146880,13424,1.678000
464,147197,13520,1.690000
465,147513,13408,1.676000
466,147831,13408,1.676000
467,148147,13424,1.678000
468,148464,13360,1.670000
469,148781,13520,1.690000
470,149097,13520,1.690000
471,149415,13552,1.694000
472,149732,13536,1.692000
473,150048,13472,1.684000
474,150365,13392,1.674000
475,150685,13392,1.674000
476,150999,13424,1.678000
477,151316,13360,1.670000
478,151633,13520,1.690000
479,151949,13520,1.690000
480,152267,13424,1.678000
481,152583,13424,1.678000
482,152900,13440,1.680000
483,153217,13328,1.666000
484,153534,13456,1.682000
485,153851,13424,1.678000
486,154168,13376,1.672000
487,154485,13296,1.662000
488,154802,13264,1.658000
489,155118,13344,1.668000
490,155435,13376,1.672000
491,155752,13408,1.676000
492,156069,13344,1.668000
493,156386,13280,1.660000
494,156703,13296,1.662000
495,157019,13248,1.656000
496,157336,13248,1.656000
497,157653,13360,1.670000
498,157970,13360,1.670000
499,158287,13344,1.668000
500,158604,13344,1.668000
501,158921,13264,1.658000
502,159237,13264,1.658000
503,159554,13232,1.654000
504,159872,13344,1.668000
505,160189,13376,1.672000
506,160505,13392,1.674000
507,160822,13392,1.674000
508,161138,13424,1.678000
509,161455,13392,1.674000
510,161772,13376,1.672000
511,162089,13424,1.678000
512,162406,13392,1.674000
513,162723,13408,1.676000
514,163040,13440,1.680000
515,163357,13456,1.682000
516,163673,13424,1.678000
517,163991,13552,1.694000
518,164307,13552,1.694000
519,164624,13488,1.686000
520,164941,13392,1.674000
521,165258,13424,1.678000
522,165575,13392,1.674000
523,165891,13392,1.674000
524,166208,13440,1.680000
525,166525,13536,1.692000
526,166842,13536,1.692000
527,167158,13488,1.686000
528,167476,13488,1.686000
529,167793,13376,1.672000
530,168109,13408,1.676000
531,168426,13408,1.676000
532,168743,13504,1.688000
533,169060,13472,1.684000
534,169377,13472,1.684000
535,169694,13408,1.676000
536,170010,13424,1.678000
537,170327,13440,1.680000
538,170644,13408,1.676000
539,170961,13312,1.664000
540,171278,13424,1.678000
541,171595,13296,1.662000
542,171912,13264,1.658000
543,172228,13296,1.662000
544,172546,13424,1.678000
545,172862,13424,1.678000
546,173179,13328,1.666000
547,173496,13360,1.670000
548,173813,13328,1.666000
549,174130,13184,1.648000
550,174447,13152,1.644000
551,174763,13280,1.660000
552,175080,13328,1.666000
553,175397,13360,1.670000
554,175714,13424,1.678000
555,176031,13344,1.668000
556,176348,13328,1.666000
557,176665,13248,1.656000
558,176982,13264,1.658000
559,177298,13344,1.668000
560,177615,13344,1.668000
561,177931,13344,1.668000
562,178249,13392,1.674000
563,178566,13376,1.672000
564,178882,13424,1.678000
565,179199,13376,1.672000
566,179517,13456,1.682000
567,179833,13408,1.676000
568,180150,13424,1.678000
569,180467,13472,1.684000
570,180784,13392,1.674000
571,181100,13424,1.678000
572,181418,13488,1.686000
573,181734,13600,1.700000
574,182051,13600,1.700000
575,182368,13520,1.690000
576,182687,13440,1.680000
577,183001,13392,1.674000
578,183318,13408,1.676000
579,183636,13440,1.680000
580,183952,13536,1.692000
581,184269,13568,1.696000
582,184586,13552,1.694000
583,184902,13520,1.690000
584,185220,13440,1.680000
585,185537,13456,1.682000
586,185853,13424,1.678000
587,186170,13456,1.682000
588,186487,13440,1.680000
589,186804,13360,1.670000
590,187121,13376,1.672000
591,187437,13424,1.678000
592,187755,13392,1.674000
593,188071,13408,1.676000
594,188388,13360,1.670000
595,188706,13328,1.666000
596,189022,13264,1.658000
597,189339,13216,1.652000
598,189656,13264,1.658000
599,189973,13360,1.670000
600,190290,13408,1.676000
601,190606,13392,1.674000
602,190924,13344,1.668000
603,191240,13296,1.662000
604,191557,13248,1.656000
605,191874,13216,1.652000
606,192191,13248,1.656000
607,192507,13312,1.664000
608,192825,13408,1.676000
609,193141,13408,1.676000
610,193458,13392,1.674000
611,193775,13312,1.664000
612,194092,13344,1.668000
613,194409,13376,1.672000
614,194726,13376,1.672000
615,195042,13360,1.670000
616,195359,13424,1.678000
617,195676,13440,1.680000
618,195993,13392,1.674000
619,196310,13456,1.682000
620,196627,13552,1.694000
621,196943,13520,1.690000
622,197260,13488,1.686000
623,197577,13456,1.682000
624,197894,13408,1.676000
625,198211,13424,1.678000
626,198528,13408,1.676000
627,198845,13536,1.692000
628,199161,13568,1.696000
629,199478,13584,1.698000
630,199795,13584,1.698000
631,200112,13456,1.682000
632,200429,13488,1.686000
633,200746,13392,1.674000
634,201062,13392,1.674000
635,201380,13552,1.694000
636,201697,13552,1.694000
637,202013,13552,1.694000
638,202330,13440,1.680000
639,202647,13408,1.676000
640,202964,13392,1.674000
641,203281,13424,1.678000
642,203598,13440,1.680000
643,203915,13424,1.678000
644,204231,13376,1.672000
645,204548,13312,1.664000
646,204865,13360,1.670000
647,205183,13424,1.678000
648,205499,13392,1.674000
649,205816,13408,1.676000
650,206132,13344,1.668000
651,206450,13280,1.660000
652,206766,13264,1.658000
653,207083,13264,1.658000
654,207400,13280,1.660000
655,207717,13360,1.670000
656,208033,13456,1.682000
657,208351,13392,1.674000
658,208667,13392,1.674000
659,208984,13296,1.662000
660,209301,13232,1.654000
661,209618,13312,1.664000
662,209934,13312,1.664000
663,210252,13344,1.668000
664,210569,13456,1.682000
665,210885,13392,1.674000
666,211203,13408,1.676000
667,211519,13456,1.682000
668,211836,13376,1.672000
669,212153,13312,1.664000
670,212470,13392,1.674000
671,212787,13360,1.670000
672,213103,13392,1.674000
673,213420,13440,1.680000
674,213737,13472,1.684000
675,214054,13504,1.688000
676,214371,13568,1.696000
677,214687,13552,1.694000
678,215005,13456,1.682000
679,215322,13376,1.672000
680,215638,13184,1.648000
681,215955,13456,1.682000
682,216272,13504,1.688000
683,216589,13584,1.698000
684,216906,13568,1.696000
685,217223,13520,1.690000
686,217540,13440,1.680000
687,217856,13488,1.686000
688,218173,13440,1.680000
689,218490,13456,1.682000
690,218807,13488,1.686000
691,219124,13488,1.686000
692,219441,13440,1.680000
693,219757,13408,1.676000
694,220075,13376,1.672000
695,220391,13424,1.678000
696,220708,13392,1.674000
697,221025,13392,1.674000
698,221342,13344,1.668000
699,221659,13312,1.664000
700,221975,13344,1.668000
701,222293,13312,1.664000
702,222609,13312,1.664000
703,222926,13376,1.672000
704,223243,13392,1.674000
705,223560,13360,1.670000
706,223877,13296,1.662000
707,224194,13248,1.656000
708,224511,13200,1.650000
709,224827,13280,1.660000
710,225144,13328,1.666000
711,225460,13424,1.678000
712,225778,13392,1.674000
713,226095,13360,1.670000
714,226411,13344,1.668000
715,226728,13312,1.664000
716,227045,13344,1.668000
717,227362,13312,1.664000
718,227679,13376,1.672000
719,227996,13424,1.678000
720,228313,13456,1.682000
721,228630,13376,1.672000
722,228946,13408,1.676000
723,229263,13488,1.686000
724,229580,13456,1.682000
725,229897,13440,1.680000
726,230214,13424,1.678000
727,230531,13392,1.674000
728,230847,13344,1.668000
729,231165,13520,1.690000
730,231481,13760,1.720000
731,231798,13568,1.696000
732,232115,13552,1.694000
733,232432,13488,1.686000
734,232748,13440,1.680000
735,233066,13408,1.676000
736,233383,13632,1.704000
737,233699,13472,1.684000
738,234016,13520,1.690000
739,234333,13584,1.698000
740,234650,13552,1.694000
741,234967,13472,1.684000
742,235284,13392,1.674000
743,235600,13504,1.688000
744,235918,13392,1.674000
745,236235,13584,1.698000
746,236551,13440,1.680000
747,236868,13408,1.676000
748,237184,13408,1.676000
749,237502,13360,1.670000
750,237818,13408,1.676000
751,238135,13552,1.694000
752,238453,13344,1.668000
753,238769,13360,1.670000
754,239086,13280,1.660000
755,239403,13216,1.652000
756,239720,13264,1.658000
757,240036,13296,1.662000
758,240353,13312,1.664000
759,240670,13440,1.680000
760,240987,13312,1.664000
761,241304,13264,1.658000
762,241621,13232,1.654000
763,241938,13232,1.654000
764,242255,13104,1.638000
765,242571,13344,1.668000
766,242888,13392,1.674000
767,243205,13392,1.674000
768,243522,13328,1.666000
769,243839,13328,1.666000
770,244156,13312,1.664000
771,244473,13360,1.670000
772,244789,13376,1.672000
773,245106,13376,1.672000
774,245423,13392,1.674000
775,245740,13424,1.678000
776,246056,13472,1.684000
777,246374,13456,1.682000
778,246691,13520,1.690000
779,247007,13488,1.686000
780,247324,13504,1.688000
781,247641,13408,1.676000
782,247958,13408,1.676000
783,248275,13392,1.674000
784,248592,13456,1.682000
785,248909,13520,1.690000
786,249226,13568,1.696000
787,249542,13584,1.698000
788,249859,13552,1.694000
789,250176,13456,1.682000
790,250493,13376,1.672000
791,250810,13392,1.674000
792,251126,13440,1.680000
793,251444,13504,1.688000
794,251761,13552,1.694000
795,252077,13440,1.680000
796,252394,13488,1.686000
797,252711,13456,1.682000
798,253028,13344,1.668000
799,253345,13344,1.668000
800,253661,13424,1.678000
801,253978,13248,1.656000
802,254295,13376,1.672000
803,254612,13344,1.668000
804,254929,13392,1.674000
805,255246,13392,1.674000
806,255562,13392,1.674000
807,255880,13264,1.658000
808,256196,13312,1.664000
809,256513,13328,1.666000
810,256830,13264,1.658000
811,257147,13280,1.660000
812,257464,13312,1.664000
813,257781,13328,1.666000
814,258097,13312,1.664000
815,258414,13344,1.668000
816,258731,13328,1.666000
817,259048,13280,1.660000
818,259365,13264,1.658000
819,259686,13296,1.662000
820,259999,13392,1.674000
821,260316,13360,1.670000
822,260632,13408,1.676000
823,260949,13392,1.674000
824,261266,13376,1.672000
825,261583,13392,1.674000
826,261900,13344,1.668000
827,262217,13472,1.684000
828,262533,13392,1.674000
829,262850,13360,1.670000
830,263167,13392,1.674000
831,263484,13360,1.670000
832,263801,13456,1.682000
833,264117,13568,1.696000
834,264434,13456,1.682000
835,264751,13520,1.690000
836,265068,13504,1.688000
837,265385,13392,1.674000
838,265702,13424,1.678000
839,266019,13440,1.680000
840,266336,13552,1.694000
841,266652,13600,1.700000
842,266970,13648,1.706000
843,267286,13520,1.690000
844,267603,13472,1.684000
845,267920,13456,1.682000
846,268237,13392,1.674000
847,268554,13456,1.682000
848,268870,13504,1.688000
849,269187,13440,1.680000
850,269504,13504,1.688000
851,269820,13456,1.682000
852,270138,13360,1.670000
853,270455,13424,1.678000
854,270771,13424,1.678000
855,271089,13392,1.674000
856,271405,13376,1.672000
857,271722,13360,1.670000
858,272038,13280,1.660000
859,272356,13344,1.668000
860,272673,13376,1.672000
861,272990,13360,1.670000
862,273307,13408,1.676000
863,273624,13296,1.662000
864,273940,13264,1.658000
865,274256,13280,1.660000
866,274574,13200,1.650000
867,274891,13216,1.652000
868,275208,13344,1.668000
869,275525,13360,1.670000
870,275841,13360,1.670000
871,276158,13328,1.666000
872,276475,13328,1.666000
873,276792,13248,1.656000
874,277109,13312,1.664000
875,277425,13296,1.662000
876,277743,13408,1.676000
877,278059,13360,1.670000
878,278376,13424,1.678000
879,278693,13360,1.670000
880,279010,13360,1.670000
881,279327,13392,1.674000
882,279644,13408,1.676000
883,279961,13456,1.682000
884,280278,13440,1.680000
885,280594,13456,1.682000
886,280911,13440,1.680000
887,281228,13488,1.686000
888,281545,13520,1.690000
889,281862,13568,1.696000
890,282179,13504,1.688000
891,282496,13520,1.690000
892,282812,13456,1.682000
893,283129,13408,1.676000
894,283446,13408,1.676000
895,283763,13488,1.686000
896,284080,13552,1.694000
897,284396,13536,1.692000
898,284713,13536,1.692000
899,285030,13488,1.686000
900,285347,13408,1.676000
901,285664,13392,1.674000
902,285980,13376,1.672000
903,286297,13424,1.678000
904,286615,13392,1.674000
905,286932,13328,1.666000
906,287249,13424,1.678000
907,287565,13408,1.676000
908,287882,13408,1.676000
909,288199,13392,1.674000
910,288516,13408,1.676000
911,288833,13360,1.670000
912,289149,13280,1.660000
913,289466,13216,1.652000
914,289783,13264,1.658000
915,290100,13360,1.670000
916,290417,13392,1.674000
917,290734,13376,1.672000
918,291050,13344,1.668000
919,291367,13232,1.654000
920,291686,13216,1.652000
921,292002,13264,1.658000
922,292317,13344,1.668000
923,292635,13344,1.668000
924,292952,13408,1.676000
925,293269,13392,1.674000
926,293585,13344,1.668000
927,293903,13344,1.668000
928,294219,13280,1.660000
929,294536,13328,1.666000
930,294853,13360,1.670000
931,295169,13392,1.674000
932,295487,13376,1.672000
933,295804,13408,1.676000
934,296120,13440,1.680000
935,296437,13424,1.678000
936,296753,13424,1.678000
937,297071,13440,1.680000
938,297388,13504,1.688000
939,297705,13440,1.680000
940,298021,13376,1.672000
941,298339,13408,1.676000
942,298655,13456,1.682000
943,298972,13520,1.690000
944,299289,13600,1.700000
945,299606,13568,1.696000
946,299923,13520,1.690000
947,300240,13440,1.680000
948,300556,13408,1.676000
949,300873,13408,1.676000
950,301190,13472,1.684000
951,301507,13472,1.684000
952,301824,13584,1.698000
953,302141,13456,1.682000
954,302458,13504,1.688000
955,302775,13408,1.676000
956,303091,13392,1.674000
957,303409,13456,1.682000
958,303725,13424,1.678000
959,304042,13392,1.674000
960,304359,13392,1.674000
961,304675,13296,1.662000
962,304993,13392,1.674000
963,305309,13376,1.672000
964,305626,13408,1.676000
965,305943,13440,1.680000
966,306260,13328,1.666000
967,306576,13232,1.654000
968,306893,13232,1.654000
969,307211,13280,1.660000
970,307527,13328,1.666000
971,307844,13360,1.670000
972,308161,13392,1.674000
973,308478,13312,1.664000
974,308795,13328,1.666000
975,309112,13232,1.654000
976,309428,13216,1.652000
977,309745,13328,1.666000
978,310062,13376,1.672000
979,310379,13360,1.670000
980,310696,13376,1.672000
981,311013,13392,1.674000
982,311330,13328,1.666000
983,311646,13376,1.672000
984,311963,13408,1.676000
985,312280,13456,1.682000
986,312597,13424,1.678000
987,312914,13424,1.678000
988,313231,13360,1.670000
989,313548,13456,1.682000
990,313865,13440,1.680000
991,314182,13520,1.690000
992,314498,13504,1.688000
993,314815,13504,1.688000
994,315132,13504,1.688000
995,315449,13408,1.676000
996,315766,13392,1.674000
997,316082,13408,1.676000
998,316399,13520,1.690000
999,316716,13552,1.694000
1000,317032,13552,1.694000
1001,317350,13536,1.692000
1002,317667,13472,1.684000
1003,317984,13424,1.678000
1004,318301,13424,1.678000
1005,318617,13440,1.680000
1006,318934,13472,1.684000
1007,319251,13456,1.682000
1008,319568,13440,1.680000
1009,319885,13408,1.676000
1010,320202,13392,1.674000
1011,320518,13424,1.678000
1012,320835,13344,1.668000
1013,321152,13344,1.668000
1014,321469,13376,1.672000
1015,321786,13328,1.666000
1016,322103,13264,1.658000
1017,322420,13312,1.664000
1018,322736,13392,1.674000
1019,323054,13408,1.676000
1020,323371,13360,1.670000
1021,323686,13312,1.664000
1022,324004,13248,1.656000
1023,324321,13200,1.650000
1024,324638,13216,1.652000
1025,324954,13312,1.664000
1026,325272,13232,1.654000
1027,325588,13392,1.674000
1028,325905,13408,1.676000
1029,326222,13376,1.672000
1030,326539,13264,1.658000
1031,326856,13296,1.662000
1032,327173,13264,1.658000
1033,327489,13360,1.670000
1034,327806,13360,1.670000
1035,328123,13408,1.676000
1036,328440,13360,1.670000
1037,328757,13440,1.680000
1038,329074,13456,1.682000
1039,329390,13712,1.714000
1040,329707,13472,1.684000
1041,330024,13440,1.680000
1042,330341,13376,1.672000
1043,330658,13408,1.676000
1044,330975,13440,1.680000
1045,331292,13664,1.708000
1046,331609,13536,1.692000
1047,331925,13584,1.698000
1048,332242,13536,1.692000
1049,332559,13520,1.690000
1050,332876,13360,1.670000
1051,333193,13376,1.672000
1052,333510,13488,1.686000
1053,333826,13440,1.680000
1054,334144,13552,1.694000
1055,334461,13568,1.696000
1056,334777,13504,1.688000
1057,335094,13408,1.676000
1058,335411,13360,1.670000
1059,335728,13392,1.674000
1060,336045,13456,1.682000
1061,336362,13408,1.676000
1062,336678,13408,1.676000
1063,336995,13408,1.676000
1064,337312,13376,1.672000
1065,337629,13376,1.672000
1066,337945,13376,1.672000
1067,338262,13376,1.672000
1068,338580,13344,1.668000
1069,338897,13392,1.674000
1070,339213,13296,1.662000
1071,339530,13248,1.656000
1072,339847,13264,1.658000
1073,340163,13344,1.668000
1074,340481,13392,1.674000
1075,340797,13376,1.672000
1076,341115,13392,1.674000
1077,341432,13264,1.658000
1078,341748,13280,1.660000
1079,342065,13216,1.652000
1080,342382,13312,1.664000
1081,342699,13360,1.670000
1082,343015,13424,1.678000
1083,343332,13360,1.670000
1084,343649,13408,1.676000
1085,343966,13312,1.664000
1086,344283,13328,1.666000
1087,344600,13328,1.666000
1088,344917,13392,1.674000
1089,345234,13360,1.670000
1090,345550,13360,1.670000
1091,345868,13440,1.680000
1092,346185,13440,1.680000
1093,346501,13424,1.678000
1094,346817,13408,1.676000
1095,347135,13392,1.674000
1096,347451,13424,1.678000
1097,347769,13376,1.672000
1098,348085,13456,1.682000
1099,348402,13392,1.674000
1100,348719,13488,1.686000
1101,349036,13392,1.674000
1102,349353,13520,1.690000
1103,349669,13552,1.694000
1104,349986,13424,1.678000
1105,350303,13440,1.680000
1106,350620,13424,1.678000
1107,350937,13376,1.672000
1108,351254,13360,1.670000
1109,351571,13536,1.692000
1110,351888,13424,1.678000
1111,352205,13568,1.696000
1112,352521,13424,1.678000
1113,352838,13424,1.678000
1114,353155,13344,1.668000
1115,353472,13408,1.676000
1116,353789,13440,1.680000
1117,354106,13360,1.670000
1118,354423,13376,1.672000
1119,354739,13296,1.662000
1120,355056,13328,1.666000
1121,355373,13392,1.674000
1122,355690,13392,1.674000
1123,356007,13376,1.672000
1124,356324,13296,1.662000
1125,356640,13328,1.666000
1126,356958,13200,1.650000
1127,357275,13232,1.654000
1128,357591,13344,1.668000
1129,357908,13392,1.674000
1130,358225,13360,1.670000
1131,358542,13376,1.672000
1132,358858,13312,1.664000
1133,359176,13216,1.652000
1134,359492,13232,1.654000
1135,359809,13296,1.662000
1136,360126,13552,1.694000
1137,360443,13328,1.666000
1138,360760,13376,1.672000
1139,361076,13392,1.674000
1140,361393,13408,1.676000
1141,361710,13360,1.670000
1142,362027,13408,1.676000
1143,362344,13456,1.682000
1144,362661,13456,1.682000
1145,362977,13440,1.680000
1146,363295,13440,1.680000
1147,363612,13472,1.684000
1148,363928,13488,1.686000
1149,364245,13472,1.684000
1150,364562,13520,1.690000
1151,364879,13472,1.684000
1152,365196,13472,1.684000
1153,365512,13456,1.682000
1154,365829,13456,1.682000
1155,366146,13520,1.690000
1156,366463,13520,1.690000
1157,366780,13568,1.696000
1158,367097,13616,1.702000
1159,367414,13520,1.690000
1160,367730,13456,1.682000
1161,368048,13376,1.672000
1162,368365,13360,1.670000
1163,368685,13456,1.682000
1164,368998,13504,1.688000
1165,369315,13392,1.674000
1166,369632,13440,1.680000
1167,369949,13456,1.682000
1168,370266,13360,1.670000
1169,370582,13424,1.678000
1170,370899,13456,1.682000
1171,371216,13408,1.676000
1172,371533,13360,1.670000
1173,371850,13280,1.660000
1174,372166,13280,1.660000
1175,372484,13312,1.664000
1176,372800,13424,1.678000
1177,373117,13376,1.672000
1178,373434,13392,1.674000
1179,373751,13360,1.670000
1180,374068,13280,1.660000
1181,374385,13216,1.652000
1182,374701,13248,1.656000
1183,375019,13312,1.664000
1184,375335,13360,1.670000
1185,375652,13328,1.666000
1186,375968,13360,1.670000
1187,376286,13312,1.664000
1188,376603,13248,1.656000
1189,376919,13264,1.658000
1190,377236,13312,1.664000
1191,377553,13376,1.672000
1192,377870,13280,1.660000
1193,378187,13408,1.676000
1194,378504,13424,1.678000
1195,378821,13360,1.670000
1196,379137,13424,1.678000
1197,379455,13440,1.680000
1198,379771,13440,1.680000
1199,380088,13408,1.676000
1200,380405,13472,1.684000
1201,380722,13408,1.676000
1202,381039,13392,1.674000
1203,381356,13504,1.688000
1204,381672,13488,1.686000
1205,381989,13584,1.698000
1206,382306,13520,1.690000
1207,382623,13440,1.680000
1208,382939,13440,1.680000
1209,383257,13392,1.674000
1210,383574,13440,1.680000
1211,383890,13552,1.694000
1212,384207,13536,1.692000
1213,384524,13600,1.700000
1214,384841,13472,1.684000
1215,385158,13424,1.678000
1216,385475,13456,1.682000
1217,385791,13408,1.676000
1218,386109,13440,1.680000
1219,386425,13408,1.676000
1220,386742,13440,1.680000
1221,387059,13360,1.670000
1222,387376,13392,1.674000
1223,387693,13424,1.678000
1224,388009,13424,1.678000
1225,388326,13408,1.676000
1226,388643,13408,1.676000
1227,388960,13296,1.662000
1228,389277,13264,1.658000
1229,389594,13264,1.658000
1230,389911,13280,1.660000
1231,390228,13376,1.672000
1232,390544,13440,1.680000
1233,390861,13392,1.674000
1234,391178,13360,1.670000
1235,391495,13248,1.656000
1236,391812,13216,1.652000
1237,392129,13200,1.650000
1238,392445,13280,1.660000
1239,392762,13408,1.676000
1240,393079,13376,1.672000
1241,393396,13376,1.672000
1242,393712,13344,1.668000
1243,394030,13328,1.666000
1244,394347,13344,1.668000
1245,394663,13376,1.672000
1246,394980,13360,1.670000
1247,395298,13440,1.680000
1248,395614,13472,1.684000
1249,395931,13424,1.678000
1250,396248,13392,1.674000
1251,396565,13456,1.682000
1252,396881,13520,1.690000
1253,397198,13504,1.688000
1254,397516,13440,1.680000
1255,397832,13424,1.678000
1256,398149,13456,1.682000
1257,398465,13472,1.684000
1258,398783,13424,1.678000
1259,399100,13632,1.704000
1260,399416,13600,1.700000
1261,399734,13504,1.688000
1262,400050,13456,1.682000
1263,400367,13440,1.680000
1264,400687,13408,1.676000
1265,401001,13424,1.678000
1266,401318,13520,1.690000
1267,401634,13520,1.690000
1268,401951,13504,1.688000
1269,402268,13472,1.684000
1270,402585,13424,1.678000
1271,402902,13424,1.678000
1272,403219,13440,1.680000
1273,403536,13424,1.678000
1274,403852,13424,1.678000
1275,404169,13360,1.670000
1276,404487,13376,1.672000
1277,404803,13408,1.676000
1278,405120,13296,1.662000
1279,405437,13344,1.668000
1280,405753,13376,1.672000
1281,406071,13360,1.670000
1282,406388,13248,1.656000
1283,406704,13200,1.650000
1284,407021,13232,1.654000
1285,407338,13264,1.658000
1286,407655,13328,1.666000
1287,407971,13376,1.672000
1288,408289,13408,1.676000
1289,408605,13376,1.672000
1290,408922,13216,1.652000
1291,409239,13264,1.658000
1292,409556,13264,1.658000
1293,409873,13328,1.666000
1294,410190,13360,1.670000
1295,410506,13408,1.676000
1296,410824,13376,1.672000
1297,411140,13360,1.670000
1298,411457,13360,1.670000
1299,411774,13376,1.672000
1300,412091,13408,1.676000
1301,412408,13408,1.676000
1302,412725,13424,1.678000
1303,413041,13392,1.674000
1304,413359,13392,1.674000
1305,413675,13440,1.680000
1306,413992,13520,1.690000
1307,414309,13488,1.686000
1308,414626,13504,1.688000
1309,414942,13536,1.692000
1310,415259,13392,1.674000
1311,415576,13424,1.678000
1312,415893,13440,1.680000
1313,416210,13488,1.686000
1314,416527,13584,1.698000
1315,416843,13568,1.696000
1316,417161,13568,1.696000
1317,417477,13488,1.686000
1318,417794,13456,1.682000
1319,418110,13392,1.674000
1320,418428,13360,1.670000
1321,418745,13456,1.682000
1322,419061,13488,1.686000
1323,419378,13488,1.686000
1324,419696,13424,1.678000
1325,420012,13424,1.678000
1326,420329,13408,1.676000
1327,420646,13376,1.672000
1328,420963,13440,1.680000
1329,421280,13392,1.674000
1330,421597,13360,1.670000
1331,421914,13360,1.670000
1332,422230,13296,1.662000
1333,422548,13440,1.680000
1334,422864,13408,1.676000
1335,423181,13392,1.674000
1336,423498,13376,1.672000
1337,423815,13328,1.666000
1338,424131,13200,1.650000
1339,424448,13280,1.660000
1340,424766,13216,1.652000
1341,425082,13312,1.664000
1342,425399,13328,1.666000
1343,425716,13424,1.678000
1344,426033,13376,1.672000
1345,426349,13296,1.662000
1346,426666,13264,1.658000
1347,426983,13280,1.660000
1348,427300,13312,1.664000
1349,427617,13408,1.676000
1350,427934,13376,1.672000
1351,428251,13456,1.682000
1352,428567,13440,1.680000
1353,428884,13440,1.680000
1354,429201,13424,1.678000
1355,429518,13504,1.688000
1356,429835,13456,1.682000
1357,430151,13456,1.682000
1358,430469,13376,1.672000
1359,430785,13392,1.674000
1360,431103,13424,1.678000
1361,431419,13504,1.688000
1362,431736,13584,1.698000
1363,432053,13552,1.694000
1364,432369,13520,1.690000
1365,432686,13472,1.684000
1366,433004,13360,1.670000
1367,433321,13472,1.684000
1368,433637,13552,1.694000
1369,433954,13568,1.696000
1370,434271,13600,1.700000
1371,434588,13520,1.690000
1372,434904,13504,1.688000
1373,435221,13408,1.676000
1374,435538,13424,1.678000
1375,435855,13424,1.678000
1376,436172,13472,1.684000
1377,436488,13456,1.682000
1378,436806,13440,1.680000
1379,437123,13440,1.680000
1380,437439,13312,1.664000
1381,437757,13392,1.674000
1382,438073,13264,1.658000
1383,438390,13392,1.674000
1384,438707,13328,1.666000
1385,439024,13296,1.662000
1386,439341,13248,1.656000
1387,439658,13296,1.662000
1388,439974,13312,1.664000
1389,440291,13152,1.644000
1390,440608,13440,1.680000
1391,440925,13248,1.656000
1392,441242,13312,1.664000
1393,441559,13248,1.656000
1394,441875,13200,1.650000
1395,442192,13264,1.658000
1396,442509,13328,1.666000
1397,442826,13200,1.650000
1398,443143,13344,1.668000
1399,443460,13360,1.670000
1400,443776,13344,1.668000
1401,444094,13280,1.660000
1402,444410,13504,1.688000
1403,444727,13264,1.658000
1404,445044,13184,1.648000
1405,445361,13360,1.670000
1406,445678,13440,1.680000
1407,445994,13456,1.682000
1408,446312,13424,1.678000
1409,446628,13504,1.688000
1410,446945,13456,1.682000
1411,447262,13472,1.684000
1412,447579,13392,1.674000
1413,447896,13376,1.672000
1414,448213,13456,1.682000
1415,448530,13488,1.686000
1416,448846,13568,1.696000
1417,449163,13664,1.708000
1418,449480,13584,1.698000
1419,449797,13520,1.690000
1420,450114,13488,1.686000
1421,450431,13424,1.678000
1422,450748,13392,1.674000
1423,451064,13600,1.700000
1424,451382,13504,1.688000
1425,451698,13568,1.696000
1426,452015,13488,1.686000
1427,452332,13504,1.688000
1428,452649,13408,1.676000
1429,452966,13360,1.670000
1430,453283,13440,1.680000
1431,453599,13424,1.678000
1432,453916,13376,1.672000
1433,454233,13312,1.664000
1434,454550,13376,1.672000
1435,454867,13360,1.670000
1436,455184,13376,1.672000
1437,455501,13424,1.678000
1438,455817,13408,1.676000
1439,456134,13312,1.664000
1440,456451,13248,1.656000
1441,456768,13280,1.660000
1442,457085,13248,1.656000
1443,457402,13232,1.654000
1444,457718,13344,1.668000
1445,458035,13360,1.670000
1446,458352,13392,1.674000
1447,458669,13328,1.666000
1448,458986,13312,1.664000
1449,459303,13248,1.656000
1450,459620,13248,1.656000
1451,459936,13248,1.656000
1452,460253,13360,1.670000
1453,460570,13392,1.674000
1454,460887,13360,1.670000
1455,461204,13376,1.672000
1456,461521,13328,1.666000
1457,461838,13360,1.670000
1458,462154,13408,1.676000
1459,462472,13408,1.676000
1460,462788,13552,1.694000
1461,463105,13392,1.674000
1462,463421,13360,1.670000
1463,463739,13440,1.680000
1464,464055,13536,1.692000
1465,464372,13632,1.704000
1466,464689,13552,1.694000
1467,465007,13488,1.686000
1468,465322,13440,1.680000
1469,465640,13360,1.670000
1470,465957,13456,1.682000
1471,466274,13488,1.686000
1472,466590,13552,1.694000
1473,466907,13504,1.688000
1474,467225,13536,1.692000
1475,467541,13584,1.698000
1476,467858,13408,1.676000
1477,468175,13488,1.686000
1478,468492,13472,1.684000
1479,468809,13264,1.658000
1480,469126,13488,1.686000
1481,469442,13536,1.692000
1482,469759,13408,1.676000
1483,470076,13408,1.676000
1484,470393,13376,1.672000
1485,470710,13424,1.678000
1486,471026,13408,1.676000
1487,471344,13376,1.672000
1488,471660,13344,1.668000
1489,471977,13296,1.662000
1490,472293,13312,1.664000
1491,472611,13328,1.666000
1492,472928,13392,1.674000
1493,473245,13312,1.664000
1494,473561,13248,1.656000
1495,473878,13312,1.664000
1496,474195,13216,1.652000
1497,474512,13232,1.654000
1498,474829,13280,1.660000
1499,475145,13328,1.666000
1500,475463,13392,1.674000
1501,475780,13376,1.672000
1502,476096,13344,1.668000
1503,476413,13328,1.666000
1504,476730,13280,1.660000
1505,477047,13264,1.658000
1506,477364,13296,1.662000
1507,477685,13392,1.674000
1508,477997,13392,1.674000
1509,478314,13344,1.668000
1510,478631,13408,1.676000
1511,478947,13376,1.672000
1512,479265,13424,1.678000
1513,479582,13488,1.686000
1514,479899,13376,1.672000
1515,480216,13456,1.682000
1516,480532,13376,1.672000
1517,480849,13360,1.670000
1518,481166,13440,1.680000
1519,481483,13552,1.694000
1520,481800,13504,1.688000
1521,482116,13616,1.702000
1522,482433,13456,1.682000
1523,482751,13472,1.684000
1524,483067,13392,1.674000
1525,483384,13376,1.672000
1526,483701,13456,1.682000
1527,484018,13552,1.694000
1528,484335,13584,1.698000
1529,484651,13504,1.688000
1530,484968,13440,1.680000
1531,485285,13456,1.682000
1532,485602,13376,1.672000
1533,485919,13376,1.672000
1534,486236,13472,1.684000
1535,486553,13472,1.684000
1536,486869,13392,1.674000
1537,487186,13440,1.680000
1538,487503,13392,1.674000
1539,487820,13408,1.676000
1540,488137,13392,1.674000
1541,488454,13408,1.676000
1542,488770,13312,1.664000
1543,489088,13280,1.660000
1544,489405,13328,1.666000
1545,489721,13232,1.654000
1546,490038,13312,1.664000
1547,490355,13392,1.674000
1548,490672,13440,1.680000
1549,490989,13360,1.670000
1550,491306,13328,1.666000
1551,491623,13264,1.658000
1552,491939,13200,1.650000
1553,492256,13232,1.654000
1554,492573,13280,1.660000
1555,492890,13376,1.672000
1556,493207,13408,1.676000
1557,493524,13328,1.666000
1558,493840,13264,1.658000
1559,494157,13328,1.666000
1560,494474,13360,1.670000
1561,494791,13344,1.668000
1562,495107,13360,1.670000
1563,495425,13360,1.670000
1564,495741,13392,1.674000
1565,496059,13408,1.676000
1566,496376,13440,1.680000
1567,496692,13536,1.692000
1568,497009,13520,1.690000
1569,497326,13504,1.688000
1570,497643,13424,1.678000
1571,497960,13408,1.676000
1572,498276,13392,1.674000
1573,498594,13456,1.682000
1574,498910,13520,1.690000
1575,499227,13568,1.696000
1576,499544,13632,1.704000
1577,499860,13504,1.688000
1578,500178,13456,1.682000
1579,500494,13360,1.670000
1580,500811,13456,1.682000
1581,501128,13440,1.680000
1582,501444,13520,1.690000
1583,501762,13504,1.688000
1584,502079,13520,1.690000
1585,502396,13504,1.688000
1586,502713,13456,1.682000
1587,503029,13408,1.676000
1588,503346,13360,1.670000
1589,503663,13376,1.672000
1590,503979,13344,1.668000
1591,504297,13376,1.672000
1592,504614,13360,1.670000
1593,504930,13312,1.664000
1594,505247,13344,1.668000
1595,505564,13456,1.682000
1596,505881,13424,1.678000
1597,506198,13328,1.666000
1598,506515,13264,1.658000
1599,506832,13248,1.656000
1600,507149,13280,1.660000
1601,507465,13328,1.666000
1602,507782,13392,1.674000
1603,508099,13392,1.674000
1604,508416,13376,1.672000
1605,508733,13296,1.662000
1606,509050,13264,1.658000
1607,509366,13248,1.656000
1608,509687,13216,1.652000
1609,510000,13392,1.674000
1610,510318,13360,1.670000
1611,510634,13392,1.674000
1612,510951,13424,1.678000
1613,511268,13392,1.674000
1614,511584,13376,1.672000
1615,511901,13376,1.672000
1616,512218,13392,1.674000
1617,512535,13456,1.682000
1618,512852,13456,1.682000
1619,513169,13392,1.674000
1620,513486,13456,1.682000
1621,513803,13456,1.682000
1622,514119,13552,1.694000
1623,514437,13520,1.690000
1624,514753,13552,1.694000
1625,515070,13424,1.678000
1626,515387,13408,1.676000
1627,515704,13440,1.680000
1628,516021,13424,1.678000
1629,516337,13552,1.694000
1630,516654,13616,1.702000
1631,516971,13584,1.698000
1632,517288,13568,1.696000
1633,517605,13488,1.686000
1634,517922,13344,1.668000
1635,518239,13424,1.678000
1636,518556,13424,1.678000
1637,518872,13504,1.688000
1638,519190,13488,1.686000
1639,519506,13456,1.682000
1640,519823,13424,1.678000
1641,520140,13392,1.674000
1642,520456,13376,1.672000
1643,520774,13344,1.668000
1644,521090,13424,1.678000
1645,521407,13360,1.670000
1646,521724,13344,1.668000
1647,522041,13264,1.658000
1648,522358,13296,1.662000
1649,522674,13360,1.670000
1650,522992,13408,1.676000
1651,523309,13408,1.676000
1652,523625,13296,1.662000
1653,523942,13280,1.660000
1654,524259,13216,1.652000
1655,524576,13216,1.652000
1656,524893,13280,1.660000
1657,525210,13360,1.670000
1658,525526,13424,1.678000
1659,525843,13424,1.678000
1660,526160,13312,1.664000
1661,526477,13296,1.662000
1662,526794,13248,1.656000
1663,527111,13296,1.662000
1664,527427,13376,1.672000
1665,527744,13392,1.674000
1666,528061,13392,1.674000
1667,528378,13408,1.676000
1668,528695,13392,1.674000
1669,529012,13472,1.684000
1670,529329,13504,1.688000
1671,529645,13456,1.682000
1672,529962,13456,1.682000
1673,530279,13392,1.674000
1674,530596,13408,1.676000
1675,530913,13408,1.676000
1676,531230,13456,1.682000
1677,531547,13584,1.698000
1678,531864,13632,1.704000
1679,532181,13632,1.704000
1680,532497,13488,1.686000
1681,532814,13440,1.680000
1682,533131,13408,1.676000
1683,533448,13472,1.684000
1684,533765,13488,1.686000
1685,534081,13856,1.732000
1686,534399,13568,1.696000
1687,534715,13520,1.690000
1688,535032,13392,1.674000
1689,535348,13504,1.688000
1690,535666,13424,1.678000
1691,535983,13552,1.694000
1692,536300,13440,1.680000
1693,536616,13424,1.678000
1694,536933,13392,1.674000
1695,537250,13376,1.672000
1696,537567,13408,1.676000
1697,537884,13408,1.676000
1698,538201,13408,1.676000
1699,538518,13328,1.666000
1700,538834,13296,1.662000
1701,539151,13280,1.660000
1702,539468,13296,1.662000
1703,539785,13264,1.658000
1704,540102,13232,1.654000
1705,540419,13344,1.668000
1706,540736,13376,1.672000
1707,541053,13376,1.672000
1708,541370,13360,1.670000
1709,541687,13200,1.650000
1710,542003,13184,1.648000
1711,542320,13312,1.664000
1712,542637,13360,1.670000
1713,542954,13408,1.676000
1714,543271,13392,1.674000
1715,543587,13376,1.672000
1716,543904,13360,1.670000
1717,544221,13328,1.666000
1718,544538,13376,1.672000
1719,544855,13360,1.670000
1720,545172,13328,1.666000
1721,545489,13424,1.678000
1722,545805,13360,1.670000
1723,546123,13408,1.676000
1724,546439,13536,1.692000
1725,546756,13504,1.688000
1726,547073,13456,1.682000
1727,547390,13536,1.692000
1728,547706,13440,1.680000
1729,548024,13408,1.676000
1730,548340,13376,1.672000
1731,548658,13488,1.686000
1732,548974,13536,1.692000
1733,549291,13552,1.694000
1734,549608,13504,1.688000
1735,549924,13520,1.690000
1736,550242,13472,1.684000
1737,550558,13408,1.676000
1738,550875,13440,1.680000
1739,551192,13408,1.676000
1740,551509,13472,1.684000
1741,551826,13376,1.672000
1742,552142,13568,1.696000
1743,552460,13456,1.682000
1744,552776,13408,1.676000
1745,553093,13392,1.674000
1746,553410,13328,1.666000
1747,553727,13200,1.650000
1748,554044,13328,1.666000
1749,554361,13328,1.666000
1750,554678,13328,1.666000
1751,554994,13408,1.676000
1752,555311,13344,1.668000
1753,555628,13408,1.676000
1754,555945,13232,1.654000
1755,556262,13344,1.668000
1756,556579,13232,1.654000
1757,556896,13248,1.656000
1758,557213,13264,1.658000
1759,557529,13312,1.664000
1760,557846,13328,1.666000
1761,558163,13424,1.678000
1762,558480,13424,1.678000
1763,558797,13344,1.668000
1764,559113,13296,1.662000
1765,559430,13232,1.654000
1766,559747,13360,1.670000
1767,560064,13504,1.688000
1768,560381,13344,1.668000
1769,560698,13456,1.682000
1770,561014,13456,1.682000
1771,561332,13408,1.676000
1772,561648,13344,1.668000
1773,561965,13488,1.686000
1774,562282,13408,1.676000
1775,562599,13536,1.692000
1776,562916,13360,1.670000
1777,563233,13328,1.666000
1778,563550,13376,1.672000
1779,563866,13472,1.684000
1780,564183,13472,1.684000
1781,564500,13616,1.702000
1782,564817,13584,1.698000
1783,565134,13440,1.680000
1784,565450,13376,1.672000
1785,565768,13392,1.674000
1786,566084,13472,1.684000
1787,566401,13568,1.696000
1788,566718,13584,1.698000
1789,567035,13520,1.690000
1790,567352,13488,1.686000
1791,567668,13440,1.680000
1792,567985,13424,1.678000
1793,568303,13424,1.678000
1794,568619,13360,1.670000
1795,568936,13440,1.680000
1796,569253,13504,1.688000
1797,569570,13424,1.678000
1798,569887,13392,1.674000
1799,570204,13376,1.672000
1800,570520,13408,1.676000
1801,570837,13392,1.674000
1802,571154,13424,1.678000
1803,571471,13344,1.668000
1804,571788,13296,1.662000
1805,572104,13280,1.660000
1806,572422,13360,1.670000
1807,572738,13360,1.670000
1808,573055,13376,1.672000
1809,573372,13408,1.676000
1810,573689,13296,1.662000
1811,574006,13264,1.658000
1812,574323,13216,1.652000
1813,574640,13216,1.652000
1814,574956,13328,1.666000
1815,575273,13392,1.674000
1816,575590,13328,1.666000
1817,575907,13344,1.668000
1818,576224,13344,1.668000
1819,576540,13296,1.662000
1820,576858,13264,1.658000
1821,577175,13296,1.662000
1822,577491,13376,1.672000
1823,577808,13360,1.670000
1824,578124,13408,1.676000
1825,578442,13456,1.682000
1826,578759,13392,1.674000
1827,579075,13472,1.684000
1828,579392,13424,1.678000
1829,579710,13440,1.680000
1830,580026,13456,1.682000
1831,580343,13472,1.684000
1832,580660,13440,1.680000
1833,580977,13472,1.684000
1834,581293,13536,1.692000
1835,581611,13552,1.694000
1836,581927,13536,1.692000
1837,582245,13520,1.690000
1838,582561,13504,1.688000
1839,582878,13408,1.676000
1840,583195,13408,1.676000
1841,583512,13408,1.676000
1842,583828,13488,1.686000
1843,584146,13520,1.690000
1844,584462,13456,1.682000
1845,584779,13488,1.686000
1846,585096,13440,1.680000
1847,585413,13392,1.674000
1848,585730,13440,1.680000
1849,586046,13376,1.672000
1850,586363,13408,1.676000
1851,586680,13392,1.674000
1852,586996,13408,1.676000
1853,587314,13408,1.676000
1854,587631,13392,1.674000
1855,587948,13376,1.672000
1856,588265,13328,1.666000
1857,588581,13360,1.670000
1858,588898,13312,1.664000
1859,589215,13296,1.662000
1860,589532,13296,1.662000
1861,589849,13296,1.662000
1862,590166,13312,1.664000
1863,590483,13360,1.670000
1864,590799,13376,1.672000
1865,591116,13344,1.668000
1866,591433,13264,1.658000
1867,591750,13232,1.654000
1868,592067,13216,1.652000
1869,592384,13328,1.666000
1870,592700,13360,1.670000
1871,593017,13408,1.676000
1872,593334,13376,1.672000
1873,593651,13392,1.674000
1874,593968,13328,1.666000
1875,594285,13328,1.666000
1876,594602,13344,1.668000
1877,594919,13328,1.666000
1878,595236,13360,1.670000
1879,595552,13376,1.672000
1880,595869,13456,1.682000
1881,596186,13408,1.676000
1882,596503,13456,1.682000
1883,596819,13472,1.684000
1884,597137,13520,1.690000
1885,597454,13456,1.682000
1886,597770,13456,1.682000
1887,598087,13392,1.674000
1888,598404,13424,1.678000
1889,598721,13536,1.692000
1890,599038,13536,1.692000
1891,599355,13584,1.698000
1892,599671,13568,1.696000
1893,599988,13520,1.690000
1894,600305,13392,1.674000
1895,600622,13344,1.668000
1896,600939,13424,1.678000
1897,601256,13488,1.686000
1898,601573,13504,1.688000
1899,601890,13520,1.690000
1900,602207,13456,1.682000
1901,602523,13472,1.684000
1902,602840,13424,1.678000
1903,603157,13328,1.666000
1904,603474,13392,1.674000
1905,603791,13392,1.674000
1906,604107,13376,1.672000
1907,604425,13408,1.676000
1908,604741,13312,1.664000
1909,605058,13376,1.672000
1910,605375,13408,1.676000
1911,605692,13424,1.678000
1912,606008,13296,1.662000
1913,606325,13312,1.664000
1914,606642,13232,1.654000
1915,606959,13200,1.650000
1916,607276,13264,1.658000
1917,607593,13312,1.664000
1918,607910,13392,1.674000
1919,608227,13392,1.674000
1920,608543,13360,1.670000
1921,608860,13296,1.662000
1922,609178,13264,1.658000
1923,609494,13264,1.658000
1924,609811,13280,1.660000
1925,610128,13408,1.676000
1926,610445,13376,1.672000
1927,610761,13424,1.678000
1928,611079,13440,1.680000
1929,611395,13360,1.670000
1930,611712,13392,1.674000
1931,612029,13328,1.666000
1932,612346,13392,1.674000
1933,612663,13408,1.676000
1934,612979,13408,1.676000
1935,613296,13408,1.676000
1936,613613,13456,1.682000
1937,613929,13552,1.694000
1938,614247,13520,1.690000
1939,614564,13504,1.688000
1940,614881,13504,1.688000
1941,615198,13456,1.682000
1942,615514,13392,1.674000
1943,615832,13424,1.678000
1944,616148,13408,1.676000
1945,616465,13584,1.698000
1946,616782,13632,1.704000
1947,617099,13552,1.694000
1948,617416,13504,1.688000
1949,617732,13472,1.684000
1950,618049,13456,1.682000
1951,618366,13312,1.664000
1952,618686,13456,1.682000
1953,619000,13520,1.690000
1954,619317,13456,1.682000
1955,619633,13488,1.686000
1956,619951,13472,1.684000
1957,620268,13376,1.672000
1958,620584,13344,1.668000
1959,620901,13392,1.674000
1960,621218,13360,1.670000
1961,621535,13376,1.672000
1962,621852,13312,1.664000
1963,622168,13280,1.660000
1964,622485,13312,1.664000
1965,622802,13328,1.666000
1966,623119,13344,1.668000
1967,623436,13376,1.672000
1968,623753,13280,1.660000
1969,624070,13280,1.660000
1970,624387,13248,1.656000
1971,624703,13200,1.650000
1972,625020,13328,1.666000
1973,625337,13392,1.674000
1974,625654,13392,1.674000
1975,625971,13376,1.672000
1976,626287,13312,1.664000
1977,626604,13232,1.654000
1978,626921,13280,1.660000
1979,627238,13376,1.672000
1980,627555,13360,1.670000
1981,627871,13424,1.678000
1982,628189,13360,1.670000
1983,628505,13424,1.678000
1984,628823,13440,1.680000
1985,629139,13472,1.684000
1986,629456,13424,1.678000
1987,629773,13440,1.680000
1988,630089,13424,1.678000
1989,630407,13392,1.674000
1990,630724,13408,1.676000
1991,631040,13408,1.676000
1992,631358,13248,1.656000
1993,631674,13552,1.694000
1994,631991,13600,1.700000
1995,632308,13568,1.696000
1996,632625,13520,1.690000
1997,632942,13456,1.682000
1998,633258,13408,1.676000
1999,633576,13392,1.674000
2000,633892,13504,1.688000
2001,634209,13568,1.696000
2002,634526,13552,1.694000
2003,634843,13520,1.690000
2004,635159,13440,1.680000
2005,635477,13424,1.678000
2006,635794,13424,1.678000
2007,636110,13408,1.676000
2008,636427,13424,1.678000
2009,636744,13456,1.682000
2010,637061,13408,1.676000
2011,637378,13424,1.678000
2012,637694,13456,1.682000
2013,638011,13408,1.676000
2014,638328,13424,1.678000
2015,638645,13328,1.666000
2016,638961,13280,1.660000
2017,639279,13296,1.662000
2018,639596,13296,1.662000
2019,639913,13280,1.660000
2020,640229,13360,1.670000
2021,640546,13408,1.676000
2022,640863,13360,1.670000
2023,641180,13296,1.662000
2024,641497,13264,1.658000
2025,641814,13200,1.650000
2026,642131,13264,1.658000
2027,642447,13296,1.662000
2028,642764,13520,1.690000
2029,643081,13392,1.674000
2030,643398,13376,1.672000
2031,643714,13376,1.672000
2032,644032,13344,1.668000
2033,644349,13296,1.662000
2034,644665,13376,1.672000
2035,644982,13680,1.710000
2036,645299,13408,1.676000
2037,645616,13424,1.678000
2038,645933,13392,1.674000
2039,646250,13408,1.676000
2040,646567,13456,1.682000
2041,646883,13536,1.692000
2042,647200,13440,1.680000
2043,647517,13472,1.684000
2044,647834,13440,1.680000
2045,648151,13344,1.668000
2046,648468,13472,1.684000
2047,648785,13456,1.682000
2048,649102,13552,1.694000
2049,649419,13584,1.698000
2050,649735,13664,1.708000
2051,650052,13456,1.682000
2052,650369,13472,1.684000
2053,650687,13344,1.668000
2054,651002,13360,1.670000
2055,651320,13456,1.682000
2056,651636,13520,1.690000
2057,651953,13536,1.692000
2058,652270,13488,1.686000
2059,652587,13440,1.680000
2060,652904,13424,1.678000
2061,653221,13392,1.674000
2062,653538,13440,1.680000
2063,653854,13200,1.650000
2064,654172,13392,1.674000
2065,654488,13360,1.670000
2066,654805,13376,1.672000
2067,655122,13296,1.662000
2068,655439,13360,1.670000
2069,655755,13344,1.668000
2070,656073,13440,1.680000
2071,656389,13296,1.662000
2072,656706,13232,1.654000
2073,657023,13232,1.654000
2074,657340,13264,1.658000
2075,657657,13328,1.666000
2076,657973,13344,1.668000
2077,658290,13360,1.670000
2078,658607,13280,1.660000
2079,658924,13328,1.666000
2080,659241,13248,1.656000
2081,659558,13280,1.660000
2082,659874,13296,1.662000
2083,660192,13328,1.666000
2084,660509,13456,1.682000
2085,660825,13408,1.676000
2086,661142,13312,1.664000
2087,661459,13392,1.674000
2088,661776,13344,1.668000
2089,662093,13376,1.672000
2090,662410,13424,1.678000
2091,662726,13376,1.672000
2092,663043,13456,1.682000
2093,663360,13376,1.672000
2094,663677,13424,1.678000
2095,663994,13472,1.684000
2096,664311,13552,1.694000
2097,664628,13472,1.684000
2098,664945,13536,1.692000
2099,665261,13520,1.690000
2100,665578,13440,1.680000
2101,665895,13424,1.678000
2102,666212,13472,1.684000
2103,666529,13536,1.692000
2104,666846,13600,1.700000
2105,667163,13584,1.698000
2106,667480,13456,1.682000
2107,667796,13456,1.682000
2108,668113,13424,1.678000
2109,668430,13392,1.674000
2110,668747,13472,1.684000
2111,669064,13472,1.684000
2112,669381,13568,1.696000
2113,669697,13488,1.686000
2114,670014,13408,1.676000
2115,670331,13440,1.680000
2116,670648,13392,1.674000
2117,670965,13440,1.680000
2118,671282,13360,1.670000
2119,671599,13344,1.668000
2120,671916,13312,1.664000
2121,672232,13344,1.668000
2122,672549,13296,1.662000
2123,672865,13424,1.678000
2124,673183,13408,1.676000
2125,673500,13456,1.682000
2126,673817,13328,1.666000
2127,674133,13200,1.650000
2128,674450,13248,1.656000
2129,674767,13232,1.654000
2130,675084,13328,1.666000
2131,675401,13392,1.674000
2132,675718,13392,1.674000
2133,676034,13392,1.674000
2134,676352,13408,1.676000
2135,676668,13280,1.660000
2136,676985,13264,1.658000
2137,677302,13296,1.662000
2138,677619,13312,1.664000
2139,677936,13440,1.680000
2140,678253,13456,1.682000
2141,678570,13440,1.680000
2142,678886,13392,1.674000
2143,679203,13472,1.684000
2144,679520,13456,1.682000
2145,679837,13472,1.684000
2146,680154,13408,1.676000
2147,680471,13408,1.676000
2148,680788,13456,1.682000
2149,681104,13472,1.684000
2150,681422,13536,1.692000
2151,681738,13536,1.692000
2152,682055,13568,1.696000
2153,682372,13552,1.694000
2154,682689,13424,1.678000
2155,683005,13440,1.680000
2156,683322,13424,1.678000
2157,683639,13408,1.676000
2158,683956,13536,1.692000
2159,684273,13552,1.694000
2160,684590,13504,1.688000
2161,684906,13472,1.684000
2162,685223,13440,1.680000
2163,685541,13456,1.682000
2164,685857,13408,1.676000
2165,686174,13408,1.676000
2166,686491,13408,1.676000
2167,686808,13440,1.680000
2168,687125,13424,1.678000
2169,687442,13392,1.674000
2170,687758,13376,1.672000
2171,688075,13408,1.676000
2172,688392,13328,1.666000
2173,688709,13296,1.662000
2174,689026,13312,1.664000
2175,689343,13264,1.658000
2176,689659,13248,1.656000
2177,689977,13312,1.664000
2178,690294,13376,1.672000
2179,690610,13392,1.674000
2180,690927,13376,1.672000
2181,691244,13296,1.662000
2182,691561,13264,1.658000
2183,691878,13152,1.644000
2184,692195,13296,1.662000
2185,692511,13376,1.672000
2186,692828,13440,1.680000
2187,693144,13408,1.676000
2188,693462,13376,1.672000
2189,693779,13344,1.668000
2190,694095,13264,1.658000
2191,694413,13296,1.662000
2192,694730,13328,1.666000
2193,695046,13392,1.674000
2194,695363,13328,1.666000
2195,695680,13376,1.672000
2196,695997,13488,1.686000
2197,696314,13488,1.686000
2198,696631,13472,1.684000
2199,696947,13552,1.694000
2200,697264,13536,1.692000
2201,697581,13472,1.684000
2202,697898,13424,1.678000
2203,698215,13408,1.676000
2204,698532,13440,1.680000
2205,698848,13552,1.694000
2206,699165,13600,1.700000
2207,699482,13568,1.696000
2208,699799,13536,1.692000
2209,700116,13488,1.686000
2210,700433,13392,1.674000
2211,700750,13360,1.670000
2212,701067,13456,1.682000
2213,701384,13536,1.692000
2214,701700,13440,1.680000
2215,702017,13536,1.692000
2216,702334,13456,1.682000
2217,702651,13456,1.682000
2218,702968,13376,1.672000
2219,703284,13360,1.670000
2220,703601,13392,1.674000
2221,703918,13392,1.674000
2222,704235,13360,1.670000
2223,704552,13312,1.664000
2224,704869,13360,1.670000
2225,705186,13344,1.668000
2226,705503,13360,1.670000
2227,705820,13376,1.672000
2228,706136,13328,1.666000
2229,706453,13312,1.664000
2230,706770,13216,1.652000
2231,707087,13248,1.656000
2232,707403,13280,1.660000
2233,707720,13344,1.668000
2234,708037,13408,1.676000
2235,708355,13408,1.676000
2236,708671,13344,1.668000
2237,708988,13296,1.662000
2238,709305,13216,1.652000
2239,709622,13280,1.660000
2240,709938,13312,1.664000
2241,710255,13344,1.668000
2242,710572,13360,1.670000
2243,710890,13440,1.680000
2244,711206,13392,1.674000
2245,711523,13328,1.666000
2246,711840,13424,1.678000
2247,712156,13376,1.672000
2248,712473,13392,1.674000
2249,712790,13376,1.672000
2250,713107,13392,1.674000
2251,713424,13472,1.684000
2252,713741,13472,1.684000
2253,714058,13488,1.686000
2254,714374,13552,1.694000
2255,714692,13520,1.690000
2256,715008,13488,1.686000
2257,715325,13440,1.680000
2258,715642,13440,1.680000
2259,715959,13408,1.676000
2260,716276,13488,1.686000
2261,716592,13520,1.690000
2262,716910,13552,1.694000
2263,717227,13504,1.688000
2264,717543,13488,1.686000
2265,717860,13456,1.682000
2266,718177,13392,1.674000
2267,718494,13408,1.676000
2268,718811,13456,1.682000
2269,719127,13504,1.688000
2270,719445,13488,1.686000
2271,719761,13392,1.674000
2272,720078,13408,1.676000
2273,720395,13472,1.684000
2274,720712,13440,1.680000
2275,721028,13376,1.672000
2276,721346,13344,1.668000
2277,721662,13312,1.664000
2278,721979,13344,1.668000
2279,722297,13312,1.664000
2280,722613,13360,1.670000
2281,722930,13392,1.674000
2282,723247,13328,1.666000
2283,723563,13360,1.670000
2284,723881,13312,1.664000
2285,724198,13296,1.662000
2286,724514,13216,1.652000
2287,724831,13184,1.648000
2288,725148,13328,1.666000
2289,725465,13360,1.670000
2290,725782,13424,1.678000
2291,726098,13376,1.672000
2292,726415,13264,1.658000
2293,726732,13232,1.654000
2294,727049,13280,1.660000
2295,727366,13376,1.672000
2296,727685,13408,1.676000
2297,728000,13408,1.676000
2298,728316,13360,1.670000
2299,728634,13376,1.672000
2300,728950,13376,1.672000
2301,729267,13472,1.684000
2302,729584,13488,1.686000
2303,729901,13472,1.684000
2304,730218,13440,1.680000
2305,730535,13344,1.668000
2306,730851,13392,1.674000
2307,731168,13472,1.684000
2308,731485,13472,1.684000
2309,731802,13584,1.698000
2310,732119,13584,1.698000
2311,732436,13536,1.692000
2312,732752,13408,1.676000
2313,733070,13408,1.676000
2314,733386,13376,1.672000
2315,733703,13504,1.688000
2316,734020,13456,1.682000
2317,734337,13536,1.692000
2318,734653,13552,1.694000
2319,734971,13520,1.690000
2320,735288,13392,1.674000
2321,735604,13440,1.680000
2322,735921,13216,1.652000
2323,736238,13392,1.674000
2324,736555,13376,1.672000
2325,736872,13440,1.680000
2326,737189,13360,1.670000
2327,737506,13376,1.672000
2328,737822,13376,1.672000
2329,738139,13408,1.676000
2330,738456,13360,1.670000
2331,738773,13216,1.652000
2332,739090,13264,1.658000
2333,739407,13248,1.656000
2334,739724,13296,1.662000
2335,740040,13632,1.704000
2336,740357,13392,1.674000
2337,740674,13232,1.654000
2338,740991,13360,1.670000
2339,741307,13312,1.664000
2340,741625,13264,1.658000
2341,741941,13248,1.656000
2342,742258,13216,1.652000
2343,742575,13344,1.668000
2344,742892,13472,1.684000
2345,743209,13440,1.680000
2346,743526,13360,1.670000
2347,743842,13376,1.672000
2348,744160,13312,1.664000
2349,744476,13296,1.662000
2350,744793,13536,1.692000
2351,745110,13376,1.672000
2352,745427,13456,1.682000
2353,745744,13392,1.674000
2354,746060,13440,1.680000
2355,746377,13408,1.676000
2356,746694,13456,1.682000
2357,747011,13568,1.696000
2358,747328,13472,1.684000
2359,747645,13488,1.686000
2360,747962,13408,1.676000
2361,748279,13408,1.676000
2362,748595,13440,1.680000
2363,748912,13424,1.678000
2364,749229,13600,1.700000
2365,749546,13632,1.704000
2366,749863,13584,1.698000
2367,750180,13424,1.678000
2368,750497,13424,1.678000
2369,750813,13392,1.674000
2370,751130,13392,1.674000
2371,751447,13520,1.690000
2372,751764,13536,1.692000
2373,752081,13488,1.686000
2374,752398,13456,1.682000
2375,752714,13408,1.676000
2376,753032,13376,1.672000
2377,753349,13440,1.680000
2378,753665,13376,1.672000
2379,753982,13376,1.672000
2380,754299,13376,1.672000
2381,754616,13312,1.664000
2382,754933,13312,1.664000
2383,755250,13360,1.670000
2384,755566,13392,1.674000
2385,755883,13408,1.676000
2386,756200,13344,1.668000
2387,756517,13248,1.656000
2388,756834,13152,1.644000
2389,757151,13264,1.658000
2390,757467,13232,1.654000
2391,757784,13376,1.672000
2392,758101,13392,1.674000
2393,758418,13392,1.674000
2394,758734,13344,1.668000
2395,759052,13280,1.660000
2396,759369,13200,1.650000
2397,759687,13248,1.656000
2398,760003,13344,1.668000
2399,760319,13344,1.668000
2400,760636,13280,1.660000
2401,760952,13408,1.676000
2402,761270,13376,1.672000
2403,761587,13344,1.668000
2404,761904,13344,1.668000
2405,762221,13424,1.678000
2406,762537,13376,1.672000
2407,762854,13392,1.674000
2408,763171,13440,1.680000
2409,763488,13408,1.676000
2410,763805,13440,1.680000
2411,764121,13520,1.690000
2412,764439,13568,1.696000
2413,764755,13552,1.694000
2414,765072,13520,1.690000
2415,765389,13296,1.662000
2416,765705,13424,1.678000
2417,766023,13456,1.682000
2418,766340,13552,1.694000
2419,766656,13648,1.706000
2420,766973,13616,1.702000
2421,767291,13552,1.694000
2422,767607,13488,1.686000
2423,767924,13408,1.676000
2424,768241,13376,1.672000
2425,768557,13424,1.678000
2426,768874,13472,1.684000
2427,769191,13456,1.682000
2428,769508,13424,1.678000
2429,769825,13424,1.678000
2430,770142,13408,1.676000
2431,770459,13408,1.676000
2432,770776,13424,1.678000
2433,771092,13392,1.674000
2434,771409,13312,1.664000
2435,771726,13392,1.674000
2436,772043,13296,1.662000
2437,772360,13328,1.666000
2438,772676,13392,1.674000
2439,772994,13392,1.674000
2440,773311,13424,1.678000
2441,773627,13296,1.662000
2442,773944,13264,1.658000
2443,774261,13232,1.654000
2444,774578,13216,1.652000
2445,774895,13280,1.660000
2446,775212,13312,1.664000
2447,775529,13408,1.676000
2448,775845,13360,1.670000
2449,776162,13376,1.672000
2450,776480,13296,1.662000
2451,776796,13264,1.658000
2452,777113,13248,1.656000
2453,777430,13328,1.666000
2454,777747,13360,1.670000
2455,778063,13376,1.672000
2456,778380,13328,1.666000
2457,778697,13376,1.672000
2458,779014,13424,1.678000
2459,779331,13456,1.682000
2460,779648,13488,1.686000
2461,779965,13488,1.686000
2462,780281,13424,1.678000
2463,780598,13392,1.674000
2464,780915,13376,1.672000
2465,781231,13456,1.682000
2466,781549,13600,1.700000
2467,781866,13536,1.692000
2468,782182,13552,1.694000
2469,782499,13552,1.694000
2470,782816,13440,1.680000
2471,783133,13472,1.684000
2472,783449,13408,1.676000
2473,783767,13472,1.684000
2474,784084,13536,1.692000
2475,784401,13552,1.694000
2476,784717,13552,1.694000
2477,785034,13488,1.686000
2478,785351,13376,1.672000
2479,785668,13360,1.670000
2480,785985,13456,1.682000
2481,786302,13456,1.682000
2482,786618,13424,1.678000
2483,786935,13456,1.682000
2484,787253,13424,1.678000
2485,787569,13344,1.668000
2486,787886,13376,1.672000
2487,788203,13360,1.670000
2488,788520,13392,1.674000
2489,788837,13280,1.660000
2490,789153,13312,1.664000
2491,789470,13248,1.656000
2492,789787,13296,1.662000
2493,790104,13360,1.670000
2494,790421,13344,1.668000
2495,790738,13408,1.676000
2496,791055,13328,1.666000
2497,791372,13216,1.652000
2498,791688,13216,1.652000
2499,792006,13328,1.666000
2500,792322,13232,1.654000
2501,792639,13344,1.668000
2502,792956,13440,1.680000
2503,793273,13392,1.674000
2504,793589,13424,1.678000
2505,793906,13328,1.666000
2506,794224,13328,1.666000
2507,794540,13360,1.670000
2508,794857,13360,1.670000
2509,795174,13424,1.678000
2510,795491,13424,1.678000
2511,795808,13408,1.676000
2512,796124,13328,1.666000
2513,796441,13472,1.684000
2514,796758,13520,1.690000
2515,797075,13504,1.688000
2516,797392,13536,1.692000
2517,797709,13392,1.674000
2518,798026,13376,1.672000
2519,798343,13360,1.670000
2520,798659,13440,1.680000
2521,798976,13552,1.694000
2522,799293,13552,1.694000
2523,799610,13584,1.698000
2524,799927,13568,1.696000
2525,800244,13440,1.680000
2526,800561,13376,1.672000
2527,800877,13440,1.680000
2528,801194,13488,1.686000
2529,801511,13536,1.692000
2530,801828,13568,1.696000
2531,802145,13536,1.692000
2532,802461,13392,1.674000
2533,802778,13376,1.672000
2534,803095,13376,1.672000
2535,803412,13424,1.678000
2536,803729,13424,1.678000
2537,804046,13360,1.670000
2538,804363,13344,1.668000
2539,804680,13328,1.666000
2540,804997,13328,1.666000
2541,805314,13376,1.672000
2542,805630,13376,1.672000
2543,805947,13440,1.680000
2544,806263,13312,1.664000
2545,806581,13248,1.656000
2546,806898,13216,1.652000
2547,807215,13248,1.656000
2548,807532,13280,1.660000
2549,807848,13328,1.666000
2550,808165,13360,1.670000
2551,808482,13392,1.674000
2552,808799,13280,1.660000
2553,809116,13232,1.654000
2554,809433,13216,1.652000
2555,809749,13248,1.656000
2556,810067,13360,1.670000
2557,810383,13408,1.676000
2558,810700,13408,1.676000
2559,811017,13376,1.672000
2560,811334,13312,1.664000
2561,811650,13424,1.678000
2562,811967,13408,1.676000
2563,812284,13392,1.674000
2564,812601,13424,1.678000
2565,812918,13424,1.678000
2566,813235,13376,1.672000
2567,813552,13440,1.680000
2568,813868,13424,1.678000
2569,814186,13536,1.692000
2570,814503,13520,1.690000
2571,814819,13552,1.694000
2572,815136,13472,1.684000
2573,815452,13440,1.680000
2574,815770,13392,1.674000
2575,816087,13472,1.684000
2576,816403,13552,1.694000
2577,816720,13568,1.696000
2578,817038,13552,1.694000
2579,817354,13520,1.690000
2580,817671,13440,1.680000
2581,817988,13408,1.676000
2582,818305,13408,1.676000
2583,818622,13456,1.682000
2584,818938,13440,1.680000
2585,819255,13456,1.682000
2586,819572,13472,1.684000
2587,819889,13376,1.672000
2588,820206,13408,1.676000
2589,820522,13392,1.674000
2590,820839,13392,1.674000
2591,821157,13376,1.672000
2592,821473,13328,1.666000
2593,821790,13344,1.668000
2594,822107,13296,1.662000
2595,822424,13344,1.668000
2596,822741,13392,1.674000
2597,823057,13360,1.670000
2598,823374,13408,1.676000
2599,823691,13344,1.668000
2600,824008,13232,1.654000
2601,824325,13200,1.650000
2602,824641,13248,1.656000
2603,824959,13312,1.664000
2604,825276,13296,1.662000
2605,825592,13456,1.682000
2606,825909,13456,1.682000
2607,826226,13344,1.668000
2608,826542,13280,1.660000
2609,826860,13280,1.660000
2610,827176,13456,1.682000
2611,827494,13344,1.668000
2612,827810,13376,1.672000
2613,828127,13392,1.674000
2614,828444,13408,1.676000
2615,828761,13408,1.676000
2616,829078,13456,1.682000
2617,829395,13488,1.686000
2618,829712,13424,1.678000
2619,830028,13440,1.680000
2620,830345,13424,1.678000
2621,830662,13408,1.676000
2622,830979,13424,1.678000
2623,831295,13328,1.666000
2624,831613,13520,1.690000
2625,831929,13536,1.692000
2626,832246,13552,1.694000
2627,832563,13488,1.686000
2628,832881,13440,1.680000
2629,833197,13248,1.656000
2630,833514,13488,1.686000
2631,833831,13312,1.664000
2632,834147,13536,1.692000
2633,834464,13568,1.696000
2634,834781,13472,1.684000
2635,835098,13456,1.682000
2636,835415,13408,1.676000
2637,835732,13456,1.682000
2638,836048,13200,1.650000
2639,836366,13440,1.680000
2640,836686,13456,1.682000
2641,836999,13392,1.674000
2642,837317,13328,1.666000
2643,837633,13392,1.674000
2644,837950,13168,1.646000
2645,838267,13360,1.670000
2646,838583,13360,1.670000
2647,838900,13248,1.656000
2648,839217,13280,1.660000
2649,839534,13280,1.660000
2650,839851,13264,1.658000
2651,840168,13312,1.664000
2652,840485,13312,1.664000
2653,840802,13376,1.672000
2654,841118,13344,1.668000
2655,841435,13232,1.654000
2656,841753,13184,1.648000
2657,842069,13168,1.646000
2658,842386,13296,1.662000
2659,842703,13344,1.668000
2660,843019,13376,1.672000
2661,843337,13360,1.670000
2662,843653,13344,1.668000
2663,843970,13360,1.670000
2664,844286,13376,1.672000
2665,844604,13408,1.676000
2666,844921,13376,1.672000
2667,845238,13328,1.666000
2668,845554,13424,1.678000
2669,845871,13440,1.680000
2670,846188,13424,1.678000
2671,846505,13504,1.688000
2672,846822,13504,1.688000
2673,847139,13440,1.680000
2674,847456,13424,1.678000
2675,847773,13488,1.686000
2676,848089,13440,1.680000
2677,848406,13440,1.680000
2678,848723,13488,1.686000
2679,849040,13520,1.690000
2680,849357,13568,1.696000
2681,849673,13472,1.684000
2682,849991,13504,1.688000
2683,850307,13472,1.684000
2684,850624,13408,1.676000
2685,850941,13392,1.674000
2686,851257,13504,1.688000
2687,851575,13584,1.698000
2688,851892,13520,1.690000
2689,852209,13520,1.690000
2690,852525,13440,1.680000
2691,852842,13344,1.668000
2692,853159,13408,1.676000
2693,853476,13344,1.668000
2694,853793,13520,1.690000
2695,854109,13424,1.678000
2696,854427,13312,1.664000
2697,854743,13408,1.676000
2698,855060,13312,1.664000
2699,855377,13376,1.672000
2700,855694,13344,1.668000
2701,856011,13328,1.666000
2702,856328,13440,1.680000
2703,856645,13216,1.652000
2704,856962,13184,1.648000
2705,857279,13232,1.654000
2706,857595,13296,1.662000
2707,857912,13232,1.654000
2708,858229,13408,1.676000
2709,858546,13424,1.678000
2710,858862,13296,1.662000
2711,859180,13264,1.658000
2712,859497,13248,1.656000
2713,859813,13280,1.660000
2714,860130,13344,1.668000
2715,860447,13312,1.664000
2716,860764,13408,1.676000
2717,861081,13376,1.672000
2718,861397,13392,1.674000
2719,861714,13392,1.674000
2720,862032,13360,1.670000
2721,862348,13424,1.678000
2722,862665,13312,1.664000
2723,862982,13408,1.676000
2724,863299,13344,1.668000
2725,863615,13456,1.682000
2726,863932,13520,1.690000
2727,864250,13504,1.688000
2728,864566,13600,1.700000
2729,864883,13520,1.690000
2730,865200,13456,1.682000
2731,865517,13376,1.672000
2732,865833,13392,1.674000
2733,866151,13472,1.684000
2734,866467,13520,1.690000
2735,866784,13584,1.698000
2736,867101,13552,1.694000
2737,867418,13504,1.688000
2738,867735,13392,1.674000
2739,868051,13392,1.674000
2740,868369,13424,1.678000
2741,868686,13504,1.688000
2742,869002,13488,1.686000
2743,869319,13504,1.688000
2744,869636,13440,1.680000
2745,869953,13424,1.678000
2746,870269,13392,1.674000
2747,870586,13392,1.674000
2748,870903,13408,1.676000
2749,871220,13392,1.674000
2750,871537,13376,1.672000
2751,871854,13216,1.652000
2752,872171,13280,1.660000
2753,872488,13344,1.668000
2754,872804,13344,1.668000
2755,873121,13424,1.678000
2756,873438,13360,1.670000
2757,873755,13328,1.666000
2758,874072,13280,1.660000
2759,874389,13232,1.654000
2760,874705,13216,1.652000
2761,875023,13328,1.666000
2762,875339,13376,1.672000
2763,875656,13392,1.674000
2764,875973,13424,1.678000
2765,876290,13312,1.664000
2766,876606,13296,1.662000
2767,876924,13232,1.654000
2768,877241,13328,1.666000
2769,877557,13376,1.672000
2770,877875,13440,1.680000
2771,878191,13456,1.682000
2772,878508,13408,1.676000
2773,878825,13440,1.680000
2774,879142,13440,1.680000
2775,879459,13472,1.684000
2776,879775,13504,1.688000
2777,880092,13392,1.674000
2778,880409,13440,1.680000
2779,880726,13440,1.680000
2780,881043,13392,1.674000
2781,881360,13456,1.682000
2782,881676,13568,1.696000
2783,881993,13568,1.696000
2784,882310,13472,1.684000
2785,882627,13376,1.672000
2786,882944,13488,1.686000
2787,883261,13456,1.682000
2788,883578,13440,1.680000
2789,883895,13568,1.696000
2790,884212,13584,1.698000
2791,884528,13568,1.696000
2792,884845,13456,1.682000
2793,885162,13440,1.680000
2794,885479,13376,1.672000
2795,885796,13392,1.674000
2796,886112,13376,1.672000
2797,886430,13520,1.690000
2798,886746,13424,1.678000
2799,887063,13360,1.670000
2800,887380,13392,1.674000
2801,887697,13408,1.676000
2802,888013,13456,1.682000
2803,888330,13392,1.674000
2804,888647,13360,1.670000
2805,888964,13296,1.662000
2806,889281,13248,1.656000
2807,889598,13248,1.656000
2808,889915,13280,1.660000
2809,890232,13392,1.674000
2810,890548,13408,1.676000
2811,890866,13360,1.670000
2812,891182,13392,1.674000
2813,891499,13232,1.654000
2814,891816,13232,1.654000
2815,892133,13216,1.652000
2816,892450,13264,1.658000
2817,892766,13344,1.668000
2818,893084,13376,1.672000
2819,893400,13408,1.676000
2820,893717,13392,1.674000
2821,894033,13328,1.666000
2822,894351,13296,1.662000
2823,894668,13360,1.670000
2824,894985,13344,1.668000
2825,895302,13424,1.678000
2826,895618,13392,1.674000
2827,895935,13392,1.674000
2828,896252,13520,1.690000
2829,896569,13456,1.682000
2830,896886,13472,1.684000
2831,897203,13472,1.684000
2832,897519,13440,1.680000
2833,897836,13456,1.682000
2834,898153,13392,1.674000
2835,898470,13424,1.678000
2836,898786,13568,1.696000
2837,899104,13536,1.692000
2838,899420,13632,1.704000
2839,899738,13520,1.690000
2840,900054,13552,1.694000
2841,900371,13504,1.688000
2842,900688,13408,1.676000
2843,901005,13424,1.678000
2844,901322,13488,1.686000
2845,901639,13552,1.694000
2846,901955,13520,1.690000
2847,902272,13472,1.684000
2848,902589,13440,1.680000
2849,902906,13424,1.678000
2850,903223,13440,1.680000
2851,903540,13456,1.682000
2852,903857,13376,1.672000
2853,904173,13280,1.660000
2854,904490,13328,1.666000
2855,904807,13312,1.664000
2856,905124,13392,1.674000
2857,905441,13360,1.670000
2858,905757,13408,1.676000
2859,906075,13344,1.668000
2860,906392,13328,1.666000
2861,906708,13248,1.656000
2862,907025,13200,1.650000
2863,907342,13264,1.658000
2864,907659,13408,1.676000
2865,907976,13360,1.670000
2866,908292,13408,1.676000
2867,908609,13344,1.668000
2868,908926,13280,1.660000
2869,909243,13232,1.654000
2870,909560,13280,1.660000
2871,909877,13328,1.666000
2872,910194,13344,1.668000
2873,910511,13392,1.674000
2874,910827,13408,1.676000
2875,911145,13376,1.672000
2876,911461,13344,1.668000
2877,911778,13440,1.680000
2878,912094,13392,1.674000
2879,912412,13424,1.678000
2880,912728,13376,1.672000
2881,913046,13408,1.676000
2882,913362,13392,1.674000
2883,913680,13392,1.674000
2884,913996,13488,1.686000
2885,914313,13504,1.688000
2886,914630,13520,1.690000
2887,914947,13504,1.688000
2888,915264,13392,1.674000
2889,915580,13408,1.676000
2890,915897,13392,1.674000
2891,916214,13488,1.686000
2892,916531,13552,1.694000
2893,916848,13584,1.698000
2894,917165,13536,1.692000
2895,917481,13488,1.686000
2896,917798,13408,1.676000
2897,918115,13408,1.676000
2898,918432,13376,1.672000
2899,918749,13456,1.682000
2900,919066,13504,1.688000
2901,919383,13488,1.686000
2902,919699,13456,1.682000
2903,920017,13408,1.676000
2904,920334,13456,1.682000
2905,920650,13440,1.680000
2906,920967,13152,1.644000
2907,921284,13328,1.666000
2908,921601,13296,1.662000
2909,921917,13280,1.660000
2910,922234,13232,1.654000
2911,922551,13344,1.668000
2912,922869,13472,1.684000
2913,923185,13392,1.674000
2914,923502,13408,1.676000
2915,923819,13264,1.658000
2916,924136,13216,1.652000
2917,924452,13216,1.652000
2918,924770,13184,1.648000
2919,925086,13616,1.702000
2920,925403,13440,1.680000
2921,925720,13408,1.676000
2922,926037,13392,1.674000
2923,926353,13360,1.670000
2924,926671,13296,1.662000
2925,926987,13488,1.686000
2926,927304,13248,1.656000
2927,927621,13360,1.670000
2928,927938,13360,1.670000
2929,928255,13360,1.670000
2930,928571,13360,1.670000
2931,928888,13424,1.678000
2932,929205,13424,1.678000
2933,929522,13392,1.674000
2934,929839,13440,1.680000
2935,930156,13408,1.676000
2936,930473,13392,1.674000
2937,930790,13360,1.670000
2938,931106,13408,1.676000
2939,931423,13488,1.686000
2940,931740,13552,1.694000
2941,932057,13552,1.694000
2942,932374,13536,1.692000
2943,932691,13424,1.678000
2944,933007,13376,1.672000
2945,933325,13376,1.672000
2946,933641,13424,1.678000
2947,933959,13504,1.688000
2948,934274,13600,1.700000
2949,934592,13520,1.690000
2950,934909,13520,1.690000
2951,935226,13456,1.682000
2952,935543,13344,1.668000
2953,935859,13408,1.676000
2954,936177,13424,1.678000
2955,936493,13408,1.676000
2956,936810,13440,1.680000
2957,937127,13392,1.674000
2958,937444,13424,1.678000
2959,937760,13360,1.670000
2960,938077,13376,1.672000
2961,938394,13376,1.672000
2962,938711,13312,1.664000
2963,939028,13280,1.660000
2964,939345,13248,1.656000
2965,939662,13248,1.656000
2966,939978,13344,1.668000
2967,940296,13360,1.670000
2968,940612,13312,1.664000
2969,940929,13328,1.666000
2970,941246,13328,1.666000
2971,941563,13232,1.654000
2972,941880,13184,1.648000
2973,942197,13200,1.650000
2974,942513,13360,1.670000
2975,942831,13120,1.640000
2976,943147,13408,1.676000
2977,943464,13392,1.674000
2978,943781,13344,1.668000
2979,944098,13328,1.666000
2980,944415,13312,1.664000
2981,944732,13216,1.652000
2982,945048,13408,1.676000
2983,945365,13376,1.672000
2984,945685,13392,1.674000
2985,945999,13408,1.676000
2986,946316,13504,1.688000
2987,946632,13488,1.686000
2988,946950,13440,1.680000
2989,947267,13520,1.690000
2990,947583,13568,1.696000
2991,947900,13424,1.678000
2992,948217,13424,1.678000
2993,948534,13456,1.682000
2994,948851,13616,1.702000
2995,949168,13584,1.698000
2996,949485,13648,1.706000
2997,949801,13568,1.696000
2998,950118,13520,1.690000
2999,950434,13408,1.676000
3000,950752,13392,1.674000
3001,951069,13488,1.686000
3002,951386,13472,1.684000
3003,951702,13600,1.700000
3004,952019,13520,1.690000
3005,952336,13488,1.686000
3006,952653,13440,1.680000
3007,952970,13424,1.678000
3008,953287,13344,1.668000
3009,953603,13472,1.684000
3010,953920,13360,1.670000
3011,954238,13328,1.666000
3012,954554,13392,1.674000
3013,954871,13392,1.674000
3014,955188,13328,1.666000
3015,955505,13376,1.672000
3016,955822,13392,1.674000
3017,956139,13312,1.664000
3018,956455,13280,1.660000
3019,956772,13200,1.650000
3020,957089,13200,1.650000
3021,957406,13264,1.658000
3022,957723,13344,1.668000
3023,958039,13392,1.674000
3024,958356,13408,1.676000
3025,958673,13360,1.670000
3026,958990,13280,1.660000
3027,959307,13216,1.652000
3028,959624,13296,1.662000
3029,959941,13296,1.662000
3030,960258,13360,1.670000
3031,960575,13376,1.672000
3032,960891,13344,1.668000
3033,961208,13344,1.668000
3034,961525,13312,1.664000
3035,961842,13344,1.668000
3036,962159,13376,1.672000
3037,962476,13488,1.686000
3038,962792,13424,1.678000
3039,963109,13360,1.670000
3040,963426,13456,1.682000
3041,963743,13424,1.678000
3042,964059,13440,1.680000
3043,964377,13504,1.688000
3044,964694,13568,1.696000
3045,965011,13472,1.684000
3046,965328,13440,1.680000
3047,965644,13360,1.670000
3048,965961,13440,1.680000
3049,966278,13520,1.690000
3050,966595,13520,1.690000
3051,966912,13568,1.696000
3052,967228,13440,1.680000
3053,967546,13456,1.682000
3054,967862,13408,1.676000
3055,968179,13392,1.674000
3056,968496,13424,1.678000
3057,968813,13456,1.682000
3058,969130,13456,1.682000
3059,969447,13456,1.682000
3060,969763,13472,1.684000
3061,970080,13392,1.674000
3062,970397,13344,1.668000
3063,970713,13408,1.676000
3064,971031,13376,1.672000
3065,971348,13424,1.678000
3066,971665,13296,1.662000
3067,971981,13216,1.652000
3068,972298,13296,1.662000
3069,972615,13360,1.670000
3070,972932,13360,1.670000
3071,973249,13408,1.676000
3072,973566,13296,1.662000
3073,973883,13296,1.662000
3074,974200,13248,1.656000
3075,974516,13184,1.648000
3076,974833,13280,1.660000
3077,975150,13360,1.670000
3078,975467,13424,1.678000
3079,975784,13392,1.674000
3080,976100,13408,1.676000
3081,976418,13232,1.654000
3082,976734,13264,1.658000
3083,977051,13264,1.658000
3084,977368,13328,1.666000
3085,977686,13360,1.670000
3086,978002,13392,1.674000
3087,978319,13360,1.670000
3088,978636,13424,1.678000
3089,978952,13440,1.680000
3090,979269,13440,1.680000
3091,979586,13424,1.678000
3092,979902,13424,1.678000
3093,980220,13328,1.666000
3094,980537,13408,1.676000
3095,980853,13408,1.676000
3096,981170,13424,1.678000
3097,981487,13568,1.696000
3098,981804,13632,1.704000
3099,982121,13536,1.692000
3100,982438,13472,1.684000
3101,982754,13456,1.682000
3102,983072,13392,1.674000
3103,983389,13408,1.676000
3104,983705,13472,1.684000
3105,984022,13584,1.698000
3106,984339,13536,1.692000
3107,984656,13520,1.690000
3108,984973,13488,1.686000
3109,985289,13376,1.672000
3110,985607,13408,1.676000
3111,985923,13360,1.670000
3112,986241,13472,1.684000
3113,986557,13344,1.668000
3114,986874,13456,1.682000
3115,987191,13392,1.674000
3116,987508,13376,1.672000
3117,987825,13360,1.670000
3118,988141,13424,1.678000
3119,988458,13376,1.672000
3120,988775,13312,1.664000
3121,989092,13264,1.658000
3122,989409,13296,1.662000
3123,989726,13264,1.658000
3124,990043,13280,1.660000
3125,990360,13376,1.672000
3126,990676,13440,1.680000
3127,990993,13392,1.674000
3128,991310,13312,1.664000
3129,991627,13216,1.652000
3130,991944,13280,1.660000
3131,992261,13216,1.652000
3132,992577,13360,1.670000
3133,992895,13328,1.666000
3134,993211,13408,1.676000
3135,993528,13360,1.670000
3136,993845,13392,1.674000
3137,994161,13280,1.660000
3138,994479,13312,1.664000
3139,994795,13424,1.678000
3140,995112,13376,1.672000
3141,995429,13376,1.672000
3142,995746,13424,1.678000
3143,996063,13472,1.684000
3144,996380,13456,1.682000
3145,996697,13472,1.684000
3146,997013,13536,1.692000
3147,997330,13488,1.686000
3148,997647,13472,1.684000
3149,997964,13408,1.676000
3150,998281,13456,1.682000
3151,998598,13488,1.686000
3152,998915,13488,1.686000
3153,999231,13584,1.698000
3154,999548,13568,1.696000
3155,999865,13568,1.696000
