sample,timestamp_us,raw,voltage_V
0,89,15200,1.900000
1,406,14928,1.866000
2,723,14272,1.784000
3,1039,13712,1.714000
4,1356,13472,1.684000
5,1673,13568,1.696000
6,1990,14016,1.752000
7,2307,14256,1.782000
8,2624,14112,1.764000
9,2941,13760,1.720000
10,3258,13584,1.698000
11,3574,13440,1.680000
12,3891,13392,1.674000
13,4208,13344,1.668000
14,4525,13088,1.636000
15,4842,12656,1.582000
16,5159,12416,1.552000
17,5476,12336,1.542000
18,5792,12848,1.606000
19,6109,13264,1.658000
20,6426,13408,1.676000
21,6743,13024,1.628000
22,7060,12304,1.538000
23,7377,11520,1.440000
24,7694,11536,1.442000
25,8010,11952,1.494000
26,8327,12688,1.586000
27,8644,13280,1.660000
28,8961,13344,1.668000
29,9278,13008,1.626000
30,9595,12480,1.560000
31,9912,12112,1.514000
32,10228,12288,1.536000
33,10545,12656,1.582000
34,10862,13136,1.642000
35,11179,13360,1.670000
36,11496,13376,1.672000
37,11813,13328,1.666000
38,12129,13472,1.684000
39,12447,13712,1.714000
40,12763,13904,1.738000
41,13080,13920,1.740000
42,13397,13712,1.714000
43,13714,13472,1.684000
44,14030,13488,1.686000
45,14347,13920,1.740000
46,14664,14496,1.812000
47,14981,15024,1.878000
48,15298,15040,1.880000
49,15615,14608,1.826000
50,15931,13888,1.736000
51,16249,13408,1.676000
52,16566,13552,1.694000
53,16882,14128,1.766000
54,17199,14688,1.836000
55,17516,15056,1.882000
56,17833,14800,1.850000
57,18150,14160,1.770000
58,18467,13696,1.712000
59,18783,13472,1.684000
60,19100,13280,1.660000
61,19417,13680,1.710000
62,19734,13728,1.716000
63,20051,13632,1.704000
64,20368,13328,1.666000
65,20688,13296,1.662000
66,21002,13360,1.670000
67,21319,13344,1.668000
68,21635,13296,1.662000
69,21952,12912,1.614000
70,22269,12400,1.550000
71,22586,12000,1.500000
72,22903,12032,1.504000
73,23220,12752,1.594000
74,23536,13088,1.636000
75,23854,13168,1.646000
76,24170,13136,1.642000
77,24487,12464,1.558000
78,24804,11824,1.478000
79,25121,11936,1.492000
80,25438,11920,1.490000
81,25755,12512,1.564000
82,26071,13216,1.652000
83,26388,13360,1.670000
84,26705,13200,1.650000
85,27022,12816,1.602000
86,27338,12736,1.592000
87,27656,12720,1.590000
88,27972,13120,1.640000
89,28289,13296,1.662000
90,28606,13344,1.668000
91,28923,13392,1.674000
92,29240,13488,1.686000
93,29556,13808,1.726000
94,29874,14304,1.788000
95,30191,14480,1.810000
96,30507,14352,1.794000
97,30824,13936,1.742000
98,31141,13520,1.690000
99,31458,13408,1.676000
100,31775,13808,1.726000
101,32091,14432,1.804000
102,32409,15136,1.892000
103,32726,15248,1.906000
104,33042,14816,1.852000
105,33359,14064,1.758000
106,33676,13488,1.686000
107,33992,13328,1.666000
108,34310,13872,1.734000
109,34627,14384,1.798000
110,34943,14688,1.836000
111,35260,14544,1.818000
112,35577,14128,1.766000
113,35894,13616,1.702000
114,36211,13424,1.678000
115,36528,13408,1.676000
116,36845,13408,1.676000
117,37162,13312,1.664000
118,37478,13088,1.636000
119,37795,12880,1.610000
120,38112,12960,1.620000
121,38429,13120,1.640000
122,38746,13360,1.670000
123,39062,13344,1.668000
124,39379,12864,1.608000
125,39696,12224,1.528000
126,40013,11664,1.458000
127,40330,11712,1.464000
128,40647,12240,1.530000
129,40964,12976,1.622000
130,41281,13312,1.664000
131,41598,13248,1.656000
132,41914,12688,1.586000
133,42231,12048,1.506000
134,42548,11840,1.480000
135,42865,12048,1.506000
136,43181,12544,1.568000
137,43498,13168,1.646000
138,43815,13344,1.668000
139,44132,13296,1.662000
140,44449,13200,1.650000
141,44766,13104,1.638000
142,45083,13248,1.656000
143,45399,13456,1.682000
144,45717,13456,1.682000
145,46034,13440,1.680000
146,46350,13440,1.680000
147,46667,13520,1.690000
148,46983,13968,1.746000
149,47301,14480,1.810000
150,47618,14800,1.850000
151,47935,14736,1.842000
152,48252,14224,1.778000
153,48568,13664,1.708000
154,48885,13472,1.684000
155,49202,13696,1.712000
156,49519,14432,1.804000
157,49836,15024,1.878000
158,50153,15232,1.904000
159,50469,14768,1.846000
160,50786,14128,1.766000
161,51103,13600,1.700000
162,51420,13440,1.680000
163,51737,13712,1.714000
164,52054,13936,1.742000
165,52371,14112,1.764000
166,52687,14032,1.754000
167,53004,13728,1.716000
168,53321,13536,1.692000
169,53638,13328,1.666000
170,53954,13344,1.668000
171,54272,13280,1.660000
172,54589,13056,1.632000
173,54906,12624,1.578000
174,55223,12368,1.546000
175,55539,12528,1.566000
176,55856,12896,1.612000
177,56173,13296,1.662000
178,56490,13360,1.670000
179,56806,12960,1.620000
180,57124,12144,1.518000
181,57440,11680,1.460000
182,57757,11584,1.448000
183,58074,12096,1.512000
184,58391,12768,1.596000
185,58708,13280,1.660000
186,59025,13392,1.674000
187,59342,12944,1.618000
188,59658,12336,1.542000
189,59975,12160,1.520000
190,60291,12320,1.540000
191,60609,12704,1.588000
192,60926,13168,1.646000
193,61243,13328,1.666000
194,61560,13392,1.674000
195,61877,13392,1.674000
196,62193,13504,1.688000
197,62510,13776,1.722000
198,62827,13968,1.746000
199,63144,13904,1.738000
200,63461,13632,1.704000
201,63777,13424,1.678000
202,64095,13488,1.686000
203,64411,14016,1.752000
204,64728,14672,1.834000
205,65045,15072,1.884000
206,65362,15008,1.876000
207,65679,14448,1.806000
208,65995,13808,1.726000
209,66312,13440,1.680000
210,66629,13664,1.708000
211,66947,14224,1.778000
212,67262,14768,1.846000
213,67580,15040,1.880000
214,67897,14704,1.838000
215,68214,14112,1.764000
216,68530,13600,1.700000
217,68847,13440,1.680000
218,69164,13536,1.692000
219,69481,13712,1.714000
220,69798,13728,1.716000
221,70114,13568,1.696000
222,70432,13312,1.664000
223,70749,13280,1.660000
224,71065,13312,1.664000
225,71382,13424,1.678000
226,71699,13232,1.654000
227,72016,12800,1.600000
228,72333,12240,1.530000
229,72650,11920,1.490000
230,72967,12096,1.512000
231,73284,12656,1.582000
232,73600,13184,1.648000
233,73917,13360,1.670000
234,74234,13040,1.630000
235,74551,12336,1.542000
236,74868,11744,1.468000
237,75184,11600,1.450000
238,75501,12032,1.504000
239,75818,12736,1.592000
240,76135,13264,1.658000
241,76452,13360,1.670000
242,76769,13120,1.640000
243,77086,12768,1.596000
244,77403,12592,1.574000
245,77719,12720,1.590000
246,78036,13072,1.634000
247,78353,13264,1.658000
248,78670,13392,1.674000
249,78987,13440,1.680000
250,79304,13520,1.690000
251,79620,13856,1.732000
252,79937,14176,1.772000
253,80254,14400,1.800000
254,80571,14256,1.782000
255,80888,13904,1.738000
256,81205,13360,1.670000
257,81522,13440,1.680000
258,81839,13968,1.746000
259,82155,14688,1.836000
260,82472,15216,1.902000
261,82789,15200,1.900000
262,83106,14608,1.826000
263,83423,13952,1.744000
264,83740,13456,1.682000
265,84056,13536,1.692000
266,84374,13968,1.746000
267,84690,14448,1.806000
268,85008,14592,1.824000
269,85324,14448,1.806000
270,85641,14000,1.750000
271,85958,13616,1.702000
272,86275,13408,1.676000
273,86591,13392,1.674000
274,86909,13408,1.676000
275,87225,13216,1.652000
276,87542,13024,1.628000
277,87859,12880,1.610000
278,88175,12912,1.614000
279,88493,13200,1.650000
280,88809,13360,1.670000
281,89126,13296,1.662000
282,89444,12784,1.598000
283,89760,12128,1.516000
284,90077,11680,1.460000
285,90394,11872,1.484000
286,90710,12368,1.546000
287,91028,13088,1.636000
288,91344,13408,1.676000
289,91661,13168,1.646000
290,91978,12544,1.568000
291,92295,11920,1.490000
292,92611,11792,1.474000
293,92929,12192,1.524000
294,93246,12704,1.588000
295,93563,13200,1.650000
296,93879,13424,1.678000
297,94196,13312,1.664000
298,94512,13120,1.640000
299,94830,13152,1.644000
300,95147,13280,1.660000
301,95463,13472,1.684000
302,95780,13552,1.694000
303,96097,13408,1.676000
304,96414,13360,1.670000
305,96731,13552,1.694000
306,97048,14016,1.752000
307,97365,14608,1.826000
308,97686,14848,1.856000
309,97998,14624,1.828000
310,98315,14128,1.766000
311,98632,13616,1.702000
312,98949,13472,1.684000
313,99266,13840,1.730000
314,99583,14528,1.816000
315,99900,15072,1.884000
316,100217,15168,1.896000
317,100533,14752,1.844000
318,100850,14032,1.754000
319,101167,13504,1.688000
320,101484,13456,1.682000
321,101801,13728,1.716000
322,102117,14000,1.750000
323,102434,14176,1.772000
324,102752,14016,1.752000
325,103068,13712,1.714000
326,103385,13472,1.684000
327,103702,13344,1.668000
328,104019,13328,1.666000
329,104336,13232,1.654000
330,104652,12928,1.616000
331,104969,12512,1.564000
332,105286,12416,1.552000
333,105603,12512,1.564000
334,105920,12992,1.624000
335,106237,13376,1.672000
336,106554,13312,1.664000
337,106870,12832,1.604000
338,107187,12032,1.504000
339,107504,11600,1.450000
340,107821,11616,1.452000
341,108138,12192,1.524000
342,108455,12960,1.620000
343,108772,13344,1.668000
344,109088,13248,1.656000
345,109405,12816,1.602000
346,109722,12304,1.538000
347,110039,12144,1.518000
348,110355,12368,1.546000
349,110673,12880,1.610000
350,110990,13200,1.650000
351,111307,13472,1.684000
352,111623,13328,1.666000
353,111941,13392,1.674000
354,112256,13600,1.700000
355,112574,13760,1.720000
356,112891,13984,1.748000
357,113208,13840,1.730000
358,113524,13552,1.694000
359,113841,13424,1.678000
360,114159,13648,1.706000
361,114475,14128,1.766000
362,114792,14688,1.836000
363,115109,15120,1.890000
364,115426,14880,1.860000
365,115742,14336,1.792000
366,116059,13712,1.714000
367,116376,13248,1.656000
368,116693,13680,1.710000
369,117010,14288,1.786000
370,117327,14832,1.854000
371,117644,14944,1.868000
372,117961,14560,1.820000
373,118277,13856,1.732000
374,118595,13568,1.696000
375,118911,13216,1.652000
376,119228,13584,1.698000
377,119545,13680,1.710000
378,119861,13664,1.708000
379,120179,13472,1.684000
380,120495,13280,1.660000
381,120812,13216,1.652000
382,121129,13056,1.632000
383,121445,13360,1.670000
384,121763,13168,1.646000
385,122080,12688,1.586000
386,122397,12160,1.520000
387,122714,11920,1.490000
388,123030,12064,1.508000
389,123347,12752,1.594000
390,123664,13296,1.662000
391,123981,13376,1.672000
392,124298,12928,1.616000
393,124614,12192,1.524000
394,124932,11696,1.462000
395,125249,11696,1.462000
396,125565,12208,1.526000
397,125882,12896,1.612000
398,126199,13264,1.658000
399,126516,13328,1.666000
400,126832,12992,1.624000
401,127150,12720,1.590000
402,127466,12592,1.574000
403,127783,12880,1.610000
404,128100,13168,1.646000
405,128417,13328,1.666000
406,128734,13408,1.676000
407,129050,13360,1.670000
408,129368,13568,1.696000
409,129687,14032,1.754000
410,130001,14288,1.786000
411,130318,14352,1.794000
412,130635,14224,1.778000
413,130952,13824,1.728000
414,131269,13392,1.674000
415,131585,13584,1.698000
416,131902,14096,1.762000
417,132219,14784,1.848000
418,132536,15216,1.902000
419,132852,15104,1.888000
420,133170,14528,1.816000
421,133487,13808,1.726000
422,133804,13472,1.684000
423,134120,13584,1.698000
424,134437,14032,1.754000
425,134754,14368,1.796000
426,135071,14640,1.830000
427,135388,14352,1.794000
428,135705,13936,1.742000
429,136021,13488,1.686000
430,136338,13456,1.682000
431,136655,13488,1.686000
432,136972,13424,1.678000
433,137289,13216,1.652000
434,137606,12992,1.624000
435,137922,12816,1.602000
436,138240,12928,1.616000
437,138556,13280,1.660000
438,138873,13488,1.686000
439,139190,13184,1.648000
440,139507,12672,1.584000
441,139824,11904,1.488000
442,140140,11632,1.454000
443,140457,11904,1.488000
444,140774,12432,1.554000
445,141091,13184,1.648000
446,141408,13504,1.688000
447,141725,13056,1.632000
448,142042,12432,1.554000
449,142359,11888,1.486000
450,142675,11792,1.474000
451,142992,12160,1.520000
452,143309,12768,1.596000
453,143626,13232,1.654000
454,143943,13424,1.678000
455,144260,13232,1.654000
456,144577,13088,1.636000
457,144893,13136,1.642000
458,145211,13328,1.666000
459,145527,13376,1.672000
460,145844,13520,1.690000
461,146161,13504,1.688000
462,146478,13456,1.682000
463,146795,13712,1.714000
464,147111,14128,1.766000
465,147429,14624,1.828000
466,147745,14752,1.844000
467,148062,14576,1.822000
468,148379,14032,1.754000
469,148696,13456,1.682000
470,149012,13472,1.684000
471,149330,13952,1.744000
472,149647,14688,1.836000
473,149963,15200,1.900000
474,150280,15120,1.890000
475,150597,14576,1.822000
476,150914,13872,1.734000
477,151231,13536,1.692000
478,151548,13520,1.690000
479,151864,13856,1.732000
480,152182,14112,1.764000
481,152498,14176,1.772000
482,152815,13936,1.742000
483,153132,13648,1.706000
484,153449,13392,1.674000
485,153766,13408,1.676000
486,154082,13328,1.666000
487,154400,13136,1.642000
488,154716,12800,1.600000
489,155032,12528,1.566000
490,155350,12416,1.552000
491,155667,12656,1.582000
492,155984,13072,1.634000
493,156301,13376,1.672000
494,156617,13232,1.654000
495,156934,12688,1.586000
496,157251,11936,1.492000
497,157568,11472,1.434000
498,157885,11760,1.470000
499,158202,12352,1.544000
500,158518,13088,1.636000
501,158835,13376,1.672000
502,159152,13152,1.644000
503,159469,12640,1.580000
504,159786,12304,1.538000
505,160103,12208,1.526000
506,160419,12544,1.568000
507,160737,12944,1.618000
508,161054,13264,1.658000
509,161370,13360,1.670000
510,161687,13360,1.670000
511,162004,13392,1.674000
512,162321,13568,1.696000
513,162638,13872,1.734000
514,162954,13920,1.740000
515,163271,13824,1.728000
516,163588,13520,1.690000
517,163905,13456,1.682000
518,164222,13616,1.702000
519,164539,14240,1.780000
520,164855,14848,1.856000
521,165173,15152,1.894000
522,165490,14848,1.856000
523,165806,14224,1.778000
524,166123,13616,1.702000
525,166440,13424,1.678000
526,166757,13808,1.726000
527,167074,14416,1.802000
528,167391,14864,1.858000
529,167707,14928,1.866000
530,168024,14528,1.816000
531,168341,13872,1.734000
532,168658,13392,1.674000
533,168975,13440,1.680000
534,169292,13616,1.702000
535,169609,13680,1.710000
536,169925,13632,1.704000
537,170242,13488,1.686000
538,170559,13232,1.654000
539,170875,13216,1.652000
540,171193,13376,1.672000
541,171510,13376,1.672000
542,171826,13184,1.648000
543,172144,12624,1.578000
544,172460,12112,1.514000
545,172777,11952,1.494000
546,173094,12272,1.534000
547,173411,12848,1.606000
548,173727,13312,1.664000
549,174045,13360,1.670000
550,174362,12704,1.588000
551,174678,12064,1.508000
552,174995,11584,1.448000
553,175312,11696,1.462000
554,175629,12272,1.534000
555,175945,12992,1.624000
556,176262,13328,1.666000
557,176580,13312,1.664000
558,176897,12960,1.620000
559,177213,12608,1.576000
560,177530,12688,1.586000
561,177847,12848,1.606000
562,178163,13184,1.648000
563,178481,13328,1.666000
564,178798,13408,1.676000
565,179114,13456,1.682000
566,179431,13616,1.702000
567,179748,14016,1.752000
568,180065,14288,1.786000
569,180382,14416,1.802000
570,180698,14128,1.766000
571,181015,13664,1.708000
572,181332,13376,1.672000
573,181649,13600,1.700000
574,181966,14224,1.778000
575,182283,14864,1.858000
576,182600,15248,1.906000
577,182917,15040,1.880000
578,183234,14352,1.794000
579,183550,13696,1.712000
580,183867,13408,1.676000
581,184184,13632,1.704000
582,184501,14112,1.764000
583,184818,14576,1.822000
584,185134,14640,1.830000
585,185452,14208,1.776000
586,185768,13808,1.726000
587,186085,13440,1.680000
588,186402,13392,1.674000
589,186719,13440,1.680000
590,187036,13328,1.666000
591,187353,13184,1.648000
592,187670,12960,1.620000
593,187987,12832,1.604000
594,188304,13008,1.626000
595,188620,13296,1.662000
596,188937,13392,1.674000
597,189253,13088,1.636000
598,189571,12464,1.558000
599,189888,11904,1.488000
600,190205,11664,1.458000
601,190521,11984,1.498000
602,190838,12656,1.582000
603,191155,13232,1.654000
604,191472,13312,1.664000
605,191788,12880,1.610000
606,192106,12256,1.532000
607,192423,11808,1.476000
608,192739,11904,1.488000
609,193056,12336,1.542000
610,193373,12960,1.620000
611,193690,13344,1.668000
612,194007,13344,1.668000
613,194324,13168,1.646000
614,194640,13120,1.640000
615,194958,13152,1.644000
616,195274,13376,1.672000
617,195591,13600,1.700000
618,195908,13536,1.692000
619,196225,13392,1.674000
620,196541,13488,1.686000
621,196859,13776,1.722000
622,197175,14272,1.784000
623,197492,14688,1.836000
624,197809,14896,1.862000
625,198125,14448,1.806000
626,198443,13888,1.736000
627,198759,13424,1.678000
628,199077,13536,1.692000
629,199393,14128,1.766000
630,199710,14768,1.846000
631,200027,15216,1.902000
632,200344,15088,1.886000
633,200661,14432,1.804000
634,200977,13776,1.722000
635,201295,13440,1.680000
636,201611,13536,1.692000
637,201928,13872,1.734000
638,202245,14144,1.768000
639,202562,14144,1.768000
640,202879,13920,1.740000
641,203196,13664,1.708000
642,203512,13440,1.680000
643,203829,13424,1.678000
644,204146,13360,1.670000
645,204463,13104,1.638000
646,204780,12784,1.598000
647,205096,12480,1.560000
648,205414,12384,1.548000
649,205731,12624,1.578000
650,206047,13152,1.644000
651,206365,13392,1.674000
652,206681,13152,1.644000
653,206998,12544,1.568000
654,207315,11824,1.478000
655,207632,11552,1.444000
656,207948,11632,1.454000
657,208265,12496,1.562000
658,208582,13168,1.646000
659,208899,13408,1.676000
660,209216,13120,1.640000
661,209533,12544,1.568000
662,209849,12208,1.526000
663,210167,12224,1.528000
664,210484,12560,1.570000
665,210800,13040,1.630000
666,211117,13328,1.666000
667,211434,13408,1.676000
668,211751,13376,1.672000
669,212068,13744,1.718000
670,212385,13648,1.706000
671,212701,13856,1.732000
672,213018,13968,1.746000
673,213335,13664,1.708000
674,213652,13520,1.690000
675,213969,13488,1.686000
676,214286,13776,1.722000
677,214603,14416,1.802000
678,214919,14976,1.872000
679,215236,15120,1.890000
680,215553,14832,1.854000
681,215870,14080,1.760000
682,216187,13488,1.686000
683,216504,13472,1.684000
684,216821,13936,1.742000
685,217137,14592,1.824000
686,217455,14976,1.872000
687,217771,14896,1.862000
688,218088,14368,1.796000
689,218405,13824,1.728000
690,218722,13424,1.678000
691,219039,13472,1.684000
692,219356,13664,1.708000
693,219672,13744,1.718000
694,219989,13648,1.706000
695,220306,13408,1.676000
696,220623,13248,1.656000
697,220939,13264,1.658000
698,221257,13344,1.668000
699,221574,13360,1.670000
700,221890,12992,1.624000
701,222207,12528,1.566000
702,222524,12000,1.500000
703,222841,11984,1.498000
704,223158,12400,1.550000
705,223474,13040,1.630000
706,223791,13328,1.666000
707,224108,13248,1.656000
708,224425,12640,1.580000
709,224742,11920,1.490000
710,225059,11584,1.448000
711,225376,11792,1.474000
712,225693,12464,1.558000
713,226009,13088,1.636000
714,226327,13440,1.680000
715,226643,13264,1.658000
716,226960,12896,1.612000
717,227277,12608,1.576000
718,227594,12608,1.576000
719,227911,12944,1.618000
720,228228,13280,1.660000
721,228544,13392,1.674000
722,228861,13408,1.676000
723,229178,13440,1.680000
724,229495,13712,1.714000
725,229812,14016,1.752000
726,230129,14400,1.800000
727,230446,14336,1.792000
728,230762,14064,1.758000
729,231079,13584,1.698000
730,231396,13424,1.678000
731,231713,13712,1.714000
732,232030,14224,1.778000
733,232346,15008,1.876000
734,232664,15120,1.890000
735,232981,14880,1.860000
736,233297,14192,1.774000
737,233614,13568,1.696000
738,233931,13168,1.646000
739,234248,13728,1.716000
740,234565,14272,1.784000
741,234882,14640,1.830000
742,235199,14576,1.822000
743,235515,14192,1.774000
744,235832,13776,1.722000
745,236149,13392,1.674000
746,236466,13472,1.684000
747,236783,13504,1.688000
748,237099,13280,1.660000
749,237417,13104,1.638000
750,237734,12896,1.612000
751,238050,12848,1.606000
752,238367,13088,1.636000
753,238687,13280,1.660000
754,239001,13328,1.666000
755,239318,12944,1.618000
756,239635,12352,1.544000
757,239951,11760,1.470000
758,240268,11696,1.462000
759,240585,12112,1.514000
760,240902,12816,1.602000
761,241219,13312,1.664000
762,241536,13264,1.658000
763,241853,12800,1.600000
764,242169,12176,1.522000
765,242486,11808,1.476000
766,242803,11952,1.494000
767,243119,12448,1.556000
768,243437,13040,1.630000
769,243754,13408,1.676000
770,244070,13344,1.668000
771,244387,13168,1.646000
772,244704,13056,1.632000
773,245021,13248,1.656000
774,245337,13424,1.678000
775,245655,13520,1.690000
776,245972,13488,1.686000
777,246289,13456,1.682000
778,246605,13504,1.688000
779,246923,13840,1.730000
780,247239,14352,1.794000
781,247556,14800,1.850000
782,247873,14784,1.848000
783,248190,14352,1.794000
784,248507,13760,1.720000
785,248824,13456,1.682000
786,249140,13648,1.706000
787,249457,14240,1.780000
788,249774,14896,1.862000
789,250090,15168,1.896000
790,250408,15040,1.880000
791,250725,14304,1.788000
792,251041,13632,1.704000
793,251358,13424,1.678000
794,251675,13600,1.700000
795,251992,13920,1.740000
796,252309,14272,1.784000
797,252626,14096,1.762000
798,252942,13776,1.722000
799,253260,13536,1.692000
800,253576,13392,1.674000
801,253893,13376,1.672000
802,254210,13296,1.662000
803,254527,13088,1.636000
804,254844,12640,1.580000
805,255160,12448,1.556000
806,255478,12448,1.556000
807,255794,12832,1.604000
808,256111,13248,1.656000
809,256428,13344,1.668000
810,256745,13072,1.634000
811,257062,12352,1.544000
812,257379,11728,1.466000
813,257695,11504,1.438000
814,258013,11984,1.498000
815,258330,12672,1.584000
816,258646,13152,1.644000
817,258963,13424,1.678000
818,259279,12992,1.624000
819,259597,12480,1.560000
820,259914,12144,1.518000
821,260231,12240,1.530000
822,260547,12624,1.578000
823,260864,13120,1.640000
824,261180,13328,1.666000
825,261498,13360,1.670000
826,261815,13360,1.670000
827,262131,13440,1.680000
828,262448,13664,1.708000
829,262765,13888,1.736000
830,263082,13984,1.748000
831,263399,13664,1.708000
832,263716,13424,1.678000
833,264033,13472,1.684000
834,264350,13888,1.736000
835,264666,14480,1.810000
836,264983,14976,1.872000
837,265300,15088,1.886000
838,265617,14688,1.836000
839,265934,13952,1.744000
840,266251,13456,1.682000
841,266568,13536,1.692000
842,266884,14096,1.762000
843,267201,14704,1.838000
844,267518,14992,1.874000
845,267835,14848,1.856000
846,268152,14288,1.786000
847,268468,13712,1.714000
848,268785,13440,1.680000
849,269102,13520,1.690000
850,269419,13696,1.712000
851,269736,13696,1.712000
852,270053,13552,1.694000
853,270370,13376,1.672000
854,270688,13280,1.660000
855,271003,13280,1.660000
856,271320,13392,1.674000
857,271638,13312,1.664000
858,271954,12960,1.620000
859,272271,12352,1.544000
860,272588,12016,1.502000
861,272904,12000,1.500000
862,273221,12496,1.562000
863,273539,13104,1.638000
864,273855,13328,1.666000
865,274172,13152,1.644000
866,274489,12512,1.564000
867,274806,11760,1.470000
868,275123,11616,1.452000
869,275440,11920,1.490000
870,275756,12576,1.572000
871,276073,13152,1.644000
872,276390,13392,1.674000
873,276707,13232,1.654000
874,277024,12880,1.610000
875,277341,12592,1.574000
876,277657,12704,1.588000
877,277975,12944,1.618000
878,278292,13280,1.660000
879,278608,13392,1.674000
880,278925,13408,1.676000
881,279242,13488,1.686000
882,279559,13760,1.720000
883,279875,14192,1.774000
884,280192,14416,1.802000
885,280509,14272,1.784000
886,280826,13920,1.740000
887,281143,13488,1.686000
888,281460,13456,1.682000
889,281776,13872,1.734000
890,282094,14464,1.808000
891,282411,15184,1.898000
892,282727,15200,1.900000
893,283044,14816,1.852000
894,283361,14064,1.758000
895,283678,13568,1.696000
896,283995,13440,1.680000
897,284312,13872,1.734000
898,284629,14336,1.792000
899,284945,14640,1.830000
900,285262,14512,1.814000
901,285579,14064,1.758000
902,285896,13680,1.710000
903,286213,13504,1.688000
904,286530,13408,1.676000
905,286846,13344,1.668000
906,287164,13312,1.664000
907,287480,13056,1.632000
908,287797,12848,1.606000
909,288114,12928,1.616000
910,288431,13136,1.642000
911,288748,13392,1.674000
912,289064,13328,1.666000
913,289382,12832,1.604000
914,289699,12208,1.526000
915,290015,11744,1.468000
916,290332,11744,1.468000
917,290649,12240,1.530000
918,290966,12944,1.618000
919,291283,13408,1.676000
920,291599,13248,1.656000
921,291917,12720,1.590000
922,292234,12016,1.502000
923,292550,11792,1.474000
924,292867,12048,1.506000
925,293183,12576,1.572000
926,293501,13104,1.638000
927,293818,13376,1.672000
928,294134,13360,1.670000
929,294451,13152,1.644000
930,294768,13056,1.632000
931,295085,13168,1.646000
932,295402,13424,1.678000
933,295719,13552,1.694000
934,296035,13456,1.682000
935,296352,13392,1.674000
936,296669,13488,1.686000
937,296986,14000,1.750000
938,297303,14496,1.812000
939,297620,14816,1.852000
940,297936,14704,1.838000
941,298254,14192,1.774000
942,298570,13728,1.716000
943,298887,13408,1.676000
944,299204,13840,1.730000
945,299521,14352,1.794000
946,299838,15008,1.876000
947,300155,15216,1.902000
948,300471,14912,1.864000
949,300789,14128,1.766000
950,301105,13456,1.682000
951,301422,13408,1.676000
952,301739,13680,1.710000
953,302056,14032,1.754000
954,302373,14128,1.766000
955,302690,14080,1.760000
956,303006,13744,1.718000
957,303323,13392,1.674000
958,303640,13328,1.666000
959,303957,13328,1.666000
960,304274,13296,1.662000
961,304591,13008,1.626000
962,304907,12672,1.584000
963,305224,12672,1.584000
964,305541,12432,1.554000
965,305858,12896,1.612000
966,306174,13280,1.660000
967,306492,13344,1.668000
968,306809,12912,1.614000
969,307125,12240,1.530000
970,307443,11664,1.458000
971,307759,11600,1.450000
972,308076,12048,1.506000
973,308393,12816,1.602000
974,308710,13328,1.666000
975,309027,13296,1.662000
976,309344,12928,1.616000
977,309660,12400,1.550000
978,309977,12128,1.516000
979,310294,12384,1.548000
980,310611,12752,1.594000
981,310928,13216,1.652000
982,311245,13376,1.672000
983,311562,13328,1.666000
984,311878,13344,1.668000
985,312196,13472,1.684000
986,312512,13808,1.726000
987,312829,13984,1.748000
988,313145,13904,1.738000
989,313463,13616,1.702000
990,313780,13408,1.676000
991,314096,13504,1.688000
992,314414,14016,1.752000
993,314730,14640,1.830000
994,315047,15040,1.880000
995,315364,15008,1.876000
996,315681,14448,1.806000
997,315997,13792,1.724000
998,316315,13376,1.672000
999,316632,13616,1.702000
1000,316948,14416,1.802000
1001,317265,14816,1.852000
1002,317582,15040,1.880000
1003,317899,14720,1.840000
1004,318216,14112,1.764000
1005,318533,13648,1.706000
1006,318849,13440,1.680000
1007,319167,13504,1.688000
1008,319483,13664,1.708000
1009,319800,13744,1.718000
1010,320117,13568,1.696000
1011,320434,13360,1.670000
1012,320750,13248,1.656000
1013,321068,13280,1.660000
1014,321384,13456,1.682000
1015,321701,13344,1.668000
1016,322018,12736,1.592000
1017,322335,12288,1.536000
1018,322652,11936,1.492000
1019,322969,12032,1.504000
1020,323286,12624,1.578000
1021,323602,13104,1.638000
1022,323919,13376,1.672000
1023,324236,13056,1.632000
1024,324553,12304,1.538000
1025,324869,11728,1.466000
1026,325187,11616,1.452000
1027,325504,11984,1.498000
1028,325821,12624,1.578000
1029,326137,13264,1.658000
1030,326453,13392,1.674000
1031,326771,13088,1.636000
1032,327088,12784,1.598000
1033,327404,12592,1.574000
1034,327722,12816,1.602000
1035,328038,13024,1.628000
1036,328355,13328,1.666000
1037,328672,13424,1.678000
1038,328989,13424,1.678000
1039,329306,13504,1.688000
1040,329623,13776,1.722000
1041,329939,14240,1.780000
1042,330256,14384,1.798000
1043,330573,14240,1.780000
1044,330890,13840,1.730000
1045,331207,13456,1.682000
1046,331524,13488,1.686000
1047,331840,14000,1.750000
1048,332158,14608,1.826000
1049,332474,15152,1.894000
1050,332791,15152,1.894000
1051,333109,14704,1.838000
1052,333425,13920,1.740000
1053,333742,13488,1.686000
1054,334059,13488,1.686000
1055,334376,13856,1.732000
1056,334693,14480,1.810000
1057,335009,14624,1.828000
1058,335326,14384,1.798000
1059,335643,13968,1.746000
1060,335960,13520,1.690000
1061,336277,13376,1.672000
1062,336593,13440,1.680000
1063,336911,13456,1.682000
1064,337227,13296,1.662000
1065,337544,13040,1.630000
1066,337860,12864,1.608000
1067,338178,12896,1.612000
1068,338495,13136,1.642000
1069,338812,13360,1.670000
1070,339128,13296,1.662000
1071,339446,12752,1.594000
1072,339762,12096,1.512000
1073,340079,11632,1.454000
1074,340396,11776,1.472000
1075,340713,12336,1.542000
1076,341029,13056,1.632000
1077,341346,13440,1.680000
1078,341664,13136,1.642000
1079,341980,12608,1.576000
1080,342297,11984,1.498000
1081,342614,11808,1.476000
1082,342931,12128,1.516000
1083,343248,12720,1.590000
1084,343564,13264,1.658000
1085,343882,13408,1.676000
1086,344199,13248,1.656000
1087,344515,13120,1.640000
1088,344832,13104,1.638000
1089,345148,13280,1.660000
1090,345466,13504,1.688000
1091,345783,13552,1.694000
1092,346099,13488,1.686000
1093,346416,13408,1.676000
1094,346733,13584,1.698000
1095,347050,14016,1.752000
1096,347367,14512,1.814000
1097,347687,14896,1.862000
1098,348001,14688,1.836000
1099,348318,14064,1.758000
1100,348634,13616,1.702000
1101,348951,13408,1.676000
1102,349268,13808,1.726000
1103,349585,14448,1.806000
1104,349902,15104,1.888000
1105,350219,15168,1.896000
1106,350535,14688,1.836000
1107,350853,14016,1.752000
1108,351169,13520,1.690000
1109,351486,13344,1.668000
1110,351803,13696,1.712000
1111,352119,14032,1.754000
1112,352436,14176,1.772000
1113,352754,13936,1.742000
1114,353070,13680,1.710000
1115,353387,13456,1.682000
1116,353704,13456,1.682000
1117,354020,13392,1.674000
1118,354338,13248,1.656000
1119,354654,12880,1.610000
1120,354971,12560,1.570000
1121,355289,12368,1.546000
1122,355605,12544,1.568000
1123,355922,12960,1.620000
1124,356239,13312,1.664000
1125,356556,13248,1.656000
1126,356873,12832,1.604000
1127,357190,12048,1.506000
1128,357506,11600,1.450000
1129,357823,11664,1.458000
1130,358139,12128,1.516000
1131,358457,12976,1.622000
1132,358774,13344,1.668000
1133,359090,13312,1.664000
1134,359407,12784,1.598000
1135,359724,12336,1.542000
1136,360041,12096,1.512000
1137,360358,12432,1.554000
1138,360675,12832,1.604000
1139,360992,13232,1.654000
1140,361309,13408,1.676000
1141,361625,13440,1.680000
1142,361943,13408,1.676000
1143,362259,13552,1.694000
1144,362576,13792,1.724000
1145,362893,13936,1.742000
1146,363210,13888,1.736000
1147,363527,13568,1.696000
1148,363843,13392,1.674000
1149,364161,13568,1.696000
1150,364477,14064,1.758000
1151,364794,14704,1.838000
1152,365111,15152,1.894000
1153,365428,14928,1.866000
1154,365745,14352,1.794000
1155,366061,13728,1.716000
1156,366378,13456,1.682000
1157,366695,13712,1.714000
1158,367011,14256,1.782000
1159,367329,14848,1.856000
1160,367646,14976,1.872000
1161,367963,14576,1.822000
1162,368280,14000,1.750000
1163,368596,13616,1.702000
1164,368913,13408,1.676000
1165,369230,13584,1.698000
1166,369547,13712,1.714000
1167,369864,13728,1.716000
1168,370181,13456,1.682000
1169,370498,13328,1.666000
1170,370814,13312,1.664000
1171,371131,13328,1.666000
1172,371448,13392,1.674000
1173,371765,13152,1.644000
1174,372082,12672,1.584000
1175,372399,12240,1.530000
1176,372715,12000,1.500000
1177,373033,12176,1.522000
1178,373349,12752,1.594000
1179,373666,13232,1.654000
1180,373983,13376,1.672000
1181,374300,12880,1.610000
1182,374616,12192,1.524000
1183,374934,11680,1.460000
1184,375251,11664,1.458000
1185,375567,12144,1.518000
1186,375884,12832,1.604000
1187,376201,13328,1.666000
1188,376518,13376,1.672000
1189,376835,13088,1.636000
1190,377152,12752,1.594000
1191,377468,12640,1.580000
1192,377785,12784,1.598000
1193,378102,13120,1.640000
1194,378418,13344,1.668000
1195,378736,13360,1.670000
1196,379053,13440,1.680000
1197,379370,13616,1.702000
1198,379687,13856,1.732000
1199,380003,14272,1.784000
1200,380320,14432,1.804000
1201,380637,14208,1.776000
1202,380953,13808,1.726000
1203,381271,13392,1.674000
1204,381588,13520,1.690000
1205,381904,14064,1.758000
1206,382221,14768,1.846000
1207,382538,15232,1.904000
1208,382855,15120,1.890000
1209,383172,14528,1.816000
1210,383489,13776,1.722000
1211,383806,13424,1.678000
1212,384122,13536,1.692000
1213,384439,14064,1.758000
1214,384756,14496,1.812000
1215,385073,14720,1.840000
1216,385390,14352,1.794000
1217,385706,13936,1.742000
1218,386024,13552,1.694000
1219,386341,13392,1.674000
1220,386657,13440,1.680000
1221,386974,13296,1.662000
1222,387291,13232,1.654000
1223,387608,12944,1.618000
1224,387925,12864,1.608000
1225,388242,12896,1.612000
1226,388558,13232,1.654000
1227,388876,13360,1.670000
1228,389192,13136,1.642000
1229,389509,12640,1.580000
1230,389826,12032,1.504000
1231,390143,11632,1.454000
1232,390460,11856,1.482000
1233,390777,12560,1.570000
1234,391093,13120,1.640000
1235,391411,13360,1.670000
1236,391727,13088,1.636000
1237,392044,12416,1.552000
1238,392361,12000,1.500000
1239,392678,11856,1.482000
1240,392994,12224,1.528000
1241,393311,12848,1.606000
1242,393628,13328,1.666000
1243,393945,13440,1.680000
1244,394262,13184,1.648000
1245,394579,13104,1.638000
1246,394896,13136,1.642000
1247,395213,13328,1.666000
1248,395530,13504,1.688000
1249,395846,13520,1.690000
1250,396163,13408,1.676000
1251,396480,13440,1.680000
1252,396797,13648,1.706000
1253,397114,14096,1.762000
1254,397431,14576,1.822000
1255,397748,14848,1.856000
1256,398064,14544,1.818000
1257,398381,14032,1.754000
1258,398698,13504,1.688000
1259,399014,13440,1.680000
1260,399332,13920,1.740000
1261,399649,14704,1.838000
1262,399966,15216,1.902000
1263,400283,15136,1.892000
1264,400599,14560,1.820000
1265,400916,13904,1.738000
1266,401233,13488,1.686000
1267,401550,13488,1.686000
1268,401867,13776,1.722000
1269,402184,14096,1.762000
1270,402500,14160,1.770000
1271,402818,13904,1.738000
1272,403134,13616,1.702000
1273,403451,13456,1.682000
1274,403768,13344,1.668000
1275,404085,13312,1.664000
1276,404402,13168,1.646000
1277,404718,12864,1.608000
1278,405035,12496,1.562000
1279,405352,12352,1.544000
1280,405669,12640,1.580000
1281,405986,13088,1.636000
1282,406302,13344,1.668000
1283,406620,13264,1.658000
1284,406936,12640,1.580000
1285,407254,12000,1.500000
1286,407570,11552,1.444000
1287,407887,11520,1.440000
1288,408204,12416,1.552000
1289,408520,13040,1.630000
1290,408838,13360,1.670000
1291,409155,13152,1.644000
1292,409471,12656,1.582000
1293,409788,12240,1.530000
1294,410105,12112,1.514000
1295,410422,12464,1.558000
1296,410739,12976,1.622000
1297,411055,13328,1.666000
1298,411372,13360,1.670000
1299,411689,13424,1.678000
1300,412006,13504,1.688000
1301,412323,13712,1.714000
1302,412640,13616,1.702000
1303,412957,13952,1.744000
1304,413274,13824,1.728000
1305,413590,13584,1.698000
1306,413907,13376,1.672000
1307,414224,14016,1.752000
1308,414540,14224,1.778000
1309,414858,14736,1.842000
1310,415175,15136,1.892000
1311,415491,14880,1.860000
1312,415809,14208,1.776000
1313,416125,13840,1.730000
1314,416442,13408,1.676000
1315,416759,13840,1.730000
1316,417076,14416,1.802000
1317,417393,14976,1.872000
1318,417709,14928,1.866000
1319,418026,14544,1.818000
1320,418343,13904,1.738000
1321,418660,13552,1.694000
1322,418977,13552,1.694000
1323,419294,13584,1.698000
1324,419611,13760,1.720000
1325,419928,13648,1.706000
1326,420244,13440,1.680000
1327,420561,13232,1.654000
1328,420878,13216,1.652000
1329,421195,13440,1.680000
1330,421512,13392,1.674000
1331,421829,13072,1.634000
1332,422146,12576,1.572000
1333,422462,12048,1.506000
1334,422779,11968,1.496000
1335,423097,12272,1.534000
1336,423413,12832,1.604000
1337,423730,13312,1.664000
1338,424047,13296,1.662000
1339,424364,12816,1.602000
1340,424680,12112,1.514000
1341,424998,11632,1.454000
1342,425314,11680,1.460000
1343,425631,12288,1.536000
1344,425948,12960,1.620000
1345,426265,13296,1.662000
1346,426582,13312,1.664000
1347,426899,12960,1.620000
1348,427216,12672,1.584000
1349,427532,12608,1.576000
1350,427849,12832,1.604000
1351,428165,13168,1.646000
1352,428483,13376,1.672000
1353,428799,13344,1.668000
1354,429117,13408,1.676000
1355,429433,13536,1.692000
1356,429750,14016,1.752000
1357,430067,14336,1.792000
1358,430384,14400,1.800000
1359,430701,14144,1.768000
1360,431018,13696,1.712000
1361,431335,13376,1.672000
1362,431652,13600,1.700000
1363,431968,14272,1.784000
1364,432285,14912,1.864000
1365,432602,15248,1.906000
1366,432919,15072,1.884000
1367,433236,14384,1.798000
1368,433553,13680,1.710000
1369,433869,13456,1.682000
1370,434186,13680,1.710000
1371,434504,14016,1.752000
1372,434820,14464,1.808000
1373,435137,14592,1.824000
1374,435453,14288,1.786000
1375,435771,13792,1.724000
1376,436088,13568,1.696000
1377,436404,13360,1.670000
1378,436721,13440,1.680000
1379,437038,13376,1.672000
1380,437355,13024,1.628000
1381,437672,12896,1.612000
1382,437989,12832,1.604000
1383,438306,13008,1.626000
1384,438622,13328,1.666000
1385,438940,13392,1.674000
1386,439255,13040,1.630000
1387,439573,12464,1.558000
1388,439890,11920,1.490000
1389,440207,11696,1.462000
1390,440523,12000,1.500000
1391,440840,12720,1.590000
1392,441157,13216,1.652000
1393,441474,13360,1.670000
1394,441791,12960,1.620000
1395,442108,12256,1.532000
1396,442425,11824,1.478000
1397,442741,11904,1.488000
1398,443058,12352,1.544000
1399,443376,12976,1.622000
1400,443692,13296,1.662000
1401,444009,13392,1.674000
1402,444326,13200,1.650000
1403,444643,13088,1.636000
1404,444960,13152,1.644000
1405,445277,13312,1.664000
1406,445593,13488,1.686000
1407,445910,13520,1.690000
1408,446227,13456,1.682000
1409,446544,13440,1.680000
1410,446860,13712,1.714000
1411,447178,14224,1.778000
1412,447494,14736,1.842000
1413,447811,14784,1.848000
1414,448128,14480,1.810000
1415,448445,13840,1.730000
1416,448762,13456,1.682000
1417,449079,13488,1.686000
1418,449395,14064,1.758000
1419,449713,14800,1.850000
1420,450029,15232,1.904000
1421,450346,15072,1.884000
1422,450663,14480,1.810000
1423,450979,13776,1.722000
1424,451297,13408,1.676000
1425,451613,13520,1.690000
1426,451930,13872,1.734000
1427,452248,14144,1.768000
1428,452564,14192,1.774000
1429,452881,13872,1.734000
1430,453198,13600,1.700000
1431,453514,13440,1.680000
1432,453832,13424,1.678000
1433,454148,13344,1.668000
1434,454465,13120,1.640000
1435,454782,12736,1.592000
1436,455099,12464,1.558000
1437,455416,12336,1.542000
1438,455733,12656,1.582000
1439,456049,13152,1.644000
1440,456366,13360,1.670000
1441,456686,13152,1.644000
1442,457000,12480,1.560000
1443,457317,11840,1.480000
1444,457634,11568,1.446000
1445,457951,11760,1.470000
1446,458268,12544,1.568000
1447,458584,13120,1.640000
1448,458901,13392,1.674000
1449,459219,13040,1.630000
1450,459535,12640,1.580000
1451,459852,12224,1.528000
1452,460168,12208,1.526000
1453,460486,12512,1.564000
1454,460803,12976,1.622000
1455,461119,13392,1.674000
1456,461436,13408,1.676000
1457,461753,13392,1.674000
1458,462070,13408,1.676000
1459,462387,13632,1.704000
1460,462704,13936,1.742000
1461,463021,13984,1.748000
1462,463337,13728,1.716000
1463,463654,13536,1.692000
1464,463970,13376,1.672000
1465,464288,13760,1.720000
1466,464605,14352,1.794000
1467,464922,14976,1.872000
1468,465239,15104,1.888000
1469,465555,14752,1.844000
1470,465872,14112,1.764000
1471,466189,13520,1.690000
1472,466506,13408,1.676000
1473,466823,13904,1.738000
1474,467140,14544,1.818000
1475,467457,15008,1.876000
1476,467773,14848,1.856000
1477,468090,14432,1.804000
1478,468407,13792,1.724000
1479,468724,13424,1.678000
1480,469041,13472,1.684000
1481,469358,13600,1.700000
1482,469675,13760,1.720000
1483,469991,13664,1.708000
1484,470308,13408,1.676000
1485,470625,13216,1.652000
1486,470942,13232,1.654000
1487,471259,13360,1.670000
1488,471576,13376,1.672000
1489,471893,13024,1.628000
1490,472210,12432,1.554000
1491,472526,12032,1.504000
1492,472843,11984,1.498000
1493,473160,12384,1.548000
1494,473477,12960,1.620000
1495,473794,13376,1.672000
1496,474111,13184,1.648000
1497,474427,12608,1.576000
1498,474744,11984,1.498000
1499,475061,11584,1.448000
1500,475378,11712,1.464000
1501,475695,12432,1.554000
1502,476012,13072,1.634000
1503,476329,13296,1.662000
1504,476645,13248,1.656000
1505,476963,12912,1.614000
1506,477279,12672,1.584000
1507,477596,12656,1.582000
1508,477913,12976,1.622000
1509,478230,13184,1.648000
1510,478547,13360,1.670000
1511,478863,13392,1.674000
1512,479181,13440,1.680000
1513,479497,13664,1.708000
1514,479814,14064,1.758000
1515,480131,14352,1.794000
1516,480448,14416,1.802000
1517,480764,14064,1.758000
1518,481082,13584,1.698000
1519,481398,13392,1.674000
1520,481715,13696,1.712000
1521,482032,14336,1.792000
1522,482349,14992,1.874000
1523,482666,15264,1.908000
1524,482983,14928,1.866000
1525,483300,14240,1.780000
1526,483616,13568,1.696000
1527,483933,13408,1.676000
1528,484250,13744,1.718000
1529,484567,14368,1.796000
1530,484883,14640,1.830000
1531,485200,14512,1.814000
1532,485518,14128,1.766000
1533,485834,13712,1.714000
1534,486151,13504,1.688000
1535,486468,13424,1.678000
1536,486785,13392,1.674000
1537,487102,13312,1.664000
1538,487419,13056,1.632000
1539,487735,12880,1.610000
1540,488053,12944,1.618000
1541,488369,13104,1.638000
1542,488687,13280,1.660000
1543,489003,13360,1.670000
1544,489320,12992,1.624000
1545,489637,12336,1.542000
1546,489953,11808,1.476000
1547,490270,11616,1.452000
1548,490587,12112,1.514000
1549,490904,12832,1.604000
1550,491221,13264,1.658000
1551,491538,13344,1.668000
1552,491855,12832,1.604000
1553,492172,12160,1.520000
1554,492489,11824,1.478000
1555,492805,11952,1.494000
1556,493122,12496,1.562000
1557,493439,13040,1.630000
1558,493756,13360,1.670000
1559,494072,13280,1.660000
1560,494389,13184,1.648000
1561,494706,13056,1.632000
1562,495024,13168,1.646000
1563,495340,13456,1.682000
1564,495657,13520,1.690000
1565,495974,13456,1.682000
1566,496291,13376,1.672000
1567,496607,13456,1.682000
1568,496925,13824,1.728000
1569,497241,14352,1.794000
1570,497558,14736,1.842000
1571,497875,14768,1.846000
1572,498191,14368,1.796000
1573,498509,13792,1.724000
1574,498826,13376,1.672000
1575,499142,13648,1.706000
1576,499459,14240,1.780000
1577,499776,14944,1.868000
1578,500093,15248,1.906000
1579,500410,14912,1.864000
1580,500727,14320,1.790000
1581,501043,13744,1.718000
1582,501360,13408,1.676000
1583,501678,13536,1.692000
1584,501994,13984,1.748000
1585,502311,14160,1.770000
1586,502628,14144,1.768000
1587,502945,13792,1.724000
1588,503262,13616,1.702000
1589,503578,13392,1.674000
1590,503896,13392,1.674000
1591,504212,13296,1.662000
1592,504529,13040,1.630000
1593,504846,12640,1.580000
1594,505163,12192,1.524000
1595,505480,12432,1.554000
1596,505797,12752,1.594000
1597,506113,13216,1.652000
1598,506430,13392,1.674000
1599,506747,13056,1.632000
1600,507064,12368,1.546000
1601,507380,11728,1.466000
1602,507698,11520,1.440000
1603,508015,11760,1.470000
1604,508332,12640,1.580000
1605,508648,13248,1.656000
1606,508965,13312,1.664000
1607,509282,13056,1.632000
1608,509599,12528,1.566000
1609,509916,11984,1.498000
1610,510233,12288,1.536000
1611,510550,12608,1.576000
1612,510866,13104,1.638000
1613,511183,13344,1.668000
1614,511500,13392,1.674000
1615,511817,13408,1.676000
1616,512133,13424,1.678000
1617,512451,13696,1.712000
1618,512767,13920,1.740000
1619,513085,13888,1.736000
1620,513401,13744,1.718000
1621,513718,13376,1.672000
1622,514035,13456,1.682000
1623,514352,13872,1.734000
1624,514668,14480,1.810000
1625,514985,15008,1.876000
1626,515303,15120,1.890000
1627,515619,14640,1.830000
1628,515936,13984,1.748000
1629,516253,13440,1.680000
1630,516570,13440,1.680000
1631,516887,14032,1.754000
1632,517204,14608,1.826000
1633,517520,14992,1.874000
1634,517837,14816,1.852000
1635,518154,14320,1.790000
1636,518471,13760,1.720000
1637,518788,13344,1.668000
1638,519104,13408,1.676000
1639,519421,13648,1.706000
1640,519738,13696,1.712000
1641,520055,13552,1.694000
1642,520372,13392,1.674000
1643,520689,13264,1.658000
1644,521006,13296,1.662000
1645,521322,13328,1.666000
1646,521640,13088,1.636000
1647,521956,12944,1.618000
1648,522274,12384,1.548000
1649,522590,11968,1.496000
1650,522907,12064,1.508000
1651,523224,12512,1.564000
1652,523541,12944,1.618000
1653,523857,13424,1.678000
1654,524174,13168,1.646000
1655,524491,12512,1.564000
1656,524808,11824,1.478000
1657,525125,11632,1.454000
1658,525442,11904,1.488000
1659,525759,12720,1.590000
1660,526076,13184,1.648000
1661,526393,13392,1.674000
1662,526709,13232,1.654000
1663,527025,12816,1.602000
1664,527343,12672,1.584000
1665,527660,12768,1.596000
1666,527977,13008,1.626000
1667,528294,13264,1.658000
1668,528610,13376,1.672000
1669,528927,13376,1.672000
1670,529244,13488,1.686000
1671,529561,13696,1.712000
1672,529878,14112,1.764000
1673,530195,14368,1.796000
1674,530512,14464,1.808000
1675,530828,13952,1.744000
1676,531145,13504,1.688000
1677,531462,13376,1.672000
1678,531779,13632,1.704000
1679,532096,14464,1.808000
1680,532413,15104,1.888000
1681,532729,15280,1.910000
1682,533047,14816,1.852000
1683,533363,14048,1.756000
1684,533680,13536,1.692000
1685,533997,13360,1.670000
1686,534314,13808,1.726000
1687,534631,14224,1.778000
1688,534947,14576,1.822000
1689,535264,14496,1.812000
1690,535581,14048,1.756000
1691,535898,13632,1.704000
1692,536215,13392,1.674000
1693,536532,13312,1.664000
1694,536849,13424,1.678000
1695,537166,13360,1.670000
1696,537483,13088,1.636000
1697,537799,12896,1.612000
1698,538116,12912,1.614000
1699,538433,13152,1.644000
1700,538750,13376,1.672000
1701,539067,13296,1.662000
1702,539384,12832,1.604000
1703,539700,12240,1.530000
1704,540017,11696,1.462000
1705,540334,11696,1.462000
1706,540651,12192,1.524000
1707,540968,12992,1.624000
1708,541285,13312,1.664000
1709,541602,13248,1.656000
1710,541918,12688,1.586000
1711,542235,12064,1.508000
1712,542552,11792,1.474000
1713,542869,12032,1.504000
1714,543186,12528,1.566000
1715,543503,13168,1.646000
1716,543819,13328,1.666000
1717,544137,13312,1.664000
1718,544453,13152,1.644000
1719,544770,13072,1.634000
1720,545087,13216,1.652000
1721,545404,13392,1.674000
1722,545721,13536,1.692000
1723,546037,13488,1.686000
1724,546355,13408,1.676000
1725,546671,13520,1.690000
1726,546988,13984,1.748000
1727,547305,14448,1.806000
1728,547622,14784,1.848000
1729,547939,14704,1.838000
1730,548256,14320,1.790000
1731,548573,13664,1.708000
1732,548889,13424,1.678000
1733,549206,13728,1.716000
1734,549523,14384,1.798000
1735,549840,15024,1.878000
1736,550157,15216,1.902000
1737,550474,14848,1.856000
1738,550791,14160,1.770000
1739,551107,13600,1.700000
1740,551425,13392,1.674000
1741,551742,13648,1.706000
1742,552058,13968,1.746000
1743,552375,14144,1.768000
1744,552692,14096,1.762000
1745,553008,13744,1.718000
1746,553325,13504,1.688000
1747,553642,13440,1.680000
1748,553959,13344,1.668000
1749,554276,13264,1.658000
1750,554593,12976,1.622000
1751,554910,12640,1.580000
1752,555227,12368,1.546000
1753,555544,12448,1.556000
1754,555860,12880,1.610000
1755,556177,13248,1.656000
1756,556494,13280,1.660000
1757,556811,12928,1.616000
1758,557128,12224,1.528000
1759,557445,11600,1.450000
1760,557761,11488,1.436000
1761,558078,12080,1.510000
1762,558395,12848,1.606000
1763,558712,13344,1.668000
1764,559029,13264,1.658000
1765,559346,12896,1.612000
1766,559662,12416,1.552000
1767,559980,12192,1.524000
1768,560297,12320,1.540000
1769,560613,12720,1.590000
1770,560930,13136,1.642000
1771,561247,13392,1.674000
1772,561563,13408,1.676000
1773,561881,13328,1.666000
1774,562198,13488,1.686000
1775,562514,13728,1.716000
1776,562831,13968,1.746000
1777,563148,13984,1.748000
1778,563465,13632,1.704000
1779,563782,13392,1.674000
1780,564099,13520,1.690000
1781,564415,13984,1.748000
1782,564733,14624,1.828000
1783,565049,15072,1.884000
1784,565366,15024,1.878000
1785,565686,14528,1.816000
1786,566000,13776,1.722000
1787,566317,13424,1.678000
1788,566634,13568,1.696000
1789,566950,14208,1.776000
1790,567267,14736,1.842000
1791,567584,15040,1.880000
1792,567901,14704,1.838000
1793,568218,14112,1.764000
1794,568535,13600,1.700000
1795,568852,13424,1.678000
1796,569169,13440,1.680000
1797,569485,13664,1.708000
1798,569802,13680,1.710000
1799,570119,13568,1.696000
1800,570436,13312,1.664000
1801,570753,13264,1.658000
1802,571069,13312,1.664000
1803,571387,13360,1.670000
1804,571703,13184,1.648000
1805,572020,12864,1.608000
1806,572337,12272,1.534000
1807,572654,11888,1.486000
1808,572970,12112,1.514000
1809,573288,12624,1.578000
1810,573604,13184,1.648000
1811,573922,13392,1.674000
1812,574238,13040,1.630000
1813,574555,12336,1.542000
1814,574872,11776,1.472000
1815,575189,11600,1.450000
1816,575506,11936,1.492000
1817,575822,12704,1.588000
1818,576140,13296,1.662000
1819,576456,13376,1.672000
1820,576773,13104,1.638000
1821,577090,12816,1.602000
1822,577407,12624,1.578000
1823,577724,12736,1.592000
1824,578040,13040,1.630000
1825,578357,13328,1.666000
1826,578674,13344,1.668000
1827,578991,13376,1.672000
1828,579308,13520,1.690000
1829,579625,13840,1.730000
1830,579942,14160,1.770000
1831,580259,14384,1.798000
1832,580576,14304,1.788000
1833,580892,13840,1.730000
1834,581209,13472,1.684000
1835,581526,13376,1.672000
1836,581843,13904,1.738000
1837,582160,14608,1.826000
1838,582477,15200,1.900000
1839,582794,15216,1.902000
1840,583110,14672,1.834000
1841,583427,13968,1.746000
1842,583744,13456,1.682000
1843,584061,13504,1.688000
1844,584378,13936,1.742000
1845,584694,14400,1.800000
1846,585012,14656,1.832000
1847,585328,14368,1.796000
1848,585645,13984,1.748000
1849,585962,13584,1.698000
1850,586279,13440,1.680000
1851,586596,13392,1.674000
1852,586912,13408,1.676000
1853,587229,13264,1.658000
1854,587546,13008,1.626000
1855,587863,12832,1.604000
1856,588179,12864,1.608000
1857,588497,13120,1.640000
1858,588814,13360,1.670000
1859,589131,13248,1.656000
1860,589447,12800,1.600000
1861,589764,12080,1.510000
1862,590081,11680,1.460000
1863,590398,11760,1.470000
1864,590715,12352,1.544000
1865,591032,13024,1.628000
1866,591349,13376,1.672000
1867,591665,13136,1.642000
1868,591982,12544,1.568000
1869,592299,11904,1.488000
1870,592615,11792,1.474000
1871,592933,12112,1.514000
1872,593250,12736,1.592000
1873,593566,13200,1.650000
1874,593883,13376,1.672000
1875,594200,13248,1.656000
1876,594517,13104,1.638000
1877,594834,13376,1.672000
1878,595151,13184,1.648000
1879,595468,13424,1.678000
1880,595784,13536,1.692000
1881,596102,13520,1.690000
1882,596418,13488,1.686000
1883,596735,13600,1.700000
1884,597052,14256,1.782000
1885,597369,14544,1.818000
1886,597687,14816,1.852000
1887,598003,14640,1.830000
1888,598320,14112,1.764000
1889,598636,13552,1.694000
1890,598953,13424,1.678000
1891,599270,13808,1.726000
1892,599587,14512,1.814000
1893,599904,15104,1.888000
1894,600221,15152,1.894000
1895,600537,14704,1.838000
1896,600854,14048,1.756000
1897,601172,13536,1.692000
1898,601488,13376,1.672000
1899,601805,13696,1.712000
1900,602122,14016,1.752000
1901,602438,14224,1.778000
1902,602756,13984,1.748000
1903,603072,13616,1.702000
1904,603389,13440,1.680000
1905,603706,13392,1.674000
1906,604023,13344,1.668000
1907,604340,13280,1.660000
1908,604657,12928,1.616000
1909,604974,12496,1.562000
1910,605291,12304,1.538000
1911,605607,12528,1.566000
1912,605924,12976,1.622000
1913,606241,13408,1.676000
1914,606558,13296,1.662000
1915,606874,12784,1.598000
1916,607192,12080,1.510000
1917,607508,11632,1.454000
1918,607825,11584,1.448000
1919,608142,12144,1.518000
1920,608459,12896,1.612000
1921,608776,13344,1.668000
1922,609092,13280,1.660000
1923,609410,12784,1.598000
1924,609726,12320,1.540000
1925,610043,12080,1.510000
1926,610361,12352,1.544000
1927,610677,12832,1.604000
1928,610994,13264,1.658000
1929,611311,13424,1.678000
1930,611627,13344,1.668000
1931,611945,13360,1.670000
1932,612262,13584,1.698000
1933,612578,13744,1.718000
1934,612895,13936,1.742000
1935,613212,13824,1.728000
1936,613529,13616,1.702000
1937,613846,13408,1.676000
1938,614163,13568,1.696000
1939,614479,14080,1.760000
1940,614797,14656,1.832000
1941,615113,15120,1.890000
1942,615430,14992,1.874000
1943,615747,14368,1.796000
1944,616064,13728,1.716000
1945,616381,13456,1.682000
1946,616697,13568,1.696000
1947,617014,14288,1.786000
1948,617331,14864,1.858000
1949,617648,14960,1.870000
1950,617965,14624,1.828000
1951,618282,14064,1.758000
1952,618598,13600,1.700000
1953,618916,13232,1.654000
1954,619232,13520,1.690000
1955,619549,13696,1.712000
1956,619866,13712,1.714000
1957,620182,13504,1.688000
1958,620500,13344,1.668000
1959,620817,13232,1.654000
1960,621133,13360,1.670000
1961,621450,13440,1.680000
1962,621767,13216,1.652000
1963,622083,12640,1.580000
1964,622400,12240,1.530000
1965,622718,11920,1.490000
1966,623034,12176,1.522000
1967,623351,12752,1.594000
1968,623668,13264,1.658000
1969,623986,13392,1.674000
1970,624302,12976,1.622000
1971,624619,12192,1.524000
1972,624936,11728,1.466000
1973,625253,11600,1.450000
1974,625569,12192,1.524000
1975,625886,12784,1.598000
1976,626203,13296,1.662000
1977,626520,13392,1.674000
1978,626837,13072,1.634000
1979,627153,12720,1.590000
1980,627471,12592,1.574000
1981,627788,12912,1.614000
1982,628104,13072,1.634000
1983,628421,13328,1.666000
1984,628738,13408,1.676000
1985,629055,13456,1.682000
1986,629372,13568,1.696000
1987,629688,13888,1.736000
1988,630005,14224,1.778000
1989,630323,14384,1.798000
1990,630639,14288,1.786000
1991,630956,13744,1.718000
1992,631273,13392,1.674000
1993,631590,13520,1.690000
1994,631906,14096,1.762000
1995,632224,14752,1.844000
1996,632540,15232,1.904000
1997,632857,15104,1.888000
1998,633174,14480,1.810000
1999,633491,13840,1.730000
2000,633808,13408,1.676000
2001,634125,13520,1.690000
2002,634441,14032,1.754000
2003,634758,14528,1.816000
2004,635075,14656,1.832000
2005,635392,14352,1.794000
2006,635709,13872,1.734000
2007,636026,13568,1.696000
2008,636343,13344,1.668000
2009,636659,13456,1.682000
2010,636976,13424,1.678000
2011,637293,13216,1.652000
2012,637610,13024,1.628000
2013,637927,12832,1.604000
2014,638244,12944,1.618000
2015,638561,13264,1.658000
2016,638877,13360,1.670000
2017,639194,13216,1.652000
2018,639511,12640,1.580000
2019,639828,11984,1.498000
2020,640145,11584,1.448000
2021,640462,11840,1.480000
2022,640778,12528,1.566000
2023,641096,13120,1.640000
2024,641412,13376,1.672000
2025,641729,13120,1.640000
2026,642046,12416,1.552000
2027,642363,11904,1.488000
2028,642680,11776,1.472000
2029,642997,12240,1.530000
2030,643314,12704,1.588000
2031,643630,13232,1.654000
2032,643947,13376,1.672000
2033,644264,13232,1.654000
2034,644581,13056,1.632000
2035,644898,13152,1.644000
2036,645215,13376,1.672000
2037,645532,13472,1.684000
2038,645848,13584,1.698000
2039,646165,13504,1.688000
2040,646482,13392,1.674000
2041,646799,13616,1.702000
2042,647116,14096,1.762000
2043,647432,14688,1.836000
2044,647750,14880,1.860000
2045,648066,14592,1.824000
2046,648383,14016,1.752000
2047,648700,13568,1.696000
2048,649017,13440,1.680000
2049,649334,13936,1.742000
2050,649651,14656,1.832000
2051,649967,15184,1.898000
2052,650284,15088,1.886000
2053,650601,14576,1.822000
2054,650919,13952,1.744000
2055,651234,13440,1.680000
2056,651552,13424,1.678000
2057,651869,13776,1.722000
2058,652186,14080,1.760000
2059,652503,14176,1.772000
2060,652819,13920,1.740000
2061,653136,13632,1.704000
2062,653453,13424,1.678000
2063,653770,13456,1.682000
2064,654087,13424,1.678000
2065,654404,13232,1.654000
2066,654720,12848,1.606000
2067,655037,12496,1.562000
2068,655355,12384,1.548000
2069,655671,12608,1.576000
2070,655988,13024,1.628000
2071,656305,13424,1.678000
2072,656622,13248,1.656000
2073,656939,12640,1.580000
2074,657256,11952,1.494000
2075,657572,11568,1.446000
2076,657889,11680,1.460000
2077,658206,12320,1.540000
2078,658523,13008,1.626000
2079,658840,13424,1.678000
2080,659156,13216,1.652000
2081,659473,12736,1.592000
2082,659790,12256,1.532000
2083,660107,12192,1.524000
2084,660424,12464,1.558000
2085,660741,12928,1.616000
2086,661057,13264,1.658000
2087,661375,13376,1.672000
2088,661691,13360,1.670000
2089,662008,13392,1.674000
2090,662325,13552,1.694000
2091,662642,13840,1.730000
2092,662959,13920,1.740000
2093,663275,13840,1.730000
2094,663593,13504,1.688000
2095,663909,13344,1.668000
2096,664227,13600,1.700000
2097,664543,14240,1.780000
2098,664860,14832,1.854000
2099,665177,15152,1.894000
2100,665493,14848,1.856000
2101,665811,14240,1.780000
2102,666128,13552,1.694000
2103,666444,13392,1.674000
2104,666761,13792,1.724000
2105,667078,14464,1.808000
2106,667395,14896,1.862000
2107,667712,14944,1.868000
2108,668028,14544,1.818000
2109,668346,13856,1.732000
2110,668662,13456,1.682000
2111,668979,13408,1.676000
2112,669296,13536,1.692000
2113,669613,13728,1.716000
2114,669930,13680,1.710000
2115,670247,13456,1.682000
2116,670563,13248,1.656000
2117,670880,13248,1.656000
2118,671197,13344,1.668000
2119,671514,13360,1.670000
2120,671831,13088,1.636000
2121,672148,12624,1.578000
2122,672465,12112,1.514000
2123,672781,11984,1.498000
2124,673098,12240,1.530000
2125,673415,12816,1.602000
2126,673732,13296,1.662000
2127,674049,13296,1.662000
2128,674366,12736,1.592000
2129,674687,12064,1.508000
2130,675000,11632,1.454000
2131,675317,11696,1.462000
2132,675633,12256,1.532000
2133,675950,12992,1.624000
2134,676267,13344,1.668000
2135,676584,13312,1.664000
2136,676901,13040,1.630000
2137,677218,12672,1.584000
2138,677534,12704,1.588000
2139,677851,12896,1.612000
2140,678168,13200,1.650000
2141,678485,13376,1.672000
2142,678802,13456,1.682000
2143,679119,13344,1.668000
2144,679435,13648,1.706000
2145,679752,13968,1.746000
2146,680069,14304,1.788000
2147,680386,14432,1.804000
2148,680703,14128,1.766000
2149,681020,13712,1.714000
2150,681337,13344,1.668000
2151,681653,13584,1.698000
2152,681970,14176,1.772000
2153,682287,14912,1.864000
2154,682604,15280,1.910000
2155,682921,15056,1.882000
2156,683238,14384,1.798000
2157,683554,13712,1.714000
2158,683871,13440,1.680000
2159,684188,13616,1.702000
2160,684505,14160,1.770000
2161,684822,14576,1.822000
2162,685139,14624,1.828000
2163,685456,14240,1.780000
2164,685773,13808,1.726000
2165,686089,13456,1.682000
2166,686406,13360,1.670000
2167,686723,13488,1.686000
2168,687040,13344,1.668000
2169,687357,13184,1.648000
2170,687674,12896,1.612000
2171,687991,12960,1.620000
2172,688308,13008,1.626000
2173,688624,13264,1.658000
2174,688942,13344,1.668000
2175,689258,13056,1.632000
2176,689575,12480,1.560000
2177,689892,11920,1.490000
2178,690209,11744,1.468000
2179,690525,12048,1.506000
2180,690842,12624,1.578000
2181,691160,13264,1.658000
2182,691476,13360,1.670000
2183,691793,12912,1.614000
2184,692110,12144,1.518000
2185,692427,11888,1.486000
2186,692744,11904,1.488000
2187,693060,12368,1.546000
2188,693377,12944,1.618000
2189,693694,13264,1.658000
2190,694010,13344,1.668000
2191,694328,13216,1.652000
2192,694645,13056,1.632000
2193,694962,13152,1.644000
2194,695279,13328,1.666000
2195,695595,13552,1.694000
2196,695912,13488,1.686000
2197,696229,13456,1.682000
2198,696546,13408,1.676000
2199,696862,13712,1.714000
2200,697180,14256,1.782000
2201,697497,14704,1.838000
2202,697813,14848,1.856000
2203,698130,14416,1.802000
2204,698447,13920,1.740000
2205,698764,13408,1.676000
2206,699081,13520,1.690000
2207,699397,14112,1.764000
2208,699714,14768,1.846000
2209,700031,15216,1.902000
2210,700348,15040,1.880000
2211,700665,14448,1.806000
2212,700981,13792,1.724000
2213,701298,13520,1.690000
2214,701616,13488,1.686000
2215,701932,13824,1.728000
2216,702249,14176,1.772000
2217,702566,14176,1.772000
2218,702883,13888,1.736000
2219,703199,13600,1.700000
2220,703517,13408,1.676000
2221,703833,13152,1.644000
2222,704151,13312,1.664000
2223,704467,13136,1.642000
2224,704784,12800,1.600000
2225,705100,12432,1.554000
2226,705418,12400,1.550000
2227,705735,12512,1.564000
2228,706052,13152,1.644000
2229,706369,13392,1.674000
2230,706687,13200,1.650000
2231,707002,12560,1.570000
2232,707319,11840,1.480000
2233,707636,11552,1.444000
2234,707952,12032,1.504000
2235,708269,12448,1.556000
2236,708587,12880,1.610000
2237,708903,13360,1.670000
2238,709220,13072,1.634000
2239,709537,12672,1.584000
2240,709854,12544,1.568000
2241,710171,12208,1.526000
2242,710488,12512,1.564000
2243,710805,13008,1.626000
2244,711121,13280,1.660000
2245,711438,13456,1.682000
2246,711755,13360,1.670000
2247,712072,13536,1.692000
2248,712389,13568,1.696000
2249,712706,13872,1.734000
2250,713023,13952,1.744000
2251,713340,13792,1.724000
2252,713656,13504,1.688000
2253,713973,13472,1.684000
2254,714290,13696,1.712000
2255,714607,14528,1.816000
2256,714924,14960,1.870000
2257,715241,15056,1.882000
2258,715557,14816,1.852000
2259,715874,14064,1.758000
2260,716191,13504,1.688000
2261,716508,13440,1.680000
2262,716825,13936,1.742000
2263,717142,14544,1.818000
2264,717459,14944,1.868000
2265,717776,14896,1.862000
2266,718092,14384,1.798000
2267,718410,13856,1.732000
2268,718726,13392,1.674000
2269,719043,13472,1.684000
2270,719360,13568,1.696000
2271,719676,13728,1.716000
2272,719994,13584,1.698000
2273,720311,13440,1.680000
2274,720627,13280,1.660000
2275,720944,13264,1.658000
2276,721261,13360,1.670000
2277,721577,13376,1.672000
2278,721895,13072,1.634000
2279,722212,12496,1.562000
2280,722528,12032,1.504000
2281,722845,11952,1.494000
2282,723161,12448,1.556000
2283,723479,13024,1.628000
2284,723796,13344,1.668000
2285,724112,13264,1.658000
2286,724430,12688,1.586000
2287,724746,11952,1.494000
2288,725063,11632,1.454000
2289,725380,11792,1.474000
2290,725697,12400,1.550000
2291,726014,13024,1.628000
2292,726331,13344,1.668000
2293,726647,13280,1.660000
2294,726964,12912,1.614000
2295,727281,12640,1.580000
2296,727598,12656,1.582000
2297,727915,12864,1.608000
2298,728232,13248,1.656000
2299,728549,13344,1.668000
2300,728866,13440,1.680000
2301,729182,13440,1.680000
2302,729499,13632,1.704000
2303,729816,14064,1.758000
2304,730132,14352,1.794000
2305,730450,14304,1.788000
2306,730766,14080,1.760000
2307,731084,13568,1.696000
2308,731400,13408,1.676000
2309,731718,13648,1.706000
2310,732034,14336,1.792000
2311,732351,14816,1.852000
2312,732668,15360,1.920000
2313,732984,14880,1.860000
2314,733302,14288,1.786000
2315,733618,13616,1.702000
2316,733936,13488,1.686000
2317,734252,13728,1.716000
2318,734569,14208,1.776000
2319,734886,14608,1.826000
2320,735203,14464,1.808000
2321,735520,14208,1.776000
2322,735836,13712,1.714000
2323,736153,13488,1.686000
2324,736470,13472,1.684000
2325,736787,13344,1.668000
2326,737103,13328,1.666000
2327,737421,13136,1.642000
2328,737737,12944,1.618000
2329,738055,12864,1.608000
2330,738371,13040,1.630000
2331,738687,13328,1.666000
2332,739004,13344,1.668000
2333,739321,13072,1.634000
2334,739639,12384,1.548000
2335,739955,11840,1.480000
2336,740272,11632,1.454000
2337,740589,12128,1.516000
2338,740906,12800,1.600000
2339,741223,13312,1.664000
2340,741540,13312,1.664000
2341,741857,12816,1.602000
2342,742174,12208,1.526000
2343,742490,11840,1.480000
2344,742807,11952,1.494000
2345,743125,12448,1.556000
2346,743441,13056,1.632000
2347,743758,13408,1.676000
2348,744075,13408,1.676000
2349,744391,13184,1.648000
2350,744708,13072,1.634000
2351,745025,13184,1.648000
2352,745342,13392,1.674000
2353,745659,13520,1.690000
2354,745976,13520,1.690000
2355,746293,13424,1.678000
2356,746610,13488,1.686000
2357,746926,13808,1.726000
2358,747243,14288,1.786000
2359,747560,14784,1.848000
2360,747877,14816,1.852000
2361,748194,14384,1.798000
2362,748511,13744,1.718000
2363,748828,13408,1.676000
2364,749144,13552,1.694000
2365,749461,14144,1.768000
2366,749779,14912,1.864000
2367,750095,15152,1.894000
2368,750412,14960,1.870000
2369,750729,14336,1.792000
2370,751046,13664,1.708000
2371,751363,13408,1.676000
2372,751679,13536,1.692000
2373,751996,13952,1.744000
2374,752313,14144,1.768000
2375,752630,14096,1.762000
2376,752946,13808,1.726000
2377,753263,13552,1.694000
2378,753581,13392,1.674000
2379,753897,13424,1.678000
2380,754215,13408,1.676000
2381,754531,13152,1.644000
2382,754848,12656,1.582000
2383,755165,12368,1.546000
2384,755482,12448,1.556000
2385,755799,12688,1.586000
2386,756115,13232,1.654000
2387,756432,13408,1.676000
2388,756748,13088,1.636000
2389,757066,12384,1.548000
2390,757383,11728,1.466000
2391,757700,11520,1.440000
2392,758016,11984,1.498000
2393,758333,12656,1.582000
2394,758650,13264,1.658000
2395,758967,13344,1.668000
2396,759284,13024,1.628000
2397,759601,12480,1.560000
2398,759918,12208,1.526000
2399,760235,12256,1.532000
2400,760551,12688,1.586000
2401,760868,13072,1.634000
2402,761185,13328,1.666000
2403,761502,13344,1.668000
2404,761818,13344,1.668000
2405,762136,13440,1.680000
2406,762452,13680,1.710000
2407,762769,13872,1.734000
2408,763086,13904,1.738000
2409,763403,13712,1.714000
2410,763720,13504,1.688000
2411,764036,13440,1.680000
2412,764353,13824,1.728000
2413,764671,14464,1.808000
2414,764988,15056,1.882000
2415,765304,15088,1.886000
2416,765621,14624,1.828000
2417,765938,13952,1.744000
2418,766255,13456,1.682000
2419,766572,13520,1.690000
2420,766889,14048,1.756000
2421,767205,14672,1.834000
2422,767523,15024,1.878000
2423,767839,14784,1.848000
2424,768156,14304,1.788000
2425,768472,13696,1.712000
2426,768790,13344,1.668000
2427,769107,13424,1.678000
2428,769423,13632,1.704000
2429,769741,13760,1.720000
2430,770057,13568,1.696000
2431,770374,13328,1.666000
2432,770691,13200,1.650000
2433,771007,13312,1.664000
2434,771325,13360,1.670000
2435,771641,13248,1.656000
2436,771958,12960,1.620000
2437,772275,12368,1.546000
2438,772591,12000,1.500000
2439,772909,12000,1.500000
2440,773226,12480,1.560000
2441,773542,13040,1.630000
2442,773860,13424,1.678000
2443,774176,13168,1.646000
2444,774494,12512,1.564000
2445,774810,11840,1.480000
2446,775127,11584,1.448000
2447,775444,11792,1.474000
2448,775761,12528,1.566000
2449,776077,13104,1.638000
2450,776394,13392,1.674000
2451,776711,13136,1.642000
2452,777028,12864,1.608000
2453,777345,12640,1.580000
2454,777662,12704,1.588000
2455,777979,12992,1.624000
2456,778296,13248,1.656000
2457,778613,13376,1.672000
2458,778929,13392,1.674000
2459,779246,13504,1.688000
2460,779563,13696,1.712000
2461,779880,14112,1.764000
2462,780197,14416,1.802000
2463,780513,14336,1.792000
2464,780831,13984,1.748000
2465,781147,13552,1.694000
2466,781464,13424,1.678000
2467,781781,13856,1.732000
2468,782097,14480,1.810000
2469,782415,15136,1.892000
2470,782732,15232,1.904000
2471,783048,14848,1.856000
2472,783365,14128,1.766000
2473,783686,13552,1.694000
2474,783999,13488,1.686000
2475,784316,13808,1.726000
2476,784633,14320,1.790000
2477,784950,14592,1.824000
2478,785266,14496,1.812000
2479,785583,14096,1.762000
2480,785900,13696,1.712000
2481,786217,13392,1.674000
2482,786534,13408,1.676000
2483,786851,13440,1.680000
2484,787168,13328,1.666000
2485,787484,13056,1.632000
2486,787801,12848,1.606000
2487,788118,12864,1.608000
2488,788435,13072,1.634000
2489,788752,13360,1.670000
2490,789068,13296,1.662000
2491,789386,12880,1.610000
2492,789703,12256,1.532000
2493,790019,11792,1.474000
2494,790336,11664,1.458000
2495,790653,12192,1.524000
2496,790970,12912,1.614000
2497,791286,13376,1.672000
2498,791604,13280,1.660000
2499,791920,12688,1.586000
2500,792237,12112,1.514000
2501,792554,11760,1.470000
2502,792870,12032,1.504000
2503,793188,12608,1.576000
2504,793505,13104,1.638000
2505,793822,13392,1.674000
2506,794138,13328,1.666000
2507,794456,13120,1.640000
2508,794772,13024,1.628000
2509,795089,13248,1.656000
2510,795406,13440,1.680000
2511,795723,13536,1.692000
2512,796039,13520,1.690000
2513,796357,13440,1.680000
2514,796673,13472,1.684000
2515,796990,13936,1.742000
2516,797307,14464,1.808000
2517,797624,14816,1.852000
2518,797941,14736,1.842000
2519,798258,14224,1.778000
2520,798575,13648,1.706000
2521,798892,13488,1.686000
2522,799208,13680,1.710000
2523,799525,14336,1.792000
2524,799842,15024,1.878000
2525,800159,15216,1.902000
2526,800475,14864,1.858000
2527,800792,14192,1.774000
2528,801109,13552,1.694000
2529,801426,13440,1.680000
2530,801743,13632,1.704000
2531,802060,13952,1.744000
2532,802377,14176,1.772000
2533,802694,14080,1.760000
2534,803010,13552,1.694000
2535,803327,13520,1.690000
2536,803644,13376,1.672000
2537,803961,13408,1.676000
2538,804278,13280,1.660000
2539,804595,12976,1.622000
2540,804912,12592,1.574000
2541,805229,12416,1.552000
2542,805545,12464,1.558000
2543,805862,12704,1.588000
2544,806179,13248,1.656000
2545,806496,13312,1.664000
2546,806813,12960,1.620000
2547,807130,12240,1.530000
2548,807446,11648,1.456000
2549,807763,11328,1.416000
2550,808080,12032,1.504000
2551,808397,12736,1.592000
2552,808713,13312,1.664000
2553,809031,13344,1.668000
2554,809348,12896,1.612000
2555,809664,12416,1.552000
2556,809982,12224,1.528000
2557,810299,12288,1.536000
2558,810615,12784,1.598000
2559,810932,13136,1.642000
2560,811249,13296,1.662000
2561,811565,13408,1.676000
2562,811883,13440,1.680000
2563,812200,13504,1.688000
2564,812517,13760,1.720000
2565,812833,13888,1.736000
2566,813150,13904,1.738000
2567,813467,13632,1.704000
2568,813784,13408,1.676000
2569,814101,13488,1.686000
2570,814418,14016,1.752000
2571,814734,14608,1.826000
2572,815051,14976,1.872000
2573,815369,15024,1.878000
2574,815687,14496,1.812000
2575,816002,13872,1.734000
2576,816318,13504,1.688000
2577,816636,13600,1.700000
2578,816952,14096,1.762000
2579,817269,14736,1.842000
2580,817586,15008,1.876000
2581,817903,14736,1.842000
2582,818220,14112,1.764000
2583,818537,13632,1.704000
2584,818854,13360,1.670000
2585,819170,13488,1.686000
2586,819487,13472,1.684000
2587,819805,13728,1.716000
2588,820121,13568,1.696000
2589,820438,13312,1.664000
2590,820755,13248,1.656000
2591,821072,13264,1.658000
2592,821389,13200,1.650000
2593,821705,13200,1.650000
2594,822022,12864,1.608000
2595,822339,12368,1.546000
2596,822656,11952,1.494000
2597,822972,12048,1.506000
2598,823290,12608,1.576000
2599,823606,13264,1.658000
2600,823924,13424,1.678000
2601,824239,13072,1.634000
2602,824557,12352,1.544000
2603,824874,11744,1.468000
2604,825191,11584,1.448000
2605,825507,12096,1.512000
2606,825825,12672,1.584000
2607,826141,13280,1.660000
2608,826458,13360,1.670000
2609,826775,13072,1.634000
2610,827091,12816,1.602000
2611,827409,12576,1.572000
2612,827725,12784,1.598000
2613,828043,13088,1.636000
2614,828360,13328,1.666000
2615,828676,13408,1.676000
2616,828993,13408,1.676000
2617,829310,13520,1.690000
2618,829627,13776,1.722000
2619,829943,14192,1.774000
2620,830260,14592,1.824000
2621,830578,14272,1.784000
2622,830894,13792,1.724000
2623,831211,13472,1.684000
2624,831528,13424,1.678000
2625,831844,13936,1.742000
2626,832162,14624,1.828000
2627,832478,15200,1.900000
2628,832795,15184,1.898000
2629,833112,14704,1.838000
2630,833429,13968,1.746000
2631,833746,13488,1.686000
2632,834062,13488,1.686000
2633,834380,13840,1.730000
2634,834697,14400,1.800000
2635,835013,14672,1.834000
2636,835330,14400,1.800000
2637,835647,14032,1.754000
2638,835964,13584,1.698000
2639,836281,13392,1.674000
2640,836598,13376,1.672000
2641,836915,13472,1.684000
2642,837231,13216,1.652000
2643,837548,13056,1.632000
2644,837865,12864,1.608000
2645,838182,12896,1.612000
2646,838499,13152,1.644000
2647,838816,13392,1.674000
2648,839132,13232,1.654000
2649,839449,12800,1.600000
2650,839766,12112,1.514000
2651,840083,11664,1.458000
2652,840399,11776,1.472000
2653,840717,12400,1.550000
2654,841034,13056,1.632000
2655,841350,13328,1.666000
2656,841667,13152,1.644000
2657,841984,12608,1.576000
2658,842301,11984,1.498000
2659,842618,11792,1.474000
2660,842935,12096,1.512000
2661,843252,12656,1.582000
2662,843568,13200,1.650000
2663,843886,13440,1.680000
2664,844202,13296,1.662000
2665,844519,13072,1.634000
2666,844836,13072,1.634000
2667,845152,13248,1.656000
2668,845470,13440,1.680000
2669,845787,13536,1.692000
2670,846103,13440,1.680000
2671,846421,13376,1.672000
2672,846737,13584,1.698000
2673,847054,14016,1.752000
2674,847371,14528,1.816000
2675,847688,14864,1.858000
2676,848004,14672,1.834000
2677,848321,14112,1.764000
2678,848638,13568,1.696000
2679,848955,13472,1.684000
2680,849272,13808,1.726000
2681,849589,14528,1.816000
2682,849906,15104,1.888000
2683,850223,15168,1.896000
2684,850540,14736,1.842000
2685,850856,14000,1.750000
2686,851173,13520,1.690000
2687,851490,13472,1.684000
2688,851807,13664,1.708000
2689,852124,14080,1.760000
2690,852440,14176,1.772000
2691,852757,14048,1.756000
2692,853074,13712,1.714000
2693,853391,13488,1.686000
2694,853708,13440,1.680000
2695,854025,13424,1.678000
2696,854342,13216,1.652000
2697,854659,12912,1.614000
2698,854976,12544,1.568000
2699,855293,12352,1.544000
2700,855609,12560,1.570000
2701,855926,12944,1.618000
2702,856243,13424,1.678000
2703,856560,13344,1.668000
2704,856876,12800,1.600000
2705,857193,12144,1.518000
2706,857510,11552,1.444000
2707,857827,11600,1.450000
2708,858144,12176,1.522000
2709,858460,12896,1.612000
2710,858778,13280,1.660000
2711,859095,13248,1.656000
2712,859411,12848,1.606000
2713,859729,12336,1.542000
2714,860045,12096,1.512000
2715,860362,12400,1.550000
2716,860679,12848,1.606000
2717,860996,13264,1.658000
2718,861313,13408,1.676000
2719,861630,13328,1.666000
2720,861946,13392,1.674000
2721,862263,13504,1.688000
2722,862580,13776,1.722000
2723,862897,13952,1.744000
2724,863214,13856,1.732000
2725,863531,13648,1.706000
2726,863847,13440,1.680000
2727,864165,13568,1.696000
2728,864481,14032,1.754000
2729,864798,14768,1.846000
2730,865114,15088,1.886000
2731,865432,14976,1.872000
2732,865749,14336,1.792000
2733,866065,13696,1.712000
2734,866382,13408,1.676000
2735,866700,13776,1.722000
2736,867016,14256,1.782000
2737,867333,14848,1.856000
2738,867650,14944,1.868000
2739,867966,14624,1.828000
2740,868284,14064,1.758000
2741,868600,13552,1.694000
2742,868917,13408,1.676000
2743,869235,13552,1.694000
2744,869551,13664,1.708000
2745,869867,13760,1.720000
2746,870185,13520,1.690000
2747,870502,13344,1.668000
2748,870819,13296,1.662000
2749,871135,13312,1.664000
2750,871452,13376,1.672000
2751,871769,13184,1.648000
2752,872086,12672,1.584000
2753,872403,12240,1.530000
2754,872719,12000,1.500000
2755,873037,12128,1.516000
2756,873353,12720,1.590000
2757,873670,13200,1.650000
2758,873987,13424,1.678000
2759,874303,12960,1.620000
2760,874621,12224,1.528000
2761,874938,11664,1.458000
2762,875255,11616,1.452000
2763,875571,12160,1.520000
2764,875888,12784,1.598000
2765,876205,13296,1.662000
2766,876522,13344,1.668000
2767,876839,12992,1.624000
2768,877156,12736,1.592000
2769,877473,12624,1.578000
2770,877789,12784,1.598000
2771,878106,13056,1.632000
2772,878423,13376,1.672000
2773,878740,13344,1.668000
2774,879056,13424,1.678000
2775,879373,13632,1.704000
2776,879691,13920,1.740000
2777,880007,14240,1.780000
2778,880324,14384,1.798000
2779,880641,14256,1.782000
2780,880958,13760,1.720000
2781,881275,13424,1.678000
2782,881592,13408,1.676000
2783,881909,14000,1.750000
2784,882226,14752,1.844000
2785,882542,15216,1.902000
2786,882859,15152,1.894000
2787,883176,14544,1.818000
2788,883492,13824,1.728000
2789,883810,13472,1.684000
2790,884126,13600,1.700000
2791,884443,14048,1.756000
2792,884760,14448,1.806000
2793,885077,14640,1.830000
2794,885394,14400,1.800000
2795,885711,13840,1.730000
2796,886028,13520,1.690000
2797,886345,13440,1.680000
2798,886661,13440,1.680000
2799,886979,13456,1.682000
2800,887296,13264,1.658000
2801,887612,12960,1.620000
2802,887929,12832,1.604000
2803,888246,12896,1.612000
2804,888563,13216,1.652000
2805,888880,13408,1.676000
2806,889196,13216,1.652000
2807,889513,12608,1.576000
2808,889830,12016,1.502000
2809,890147,11600,1.450000
2810,890464,11872,1.484000
2811,890781,12432,1.554000
2812,891097,13136,1.642000
2813,891414,13376,1.672000
2814,891732,13056,1.632000
2815,892048,12368,1.546000
2816,892365,11920,1.490000
2817,892686,11936,1.492000
2818,892998,12176,1.522000
2819,893315,12800,1.600000
2820,893632,13264,1.658000
2821,893950,13376,1.672000
2822,894266,13280,1.660000
2823,894583,13104,1.638000
2824,894900,13344,1.668000
2825,895217,13296,1.662000
2826,895534,13440,1.680000
2827,895850,13504,1.688000
2828,896167,13424,1.678000
2829,896484,13392,1.674000
2830,896801,13888,1.736000
2831,897118,14112,1.764000
2832,897434,14560,1.820000
2833,897752,14896,1.862000
2834,898068,14576,1.822000
2835,898385,13984,1.748000
2836,898702,13552,1.694000
2837,899019,13488,1.686000
2838,899336,13888,1.736000
2839,899653,14656,1.832000
2840,899969,15200,1.900000
2841,900287,15120,1.890000
2842,900603,14560,1.820000
2843,900920,13904,1.738000
2844,901237,13440,1.680000
2845,901554,13440,1.680000
2846,901870,13840,1.730000
2847,902188,14144,1.768000
2848,902505,14144,1.768000
2849,902821,13968,1.746000
2850,903138,13664,1.708000
2851,903455,13408,1.676000
2852,903772,13392,1.674000
2853,904089,13376,1.672000
2854,904406,13232,1.654000
2855,904722,12848,1.606000
2856,905039,12560,1.570000
2857,905357,12352,1.544000
2858,905673,12592,1.574000
2859,905990,13024,1.628000
2860,906307,13424,1.678000
2861,906623,13216,1.652000
2862,906941,12640,1.580000
2863,907258,11968,1.496000
2864,907574,11552,1.444000
2865,907891,11680,1.460000
2866,908208,12288,1.536000
2867,908525,12992,1.624000
2868,908841,13392,1.674000
2869,909159,13184,1.648000
2870,909475,12752,1.594000
2871,909792,12288,1.536000
2872,910109,12176,1.522000
2873,910426,12432,1.554000
2874,910743,12896,1.612000
2875,911060,13248,1.656000
2876,911377,13392,1.674000
2877,911693,13360,1.670000
2878,912010,13408,1.676000
2879,912327,13600,1.700000
2880,912644,13696,1.712000
2881,912961,13968,1.746000
2882,913278,13888,1.736000
2883,913594,13552,1.694000
2884,913912,13392,1.674000
2885,914228,13600,1.700000
2886,914545,13984,1.748000
2887,914862,14816,1.852000
2888,915179,15120,1.890000
2889,915496,14912,1.864000
2890,915813,14208,1.776000
2891,916129,13648,1.706000
2892,916446,13392,1.674000
2893,916763,13568,1.696000
2894,917080,14432,1.804000
2895,917397,14864,1.858000
2896,917714,14944,1.868000
2897,918031,14496,1.812000
2898,918348,13904,1.738000
2899,918664,13520,1.690000
2900,918981,13440,1.680000
2901,919298,13632,1.704000
2902,919615,13712,1.714000
2903,919932,13664,1.708000
2904,920249,13456,1.682000
2905,920565,13280,1.660000
2906,920882,13280,1.660000
2907,921200,13360,1.670000
2908,921516,13440,1.680000
2909,921833,13136,1.642000
2910,922150,12640,1.580000
2911,922467,12096,1.512000
2912,922783,11984,1.498000
2913,923100,12256,1.532000
2914,923417,12832,1.604000
2915,923734,13296,1.662000
2916,924051,13296,1.662000
2917,924368,12800,1.600000
2918,924687,12160,1.520000
2919,925001,11584,1.448000
2920,925318,11680,1.460000
2921,925635,12256,1.532000
2922,925951,12944,1.618000
2923,926268,13328,1.666000
2924,926586,13328,1.666000
2925,926902,13008,1.626000
2926,927220,12688,1.586000
2927,927536,12656,1.582000
2928,927853,12832,1.604000
2929,928170,13120,1.640000
2930,928487,13360,1.670000
2931,928804,13392,1.674000
2932,929120,13344,1.668000
2933,929438,13600,1.700000
2934,929754,13968,1.746000
2935,930071,14256,1.782000
2936,930388,14480,1.810000
2937,930705,14176,1.772000
2938,931021,13696,1.712000
2939,931339,13392,1.674000
2940,931656,13568,1.696000
2941,931972,14176,1.772000
2942,932289,14896,1.862000
2943,932606,15296,1.912000
2944,932923,15040,1.880000
2945,933240,14400,1.800000
2946,933557,13680,1.710000
2947,933874,13424,1.678000
2948,934191,13616,1.702000
2949,934507,14176,1.772000
2950,934824,14512,1.814000
2951,935141,14736,1.842000
2952,935458,14224,1.778000
2953,935775,13760,1.720000
2954,936091,13488,1.686000
2955,936409,13376,1.672000
2956,936725,13392,1.674000
2957,937043,13392,1.674000
2958,937359,13152,1.644000
2959,937676,12960,1.620000
2960,937993,12848,1.606000
2961,938309,12960,1.620000
2962,938626,13216,1.652000
2963,938943,13360,1.670000
2964,939260,13072,1.634000
2965,939576,12448,1.556000
2966,939894,11856,1.482000
2967,940211,11680,1.460000
2968,940528,11952,1.494000
2969,940845,12624,1.578000
2970,941161,13136,1.642000
2971,941478,13328,1.666000
2972,941794,12928,1.616000
2973,942112,12288,1.536000
2974,942429,11888,1.486000
2975,942745,11856,1.482000
2976,943063,12336,1.542000
2977,943380,12944,1.618000
2978,943696,13360,1.670000
2979,944013,13360,1.670000
2980,944330,13232,1.654000
2981,944647,13104,1.638000
2982,944963,13152,1.644000
2983,945281,13392,1.674000
2984,945597,13520,1.690000
2985,945914,13472,1.684000
2986,946231,13408,1.676000
2987,946547,13392,1.674000
2988,946865,13728,1.716000
2989,947182,14208,1.776000
2990,947498,14720,1.840000
2991,947815,14848,1.856000
2992,948132,14496,1.812000
2993,948449,13872,1.734000
2994,948766,13472,1.684000
2995,949083,13488,1.686000
2996,949400,14064,1.758000
2997,949717,14752,1.844000
2998,950033,15232,1.904000
2999,950350,15040,1.880000
3000,950667,14448,1.806000
3001,950984,13808,1.726000
3002,951301,13472,1.684000
3003,951618,13472,1.684000
3004,951935,13808,1.726000
3005,952252,14128,1.766000
3006,952568,14208,1.776000
3007,952885,13936,1.742000
3008,953202,13584,1.698000
3009,953519,13456,1.682000
3010,953835,13408,1.676000
3011,954153,13376,1.672000
3012,954469,13136,1.642000
3013,954786,12752,1.594000
3014,955102,12448,1.556000
3015,955420,12384,1.548000
3016,955737,12720,1.590000
3017,956054,13200,1.650000
3018,956370,13360,1.670000
3019,956687,13200,1.650000
3020,957004,12592,1.574000
3021,957321,11872,1.484000
3022,957638,11600,1.450000
3023,957955,11744,1.468000
3024,958272,12400,1.550000
3025,958588,13136,1.642000
3026,958905,13392,1.674000
3027,959223,13072,1.634000
3028,959539,12640,1.580000
3029,959856,12192,1.524000
3030,960173,12208,1.526000
3031,960490,12544,1.568000
3032,960806,13040,1.630000
3033,961124,13312,1.664000
3034,961440,13360,1.670000
3035,961757,13344,1.668000
3036,962074,13376,1.672000
3037,962390,13648,1.706000
3038,962708,13856,1.732000
3039,963025,13904,1.738000
3040,963342,13760,1.720000
3041,963658,13504,1.688000
3042,963975,13424,1.678000
3043,964292,13712,1.714000
3044,964609,14320,1.790000
3045,964926,14992,1.874000
3046,965243,15072,1.884000
3047,965559,14800,1.850000
3048,965876,14144,1.768000
3049,966193,13536,1.692000
3050,966510,13456,1.682000
3051,966826,13904,1.738000
3052,967144,14528,1.816000
3053,967461,14944,1.868000
3054,967777,15008,1.876000
3055,968095,14400,1.800000
3056,968411,13856,1.732000
3057,968728,13424,1.678000
3058,969045,13456,1.682000
3059,969362,13616,1.702000
3060,969679,13696,1.712000
3061,969995,13648,1.706000
3062,970312,13424,1.678000
3063,970629,13296,1.662000
3064,970946,13280,1.660000
3065,971263,13328,1.666000
3066,971580,13296,1.662000
3067,971897,13040,1.630000
3068,972214,12512,1.564000
3069,972530,12096,1.512000
3070,972847,11936,1.492000
3071,973164,12368,1.546000
3072,973481,12912,1.614000
3073,973798,13328,1.666000
3074,974114,13216,1.652000
3075,974432,12688,1.586000
3076,974749,11920,1.490000
3077,975065,11584,1.448000
3078,975382,11712,1.464000
3079,975699,12400,1.550000
3080,976016,13088,1.636000
3081,976332,13360,1.670000
3082,976650,13184,1.648000
3083,976966,12912,1.614000
3084,977283,12656,1.582000
3085,977600,12688,1.586000
3086,977917,12896,1.612000
3087,978234,13168,1.646000
3088,978551,13360,1.670000
3089,978868,13456,1.682000
3090,979184,13456,1.682000
3091,979501,13680,1.710000
3092,979818,14112,1.764000
3093,980135,14336,1.792000
3094,980452,14448,1.806000
3095,980769,14064,1.758000
3096,981085,13600,1.700000
3097,981403,13472,1.684000
3098,981719,13664,1.708000
3099,982036,14352,1.794000
3100,982353,15024,1.878000
3101,982670,15280,1.910000
3102,982987,14960,1.870000
3103,983304,14272,1.784000
3104,983621,13616,1.702000
3105,983937,13200,1.650000
3106,984254,13728,1.716000
3107,984571,14224,1.778000
3108,984887,14528,1.816000
3109,985204,14560,1.820000
3110,985522,14256,1.782000
3111,985839,13904,1.738000
3112,986155,13472,1.684000
3113,986472,13376,1.672000
3114,986789,13440,1.680000
3115,987106,13376,1.672000
3116,987423,13088,1.636000
3117,987740,12912,1.614000
3118,988056,13184,1.648000
3119,988373,13008,1.626000
3120,988690,13264,1.658000
3121,989007,13360,1.670000
3122,989324,13024,1.628000
3123,989641,12384,1.548000
3124,989958,12000,1.500000
3125,990275,11680,1.460000
3126,990591,12096,1.512000
3127,990909,12752,1.594000
3128,991225,13296,1.662000
3129,991542,13312,1.664000
3130,991859,12800,1.600000
3131,992175,12192,1.524000
3132,992492,11808,1.476000
3133,992810,11984,1.498000
3134,993126,12496,1.562000
3135,993443,13008,1.626000
3136,993760,13408,1.676000
3137,994077,13376,1.672000
3138,994394,13136,1.642000
3139,994710,13120,1.640000
3140,995028,13232,1.654000
3141,995344,13408,1.676000
3142,995661,13536,1.692000
3143,995978,13568,1.696000
3144,996295,13424,1.678000
3145,996612,13408,1.676000
3146,996929,13840,1.730000
3147,997246,14384,1.798000
3148,997562,14800,1.850000
3149,997879,14800,1.850000
3150,998196,14304,1.788000
3151,998513,13776,1.722000
3152,998830,13424,1.678000
3153,999147,13584,1.698000
3154,999463,14224,1.778000
3155,999780,14912,1.864000
