sample,timestamp_us,raw,voltage_V
0,76,13402,1.675250
1,1270,13386,1.673250
2,2464,13401,1.675125
3,3658,13418,1.677250
4,4851,13400,1.675000
5,6045,13376,1.672000
6,7239,13365,1.670625
7,8433,13378,1.672250
8,9627,13392,1.674000
9,10820,13342,1.667750
10,12014,13375,1.671875
11,13208,13378,1.672250
12,14402,13375,1.671875
13,15596,13376,1.672000
14,16789,13397,1.674625
15,17983,13415,1.676875
16,19177,13406,1.675750
17,20371,13414,1.676750
18,21565,13400,1.675000
19,22758,13415,1.676875
20,23952,13385,1.673125
21,25146,13357,1.669625
22,26340,13368,1.671000
23,27534,13349,1.668625
24,28728,13352,1.669000
25,29921,13398,1.674750
26,31115,13378,1.672250
27,32309,13362,1.670250
28,33503,13413,1.676625
29,34697,13401,1.675125
30,35890,13401,1.675125
31,37084,13384,1.673000
32,38278,13379,1.672375
33,39472,13395,1.674375
34,40666,13358,1.669750
35,41860,13395,1.674375
36,43053,13379,1.672375
37,44247,13375,1.671875
38,45441,13336,1.667000
39,46634,13379,1.672375
40,47828,13379,1.672375
41,49022,13398,1.674750
42,50216,13383,1.672875
43,51410,13410,1.676250
44,52603,13410,1.676250
45,53797,13396,1.674500
46,54992,13379,1.672375
47,56185,13422,1.677750
48,57379,13367,1.670875
49,58573,13394,1.674250
50,59766,13352,1.669000
51,60960,13373,1.671625
52,62154,13369,1.671125
53,63348,13354,1.669250
54,64541,13389,1.673625
55,65735,13386,1.673250
56,66929,13404,1.675500
57,68123,13418,1.677250
58,69317,13399,1.674875
59,70511,13416,1.677000
60,71704,13381,1.672625
61,72898,13402,1.675250
62,74093,13374,1.671750
63,75286,13394,1.674250
64,76480,13371,1.671375
65,77674,13360,1.670000
66,78867,13375,1.671875
67,80061,13380,1.672500
68,81255,13397,1.674625
69,82449,13400,1.675000
70,83642,13394,1.674250
71,84836,13391,1.673875
72,86030,13402,1.675250
73,87224,13414,1.676750
74,88418,13402,1.675250
75,89611,13408,1.676000
76,90805,13351,1.668875
77,91999,13382,1.672750
78,93193,13360,1.670000
79,94387,13376,1.672000
80,95581,13347,1.668375
81,96774,13400,1.675000
82,97968,13374,1.671750
83,99162,13382,1.672750
84,100356,13390,1.673750
85,101550,13400,1.675000
86,102743,13417,1.677125
87,103937,13396,1.674500
88,105132,13403,1.675375
89,106325,13383,1.672875
90,107519,13399,1.674875
91,108713,13373,1.671625
92,109906,13397,1.674625
93,111100,13358,1.669750
94,112294,13356,1.669500
95,113488,13366,1.670750
96,114684,13381,1.672625
97,115876,13392,1.674000
98,117069,13407,1.675875
99,118263,13415,1.676875
100,119457,13363,1.670375
101,120651,13408,1.676000
102,121845,13379,1.672375
103,123038,13402,1.675250
104,124232,13409,1.676125
105,125425,13374,1.671750
106,126620,13380,1.672500
107,127813,13349,1.668625
108,129007,13387,1.673375
109,130201,13352,1.669000
110,131395,13388,1.673500
111,132589,13413,1.676625
112,133783,13398,1.674750
113,134977,13421,1.677625
114,136170,13413,1.676625
115,137364,13419,1.677375
116,138558,13413,1.676625
117,139752,13379,1.672375
118,140946,13422,1.677750
119,142139,13373,1.671625
120,143333,13378,1.672250
121,144526,13350,1.668750
122,145721,13366,1.670750
123,146915,13399,1.674875
124,148108,13387,1.673375
125,149301,13395,1.674375
126,150496,13420,1.677500
127,151690,13415,1.676875
128,152884,13383,1.672875
129,154077,13390,1.673750
130,155271,13425,1.678125
131,156465,13389,1.673625
132,157659,13384,1.673000
133,158853,13385,1.673125
134,160047,13358,1.669750
135,161240,13371,1.671375
136,162434,13371,1.671375
137,163628,13386,1.673250
138,164822,13388,1.673500
139,166016,13422,1.677750
140,167209,13384,1.673000
141,168403,13416,1.677000
142,169597,13406,1.675750
143,170791,13418,1.677250
144,171985,13423,1.677875
145,173178,13383,1.672875
146,174372,13372,1.671500
147,175566,13372,1.671500
148,176760,13387,1.673375
149,177954,13366,1.670750
150,179147,13374,1.671750
151,180341,13357,1.669625
152,181534,13376,1.672000
153,182729,13413,1.676625
154,183923,13384,1.673000
155,185117,13407,1.675875
156,186310,13370,1.671250
157,187504,13422,1.677750
158,188698,13392,1.674000
159,189892,13399,1.674875
160,191086,13373,1.671625
161,192279,13382,1.672750
162,193473,13392,1.674000
163,194667,13333,1.666625
164,195860,13375,1.671875
165,197054,13374,1.671750
166,198248,13390,1.673750
167,199442,13400,1.675000
168,200635,13384,1.673000
169,201830,13392,1.674000
170,203023,13415,1.676875
171,204217,13406,1.675750
172,205411,13427,1.678375
173,206604,13380,1.672500
174,207798,13392,1.674000
175,208992,13367,1.670875
176,210186,13347,1.668375
177,211379,13370,1.671250
178,212574,13335,1.666875
179,213767,13387,1.673375
180,214961,13388,1.673500
181,216155,13388,1.673500
182,217349,13397,1.674625
183,218543,13405,1.675625
184,219736,13408,1.676000
185,220930,13412,1.676500
186,222124,13397,1.674625
187,223318,13387,1.673375
188,224512,13409,1.676125
189,225705,13357,1.669625
190,226899,13379,1.672375
191,228093,13389,1.673625
192,229287,13372,1.671500
193,230481,13357,1.669625
194,231675,13392,1.674000
195,232869,13404,1.675500
196,234062,13395,1.674375
197,235256,13437,1.679625
198,236450,13386,1.673250
199,237644,13411,1.676375
200,238838,13425,1.678125
201,240031,13417,1.677125
202,241225,13399,1.674875
203,242419,13372,1.671500
204,243613,13355,1.669375
205,244807,13363,1.670375
206,246000,13375,1.671875
207,247195,13369,1.671125
208,248387,13370,1.671250
209,249582,13374,1.671750
210,250775,13394,1.674250
211,251969,13407,1.675875
212,253163,13438,1.679750
213,254357,13401,1.675125
214,255551,13400,1.675000
215,256745,13400,1.675000
216,257938,13373,1.671625
217,259132,13383,1.672875
218,260326,13359,1.669875
219,261520,13363,1.670375
220,262714,13356,1.669500
221,263907,13413,1.676625
222,265101,13370,1.671250
223,266295,13392,1.674000
224,267488,13360,1.670000
225,268684,13400,1.675000
226,269877,13404,1.675500
227,271071,13396,1.674500
228,272264,13386,1.673250
229,273458,13392,1.674000
230,274652,13361,1.670125
231,275845,13403,1.675375
232,277040,13377,1.672125
233,278233,13371,1.671375
234,279428,13388,1.673500
235,280621,13341,1.667625
236,281815,13371,1.671375
237,283009,13384,1.673000
238,284202,13395,1.674375
239,285396,13409,1.676125
240,286590,13410,1.676250
241,287784,13422,1.677750
242,288978,13373,1.671625
243,290171,13414,1.676750
244,291365,13390,1.673750
245,292558,13367,1.670875
246,293753,13386,1.673250
247,294947,13356,1.669500
248,296141,13355,1.669375
249,297334,13363,1.670375
250,298528,13394,1.674250
251,299721,13386,1.673250
252,300916,13402,1.675250
253,302110,13411,1.676375
254,303303,13397,1.674625
255,304497,13380,1.672500
256,305691,13402,1.675250
257,306885,13390,1.673750
258,308079,13389,1.673625
259,309272,13366,1.670750
260,310466,13356,1.669500
261,311660,13368,1.671000
262,312854,13331,1.666375
263,314048,13406,1.675750
264,315241,13352,1.669000
265,316435,13362,1.670250
266,317629,13381,1.672625
267,318822,13393,1.674125
268,320016,13425,1.678125
269,321210,13394,1.674250
270,322404,13404,1.675500
271,323598,13390,1.673750
272,324792,13389,1.673625
273,325986,13360,1.670000
274,327180,13369,1.671125
275,328373,13384,1.673000
276,329567,13376,1.672000
277,330761,13383,1.672875
278,331954,13383,1.672875
279,333148,13385,1.673125
280,334342,13421,1.677625
281,335536,13409,1.676125
282,336730,13354,1.669250
283,337924,13412,1.676500
284,339118,13377,1.672125
285,340312,13378,1.672250
286,341505,13378,1.672250
287,342699,13365,1.670625
288,343893,13402,1.675250
289,345087,13357,1.669625
290,346281,13382,1.672750
291,347475,13383,1.672875
292,348668,13379,1.672375
293,349862,13398,1.674750
294,351056,13422,1.677750
295,352250,13391,1.673875
296,353444,13437,1.679625
297,354637,13402,1.675250
298,355831,13379,1.672375
299,357025,13380,1.672500
300,358219,13400,1.675000
301,359413,13380,1.672500
302,360606,13371,1.671375
303,361800,13374,1.671750
304,362994,13376,1.672000
305,364188,13358,1.669750
306,365382,13379,1.672375
307,366576,13391,1.673875
308,367769,13424,1.678000
309,368963,13411,1.676375
310,370157,13401,1.675125
311,371350,13395,1.674375
312,372545,13404,1.675500
313,373738,13386,1.673250
314,374932,13417,1.677125
315,376126,13362,1.670250
316,377319,13381,1.672625
317,378514,13371,1.671375
318,379707,13367,1.670875
319,380901,13371,1.671375
320,382095,13383,1.672875
321,383289,13383,1.672875
322,384483,13422,1.677750
323,385676,13429,1.678625
324,386870,13384,1.673000
325,388064,13402,1.675250
326,389258,13373,1.671625
327,390452,13388,1.673500
328,391646,13389,1.673625
329,392839,13366,1.670750
330,394033,13372,1.671500
331,395227,13366,1.670750
332,396421,13385,1.673125
333,397615,13371,1.671375
334,398808,13406,1.675750
335,400002,13393,1.674125
336,401196,13378,1.672250
337,402389,13407,1.675875
338,403583,13411,1.676375
339,404777,13377,1.672125
340,405970,13419,1.677375
341,407165,13387,1.673375
342,408359,13365,1.670625
343,409553,13379,1.672375
344,410746,13374,1.671750
345,411940,13369,1.671125
346,413134,13325,1.665625
347,414328,13410,1.676250
348,415521,13409,1.676125
349,416716,13377,1.672125
350,417909,13392,1.674000
351,419102,13368,1.671000
352,420297,13403,1.675375
353,421490,13406,1.675750
354,422684,13387,1.673375
355,423879,13383,1.672875
356,425072,13380,1.672500
357,426266,13356,1.669500
358,427460,13350,1.668750
359,428653,13374,1.671750
360,429848,13373,1.671625
361,431042,13376,1.672000
362,432235,13376,1.672000
363,433429,13406,1.675750
364,434623,13425,1.678125
365,435816,13410,1.676250
366,437010,13395,1.674375
367,438204,13398,1.674750
368,439398,13411,1.676375
369,440592,13384,1.673000
370,441786,13407,1.675875
371,442979,13366,1.670750
372,444173,13344,1.668000
373,445367,13358,1.669750
374,446561,13390,1.673750
375,447755,13376,1.672000
376,448949,13396,1.674500
377,450143,13380,1.672500
378,451336,13377,1.672125
379,452530,13421,1.677625
380,453724,13401,1.675125
381,454917,13412,1.676500
382,456111,13381,1.672625
383,457305,13387,1.673375
384,458499,13382,1.672750
385,459693,13394,1.674250
386,460887,13385,1.673125
387,462081,13364,1.670500
388,463274,13367,1.670875
389,464468,13346,1.668250
390,465662,13391,1.673875
391,466856,13395,1.674375
392,468049,13406,1.675750
393,469243,13384,1.673000
394,470437,13413,1.676625
395,471631,13397,1.674625
396,472825,13416,1.677000
397,474019,13374,1.671750
398,475213,13368,1.671000
399,476406,13392,1.674000
400,477600,13355,1.669375
401,478794,13402,1.675250
402,479988,13353,1.669125
403,481181,13368,1.671000
404,482375,13389,1.673625
405,483569,13397,1.674625
406,484763,13406,1.675750
407,485957,13418,1.677250
408,487150,13404,1.675500
409,488344,13398,1.674750
410,489538,13365,1.670625
411,490732,13387,1.673375
412,491926,13367,1.670875
413,493120,13358,1.669750
414,494314,13395,1.674375
415,495507,13347,1.668375
416,496701,13373,1.671625
417,497895,13377,1.672125
418,499088,13394,1.674250
419,500282,13386,1.673250
420,501476,13391,1.673875
421,502670,13432,1.679000
422,503864,13390,1.673750
423,505058,13409,1.676125
424,506252,13390,1.673750
425,507446,13392,1.674000
426,508639,13374,1.671750
427,509833,13352,1.669000
428,511027,13365,1.670625
429,512221,13398,1.674750
430,513414,13347,1.668375
431,514608,13361,1.670125
432,515802,13379,1.672375
433,516996,13407,1.675875
434,518190,13395,1.674375
435,519383,13388,1.673500
436,520576,13410,1.676250
437,521771,13389,1.673625
438,522965,13384,1.673000
439,524159,13393,1.674125
440,525352,13354,1.669250
441,526546,13400,1.675000
442,527740,13336,1.667000
443,528934,13375,1.671875
444,530128,13385,1.673125
445,531322,13375,1.671875
446,532516,13393,1.674125
447,533709,13418,1.677250
448,534903,13409,1.676125
449,536097,13413,1.676625
450,537291,13418,1.677250
451,538485,13400,1.675000
452,539682,13388,1.673500
453,540872,13376,1.672000
454,542066,13427,1.678375
455,543260,13368,1.671000
456,544453,13379,1.672375
457,545647,13364,1.670500
458,546840,13370,1.671250
459,548034,13352,1.669000
460,549229,13389,1.673625
461,550422,13390,1.673750
462,551616,13397,1.674625
463,552810,13430,1.678750
464,554004,13375,1.671875
465,555198,13416,1.677000
466,556391,13399,1.674875
467,557586,13379,1.672375
468,558779,13380,1.672500
469,559973,13360,1.670000
470,561167,13382,1.672750
471,562361,13328,1.666000
472,563554,13362,1.670250
473,564749,13389,1.673625
474,565942,13384,1.673000
475,567136,13397,1.674625
476,568330,13397,1.674625
477,569523,13381,1.672625
478,570717,13424,1.678000
479,571910,13375,1.671875
480,573105,13406,1.675750
481,574299,13394,1.674250
482,575492,13389,1.673625
483,576686,13350,1.668750
484,577880,13376,1.672000
485,579074,13365,1.670625
486,580268,13366,1.670750
487,581461,13395,1.674375
488,582655,13414,1.676750
489,583849,13378,1.672250
490,585043,13417,1.677125
491,586237,13391,1.673875
492,587431,13429,1.678625
493,588624,13393,1.674125
494,589818,13398,1.674750
495,591012,13402,1.675250
496,592206,13394,1.674250
497,593400,13374,1.671750
498,594594,13374,1.671750
499,595787,13364,1.670500
500,596981,13386,1.673250
501,598175,13377,1.672125
502,599368,13379,1.672375
503,600562,13419,1.677375
504,601757,13380,1.672500
505,602950,13439,1.679875
506,604144,13393,1.674125
507,605338,13413,1.676625
508,606531,13364,1.670500
509,607725,13381,1.672625
510,608919,13390,1.673750
511,610113,13349,1.668625
512,611307,13375,1.671875
513,612501,13381,1.672625
514,613694,13385,1.673125
515,614888,13344,1.668000
516,616082,13378,1.672250
517,617276,13405,1.675625
518,618470,13418,1.677250
519,619664,13413,1.676625
520,620857,13381,1.672625
521,622051,13377,1.672125
522,623245,13378,1.672250
523,624439,13385,1.673125
524,625633,13381,1.672625
525,626826,13397,1.674625
526,628020,13347,1.668375
527,629214,13361,1.670125
528,630408,13367,1.670875
529,631602,13383,1.672875
530,632796,13396,1.674500
531,633989,13384,1.673000
532,635183,13420,1.677500
533,636377,13399,1.674875
534,637571,13423,1.677875
535,638764,13381,1.672625
536,639958,13416,1.677000
537,641152,13392,1.674000
538,642346,13369,1.671125
539,643540,13365,1.670625
540,644734,13354,1.669250
541,645927,13337,1.667125
542,647121,13379,1.672375
543,648315,13380,1.672500
544,649509,13406,1.675750
545,650703,13392,1.674000
546,651896,13392,1.674000
547,653090,13399,1.674875
548,654284,13426,1.678250
549,655477,13402,1.675250
550,656672,13380,1.672500
551,657865,13380,1.672500
552,659059,13374,1.671750
553,660253,13356,1.669500
554,661447,13404,1.675500
555,662640,13346,1.668250
556,663835,13387,1.673375
557,665028,13405,1.675625
558,666222,13376,1.672000
559,667416,13409,1.676125
560,668610,13380,1.672500
561,669804,13405,1.675625
562,670998,13369,1.671125
563,672191,13389,1.673625
564,673385,13384,1.673000
565,674578,13387,1.673375
566,675773,13394,1.674250
567,676967,13382,1.672750
568,678160,13377,1.672125
569,679354,13366,1.670750
570,680548,13386,1.673250
571,681742,13378,1.672250
572,682936,13386,1.673250
573,684130,13402,1.675250
574,685323,13425,1.678125
575,686517,13401,1.675125
576,687711,13395,1.674375
577,688904,13389,1.673625
578,690098,13373,1.671625
579,691292,13368,1.671000
580,692486,13360,1.670000
581,693683,13403,1.675375
582,694874,13331,1.666375
583,696067,13375,1.671875
584,697262,13380,1.672500
585,698455,13400,1.675000
586,699649,13392,1.674000
587,700843,13426,1.678250
588,702037,13400,1.675000
589,703230,13432,1.679000
590,704424,13387,1.673375
591,705618,13405,1.675625
592,706812,13393,1.674125
593,708006,13367,1.670875
594,709200,13420,1.677500
595,710394,13360,1.670000
596,711587,13366,1.670750
597,712781,13371,1.671375
598,713975,13380,1.672500
599,715168,13376,1.672000
600,716363,13381,1.672625
601,717557,13383,1.672875
602,718750,13393,1.674125
603,719944,13413,1.676625
604,721138,13396,1.674500
605,722332,13405,1.675625
606,723526,13401,1.675125
607,724719,13383,1.672875
608,725913,13358,1.669750
609,727107,13367,1.670875
610,728301,13357,1.669625
611,729495,13374,1.671750
612,730688,13368,1.671000
613,731882,13383,1.672875
614,733076,13375,1.671875
615,734270,13388,1.673500
616,735464,13418,1.677250
617,736658,13389,1.673625
618,737852,13404,1.675500
619,739045,13375,1.671875
620,740239,13358,1.669750
621,741433,13377,1.672125
622,742627,13364,1.670500
623,743821,13382,1.672750
624,745014,13368,1.671000
625,746207,13376,1.672000
626,747401,13375,1.671875
627,748595,13413,1.676625
628,749790,13389,1.673625
629,750984,13409,1.676125
630,752177,13386,1.673250
631,753371,13412,1.676500
632,754565,13385,1.673125
633,755759,13432,1.679000
634,756953,13391,1.673875
635,758146,13373,1.671625
636,759340,13408,1.676000
637,760534,13347,1.668375
638,761728,13368,1.671000
639,762922,13354,1.669250
640,764116,13398,1.674750
641,765309,13389,1.673625
642,766503,13401,1.675125
643,767697,13416,1.677000
644,768891,13409,1.676125
645,770085,13417,1.677125
646,771279,13380,1.672500
647,772472,13410,1.676250
648,773666,13401,1.675125
649,774860,13344,1.668000
650,776053,13387,1.673375
651,777248,13367,1.670875
652,778441,13368,1.671000
653,779635,13386,1.673250
654,780828,13378,1.672250
655,782022,13377,1.672125
656,783216,13394,1.674250
657,784410,13422,1.677750
658,785604,13432,1.679000
659,786798,13369,1.671125
660,787992,13403,1.675375
661,789186,13398,1.674750
662,790380,13376,1.672000
663,791573,13376,1.672000
664,792768,13359,1.669875
665,793961,13375,1.671875
666,795155,13355,1.669375
667,796349,13382,1.672750
668,797543,13376,1.672000
669,798736,13385,1.673125
670,799930,13384,1.673000
671,801124,13406,1.675750
672,802318,13400,1.675000
673,803511,13447,1.680875
674,804705,13409,1.676125
675,805899,13377,1.672125
676,807093,13363,1.670375
677,808286,13386,1.673250
678,809481,13347,1.668375
679,810674,13348,1.668500
680,811868,13374,1.671750
681,813062,13360,1.670000
682,814256,13381,1.672625
683,815450,13388,1.673500
684,816643,13382,1.672750
685,817837,13412,1.676500
686,819031,13392,1.674000
687,820225,13398,1.674750
688,821419,13406,1.675750
689,822613,13397,1.674625
690,823806,13401,1.675125
691,825000,13380,1.672500
692,826194,13363,1.670375
693,827388,13361,1.670125
694,828582,13367,1.670875
695,829776,13373,1.671625
696,830970,13400,1.675000
697,832163,13397,1.674625
698,833357,13392,1.674000
699,834551,13382,1.672750
700,835745,13409,1.676125
701,836938,13397,1.674625
702,838132,13417,1.677125
703,839326,13399,1.674875
704,840520,13409,1.676125
705,841714,13405,1.675625
706,842908,13343,1.667875
707,844101,13383,1.672875
708,845295,13362,1.670250
709,846489,13397,1.674625
710,847684,13382,1.672750
711,848877,13376,1.672000
712,850071,13439,1.679875
713,851264,13421,1.677625
714,852459,13431,1.678875
715,853652,13411,1.676375
716,854846,13419,1.677375
717,856040,13364,1.670500
718,857234,13375,1.671875
719,858427,13368,1.671000
720,859621,13355,1.669375
721,860815,13365,1.670625
722,862009,13354,1.669250
723,863203,13348,1.668500
724,864397,13384,1.673000
725,865590,13380,1.672500
726,866783,13372,1.671500
727,867978,13410,1.676250
728,869172,13386,1.673250
729,870365,13444,1.680500
730,871559,13398,1.674750
731,872753,13394,1.674250
732,873947,13388,1.673500
733,875141,13397,1.674625
734,876334,13367,1.670875
735,877528,13333,1.666625
736,878722,13403,1.675375
737,879915,13374,1.671750
738,881109,13353,1.669125
739,882304,13408,1.676000
740,883498,13390,1.673750
741,884691,13415,1.676875
742,885885,13403,1.675375
743,887078,13415,1.676875
744,888273,13413,1.676625
745,889467,13421,1.677625
746,890660,13396,1.674500
747,891854,13409,1.676125
748,893048,13360,1.670000
749,894242,13389,1.673625
750,895436,13370,1.671250
751,896629,13373,1.671625
752,897823,13380,1.672500
753,899017,13377,1.672125
754,900211,13394,1.674250
755,901405,13397,1.674625
756,902598,13409,1.676125
757,903792,13403,1.675375
758,904986,13403,1.675375
759,906180,13388,1.673500
760,907374,13376,1.672000
761,908567,13364,1.670500
762,909761,13373,1.671625
763,910955,13385,1.673125
764,912148,13405,1.675625
765,913342,13376,1.672000
766,914536,13374,1.671750
767,915731,13389,1.673625
768,916924,13403,1.675375
769,918118,13409,1.676125
770,919312,13391,1.673875
771,920506,13424,1.678000
772,921699,13383,1.672875
773,922893,13418,1.677250
774,924087,13392,1.674000
775,925281,13373,1.671625
776,926475,13363,1.670375
777,927669,13365,1.670625
778,928862,13420,1.677500
779,930056,13349,1.668625
780,931250,13341,1.667625
781,932444,13414,1.676750
782,933637,13403,1.675375
783,934831,13400,1.675000
784,936025,13407,1.675875
785,937219,13412,1.676500
786,938413,13391,1.673875
787,939607,13382,1.672750
788,940800,13382,1.672750
789,941994,13390,1.673750
790,943188,13370,1.671250
791,944382,13375,1.671875
792,945576,13349,1.668625
793,946769,13381,1.672625
794,947963,13351,1.668875
795,949157,13400,1.675000
796,950351,13394,1.674250
797,951545,13393,1.674125
798,952739,13426,1.678250
799,953932,13399,1.674875
800,955126,13409,1.676125
801,956320,13395,1.674375
802,957514,13363,1.670375
803,958707,13407,1.675875
804,959901,13370,1.671250
805,961095,13329,1.666125
806,962289,13363,1.670375
807,963483,13370,1.671250
808,964677,13389,1.673625
809,965870,13384,1.673000
810,967064,13383,1.672875
811,968258,13401,1.675125
812,969452,13393,1.674125
813,970646,13430,1.678750
814,971840,13393,1.674125
815,973033,13399,1.674875
816,974226,13392,1.674000
817,975421,13380,1.672500
818,976615,13400,1.675000
819,977809,13315,1.664375
820,979003,13404,1.675500
821,980196,13371,1.671375
822,981390,13345,1.668125
823,982584,13383,1.672875
824,983777,13382,1.672750
825,984971,13402,1.675250
826,986165,13405,1.675625
827,987359,13425,1.678125
828,988553,13402,1.675250
829,989747,13360,1.670000
830,990941,13381,1.672625
831,992134,13384,1.673000
832,993328,13397,1.674625
833,994521,13380,1.672500
834,995715,13337,1.667125
835,996909,13391,1.673875
836,998103,13371,1.671375
837,999297,13398,1.674750