sample,timestamp_us,raw,voltage_V
0,234,14928,1.866000
1,551,14816,1.852000
2,868,14640,1.830000
3,1184,14512,1.814000
4,1501,14320,1.790000
5,1818,14080,1.760000
6,2135,13824,1.728000
7,2451,13600,1.700000
8,2768,13424,1.678000
9,3085,13216,1.652000
10,3402,12960,1.620000
11,3719,12768,1.596000
12,4036,12544,1.568000
13,4353,12320,1.540000
14,4669,12208,1.526000
15,4987,12016,1.502000
16,5304,11872,1.484000
17,5620,11712,1.464000
18,5936,11680,1.460000
19,6254,11552,1.444000
20,6571,11504,1.438000
21,6888,11488,1.436000
22,7205,11504,1.438000
23,7521,11504,1.438000
24,7838,11584,1.448000
25,8155,11648,1.456000
26,8472,11776,1.472000
27,8789,11952,1.494000
28,9105,12064,1.508000
29,9423,12272,1.534000
30,9739,12432,1.554000
31,10056,12624,1.578000
32,10373,12912,1.614000
33,10690,13040,1.630000
34,11006,13328,1.666000
35,11324,13520,1.690000
36,11640,13744,1.718000
37,11958,13968,1.746000
38,12274,14176,1.772000
39,12591,14368,1.796000
40,12908,14496,1.812000
41,13225,14752,1.844000
42,13542,14848,1.856000
43,13858,14960,1.870000
44,14176,15072,1.884000
45,14492,15200,1.900000
46,14809,15248,1.906000
47,15126,15216,1.902000
48,15443,15280,1.910000
49,15759,15248,1.906000
50,16076,15200,1.900000
51,16393,15088,1.886000
52,16710,15056,1.882000
53,17026,14864,1.858000
54,17343,14720,1.840000
55,17661,14544,1.818000
56,17977,14336,1.792000
57,18294,14208,1.776000
58,18611,13936,1.742000
59,18928,13760,1.720000
60,19245,13568,1.696000
61,19562,13328,1.666000
62,19879,13072,1.634000
63,20196,12896,1.612000
64,20512,12672,1.584000
65,20829,12464,1.558000
66,21147,12288,1.536000
67,21463,12064,1.508000
68,21780,12016,1.502000
69,22097,11824,1.478000
70,22413,11696,1.462000
71,22731,11632,1.454000
72,23047,11536,1.442000
73,23364,11504,1.438000
74,23684,11520,1.440000
75,23998,11504,1.438000
76,24315,11568,1.446000
77,24631,11600,1.450000
78,24948,11712,1.464000
79,25265,11856,1.482000
80,25582,11984,1.498000
81,25899,12128,1.516000
82,26215,12352,1.544000
83,26533,12560,1.570000
84,26850,12752,1.594000
85,27166,12992,1.624000
86,27483,13136,1.642000
87,27800,13392,1.674000
88,28117,13536,1.692000
89,28434,13808,1.726000
90,28751,13952,1.744000
91,29067,14240,1.780000
92,29384,14432,1.804000
93,29701,14592,1.824000
94,30018,14800,1.850000
95,30335,14928,1.866000
96,30652,15040,1.880000
97,30968,15104,1.888000
98,31286,15264,1.908000
99,31602,15200,1.900000
100,31919,15280,1.910000
101,32236,15296,1.912000
102,32553,15248,1.906000
103,32870,15152,1.894000
104,33187,15040,1.880000
105,33503,14896,1.862000
106,33820,14832,1.854000
107,34137,14688,1.836000
108,34454,14496,1.812000
109,34771,14272,1.784000
110,35088,14128,1.766000
111,35404,13920,1.740000
112,35721,13680,1.710000
113,36038,13504,1.688000
114,36355,13248,1.656000
115,36672,13024,1.628000
116,36989,12816,1.602000
117,37306,12592,1.574000
118,37623,12400,1.550000
119,37940,12192,1.524000
120,38256,12064,1.508000
121,38573,11904,1.488000
122,38890,11760,1.470000
123,39207,11712,1.464000
124,39524,11584,1.448000
125,39840,11504,1.438000
126,40157,11472,1.434000
127,40474,11472,1.434000
128,40791,11568,1.446000
129,41108,11584,1.448000
130,41425,11680,1.460000
131,41741,11808,1.476000
132,42059,11904,1.488000
133,42376,11904,1.488000
134,42692,12224,1.528000
135,43009,12400,1.550000
136,43326,12624,1.578000
137,43643,12784,1.598000
138,43960,12976,1.622000
139,44277,13216,1.652000
140,44593,13456,1.682000
141,44910,13616,1.702000
142,45227,13936,1.742000
143,45544,14096,1.762000
144,45861,14224,1.778000
145,46178,14496,1.812000
146,46495,14688,1.836000
147,46811,14816,1.852000
148,47128,14976,1.872000
149,47445,15072,1.884000
150,47762,15184,1.898000
151,48079,15200,1.900000
152,48396,15200,1.900000
153,48712,15312,1.914000
154,49030,15248,1.906000
155,49346,15232,1.904000
156,49663,15168,1.896000
157,49980,15104,1.888000
158,50297,14944,1.868000
159,50613,14816,1.852000
160,50931,14608,1.826000
161,51247,14432,1.804000
162,51564,14208,1.776000
163,51881,14032,1.754000
164,52198,13840,1.730000
165,52515,13616,1.702000
166,52832,13376,1.672000
167,53148,13104,1.638000
168,53466,12944,1.618000
169,53782,12736,1.592000
170,54099,12528,1.566000
171,54416,12288,1.536000
172,54732,12176,1.522000
173,55050,12016,1.502000
174,55367,11856,1.482000
175,55685,11712,1.464000
176,56000,11616,1.452000
177,56317,11536,1.442000
178,56634,11472,1.434000
179,56951,11488,1.436000
180,57268,11472,1.434000
181,57584,11600,1.450000
182,57901,11600,1.450000
183,58219,11712,1.464000
184,58535,11792,1.474000
185,58852,11952,1.494000
186,59168,12064,1.508000
187,59486,12336,1.542000
188,59803,12448,1.556000
189,60119,12624,1.578000
190,60436,12864,1.608000
191,60752,13072,1.634000
192,61070,13360,1.670000
193,61387,13616,1.702000
194,61704,13776,1.722000
195,62020,14000,1.750000
196,62337,14192,1.774000
197,62655,14368,1.796000
198,62971,14592,1.824000
199,63288,14704,1.838000
200,63605,14832,1.854000
201,63921,15024,1.878000
202,64239,15072,1.884000
203,64555,15200,1.900000
204,64872,15184,1.898000
205,65189,15200,1.900000
206,65505,15232,1.904000
207,65823,15280,1.910000
208,66139,15200,1.900000
209,66456,15088,1.886000
210,66773,15040,1.880000
211,67090,14896,1.862000
212,67406,14672,1.834000
213,67724,14512,1.814000
214,68040,14304,1.788000
215,68358,14224,1.778000
216,68674,13968,1.746000
217,68991,13744,1.718000
218,69308,13472,1.684000
219,69625,13232,1.654000
220,69942,13040,1.630000
221,70259,12896,1.612000
222,70575,12672,1.584000
223,70892,12432,1.554000
224,71209,12192,1.524000
225,71526,12048,1.506000
226,71843,11936,1.492000
227,72159,11792,1.474000
228,72477,11664,1.458000
229,72794,11552,1.444000
230,73110,11504,1.438000
231,73427,11504,1.438000
232,73743,11536,1.442000
233,74061,11504,1.438000
234,74378,11552,1.444000
235,74695,11616,1.452000
236,75011,11776,1.472000
237,75328,11856,1.482000
238,75645,11984,1.498000
239,75962,12192,1.524000
240,76279,12352,1.544000
241,76596,12544,1.568000
242,76913,12800,1.600000
243,77230,12976,1.622000
244,77546,13120,1.640000
245,77863,13440,1.680000
246,78180,13648,1.706000
247,78497,13856,1.732000
248,78814,14064,1.758000
249,79131,14256,1.782000
250,79447,14544,1.818000
251,79764,14656,1.832000
252,80081,14752,1.844000
253,80398,14944,1.868000
254,80715,15088,1.886000
255,81032,15152,1.894000
256,81349,15184,1.898000
257,81665,15280,1.910000
258,81982,15312,1.914000
259,82299,15296,1.912000
260,82616,15200,1.900000
261,82933,15200,1.900000
262,83250,15008,1.876000
263,83566,14960,1.870000
264,83883,14832,1.854000
265,84200,14640,1.830000
266,84517,14480,1.810000
267,84834,14256,1.782000
268,85151,14064,1.758000
269,85467,13856,1.732000
270,85784,13632,1.704000
271,86101,13392,1.674000
272,86418,13216,1.652000
273,86735,12992,1.624000
274,87052,12752,1.594000
275,87369,12592,1.574000
276,87686,12368,1.546000
277,88002,12192,1.524000
278,88319,12032,1.504000
279,88636,11872,1.484000
280,88953,11696,1.462000
281,89270,11584,1.448000
282,89587,11552,1.444000
283,89903,11520,1.440000
284,90220,11536,1.442000
285,90537,11568,1.446000
286,90854,11536,1.442000
287,91171,11568,1.446000
288,91488,11664,1.458000
289,91805,11776,1.472000
290,92122,11952,1.494000
291,92438,12064,1.508000
292,92755,12224,1.528000
293,93072,12400,1.550000
294,93389,12688,1.586000
295,93705,12912,1.614000
296,94023,13104,1.638000
297,94340,13328,1.666000
298,94657,13472,1.684000
299,94973,13712,1.714000
300,95290,13968,1.746000
301,95607,14112,1.764000
302,95923,14384,1.798000
303,96241,14512,1.814000
304,96558,14720,1.840000
305,96874,14864,1.858000
306,97191,14976,1.872000
307,97508,15136,1.892000
308,97825,15152,1.894000
309,98142,15248,1.906000
310,98459,15248,1.906000
311,98775,15264,1.908000
312,99092,15296,1.912000
313,99409,15184,1.898000
314,99726,15104,1.888000
315,100043,15040,1.880000
316,100360,14832,1.854000
317,100677,14752,1.844000
318,100993,14656,1.832000
319,101310,14368,1.796000
320,101627,14192,1.774000
321,101943,14000,1.750000
322,102261,13776,1.722000
323,102578,13504,1.688000
324,102895,13312,1.664000
325,103212,13136,1.642000
326,103528,12896,1.612000
327,103846,12672,1.584000
328,104162,12432,1.554000
329,104479,12256,1.532000
330,104796,12112,1.514000
331,105113,11984,1.498000
332,105430,11792,1.474000
333,105746,11760,1.470000
334,106063,11632,1.454000
335,106380,11488,1.436000
336,106697,11504,1.438000
337,107014,11552,1.444000
338,107331,11520,1.440000
339,107647,11520,1.440000
340,107964,11648,1.456000
341,108281,11728,1.466000
342,108598,11824,1.478000
343,108915,12016,1.502000
344,109232,12128,1.516000
345,109549,12352,1.544000
346,109865,12464,1.558000
347,110182,12736,1.592000
348,110499,12912,1.614000
349,110816,13184,1.648000
350,111133,13376,1.672000
351,111449,13600,1.700000
352,111767,13792,1.724000
353,112084,14016,1.752000
354,112400,14304,1.788000
355,112717,14448,1.806000
356,113034,14608,1.826000
357,113350,14784,1.848000
358,113668,14880,1.860000
359,113984,15088,1.886000
360,114302,15120,1.890000
361,114618,15216,1.902000
362,114935,15248,1.906000
363,115252,15200,1.900000
364,115569,15264,1.908000
365,115886,15024,1.878000
366,116203,15184,1.898000
367,116519,15072,1.884000
368,116836,14976,1.872000
369,117152,14800,1.850000
370,117470,14704,1.838000
371,117787,14336,1.792000
372,118103,14320,1.790000
373,118421,14112,1.764000
374,118737,13936,1.742000
375,119054,13680,1.710000
376,119371,13472,1.684000
377,119688,13216,1.652000
378,120005,12816,1.602000
379,120322,12800,1.600000
380,120638,12544,1.568000
381,120956,12336,1.542000
382,121273,12208,1.526000
383,121589,12048,1.506000
384,121906,11808,1.476000
385,122223,11728,1.466000
386,122539,11664,1.458000
387,122857,11504,1.438000
388,123173,11488,1.436000
389,123490,11568,1.446000
390,123807,11520,1.440000
391,124123,11520,1.440000
392,124441,11552,1.444000
393,124758,11680,1.460000
394,125074,11728,1.466000
395,125391,11872,1.484000
396,125708,12096,1.512000
397,126025,12160,1.520000
398,126342,12368,1.546000
399,126659,12592,1.574000
400,126975,12720,1.590000
401,127293,13024,1.628000
402,127609,13232,1.654000
403,127926,13440,1.680000
404,128243,13696,1.712000
405,128560,13872,1.734000
406,128877,14048,1.756000
407,129193,14304,1.788000
408,129510,14512,1.814000
409,129827,14720,1.840000
410,130143,14816,1.852000
411,130461,14992,1.874000
412,130778,15040,1.880000
413,131094,15136,1.892000
414,131411,15200,1.900000
415,131728,15296,1.912000
416,132045,15280,1.910000
417,132362,15248,1.906000
418,132679,15216,1.902000
419,132995,15168,1.896000
420,133312,15040,1.880000
421,133630,14864,1.858000
422,133946,14800,1.850000
423,134263,14608,1.826000
424,134580,14384,1.798000
425,134897,14224,1.778000
426,135214,14032,1.754000
427,135531,13808,1.726000
428,135847,13600,1.700000
429,136164,13376,1.672000
430,136481,13152,1.644000
431,136798,12944,1.618000
432,137115,12752,1.594000
433,137432,12528,1.566000
434,137748,12272,1.534000
435,138066,12160,1.520000
436,138382,11968,1.496000
437,138699,11856,1.482000
438,139016,11712,1.464000
439,139333,11600,1.450000
440,139650,11552,1.444000
441,139966,11504,1.438000
442,140283,11472,1.434000
443,140600,11504,1.438000
444,140917,11552,1.444000
445,141234,11584,1.448000
446,141551,11760,1.470000
447,141867,11696,1.462000
448,142185,11904,1.488000
449,142501,12352,1.544000
450,142818,12272,1.534000
451,143135,12512,1.564000
452,143452,12672,1.584000
453,143769,12848,1.606000
454,144085,13024,1.628000
455,144402,13648,1.706000
456,144719,13568,1.696000
457,145036,13728,1.716000
458,145353,13968,1.746000
459,145670,14224,1.778000
460,145987,14416,1.802000
461,146304,14576,1.822000
462,146620,15040,1.880000
463,146937,14864,1.858000
464,147254,15024,1.878000
465,147571,15120,1.890000
466,147888,15200,1.900000
467,148205,15248,1.906000
468,148521,15552,1.944000
469,148838,15248,1.906000
470,149156,15248,1.906000
471,149472,15184,1.898000
472,149789,15104,1.888000
473,150106,14976,1.872000
474,150423,14912,1.864000
475,150740,14704,1.838000
476,151056,14480,1.810000
477,151373,14368,1.796000
478,151690,14208,1.776000
479,152007,13952,1.744000
480,152324,13744,1.718000
481,152641,13520,1.690000
482,152958,13280,1.660000
483,153275,13056,1.632000
484,153591,12864,1.608000
485,153908,12608,1.576000
486,154225,12416,1.552000
487,154542,12208,1.526000
488,154858,12080,1.510000
489,155176,11968,1.496000
490,155492,11776,1.472000
491,155809,11712,1.464000
492,156126,11600,1.450000
493,156443,11536,1.442000
494,156760,11488,1.436000
495,157077,11520,1.440000
496,157394,11504,1.438000
497,157710,11616,1.452000
498,158028,11664,1.458000
499,158344,11712,1.464000
500,158661,11872,1.484000
501,158978,12000,1.500000
502,159295,12144,1.518000
503,159611,12336,1.542000
504,159929,12560,1.570000
505,160245,12672,1.584000
506,160562,12992,1.624000
507,160879,13168,1.646000
508,161196,13408,1.676000
509,161512,13648,1.706000
510,161830,13856,1.732000
511,162146,13872,1.734000
512,162463,14288,1.786000
513,162780,14400,1.800000
514,163097,14656,1.832000
515,163414,14800,1.850000
516,163731,14960,1.870000
517,164047,15072,1.884000
518,164364,14896,1.862000
519,164684,15168,1.896000
520,164998,15280,1.910000
521,165315,15280,1.910000
522,165632,15264,1.908000
523,165948,15216,1.902000
524,166266,14928,1.866000
525,166582,15008,1.876000
526,166899,14976,1.872000
527,167216,14784,1.848000
528,167533,14704,1.838000
529,167850,14496,1.812000
530,168166,14304,1.788000
531,168484,13856,1.732000
532,168800,13840,1.730000
533,169118,13552,1.694000
534,169434,13424,1.678000
535,169751,13264,1.658000
536,170068,12928,1.616000
537,170385,12752,1.594000
538,170701,12608,1.576000
539,171018,12208,1.526000
540,171336,12208,1.526000
541,171652,12032,1.504000
542,171969,11904,1.488000
543,172286,11808,1.476000
544,172602,11632,1.454000
545,172919,11568,1.446000
546,173236,11344,1.418000
547,173553,11472,1.434000
548,173870,11568,1.446000
549,174187,11520,1.440000
550,174504,11648,1.456000
551,174821,11712,1.464000
552,175137,11568,1.446000
553,175454,11968,1.496000
554,175771,12096,1.512000
555,176088,12240,1.530000
556,176405,12464,1.558000
557,176721,12640,1.580000
558,177039,12784,1.598000
559,177356,13056,1.632000
560,177672,13296,1.662000
561,177989,13472,1.684000
562,178306,13712,1.714000
563,178623,13888,1.736000
564,178940,14160,1.770000
565,179257,14416,1.802000
566,179574,14544,1.818000
567,179890,14752,1.844000
568,180207,14928,1.866000
569,180524,15040,1.880000
570,180841,15040,1.880000
571,181158,15136,1.892000
572,181475,15184,1.898000
573,181791,15248,1.906000
574,182108,15248,1.906000
575,182425,15248,1.906000
576,182742,15184,1.898000
577,183058,15104,1.888000
578,183376,15008,1.876000
579,183693,14912,1.864000
580,184009,14736,1.842000
581,184326,14560,1.820000
582,184643,14432,1.804000
583,184960,14240,1.780000
584,185277,13984,1.748000
585,185594,13840,1.730000
586,185910,13536,1.692000
587,186227,13296,1.662000
588,186544,13104,1.638000
589,186861,12976,1.622000
590,187178,12656,1.582000
591,187495,12480,1.560000
592,187811,12240,1.530000
593,188129,12080,1.510000
594,188445,11968,1.496000
595,188762,11872,1.484000
596,189079,11648,1.456000
597,189396,11600,1.450000
598,189713,11520,1.440000
599,190030,11504,1.438000
600,190347,11488,1.436000
601,190663,11520,1.440000
602,190980,11504,1.438000
603,191297,11616,1.452000
604,191614,11872,1.484000
605,191931,11792,1.474000
606,192248,12000,1.500000
607,192564,12096,1.512000
608,192881,12320,1.540000
609,193198,12544,1.568000
610,193515,12800,1.600000
611,193832,12960,1.620000
612,194149,13120,1.640000
613,194465,13424,1.678000
614,194782,13552,1.694000
615,195099,13808,1.726000
616,195416,14112,1.764000
617,195733,14320,1.790000
618,196050,14416,1.802000
619,196367,14560,1.820000
620,196685,14784,1.848000
621,197000,14864,1.858000
622,197317,15040,1.880000
623,197634,15184,1.898000
624,197951,15184,1.898000
625,198268,15232,1.904000
626,198585,15280,1.910000
627,198902,15248,1.906000
628,199218,15248,1.906000
629,199535,15200,1.900000
630,199852,15056,1.882000
631,200169,15008,1.876000
632,200486,14864,1.858000
633,200803,14688,1.836000
634,201119,14448,1.806000
635,201436,14336,1.792000
636,201753,14112,1.764000
637,202070,13936,1.742000
638,202387,13728,1.716000
639,202704,13392,1.674000
640,203021,13248,1.656000
641,203338,13040,1.630000
642,203655,12832,1.604000
643,203971,12592,1.574000
644,204288,12416,1.552000
645,204605,12208,1.526000
646,204921,12032,1.504000
647,205239,11888,1.486000
648,205556,11744,1.468000
649,205872,11648,1.456000
650,206189,11632,1.454000
651,206506,11552,1.444000
652,206822,11456,1.432000
653,207140,11472,1.434000
654,207457,11520,1.440000
655,207774,11600,1.450000
656,208090,11728,1.466000
657,208407,11760,1.470000
658,208724,11856,1.482000
659,209041,12016,1.502000
660,209358,12272,1.534000
661,209674,12432,1.554000
662,209992,12560,1.570000
663,210308,12816,1.602000
664,210625,12992,1.624000
665,210942,13216,1.652000
666,211259,13440,1.680000
667,211576,13728,1.716000
668,211892,13920,1.740000
669,212210,14096,1.762000
670,212526,14288,1.786000
671,212843,14512,1.814000
672,213160,14624,1.828000
673,213477,14672,1.834000
674,213793,14960,1.870000
675,214111,15104,1.888000
676,214428,15184,1.898000
677,214744,15184,1.898000
678,215062,15248,1.906000
679,215378,15120,1.890000
680,215695,15232,1.904000
681,216012,15232,1.904000
682,216329,15152,1.894000
683,216645,15040,1.880000
684,216962,14944,1.868000
685,217279,14800,1.850000
686,217596,14624,1.828000
687,217913,14464,1.808000
688,218230,14272,1.784000
689,218547,14016,1.752000
690,218863,13824,1.728000
691,219180,13600,1.700000
692,219497,13504,1.688000
693,219814,13136,1.642000
694,220130,12976,1.622000
695,220448,12704,1.588000
696,220765,12496,1.562000
697,221081,12336,1.542000
698,221398,12144,1.518000
699,221715,11936,1.492000
700,222031,11792,1.474000
701,222349,11712,1.464000
702,222666,11648,1.456000
703,222982,11552,1.444000
704,223299,11472,1.434000
705,223616,11472,1.434000
706,223933,11488,1.436000
707,224249,11648,1.456000
708,224567,11680,1.460000
709,224884,11680,1.460000
710,225201,11792,1.474000
711,225517,11952,1.494000
712,225834,12128,1.516000
713,226151,12288,1.536000
714,226468,12560,1.570000
715,226785,12672,1.584000
716,227101,12864,1.608000
717,227419,13104,1.638000
718,227735,13360,1.670000
719,228052,13536,1.692000
720,228369,13888,1.736000
721,228686,13968,1.746000
722,229003,14112,1.764000
723,229320,14384,1.798000
724,229636,14624,1.828000
725,229954,14752,1.844000
726,230270,14864,1.858000
727,230587,15024,1.878000
728,230904,15104,1.888000
729,231221,15168,1.896000
730,231538,15248,1.906000
731,231854,15264,1.908000
732,232171,15280,1.910000
733,232488,15248,1.906000
734,232805,15120,1.890000
735,233122,15088,1.886000
736,233438,14992,1.874000
737,233756,14864,1.858000
738,234073,14736,1.842000
739,234389,14512,1.814000
740,234706,14384,1.798000
741,235023,14176,1.772000
742,235340,14000,1.750000
743,235657,13776,1.722000
744,235974,13536,1.692000
745,236290,13264,1.658000
746,236608,13104,1.638000
747,236924,12848,1.606000
748,237241,12592,1.574000
749,237558,12384,1.548000
750,237875,12256,1.532000
751,238192,12064,1.508000
752,238508,11920,1.490000
753,238825,11792,1.474000
754,239142,11664,1.458000
755,239459,11600,1.450000
756,239776,11536,1.442000
757,240093,11504,1.438000
758,240410,11472,1.434000
759,240726,11552,1.444000
760,241043,11568,1.446000
761,241360,11696,1.462000
762,241676,11728,1.466000
763,241994,11904,1.488000
764,242311,11968,1.496000
765,242628,12160,1.520000
766,242944,12384,1.548000
767,243261,12544,1.568000
768,243578,12784,1.598000
769,243895,12992,1.624000
770,244212,13264,1.658000
771,244529,13456,1.682000
772,244845,13584,1.698000
773,245163,13888,1.736000
774,245479,14064,1.758000
775,245796,14240,1.780000
776,246112,14496,1.812000
777,246430,14656,1.832000
778,246747,14784,1.848000
779,247063,14944,1.868000
780,247380,15040,1.880000
781,247698,15152,1.894000
782,248014,15200,1.900000
783,248331,15280,1.910000
784,248648,15280,1.910000
785,248964,15216,1.902000
786,249281,15200,1.900000
787,249598,15120,1.890000
788,249915,15008,1.876000
789,250232,14928,1.866000
790,250549,14800,1.850000
791,250866,14608,1.826000
792,251183,14512,1.814000
793,251500,14336,1.792000
794,251816,14064,1.758000
795,252133,13904,1.738000
796,252450,13664,1.708000
797,252767,13392,1.674000
798,253084,13216,1.652000
799,253401,12944,1.618000
800,253717,12720,1.590000
801,254034,12560,1.570000
802,254352,12336,1.542000
803,254668,12160,1.520000
804,254985,11968,1.496000
805,255302,11888,1.486000
806,255619,11776,1.472000
807,255936,11616,1.452000
808,256252,11552,1.444000
809,256569,11520,1.440000
810,256886,11488,1.436000
811,257203,11520,1.440000
812,257520,11504,1.438000
813,257836,11616,1.452000
814,258154,11696,1.462000
815,258470,11760,1.470000
816,258787,11904,1.488000
817,259104,12064,1.508000
818,259421,12240,1.530000
819,259737,12400,1.550000
820,260055,12592,1.574000
821,260372,12768,1.596000
822,260688,13072,1.634000
823,261005,13264,1.658000
824,261322,13488,1.686000
825,261639,13760,1.720000
826,261956,13936,1.742000
827,262273,14192,1.774000
828,262589,14336,1.792000
829,262907,14512,1.814000
830,263223,14704,1.838000
831,263540,14784,1.848000
832,263857,15008,1.876000
833,264173,15072,1.884000
834,264490,15248,1.906000
835,264808,15296,1.912000
836,265124,15232,1.904000
837,265441,15248,1.906000
838,265758,15232,1.904000
839,266075,15216,1.902000
840,266392,15120,1.890000
841,266709,15008,1.876000
842,267026,14864,1.858000
843,267342,14800,1.850000
844,267659,14560,1.820000
845,267975,14416,1.802000
846,268293,14160,1.770000
847,268610,14048,1.756000
848,268926,13760,1.720000
849,269243,13552,1.694000
850,269560,13344,1.668000
851,269877,13184,1.648000
852,270194,12912,1.614000
853,270511,12720,1.590000
854,270828,12448,1.556000
855,271145,12256,1.532000
856,271461,12064,1.508000
857,271778,12000,1.500000
858,272095,11760,1.470000
859,272412,11712,1.464000
860,272729,11568,1.446000
861,273045,11552,1.444000
862,273363,11520,1.440000
863,273679,11504,1.438000
864,273996,11536,1.442000
865,274313,11552,1.444000
866,274630,11680,1.460000
867,274947,11712,1.464000
868,275264,11824,1.478000
869,275580,11968,1.496000
870,275897,12064,1.508000
871,276214,12304,1.538000
872,276531,12560,1.570000
873,276848,12704,1.588000
874,277165,12944,1.618000
875,277482,13200,1.650000
876,277798,13424,1.678000
877,278115,13568,1.696000
878,278432,13712,1.714000
879,278749,14000,1.750000
880,279066,14208,1.776000
881,279383,14400,1.800000
882,279699,14592,1.824000
883,280017,14720,1.840000
884,280333,14848,1.856000
885,280650,15008,1.876000
886,280967,15104,1.888000
887,281284,15216,1.902000
888,281601,15248,1.906000
889,281917,15280,1.910000
890,282234,15312,1.914000
891,282551,15232,1.904000
892,282868,15152,1.894000
893,283185,15072,1.884000
894,283502,15008,1.876000
895,283819,14880,1.860000
896,284135,14672,1.834000
897,284452,14464,1.808000
898,284769,14272,1.784000
899,285086,14128,1.766000
900,285403,13936,1.742000
901,285719,13680,1.710000
902,286037,13472,1.684000
903,286354,13264,1.658000
904,286671,13024,1.628000
905,286987,12816,1.602000
906,287304,12608,1.576000
907,287621,12400,1.550000
908,287937,12192,1.524000
909,288255,12000,1.500000
910,288572,11872,1.484000
911,288888,11776,1.472000
912,289205,11696,1.462000
913,289522,11632,1.454000
914,289839,11504,1.438000
915,290156,11488,1.436000
916,290472,11488,1.436000
917,290789,11520,1.440000
918,291106,11600,1.450000
919,291423,11648,1.456000
920,291740,11760,1.470000
921,292057,11888,1.486000
922,292373,12080,1.510000
923,292691,12192,1.524000
924,293007,12400,1.550000
925,293324,12576,1.572000
926,293641,12848,1.606000
927,293958,13008,1.626000
928,294275,13216,1.652000
929,294592,13440,1.680000
930,294909,13712,1.714000
931,295226,13936,1.742000
932,295542,14112,1.764000
933,295859,14288,1.786000
934,296176,14496,1.812000
935,296493,14704,1.838000
936,296810,14880,1.860000
937,297126,14928,1.866000
938,297444,15024,1.878000
939,297760,15120,1.890000
940,298077,15232,1.904000
941,298394,15296,1.912000
942,298711,15280,1.910000
943,299028,15264,1.908000
944,299345,15184,1.898000
945,299661,15168,1.896000
946,299979,15104,1.888000
947,300296,14912,1.864000
948,300612,14848,1.856000
949,300929,14576,1.822000
950,301246,14480,1.810000
951,301562,14240,1.780000
952,301879,14064,1.758000
953,302196,13808,1.726000
954,302514,13632,1.704000
955,302830,13424,1.678000
956,303147,13120,1.640000
957,303463,12896,1.612000
958,303781,12736,1.592000
959,304097,12528,1.566000
960,304414,12336,1.542000
961,304731,12176,1.522000
962,305048,11984,1.498000
963,305365,11856,1.482000
964,305685,11712,1.464000
965,305999,11648,1.456000
966,306316,11584,1.448000
967,306632,11504,1.438000
968,306949,11424,1.428000
969,307266,11504,1.438000
970,307582,11520,1.440000
971,307900,11600,1.450000
972,308216,11664,1.458000
973,308534,11856,1.482000
974,308850,11968,1.496000
975,309167,12064,1.508000
976,309484,12288,1.536000
977,309801,12400,1.550000
978,310118,12624,1.578000
979,310435,12864,1.608000
980,310751,13136,1.642000
981,311068,13312,1.664000
982,311385,13584,1.698000
983,311702,13792,1.724000
984,312018,14048,1.756000
985,312336,14208,1.776000
986,312653,14384,1.798000
987,312969,14528,1.816000
988,313286,14784,1.848000
989,313603,14912,1.864000
990,313920,14992,1.874000
991,314237,15168,1.896000
992,314554,15200,1.900000
993,314870,15264,1.908000
994,315187,15312,1.914000
995,315504,15264,1.908000
996,315821,15184,1.898000
997,316138,15152,1.894000
998,316455,15136,1.892000
999,316772,14960,1.870000
1000,317088,14896,1.862000
1001,317405,14704,1.838000
1002,317722,14512,1.814000
1003,318039,14384,1.798000
1004,318356,14192,1.774000
1005,318673,14032,1.754000
1006,318989,13728,1.716000
1007,319307,13488,1.686000
1008,319623,13264,1.658000
1009,319940,13024,1.628000
1010,320257,12864,1.608000
1011,320574,12608,1.576000
1012,320891,12400,1.550000
1013,321208,12240,1.530000
1014,321525,12064,1.508000
1015,321841,11936,1.492000
1016,322158,11792,1.474000
1017,322475,11728,1.466000
1018,322792,11616,1.452000
1019,323108,11552,1.444000
1020,323426,11536,1.442000
1021,323742,11520,1.440000
1022,324059,11424,1.428000
1023,324376,11584,1.448000
1024,324693,11648,1.456000
1025,325010,11760,1.470000
1026,325326,11856,1.482000
1027,325644,11968,1.496000
1028,325961,12240,1.530000
1029,326277,12336,1.542000
1030,326594,12576,1.572000
1031,326911,12720,1.590000
1032,327228,12944,1.618000
1033,327545,13200,1.650000
1034,327861,13376,1.672000
1035,328179,13632,1.704000
1036,328495,13824,1.728000
1037,328812,14080,1.760000
1038,329129,14304,1.788000
1039,329446,14512,1.814000
1040,329763,14576,1.822000
1041,330079,14768,1.846000
1042,330396,14960,1.870000
1043,330714,15088,1.886000
1044,331030,15088,1.886000
1045,331347,15184,1.898000
1046,331664,15296,1.912000
1047,331980,15296,1.912000
1048,332297,15232,1.904000
1049,332614,15168,1.896000
1050,332931,15168,1.896000
1051,333248,15136,1.892000
1052,333565,14992,1.874000
1053,333882,14848,1.856000
1054,334199,14704,1.838000
1055,334515,14464,1.808000
1056,334833,14256,1.782000
1057,335149,14144,1.768000
1058,335466,13920,1.740000
1059,335783,13696,1.712000
1060,336100,13392,1.674000
1061,336416,13216,1.652000
1062,336733,13008,1.626000
1063,337051,12768,1.596000
1064,337367,12576,1.572000
1065,337685,12368,1.546000
1066,338001,12160,1.520000
1067,338318,12048,1.506000
1068,338634,11888,1.486000
1069,338952,11728,1.466000
1070,339269,11680,1.460000
1071,339585,11568,1.446000
1072,339902,11440,1.430000
1073,340219,11488,1.436000
1074,340536,11488,1.436000
1075,340852,11536,1.442000
1076,341170,11616,1.452000
1077,341486,11680,1.460000
1078,341803,11792,1.474000
1079,342120,11872,1.484000
1080,342437,12064,1.508000
1081,342753,12272,1.534000
1082,343071,12432,1.554000
1083,343388,12640,1.580000
1084,343704,12832,1.604000
1085,344021,13072,1.634000
1086,344338,13280,1.660000
1087,344655,13472,1.684000
1088,344971,13712,1.714000
1089,345289,13904,1.738000
1090,345605,14224,1.778000
1091,345922,14352,1.794000
1092,346239,14464,1.808000
1093,346555,14736,1.842000
1094,346873,14896,1.862000
1095,347190,14928,1.866000
1096,347506,15152,1.894000
1097,347824,15184,1.898000
1098,348140,15232,1.904000
1099,348457,15232,1.904000
1100,348774,15280,1.910000
1101,349091,15232,1.904000
1102,349407,15168,1.896000
1103,349725,15104,1.888000
1104,350041,15024,1.878000
1105,350358,14928,1.866000
1106,350675,14768,1.846000
1107,350992,14592,1.824000
1108,351308,14336,1.792000
1109,351626,14208,1.776000
1110,351943,14032,1.754000
1111,352260,13824,1.728000
1112,352576,13536,1.692000
1113,352893,13296,1.662000
1114,353210,13104,1.638000
1115,353527,12864,1.608000
1116,353844,12704,1.588000
1117,354161,12480,1.560000
1118,354477,12304,1.538000
1119,354794,12112,1.514000
1120,355111,11984,1.498000
1121,355428,11840,1.480000
1122,355745,11728,1.466000
1123,356062,11648,1.456000
1124,356379,11568,1.446000
1125,356695,11520,1.440000
1126,357012,11504,1.438000
1127,357329,11456,1.432000
1128,357646,11536,1.442000
1129,357963,11584,1.448000
1130,358279,11728,1.466000
1131,358596,11808,1.476000
1132,358914,11936,1.492000
1133,359230,12064,1.508000
1134,359547,12352,1.544000
1135,359864,12496,1.562000
1136,360181,12656,1.582000
1137,360497,12944,1.618000
1138,360815,13232,1.654000
1139,361131,13392,1.674000
1140,361448,13632,1.704000
1141,361765,13792,1.724000
1142,362082,14032,1.754000
1143,362399,14144,1.768000
1144,362716,14336,1.792000
1145,363032,14640,1.830000
1146,363349,14752,1.844000
1147,363666,14976,1.872000
1148,363982,15056,1.882000
1149,364300,15184,1.898000
1150,364617,15184,1.898000
1151,364934,15232,1.904000
1152,365251,15296,1.912000
1153,365567,15232,1.904000
1154,365884,15232,1.904000
1155,366201,15184,1.898000
1156,366518,15072,1.884000
1157,366835,14944,1.868000
1158,367152,14832,1.854000
1159,367468,14656,1.832000
1160,367785,14496,1.812000
1161,368102,14368,1.796000
1162,368419,14064,1.758000
1163,368736,13936,1.742000
1164,369052,13760,1.720000
1165,369369,13472,1.684000
1166,369687,13264,1.658000
1167,370003,13008,1.626000
1168,370320,12816,1.602000
1169,370637,12576,1.572000
1170,370954,12448,1.556000
1171,371271,12208,1.526000
1172,371587,12048,1.506000
1173,371904,11904,1.488000
1174,372221,11744,1.468000
1175,372538,11728,1.466000
1176,372855,11536,1.442000
1177,373171,11568,1.446000
1178,373489,11488,1.436000
1179,373805,11488,1.436000
1180,374123,11536,1.442000
1181,374439,11648,1.456000
1182,374756,11616,1.452000
1183,375073,11712,1.464000
1184,375390,11872,1.484000
1185,375706,12096,1.512000
1186,376024,12208,1.526000
1187,376340,12464,1.558000
1188,376657,12624,1.578000
1189,376974,12784,1.598000
1190,377291,12960,1.620000
1191,377608,13200,1.650000
1192,377925,13440,1.680000
1193,378242,13728,1.716000
1194,378558,13856,1.732000
1195,378875,14128,1.766000
1196,379192,14336,1.792000
1197,379509,14496,1.812000
1198,379826,14720,1.840000
1199,380143,14848,1.856000
1200,380459,14976,1.872000
1201,380776,15056,1.882000
1202,381093,15200,1.900000
1203,381410,15184,1.898000
1204,381727,15312,1.914000
1205,382044,15328,1.916000
1206,382361,15216,1.902000
1207,382677,15184,1.898000
1208,382994,15152,1.894000
1209,383311,14960,1.870000
1210,383628,14880,1.860000
1211,383945,14800,1.850000
1212,384262,14656,1.832000
1213,384579,14448,1.806000
1214,384896,14240,1.780000
1215,385212,14016,1.752000
1216,385529,13856,1.732000
1217,385846,13584,1.698000
1218,386163,13376,1.672000
1219,386479,13200,1.650000
1220,386796,12928,1.616000
1221,387113,12720,1.590000
1222,387430,12560,1.570000
1223,387747,12368,1.546000
1224,388064,12064,1.508000
1225,388381,12000,1.500000
1226,388698,11840,1.480000
1227,389014,11712,1.464000
1228,389331,11632,1.454000
1229,389648,11584,1.448000
1230,389965,11520,1.440000
1231,390282,11456,1.432000
1232,390599,11568,1.446000
1233,390916,11488,1.436000
1234,391233,11648,1.456000
1235,391549,11696,1.462000
1236,391867,11792,1.474000
1237,392183,11904,1.488000
1238,392500,12096,1.512000
1239,392817,12224,1.528000
1240,393134,12448,1.556000
1241,393450,12640,1.580000
1242,393767,12864,1.608000
1243,394085,13072,1.634000
1244,394401,13312,1.664000
1245,394717,13552,1.694000
1246,395035,13744,1.718000
1247,395352,13968,1.746000
1248,395668,14176,1.772000
1249,395985,14384,1.798000
1250,396302,14624,1.828000
1251,396619,14736,1.842000
1252,396936,14896,1.862000
1253,397253,14960,1.870000
1254,397570,15136,1.892000
1255,397886,15184,1.898000
1256,398203,15232,1.904000
1257,398520,15184,1.898000
1258,398837,15232,1.904000
1259,399154,15280,1.910000
1260,399471,15168,1.896000
1261,399788,15120,1.890000
1262,400104,14992,1.874000
1263,400421,14864,1.858000
1264,400737,14688,1.836000
1265,401055,14544,1.818000
1266,401372,14384,1.798000
1267,401689,14176,1.772000
1268,402005,13968,1.746000
1269,402322,13728,1.716000
1270,402640,13568,1.696000
1271,402956,13264,1.658000
1272,403273,13040,1.630000
1273,403590,12832,1.604000
1274,403907,12576,1.572000
1275,404224,12464,1.558000
1276,404540,12224,1.528000
1277,404857,12096,1.512000
1278,405174,11904,1.488000
1279,405491,11808,1.476000
1280,405808,11696,1.462000
1281,406124,11616,1.452000
1282,406441,11456,1.432000
1283,406758,11520,1.440000
1284,407075,11504,1.438000
1285,407392,11488,1.436000
1286,407709,11584,1.448000
1287,408026,11648,1.456000
1288,408343,11728,1.466000
1289,408659,11856,1.482000
1290,408976,12016,1.502000
1291,409293,12176,1.522000
1292,409610,12304,1.538000
1293,409927,12512,1.564000
1294,410244,12784,1.598000
1295,410560,12960,1.620000
1296,410878,13168,1.646000
1297,411194,13408,1.676000
1298,411511,13664,1.708000
1299,411828,13952,1.744000
1300,412145,14080,1.760000
1301,412461,14320,1.790000
1302,412779,14464,1.808000
1303,413095,14640,1.830000
1304,413412,14880,1.860000
1305,413729,14928,1.866000
1306,414046,15088,1.886000
1307,414363,15152,1.894000
1308,414684,15216,1.902000
1309,414996,15296,1.912000
1310,415313,15280,1.910000
1311,415630,15280,1.910000
1312,415947,15168,1.896000
1313,416264,15168,1.896000
1314,416581,15088,1.886000
1315,416898,14928,1.866000
1316,417215,14848,1.856000
1317,417531,14672,1.834000
1318,417848,14480,1.810000
1319,418165,14208,1.776000
1320,418482,14112,1.764000
1321,418799,13904,1.738000
1322,419115,13648,1.706000
1323,419432,13392,1.674000
1324,419750,13232,1.654000
1325,420066,12992,1.624000
1326,420383,12800,1.600000
1327,420700,12608,1.576000
1328,421017,12288,1.536000
1329,421334,12160,1.520000
1330,421650,12000,1.500000
1331,421967,11856,1.482000
1332,422284,11792,1.474000
1333,422600,11696,1.462000
1334,422918,11536,1.442000
1335,423235,11520,1.440000
1336,423552,11504,1.438000
1337,423868,11520,1.440000
1338,424185,11504,1.438000
1339,424502,11568,1.446000
1340,424819,11680,1.460000
1341,425136,11792,1.474000
1342,425453,11920,1.490000
1343,425769,12064,1.508000
1344,426087,12240,1.530000
1345,426404,12448,1.556000
1346,426720,12592,1.574000
1347,427037,12816,1.602000
1348,427354,13008,1.626000
1349,427671,13216,1.652000
1350,427987,13440,1.680000
1351,428304,13728,1.716000
1352,428621,13920,1.740000
1353,428938,14144,1.768000
1354,429255,14400,1.800000
1355,429572,14576,1.822000
1356,429889,14704,1.838000
1357,430205,14848,1.856000
1358,430522,14992,1.874000
1359,430839,15056,1.882000
1360,431156,15136,1.892000
1361,431473,15312,1.914000
1362,431790,15264,1.908000
1363,432107,15248,1.906000
1364,432423,15296,1.912000
1365,432740,15136,1.892000
1366,433057,15120,1.890000
1367,433374,15072,1.884000
1368,433691,14880,1.860000
1369,434008,14720,1.840000
1370,434324,14608,1.826000
1371,434642,14384,1.798000
1372,434958,14192,1.774000
1373,435275,13968,1.746000
1374,435592,13808,1.726000
1375,435909,13584,1.698000
1376,436226,13360,1.670000
1377,436542,13120,1.640000
1378,436859,12896,1.612000
1379,437177,12656,1.582000
1380,437493,12544,1.568000
1381,437810,12288,1.536000
1382,438127,12112,1.514000
1383,438444,11936,1.492000
1384,438760,11840,1.480000
1385,439077,11712,1.464000
1386,439394,11616,1.452000
1387,439712,11584,1.448000
1388,440028,11504,1.438000
1389,440345,11312,1.414000
1390,440662,11504,1.438000
1391,440978,11568,1.446000
1392,441296,11648,1.456000
1393,441612,11760,1.470000
1394,441929,11808,1.476000
1395,442246,11760,1.470000
1396,442563,12144,1.518000
1397,442880,12320,1.540000
1398,443197,12512,1.564000
1399,443513,12736,1.592000
1400,443831,12928,1.616000
1401,444147,13168,1.646000
1402,444464,13216,1.652000
1403,444781,13616,1.702000
1404,445098,13808,1.726000
1405,445415,14064,1.758000
1406,445731,14224,1.778000
1407,446048,14384,1.798000
1408,446365,14592,1.824000
1409,446685,14800,1.850000
1410,446999,14928,1.866000
1411,447316,14992,1.874000
1412,447633,15136,1.892000
1413,447949,15184,1.898000
1414,448266,15248,1.906000
1415,448583,15264,1.908000
1416,448900,15216,1.902000
1417,449217,15248,1.906000
1418,449534,15184,1.898000
1419,449850,15136,1.892000
1420,450167,14912,1.864000
1421,450484,14864,1.858000
1422,450801,14688,1.836000
1423,451118,14544,1.818000
1424,451435,14288,1.786000
1425,451752,14112,1.764000
1426,452068,13936,1.742000
1427,452385,13680,1.710000
1428,452702,13488,1.686000
1429,453018,13200,1.650000
1430,453336,13024,1.628000
1431,453653,12768,1.596000
1432,453969,12640,1.580000
1433,454287,12432,1.554000
1434,454603,12192,1.524000
1435,454921,12048,1.506000
1436,455236,11888,1.486000
1437,455554,11744,1.468000
1438,455871,11680,1.460000
1439,456188,11600,1.450000
1440,456504,11504,1.438000
1441,456821,11504,1.438000
1442,457138,11488,1.436000
1443,457455,11552,1.444000
1444,457772,11632,1.454000
1445,458089,11712,1.464000
1446,458406,11744,1.468000
1447,458722,11920,1.490000
1448,459039,12080,1.510000
1449,459356,12192,1.524000
1450,459673,12432,1.554000
1451,459990,12640,1.580000
1452,460307,12784,1.598000
1453,460624,13024,1.628000
1454,460940,13200,1.650000
1455,461257,13472,1.684000
1456,461574,13728,1.716000
1457,461891,13920,1.740000
1458,462208,14176,1.772000
1459,462525,14352,1.794000
1460,462842,14480,1.810000
1461,463158,14608,1.826000
1462,463475,14800,1.850000
1463,463792,14976,1.872000
1464,464109,15040,1.880000
1465,464426,15120,1.890000
1466,464742,15232,1.904000
1467,465060,15232,1.904000
1468,465377,15264,1.908000
1469,465693,15200,1.900000
1470,466010,15264,1.908000
1471,466327,15008,1.876000
1472,466644,15008,1.876000
1473,466961,14912,1.864000
1474,467278,14784,1.848000
1475,467594,14640,1.830000
1476,467911,14480,1.810000
1477,468228,14064,1.758000
1478,468545,14032,1.754000
1479,468862,13760,1.720000
1480,469179,13584,1.698000
1481,469496,13360,1.670000
1482,469812,13136,1.642000
1483,470129,12912,1.614000
1484,470446,12736,1.592000
1485,470763,12544,1.568000
1486,471080,12256,1.532000
1487,471397,12080,1.510000
1488,471714,12016,1.502000
1489,472031,11872,1.484000
1490,472348,11712,1.464000
1491,472664,11712,1.464000
1492,472981,11440,1.430000
1493,473298,11488,1.436000
1494,473615,11456,1.432000
1495,473931,11472,1.434000
1496,474248,11520,1.440000
1497,474565,11584,1.448000
1498,474882,11680,1.460000
1499,475199,11824,1.478000
1500,475516,11904,1.488000
1501,475832,12064,1.508000
1502,476150,12320,1.540000
1503,476466,12480,1.560000
1504,476783,12640,1.580000
1505,477100,12848,1.606000
1506,477416,13056,1.632000
1507,477734,13296,1.662000
1508,478051,13504,1.688000
1509,478368,13728,1.716000
1510,478685,13920,1.740000
1511,479001,14192,1.774000
1512,479318,14368,1.796000
1513,479635,14576,1.822000
1514,479951,14736,1.842000
1515,480268,14896,1.862000
1516,480586,15024,1.878000
1517,480902,15088,1.886000
1518,481219,15200,1.900000
1519,481536,15232,1.904000
1520,481852,15296,1.912000
1521,482170,15264,1.908000
1522,482487,15280,1.910000
1523,482803,15168,1.896000
1524,483120,15120,1.890000
1525,483437,15008,1.876000
1526,483754,14880,1.860000
1527,484071,14752,1.844000
1528,484388,14592,1.824000
1529,484704,14608,1.826000
1530,485022,14160,1.770000
1531,485338,13936,1.742000
1532,485655,13744,1.718000
1533,485972,13488,1.686000
1534,486289,13312,1.664000
1535,486606,13136,1.642000
1536,486923,12880,1.610000
1537,487240,12592,1.574000
1538,487556,12464,1.558000
1539,487873,12256,1.532000
1540,488190,12096,1.512000
1541,488507,11856,1.482000
1542,488824,11968,1.496000
1543,489140,11696,1.462000
1544,489458,11648,1.456000
1545,489774,11520,1.440000
1546,490091,11552,1.444000
1547,490408,11456,1.432000
1548,490725,11600,1.450000
1549,491041,11616,1.452000
1550,491359,11680,1.460000
1551,491675,11792,1.474000
1552,491993,11904,1.488000
1553,492309,12000,1.500000
1554,492626,12160,1.520000
1555,492943,12448,1.556000
1556,493260,12496,1.562000
1557,493576,12784,1.598000
1558,493894,12944,1.618000
1559,494210,13120,1.640000
1560,494527,13408,1.676000
1561,494844,13632,1.704000
1562,495161,13792,1.724000
1563,495478,14160,1.770000
1564,495794,14304,1.788000
1565,496111,14432,1.804000
1566,496428,14656,1.832000
1567,496745,14752,1.844000
1568,497062,14960,1.870000
1569,497379,15008,1.876000
1570,497696,15312,1.914000
1571,498012,15216,1.902000
1572,498329,15296,1.912000
1573,498646,15280,1.910000
1574,498963,15264,1.908000
1575,499280,15184,1.898000
1576,499597,15264,1.908000
1577,499914,15056,1.882000
1578,500231,14976,1.872000
1579,500547,14816,1.852000
1580,500864,14640,1.830000
1581,501181,14544,1.818000
1582,501498,14304,1.788000
1583,501815,14096,1.762000
1584,502131,13920,1.740000
1585,502449,13680,1.710000
1586,502766,13456,1.682000
1587,503082,13184,1.648000
1588,503399,12992,1.624000
1589,503716,12800,1.600000
1590,504033,12576,1.572000
1591,504350,12416,1.552000
1592,504666,12176,1.522000
1593,504983,12000,1.500000
1594,505300,11792,1.474000
1595,505617,11760,1.470000
1596,505934,11632,1.454000
1597,506251,11696,1.462000
1598,506567,11488,1.436000
1599,506885,11456,1.432000
1600,507201,11456,1.432000
1601,507518,11520,1.440000
1602,507835,11568,1.446000
1603,508151,11696,1.462000
1604,508469,11760,1.470000
1605,508786,11904,1.488000
1606,509102,12064,1.508000
1607,509419,12176,1.522000
1608,509736,12368,1.546000
1609,510053,12544,1.568000
1610,510370,12896,1.612000
1611,510686,13072,1.634000
1612,511004,13216,1.652000
1613,511321,13312,1.664000
1614,511637,13696,1.712000
1615,511954,13936,1.742000
1616,512271,14096,1.762000
1617,512588,14336,1.792000
1618,512904,14464,1.808000
1619,513222,14496,1.812000
1620,513538,14832,1.854000
1621,513855,14976,1.872000
1622,514172,15072,1.884000
1623,514489,15168,1.896000
1624,514806,15296,1.912000
1625,515122,15312,1.914000
1626,515440,15088,1.886000
1627,515756,15216,1.902000
1628,516073,15072,1.884000
1629,516390,15120,1.890000
1630,516707,15040,1.880000
1631,517024,14944,1.868000
1632,517341,14496,1.812000
1633,517657,14624,1.828000
1634,517974,14304,1.788000
1635,518292,14224,1.778000
1636,518608,14016,1.752000
1637,518925,13776,1.722000
1638,519242,13616,1.702000
1639,519558,13360,1.670000
1640,519875,13136,1.642000
1641,520192,12896,1.612000
1642,520509,12688,1.586000
1643,520826,12480,1.560000
1644,521143,12272,1.534000
1645,521459,12112,1.514000
1646,521776,11968,1.496000
1647,522093,11840,1.480000
1648,522410,11632,1.454000
1649,522727,11616,1.452000
1650,523044,11536,1.442000
1651,523361,11584,1.448000
1652,523678,11520,1.440000
1653,523995,11504,1.438000
1654,524311,11616,1.452000
1655,524628,11600,1.450000
1656,524945,11744,1.468000
1657,525262,11776,1.472000
1658,525579,12016,1.502000
1659,525896,12112,1.514000
1660,526213,12352,1.544000
1661,526529,12544,1.568000
1662,526846,12656,1.582000
1663,527163,12896,1.612000
1664,527480,13120,1.640000
1665,527797,13376,1.672000
1666,528114,13616,1.702000
1667,528430,13824,1.728000
1668,528748,14080,1.760000
1669,529064,14272,1.784000
1670,529381,14480,1.810000
1671,529698,14640,1.830000
1672,530015,14816,1.852000
1673,530331,14944,1.868000
1674,530649,14992,1.874000
1675,530966,15088,1.886000
1676,531283,15184,1.898000
1677,531599,15248,1.906000
1678,531916,15280,1.910000
1679,532233,15264,1.908000
1680,532550,15264,1.908000
1681,532866,15136,1.892000
1682,533183,15056,1.882000
1683,533501,14976,1.872000
1684,533817,14864,1.858000
1685,534134,14656,1.832000
1686,534450,14544,1.818000
1687,534768,14288,1.786000
1688,535084,14176,1.772000
1689,535401,13952,1.744000
1690,535718,13696,1.712000
1691,536035,13456,1.682000
1692,536352,13216,1.652000
1693,536669,12960,1.620000
1694,536986,12864,1.608000
1695,537303,12608,1.576000
1696,537619,12384,1.548000
1697,537936,12112,1.514000
1698,538253,12032,1.504000
1699,538570,11936,1.492000
1700,538887,11808,1.476000
1701,539204,11696,1.462000
1702,539521,11616,1.452000
1703,539837,11408,1.426000
1704,540154,11520,1.440000
1705,540471,11536,1.442000
1706,540788,11536,1.442000
1707,541105,11584,1.448000
1708,541421,11696,1.462000
1709,541739,11744,1.468000
1710,542055,11808,1.476000
1711,542373,12048,1.506000
1712,542689,12208,1.526000
1713,543006,12352,1.544000
1714,543323,12560,1.570000
1715,543639,12800,1.600000
1716,543956,12944,1.618000
1717,544274,13296,1.662000
1718,544590,13440,1.680000
1719,544907,13648,1.706000
1720,545224,13872,1.734000
1721,545541,14128,1.766000
1722,545857,14352,1.794000
1723,546175,14512,1.814000
1724,546491,14736,1.842000
1725,546808,14848,1.856000
1726,547125,14960,1.870000
1727,547442,15040,1.880000
1728,547759,15168,1.896000
1729,548075,15264,1.908000
1730,548392,15232,1.904000
1731,548709,15296,1.912000
1732,549026,15248,1.906000
1733,549343,15248,1.906000
1734,549660,15104,1.888000
1735,549976,15040,1.880000
1736,550294,14928,1.866000
1737,550610,14800,1.850000
1738,550928,14560,1.820000
1739,551244,14432,1.804000
1740,551561,14256,1.782000
1741,551878,14000,1.750000
1742,552195,13824,1.728000
1743,552512,13616,1.702000
1744,552829,13408,1.676000
1745,553145,13168,1.646000
1746,553462,12944,1.618000
1747,553779,12720,1.590000
1748,554096,12512,1.564000
1749,554413,12304,1.538000
1750,554730,12064,1.508000
1751,555046,12032,1.504000
1752,555363,11856,1.482000
1753,555684,11760,1.470000
1754,555997,11664,1.458000
1755,556314,11552,1.444000
1756,556631,11552,1.444000
1757,556947,11440,1.430000
1758,557265,11536,1.442000
1759,557581,11520,1.440000
1760,557898,11632,1.454000
1761,558215,11712,1.464000
1762,558532,11824,1.478000
1763,558849,11904,1.488000
1764,559166,12160,1.520000
1765,559482,12336,1.542000
1766,559799,12416,1.552000
1767,560115,12688,1.586000
1768,560433,12928,1.616000
1769,560750,13088,1.636000
1770,561066,13312,1.664000
1771,561383,13488,1.686000
1772,561700,13776,1.722000
1773,562017,14032,1.754000
1774,562334,14224,1.778000
1775,562651,14368,1.796000
1776,562968,14592,1.824000
1777,563285,14752,1.844000
1778,563601,14896,1.862000
1779,563918,15024,1.878000
1780,564235,15040,1.880000
1781,564552,15216,1.902000
1782,564869,15232,1.904000
1783,565186,15248,1.906000
1784,565503,15248,1.906000
1785,565819,15264,1.908000
1786,566136,15232,1.904000
1787,566453,15120,1.890000
1788,566770,14992,1.874000
1789,567087,14880,1.860000
1790,567404,14720,1.840000
1791,567721,14576,1.822000
1792,568037,14384,1.798000
1793,568354,14208,1.776000
1794,568671,14000,1.750000
1795,568988,13728,1.716000
1796,569305,13424,1.678000
1797,569622,13248,1.656000
1798,569939,13072,1.634000
1799,570256,12880,1.610000
1800,570572,12736,1.592000
1801,570889,12416,1.552000
1802,571206,12304,1.538000
1803,571523,12048,1.506000
1804,571840,11920,1.490000
1805,572157,11776,1.472000
1806,572473,11728,1.466000
1807,572790,11584,1.448000
1808,573106,11472,1.434000
1809,573424,11488,1.436000
1810,573741,11488,1.436000
1811,574058,11456,1.432000
1812,574375,11568,1.446000
1813,574691,11600,1.450000
1814,575008,11776,1.472000
1815,575325,11840,1.480000
1816,575642,12048,1.506000
1817,575959,12224,1.528000
1818,576276,12336,1.542000
1819,576592,12592,1.574000
1820,576910,12736,1.592000
1821,577226,12960,1.620000
1822,577543,13136,1.642000
1823,577859,13392,1.674000
1824,578177,13584,1.698000
1825,578494,13824,1.728000
1826,578811,14112,1.764000
1827,579127,14288,1.786000
1828,579444,14432,1.804000
1829,579761,14656,1.832000
1830,580078,14784,1.848000
1831,580395,14896,1.862000
1832,580712,14992,1.874000
1833,581028,15136,1.892000
1834,581345,15232,1.904000
1835,581662,15216,1.902000
1836,581979,15296,1.912000
1837,582296,15232,1.904000
1838,582613,15232,1.904000
1839,582929,15168,1.896000
1840,583247,14992,1.874000
1841,583563,14960,1.870000
1842,583880,14896,1.862000
1843,584196,14656,1.832000
1844,584514,14512,1.814000
1845,584831,14320,1.790000
1846,585147,14112,1.764000
1847,585464,13936,1.742000
1848,585781,13664,1.708000
1849,586098,13456,1.682000
1850,586415,13216,1.652000
1851,586732,12960,1.620000
1852,587049,12736,1.592000
1853,587366,12576,1.572000
1854,587685,12384,1.548000
1855,587999,12160,1.520000
1856,588316,12064,1.508000
1857,588633,11872,1.484000
1858,588949,11728,1.466000
1859,589267,11648,1.456000
1860,589583,11520,1.440000
1861,589901,11568,1.446000
1862,590217,11488,1.436000
1863,590534,11456,1.432000
1864,590851,11568,1.446000
1865,591167,11552,1.444000
1866,591485,11696,1.462000
1867,591802,11824,1.478000
1868,592118,11904,1.488000
1869,592435,12144,1.518000
1870,592751,12208,1.526000
1871,593069,12336,1.542000
1872,593386,12576,1.572000
1873,593703,12832,1.604000
1874,594019,13072,1.634000
1875,594336,13280,1.660000
1876,594653,13504,1.688000
1877,594969,13728,1.716000
1878,595286,13776,1.722000
1879,595604,14144,1.768000
1880,595920,14368,1.796000
1881,596237,14592,1.824000
1882,596554,14688,1.836000
1883,596871,14864,1.858000
1884,597188,14944,1.868000
1885,597505,15120,1.890000
1886,597822,15184,1.898000
1887,598138,15264,1.908000
1888,598455,15248,1.906000
1889,598772,15232,1.904000
1890,599089,15264,1.908000
1891,599406,15232,1.904000
1892,599723,15120,1.890000
1893,600040,15024,1.878000
1894,600357,14864,1.858000
1895,600673,14736,1.842000
1896,600990,14608,1.826000
1897,601307,14400,1.800000
1898,601624,14208,1.776000
1899,601941,14048,1.756000
1900,602258,13792,1.724000
1901,602575,13616,1.702000
1902,602891,13344,1.668000
1903,603208,13120,1.640000
1904,603525,12864,1.608000
1905,603842,12640,1.580000
1906,604159,12544,1.568000
1907,604476,12320,1.540000
1908,604793,12144,1.518000
1909,605109,12016,1.502000
1910,605426,11856,1.482000
1911,605743,11744,1.468000
1912,606059,11584,1.448000
1913,606377,11568,1.446000
1914,606694,11536,1.442000
1915,607011,11488,1.436000
1916,607327,11504,1.438000
1917,607644,11584,1.448000
1918,607961,11600,1.450000
1919,608278,11744,1.468000
1920,608595,11888,1.486000
1921,608912,12016,1.502000
1922,609228,12144,1.518000
1923,609545,12320,1.540000
1924,609862,12512,1.564000
1925,610179,12688,1.586000
1926,610496,12896,1.612000
1927,610813,13136,1.642000
1928,611130,13408,1.676000
1929,611446,13648,1.706000
1930,611763,13824,1.728000
1931,612080,14016,1.752000
1932,612397,14240,1.780000
1933,612714,14480,1.810000
1934,613031,14560,1.820000
1935,613348,14832,1.854000
1936,613665,14944,1.868000
1937,613981,15040,1.880000
1938,614298,15136,1.892000
1939,614615,15168,1.896000
1940,614932,15248,1.906000
1941,615248,15280,1.910000
1942,615566,15264,1.908000
1943,615882,15232,1.904000
1944,616199,15168,1.896000
1945,616516,15040,1.880000
1946,616833,14960,1.870000
1947,617150,14848,1.856000
1948,617466,14768,1.846000
1949,617783,14528,1.816000
1950,618100,14320,1.790000
1951,618417,14160,1.770000
1952,618734,13904,1.738000
1953,619051,13712,1.714000
1954,619368,13456,1.682000
1955,619686,13248,1.656000
1956,620001,13024,1.628000
1957,620318,12768,1.596000
1958,620635,12608,1.576000
1959,620952,12368,1.546000
1960,621269,12224,1.528000
1961,621586,12064,1.508000
1962,621903,11856,1.482000
1963,622220,11776,1.472000
1964,622536,11744,1.468000
1965,622853,11568,1.446000
1966,623170,11568,1.446000
1967,623487,11488,1.436000
1968,623803,11520,1.440000
1969,624121,11504,1.438000
1970,624438,11632,1.454000
1971,624754,11616,1.452000
1972,625071,11792,1.474000
1973,625388,11904,1.488000
1974,625705,12064,1.508000
1975,626022,12208,1.526000
1976,626339,12336,1.542000
1977,626655,12528,1.566000
1978,626972,12784,1.598000
1979,627289,12944,1.618000
1980,627606,13216,1.652000
1981,627923,13456,1.682000
1982,628240,13680,1.710000
1983,628556,13872,1.734000
1984,628873,14096,1.762000
1985,629190,14336,1.792000
1986,629507,14496,1.812000
1987,629824,14656,1.832000
1988,630141,14848,1.856000
1989,630458,14960,1.870000
1990,630774,15056,1.882000
1991,631092,15120,1.890000
1992,631408,15232,1.904000
1993,631725,15248,1.906000
1994,632042,15312,1.914000
1995,632359,15280,1.910000
1996,632676,15216,1.902000
1997,632992,15104,1.888000
1998,633309,15008,1.876000
1999,633626,14912,1.864000
2000,633943,14832,1.854000
2001,634260,14656,1.832000
2002,634577,14480,1.810000
2003,634894,14240,1.780000
2004,635211,14112,1.764000
2005,635528,13808,1.726000
2006,635844,13680,1.710000
2007,636161,13376,1.672000
2008,636478,13168,1.646000
2009,636795,12944,1.618000
2010,637111,12800,1.600000
2011,637429,12512,1.564000
2012,637745,12352,1.544000
2013,638062,12144,1.518000
2014,638379,12000,1.500000
2015,638696,11888,1.486000
2016,639013,11776,1.472000
2017,639329,11600,1.450000
2018,639647,11584,1.448000
2019,639964,11472,1.434000
2020,640281,11520,1.440000
2021,640597,11504,1.438000
2022,640913,11584,1.448000
2023,641231,11568,1.446000
2024,641548,11664,1.458000
2025,641864,11744,1.468000
2026,642181,11952,1.494000
2027,642498,12080,1.510000
2028,642815,12224,1.528000
2029,643132,12448,1.556000
2030,643449,12688,1.586000
2031,643765,12864,1.608000
2032,644083,13104,1.638000
2033,644400,13280,1.660000
2034,644716,13536,1.692000
2035,645033,13776,1.722000
2036,645350,13936,1.742000
2037,645667,14144,1.768000
2038,645984,14320,1.790000
2039,646300,14528,1.816000
2040,646617,14752,1.844000
2041,646934,14928,1.866000
2042,647251,14976,1.872000
2043,647568,15088,1.886000
2044,647885,15200,1.900000
2045,648202,15264,1.908000
2046,648518,15248,1.906000
2047,648835,15248,1.906000
2048,649153,15344,1.918000
2049,649469,15168,1.896000
2050,649786,15136,1.892000
2051,650103,15024,1.878000
2052,650420,14864,1.858000
2053,650737,14736,1.842000
2054,651053,14592,1.824000
2055,651370,14384,1.798000
2056,651687,14160,1.770000
2057,652004,13984,1.748000
2058,652320,13776,1.722000
2059,652638,13552,1.694000
2060,652954,13296,1.662000
2061,653271,13104,1.638000
2062,653588,12928,1.616000
2063,653904,12608,1.576000
2064,654222,12448,1.556000
2065,654539,12224,1.528000
2066,654856,12080,1.510000
2067,655172,11936,1.492000
2068,655489,11776,1.472000
2069,655806,11712,1.464000
2070,656123,11600,1.450000
2071,656440,11536,1.442000
2072,656757,11504,1.438000
2073,657073,11456,1.432000
2074,657391,11472,1.434000
2075,657707,11552,1.444000
2076,658024,11632,1.454000
2077,658341,11664,1.458000
2078,658658,11840,1.480000
2079,658975,11968,1.496000
2080,659292,12160,1.520000
2081,659608,12288,1.536000
2082,659925,12512,1.564000
2083,660242,12736,1.592000
2084,660559,12960,1.620000
2085,660876,13184,1.648000
2086,661193,13392,1.674000
2087,661509,13664,1.708000
2088,661826,13808,1.726000
2089,662143,14080,1.760000
2090,662460,14256,1.782000
2091,662776,14480,1.810000
2092,663094,14624,1.828000
2093,663411,14784,1.848000
2094,663727,14912,1.864000
2095,664045,15040,1.880000
2096,664361,15152,1.894000
2097,664678,15248,1.906000
2098,664995,15264,1.908000
2099,665312,15280,1.910000
2100,665629,15280,1.910000
2101,665946,15232,1.904000
2102,666263,15168,1.896000
2103,666579,15040,1.880000
2104,666896,14912,1.864000
2105,667213,14816,1.852000
2106,667530,14672,1.834000
2107,667846,14464,1.808000
2108,668164,14288,1.786000
2109,668480,14144,1.768000
2110,668797,13904,1.738000
2111,669114,13712,1.714000
2112,669431,13424,1.678000
2113,669748,13232,1.654000
2114,670065,12992,1.624000
2115,670382,12752,1.594000
2116,670698,12544,1.568000
2117,671015,12384,1.548000
2118,671332,12192,1.524000
2119,671649,12016,1.502000
2120,671966,11888,1.486000
2121,672283,11792,1.474000
2122,672600,11680,1.460000
2123,672916,11632,1.454000
2124,673233,11536,1.442000
2125,673550,11504,1.438000
2126,673867,11520,1.440000
2127,674184,11552,1.444000
2128,674500,11536,1.442000
2129,674818,11616,1.452000
2130,675134,11776,1.472000
2131,675451,11920,1.490000
2132,675768,12016,1.502000
2133,676085,12176,1.522000
2134,676402,12432,1.554000
2135,676719,12672,1.584000
2136,677035,12896,1.612000
2137,677352,13008,1.626000
2138,677669,13328,1.666000
2139,677986,13504,1.688000
2140,678303,13696,1.712000
2141,678620,13920,1.740000
2142,678937,14128,1.766000
2143,679254,14368,1.796000
2144,679570,14544,1.818000
2145,679887,14688,1.836000
2146,680204,14816,1.852000
2147,680521,15024,1.878000
2148,680838,15072,1.884000
2149,681154,15136,1.892000
2150,681472,15200,1.900000
2151,681788,15264,1.908000
2152,682105,15280,1.910000
2153,682421,15232,1.904000
2154,682739,15232,1.904000
2155,683055,15104,1.888000
2156,683373,14992,1.874000
2157,683689,14928,1.866000
2158,684006,14736,1.842000
2159,684323,14576,1.822000
2160,684640,14400,1.800000
2161,684957,14240,1.780000
2162,685274,13952,1.744000
2163,685590,13808,1.726000
2164,685907,13552,1.694000
2165,686225,13344,1.668000
2166,686541,13104,1.638000
2167,686858,12896,1.612000
2168,687174,12688,1.586000
2169,687491,12496,1.562000
2170,687809,12320,1.540000
2171,688125,12144,1.518000
2172,688442,12000,1.500000
2173,688760,11824,1.478000
2174,689076,11712,1.464000
2175,689393,11600,1.450000
2176,689710,11552,1.444000
2177,690026,11504,1.438000
2178,690343,11472,1.434000
2179,690660,11488,1.436000
2180,690976,11568,1.446000
2181,691293,11648,1.456000
2182,691611,11696,1.462000
2183,691927,11824,1.478000
2184,692245,11984,1.498000
2185,692561,12128,1.516000
2186,692878,12272,1.534000
2187,693195,12512,1.564000
2188,693512,12688,1.586000
2189,693829,12896,1.612000
2190,694146,13120,1.640000
2191,694462,13328,1.666000
2192,694780,13552,1.694000
2193,695096,13744,1.718000
2194,695413,14032,1.754000
2195,695730,14240,1.780000
2196,696047,14416,1.802000
2197,696364,14560,1.820000
2198,696685,14784,1.848000
2199,696997,14896,1.862000
2200,697314,15056,1.882000
2201,697631,15072,1.884000
2202,697948,15216,1.902000
2203,698265,15264,1.908000
2204,698581,15280,1.910000
2205,698898,15232,1.904000
2206,699215,15232,1.904000
2207,699532,15072,1.884000
2208,699849,15072,1.884000
2209,700166,14992,1.874000
2210,700482,14880,1.860000
2211,700800,14752,1.844000
2212,701116,14496,1.812000
2213,701433,14320,1.790000
2214,701750,14160,1.770000
2215,702067,13968,1.746000
2216,702384,13776,1.722000
2217,702701,13520,1.690000
2218,703017,13280,1.660000
2219,703334,12992,1.624000
2220,703651,12800,1.600000
2221,703967,12640,1.580000
2222,704285,12368,1.546000
2223,704602,12272,1.534000
2224,704919,12080,1.510000
2225,705236,11904,1.488000
2226,705552,11728,1.466000
2227,705869,11664,1.458000
2228,706186,11584,1.448000
2229,706503,11536,1.442000
2230,706820,11472,1.434000
2231,707137,11472,1.434000
2232,707453,11488,1.436000
2233,707770,11520,1.440000
2234,708087,11680,1.460000
2235,708404,11776,1.472000
2236,708721,11888,1.486000
2237,709038,12048,1.506000
2238,709355,12208,1.526000
2239,709671,12416,1.552000
2240,709988,12576,1.572000
2241,710305,12752,1.594000
2242,710622,12992,1.624000
2243,710939,13200,1.650000
2244,711256,13424,1.678000
2245,711573,13568,1.696000
2246,711890,13856,1.732000
2247,712207,14080,1.760000
2248,712523,14320,1.790000
2249,712840,14544,1.818000
2250,713156,14720,1.840000
2251,713474,14784,1.848000
2252,713791,14944,1.868000
2253,714107,15072,1.884000
2254,714425,15152,1.894000
2255,714741,15248,1.906000
2256,715058,15248,1.906000
2257,715375,15296,1.912000
2258,715692,15232,1.904000
2259,716009,15200,1.900000
2260,716326,15152,1.894000
2261,716642,15008,1.876000
2262,716959,14960,1.870000
2263,717276,14768,1.846000
2264,717593,14576,1.822000
2265,717910,14448,1.806000
2266,718227,14304,1.788000
2267,718543,14080,1.760000
2268,718860,13824,1.728000
2269,719177,13616,1.702000
2270,719494,13408,1.676000
2271,719810,13200,1.650000
2272,720128,12976,1.622000
2273,720444,12768,1.596000
2274,720761,12528,1.566000
2275,721078,12336,1.542000
2276,721395,12144,1.518000
2277,721711,12016,1.502000
2278,722029,11872,1.484000
2279,722346,11744,1.468000
2280,722663,11632,1.454000
2281,722979,11568,1.446000
2282,723296,11552,1.444000
2283,723613,11456,1.432000
2284,723929,11504,1.438000
2285,724247,11600,1.450000
2286,724564,11616,1.452000
2287,724880,11712,1.464000
2288,725197,11776,1.472000
2289,725514,11904,1.488000
2290,725830,12096,1.512000
2291,726148,12272,1.534000
2292,726465,12448,1.556000
2293,726781,12688,1.586000
2294,727099,12880,1.610000
2295,727415,13088,1.636000
2296,727732,13312,1.664000
2297,728049,13536,1.692000
2298,728366,13744,1.718000
2299,728686,13968,1.746000
2300,729000,14096,1.762000
2301,729317,14352,1.794000
2302,729633,14576,1.822000
2303,729950,14800,1.850000
2304,730267,14896,1.862000
2305,730584,15008,1.876000
2306,730901,15120,1.890000
2307,731218,15200,1.900000
2308,731534,15264,1.908000
2309,731851,15248,1.906000
2310,732168,15264,1.908000
2311,732485,15264,1.908000
2312,732802,15184,1.898000
2313,733119,15088,1.886000
2314,733436,15024,1.878000
2315,733753,14864,1.858000
2316,734069,14672,1.834000
2317,734386,14576,1.822000
2318,734703,14400,1.800000
2319,735020,14176,1.772000
2320,735337,13952,1.744000
2321,735653,13760,1.720000
2322,735971,13600,1.700000
2323,736288,13264,1.658000
2324,736604,13072,1.634000
2325,736921,12848,1.606000
2326,737238,12624,1.578000
2327,737555,12432,1.554000
2328,737871,12272,1.534000
2329,738189,11968,1.496000
2330,738505,11952,1.494000
2331,738822,11824,1.478000
2332,739139,11664,1.458000
2333,739456,11584,1.448000
2334,739773,11504,1.438000
2335,740089,11392,1.424000
2336,740407,11504,1.438000
2337,740723,11520,1.440000
2338,741041,11488,1.436000
2339,741357,11648,1.456000
2340,741674,11680,1.460000
2341,741991,11824,1.478000
2342,742307,12016,1.502000
2343,742624,12160,1.520000
2344,742941,12336,1.542000
2345,743258,12576,1.572000
2346,743575,12736,1.592000
2347,743892,12944,1.618000
2348,744209,13104,1.638000
2349,744526,13360,1.670000
2350,744842,13648,1.706000
2351,745159,13776,1.722000
2352,745476,14064,1.758000
2353,745793,14272,1.784000
2354,746110,14432,1.804000
2355,746427,14656,1.832000
2356,746743,14816,1.852000
2357,747060,14896,1.862000
2358,747377,15056,1.882000
2359,747694,15120,1.890000
2360,748011,15264,1.908000
2361,748328,15216,1.902000
2362,748644,15264,1.908000
2363,748961,15280,1.910000
2364,749278,15184,1.898000
2365,749595,15184,1.898000
2366,749912,15072,1.884000
2367,750229,14896,1.862000
2368,750546,14832,1.854000
2369,750863,14640,1.830000
2370,751180,14432,1.804000
2371,751496,14256,1.782000
2372,751813,14144,1.768000
2373,752129,13888,1.736000
2374,752447,13664,1.708000
2375,752764,13376,1.672000
2376,753080,13216,1.652000
2377,753398,12976,1.622000
2378,753714,12800,1.600000
2379,754031,12544,1.568000
2380,754348,12336,1.542000
2381,754665,12224,1.528000
2382,754982,12048,1.506000
2383,755298,11856,1.482000
2384,755615,11808,1.476000
2385,755932,11616,1.452000
2386,756249,11600,1.450000
2387,756566,11600,1.450000
2388,756882,11488,1.436000
2389,757199,11504,1.438000
2390,757517,11568,1.446000
2391,757834,11568,1.446000
2392,758150,11712,1.464000
2393,758467,11856,1.482000
2394,758783,11936,1.492000
2395,759101,12064,1.508000
2396,759417,12240,1.530000
2397,759734,12416,1.552000
2398,760051,12720,1.590000
2399,760368,12768,1.596000
2400,760685,13072,1.634000
2401,761002,13344,1.668000
2402,761319,13440,1.680000
2403,761635,13728,1.716000
2404,761953,13984,1.748000
2405,762270,14144,1.768000
2406,762586,14704,1.838000
2407,762903,14544,1.818000
2408,763220,14704,1.838000
2409,763537,14864,1.858000
2410,763854,14992,1.874000
2411,764170,15136,1.892000
2412,764487,15152,1.894000
2413,764804,15488,1.936000
2414,765121,15232,1.904000
2415,765438,15280,1.910000
2416,765754,15296,1.912000
2417,766072,15264,1.908000
2418,766389,15120,1.890000
2419,766705,15232,1.904000
2420,767022,14912,1.864000
2421,767339,14784,1.848000
2422,767656,14544,1.818000
2423,767973,14432,1.804000
2424,768290,14208,1.776000
2425,768606,13984,1.748000
2426,768923,13824,1.728000
2427,769240,13584,1.698000
2428,769557,13344,1.668000
2429,769874,13184,1.648000
2430,770190,12880,1.610000
2431,770508,12736,1.592000
2432,770824,12464,1.558000
2433,771141,12304,1.538000
2434,771459,12080,1.510000
2435,771775,12016,1.502000
2436,772092,11824,1.478000
2437,772409,11728,1.466000
2438,772726,11616,1.452000
2439,773042,11552,1.444000
2440,773359,11536,1.442000
2441,773676,11424,1.428000
2442,773993,11472,1.434000
2443,774310,11504,1.438000
2444,774627,11600,1.450000
2445,774943,11664,1.458000
2446,775261,11792,1.474000
2447,775577,11968,1.496000
2448,775894,12144,1.518000
2449,776211,12272,1.534000
2450,776528,12480,1.560000
2451,776845,12768,1.596000
2452,777161,12928,1.616000
2453,777478,13072,1.634000
2454,777795,13296,1.662000
2455,778112,13616,1.702000
2456,778429,13792,1.724000
2457,778746,14016,1.752000
2458,779063,14208,1.776000
2459,779380,14384,1.798000
2460,779696,14544,1.818000
2461,780014,14752,1.844000
2462,780330,14928,1.866000
2463,780647,15024,1.878000
2464,780964,15152,1.894000
2465,781281,15216,1.902000
2466,781598,15216,1.902000
2467,781914,15296,1.912000
2468,782232,15296,1.912000
2469,782548,15056,1.882000
2470,782865,15168,1.896000
2471,783182,15120,1.890000
2472,783499,14976,1.872000
2473,783816,14864,1.858000
2474,784132,14768,1.846000
2475,784449,14400,1.800000
2476,784766,14320,1.790000
2477,785083,14144,1.768000
2478,785400,13904,1.738000
2479,785717,13648,1.706000
2480,786033,13504,1.688000
2481,786350,13232,1.654000
2482,786667,13024,1.628000
2483,786984,12752,1.594000
2484,787301,12432,1.554000
2485,787618,12448,1.556000
2486,787934,12224,1.528000
2487,788252,12080,1.510000
2488,788568,11984,1.498000
2489,788885,11712,1.464000
2490,789202,11456,1.432000
2491,789519,11552,1.444000
2492,789836,11568,1.446000
2493,790153,11472,1.434000
2494,790469,11488,1.436000
2495,790786,11664,1.458000
2496,791103,11552,1.444000
2497,791420,11456,1.432000
2498,791737,11744,1.468000
2499,792053,11872,1.484000
2500,792370,12000,1.500000
2501,792688,12176,1.522000
2502,793004,12384,1.548000
2503,793321,12272,1.534000
2504,793638,12752,1.594000
2505,793955,13040,1.630000
2506,794272,13280,1.660000
2507,794589,13424,1.678000
2508,794905,13696,1.712000
2509,795222,13808,1.726000
2510,795539,13904,1.738000
2511,795856,14256,1.782000
2512,796172,14480,1.810000
2513,796490,14640,1.830000
2514,796807,14800,1.850000
2515,797123,14976,1.872000
2516,797441,14864,1.858000
2517,797757,15168,1.896000
2518,798074,15200,1.900000
2519,798391,15296,1.912000
2520,798708,15296,1.912000
2521,799025,15280,1.910000
2522,799342,15216,1.902000
2523,799658,15152,1.894000
2524,799975,15024,1.878000
2525,800292,14896,1.862000
2526,800609,14784,1.848000
2527,800925,14640,1.830000
2528,801243,14448,1.806000
2529,801559,14272,1.784000
2530,801876,14048,1.756000
2531,802193,13872,1.734000
2532,802510,13648,1.706000
2533,802827,13424,1.678000
2534,803144,13216,1.652000
2535,803460,12912,1.614000
2536,803777,12736,1.592000
2537,804095,12592,1.574000
2538,804411,12304,1.538000
2539,804728,12176,1.522000
2540,805045,12016,1.502000
2541,805362,11824,1.478000
2542,805678,11664,1.458000
2543,805995,11584,1.448000
2544,806313,11536,1.442000
2545,806629,11472,1.434000
2546,806946,11504,1.438000
2547,807263,11456,1.432000
2548,807579,11552,1.444000
2549,807896,11536,1.442000
2550,808213,11728,1.466000
2551,808530,11792,1.474000
2552,808847,11920,1.490000
2553,809164,12080,1.510000
2554,809481,12240,1.530000
2555,809797,12416,1.552000
2556,810114,12624,1.578000
2557,810431,12816,1.602000
2558,810748,13008,1.626000
2559,811065,13296,1.662000
2560,811382,13520,1.690000
2561,811698,13744,1.718000
2562,812016,13968,1.746000
2563,812333,14160,1.770000
2564,812649,14352,1.794000
2565,812965,14496,1.812000
2566,813283,14640,1.830000
2567,813600,14816,1.852000
2568,813917,15072,1.884000
2569,814234,15104,1.888000
2570,814550,15136,1.892000
2571,814868,15264,1.908000
2572,815184,15232,1.904000
2573,815501,15264,1.908000
2574,815818,15344,1.918000
2575,816135,15168,1.896000
2576,816451,15088,1.886000
2577,816768,14976,1.872000
2578,817085,14896,1.862000
2579,817402,14736,1.842000
2580,817718,14560,1.820000
2581,818036,14304,1.788000
2582,818353,14160,1.770000
2583,818670,13952,1.744000
2584,818986,13760,1.720000
2585,819303,13568,1.696000
2586,819620,13296,1.662000
2587,819937,12928,1.616000
2588,820254,12848,1.606000
2589,820571,12640,1.580000
2590,820887,12432,1.554000
2591,821204,12240,1.530000
2592,821521,12080,1.510000
2593,821837,11968,1.496000
2594,822155,11712,1.464000
2595,822472,11696,1.462000
2596,822788,11616,1.452000
2597,823106,11536,1.442000
2598,823422,11520,1.440000
2599,823739,11472,1.434000
2600,824056,11408,1.426000
2601,824372,11584,1.448000
2602,824690,11680,1.460000
2603,825007,11696,1.462000
2604,825324,11840,1.480000
2605,825640,12032,1.504000
2606,825957,12160,1.520000
2607,826274,12368,1.546000
2608,826591,12528,1.566000
2609,826908,12752,1.594000
2610,827225,12976,1.622000
2611,827542,13232,1.654000
2612,827858,13392,1.674000
2613,828175,13632,1.704000
2614,828492,13840,1.730000
2615,828809,14016,1.752000
2616,829126,14288,1.786000
2617,829443,14368,1.796000
2618,829759,14624,1.828000
2619,830076,14752,1.844000
2620,830393,14960,1.870000
2621,830710,15104,1.888000
2622,831027,15136,1.892000
2623,831344,15184,1.898000
2624,831660,15296,1.912000
2625,831978,15312,1.914000
2626,832295,15232,1.904000
2627,832611,15200,1.900000
2628,832928,15184,1.898000
2629,833245,15040,1.880000
2630,833562,14960,1.870000
2631,833878,14848,1.856000
2632,834195,14672,1.834000
2633,834512,14480,1.810000
2634,834829,14336,1.792000
2635,835146,14160,1.770000
2636,835463,13904,1.738000
2637,835780,13776,1.722000
2638,836096,13376,1.672000
2639,836414,13248,1.656000
2640,836730,13008,1.626000
2641,837047,12784,1.598000
2642,837364,12560,1.570000
2643,837684,12480,1.560000
2644,837998,12208,1.526000
2645,838315,12032,1.504000
2646,838631,11920,1.490000
2647,838948,11792,1.474000
2648,839265,11648,1.456000
2649,839581,11584,1.448000
2650,839899,11680,1.460000
2651,840215,11472,1.434000
2652,840533,11552,1.444000
2653,840850,11520,1.440000
2654,841166,11552,1.444000
2655,841483,11712,1.464000
2656,841800,11936,1.492000
2657,842117,11920,1.490000
2658,842433,11984,1.498000
2659,842751,12224,1.528000
2660,843067,12416,1.552000
2661,843384,12560,1.570000
2662,843701,12816,1.602000
2663,844018,12992,1.624000
2664,844335,13264,1.658000
2665,844651,13568,1.696000
2666,844969,13616,1.702000
2667,845285,13952,1.744000
2668,845602,14048,1.756000
2669,845919,14352,1.794000
2670,846236,14496,1.812000
2671,846552,14688,1.836000
2672,846870,14832,1.854000
2673,847187,15024,1.878000
2674,847503,15072,1.884000
2675,847820,15216,1.902000
2676,848137,15200,1.900000
2677,848454,15264,1.908000
2678,848771,15328,1.916000
2679,849087,15216,1.902000
2680,849405,15184,1.898000
2681,849721,15120,1.890000
2682,850038,15024,1.878000
2683,850355,14912,1.864000
2684,850672,14752,1.844000
2685,850989,14624,1.828000
2686,851306,14384,1.798000
2687,851622,14224,1.778000
2688,851940,14032,1.754000
2689,852256,13760,1.720000
2690,852572,13584,1.698000
2691,852890,13360,1.670000
2692,853207,13056,1.632000
2693,853524,12848,1.606000
2694,853840,12736,1.592000
2695,854157,12464,1.558000
2696,854474,12352,1.544000
2697,854791,12112,1.514000
2698,855108,11984,1.498000
2699,855424,11856,1.482000
2700,855741,11712,1.464000
2701,856058,11568,1.446000
2702,856375,11584,1.448000
2703,856692,11520,1.440000
2704,857009,11472,1.434000
2705,857326,11504,1.438000
2706,857643,11584,1.448000
2707,857960,11632,1.454000
2708,858276,11712,1.464000
2709,858593,11808,1.476000
2710,858910,11920,1.490000
2711,859227,12128,1.516000
2712,859544,12320,1.540000
2713,859860,12496,1.562000
2714,860178,12528,1.566000
2715,860494,12960,1.620000
2716,860811,13120,1.640000
2717,861128,13344,1.668000
2718,861445,13552,1.694000
2719,861761,13792,1.724000
2720,862079,14032,1.754000
2721,862395,14144,1.768000
2722,862712,14432,1.804000
2723,863029,14592,1.824000
2724,863346,14752,1.844000
2725,863663,14896,1.862000
2726,863980,15024,1.878000
2727,864297,15040,1.880000
2728,864613,15184,1.898000
2729,864931,15232,1.904000
2730,865247,15264,1.908000
2731,865564,15248,1.906000
2732,865880,15264,1.908000
2733,866198,15184,1.898000
2734,866515,15056,1.882000
2735,866831,14944,1.868000
2736,867148,14784,1.848000
2737,867465,14640,1.830000
2738,867781,14480,1.810000
2739,868099,14288,1.786000
2740,868416,14160,1.770000
2741,868732,13968,1.746000
2742,869050,13664,1.708000
2743,869366,13472,1.684000
2744,869686,13296,1.662000
2745,870000,13024,1.628000
2746,870316,12784,1.598000
2747,870634,12640,1.580000
2748,870950,12448,1.556000
2749,871267,12160,1.520000
2750,871584,12080,1.510000
2751,871901,11920,1.490000
2752,872218,11744,1.468000
2753,872535,11728,1.466000
2754,872852,11600,1.450000
2755,873169,11488,1.436000
2756,873486,11504,1.438000
2757,873802,11440,1.430000
2758,874119,11504,1.438000
2759,874435,11584,1.448000
2760,874753,11680,1.460000
2761,875069,11792,1.474000
2762,875386,11872,1.484000
2763,875704,11984,1.498000
2764,876020,12160,1.520000
2765,876337,12400,1.550000
2766,876654,12608,1.576000
2767,876971,12752,1.594000
2768,877288,13008,1.626000
2769,877604,13248,1.656000
2770,877922,13408,1.676000
2771,878238,13648,1.706000
2772,878555,13872,1.734000
2773,878872,14112,1.764000
2774,879189,14240,1.780000
2775,879506,14464,1.808000
2776,879822,14672,1.834000
2777,880139,14800,1.850000
2778,880456,14928,1.866000
2779,880772,15088,1.886000
2780,881090,15216,1.902000
2781,881407,15248,1.906000
2782,881724,15264,1.908000
2783,882040,15248,1.906000
2784,882357,15216,1.902000
2785,882673,15184,1.898000
2786,882991,15152,1.894000
2787,883308,15008,1.876000
2788,883625,14960,1.870000
2789,883941,14784,1.848000
2790,884258,14656,1.832000
2791,884575,14416,1.802000
2792,884892,14304,1.788000
2793,885209,14064,1.758000
2794,885526,13808,1.726000
2795,885843,13584,1.698000
2796,886159,13392,1.674000
2797,886476,13184,1.648000
2798,886793,13024,1.628000
2799,887109,12704,1.588000
2800,887427,12560,1.570000
2801,887744,12368,1.546000
2802,888060,12176,1.522000
2803,888377,12048,1.506000
2804,888695,11840,1.480000
2805,889011,11760,1.470000
2806,889328,11584,1.448000
2807,889645,11584,1.448000
2808,889962,11536,1.442000
2809,890278,11536,1.442000
2810,890596,11520,1.440000
2811,890912,11568,1.446000
2812,891229,11616,1.452000
2813,891546,11760,1.470000
2814,891862,11808,1.476000
2815,892180,11904,1.488000
2816,892497,12048,1.506000
2817,892814,12240,1.530000
2818,893130,12528,1.566000
2819,893447,12608,1.576000
2820,893764,12848,1.606000
2821,894081,13040,1.630000
2822,894398,13264,1.658000
2823,894714,13568,1.696000
2824,895031,13792,1.724000
2825,895348,13920,1.740000
2826,895665,14240,1.780000
2827,895982,14320,1.790000
2828,896299,14592,1.824000
2829,896616,14752,1.844000
2830,896932,14848,1.856000
2831,897249,15024,1.878000
2832,897566,15104,1.888000
2833,897883,15232,1.904000
2834,898200,15296,1.912000
2835,898517,15280,1.910000
2836,898834,15264,1.908000
2837,899151,15360,1.920000
2838,899467,15216,1.902000
2839,899784,15168,1.896000
2840,900101,15008,1.876000
2841,900418,14928,1.866000
2842,900735,14720,1.840000
2843,901052,14592,1.824000
2844,901368,14384,1.798000
2845,901686,14144,1.768000
2846,902002,14000,1.750000
2847,902319,13792,1.724000
2848,902636,13520,1.690000
2849,902953,13392,1.674000
2850,903270,13056,1.632000
2851,903586,12912,1.614000
2852,903903,12592,1.574000
2853,904221,12384,1.548000
2854,904537,12288,1.536000
2855,904854,12064,1.508000
2856,905171,12000,1.500000
2857,905487,11776,1.472000
2858,905804,11712,1.464000
2859,906121,11600,1.450000
2860,906438,11568,1.446000
2861,906755,11456,1.432000
2862,907072,11520,1.440000
2863,907389,11536,1.442000
2864,907706,11552,1.444000
2865,908022,11632,1.454000
2866,908339,11760,1.470000
2867,908656,11856,1.482000
2868,908973,11984,1.498000
2869,909290,12208,1.526000
2870,909607,12320,1.540000
2871,909923,12544,1.568000
2872,910240,12704,1.588000
2873,910557,12896,1.612000
2874,910874,13216,1.652000
2875,911191,13328,1.666000
2876,911508,13568,1.696000
2877,911825,13824,1.728000
2878,912141,14016,1.752000
2879,912459,14224,1.778000
2880,912775,14480,1.810000
2881,913092,14576,1.822000
2882,913409,14704,1.838000
2883,913726,14976,1.872000
2884,914043,15024,1.878000
2885,914360,15120,1.890000
2886,914677,15264,1.908000
2887,914993,15296,1.912000
2888,915310,15296,1.912000
2889,915627,15200,1.900000
2890,915944,15216,1.902000
2891,916261,15168,1.896000
2892,916577,15088,1.886000
2893,916894,14944,1.868000
2894,917211,14784,1.848000
2895,917528,14608,1.826000
2896,917845,14448,1.806000
2897,918162,14336,1.792000
2898,918479,14112,1.764000
2899,918795,13888,1.736000
2900,919112,13616,1.702000
2901,919429,13408,1.676000
2902,919746,13152,1.644000
2903,920062,13008,1.626000
2904,920380,12832,1.604000
2905,920697,12576,1.572000
2906,921013,12416,1.552000
2907,921330,12240,1.530000
2908,921647,12016,1.502000
2909,921964,11888,1.486000
2910,922281,11760,1.470000
2911,922598,11648,1.456000
2912,922915,11552,1.444000
2913,923232,11600,1.450000
2914,923548,11552,1.444000
2915,923866,11472,1.434000
2916,924182,11504,1.438000
2917,924499,11680,1.460000
2918,924816,11632,1.454000
2919,925133,11840,1.480000
2920,925450,11872,1.484000
2921,925766,12112,1.514000
2922,926083,12192,1.524000
2923,926400,12432,1.554000
2924,926717,12608,1.576000
2925,927034,12784,1.598000
2926,927351,13040,1.630000
2927,927668,13248,1.656000
2928,927984,13424,1.678000
2929,928302,13664,1.708000
2930,928618,13968,1.746000
2931,928935,14176,1.772000
2932,929252,14384,1.798000
2933,929569,14528,1.816000
2934,929886,14704,1.838000
2935,930203,14816,1.852000
2936,930519,15008,1.876000
2937,930836,15040,1.880000
2938,931153,15184,1.898000
2939,931470,15248,1.906000
2940,931787,15280,1.910000
2941,932103,15280,1.910000
2942,932420,15200,1.900000
2943,932737,15168,1.896000
2944,933054,15104,1.888000
2945,933370,15024,1.878000
2946,933688,14928,1.866000
2947,934005,14752,1.844000
2948,934322,14624,1.828000
2949,934638,14448,1.806000
2950,934955,14256,1.782000
2951,935272,14000,1.750000
2952,935589,13808,1.726000
2953,935906,13600,1.700000
2954,936223,13344,1.668000
2955,936539,13168,1.646000
2956,936856,12896,1.612000
2957,937173,12704,1.588000
2958,937490,12512,1.564000
2959,937807,12288,1.536000
2960,938123,12128,1.516000
2961,938441,11920,1.490000
2962,938757,11808,1.476000
2963,939075,11728,1.466000
2964,939392,11600,1.450000
2965,939708,11568,1.446000
2966,940025,11488,1.436000
2967,940342,11504,1.438000
2968,940658,11536,1.442000
2969,940975,11520,1.440000
2970,941292,11600,1.450000
2971,941609,11696,1.462000
2972,941926,11776,1.472000
2973,942243,11968,1.496000
2974,942559,12128,1.516000
2975,942877,12304,1.538000
2976,943193,12464,1.558000
2977,943511,12704,1.588000
2978,943827,12848,1.606000
2979,944144,13088,1.636000
2980,944460,13360,1.670000
2981,944778,13600,1.700000
2982,945095,13728,1.716000
2983,945411,14032,1.754000
2984,945728,14192,1.774000
2985,946045,14464,1.808000
2986,946362,14544,1.818000
2987,946679,14784,1.848000
2988,946996,14912,1.864000
2989,947313,15040,1.880000
2990,947629,15184,1.898000
2991,947946,15200,1.900000
2992,948263,15248,1.906000
2993,948579,15232,1.904000
2994,948897,15280,1.910000
2995,949213,15248,1.906000
2996,949531,15232,1.904000
2997,949847,15104,1.888000
2998,950164,14944,1.868000
2999,950481,14880,1.860000
3000,950798,14688,1.836000
3001,951115,14528,1.816000
3002,951432,14336,1.792000
3003,951748,14144,1.768000
3004,952065,13904,1.738000
3005,952382,13696,1.712000
3006,952699,13440,1.680000
3007,953016,13200,1.650000
3008,953333,13024,1.628000
3009,953650,12768,1.596000
3010,953967,12624,1.578000
3011,954283,12432,1.554000
3012,954600,12224,1.528000
3013,954916,12080,1.510000
3014,955234,11920,1.490000
3015,955551,11824,1.478000
3016,955867,11696,1.462000
3017,956184,11616,1.452000
3018,956501,11568,1.446000
3019,956818,11520,1.440000
3020,957135,11536,1.442000
3021,957452,11552,1.444000
3022,957769,11568,1.446000
3023,958085,11664,1.458000
3024,958403,11760,1.470000
3025,958719,11920,1.490000
3026,959036,12080,1.510000
3027,959353,12272,1.534000
3028,959670,12352,1.544000
3029,959987,12576,1.572000
3030,960303,12784,1.598000
3031,960620,12976,1.622000
3032,960937,13280,1.660000
3033,961254,13456,1.682000
3034,961571,13616,1.702000
3035,961888,13920,1.740000
3036,962205,14096,1.762000
3037,962521,14192,1.774000
3038,962838,14512,1.814000
3039,963156,14672,1.834000
3040,963472,14816,1.852000
3041,963789,14944,1.868000
3042,964106,15024,1.878000
3043,964423,15152,1.894000
3044,964740,15200,1.900000
3045,965056,15232,1.904000
3046,965373,15264,1.908000
3047,965690,15280,1.910000
3048,966007,15216,1.902000
3049,966324,15152,1.894000
3050,966641,15040,1.880000
3051,966958,14928,1.866000
3052,967275,14816,1.852000
3053,967591,14640,1.830000
3054,967908,14448,1.806000
3055,968225,14256,1.782000
3056,968542,14032,1.754000
3057,968858,13792,1.724000
3058,969176,13616,1.702000
3059,969492,13472,1.684000
3060,969810,13184,1.648000
3061,970126,12944,1.618000
3062,970443,12784,1.598000
3063,970759,12592,1.574000
3064,971077,12304,1.538000
3065,971393,12176,1.522000
3066,971710,12016,1.502000
3067,972027,11856,1.482000
3068,972344,11712,1.464000
3069,972661,11664,1.458000
3070,972978,11552,1.444000
3071,973295,11520,1.440000
3072,973612,11520,1.440000
3073,973928,11552,1.444000
3074,974245,11520,1.440000
3075,974562,11648,1.456000
3076,974879,11664,1.458000
3077,975196,11792,1.474000
3078,975513,11920,1.490000
3079,975830,12096,1.512000
3080,976146,12288,1.536000
3081,976463,12432,1.554000
3082,976780,12592,1.574000
3083,977097,12848,1.606000
3084,977414,13056,1.632000
3085,977731,13328,1.666000
3086,978047,13504,1.688000
3087,978364,13712,1.714000
3088,978684,13984,1.748000
3089,978998,14176,1.772000
3090,979314,14368,1.796000
3091,979632,14496,1.812000
3092,979949,14736,1.842000
3093,980266,14912,1.864000
3094,980582,14960,1.870000
3095,980899,15136,1.892000
3096,981216,15168,1.896000
3097,981533,15280,1.910000
3098,981850,15248,1.906000
3099,982167,15280,1.910000
3100,982484,15216,1.902000
3101,982800,15168,1.896000
3102,983117,15104,1.888000
3103,983434,14976,1.872000
3104,983751,14864,1.858000
3105,984068,14768,1.846000
3106,984385,14544,1.818000
3107,984701,14384,1.798000
3108,985019,14192,1.774000
3109,985335,13952,1.744000
3110,985652,13728,1.716000
3111,985969,13552,1.694000
3112,986286,13360,1.670000
3113,986603,13136,1.642000
3114,986919,12848,1.606000
3115,987236,12656,1.582000
3116,987553,12448,1.556000
3117,987870,12272,1.534000
3118,988187,12080,1.510000
3119,988504,11968,1.496000
3120,988821,11824,1.478000
3121,989137,11696,1.462000
3122,989455,11648,1.456000
3123,989771,11584,1.448000
3124,990088,11488,1.436000
3125,990405,11520,1.440000
3126,990722,11520,1.440000
3127,991038,11600,1.450000
3128,991355,11632,1.454000
3129,991672,11696,1.462000
3130,991988,11840,1.480000
3131,992306,11984,1.498000
3132,992623,12160,1.520000
3133,992940,12304,1.538000
3134,993256,12480,1.560000
3135,993573,12704,1.588000
3136,993890,12960,1.620000
3137,994207,13136,1.642000
3138,994524,13392,1.674000
3139,994840,13648,1.706000
3140,995158,13840,1.730000
3141,995474,14096,1.762000
3142,995791,14240,1.780000
3143,996109,14432,1.804000
3144,996425,14640,1.830000
3145,996742,14768,1.846000
3146,997059,14976,1.872000
3147,997376,15040,1.880000
3148,997692,15168,1.896000
3149,998009,15200,1.900000
3150,998326,15264,1.908000
3151,998643,15280,1.910000
3152,998960,15264,1.908000
3153,999277,15216,1.902000
3154,999594,15184,1.898000
3155,999910,15072,1.884000
