sample,timestamp_us,raw,voltage_V
0,72,13472,1.684000
1,389,13520,1.690000
2,706,13360,1.670000
3,1023,13408,1.676000
4,1339,13376,1.672000
5,1656,13232,1.654000
6,1973,13248,1.656000
7,2290,13168,1.646000
8,2607,13152,1.644000
9,2924,13136,1.642000
10,3241,13072,1.634000
11,3557,13040,1.630000
12,3875,13024,1.628000
13,4191,13008,1.626000
14,4508,12944,1.618000
15,4825,13072,1.634000
16,5141,13008,1.626000
17,5459,12976,1.622000
18,5776,13024,1.628000
19,6092,13056,1.632000
20,6409,13008,1.626000
21,6726,13136,1.642000
22,7042,12992,1.624000
23,7360,13136,1.642000
24,7677,13184,1.648000
25,7994,13216,1.652000
26,8310,13248,1.656000
27,8627,13280,1.660000
28,8944,13232,1.654000
29,9261,13360,1.670000
30,9578,13472,1.684000
31,9894,13488,1.686000
32,10211,13552,1.694000
33,10528,13536,1.692000
34,10845,13632,1.704000
35,11162,13600,1.700000
36,11479,13696,1.712000
37,11796,13712,1.714000
38,12112,13776,1.722000
39,12430,13760,1.720000
40,12746,13776,1.722000
41,13062,13744,1.718000
42,13379,13760,1.720000
43,13697,13744,1.718000
44,14014,13712,1.714000
45,14330,13744,1.718000
46,14647,13712,1.714000
47,14965,13712,1.714000
48,15281,13680,1.710000
49,15598,13616,1.702000
50,15915,13616,1.702000
51,16232,13600,1.700000
52,16549,13504,1.688000
53,16865,13504,1.688000
54,17182,13392,1.674000
55,17499,13440,1.680000
56,17816,13360,1.670000
57,18133,13264,1.658000
58,18449,13280,1.660000
59,18766,13280,1.660000
60,19083,13184,1.648000
61,19400,13136,1.642000
62,19717,13120,1.640000
63,20033,13072,1.634000
64,20351,13104,1.638000
65,20668,13040,1.630000
66,20984,13008,1.626000
67,21301,13008,1.626000
68,21618,13008,1.626000
69,21935,13024,1.628000
70,22252,13024,1.628000
71,22569,13040,1.630000
72,22885,13088,1.636000
73,23202,13136,1.642000
74,23519,13120,1.640000
75,23836,13104,1.638000
76,24153,13152,1.644000
77,24470,13168,1.646000
78,24787,13184,1.648000
79,25103,13280,1.660000
80,25420,13280,1.660000
81,25738,13360,1.670000
82,26054,13408,1.676000
83,26371,13440,1.680000
84,26688,13440,1.680000
85,27005,13488,1.686000
86,27322,13504,1.688000
87,27638,13552,1.694000
88,27955,13728,1.716000
89,28272,13616,1.702000
90,28589,13664,1.708000
91,28906,13712,1.714000
92,29223,13760,1.720000
93,29539,13696,1.712000
94,29856,13744,1.718000
95,30173,13760,1.720000
96,30490,13776,1.722000
97,30806,13744,1.718000
98,31124,13728,1.716000
99,31441,13696,1.712000
100,31757,13664,1.708000
101,32074,13664,1.708000
102,32391,13632,1.704000
103,32708,13568,1.696000
104,33025,13536,1.692000
105,33341,13504,1.688000
106,33659,13520,1.690000
107,33975,13472,1.684000
108,34292,13360,1.670000
109,34609,13408,1.676000
110,34926,13312,1.664000
111,35243,13280,1.660000
112,35560,13264,1.658000
113,35877,13152,1.644000
114,36194,13056,1.632000
115,36510,13136,1.642000
116,36827,13088,1.636000
117,37144,13088,1.636000
118,37461,13056,1.632000
119,37778,12976,1.622000
120,38094,13040,1.630000
121,38411,13040,1.630000
122,38729,12928,1.616000
123,39045,13024,1.628000
124,39362,13040,1.630000
125,39679,13040,1.630000
126,39996,13072,1.634000
127,40313,13056,1.632000
128,40629,13120,1.640000
129,40946,13136,1.642000
130,41263,13152,1.644000
131,41580,13280,1.660000
132,41897,13232,1.654000
133,42213,13312,1.664000
134,42531,13376,1.672000
135,42847,13392,1.674000
136,43164,13440,1.680000
137,43480,13488,1.686000
138,43798,13520,1.690000
139,44114,13584,1.698000
140,44432,13552,1.694000
141,44748,13680,1.710000
142,45065,13696,1.712000
143,45382,13664,1.708000
144,45699,13712,1.714000
145,46016,13728,1.716000
146,46333,13760,1.720000
147,46650,13776,1.722000
148,46967,13760,1.720000
149,47283,13776,1.722000
150,47600,13680,1.710000
151,47917,13744,1.718000
152,48234,13696,1.712000
153,48551,13680,1.710000
154,48868,13648,1.706000
155,49184,13568,1.696000
156,49501,13536,1.692000
157,49818,13552,1.694000
158,50135,13552,1.694000
159,50452,13440,1.680000
160,50768,13456,1.682000
161,51086,13440,1.680000
162,51403,13296,1.662000
163,51719,13296,1.662000
164,52036,13264,1.658000
165,52353,13152,1.644000
166,52670,13120,1.640000
167,52986,13152,1.644000
168,53304,13104,1.638000
169,53620,13024,1.628000
170,53937,13024,1.628000
171,54254,12992,1.624000
172,54571,12976,1.622000
173,54888,12976,1.622000
174,55205,12976,1.622000
175,55521,13040,1.630000
176,55838,13008,1.626000
177,56155,13040,1.630000
178,56472,13056,1.632000
179,56789,13104,1.638000
180,57105,13072,1.634000
181,57423,13152,1.644000
182,57739,13168,1.646000
183,58056,13200,1.650000
184,58373,13264,1.658000
185,58690,13264,1.658000
186,59007,13360,1.670000
187,59323,13408,1.676000
188,59641,13360,1.670000
189,59957,13472,1.684000
190,60274,13504,1.688000
191,60591,13536,1.692000
192,60907,13568,1.696000
193,61225,13600,1.700000
194,61542,13648,1.706000
195,61859,13696,1.712000
196,62175,13696,1.712000
197,62492,13728,1.716000
198,62809,13744,1.718000
199,63126,13712,1.714000
200,63443,13744,1.718000
201,63759,13776,1.722000
202,64077,13792,1.724000
203,64394,13744,1.718000
204,64710,13696,1.712000
205,65027,13664,1.708000
206,65344,13712,1.714000
207,65660,13632,1.704000
208,65978,13616,1.702000
209,66295,13584,1.698000
210,66612,13568,1.696000
211,66928,13488,1.686000
212,67245,13424,1.678000
213,67562,13408,1.676000
214,67879,13296,1.662000
215,68196,13328,1.666000
216,68513,13280,1.660000
217,68829,13216,1.652000
218,69146,13152,1.644000
219,69462,13152,1.644000
220,69780,13088,1.636000
221,70097,13040,1.630000
222,70413,13088,1.636000
223,70730,13008,1.626000
224,71047,13024,1.628000
225,71364,13024,1.628000
226,71681,12992,1.624000
227,71998,13008,1.626000
228,72315,12992,1.624000
229,72632,13024,1.628000
230,72948,13040,1.630000
231,73265,13056,1.632000
232,73582,13088,1.636000
233,73899,13088,1.636000
234,74216,13200,1.650000
235,74533,13200,1.650000
236,74850,13232,1.654000
237,75166,13232,1.654000
238,75483,13328,1.666000
239,75800,13360,1.670000
240,76117,13424,1.678000
241,76434,13408,1.676000
242,76751,13488,1.686000
243,77068,13520,1.690000
244,77385,13520,1.690000
245,77701,13632,1.704000
246,78018,13600,1.700000
247,78335,13712,1.714000
248,78652,13728,1.716000
249,78969,13728,1.716000
250,79285,13760,1.720000
251,79602,13776,1.722000
252,79919,13760,1.720000
253,80236,13776,1.722000
254,80553,13760,1.720000
255,80870,13760,1.720000
256,81187,13696,1.712000
257,81503,13696,1.712000
258,81820,13664,1.708000
259,82138,13728,1.716000
260,82454,13584,1.698000
261,82771,13616,1.702000
262,83088,13632,1.704000
263,83405,13568,1.696000
264,83722,13488,1.686000
265,84038,13360,1.670000
266,84355,13392,1.674000
267,84672,13344,1.668000
268,84989,13296,1.662000
269,85306,13280,1.660000
270,85623,13232,1.654000
271,85940,13152,1.644000
272,86257,13088,1.636000
273,86573,13120,1.640000
274,86890,13040,1.630000
275,87207,13072,1.634000
276,87524,13040,1.630000
277,87841,13024,1.628000
278,88157,13040,1.630000
279,88475,13008,1.626000
280,88792,13008,1.626000
281,89108,12976,1.622000
282,89425,13056,1.632000
283,89742,13040,1.630000
284,90059,13152,1.644000
285,90376,13136,1.642000
286,90692,13104,1.638000
287,91009,13120,1.640000
288,91326,13136,1.642000
289,91643,13280,1.660000
290,91959,13328,1.666000
291,92276,13344,1.668000
292,92593,13344,1.668000
293,92910,13440,1.680000
294,93227,13408,1.676000
295,93544,13488,1.686000
296,93861,13520,1.690000
297,94177,13552,1.694000
298,94494,13600,1.700000
299,94812,13664,1.708000
300,95128,13680,1.710000
301,95445,13664,1.708000
302,95762,13760,1.720000
303,96079,13744,1.718000
304,96395,13728,1.716000
305,96713,13696,1.712000
306,97029,13760,1.720000
307,97346,13744,1.718000
308,97663,13712,1.714000
309,97979,13712,1.714000
310,98297,13712,1.714000
311,98614,13712,1.714000
312,98930,13712,1.714000
313,99247,13600,1.700000
314,99564,13616,1.702000
315,99880,13520,1.690000
316,100198,13504,1.688000
317,100515,13392,1.674000
318,100832,13408,1.676000
319,101148,13376,1.672000
320,101465,13296,1.662000
321,101782,13312,1.664000
322,102099,13248,1.656000
323,102415,13200,1.650000
324,102733,13120,1.640000
325,103050,13136,1.642000
326,103367,13104,1.638000
327,103687,13104,1.638000
328,104001,13056,1.632000
329,104317,13024,1.628000
330,104634,13008,1.626000
331,104951,12960,1.620000
332,105268,12976,1.622000
333,105585,12992,1.624000
334,105901,12992,1.624000
335,106219,13040,1.630000
336,106535,13072,1.634000
337,106852,13088,1.636000
338,107169,13120,1.640000
339,107485,13136,1.642000
340,107802,13184,1.648000
341,108119,13216,1.652000
342,108436,13200,1.650000
343,108753,13328,1.666000
344,109070,13344,1.668000
345,109387,13440,1.680000
346,109703,13456,1.682000
347,110020,13504,1.688000
348,110337,13536,1.692000
349,110654,13600,1.700000
350,110971,13600,1.700000
351,111288,13616,1.702000
352,111605,13616,1.702000
353,111921,13696,1.712000
354,112238,13712,1.714000
355,112555,13712,1.714000
356,112871,13712,1.714000
357,113189,13728,1.716000
358,113506,13776,1.722000
359,113822,13696,1.712000
360,114139,13712,1.714000
361,114456,13728,1.716000
362,114773,13680,1.710000
363,115090,13696,1.712000
364,115407,13680,1.710000
365,115724,13664,1.708000
366,116041,13616,1.702000
367,116357,13600,1.700000
368,116674,13552,1.694000
369,116991,13456,1.682000
370,117308,13408,1.676000
371,117625,13376,1.672000
372,117941,13328,1.666000
373,118258,13344,1.668000
374,118575,13264,1.658000
375,118892,13248,1.656000
376,119209,13184,1.648000
377,119526,13120,1.640000
378,119843,13136,1.642000
379,120160,13136,1.642000
380,120476,13088,1.636000
381,120793,13088,1.636000
382,121110,13024,1.628000
383,121427,13024,1.628000
384,121744,12976,1.622000
385,122061,13008,1.626000
386,122378,13024,1.628000
387,122695,13024,1.628000
388,123011,13104,1.638000
389,123328,13088,1.636000
390,123645,13072,1.634000
391,123962,13104,1.638000
392,124279,13152,1.644000
393,124596,13216,1.652000
394,124913,13248,1.656000
395,125229,13280,1.660000
396,125546,13360,1.670000
397,125863,13312,1.664000
398,126180,13424,1.678000
399,126497,13456,1.682000
400,126814,13520,1.690000
401,127130,13536,1.692000
402,127448,13568,1.696000
403,127764,13632,1.704000
404,128081,13664,1.708000
405,128398,13696,1.712000
406,128715,13696,1.712000
407,129031,13760,1.720000
408,129348,13712,1.714000
409,129665,13728,1.716000
410,129982,13712,1.714000
411,130299,13776,1.722000
412,130616,13728,1.716000
413,130933,13744,1.718000
414,131250,13728,1.716000
415,131566,13712,1.714000
416,131883,13664,1.708000
417,132201,13664,1.708000
418,132517,13632,1.704000
419,132834,13616,1.702000
420,133151,13504,1.688000
421,133468,13456,1.682000
422,133784,13520,1.690000
423,134101,13360,1.670000
424,134418,13360,1.670000
425,134735,13296,1.662000
426,135052,13264,1.658000
427,135369,13232,1.654000
428,135688,13232,1.654000
429,136002,13184,1.648000
430,136319,13168,1.646000
431,136636,13088,1.636000
432,136953,13088,1.636000
433,137270,13008,1.626000
434,137587,13056,1.632000
435,137904,13040,1.630000
436,138221,12976,1.622000
437,138537,13008,1.626000
438,138854,12992,1.624000
439,139170,12992,1.624000
440,139488,13088,1.636000
441,139805,13024,1.628000
442,140121,13120,1.640000
443,140438,13104,1.638000
444,140755,13136,1.642000
445,141072,13120,1.640000
446,141389,13248,1.656000
447,141706,13264,1.658000
448,142022,13328,1.666000
449,142340,13264,1.658000
450,142656,13392,1.674000
451,142973,13408,1.676000
452,143290,13488,1.686000
453,143607,13520,1.690000
454,143924,13520,1.690000
455,144241,13568,1.696000
456,144557,13600,1.700000
457,144875,13632,1.704000
458,145192,13680,1.710000
459,145508,13744,1.718000
460,145825,13728,1.716000
461,146141,13760,1.720000
462,146458,13776,1.722000
463,146775,13776,1.722000
464,147093,13776,1.722000
465,147409,13792,1.724000
466,147726,13760,1.720000
467,148043,13744,1.718000
468,148360,13776,1.722000
469,148676,13712,1.714000
470,148993,13600,1.700000
471,149310,13600,1.700000
472,149627,13584,1.698000
473,149944,13504,1.688000
474,150261,13552,1.694000
475,150578,13440,1.680000
476,150895,13408,1.676000
477,151211,13376,1.672000
478,151528,13312,1.664000
479,151845,13200,1.650000
480,152162,13216,1.652000
481,152479,13280,1.660000
482,152796,13104,1.638000
483,153112,13136,1.642000
484,153430,13056,1.632000
485,153747,13072,1.634000
486,154063,13008,1.626000
487,154380,13056,1.632000
488,154697,12992,1.624000
489,155014,13024,1.628000
490,155331,13008,1.626000
491,155647,12992,1.624000
492,155964,13008,1.626000
493,156281,13040,1.630000
494,156598,13040,1.630000
495,156915,13088,1.636000
496,157232,13104,1.638000
497,157549,13168,1.646000
498,157865,13184,1.648000
499,158183,13200,1.650000
500,158499,13104,1.638000
501,158816,13312,1.664000
502,159133,13376,1.672000
503,159450,13392,1.674000
504,159766,13456,1.682000
505,160083,13520,1.690000
506,160400,13552,1.694000
507,160717,13568,1.696000
508,161034,13616,1.702000
509,161351,13632,1.704000
510,161668,13632,1.704000
511,161984,13696,1.712000
512,162301,13712,1.714000
513,162618,13776,1.722000
514,162935,13760,1.720000
515,163252,13728,1.716000
516,163569,13744,1.718000
517,163885,13776,1.722000
518,164202,13728,1.716000
519,164520,13760,1.720000
520,164836,13712,1.714000
521,165153,13680,1.710000
522,165469,13680,1.710000
523,165787,13584,1.698000
524,166103,13600,1.700000
525,166420,13520,1.690000
526,166737,13552,1.694000
527,167054,13488,1.686000
528,167371,13344,1.668000
529,167688,13376,1.672000
530,168004,13344,1.668000
531,168321,13264,1.658000
532,168639,13216,1.652000
533,168955,13232,1.654000
534,169272,13136,1.642000
535,169589,13168,1.646000
536,169906,13056,1.632000
537,170223,13040,1.630000
538,170539,13088,1.636000
539,170857,13056,1.632000
540,171173,12992,1.624000
541,171490,12992,1.624000
542,171807,12944,1.618000
543,172124,12976,1.622000
544,172441,13008,1.626000
545,172757,13008,1.626000
546,173075,13072,1.634000
547,173391,13088,1.636000
548,173708,13072,1.634000
549,174025,13104,1.638000
550,174342,13184,1.648000
551,174658,13216,1.652000
552,174976,13520,1.690000
553,175293,13280,1.660000
554,175609,13344,1.668000
555,175926,13392,1.674000
556,176243,13456,1.682000
557,176560,13472,1.684000
558,176876,13744,1.718000
559,177194,13568,1.696000
560,177510,13584,1.698000
561,177827,13632,1.704000
562,178144,13616,1.702000
563,178460,13728,1.716000
564,178778,13696,1.712000
565,179094,14000,1.750000
566,179411,13728,1.716000
567,179729,13808,1.726000
568,180045,13760,1.720000
569,180362,13792,1.724000
570,180679,13792,1.724000
571,180996,13824,1.728000
572,181313,13744,1.718000
573,181629,13712,1.714000
574,181946,13664,1.708000
575,182264,13568,1.696000
576,182580,13616,1.702000
577,182897,13568,1.696000
578,183214,13520,1.690000
579,183531,13456,1.682000
580,183847,13440,1.680000
581,184164,13360,1.670000
582,184481,13376,1.672000
583,184797,13312,1.664000
584,185115,13296,1.662000
585,185432,13184,1.648000
586,185749,13248,1.656000
587,186065,13168,1.646000
588,186382,13120,1.640000
589,186699,13104,1.638000
590,187016,13072,1.634000
591,187333,13056,1.632000
592,187650,13056,1.632000
593,187967,13008,1.626000
594,188284,13040,1.630000
595,188600,13040,1.630000
596,188918,13008,1.626000
597,189234,12992,1.624000
598,189551,12976,1.622000
599,189868,13072,1.634000
600,190185,13136,1.642000
601,190501,13120,1.640000
602,190819,13136,1.642000
603,191135,13168,1.646000
604,191452,13200,1.650000
605,191768,13264,1.658000
606,192086,13328,1.666000
607,192403,13392,1.674000
608,192719,13408,1.676000
609,193037,13408,1.676000
610,193353,13440,1.680000
611,193670,13504,1.688000
612,193987,13616,1.702000
613,194304,13664,1.708000
614,194621,13520,1.690000
615,194937,13680,1.710000
616,195255,13696,1.712000
617,195571,13712,1.714000
618,195888,13680,1.710000
619,196205,13776,1.722000
620,196522,13824,1.728000
621,196839,13744,1.718000
622,197156,13776,1.722000
623,197472,13696,1.712000
624,197789,13760,1.720000
625,198106,13712,1.714000
626,198423,13680,1.710000
627,198740,13680,1.710000
628,199056,13696,1.712000
629,199373,13680,1.710000
630,199690,13552,1.694000
631,200007,13520,1.690000
632,200324,13488,1.686000
633,200641,13472,1.684000
634,200957,13296,1.662000
635,201275,13408,1.676000
636,201591,13104,1.638000
637,201908,13264,1.658000
638,202225,13184,1.648000
639,202542,13184,1.648000
640,202858,13136,1.642000
641,203176,13040,1.630000
642,203492,12912,1.614000
643,203809,13088,1.636000
644,204127,13056,1.632000
645,204443,13024,1.628000
646,204760,13008,1.626000
647,205077,12976,1.622000
648,205394,12976,1.622000
649,205710,12880,1.610000
650,206027,13024,1.628000
651,206344,13040,1.630000
652,206661,13008,1.626000
653,206978,13040,1.630000
654,207295,13088,1.636000
655,207612,13040,1.630000
656,207928,13184,1.648000
657,208245,13184,1.648000
658,208562,13328,1.666000
659,208879,13296,1.662000
660,209196,13344,1.668000
661,209513,13360,1.670000
662,209829,13392,1.674000
663,210147,13488,1.686000
664,210463,13552,1.694000
665,210780,13584,1.698000
666,211097,13616,1.702000
667,211413,13616,1.702000
668,211731,13680,1.710000
669,212047,13696,1.712000
670,212364,13744,1.718000
671,212681,13712,1.714000
672,212997,13760,1.720000
673,213315,13760,1.720000
674,213632,13792,1.724000
675,213948,13744,1.718000
676,214265,13696,1.712000
677,214582,13632,1.704000
678,214899,13744,1.718000
679,215216,13648,1.706000
680,215532,13600,1.700000
681,215850,13632,1.704000
682,216166,13552,1.694000
683,216483,13536,1.692000
684,216800,13552,1.694000
685,217117,13504,1.688000
686,217434,13424,1.678000
687,217750,13360,1.670000
688,218068,13328,1.666000
689,218385,13280,1.660000
690,218701,13232,1.654000
691,219018,13232,1.654000
692,219335,13168,1.646000
693,219652,13136,1.642000
694,219969,13152,1.644000
695,220285,13056,1.632000
696,220603,13056,1.632000
697,220919,13088,1.636000
698,221236,13056,1.632000
699,221553,13040,1.630000
700,221869,12960,1.620000
701,222187,13008,1.626000
702,222503,13024,1.628000
703,222820,13040,1.630000
704,223138,13120,1.640000
705,223454,13216,1.652000
706,223771,13120,1.640000
707,224088,13136,1.642000
708,224405,13216,1.652000
709,224722,13200,1.650000
710,225038,13216,1.652000
711,225356,13520,1.690000
712,225672,13328,1.666000
713,225989,13360,1.670000
714,226306,13408,1.676000
715,226623,13440,1.680000
716,226940,13536,1.692000
717,227257,13504,1.688000
718,227573,13824,1.728000
719,227890,13680,1.710000
720,228207,13440,1.680000
721,228524,13712,1.714000
722,228841,13712,1.714000
723,229157,13728,1.716000
724,229475,14016,1.752000
725,229791,13712,1.714000
726,230108,13568,1.696000
727,230424,13744,1.718000
728,230742,13744,1.718000
729,231058,13760,1.720000
730,231376,13744,1.718000
731,231692,13712,1.714000
732,232010,13632,1.704000
733,232326,13408,1.676000
734,232643,13568,1.696000
735,232960,13600,1.700000
736,233277,13552,1.694000
737,233593,13552,1.694000
738,233910,13456,1.682000
739,234227,13184,1.648000
740,234544,13376,1.672000
741,234861,13312,1.664000
742,235178,13280,1.660000
743,235494,13232,1.654000
744,235812,13184,1.648000
745,236128,13136,1.642000
746,236445,13120,1.640000
747,236761,13104,1.638000
748,237079,13040,1.630000
749,237396,13024,1.628000
750,237713,12992,1.624000
751,238029,13008,1.626000
752,238346,12976,1.622000
753,238663,13008,1.626000
754,238979,12992,1.624000
755,239296,13056,1.632000
756,239614,13040,1.630000
757,239930,13088,1.636000
758,240248,13120,1.640000
759,240564,13136,1.642000
760,240881,13200,1.650000
761,241198,13184,1.648000
762,241515,13216,1.652000
763,241832,13216,1.652000
764,242148,13312,1.664000
765,242466,13376,1.672000
766,242782,13456,1.682000
767,243099,13456,1.682000
768,243416,13488,1.686000
769,243733,13568,1.696000
770,244049,13520,1.690000
771,244367,13632,1.704000
772,244687,13616,1.702000
773,245001,13664,1.708000
774,245317,13744,1.718000
775,245634,13712,1.714000
776,245951,14016,1.752000
777,246268,13744,1.718000
778,246584,13776,1.722000
779,246901,13744,1.718000
780,247218,13712,1.714000
781,247535,13760,1.720000
782,247852,13904,1.738000
783,248168,13728,1.716000
784,248486,13712,1.714000
785,248803,13600,1.700000
786,249119,13600,1.700000
787,249436,13600,1.700000
788,249752,13520,1.690000
789,250070,13600,1.700000
790,250387,13392,1.674000
791,250703,13456,1.682000
792,251020,13424,1.678000
793,251337,13312,1.664000
794,251654,13312,1.664000
795,251971,13328,1.666000
796,252288,13232,1.654000
797,252605,13184,1.648000
798,252922,13152,1.644000
799,253239,13136,1.642000
800,253555,13088,1.636000
801,253872,13056,1.632000
802,254189,13104,1.638000
803,254506,13008,1.626000
804,254823,12992,1.624000
805,255140,13056,1.632000
806,255456,13072,1.634000
807,255773,13024,1.628000
808,256090,13120,1.640000
809,256407,13072,1.634000
810,256724,13184,1.648000
811,257041,13104,1.638000
812,257358,13120,1.640000
813,257674,13200,1.650000
814,257991,13200,1.650000
815,258308,13232,1.654000
816,258625,13296,1.662000
817,258942,13456,1.682000
818,259259,13392,1.674000
819,259576,13440,1.680000
820,259892,13456,1.682000
821,260210,13520,1.690000
822,260526,13520,1.690000
823,260843,13760,1.720000
824,261160,13600,1.700000
825,261476,13680,1.710000
826,261793,13696,1.712000
827,262111,13696,1.712000
828,262427,13696,1.712000
829,262744,13728,1.716000
830,263060,13776,1.722000
831,263378,13808,1.726000
832,263695,13776,1.722000
833,264011,13744,1.718000
834,264328,13728,1.716000
835,264645,13712,1.714000
836,264962,13728,1.716000
837,265279,13712,1.714000
838,265596,13664,1.708000
839,265913,13584,1.698000
840,266230,13520,1.690000
841,266546,13568,1.696000
842,266863,13520,1.690000
843,267179,13456,1.682000
844,267497,13424,1.678000
845,267814,13392,1.674000
846,268130,13296,1.662000
847,268448,13312,1.664000
848,268764,13264,1.658000
849,269081,13168,1.646000
850,269398,13232,1.654000
851,269715,13120,1.640000
852,270031,13120,1.640000
853,270348,13136,1.642000
854,270665,13056,1.632000
855,270982,13040,1.630000
856,271299,13024,1.628000
857,271616,12976,1.622000
858,271932,13008,1.626000
859,272250,12960,1.620000
860,272567,12912,1.614000
861,272883,13008,1.626000
862,273200,13024,1.628000
863,273517,13104,1.638000
864,273834,13120,1.640000
865,274151,13104,1.638000
866,274468,12976,1.622000
867,274785,13184,1.648000
868,275101,13264,1.658000
869,275419,13328,1.666000
870,275735,13344,1.668000
871,276052,13408,1.676000
872,276369,13472,1.684000
873,276689,13408,1.676000
874,277003,13472,1.684000
875,277319,13408,1.676000
876,277636,13632,1.704000
877,277952,13616,1.702000
878,278270,13696,1.712000
879,278587,13600,1.700000
880,278903,13680,1.710000
881,279221,13680,1.710000
882,279537,13744,1.718000
883,279854,13696,1.712000
884,280171,13776,1.722000
885,280488,13728,1.716000
886,280805,13664,1.708000
887,281121,13776,1.722000
888,281438,13600,1.700000
889,281755,13696,1.712000
890,282072,13696,1.712000
891,282389,13632,1.704000
892,282706,13600,1.700000
893,283022,13536,1.692000
894,283340,13440,1.680000
895,283657,13600,1.700000
896,283973,13440,1.680000
897,284290,13344,1.668000
898,284607,13360,1.670000
899,284923,13296,1.662000
900,285241,13232,1.654000
901,285558,13072,1.634000
902,285874,13152,1.644000
903,286191,13168,1.646000
904,286508,13136,1.642000
905,286825,13152,1.644000
906,287142,13072,1.634000
907,287459,12864,1.608000
908,287776,13104,1.638000
909,288092,12992,1.624000
910,288409,13008,1.626000
911,288726,13024,1.628000
912,289043,13024,1.628000
913,289360,13008,1.626000
914,289676,13040,1.630000
915,289993,13040,1.630000
916,290310,13088,1.636000
917,290628,13104,1.638000
918,290944,13088,1.636000
919,291261,13248,1.656000
920,291578,13216,1.652000
921,291894,13264,1.658000
922,292211,13296,1.662000
923,292528,13392,1.674000
924,292846,13424,1.678000
925,293162,13472,1.684000
926,293479,13488,1.686000
927,293796,13536,1.692000
928,294113,13552,1.694000
929,294429,13616,1.702000
930,294746,13680,1.710000
931,295063,13664,1.708000
932,295380,13744,1.718000
933,295697,13728,1.716000
934,296014,13792,1.724000
935,296330,13776,1.722000
936,296648,13760,1.720000
937,296964,13744,1.718000
938,297281,13760,1.720000
939,297598,13808,1.726000
940,297915,13760,1.720000
941,298232,13744,1.718000
942,298548,13680,1.710000
943,298865,13648,1.706000
944,299183,13664,1.708000
945,299499,13632,1.704000
946,299816,13584,1.698000
947,300133,13504,1.688000
948,300450,13440,1.680000
949,300767,13488,1.686000
950,301083,13344,1.668000
951,301400,13296,1.662000
952,301717,13296,1.662000
953,302034,13264,1.658000
954,302351,13216,1.652000
955,302668,13184,1.648000
956,302984,13136,1.642000
957,303301,13136,1.642000
958,303618,13040,1.630000
959,303935,13072,1.634000
960,304252,12992,1.624000
961,304569,13056,1.632000
962,304886,13008,1.626000
963,305202,13072,1.634000
964,305519,13008,1.626000
965,305836,13088,1.636000
966,306153,13024,1.628000
967,306470,13056,1.632000
968,306787,13104,1.638000
969,307104,13120,1.640000
970,307421,13152,1.644000
971,307737,13168,1.646000
972,308054,13200,1.650000
973,308371,13296,1.662000
974,308688,13344,1.668000
975,309005,13328,1.666000
976,309322,13376,1.672000
977,309638,13472,1.684000
978,309955,13504,1.688000
979,310273,13488,1.686000
980,310589,13568,1.696000
981,310906,13616,1.702000
982,311223,13584,1.698000
983,311540,13600,1.700000
984,311856,13696,1.712000
985,312174,13760,1.720000
986,312490,13712,1.714000
987,312807,13712,1.714000
988,313124,13712,1.714000
989,313441,13760,1.720000
990,313757,13728,1.716000
991,314075,13760,1.720000
992,314391,13664,1.708000
993,314708,13664,1.708000
994,315025,13712,1.714000
995,315342,13680,1.710000
996,315659,13680,1.710000
997,315975,13584,1.698000
998,316292,13632,1.704000
999,316609,13568,1.696000
1000,316926,13520,1.690000
1001,317243,13520,1.690000
1002,317560,13392,1.674000
1003,317877,13392,1.674000
1004,318194,13280,1.660000
1005,318510,13296,1.662000
1006,318827,13280,1.660000
1007,319144,13216,1.652000
1008,319461,13152,1.644000
1009,319777,13104,1.638000
1010,320095,13120,1.640000
1011,320412,13088,1.636000
1012,320728,13072,1.634000
1013,321045,13040,1.630000
1014,321362,13008,1.626000
1015,321679,13024,1.628000
1016,321996,12976,1.622000
1017,322313,13040,1.630000
1018,322630,12992,1.624000
1019,322946,13040,1.630000
1020,323263,13040,1.630000
1021,323580,13088,1.636000
1022,323897,13120,1.640000
1023,324213,13152,1.644000
1024,324531,13216,1.652000
1025,324847,13248,1.656000
1026,325164,13216,1.652000
1027,325481,13392,1.674000
1028,325798,13248,1.656000
1029,326115,13408,1.676000
1030,326432,13424,1.678000
1031,326749,13472,1.684000
1032,327066,13520,1.690000
1033,327382,13632,1.704000
1034,327699,13472,1.684000
1035,328016,13680,1.710000
1036,328333,13648,1.706000
1037,328650,13648,1.706000
1038,328967,13664,1.708000
1039,329284,13776,1.722000
1040,329600,13744,1.718000
1041,329918,13680,1.710000
1042,330234,13808,1.726000
1043,330551,13776,1.722000
1044,330868,13744,1.718000
1045,331185,13712,1.714000
1046,331501,13696,1.712000
1047,331819,13600,1.700000
1048,332135,13680,1.710000
1049,332452,13664,1.708000
1050,332768,13616,1.702000
1051,333086,13568,1.696000
1052,333403,13520,1.690000
1053,333719,13440,1.680000
1054,334037,13440,1.680000
1055,334353,13456,1.682000
1056,334670,13312,1.664000
1057,334987,13280,1.660000
1058,335304,13216,1.652000
1059,335621,13280,1.660000
1060,335937,13152,1.644000
1061,336254,13200,1.650000
1062,336571,13040,1.630000
1063,336888,13136,1.642000
1064,337205,13056,1.632000
1065,337521,13040,1.630000
1066,337839,12992,1.624000
1067,338156,12944,1.618000
1068,338472,13008,1.626000
1069,338789,12976,1.622000
1070,339106,13024,1.628000
1071,339423,13040,1.630000
1072,339740,13056,1.632000
1073,340056,13072,1.634000
1074,340373,13120,1.640000
1075,340690,13120,1.640000
1076,341007,13136,1.642000
1077,341324,13184,1.648000
1078,341641,13232,1.654000
1079,341958,13248,1.656000
1080,342274,13280,1.660000
1081,342591,13360,1.670000
1082,342908,13456,1.682000
1083,343225,13456,1.682000
1084,343542,13504,1.688000
1085,343859,13552,1.694000
1086,344175,13648,1.706000
1087,344493,13632,1.704000
1088,344809,13680,1.710000
1089,345126,13680,1.710000
1090,345443,13712,1.714000
1091,345760,13744,1.718000
1092,346077,13776,1.722000
1093,346394,13760,1.720000
1094,346710,13808,1.726000
1095,347027,13776,1.722000
1096,347344,13760,1.720000
1097,347661,13712,1.714000
1098,347977,13712,1.714000
1099,348295,13744,1.718000
1100,348612,13696,1.712000
1101,348929,13648,1.706000
1102,349246,13616,1.702000
1103,349562,13536,1.692000
1104,349879,13520,1.690000
1105,350196,13552,1.694000
1106,350513,13488,1.686000
1107,350829,13424,1.678000
1108,351146,13344,1.668000
1109,351463,13280,1.660000
1110,351780,13296,1.662000
1111,352097,13216,1.652000
1112,352414,13328,1.666000
1113,352731,13136,1.642000
1114,353048,13104,1.638000
1115,353365,13104,1.638000
1116,353681,13136,1.642000
1117,353998,13024,1.628000
1118,354315,13088,1.636000
1119,354632,13024,1.628000
1120,354948,13040,1.630000
1121,355265,13008,1.626000
1122,355582,13024,1.628000
1123,355899,12992,1.624000
1124,356216,13088,1.636000
1125,356533,13104,1.638000
1126,356850,13104,1.638000
1127,357167,12992,1.624000
1128,357483,13104,1.638000
1129,357800,13152,1.644000
1130,358117,13216,1.652000
1131,358434,13264,1.658000
1132,358751,13312,1.664000
1133,359067,13312,1.664000
1134,359385,13344,1.668000
1135,359702,13376,1.672000
1136,360018,13488,1.686000
1137,360335,13488,1.686000
1138,360652,13536,1.692000
1139,360968,13664,1.708000
1140,361286,13568,1.696000
1141,361603,13632,1.704000
1142,361919,13712,1.714000
1143,362236,13728,1.716000
1144,362553,13664,1.708000
1145,362870,13728,1.716000
1146,363187,13744,1.718000
1147,363504,13808,1.726000
1148,363820,13760,1.720000
1149,364138,13792,1.724000
1150,364454,13696,1.712000
1151,364771,13728,1.716000
1152,365088,13664,1.708000
1153,365405,13600,1.700000
1154,365722,13648,1.706000
1155,366039,13552,1.694000
1156,366356,13568,1.696000
1157,366672,13520,1.690000
1158,366989,13424,1.678000
1159,367306,13408,1.676000
1160,367623,13424,1.678000
1161,367940,13344,1.668000
1162,368257,13296,1.662000
1163,368573,13280,1.660000
1164,368890,13232,1.654000
1165,369207,13216,1.652000
1166,369524,13088,1.636000
1167,369841,13056,1.632000
1168,370157,13072,1.634000
1169,370475,13072,1.634000
1170,370791,13024,1.628000
1171,371108,12944,1.618000
1172,371424,12912,1.614000
1173,371742,13088,1.636000
1174,372059,12992,1.624000
1175,372375,13056,1.632000
1176,372693,13008,1.626000
1177,373009,13072,1.634000
1178,373326,13056,1.632000
1179,373643,13104,1.638000
1180,373960,13136,1.642000
1181,374277,13168,1.646000
1182,374593,13200,1.650000
1183,374911,13264,1.658000
1184,375228,13296,1.662000
1185,375544,13312,1.664000
1186,375861,13360,1.670000
1187,376178,13440,1.680000
1188,376495,13456,1.682000
1189,376812,13552,1.694000
1190,377128,13568,1.696000
1191,377445,13568,1.696000
1192,377762,13568,1.696000
1193,378079,13664,1.708000
1194,378396,13664,1.708000
1195,378713,13728,1.716000
1196,379029,13824,1.728000
1197,379346,13728,1.716000
1198,379663,13808,1.726000
1199,379980,13824,1.728000
1200,380296,13776,1.722000
1201,380614,13760,1.720000
1202,380930,13824,1.728000
1203,381248,13744,1.718000
1204,381564,13664,1.708000
1205,381881,13616,1.702000
1206,382197,13680,1.710000
1207,382515,13648,1.706000
1208,382832,13616,1.702000
1209,383148,13584,1.698000
1210,383466,13568,1.696000
1211,383782,13568,1.696000
1212,384099,13408,1.676000
1213,384416,13376,1.672000
1214,384732,13344,1.668000
1215,385050,13376,1.672000
1216,385367,13232,1.654000
1217,385688,13200,1.650000
1218,386001,13152,1.644000
1219,386317,13136,1.642000
1220,386634,13120,1.640000
1221,386951,13072,1.634000
1222,387268,13024,1.628000
1223,387584,13056,1.632000
1224,387901,12960,1.620000
1225,388218,13040,1.630000
1226,388535,13040,1.630000
1227,388852,12992,1.624000
1228,389169,13056,1.632000
1229,389486,13008,1.626000
1230,389803,13024,1.628000
1231,390120,13040,1.630000
1232,390436,13120,1.640000
1233,390753,13136,1.642000
1234,391069,13184,1.648000
1235,391386,13232,1.654000
1236,391704,13200,1.650000
1237,392020,13312,1.664000
1238,392337,13360,1.670000
1239,392654,13328,1.666000
1240,392970,13424,1.678000
1241,393288,13488,1.686000
1242,393605,13504,1.688000
1243,393922,13568,1.696000
1244,394239,13616,1.702000
1245,394555,13648,1.706000
1246,394872,13664,1.708000
1247,395189,13696,1.712000
1248,395506,13744,1.718000
1249,395823,13728,1.716000
1250,396140,13696,1.712000
1251,396456,13712,1.714000
1252,396773,13808,1.726000
1253,397090,13776,1.722000
1254,397407,13712,1.714000
1255,397724,13744,1.718000
1256,398041,13728,1.716000
1257,398358,13760,1.720000
1258,398674,13712,1.714000
1259,398991,13664,1.708000
1260,399308,13664,1.708000
1261,399625,13664,1.708000
1262,399942,13584,1.698000
1263,400259,13504,1.688000
1264,400576,13424,1.678000
1265,400893,13456,1.682000
1266,401209,13328,1.666000
1267,401526,13328,1.666000
1268,401843,13248,1.656000
1269,402160,13232,1.654000
1270,402477,13136,1.642000
1271,402793,13152,1.644000
1272,403110,13120,1.640000
1273,403427,12992,1.624000
1274,403744,13040,1.630000
1275,404061,13072,1.634000
1276,404378,13056,1.632000
1277,404695,13024,1.628000
1278,405011,13008,1.626000
1279,405328,12912,1.614000
1280,405645,12960,1.620000
1281,405962,13008,1.626000
1282,406279,12976,1.622000
1283,406596,13040,1.630000
1284,406913,13104,1.638000
1285,407230,13152,1.644000
1286,407546,13056,1.632000
1287,407863,13120,1.640000
1288,408181,13216,1.652000
1289,408497,13264,1.658000
1290,408814,13312,1.664000
1291,409131,13392,1.674000
1292,409448,13408,1.676000
1293,409764,13344,1.668000
1294,410081,13520,1.690000
1295,410398,13568,1.696000
1296,410715,13552,1.694000
1297,411032,13568,1.696000
1298,411348,13632,1.704000
1299,411666,13552,1.694000
1300,411982,13696,1.712000
1301,412299,13776,1.722000
1302,412616,13776,1.722000
1303,412933,13696,1.712000
1304,413250,13792,1.724000
1305,413566,13776,1.722000
1306,413884,13712,1.714000
1307,414201,13776,1.722000
1308,414517,13728,1.716000
1309,414834,13728,1.716000
1310,415150,13680,1.710000
1311,415468,13696,1.712000
1312,415785,13600,1.700000
1313,416101,13600,1.700000
1314,416419,13568,1.696000
1315,416735,13536,1.692000
1316,417052,13408,1.676000
1317,417369,13440,1.680000
1318,417689,13424,1.678000
1319,418003,13280,1.660000
1320,418320,13280,1.660000
1321,418636,13248,1.656000
1322,418953,13184,1.648000
1323,419270,13168,1.646000
1324,419587,13168,1.646000
1325,419904,13056,1.632000
1326,420221,13056,1.632000
1327,420537,13040,1.630000
1328,420855,12992,1.624000
1329,421171,13008,1.626000
1330,421488,13024,1.628000
1331,421805,12992,1.624000
1332,422122,13024,1.628000
1333,422439,13040,1.630000
1334,422755,13072,1.634000
1335,423072,13072,1.634000
1336,423389,13040,1.630000
1337,423706,13120,1.640000
1338,424022,13088,1.636000
1339,424340,13136,1.642000
1340,424657,13216,1.652000
1341,424973,13168,1.646000
1342,425290,13216,1.652000
1343,425607,13344,1.668000
1344,425924,13344,1.668000
1345,426240,13360,1.670000
1346,426558,13472,1.684000
1347,426875,13520,1.690000
1348,427192,13552,1.694000
1349,427508,13520,1.690000
1350,427825,13600,1.700000
1351,428142,13696,1.712000
1352,428458,13712,1.714000
1353,428776,13664,1.708000
1354,429092,13760,1.720000
1355,429409,13776,1.722000
1356,429726,13696,1.712000
1357,430042,13760,1.720000
1358,430359,13776,1.722000
1359,430677,13712,1.714000
1360,430993,13728,1.716000
1361,431311,13728,1.716000
1362,431627,13712,1.714000
1363,431945,13632,1.704000
1364,432261,13696,1.712000
1365,432578,13568,1.696000
1366,432895,13536,1.692000
1367,433212,13552,1.694000
1368,433528,13488,1.686000
1369,433845,13472,1.684000
1370,434162,13456,1.682000
1371,434479,13376,1.672000
1372,434796,13280,1.660000
1373,435113,13248,1.656000
1374,435430,13264,1.658000
1375,435746,13168,1.646000
1376,436063,13152,1.644000
1377,436380,13168,1.646000
1378,436697,13056,1.632000
1379,437014,13024,1.628000
1380,437331,12976,1.622000
1381,437648,12992,1.624000
1382,437964,13024,1.628000
1383,438281,13040,1.630000
1384,438598,13072,1.634000
1385,438915,12992,1.624000
1386,439232,13072,1.634000
1387,439549,13024,1.628000
1388,439865,13088,1.636000
1389,440183,13088,1.636000
1390,440499,13152,1.644000
1391,440816,13072,1.634000
1392,441133,13136,1.642000
1393,441450,13248,1.656000
1394,441767,13232,1.654000
1395,442083,13280,1.660000
1396,442400,13392,1.674000
1397,442717,13376,1.672000
1398,443034,13456,1.682000
1399,443351,13472,1.684000
1400,443667,13488,1.686000
1401,443985,13568,1.696000
1402,444302,13584,1.698000
1403,444618,13648,1.706000
1404,444935,13648,1.706000
1405,445252,13712,1.714000
1406,445569,13728,1.716000
1407,445886,13728,1.716000
1408,446202,13760,1.720000
1409,446520,13760,1.720000
1410,446836,13760,1.720000
1411,447153,13696,1.712000
1412,447470,13680,1.710000
1413,447787,13696,1.712000
1414,448104,13792,1.724000
1415,448421,13616,1.702000
1416,448737,13744,1.718000
1417,449054,13600,1.700000
1418,449371,13616,1.702000
1419,449689,13584,1.698000
1420,450005,13472,1.684000
1421,450322,13488,1.686000
1422,450639,13440,1.680000
1423,450955,13424,1.678000
1424,451272,13360,1.670000
1425,451589,13344,1.668000
1426,451906,13264,1.658000
1427,452223,13280,1.660000
1428,452540,13184,1.648000
1429,452857,13168,1.646000
1430,453173,13120,1.640000
1431,453490,13088,1.636000
1432,453807,13056,1.632000
1433,454124,13040,1.630000
1434,454441,13072,1.634000
1435,454757,12976,1.622000
1436,455075,13024,1.628000
1437,455392,12992,1.624000
1438,455708,12992,1.624000
1439,456025,13088,1.636000
1440,456342,13040,1.630000
1441,456659,13104,1.638000
1442,456975,13120,1.640000
1443,457292,13152,1.644000
1444,457610,13136,1.642000
1445,457926,13280,1.660000
1446,458243,13168,1.646000
1447,458560,13280,1.660000
1448,458876,13296,1.662000
1449,459194,13376,1.672000
1450,459511,13392,1.674000
1451,459827,13440,1.680000
1452,460144,13456,1.682000
1453,460460,13552,1.694000
1454,460778,13648,1.706000
1455,461095,13648,1.706000
1456,461412,13616,1.702000
1457,461728,13696,1.712000
1458,462045,13712,1.714000
1459,462362,13808,1.726000
1460,462679,13728,1.716000
1461,462996,13808,1.726000
1462,463313,13856,1.732000
1463,463629,13792,1.724000
1464,463947,13792,1.724000
1465,464263,13760,1.720000
1466,464580,13712,1.714000
1467,464897,13744,1.718000
1468,465214,13680,1.710000
1469,465531,13664,1.708000
1470,465847,13632,1.704000
1471,466165,13600,1.700000
1472,466481,13568,1.696000
1473,466798,13520,1.690000
1474,467115,13472,1.684000
1475,467432,13392,1.674000
1476,467749,13280,1.660000
1477,468065,13344,1.668000
1478,468382,13280,1.660000
1479,468699,13232,1.654000
1480,469016,13216,1.652000
1481,469333,13216,1.652000
1482,469650,13088,1.636000
1483,469967,13104,1.638000
1484,470284,13056,1.632000
1485,470600,13056,1.632000
1486,470918,13024,1.628000
1487,471234,13024,1.628000
1488,471551,13024,1.628000
1489,471868,13024,1.628000
1490,472185,13024,1.628000
1491,472502,13056,1.632000
1492,472818,12992,1.624000
1493,473135,13072,1.634000
1494,473452,13040,1.630000
1495,473769,13104,1.638000
1496,474086,13104,1.638000
1497,474403,13168,1.646000
1498,474720,13200,1.650000
1499,475036,13248,1.656000
1500,475353,13312,1.664000
1501,475670,13344,1.668000
1502,475987,13360,1.670000
1503,476304,13376,1.672000
1504,476621,13440,1.680000
1505,476937,13552,1.694000
1506,477255,13536,1.692000
1507,477571,13584,1.698000
1508,477888,13632,1.704000
1509,478205,13664,1.708000
1510,478522,13696,1.712000
1511,478839,13712,1.714000
1512,479155,13728,1.716000
1513,479472,13696,1.712000
1514,479789,13792,1.724000
1515,480106,13760,1.720000
1516,480423,13760,1.720000
1517,480740,13760,1.720000
1518,481056,13680,1.710000
1519,481374,13616,1.702000
1520,481690,13696,1.712000
1521,482007,13648,1.706000
1522,482324,13648,1.706000
1523,482641,13632,1.704000
1524,482958,13584,1.698000
1525,483275,13536,1.692000
1526,483591,13552,1.694000
1527,483908,13488,1.686000
1528,484225,13376,1.672000
1529,484542,13392,1.674000
1530,484859,13312,1.664000
1531,485176,13232,1.654000
1532,485492,13264,1.658000
1533,485810,13168,1.646000
1534,486126,13216,1.652000
1535,486443,13120,1.640000
1536,486760,13088,1.636000
1537,487077,13040,1.630000
1538,487394,12992,1.624000
1539,487710,13088,1.636000
1540,488028,13072,1.634000
1541,488344,12992,1.624000
1542,488661,13008,1.626000
1543,488978,13024,1.628000
1544,489295,13040,1.630000
1545,489612,13040,1.630000
1546,489928,13056,1.632000
1547,490245,13104,1.638000
1548,490562,13168,1.646000
1549,490879,13152,1.644000
1550,491196,13120,1.640000
1551,491513,13264,1.658000
1552,491829,13280,1.660000
1553,492147,13344,1.668000
1554,492463,13360,1.670000
1555,492780,13408,1.676000
1556,493097,13424,1.678000
1557,493413,13472,1.684000
1558,493731,13552,1.694000
1559,494047,13504,1.688000
1560,494364,13648,1.706000
1561,494681,13632,1.704000
1562,494998,13712,1.714000
1563,495315,13744,1.718000
1564,495632,13712,1.714000
1565,495948,13792,1.724000
1566,496265,13728,1.716000
1567,496582,13776,1.722000
1568,496899,13808,1.726000
1569,497216,13696,1.712000
1570,497533,13680,1.710000
1571,497850,13712,1.714000
1572,498167,13696,1.712000
1573,498483,13696,1.712000
1574,498800,13664,1.708000
1575,499117,13600,1.700000
1576,499435,13552,1.694000
1577,499751,13568,1.696000
1578,500068,13504,1.688000
1579,500385,13408,1.676000
1580,500701,13440,1.680000
1581,501018,13376,1.672000
1582,501335,13312,1.664000
1583,501651,13328,1.666000
1584,501969,13232,1.654000
1585,502286,13216,1.652000
1586,502603,13200,1.650000
1587,502919,13136,1.642000
1588,503237,13088,1.636000
1589,503553,13024,1.628000
1590,503870,13088,1.636000
1591,504187,12992,1.624000
1592,504503,12992,1.624000
1593,504821,13008,1.626000
1594,505137,13040,1.630000
1595,505454,12976,1.622000
1596,505771,13072,1.634000
1597,506088,13040,1.630000
1598,506405,13024,1.628000
1599,506721,13104,1.638000
1600,507039,13152,1.644000
1601,507356,13104,1.638000
1602,507672,13168,1.646000
1603,507989,13248,1.656000
1604,508306,13296,1.662000
1605,508623,13280,1.660000
1606,508940,13376,1.672000
1607,509257,13376,1.672000
1608,509573,13424,1.678000
1609,509890,13424,1.678000
1610,510207,13520,1.690000
1611,510524,13504,1.688000
1612,510840,13520,1.690000
1613,511158,13600,1.700000
1614,511474,13632,1.704000
1615,511791,13680,1.710000
1616,512109,13696,1.712000
1617,512425,13696,1.712000
1618,512742,13696,1.712000
1619,513059,13776,1.722000
1620,513375,13760,1.720000
1621,513693,13744,1.718000
1622,514009,13680,1.710000
1623,514326,13792,1.724000
1624,514643,13712,1.714000
1625,514960,13664,1.708000
1626,515277,13696,1.712000
1627,515594,13616,1.702000
1628,515911,13632,1.704000
1629,516227,13584,1.698000
1630,516545,13504,1.688000
1631,516861,13488,1.686000
1632,517178,13424,1.678000
1633,517495,13376,1.672000
1634,517812,13344,1.668000
1635,518128,13360,1.670000
1636,518446,13296,1.662000
1637,518762,13248,1.656000
1638,519079,13168,1.646000
1639,519396,13104,1.638000
1640,519713,13088,1.636000
1641,520030,13072,1.634000
1642,520347,13056,1.632000
1643,520663,13056,1.632000
1644,520980,13008,1.626000
1645,521297,13008,1.626000
1646,521614,13024,1.628000
1647,521931,13024,1.628000
1648,522248,12976,1.622000
1649,522564,13040,1.630000
1650,522882,13024,1.628000
1651,523198,13072,1.634000
1652,523515,13072,1.634000
1653,523832,13104,1.638000
1654,524148,13136,1.642000
1655,524466,13200,1.650000
1656,524782,13248,1.656000
1657,525099,13264,1.658000
1658,525416,13264,1.658000
1659,525733,13344,1.668000
1660,526050,13376,1.672000
1661,526367,13488,1.686000
1662,526688,13472,1.684000
1663,527001,13520,1.690000
1664,527318,13504,1.688000
1665,527634,13568,1.696000
1666,527951,13648,1.706000
1667,528268,13680,1.710000
1668,528585,13728,1.716000
1669,528902,13744,1.718000
1670,529219,13792,1.724000
1671,529535,13744,1.718000
1672,529852,13792,1.724000
1673,530169,13760,1.720000
1674,530486,13808,1.726000
1675,530803,13744,1.718000
1676,531119,13728,1.716000
1677,531436,13728,1.716000
1678,531753,13776,1.722000
1679,532070,13568,1.696000
1680,532387,13728,1.716000
1681,532704,13584,1.698000
1682,533021,13568,1.696000
1683,533338,13568,1.696000
1684,533654,13456,1.682000
1685,533971,13456,1.682000
1686,534287,13328,1.666000
1687,534605,13408,1.676000
1688,534922,13328,1.666000
1689,535239,13280,1.660000
1690,535555,13216,1.652000
1691,535872,13136,1.642000
1692,536189,13168,1.646000
1693,536506,13152,1.644000
1694,536823,13056,1.632000
1695,537140,13072,1.634000
1696,537457,12992,1.624000
1697,537774,12992,1.624000
1698,538090,13040,1.630000
1699,538407,13008,1.626000
1700,538724,13008,1.626000
1701,539041,13040,1.630000
1702,539358,13072,1.634000
1703,539674,13088,1.636000
1704,539992,13104,1.638000
1705,540308,13040,1.630000
1706,540625,13120,1.640000
1707,540942,13152,1.644000
1708,541259,13232,1.654000
1709,541576,13248,1.656000
1710,541893,13232,1.654000
1711,542210,13312,1.664000
1712,542526,13328,1.666000
1713,542843,13424,1.678000
1714,543160,13424,1.678000
1715,543477,13616,1.702000
1716,543794,13456,1.682000
1717,544111,13616,1.702000
1718,544427,13584,1.698000
1719,544744,13696,1.712000
1720,545061,13680,1.710000
1721,545378,13728,1.716000
1722,545695,13712,1.714000
1723,546012,13744,1.718000
1724,546329,13776,1.722000
1725,546645,13728,1.716000
1726,546962,13808,1.726000
1727,547279,13760,1.720000
1728,547596,13712,1.714000
1729,547913,13728,1.716000
1730,548229,13680,1.710000
1731,548547,13712,1.714000
1732,548863,13616,1.702000
1733,549180,13648,1.706000
1734,549497,13552,1.694000
1735,549814,13520,1.690000
1736,550131,13536,1.692000
1737,550448,13504,1.688000
1738,550764,13392,1.674000
1739,551082,13392,1.674000
1740,551398,13360,1.670000
1741,551715,13248,1.656000
1742,552032,13216,1.652000
1743,552349,13168,1.646000
1744,552666,13168,1.646000
1745,552982,13168,1.646000
1746,553299,13072,1.634000
1747,553616,13008,1.626000
1748,553933,13040,1.630000
1749,554250,13024,1.628000
1750,554567,13056,1.632000
1751,554883,13008,1.626000
1752,555201,13008,1.626000
1753,555517,13040,1.630000
1754,555834,13040,1.630000
1755,556151,13008,1.626000
1756,556468,13024,1.628000
1757,556784,13040,1.630000
1758,557102,13104,1.638000
1759,557418,13152,1.644000
1760,557735,13120,1.640000
1761,558052,13184,1.648000
1762,558369,13248,1.656000
1763,558689,13296,1.662000
1764,559003,13344,1.668000
1765,559320,13360,1.670000
1766,559636,13440,1.680000
1767,559953,13408,1.676000
1768,560271,13488,1.686000
1769,560587,13536,1.692000
1770,560904,13648,1.706000
1771,561221,13664,1.708000
1772,561537,13680,1.710000
1773,561854,13680,1.710000
1774,562172,13760,1.720000
1775,562489,13728,1.716000
1776,562805,13760,1.720000
1777,563122,13744,1.718000
1778,563439,13760,1.720000
1779,563755,13776,1.722000
1780,564073,13744,1.718000
1781,564390,13776,1.722000
1782,564706,13712,1.714000
1783,565023,13632,1.704000
1784,565340,13680,1.710000
1785,565657,13584,1.698000
1786,565973,13536,1.692000
1787,566291,13600,1.700000
1788,566607,13568,1.696000
1789,566924,13456,1.682000
1790,567241,13456,1.682000
1791,567558,13424,1.678000
1792,567874,13296,1.662000
1793,568192,13328,1.666000
1794,568508,13232,1.654000
1795,568825,13280,1.660000
1796,569143,13184,1.648000
1797,569459,13184,1.648000
1798,569775,13152,1.644000
1799,570093,13056,1.632000
1800,570410,13136,1.642000
1801,570726,13056,1.632000
1802,571043,13024,1.628000
1803,571360,12992,1.624000
1804,571677,13040,1.630000
1805,571994,13024,1.628000
1806,572311,13024,1.628000
1807,572627,12992,1.624000
1808,572945,13008,1.626000
1809,573262,13104,1.638000
1810,573578,13088,1.636000
1811,573895,13168,1.646000
1812,574212,13120,1.640000
1813,574529,13184,1.648000
1814,574846,13232,1.654000
1815,575162,13328,1.666000
1816,575479,13360,1.670000
1817,575796,13360,1.670000
1818,576113,13328,1.666000
1819,576430,13408,1.676000
1820,576747,13456,1.682000
1821,577063,13552,1.694000
1822,577381,13504,1.688000
1823,577697,13584,1.698000
1824,578014,13632,1.704000
1825,578331,13680,1.710000
1826,578648,13648,1.706000
1827,578964,13760,1.720000
1828,579282,13776,1.722000
1829,579598,13728,1.716000
1830,579915,13808,1.726000
1831,580232,13808,1.726000
1832,580549,13760,1.720000
1833,580866,13760,1.720000
1834,581183,13776,1.722000
1835,581500,13664,1.708000
1836,581816,13696,1.712000
1837,582133,13696,1.712000
1838,582450,13632,1.704000
1839,582767,13584,1.698000
1840,583084,13552,1.694000
1841,583401,13584,1.698000
1842,583718,13552,1.694000
1843,584034,13376,1.672000
1844,584352,13376,1.672000
1845,584668,13376,1.672000
1846,584985,13296,1.662000
1847,585302,13152,1.644000
1848,585619,13280,1.660000
1849,585935,13184,1.648000
1850,586252,13120,1.640000
1851,586569,13120,1.640000
1852,586886,13072,1.634000
1853,587203,13056,1.632000
1854,587520,13056,1.632000
1855,587836,13040,1.630000
1856,588153,13008,1.626000
1857,588470,13040,1.630000
1858,588787,13040,1.630000
1859,589104,12976,1.622000
1860,589421,13008,1.626000
1861,589737,13104,1.638000
1862,590055,13104,1.638000
1863,590371,13104,1.638000
1864,590688,13088,1.636000
1865,591005,13200,1.650000
1866,591322,13216,1.652000
1867,591639,13216,1.652000
1868,591956,13344,1.668000
1869,592272,13248,1.656000
1870,592589,13360,1.670000
1871,592907,13472,1.684000
1872,593222,13520,1.690000
1873,593540,13584,1.698000
1874,593856,13504,1.688000
1875,594174,13568,1.696000
1876,594490,13552,1.694000
1877,594807,13648,1.706000
1878,595124,13712,1.714000
1879,595441,13712,1.714000
1880,595757,13680,1.710000
1881,596075,13760,1.720000
1882,596392,13728,1.716000
1883,596708,13760,1.720000
1884,597025,13680,1.710000
1885,597342,13792,1.724000
1886,597659,13760,1.720000
1887,597976,13680,1.710000
1888,598293,13696,1.712000
1889,598610,13664,1.708000
1890,598926,13616,1.702000
1891,599243,13616,1.702000
1892,599560,13584,1.698000
1893,599877,13568,1.696000
1894,600194,13520,1.690000
1895,600511,13408,1.676000
1896,600827,13424,1.678000
1897,601144,13376,1.672000
1898,601462,13328,1.666000
1899,601778,13232,1.654000
1900,602095,13264,1.658000
1901,602412,13232,1.654000
1902,602728,13168,1.646000
1903,603046,13120,1.640000
1904,603363,13120,1.640000
1905,603679,12976,1.622000
1906,603996,13088,1.636000
1907,604313,13104,1.638000
1908,604630,13040,1.630000
1909,604947,13008,1.626000
1910,605264,12992,1.624000
1911,605580,13040,1.630000
1912,605897,13120,1.640000
1913,606214,13040,1.630000
1914,606531,13088,1.636000
1915,606848,13072,1.634000
1916,607165,13104,1.638000
1917,607482,13136,1.642000
1918,607798,13264,1.658000
1919,608115,13168,1.646000
1920,608432,13248,1.656000
1921,608749,13360,1.670000
1922,609066,13344,1.668000
1923,609382,13360,1.670000
1924,609700,13440,1.680000
1925,610016,13600,1.700000
1926,610333,13488,1.686000
1927,610650,13568,1.696000
1928,610967,13536,1.692000
1929,611284,13616,1.702000
1930,611601,13664,1.708000
1931,611918,13824,1.728000
1932,612234,13648,1.706000
1933,612551,13776,1.722000
1934,612868,13792,1.724000
1935,613184,13760,1.720000
1936,613502,13760,1.720000
1937,613819,13744,1.718000
1938,614135,13744,1.718000
1939,614453,13680,1.710000
1940,614769,13680,1.710000
1941,615086,13664,1.708000
1942,615403,13680,1.710000
1943,615720,13680,1.710000
1944,616036,13600,1.700000
1945,616353,13520,1.690000
1946,616670,13520,1.690000
1947,616987,13472,1.684000
1948,617304,13472,1.684000
1949,617621,13456,1.682000
1950,617937,13312,1.664000
1951,618255,13296,1.662000
1952,618571,13296,1.662000
1953,618888,13184,1.648000
1954,619205,13168,1.646000
1955,619522,13200,1.650000
1956,619839,13136,1.642000
1957,620155,13136,1.642000
1958,620473,13040,1.630000
1959,620789,13040,1.630000
1960,621106,13056,1.632000
1961,621423,13024,1.628000
1962,621740,13008,1.626000
1963,622057,12992,1.624000
1964,622374,13008,1.626000
1965,622690,13024,1.628000
1966,623007,13056,1.632000
1967,623325,13088,1.636000
1968,623641,13104,1.638000
1969,623958,13216,1.652000
1970,624275,13216,1.652000
1971,624591,13184,1.648000
1972,624908,13248,1.656000
1973,625225,13360,1.670000
1974,625542,13424,1.678000
1975,625859,13360,1.670000
1976,626176,13424,1.678000
1977,626493,13424,1.678000
1978,626810,13488,1.686000
1979,627126,13536,1.692000
1980,627443,13616,1.702000
1981,627760,13712,1.714000
1982,628077,13632,1.704000
1983,628394,13904,1.738000
1984,628711,13760,1.720000
1985,629027,13728,1.716000
1986,629344,13728,1.716000
1987,629661,13824,1.728000
1988,629979,13776,1.722000
1989,630295,13872,1.734000
1990,630611,13744,1.718000
1991,630929,13728,1.716000
1992,631246,13712,1.714000
1993,631562,13792,1.724000
1994,631879,13680,1.710000
1995,632196,13696,1.712000
1996,632513,13824,1.728000
1997,632830,13584,1.698000
1998,633147,13536,1.692000
1999,633463,13472,1.684000
2000,633780,13456,1.682000
2001,634097,13424,1.678000
2002,634414,13424,1.678000
2003,634731,13360,1.670000
2004,635048,13296,1.662000
2005,635365,13264,1.658000
2006,635681,13216,1.652000
2007,635999,13168,1.646000
2008,636315,13152,1.644000
2009,636632,13088,1.636000
2010,636949,13040,1.630000
2011,637266,13024,1.628000
2012,637583,12960,1.620000
2013,637900,13056,1.632000
2014,638217,13088,1.636000
2015,638533,13008,1.626000
2016,638850,12992,1.624000
2017,639166,12992,1.624000
2018,639484,12992,1.624000
2019,639800,13024,1.628000
2020,640118,13056,1.632000
2021,640435,13088,1.636000
2022,640751,13136,1.642000
2023,641068,13152,1.644000
2024,641385,13184,1.648000
2025,641701,13296,1.662000
2026,642019,13344,1.668000
2027,642336,13328,1.666000
2028,642652,13392,1.674000
2029,642969,13408,1.676000
2030,643286,13504,1.688000
2031,643603,13536,1.692000
2032,643920,13552,1.694000
2033,644237,13552,1.694000
2034,644553,13568,1.696000
2035,644870,13664,1.708000
2036,645187,13728,1.716000
2037,645504,13696,1.712000
2038,645821,13744,1.718000
2039,646138,13760,1.720000
2040,646454,13760,1.720000
2041,646771,13792,1.724000
2042,647088,13744,1.718000
2043,647405,13776,1.722000
2044,647722,13744,1.718000
2045,648039,13792,1.724000
2046,648356,13680,1.710000
2047,648672,13680,1.710000
2048,648989,13632,1.704000
2049,649306,13584,1.698000
2050,649623,13552,1.694000
2051,649940,13616,1.702000
2052,650257,13584,1.698000
2053,650574,13440,1.680000
2054,650891,13408,1.676000
2055,651207,13360,1.670000
2056,651524,13296,1.662000
2057,651841,13248,1.656000
2058,652158,13392,1.674000
2059,652475,13248,1.656000
2060,652792,13120,1.640000
2061,653108,13152,1.644000
2062,653426,13040,1.630000
2063,653742,13056,1.632000
2064,654059,13056,1.632000
2065,654376,13216,1.652000
2066,654693,12992,1.624000
2067,655009,12752,1.594000
2068,655326,12992,1.624000
2069,655643,13040,1.630000
2070,655960,13056,1.632000
2071,656277,13280,1.660000
2072,656594,13072,1.634000
2073,656911,12912,1.614000
2074,657228,13120,1.640000
2075,657545,13152,1.644000
2076,657861,13184,1.648000
2077,658178,13216,1.652000
2078,658495,13264,1.658000
2079,658812,13264,1.658000
2080,659129,13168,1.646000
2081,659446,13408,1.676000
2082,659763,13392,1.674000
2083,660079,13536,1.692000
2084,660396,13488,1.686000
2085,660713,13568,1.696000
2086,661030,13472,1.684000
2087,661347,13680,1.710000
2088,661663,13616,1.702000
2089,661981,13632,1.704000
2090,662297,13728,1.716000
2091,662614,13792,1.724000
2092,662931,13824,1.728000
2093,663248,13744,1.718000
2094,663564,13760,1.720000
2095,663882,13680,1.710000
2096,664199,13760,1.720000
2097,664515,13776,1.722000
2098,664832,13744,1.718000
2099,665148,13664,1.708000
2100,665466,13680,1.710000
2101,665783,13616,1.702000
2102,666099,13600,1.700000
2103,666417,13568,1.696000
2104,666733,13536,1.692000
2105,667050,13408,1.676000
2106,667367,13440,1.680000
2107,667686,13392,1.674000
2108,668001,13360,1.670000
2109,668317,13296,1.662000
2110,668634,13200,1.650000
2111,668951,13232,1.654000
2112,669268,13232,1.654000
2113,669585,13120,1.640000
2114,669902,13120,1.640000
2115,670219,13072,1.634000
2116,670535,13104,1.638000
2117,670852,13056,1.632000
2118,671170,12976,1.622000
2119,671486,12992,1.624000
2120,671803,13008,1.626000
2121,672120,13040,1.630000
2122,672437,12992,1.624000
2123,672753,13072,1.634000
2124,673070,13008,1.626000
2125,673387,13136,1.642000
2126,673704,13088,1.636000
2127,674021,13120,1.640000
2128,674338,13168,1.646000
2129,674654,13216,1.652000
2130,674972,13264,1.658000
2131,675289,13296,1.662000
2132,675605,13280,1.660000
2133,675922,13392,1.674000
2134,676239,13376,1.672000
2135,676556,13472,1.684000
2136,676873,13504,1.688000
2137,677190,13472,1.684000
2138,677507,13568,1.696000
2139,677823,13664,1.708000
2140,678140,13616,1.702000
2141,678457,13648,1.706000
2142,678774,13632,1.704000
2143,679091,13776,1.722000
2144,679408,13680,1.710000
2145,679724,13728,1.716000
2146,680042,13792,1.724000
2147,680358,13728,1.716000
2148,680675,13760,1.720000
2149,680992,13648,1.706000
2150,681308,13728,1.716000
2151,681625,13616,1.702000
2152,681943,13664,1.708000
2153,682259,13680,1.710000
2154,682576,13600,1.700000
2155,682893,13456,1.682000
2156,683210,13488,1.686000
2157,683527,13424,1.678000
2158,683843,13520,1.690000
2159,684161,13408,1.676000
2160,684477,13328,1.666000
2161,684794,13360,1.670000
2162,685111,13232,1.654000
2163,685428,13264,1.658000
2164,685745,13072,1.634000
2165,686061,13216,1.652000
2166,686378,13136,1.642000
2167,686695,13056,1.632000
2168,687012,13088,1.636000
2169,687329,13056,1.632000
2170,687646,12912,1.614000
2171,687963,13024,1.628000
2172,688280,13024,1.628000
2173,688596,12992,1.624000
2174,688913,13024,1.628000
2175,689230,12992,1.624000
2176,689547,13024,1.628000
2177,689863,13088,1.636000
2178,690181,13120,1.640000
2179,690497,13136,1.642000
2180,690814,13088,1.636000
2181,691131,13184,1.648000
2182,691448,13184,1.648000
2183,691765,13264,1.658000
2184,692081,13328,1.666000
2185,692398,13328,1.666000
2186,692715,13360,1.670000
2187,693032,13424,1.678000
2188,693349,13488,1.686000
2189,693666,13504,1.688000
2190,693982,13584,1.698000
2191,694300,13648,1.706000
2192,694617,13632,1.704000
2193,694933,13664,1.708000
2194,695250,13728,1.716000
2195,695567,13696,1.712000
2196,695884,13696,1.712000
2197,696201,13760,1.720000
2198,696518,13760,1.720000
2199,696835,13712,1.714000
2200,697151,13744,1.718000
2201,697468,13744,1.718000
2202,697785,13760,1.720000
2203,698102,13696,1.712000
2204,698418,13760,1.720000
2205,698736,13696,1.712000
2206,699052,13680,1.710000
2207,699369,13504,1.688000
2208,699688,13504,1.688000
2209,700003,13536,1.692000
2210,700320,13456,1.682000
2211,700637,13456,1.682000
2212,700954,13392,1.674000
2213,701271,13472,1.684000
2214,701587,13312,1.664000
2215,701904,13232,1.654000
2216,702221,13232,1.654000
2217,702538,13200,1.650000
2218,702854,13152,1.644000
2219,703172,13120,1.640000
2220,703489,13152,1.644000
2221,703805,13008,1.626000
2222,704122,13072,1.634000
2223,704439,13008,1.626000
2224,704756,13072,1.634000
2225,705073,13024,1.628000
2226,705389,13136,1.642000
2227,705707,13040,1.630000
2228,706023,13072,1.634000
2229,706341,12928,1.616000
2230,706657,13024,1.628000
2231,706974,13120,1.640000
2232,707291,13120,1.640000
2233,707607,13216,1.652000
2234,707925,13152,1.644000
2235,708242,13232,1.654000
2236,708558,13312,1.664000
2237,708875,13312,1.664000
2238,709192,13280,1.660000
2239,709509,13440,1.680000
2240,709825,13424,1.678000
2241,710143,13584,1.698000
2242,710459,13504,1.688000
2243,710776,13552,1.694000
2244,711093,13616,1.702000
2245,711410,13664,1.708000
2246,711727,13712,1.714000
2247,712043,13680,1.710000
2248,712360,13776,1.722000
2249,712677,13712,1.714000
2250,712994,13696,1.712000
2251,713311,13792,1.724000
2252,713628,13824,1.728000
2253,713944,13664,1.708000
2254,714262,13776,1.722000
2255,714578,13728,1.716000
2256,714895,13680,1.710000
2257,715212,13648,1.706000
2258,715529,13616,1.702000
2259,715846,13648,1.706000
2260,716163,13584,1.698000
2261,716480,13552,1.694000
2262,716797,13440,1.680000
2263,717113,13440,1.680000
2264,717430,13392,1.674000
2265,717747,13392,1.674000
2266,718064,13376,1.672000
2267,718381,13264,1.658000
2268,718698,13216,1.652000
2269,719014,13200,1.650000
2270,719331,13168,1.646000
2271,719648,13168,1.646000
2272,719965,13168,1.646000
2273,720282,13056,1.632000
2274,720599,13040,1.630000
2275,720916,12992,1.624000
2276,721232,12976,1.622000
2277,721549,13056,1.632000
2278,721866,13008,1.626000
2279,722182,13056,1.632000
2280,722499,12992,1.624000
2281,722817,12976,1.622000
2282,723133,13040,1.630000
2283,723450,13088,1.636000
2284,723767,13152,1.644000
2285,724084,13104,1.638000
2286,724401,13216,1.652000
2287,724718,13200,1.650000
2288,725034,13248,1.656000
2289,725352,13248,1.656000
2290,725668,13312,1.664000
2291,725985,13312,1.664000
2292,726302,13424,1.678000
2293,726619,13472,1.684000
2294,726936,13536,1.692000
2295,727253,13584,1.698000
2296,727569,13648,1.706000
2297,727886,13680,1.710000
2298,728203,13680,1.710000
2299,728520,13680,1.710000
2300,728837,13680,1.710000
2301,729154,13712,1.714000
2302,729470,13776,1.722000
2303,729788,13744,1.718000
2304,730104,13808,1.726000
2305,730421,13776,1.722000
2306,730738,13616,1.702000
2307,731055,13760,1.720000
2308,731372,13680,1.710000
2309,731689,13712,1.714000
2310,732005,13664,1.708000
2311,732322,13632,1.704000
2312,732639,13504,1.688000
2313,732956,13568,1.696000
2314,733273,13552,1.694000
2315,733590,13424,1.678000
2316,733907,13472,1.684000
2317,734223,13456,1.682000
2318,734540,13392,1.674000
2319,734857,13168,1.646000
2320,735174,13248,1.656000
2321,735491,13216,1.652000
2322,735807,13248,1.656000
2323,736125,13168,1.646000
2324,736441,13152,1.644000
2325,736758,12992,1.624000
2326,737075,13104,1.638000
2327,737392,13056,1.632000
2328,737709,13040,1.630000
2329,738026,12976,1.622000
2330,738342,13024,1.628000
2331,738659,13008,1.626000
2332,738976,12896,1.612000
2333,739293,13008,1.626000
2334,739610,13040,1.630000
2335,739927,13056,1.632000
2336,740244,13072,1.634000
2337,740560,13072,1.634000
2338,740877,13120,1.640000
2339,741194,13152,1.644000
2340,741511,13216,1.652000
2341,741828,13328,1.666000
2342,742145,13296,1.662000
2343,742462,13376,1.672000
2344,742778,13424,1.678000
2345,743095,13456,1.682000
2346,743412,13488,1.686000
2347,743729,13568,1.696000
2348,744046,13584,1.698000
2349,744363,13632,1.704000
2350,744679,13696,1.712000
2351,744996,13648,1.706000
2352,745313,13712,1.714000
2353,745630,13728,1.716000
2354,745947,13792,1.724000
2355,746264,13760,1.720000
2356,746581,13792,1.724000
2357,746898,13760,1.720000
2358,747214,13744,1.718000
2359,747531,13776,1.722000
2360,747848,13760,1.720000
2361,748165,13728,1.716000
2362,748482,13680,1.710000
2363,748798,13616,1.702000
2364,749116,13600,1.700000
2365,749433,13584,1.698000
2366,749749,13504,1.688000
2367,750066,13552,1.694000
2368,750383,13488,1.686000
2369,750700,13440,1.680000
2370,751017,13376,1.672000
2371,751334,13392,1.674000
2372,751650,13344,1.668000
2373,751967,13280,1.660000
2374,752284,13184,1.648000
2375,752601,13216,1.652000
2376,752918,13136,1.642000
2377,753235,13152,1.644000
2378,753551,13040,1.630000
2379,753868,13056,1.632000
2380,754185,13040,1.630000
2381,754502,13088,1.636000
2382,754818,13040,1.630000
2383,755136,13024,1.628000
2384,755453,12992,1.624000
2385,755769,12992,1.624000
2386,756086,13056,1.632000
2387,756403,13040,1.630000
2388,756720,13152,1.644000
2389,757036,13104,1.638000
2390,757354,13168,1.646000
2391,757671,13216,1.652000
2392,757988,13200,1.650000
2393,758305,13232,1.654000
2394,758621,13344,1.668000
2395,758938,13392,1.674000
2396,759254,13296,1.662000
2397,759572,13344,1.668000
2398,759889,13504,1.688000
2399,760206,13472,1.684000
2400,760522,13584,1.698000
2401,760839,13520,1.690000
2402,761155,13552,1.694000
2403,761473,13600,1.700000
2404,761790,13728,1.716000
2405,762106,13712,1.714000
2406,762424,13760,1.720000
2407,762740,13744,1.718000
2408,763057,13776,1.722000
2409,763374,13712,1.714000
2410,763691,13776,1.722000
2411,764008,13792,1.724000
2412,764325,13728,1.716000
2413,764641,13776,1.722000
2414,764958,13712,1.714000
2415,765274,13632,1.704000
2416,765592,13664,1.708000
2417,765909,13664,1.708000
2418,766226,13536,1.692000
2419,766542,13552,1.694000
2420,766860,13552,1.694000
2421,767176,13424,1.678000
2422,767493,13440,1.680000
2423,767810,13376,1.672000
2424,768126,13280,1.660000
2425,768444,13264,1.658000
2426,768760,13280,1.660000
2427,769077,13200,1.650000
2428,769394,13136,1.642000
2429,769711,13104,1.638000
2430,770028,13040,1.630000
2431,770345,13104,1.638000
2432,770661,13008,1.626000
2433,770979,12992,1.624000
2434,771296,13008,1.626000
2435,771612,12992,1.624000
2436,771929,13040,1.630000
2437,772246,12960,1.620000
2438,772563,13072,1.634000
2439,772879,13056,1.632000
2440,773197,13056,1.632000
2441,773513,13120,1.640000
2442,773830,13152,1.644000
2443,774146,13136,1.642000
2444,774464,13184,1.648000
2445,774781,13232,1.654000
2446,775097,13280,1.660000
2447,775415,13296,1.662000
2448,775731,13344,1.668000
2449,776048,13360,1.670000
2450,776365,13376,1.672000
2451,776682,13488,1.686000
2452,776998,13520,1.690000
2453,777316,13552,1.694000
2454,777632,13616,1.702000
2455,777950,13664,1.708000
2456,778266,13664,1.708000
2457,778583,13696,1.712000
2458,778900,13664,1.708000
2459,779217,13712,1.714000
2460,779534,13808,1.726000
2461,779850,13744,1.718000
2462,780167,13792,1.724000
2463,780484,13760,1.720000
2464,780801,13760,1.720000
2465,781118,13728,1.716000
2466,781435,13680,1.710000
2467,781751,13744,1.718000
2468,782069,13648,1.706000
2469,782385,13648,1.706000
2470,782702,13600,1.700000
2471,783019,13568,1.696000
2472,783336,13536,1.692000
2473,783653,13520,1.690000
2474,783969,13504,1.688000
2475,784287,13344,1.668000
2476,784603,13376,1.672000
2477,784920,13344,1.668000
2478,785237,13184,1.648000
2479,785554,13216,1.652000
2480,785870,13184,1.648000
2481,786187,13168,1.646000
2482,786504,13104,1.638000
2483,786821,13040,1.630000
2484,787138,13024,1.628000
2485,787455,13040,1.630000
2486,787772,12960,1.620000
2487,788088,12992,1.624000
2488,788405,12992,1.624000
2489,788722,12992,1.624000
2490,789039,13008,1.626000
2491,789356,13024,1.628000
2492,789673,13040,1.630000
2493,789990,13056,1.632000
2494,790307,13104,1.638000
2495,790624,13120,1.640000
2496,790940,13088,1.636000
2497,791257,13136,1.642000
2498,791574,13200,1.650000
2499,791891,13296,1.662000
2500,792208,13280,1.660000
2501,792524,13344,1.668000
2502,792841,13456,1.682000
2503,793158,13408,1.676000
2504,793475,13552,1.694000
2505,793792,13568,1.696000
2506,794109,13600,1.700000
2507,794425,13616,1.702000
2508,794743,13664,1.708000
2509,795059,13728,1.716000
2510,795376,13744,1.718000
2511,795693,13680,1.710000
2512,796010,13744,1.718000
2513,796327,13776,1.722000
2514,796643,13712,1.714000
2515,796961,13744,1.718000
2516,797278,13824,1.728000
2517,797594,13744,1.718000
2518,797911,13728,1.716000
2519,798228,13680,1.710000
2520,798545,13680,1.710000
2521,798861,13600,1.700000
2522,799179,13568,1.696000
2523,799495,13648,1.706000
2524,799813,13568,1.696000
2525,800129,13520,1.690000
2526,800446,13440,1.680000
2527,800763,13392,1.674000
2528,801080,13392,1.674000
2529,801396,13312,1.664000
2530,801713,13264,1.658000
2531,802030,13248,1.656000
2532,802347,13264,1.658000
2533,802664,13168,1.646000
2534,802981,13104,1.638000
2535,803298,13072,1.634000
2536,803615,13104,1.638000
2537,803931,13040,1.630000
2538,804248,13008,1.626000
2539,804565,12992,1.624000
2540,804882,13008,1.626000
2541,805199,12976,1.622000
2542,805515,12992,1.624000
2543,805833,13024,1.628000
2544,806149,13056,1.632000
2545,806466,13024,1.628000
2546,806783,13136,1.642000
2547,807100,13088,1.636000
2548,807417,13072,1.634000
2549,807734,13200,1.650000
2550,808050,13184,1.648000
2551,808367,13248,1.656000
2552,808687,13264,1.658000
2553,809001,13248,1.656000
2554,809318,13408,1.676000
2555,809635,13344,1.668000
2556,809951,13424,1.678000
2557,810269,13488,1.686000
2558,810585,13504,1.688000
2559,810902,13616,1.702000
2560,811219,13648,1.706000
2561,811536,13712,1.714000
2562,811853,13680,1.710000
2563,812169,13680,1.710000
2564,812487,13680,1.710000
2565,812803,13808,1.726000
2566,813120,13776,1.722000
2567,813437,13680,1.710000
2568,813754,13808,1.726000
2569,814070,13744,1.718000
2570,814387,13696,1.712000
2571,814704,13728,1.716000
2572,815021,13728,1.716000
2573,815338,13632,1.704000
2574,815655,13632,1.704000
2575,815971,13600,1.700000
2576,816289,13488,1.686000
2577,816606,13584,1.698000
2578,816922,13472,1.684000
2579,817239,13424,1.678000
2580,817556,13440,1.680000
2581,817873,13344,1.668000
2582,818190,13280,1.660000
2583,818507,13328,1.666000
2584,818823,13248,1.656000
2585,819141,13184,1.648000
2586,819457,13184,1.648000
2587,819774,13120,1.640000
2588,820091,13152,1.644000
2589,820408,13024,1.628000
2590,820724,13056,1.632000
2591,821042,13040,1.630000
2592,821359,13040,1.630000
2593,821675,12992,1.624000
2594,821992,13008,1.626000
2595,822309,13008,1.626000
2596,822626,13040,1.630000
2597,822943,13040,1.630000
2598,823260,13088,1.636000
2599,823576,13104,1.638000
2600,823893,13056,1.632000
2601,824210,13136,1.642000
2602,824527,13200,1.650000
2603,824844,13232,1.654000
2604,825161,13312,1.664000
2605,825477,13248,1.656000
2606,825794,13392,1.674000
2607,826111,13408,1.676000
2608,826428,13408,1.676000
2609,826745,13472,1.684000
2610,827061,13472,1.684000
2611,827378,13568,1.696000
2612,827695,13616,1.702000
2613,828012,13696,1.712000
2614,828329,13728,1.716000
2615,828646,13728,1.716000
2616,828963,13776,1.722000
2617,829280,13696,1.712000
2618,829597,13712,1.714000
2619,829913,13744,1.718000
2620,830230,13824,1.728000
2621,830547,13728,1.716000
2622,830864,13744,1.718000
2623,831181,13808,1.726000
2624,831498,13664,1.708000
2625,831815,13712,1.714000
2626,832131,13712,1.714000
2627,832448,13568,1.696000
2628,832765,13568,1.696000
2629,833082,13488,1.686000
2630,833398,13472,1.684000
2631,833716,13520,1.690000
2632,834032,13488,1.686000
2633,834349,13408,1.676000
2634,834666,13376,1.672000
2635,834983,13312,1.664000
2636,835300,13264,1.658000
2637,835617,13216,1.652000
2638,835933,13168,1.646000
2639,836250,13136,1.642000
2640,836567,13168,1.646000
2641,836884,13104,1.638000
2642,837201,12960,1.620000
2643,837518,13072,1.634000
2644,837835,13040,1.630000
2645,838151,13008,1.626000
2646,838469,13072,1.634000
2647,838785,12976,1.622000
2648,839102,12976,1.622000
2649,839418,13024,1.628000
2650,839736,13024,1.628000
2651,840053,13056,1.632000
2652,840370,13136,1.642000
2653,840688,13136,1.642000
2654,841003,13168,1.646000
2655,841320,13152,1.644000
2656,841637,13280,1.660000
2657,841953,13248,1.656000
2658,842270,13296,1.662000
2659,842588,13360,1.670000
2660,842904,13392,1.674000
2661,843221,13408,1.676000
2662,843538,13472,1.684000
2663,843855,13552,1.694000
2664,844172,13616,1.702000
2665,844489,13648,1.706000
2666,844806,13648,1.706000
2667,845122,13680,1.710000
2668,845439,13728,1.716000
2669,845756,13792,1.724000
2670,846073,13776,1.722000
2671,846390,13728,1.716000
2672,846707,13776,1.722000
2673,847023,13728,1.716000
2674,847341,13728,1.716000
2675,847657,13760,1.720000
2676,847974,13776,1.722000
2677,848291,13712,1.714000
2678,848608,13696,1.712000
2679,848924,13616,1.702000
2680,849241,13600,1.700000
2681,849558,13504,1.688000
2682,849875,13504,1.688000
2683,850192,13536,1.692000
2684,850509,13424,1.678000
2685,850826,13408,1.676000
2686,851142,13376,1.672000
2687,851460,13328,1.666000
2688,851776,13312,1.664000
2689,852093,13232,1.654000
2690,852410,13184,1.648000
2691,852727,13152,1.644000
2692,853044,13136,1.642000
2693,853361,13104,1.638000
2694,853677,13104,1.638000
2695,853994,13072,1.634000
2696,854311,13040,1.630000
2697,854628,13008,1.626000
2698,854945,12992,1.624000
2699,855262,13024,1.628000
2700,855578,12992,1.624000
2701,855895,13056,1.632000
2702,856212,13040,1.630000
2703,856529,13024,1.628000
2704,856846,13120,1.640000
2705,857163,13136,1.642000
2706,857480,13104,1.638000
2707,857796,13200,1.650000
2708,858114,13200,1.650000
2709,858430,13232,1.654000
2710,858747,13328,1.666000
2711,859064,13312,1.664000
2712,859380,13360,1.670000
2713,859698,13488,1.686000
2714,860014,13472,1.684000
2715,860331,13472,1.684000
2716,860648,13568,1.696000
2717,860965,13600,1.700000
2718,861282,13648,1.706000
2719,861599,13744,1.718000
2720,861916,13680,1.710000
2721,862233,13712,1.714000
2722,862549,13760,1.720000
2723,862866,13760,1.720000
2724,863183,13776,1.722000
2725,863500,13792,1.724000
2726,863817,13776,1.722000
2727,864133,13712,1.714000
2728,864450,13696,1.712000
2729,864767,13760,1.720000
2730,865084,13712,1.714000
2731,865401,13648,1.706000
2732,865718,13664,1.708000
2733,866034,13584,1.698000
2734,866351,13520,1.690000
2735,866669,13520,1.690000
2736,866985,13440,1.680000
2737,867302,13408,1.676000
2738,867619,13392,1.674000
2739,867936,13424,1.678000
2740,868253,13312,1.664000
2741,868569,13264,1.658000
2742,868887,13264,1.658000
2743,869203,13200,1.650000
2744,869520,13152,1.644000
2745,869837,13008,1.626000
2746,870153,13088,1.636000
2747,870471,13104,1.638000
2748,870787,13040,1.630000
2749,871105,12992,1.624000
2750,871421,13040,1.630000
2751,871738,12976,1.622000
2752,872055,12992,1.624000
2753,872372,12992,1.624000
2754,872689,12992,1.624000
2755,873005,13072,1.634000
2756,873322,13072,1.634000
2757,873639,13120,1.640000
2758,873956,13120,1.640000
2759,874273,13152,1.644000
2760,874590,13200,1.650000
2761,874906,13248,1.656000
2762,875223,13248,1.656000
2763,875540,13328,1.666000
2764,875857,13344,1.668000
2765,876174,13424,1.678000
2766,876491,13472,1.684000
2767,876808,13504,1.688000
2768,877125,13536,1.692000
2769,877441,13600,1.700000
2770,877758,13600,1.700000
2771,878075,13616,1.702000
2772,878392,13680,1.710000
2773,878709,13632,1.704000
2774,879026,13728,1.716000
2775,879343,13712,1.714000
2776,879659,13696,1.712000
2777,879977,13712,1.714000
2778,880293,13792,1.724000
2779,880610,13728,1.716000
2780,880927,13728,1.716000
2781,881244,13760,1.720000
2782,881561,13728,1.716000
2783,881877,13664,1.708000
2784,882194,13664,1.708000
2785,882511,13648,1.706000
2786,882827,13568,1.696000
2787,883145,13584,1.698000
2788,883462,13504,1.688000
2789,883778,13456,1.682000
2790,884095,13440,1.680000
2791,884412,13424,1.678000
2792,884729,13392,1.674000
2793,885046,13312,1.664000
2794,885363,13264,1.658000
2795,885680,13216,1.652000
2796,885996,13136,1.642000
2797,886313,13040,1.630000
2798,886630,13104,1.638000
2799,886947,13104,1.638000
2800,887264,13040,1.630000
2801,887581,12992,1.624000
2802,887898,13088,1.636000
2803,888215,13088,1.636000
2804,888531,13008,1.626000
2805,888848,13056,1.632000
2806,889165,13008,1.626000
2807,889482,13040,1.630000
2808,889799,13008,1.626000
2809,890115,13008,1.626000
2810,890432,13088,1.636000
2811,890750,13136,1.642000
2812,891066,13184,1.648000
2813,891383,13232,1.654000
2814,891700,13200,1.650000
2815,892016,13280,1.660000
2816,892334,13376,1.672000
2817,892650,13376,1.672000
2818,892967,13440,1.680000
2819,893284,13488,1.686000
2820,893601,13536,1.692000
2821,893918,13552,1.694000
2822,894235,13568,1.696000
2823,894552,13648,1.706000
2824,894868,13616,1.702000
2825,895185,13680,1.710000
2826,895502,13728,1.716000
2827,895819,13824,1.728000
2828,896136,13712,1.714000
2829,896453,13712,1.714000
2830,896770,13808,1.726000
2831,897086,13776,1.722000
2832,897403,13744,1.718000
2833,897720,13808,1.726000
2834,898037,13760,1.720000
2835,898354,13680,1.710000
2836,898671,13648,1.706000
2837,898988,13680,1.710000
2838,899304,13664,1.708000
2839,899622,13600,1.700000
2840,899938,13536,1.692000
2841,900255,13456,1.682000
2842,900572,13488,1.686000
2843,900889,13408,1.676000
2844,901206,13360,1.670000
2845,901522,13280,1.660000
2846,901839,13312,1.664000
2847,902156,13168,1.646000
2848,902473,13168,1.646000
2849,902790,13232,1.654000
2850,903106,13072,1.634000
2851,903424,13088,1.636000
2852,903740,12992,1.624000
2853,904057,13008,1.626000
2854,904374,13040,1.630000
2855,904691,13056,1.632000
2856,905007,13008,1.626000
2857,905325,13024,1.628000
2858,905641,12992,1.624000
2859,905958,13024,1.628000
2860,906276,13024,1.628000
2861,906592,13040,1.630000
2862,906909,13088,1.636000
2863,907226,13072,1.634000
2864,907542,13120,1.640000
2865,907860,13152,1.644000
2866,908176,13280,1.660000
2867,908493,13296,1.662000
2868,908810,13360,1.670000
2869,909126,13344,1.668000
2870,909444,13424,1.678000
2871,909760,13440,1.680000
2872,910078,13456,1.682000
2873,910394,13488,1.686000
2874,910711,13600,1.700000
2875,911028,13600,1.700000
2876,911345,13616,1.702000
2877,911662,13696,1.712000
2878,911978,13696,1.712000
2879,912296,13744,1.718000
2880,912612,13760,1.720000
2881,912929,13744,1.718000
2882,913246,13744,1.718000
2883,913563,13776,1.722000
2884,913880,13760,1.720000
2885,914197,13760,1.720000
2886,914513,13696,1.712000
2887,914830,13744,1.718000
2888,915147,13680,1.710000
2889,915464,13648,1.706000
2890,915781,13632,1.704000
2891,916098,13536,1.692000
2892,916414,13552,1.694000
2893,916731,13520,1.690000
2894,917048,13472,1.684000
2895,917365,13392,1.674000
2896,917682,13392,1.674000
2897,917999,13312,1.664000
2898,918316,13312,1.664000
2899,918632,13248,1.656000
2900,918949,13232,1.654000
2901,919266,13184,1.648000
2902,919583,13088,1.636000
2903,919900,13072,1.634000
2904,920217,13056,1.632000
2905,920534,13056,1.632000
2906,920850,12992,1.624000
2907,921167,13056,1.632000
2908,921484,12976,1.622000
2909,921801,13040,1.630000
2910,922118,13008,1.626000
2911,922435,13008,1.626000
2912,922751,13056,1.632000
2913,923069,13008,1.626000
2914,923386,13024,1.628000
2915,923702,13120,1.640000
2916,924019,13136,1.642000
2917,924336,13168,1.646000
2918,924653,13200,1.650000
2919,924970,13280,1.660000
2920,925286,13264,1.658000
2921,925604,13280,1.660000
2922,925920,13360,1.670000
2923,926237,13392,1.674000
2924,926554,13488,1.686000
2925,926870,13488,1.686000
2926,927187,13600,1.700000
2927,927504,13536,1.692000
2928,927821,13664,1.708000
2929,928138,13632,1.704000
2930,928455,13680,1.710000
2931,928772,13744,1.718000
2932,929089,13792,1.724000
2933,929405,13728,1.716000
2934,929722,13760,1.720000
2935,930039,13776,1.722000
2936,930356,13792,1.724000
2937,930673,13744,1.718000
2938,930990,13808,1.726000
2939,931307,13680,1.710000
2940,931624,13760,1.720000
2941,931940,13728,1.716000
2942,932257,13664,1.708000
2943,932574,13600,1.700000
2944,932891,13568,1.696000
2945,933208,13536,1.692000
2946,933525,13472,1.684000
2947,933842,13504,1.688000
2948,934158,13392,1.674000
2949,934475,13328,1.666000
2950,934792,13344,1.668000
2951,935109,13280,1.660000
2952,935425,13200,1.650000
2953,935743,13232,1.654000
2954,936059,13184,1.648000
2955,936376,13184,1.648000
2956,936693,13120,1.640000
2957,937010,13072,1.634000
2958,937327,13072,1.634000
2959,937644,13008,1.626000
2960,937961,13024,1.628000
2961,938278,13008,1.626000
2962,938594,12976,1.622000
2963,938911,13056,1.632000
2964,939228,12992,1.624000
2965,939545,13008,1.626000
2966,939862,13136,1.642000
2967,940179,13104,1.638000
2968,940495,13088,1.636000
2969,940812,13104,1.638000
2970,941129,13152,1.644000
2971,941446,13232,1.654000
2972,941763,13232,1.654000
2973,942080,13296,1.662000
2974,942397,13344,1.668000
2975,942714,13440,1.680000
2976,943030,13456,1.682000
2977,943347,13504,1.688000
2978,943664,13552,1.694000
2979,943980,13552,1.694000
2980,944297,13680,1.710000
2981,944615,13632,1.704000
2982,944931,13664,1.708000
2983,945248,13696,1.712000
2984,945565,13744,1.718000
2985,945882,13728,1.716000
2986,946199,13760,1.720000
2987,946515,13680,1.710000
2988,946833,13760,1.720000
2989,947149,13792,1.724000
2990,947466,13712,1.714000
2991,947783,13792,1.724000
2992,948100,13760,1.720000
2993,948417,13696,1.712000
2994,948734,13664,1.708000
2995,949050,13632,1.704000
2996,949368,13616,1.702000
2997,949687,13520,1.690000
2998,950001,13520,1.690000
2999,950318,13488,1.686000
3000,950635,13424,1.678000
3001,950952,13360,1.670000
3002,951269,13392,1.674000
3003,951585,13312,1.664000
3004,951902,13264,1.658000
3005,952219,13248,1.656000
3006,952536,13168,1.646000
3007,952853,13200,1.650000
3008,953169,13088,1.636000
3009,953487,13088,1.636000
3010,953804,13024,1.628000
3011,954120,13056,1.632000
3012,954437,13008,1.626000
3013,954754,12976,1.622000
3014,955071,13056,1.632000
3015,955388,13024,1.628000
3016,955704,13056,1.632000
3017,956021,13008,1.626000
3018,956338,13024,1.628000
3019,956655,13088,1.636000
3020,956972,12880,1.610000
3021,957289,13120,1.640000
3022,957606,13168,1.646000
3023,957923,13136,1.642000
3024,958240,13232,1.654000
3025,958556,13264,1.658000
3026,958873,13152,1.644000
3027,959190,13408,1.676000
3028,959507,13408,1.676000
3029,959824,13456,1.682000
3030,960141,13488,1.686000
3031,960457,13584,1.698000
3032,960774,13536,1.692000
3033,961091,13648,1.706000
3034,961408,13600,1.700000
3035,961725,13696,1.712000
3036,962042,13728,1.716000
3037,962359,13712,1.714000
3038,962675,13760,1.720000
3039,962992,13776,1.722000
3040,963309,13760,1.720000
3041,963626,13776,1.722000
3042,963943,13776,1.722000
3043,964260,13808,1.726000
3044,964577,13760,1.720000
3045,964893,13776,1.722000
3046,965210,13616,1.702000
3047,965527,13616,1.702000
3048,965844,13680,1.710000
3049,966160,13504,1.688000
3050,966478,13552,1.694000
3051,966794,13536,1.692000
3052,967111,13440,1.680000
3053,967428,13408,1.676000
3054,967745,13376,1.672000
3055,968062,13312,1.664000
3056,968379,13280,1.660000
3057,968696,13264,1.658000
3058,969012,13184,1.648000
3059,969329,13168,1.646000
3060,969646,13072,1.634000
3061,969963,13136,1.642000
3062,970280,13056,1.632000
3063,970597,12960,1.620000
3064,970914,13056,1.632000
3065,971231,12992,1.624000
3066,971547,13008,1.626000
3067,971864,13024,1.628000
3068,972180,13024,1.628000
3069,972498,13024,1.628000
3070,972815,13056,1.632000
3071,973132,13008,1.626000
3072,973448,13056,1.632000
3073,973765,13024,1.628000
3074,974082,13184,1.648000
3075,974399,13104,1.638000
3076,974716,13184,1.648000
3077,975033,13168,1.646000
3078,975350,13296,1.662000
3079,975666,13392,1.674000
3080,975984,13440,1.680000
3081,976300,13408,1.676000
3082,976617,13536,1.692000
3083,976934,13520,1.690000
3084,977251,13600,1.700000
3085,977567,13632,1.704000
3086,977884,13600,1.700000
3087,978201,13648,1.706000
3088,978518,13664,1.708000
3089,978835,13776,1.722000
3090,979152,13760,1.720000
3091,979468,14016,1.752000
3092,979785,13728,1.716000
3093,980103,13808,1.726000
3094,980419,13776,1.722000
3095,980737,13776,1.722000
3096,981053,13712,1.714000
3097,981370,13984,1.748000
3098,981688,13760,1.720000
3099,982004,13664,1.708000
3100,982321,13664,1.708000
3101,982637,13584,1.698000
3102,982953,13600,1.700000
3103,983271,13600,1.700000
3104,983588,13648,1.706000
3105,983905,13440,1.680000
3106,984222,13424,1.678000
3107,984538,13392,1.674000
3108,984855,13312,1.664000
3109,985172,13312,1.664000
3110,985489,13312,1.664000
3111,985806,13184,1.648000
3112,986122,13136,1.642000
3113,986439,13104,1.638000
3114,986757,13056,1.632000
3115,987073,13040,1.630000
3116,987390,13008,1.626000
3117,987707,13024,1.628000
3118,988024,13024,1.628000
3119,988341,13024,1.628000
3120,988657,13008,1.626000
3121,988974,13040,1.630000
3122,989292,13040,1.630000
3123,989608,12976,1.622000
3124,989925,13056,1.632000
3125,990242,13040,1.630000
3126,990558,13152,1.644000
3127,990875,13152,1.644000
3128,991192,13104,1.638000
3129,991509,13216,1.652000
3130,991825,13232,1.654000
3131,992143,13312,1.664000
3132,992460,13312,1.664000
3133,992777,13440,1.680000
3134,993093,13424,1.678000
3135,993410,13520,1.690000
3136,993727,13536,1.692000
3137,994044,13552,1.694000
3138,994361,13584,1.698000
3139,994678,13632,1.704000
3140,994995,13696,1.712000
3141,995312,13712,1.714000
3142,995628,13696,1.712000
3143,995945,13728,1.716000
3144,996262,13760,1.720000
3145,996579,13728,1.716000
3146,996896,13776,1.722000
3147,997213,13568,1.696000
3148,997529,13744,1.718000
3149,997846,13696,1.712000
3150,998162,13728,1.716000
3151,998480,13664,1.708000
3152,998797,13760,1.720000
3153,999113,13520,1.690000
3154,999431,13504,1.688000
3155,999747,13520,1.690000
