sample,timestamp_us,raw,voltage_V
0,933,13423,1.677875
1,2126,13426,1.678250
2,3320,13404,1.675500
3,4514,13393,1.674125
4,5707,13405,1.675625
5,6901,13378,1.672250
6,8095,13413,1.676625
7,9289,13417,1.677125
8,10483,13412,1.676500
9,11679,13438,1.679750
10,12870,13428,1.678500
11,14064,13407,1.675875
12,15259,13433,1.679125
13,16452,13419,1.677375
14,17646,13439,1.679875
15,18840,13407,1.675875
16,20033,13413,1.676625
17,21227,13419,1.677375
18,22421,13422,1.677750
19,23614,13417,1.677125
20,24809,13414,1.676750
21,26003,13405,1.675625
22,27196,13430,1.678750
23,28391,13427,1.678375
24,29584,13411,1.676375
25,30778,13439,1.679875
26,31972,13423,1.677875
27,33165,13432,1.679000
28,34359,13420,1.677500
29,35553,13428,1.678500
30,36747,13403,1.675375
31,37941,13437,1.679625
32,39134,13407,1.675875
33,40329,13385,1.673125
34,41522,13405,1.675625
35,42716,13413,1.676625
36,43910,13430,1.678750
37,45103,13427,1.678375
38,46297,13435,1.679375
39,47491,13431,1.678875
40,48685,13435,1.679375
41,49879,13436,1.679500
42,51072,13411,1.676375
43,52266,13429,1.678625
44,53460,13397,1.674625
45,54654,13413,1.676625
46,55848,13441,1.680125
47,57042,13420,1.677500
48,58236,13415,1.676875
49,59430,13426,1.678250
50,60623,13405,1.675625
51,61817,13406,1.675750
52,63011,13431,1.678875
53,64205,13424,1.678000
54,65398,13410,1.676250
55,66591,13420,1.677500
56,67786,13437,1.679625
57,68980,13407,1.675875
58,70173,13420,1.677500
59,71367,13405,1.675625
60,72561,13409,1.676125
61,73755,13431,1.678875
62,74949,13389,1.673625
63,76143,13425,1.678125
64,77337,13408,1.676000
65,78530,13429,1.678625
66,79724,13402,1.675250
67,80918,13441,1.680125
68,82112,13433,1.679125
69,83305,13422,1.677750
70,84500,13411,1.676375
71,85693,13400,1.675000
72,86887,13383,1.672875
73,88081,13403,1.675375
74,89274,13413,1.676625
75,90468,13405,1.675625
76,91663,13411,1.676375
77,92856,13403,1.675375
78,94050,13422,1.677750
79,95243,13413,1.676625
80,96437,13416,1.677000
81,97631,13426,1.678250
82,98824,13416,1.677000
83,100019,13405,1.675625
84,101213,13423,1.677875
85,102406,13418,1.677250
86,103600,13410,1.676250
87,104794,13412,1.676500
88,105988,13400,1.675000
89,107182,13394,1.674250
90,108376,13411,1.676375
91,109569,13401,1.675125
92,110763,13426,1.678250
93,111956,13421,1.677625
94,113150,13429,1.678625
95,114344,13427,1.678375
96,115538,13419,1.677375
97,116732,13423,1.677875
98,117926,13404,1.675500
99,119119,13414,1.676750
100,120313,13419,1.677375
101,121507,13415,1.676875
102,122701,13427,1.678375
103,123894,13411,1.676375
104,125088,13418,1.677250
105,126282,13419,1.677375
106,127476,13403,1.675375
107,128670,13399,1.674875
108,129864,13419,1.677375
109,131058,13427,1.678375
110,132252,13441,1.680125
111,133446,13426,1.678250
112,134639,13435,1.679375
113,135833,13411,1.676375
114,137027,13424,1.678000
115,138221,13412,1.676500
116,139415,13403,1.675375
117,140608,13398,1.674750
118,141802,13410,1.676250
119,142996,13411,1.676375
120,144190,13404,1.675500
121,145384,13403,1.675375
122,146578,13424,1.678000
123,147772,13428,1.678500
124,148965,13420,1.677500
125,150159,13413,1.676625
126,151353,13416,1.677000
127,152547,13426,1.678250
128,153740,13397,1.674625
129,154934,13411,1.676375
130,156128,13401,1.675125
131,157321,13406,1.675750
132,158516,13407,1.675875
133,159710,13412,1.676500
134,160904,13429,1.678625
135,162097,13428,1.678500
136,163291,13419,1.677375
137,164485,13429,1.678625
138,165679,13434,1.679250
139,166873,13421,1.677625
140,168066,13420,1.677500
141,169260,13414,1.676750
142,170453,13424,1.678000
143,171648,13406,1.675750
144,172842,13410,1.676250
145,174036,13391,1.673875
146,175230,13419,1.677375
147,176424,13408,1.676000
148,177617,13433,1.679125
149,178811,13422,1.677750
150,180005,13443,1.680375
151,181198,13427,1.678375
152,182392,13422,1.677750
153,183586,13412,1.676500
154,184780,13406,1.675750
155,185974,13420,1.677500
156,187168,13432,1.679000
157,188361,13415,1.676875
158,189555,13420,1.677500
159,190748,13408,1.676000
160,191943,13409,1.676125
161,193137,13425,1.678125
162,194331,13424,1.678000
163,195525,13410,1.676250
164,196718,13424,1.678000
165,197911,13421,1.677625
166,199106,13395,1.674375
167,200299,13425,1.678125
168,201494,13414,1.676750
169,202687,13411,1.676375
170,203882,13415,1.676875
171,205075,13420,1.677500
172,206269,13401,1.675125
173,207463,13426,1.678250
174,208656,13378,1.672250
175,209850,13415,1.676875
176,211045,13407,1.675875
177,212238,13422,1.677750
178,213432,13432,1.679000
179,214625,13418,1.677250
180,215820,13415,1.676875
181,217013,13414,1.676750
182,218207,13407,1.675875
183,219401,13400,1.675000
184,220595,13408,1.676000
185,221788,13412,1.676500
186,222982,13426,1.678250
187,224177,13429,1.678625
188,225370,13410,1.676250
189,226564,13397,1.674625
190,227758,13399,1.674875
191,228951,13438,1.679750
192,230146,13438,1.679750
193,231339,13440,1.680000
194,232533,13405,1.675625
195,233726,13424,1.678000
196,234921,13425,1.678125
197,236114,13412,1.676500
198,237308,13403,1.675375
199,238502,13397,1.674625
200,239696,13415,1.676875
201,240890,13411,1.676375
202,242083,13400,1.675000
203,243278,13419,1.677375
204,244471,13423,1.677875
205,245665,13434,1.679250
206,246859,13426,1.678250
207,248053,13424,1.678000
208,249247,13417,1.677125
209,250441,13432,1.679000
210,251634,13413,1.676625
211,252828,13440,1.680000
212,254022,13426,1.678250
213,255216,13399,1.674875
214,256410,13420,1.677500
215,257603,13415,1.676875
216,258797,13401,1.675125
217,259991,13413,1.676625
218,261185,13417,1.677125
219,262379,13409,1.676125
220,263573,13417,1.677125
221,264766,13416,1.677000
222,265960,13413,1.676625
223,267154,13438,1.679750
224,268347,13421,1.677625
225,269541,13420,1.677500
226,270735,13430,1.678750
227,271929,13395,1.674375
228,273123,13383,1.672875
229,274317,13403,1.675375
230,275511,13418,1.677250
231,276704,13415,1.676875
232,277898,13428,1.678500
233,279092,13407,1.675875
234,280286,13422,1.677750
235,281480,13417,1.677125
236,282674,13431,1.678875
237,283867,13441,1.680125
238,285061,13418,1.677250
239,286255,13421,1.677625
240,287448,13422,1.677750
241,288643,13405,1.675625
242,289837,13415,1.676875
243,291030,13418,1.677250
244,292224,13409,1.676125
245,293418,13418,1.677250
246,294612,13406,1.675750
247,295805,13443,1.680375
248,296999,13414,1.676750
249,298193,13436,1.679500
250,299387,13432,1.679000
251,300580,13412,1.676500
252,301774,13434,1.679250
253,302969,13384,1.673000
254,304163,13405,1.675625
255,305356,13422,1.677750
256,306550,13400,1.675000
257,307744,13386,1.673250
258,308938,13403,1.675375
259,310132,13411,1.676375
260,311325,13427,1.678375
261,312519,13424,1.678000
262,313712,13438,1.679750
263,314906,13428,1.678500
264,316101,13425,1.678125
265,317294,13418,1.677250
266,318488,13420,1.677500
267,319681,13402,1.675250
268,320875,13422,1.677750
269,322070,13419,1.677375
270,323263,13420,1.677500
271,324457,13417,1.677125
272,325651,13411,1.676375
273,326844,13429,1.678625
274,328038,13424,1.678000
275,329233,13439,1.679875
276,330426,13419,1.677375
277,331620,13427,1.678375
278,332813,13433,1.679125
279,334007,13417,1.677125
280,335202,13405,1.675625
281,336395,13415,1.676875
282,337589,13409,1.676125
283,338783,13411,1.676375
284,339977,13411,1.676375
285,341170,13408,1.676000
286,342364,13405,1.675625
287,343558,13413,1.676625
288,344751,13431,1.678875
289,345945,13409,1.676125
290,347140,13432,1.679000
291,348334,13424,1.678000
292,349527,13438,1.679750
293,350721,13430,1.678750
294,351914,13409,1.676125
295,353109,13433,1.679125
296,354303,13411,1.676375
297,355496,13404,1.675500
298,356690,13412,1.676500
299,357884,13411,1.676375
300,359078,13418,1.677250
301,360272,13428,1.678500
302,361466,13413,1.676625
303,362659,13408,1.676000
304,363853,13417,1.677125
305,365046,13431,1.678875
306,366241,13405,1.675625
307,367435,13430,1.678750
308,368628,13431,1.678875
309,369822,13415,1.676875
310,371016,13415,1.676875
311,372210,13417,1.677125
312,373404,13411,1.676375
313,374597,13409,1.676125
314,375791,13400,1.675000
315,376985,13414,1.676750
316,378178,13416,1.677000
317,379373,13416,1.677000
318,380567,13418,1.677250
319,381760,13431,1.678875
320,382954,13420,1.677500
321,384147,13419,1.677375
322,385342,13428,1.678500
323,386536,13442,1.680250
324,387729,13399,1.674875
325,388923,13422,1.677750
326,390117,13436,1.679500
327,391310,13413,1.676625
328,392505,13410,1.676250
329,393698,13435,1.679375
330,394892,13442,1.680250
331,396086,13411,1.676375
332,397279,13426,1.678250
333,398473,13422,1.677750
334,399667,13433,1.679125
335,400861,13420,1.677500
336,402054,13418,1.677250
337,403249,13419,1.677375
338,404443,13406,1.675750
339,405637,13403,1.675375
340,406830,13429,1.678625
341,408024,13402,1.675250
342,409218,13404,1.675500
343,410412,13420,1.677500
344,411606,13416,1.677000
345,412799,13439,1.679875
346,413992,13415,1.676875
347,415187,13408,1.676000
348,416380,13418,1.677250
349,417574,13416,1.677000
350,418769,13428,1.678500
351,419962,13399,1.674875
352,421156,13413,1.676625
353,422349,13410,1.676250
354,423543,13423,1.677875
355,424738,13421,1.677625
356,425932,13413,1.676625
357,427125,13425,1.678125
358,428319,13420,1.677500
359,429512,13434,1.679250
360,430706,13446,1.680750
361,431900,13404,1.675500
362,433094,13421,1.677625
363,434288,13442,1.680250
364,435481,13427,1.678375
365,436678,13416,1.677000
366,437869,13416,1.677000
367,439063,13418,1.677250
368,440257,13401,1.675125
369,441451,13401,1.675125
370,442644,13422,1.677750
371,443838,13411,1.676375
372,445032,13415,1.676875
373,446226,13437,1.679625
374,447420,13412,1.676500
375,448614,13418,1.677250
376,449808,13410,1.676250
377,451001,13412,1.676500
378,452195,13423,1.677875
379,453389,13414,1.676750
380,454583,13414,1.676750
381,455776,13428,1.678500
382,456970,13420,1.677500
383,458164,13435,1.679375
384,459358,13428,1.678500
385,460552,13414,1.676750
386,461745,13405,1.675625
387,462939,13440,1.680000
388,464133,13425,1.678125
389,465327,13423,1.677875
390,466521,13435,1.679375
391,467714,13417,1.677125
392,468908,13428,1.678500
393,470102,13398,1.674750
394,471296,13417,1.677125
395,472490,13418,1.677250
396,473683,13412,1.676500
397,474877,13421,1.677625
398,476071,13421,1.677625
399,477265,13422,1.677750
400,478459,13429,1.678625
401,479653,13424,1.678000
402,480846,13414,1.676750
403,482040,13420,1.677500
404,483234,13423,1.677875
405,484428,13421,1.677625
406,485622,13405,1.675625
407,486816,13404,1.675500
408,488009,13416,1.677000
409,489203,13410,1.676250
410,490396,13397,1.674625
411,491591,13409,1.676125
412,492785,13419,1.677375
413,493979,13418,1.677250
414,495172,13428,1.678500
415,496366,13426,1.678250
416,497560,13419,1.677375
417,498754,13421,1.677625
418,499947,13422,1.677750
419,501142,13437,1.679625
420,502335,13408,1.676000
421,503529,13406,1.675750
422,504723,13404,1.675500
423,505917,13408,1.676000
424,507111,13410,1.676250
425,508304,13415,1.676875
426,509498,13433,1.679125
427,510692,13420,1.677500
428,511886,13441,1.680125
429,513080,13429,1.678625
430,514273,13423,1.677875
431,515468,13442,1.680250
432,516661,13445,1.680625
433,517854,13432,1.679000
434,519049,13406,1.675750
435,520242,13405,1.675625
436,521436,13414,1.676750
437,522630,13436,1.679500
438,523823,13411,1.676375
439,525017,13407,1.675875
440,526211,13429,1.678625
441,527405,13422,1.677750
442,528599,13420,1.677500
443,529793,13417,1.677125
444,530987,13421,1.677625
445,532181,13441,1.680125
446,533374,13438,1.679750
447,534568,13407,1.675875
448,535762,13427,1.678375
449,536956,13421,1.677625
450,538150,13411,1.676375
451,539344,13406,1.675750
452,540538,13394,1.674250
453,541731,13423,1.677875
454,542925,13414,1.676750
455,544119,13415,1.676875
456,545313,13416,1.677000
457,546506,13431,1.678875
458,547700,13422,1.677750
459,548894,13457,1.682125
460,550088,13422,1.677750
461,551282,13402,1.675250
462,552476,13429,1.678625
463,553669,13427,1.678375
464,554863,13404,1.675500
465,556057,13399,1.674875
466,557251,13406,1.675750
467,558445,13406,1.675750
468,559639,13422,1.677750
469,560832,13428,1.678500
470,562026,13417,1.677125
471,563220,13415,1.676875
472,564414,13434,1.679250
473,565608,13439,1.679875
474,566801,13444,1.680500
475,567995,13414,1.676750
476,569189,13418,1.677250
477,570383,13411,1.676375
478,571577,13415,1.676875
479,572770,13401,1.675125
480,573964,13419,1.677375
481,575158,13436,1.679500
482,576352,13414,1.676750
483,577546,13417,1.677125
484,578740,13377,1.672125
485,579933,13429,1.678625
486,581128,13428,1.678500
487,582321,13416,1.677000
488,583515,13429,1.678625
489,584708,13412,1.676500
490,585902,13411,1.676375
491,587096,13440,1.680000
492,588290,13419,1.677375
493,589484,13409,1.676125
494,590680,13404,1.675500
495,591871,13412,1.676500
496,593065,13440,1.680000
497,594259,13412,1.676500
498,595453,13424,1.678000
499,596647,13409,1.676125
500,597840,13423,1.677875
501,599034,13436,1.679500
502,600228,13437,1.679625
503,601422,13441,1.680125
504,602616,13428,1.678500
505,603809,13420,1.677500
506,605003,13421,1.677625
507,606197,13416,1.677000
508,607391,13404,1.675500
509,608585,13438,1.679750
510,609778,13430,1.678750
511,610972,13416,1.677000
512,612166,13426,1.678250
513,613360,13410,1.676250
514,614553,13427,1.678375
515,615747,13402,1.675250
516,616941,13405,1.675625
517,618135,13419,1.677375
518,619328,13414,1.676750
519,620522,13421,1.677625
520,621716,13423,1.677875
521,622910,13402,1.675250
522,624104,13416,1.677000
523,625297,13433,1.679125
524,626491,13398,1.674750
525,627685,13419,1.677375
526,628879,13420,1.677500
527,630073,13431,1.678875
528,631267,13420,1.677500
529,632460,13426,1.678250
530,633654,13442,1.680250
531,634848,13425,1.678125
532,636041,13421,1.677625
533,637235,13389,1.673625
534,638429,13428,1.678500
535,639623,13413,1.676625
536,640817,13400,1.675000
537,642011,13424,1.678000
538,643204,13411,1.676375
539,644398,13428,1.678500
540,645592,13448,1.681000
541,646786,13428,1.678500
542,647980,13423,1.677875
543,649174,13441,1.680125
544,650367,13427,1.678375
545,651560,13408,1.676000
546,652755,13440,1.680000
547,653949,13422,1.677750
548,655142,13404,1.675500
549,656336,13408,1.676000
550,657530,13386,1.673250
551,658724,13418,1.677250
552,659918,13409,1.676125
553,661111,13431,1.678875
554,662305,13428,1.678500
555,663499,13430,1.678750
556,664693,13427,1.678375
557,665886,13432,1.679000
558,667080,13421,1.677625
559,668274,13414,1.676750
560,669468,13411,1.676375
561,670662,13407,1.675875
562,671855,13384,1.673000
563,673049,13400,1.675000
564,674243,13393,1.674125
565,675436,13413,1.676625
566,676630,13416,1.677000
567,677825,13431,1.678875
568,679018,13427,1.678375
569,680211,13431,1.678875
570,681405,13437,1.679625
571,682599,13417,1.677125
572,683794,13407,1.675875
573,684987,13414,1.676750
574,686181,13424,1.678000
575,687375,13430,1.678750
576,688568,13417,1.677125
577,689762,13413,1.676625
578,690956,13429,1.678625
579,692149,13426,1.678250
580,693343,13409,1.676125
581,694537,13391,1.673875
582,695731,13420,1.677500
583,696925,13434,1.679250
584,698119,13413,1.676625
585,699313,13427,1.678375
586,700506,13438,1.679750
587,701700,13425,1.678125
588,702894,13439,1.679875
589,704088,13409,1.676125
590,705281,13422,1.677750
591,706475,13409,1.676125
592,707669,13410,1.676250
593,708863,13399,1.674875
594,710057,13427,1.678375
595,711250,13416,1.677000
596,712444,13409,1.676125
597,713638,13407,1.675875
598,714832,13425,1.678125
599,716026,13427,1.678375
600,717219,13434,1.679250
601,718413,13416,1.677000
602,719607,13394,1.674250
603,720800,13430,1.678750
604,721995,13427,1.678375
605,723188,13411,1.676375
606,724382,13401,1.675125
607,725576,13430,1.678750
608,726770,13407,1.675875
609,727963,13399,1.674875
610,729157,13433,1.679125
611,730351,13414,1.676750
612,731545,13450,1.681250
613,732738,13426,1.678250
614,733932,13437,1.679625
615,735126,13426,1.678250
616,736320,13408,1.676000
617,737514,13405,1.675625
618,738707,13397,1.674625
619,739901,13411,1.676375
620,741095,13391,1.673875
621,742289,13427,1.678375
622,743483,13407,1.675875
623,744680,13425,1.678125
624,745870,13405,1.675625
625,747064,13423,1.677875
626,748258,13412,1.676500
627,749452,13427,1.678375
628,750645,13412,1.676500
629,751839,13440,1.680000
630,753033,13425,1.678125
631,754227,13424,1.678000
632,755421,13398,1.674750
633,756614,13405,1.675625
634,757807,13426,1.678250
635,759001,13415,1.676875
636,760196,13417,1.677125
637,761390,13424,1.678000
638,762583,13412,1.676500
639,763777,13416,1.677000
640,764971,13418,1.677250
641,766164,13412,1.676500
642,767359,13434,1.679250
643,768552,13427,1.678375
644,769746,13406,1.675750
645,770940,13422,1.677750
646,772133,13408,1.676000
647,773328,13422,1.677750
648,774521,13423,1.677875
649,775715,13399,1.674875
650,776909,13417,1.677125
651,778102,13408,1.676000
652,779296,13409,1.676125
653,780490,13429,1.678625
654,781684,13447,1.680875
655,782878,13423,1.677875
656,784071,13421,1.677625
657,785265,13421,1.677625
658,786459,13423,1.677875
659,787653,13417,1.677125
660,788847,13404,1.675500
661,790040,13398,1.674750
662,791234,13423,1.677875
663,792428,13412,1.676500
664,793622,13410,1.676250
665,794816,13417,1.677125
666,796009,13431,1.678875
667,797203,13420,1.677500
668,798397,13429,1.678625
669,799591,13419,1.677375
670,800785,13417,1.677125
671,801978,13403,1.675375
672,803172,13409,1.676125
673,804366,13418,1.677250
674,805560,13409,1.676125
675,806753,13394,1.674250
676,807947,13421,1.677625
677,809141,13423,1.677875
678,810335,13443,1.680375
679,811528,13396,1.674500
680,812722,13426,1.678250
681,813916,13413,1.676625
682,815110,13412,1.676500
683,816304,13422,1.677750
684,817498,13414,1.676750
685,818691,13433,1.679125
686,819885,13430,1.678750
687,821079,13406,1.675750
688,822273,13412,1.676500
689,823467,13403,1.675375
690,824661,13413,1.676625
691,825854,13398,1.674750
692,827048,13426,1.678250
693,828242,13432,1.679000
694,829436,13413,1.676625
695,830630,13436,1.679500
696,831823,13434,1.679250
697,833017,13417,1.677125
698,834211,13422,1.677750
699,835405,13419,1.677375
700,836599,13407,1.675875
701,837792,13414,1.676750
702,838986,13422,1.677750
703,840180,13430,1.678750
704,841374,13394,1.674250
705,842567,13407,1.675875
706,843761,13411,1.676375
707,844955,13391,1.673875
708,846149,13415,1.676875
709,847342,13435,1.679375
710,848537,13419,1.677375
711,849730,13419,1.677375
712,850924,13434,1.679250
713,852118,13419,1.677375
714,853311,13424,1.678000
715,854505,13403,1.675375
716,855699,13443,1.680375
717,856893,13412,1.676500
718,858087,13416,1.677000
719,859280,13405,1.675625
720,860474,13441,1.680125
721,861668,13418,1.677250
722,862862,13414,1.676750
723,864056,13419,1.677375
724,865250,13423,1.677875
725,866443,13423,1.677875
726,867637,13430,1.678750
727,868831,13432,1.679000
728,870025,13426,1.678250
729,871219,13414,1.676750
730,872413,13419,1.677375
731,873607,13427,1.678375
732,874801,13409,1.676125
733,875994,13391,1.673875
734,877188,13412,1.676500
735,878381,13428,1.678500
736,879575,13434,1.679250
737,880770,13420,1.677500
738,881963,13409,1.676125
739,883157,13408,1.676000
740,884351,13418,1.677250
741,885544,13422,1.677750
742,886738,13419,1.677375
743,887932,13400,1.675000
744,889126,13412,1.676500
745,890320,13442,1.680250
746,891513,13404,1.675500
747,892707,13402,1.675250
748,893901,13424,1.678000
749,895095,13436,1.679500
750,896289,13429,1.678625
751,897483,13411,1.676375
752,898680,13421,1.677625
753,899870,13456,1.682000
754,901064,13424,1.678000
755,902258,13403,1.675375
756,903452,13411,1.676375
757,904646,13417,1.677125
758,905840,13416,1.677000
759,907033,13413,1.676625
760,908227,13417,1.677125
761,909421,13395,1.674375
762,910615,13435,1.679375
763,911809,13419,1.677375
764,913003,13446,1.680750
765,914196,13426,1.678250
766,915390,13406,1.675750
767,916584,13431,1.678875
768,917778,13398,1.674750
769,918971,13431,1.678875
770,920165,13425,1.678125
771,921359,13421,1.677625
772,922553,13417,1.677125
773,923746,13416,1.677000
774,924940,13400,1.675000
775,926134,13394,1.674250
776,927328,13413,1.676625
777,928522,13425,1.678125
778,929716,13419,1.677375
779,930909,13433,1.679125
780,932103,13431,1.678875
781,933297,13426,1.678250
782,934491,13402,1.675250
783,935685,13426,1.678250
784,936879,13421,1.677625
785,938073,13420,1.677500
786,939267,13410,1.676250
787,940460,13394,1.674250
788,941654,13393,1.674125
789,942848,13415,1.676875
790,944042,13400,1.675000
791,945235,13432,1.679000
792,946430,13408,1.676000
793,947623,13424,1.678000
794,948817,13414,1.676750
795,950010,13433,1.679125
796,951204,13403,1.675375
797,952399,13417,1.677125
798,953591,13425,1.678125
799,954786,13406,1.675750
800,955980,13412,1.676500
801,957174,13406,1.675750
802,958367,13405,1.675625
803,959561,13412,1.676500
804,960755,13395,1.674375
805,961949,13417,1.677125
806,963143,13423,1.677875
807,964336,13423,1.677875
808,965530,13421,1.677625
809,966724,13422,1.677750
810,967918,13395,1.674375
811,969112,13418,1.677250
812,970305,13417,1.677125
813,971500,13426,1.678250
814,972693,13429,1.678625
815,973887,13399,1.674875
816,975081,13398,1.674750
817,976275,13422,1.677750
818,977468,13403,1.675375
819,978662,13416,1.677000
820,979856,13434,1.679250
821,981049,13425,1.678125
822,982244,13419,1.677375
823,983437,13423,1.677875
824,984632,13435,1.679375
825,985825,13443,1.680375
826,987018,13421,1.677625
827,988213,13403,1.675375
828,989407,13392,1.674000
829,990600,13422,1.677750
830,991794,13417,1.677125
831,992988,13417,1.677125
832,994182,13399,1.674875
833,995376,13410,1.676250
834,996569,13419,1.677375
835,997763,13415,1.676875
836,998957,13410,1.676250