sample,timestamp_us,raw,voltage_V
0,53,13472,1.684000
1,370,13472,1.684000
2,688,13456,1.682000
3,1004,13456,1.682000
4,1321,13424,1.678000
5,1638,13424,1.678000
6,1955,13488,1.686000
7,2272,13424,1.678000
8,2589,13376,1.672000
9,2905,13392,1.674000
10,3222,13424,1.678000
11,3539,13392,1.674000
12,3856,13472,1.684000
13,4173,13392,1.674000
14,4490,13408,1.676000
15,4806,13376,1.672000
16,5123,13360,1.670000
17,5441,13424,1.678000
18,5757,13344,1.668000
19,6074,13344,1.668000
20,6391,13376,1.672000
21,6707,13376,1.672000
22,7025,13408,1.676000
23,7342,13360,1.670000
24,7658,13392,1.674000
25,7975,13328,1.666000
26,8292,13376,1.672000
27,8609,13456,1.682000
28,8925,13376,1.672000
29,9243,13392,1.674000
30,9559,13424,1.678000
31,9876,13408,1.676000
32,10193,13376,1.672000
33,10510,13440,1.680000
34,10827,13392,1.674000
35,11144,13344,1.668000
36,11460,13360,1.670000
37,11777,13392,1.674000
38,12095,13392,1.674000
39,12411,13440,1.680000
40,12728,13376,1.672000
41,13045,13392,1.674000
42,13362,13456,1.682000
43,13678,13408,1.676000
44,13995,13424,1.678000
45,14312,13408,1.676000
46,14629,13392,1.674000
47,14946,13392,1.674000
48,15263,13392,1.674000
49,15580,13456,1.682000
50,15897,13424,1.678000
51,16214,13424,1.678000
52,16530,13392,1.674000
53,16847,13440,1.680000
54,17164,13408,1.676000
55,17481,13440,1.680000
56,17798,13392,1.674000
57,18114,13440,1.680000
58,18431,13424,1.678000
59,18748,13440,1.680000
60,19065,13440,1.680000
61,19382,13440,1.680000
62,19699,13408,1.676000
63,20016,13344,1.668000
64,20333,13424,1.678000
65,20649,13408,1.676000
66,20966,13424,1.678000
67,21283,13408,1.676000
68,21600,13440,1.680000
69,21917,13408,1.676000
70,22234,13440,1.680000
71,22551,13344,1.668000
72,22867,13424,1.678000
73,23184,13408,1.676000
74,23501,13456,1.682000
75,23818,13360,1.670000
76,24135,13440,1.680000
77,24452,13392,1.674000
78,24769,13360,1.670000
79,25085,13392,1.674000
80,25403,13408,1.676000
81,25719,13376,1.672000
82,26036,13408,1.676000
83,26353,13408,1.676000
84,26670,13328,1.666000
85,26986,13360,1.670000
86,27304,13344,1.668000
87,27620,13424,1.678000
88,27937,13376,1.672000
89,28254,13376,1.672000
90,28571,13424,1.678000
91,28888,13392,1.674000
92,29205,13392,1.674000
93,29522,13392,1.674000
94,29838,13456,1.682000
95,30155,13456,1.682000
96,30472,13504,1.688000
97,30789,13360,1.670000
98,31106,13424,1.678000
99,31422,13488,1.686000
100,31740,13408,1.676000
101,32056,13408,1.676000
102,32373,13440,1.680000
103,32690,13456,1.682000
104,33007,13408,1.676000
105,33324,13456,1.682000
106,33641,13360,1.670000
107,33957,13408,1.676000
108,34275,13424,1.678000
109,34591,13360,1.670000
110,34908,13424,1.678000
111,35225,13456,1.682000
112,35542,13392,1.674000
113,35859,13344,1.668000
114,36176,13392,1.674000
115,36493,13392,1.674000
116,36809,13408,1.676000
117,37125,13408,1.676000
118,37443,13392,1.674000
119,37760,13392,1.674000
120,38076,13360,1.670000
121,38393,13376,1.672000
122,38710,13408,1.676000
123,39027,13376,1.672000
124,39344,13456,1.682000
125,39661,13360,1.670000
126,39978,13376,1.672000
127,40295,13392,1.674000
128,40611,13360,1.670000
129,40929,13408,1.676000
130,41246,13440,1.680000
131,41562,13472,1.684000
132,41879,13376,1.672000
133,42196,13424,1.678000
134,42513,13392,1.674000
135,42830,13424,1.678000
136,43146,13392,1.674000
137,43463,13376,1.672000
138,43780,13408,1.676000
139,44097,13408,1.676000
140,44414,13424,1.678000
141,44731,13408,1.676000
142,45047,13408,1.676000
143,45365,13472,1.684000
144,45686,13408,1.676000
145,45998,13424,1.678000
146,46315,13424,1.678000
147,46632,13376,1.672000
148,46949,13424,1.678000
149,47266,13520,1.690000
150,47582,13440,1.680000
151,47899,13424,1.678000
152,48217,13392,1.674000
153,48533,13456,1.682000
154,48850,13440,1.680000
155,49167,13376,1.672000
156,49484,13408,1.676000
157,49801,13456,1.682000
158,50117,13424,1.678000
159,50434,13376,1.672000
160,50751,13552,1.694000
161,51068,13408,1.676000
162,51384,13392,1.674000
163,51702,13440,1.680000
164,52019,13408,1.676000
165,52336,13392,1.674000
166,52652,13392,1.674000
167,52969,13408,1.676000
168,53286,13392,1.674000
169,53603,13392,1.674000
170,53919,13392,1.674000
171,54237,13360,1.670000
172,54553,13376,1.672000
173,54870,13424,1.678000
174,55187,13424,1.678000
175,55504,13328,1.666000
176,55821,13312,1.664000
177,56137,13392,1.674000
178,56455,13392,1.674000
179,56771,13376,1.672000
180,57089,13408,1.676000
181,57404,13424,1.678000
182,57722,13360,1.670000
183,58039,13376,1.672000
184,58356,13392,1.674000
185,58672,13424,1.678000
186,58990,13440,1.680000
187,59307,13344,1.668000
188,59623,13328,1.666000
189,59939,13408,1.676000
190,60257,13360,1.670000
191,60574,13456,1.682000
192,60890,13408,1.676000
193,61207,13456,1.682000
194,61524,13472,1.684000
195,61841,13376,1.672000
196,62158,13440,1.680000
197,62475,13408,1.676000
198,62792,13520,1.690000
199,63109,13472,1.684000
200,63425,13408,1.676000
201,63742,13440,1.680000
202,64059,13488,1.686000
203,64376,13344,1.668000
204,64693,13408,1.676000
205,65010,13424,1.678000
206,65327,13488,1.686000
207,65643,13408,1.676000
208,65960,13408,1.676000
209,66278,13184,1.648000
210,66594,13392,1.674000
211,66911,13424,1.678000
212,67227,13408,1.676000
213,67545,13456,1.682000
214,67861,13424,1.678000
215,68179,13360,1.670000
216,68495,13360,1.670000
217,68812,13440,1.680000
218,69129,13360,1.670000
219,69446,13424,1.678000
220,69762,13392,1.674000
221,70080,13408,1.676000
222,70396,13456,1.682000
223,70713,13392,1.674000
224,71029,13392,1.674000
225,71347,13392,1.674000
226,71664,13440,1.680000
227,71981,13440,1.680000
228,72298,13408,1.676000
229,72614,13648,1.706000
230,72932,13360,1.670000
231,73248,13280,1.660000
232,73565,13424,1.678000
233,73881,13408,1.676000
234,74199,13376,1.672000
235,74516,13472,1.684000
236,74832,13376,1.672000
237,75149,13504,1.688000
238,75466,13376,1.672000
239,75783,13392,1.674000
240,76100,13392,1.674000
241,76417,13440,1.680000
242,76734,13424,1.678000
243,77050,13392,1.674000
244,77367,13536,1.692000
245,77686,13408,1.676000
246,78000,13424,1.678000
247,78318,13424,1.678000
248,78635,13408,1.676000
249,78951,13408,1.676000
250,79268,13312,1.664000
251,79585,13488,1.686000
252,79903,13376,1.672000
253,80218,13472,1.684000
254,80536,13440,1.680000
255,80853,13472,1.684000
256,81170,13424,1.678000
257,81487,13360,1.670000
258,81803,13408,1.676000
259,82120,13392,1.674000
260,82437,13392,1.674000
261,82754,13440,1.680000
262,83071,13488,1.686000
263,83388,13488,1.686000
264,83705,13440,1.680000
265,84021,13408,1.676000
266,84338,13376,1.672000
267,84655,13408,1.676000
268,84972,13408,1.676000
269,85288,13408,1.676000
270,85606,13472,1.684000
271,85922,13424,1.678000
272,86239,13408,1.676000
273,86556,13408,1.676000
274,86872,13408,1.676000
275,87190,13408,1.676000
276,87507,13408,1.676000
277,87824,13328,1.666000
278,88140,13376,1.672000
279,88457,13360,1.670000
280,88774,13392,1.674000
281,89091,13408,1.676000
282,89408,13392,1.674000
283,89725,13376,1.672000
284,90041,13392,1.674000
285,90359,13424,1.678000
286,90675,13392,1.674000
287,90992,13280,1.660000
288,91309,13408,1.676000
289,91626,13424,1.678000
290,91943,13424,1.678000
291,92260,13344,1.668000
292,92577,13376,1.672000
293,92894,13408,1.676000
294,93210,13408,1.676000
295,93527,13424,1.678000
296,93844,13376,1.672000
297,94161,13440,1.680000
298,94478,13376,1.672000
299,94795,13328,1.666000
300,95111,13424,1.678000
301,95428,13376,1.672000
302,95745,13408,1.676000
303,96062,13440,1.680000
304,96379,13424,1.678000
305,96696,13408,1.676000
306,97013,13472,1.684000
307,97330,13440,1.680000
308,97646,13408,1.676000
309,97963,13392,1.674000
310,98280,13456,1.682000
311,98597,13424,1.678000
312,98914,13392,1.674000
313,99231,13408,1.676000
314,99548,13376,1.672000
315,99864,13472,1.684000
316,100181,13392,1.674000
317,100498,13408,1.676000
318,100815,13408,1.676000
319,101131,13520,1.690000
320,101449,13392,1.674000
321,101766,13328,1.666000
322,102082,13424,1.678000
323,102399,13392,1.674000
324,102716,13376,1.672000
325,103033,13456,1.682000
326,103350,13424,1.678000
327,103666,13360,1.670000
328,103984,13360,1.670000
329,104301,13440,1.680000
330,104617,13440,1.680000
331,104934,13376,1.672000
332,105251,13376,1.672000
333,105568,13344,1.668000
334,105885,13456,1.682000
335,106202,13456,1.682000
336,106518,13360,1.670000
337,106835,13424,1.678000
338,107152,13408,1.676000
339,107469,13408,1.676000
340,107786,13312,1.664000
341,108103,13392,1.674000
342,108419,13392,1.674000
343,108737,13392,1.674000
344,109053,13424,1.678000
345,109370,13408,1.676000
346,109686,13376,1.672000
347,110004,13376,1.672000
348,110321,13424,1.678000
349,110638,13360,1.670000
350,110954,13424,1.678000
351,111271,13344,1.668000
352,111588,13376,1.672000
353,111905,13424,1.678000
354,112222,13408,1.676000
355,112539,13424,1.678000
356,112856,13488,1.686000
357,113172,13408,1.676000
358,113489,13456,1.682000
359,113806,13408,1.676000
360,114123,13392,1.674000
361,114440,13424,1.678000
362,114756,13440,1.680000
363,115074,13392,1.674000
364,115391,13472,1.684000
365,115707,13440,1.680000
366,116024,13440,1.680000
367,116341,13392,1.674000
368,116658,13376,1.672000
369,116974,13360,1.670000
370,117292,13440,1.680000
371,117608,13504,1.688000
372,117925,13392,1.674000
373,118242,13360,1.670000
374,118559,13376,1.672000
375,118876,13456,1.682000
376,119192,13344,1.668000
377,119510,13456,1.682000
378,119827,13424,1.678000
379,120143,13360,1.670000
380,120460,13408,1.676000
381,120777,13360,1.670000
382,121094,13392,1.674000
383,121411,13424,1.678000
384,121727,13360,1.670000
385,122045,13424,1.678000
386,122361,13408,1.676000
387,122678,13376,1.672000
388,122995,13408,1.676000
389,123312,13360,1.670000
390,123629,13376,1.672000
391,123946,13424,1.678000
392,124263,13440,1.680000
393,124579,13392,1.674000
394,124896,13456,1.682000
395,125213,13360,1.670000
396,125530,13344,1.668000
397,125847,13456,1.682000
398,126164,13376,1.672000
399,126480,13376,1.672000
400,126797,13392,1.674000
401,127114,13424,1.678000
402,127431,13424,1.678000
403,127748,13408,1.676000
404,128065,13408,1.676000
405,128382,13392,1.674000
406,128698,13392,1.674000
407,129016,13392,1.674000
408,129332,13392,1.674000
409,129649,13408,1.676000
410,129966,13392,1.674000
411,130283,13456,1.682000
412,130599,13424,1.678000
413,130917,13424,1.678000
414,131234,13360,1.670000
415,131550,13424,1.678000
416,131867,13408,1.676000
417,132184,13296,1.662000
418,132501,13424,1.678000
419,132818,13504,1.688000
420,133135,13392,1.674000
421,133451,13408,1.676000
422,133768,13408,1.676000
423,134086,13360,1.670000
424,134402,13424,1.678000
425,134718,13440,1.680000
426,135036,13456,1.682000
427,135353,13360,1.670000
428,135669,13440,1.680000
429,135986,13424,1.678000
430,136303,13408,1.676000
431,136620,13392,1.674000
432,136937,13376,1.672000
433,137254,13392,1.674000
434,137570,13408,1.676000
435,137888,13344,1.668000
436,138205,13408,1.676000
437,138521,13424,1.678000
438,138838,13424,1.678000
439,139155,13376,1.672000
440,139472,13424,1.678000
441,139789,13360,1.670000
442,140105,13360,1.670000
443,140423,13328,1.666000
444,140739,13376,1.672000
445,141056,13376,1.672000
446,141373,13376,1.672000
447,141690,13344,1.668000
448,142006,13392,1.674000
449,142324,13392,1.674000
450,142640,13376,1.672000
451,142958,13424,1.678000
452,143273,13360,1.670000
453,143591,13392,1.674000
454,143908,13360,1.670000
455,144225,13408,1.676000
456,144541,13440,1.680000
457,144859,13472,1.684000
458,145175,13472,1.684000
459,145492,13376,1.672000
460,145809,13456,1.682000
461,146126,13424,1.678000
462,146443,13392,1.674000
463,146760,13456,1.682000
464,147076,13424,1.678000
465,147393,13408,1.676000
466,147710,13440,1.680000
467,148027,13456,1.682000
468,148343,13440,1.680000
469,148661,13360,1.670000
470,148977,13408,1.676000
471,149294,13440,1.680000
472,149611,13392,1.674000
473,149928,13408,1.676000
474,150245,13424,1.678000
475,150562,13408,1.676000
476,150879,13376,1.672000
477,151196,13424,1.678000
478,151512,13424,1.678000
479,151829,13440,1.680000
480,152146,13440,1.680000
481,152463,13424,1.678000
482,152779,13376,1.672000
483,153097,13360,1.670000
484,153414,13392,1.674000
485,153730,13392,1.674000
486,154047,13456,1.682000
487,154364,13424,1.678000
488,154685,13408,1.676000
489,154997,13344,1.668000
490,155315,13376,1.672000
491,155632,13376,1.672000
492,155948,13392,1.674000
493,156265,13392,1.674000
494,156582,13408,1.676000
495,156899,13376,1.672000
496,157216,13440,1.680000
497,157533,13392,1.674000
498,157849,13440,1.680000
499,158167,13376,1.672000
500,158483,13408,1.676000
501,158800,13424,1.678000
502,159116,13408,1.676000
503,159434,13424,1.678000
504,159751,13392,1.674000
505,160067,13392,1.674000
506,160385,13376,1.672000
507,160701,13440,1.680000
508,161018,13328,1.666000
509,161335,13408,1.676000
510,161652,13408,1.676000
511,161969,13408,1.676000
512,162286,13360,1.670000
513,162602,13408,1.676000
514,162920,13408,1.676000
515,163237,13424,1.678000
516,163553,13216,1.652000
517,163870,13472,1.684000
518,164187,13264,1.658000
519,164504,13392,1.674000
520,164820,13456,1.682000
521,165138,13440,1.680000
522,165454,13424,1.678000
523,165771,13408,1.676000
524,166087,13424,1.678000
525,166405,13184,1.648000
526,166722,13408,1.676000
527,167038,13408,1.676000
528,167355,13424,1.678000
529,167672,13424,1.678000
530,167989,13456,1.682000
531,168306,13200,1.650000
532,168623,13440,1.680000
533,168940,13408,1.676000
534,169256,13392,1.674000
535,169573,13424,1.678000
536,169890,13392,1.674000
537,170207,13424,1.678000
538,170524,13424,1.678000
539,170841,13424,1.678000
540,171158,13408,1.676000
541,171474,13360,1.670000
542,171791,13424,1.678000
543,172108,13424,1.678000
544,172425,13344,1.668000
545,172741,13424,1.678000
546,173059,13328,1.666000
547,173376,13312,1.664000
548,173693,13360,1.670000
549,174009,13328,1.666000
550,174326,13392,1.674000
551,174643,13344,1.668000
552,174960,13360,1.670000
553,175277,13360,1.670000
554,175594,13344,1.668000
555,175911,13440,1.680000
556,176228,13424,1.678000
557,176544,13440,1.680000
558,176861,13392,1.674000
559,177177,13360,1.670000
560,177495,13392,1.674000
561,177812,13408,1.676000
562,178128,13408,1.676000
563,178446,13424,1.678000
564,178762,13344,1.668000
565,179079,13392,1.674000
566,179396,13392,1.674000
567,179713,13408,1.676000
568,180029,13408,1.676000
569,180346,13456,1.682000
570,180664,13408,1.676000
571,180980,13408,1.676000
572,181297,13392,1.674000
573,181614,13392,1.674000
574,181931,13536,1.692000
575,182248,13392,1.674000
576,182565,13520,1.690000
577,182881,13408,1.676000
578,183199,13392,1.674000
579,183515,13408,1.676000
580,183832,13424,1.678000
581,184149,13440,1.680000
582,184466,13392,1.674000
583,184783,13424,1.678000
584,185100,13408,1.676000
585,185416,13424,1.678000
586,185733,13376,1.672000
587,186050,13280,1.660000
588,186367,13376,1.672000
589,186686,13424,1.678000
590,187001,13408,1.676000
591,187317,13344,1.668000
592,187635,13360,1.670000
593,187951,13328,1.666000
594,188268,13280,1.660000
595,188585,13392,1.674000
596,188902,13344,1.668000
597,189219,13440,1.680000
598,189535,13360,1.670000
599,189852,13424,1.678000
600,190170,13456,1.682000
601,190486,13280,1.660000
602,190803,13280,1.660000
603,191120,13456,1.682000
604,191437,13392,1.674000
605,191754,13392,1.674000
606,192070,13392,1.674000
607,192387,13376,1.672000
608,192704,13376,1.672000
609,193020,13328,1.666000
610,193337,13392,1.674000
611,193655,13360,1.670000
612,193971,13408,1.676000
613,194288,13408,1.676000
614,194605,13440,1.680000
615,194922,13440,1.680000
616,195239,13408,1.676000
617,195556,13424,1.678000
618,195873,13392,1.674000
619,196190,13376,1.672000
620,196506,13392,1.674000
621,196824,13440,1.680000
622,197140,13408,1.676000
623,197457,13472,1.684000
624,197774,13456,1.682000
625,198091,13392,1.674000
626,198408,13392,1.674000
627,198725,13392,1.674000
628,199041,13408,1.676000
629,199358,13472,1.684000
630,199675,13440,1.680000
631,199992,13456,1.682000
632,200309,13360,1.670000
633,200626,13440,1.680000
634,200942,13392,1.674000
635,201259,13392,1.674000
636,201577,13456,1.682000
637,201893,13408,1.676000
638,202210,13440,1.680000
639,202527,13392,1.674000
640,202844,13392,1.674000
641,203160,13408,1.676000
642,203478,13424,1.678000
643,203794,13392,1.674000
644,204111,13408,1.676000
645,204427,13376,1.672000
646,204745,13376,1.672000
647,205062,13376,1.672000
648,205379,13392,1.674000
649,205695,13408,1.676000
650,206013,13360,1.670000
651,206329,13328,1.666000
652,206646,13360,1.670000
653,206963,13360,1.670000
654,207280,13392,1.674000
655,207597,13392,1.674000
656,207914,13376,1.672000
657,208230,13376,1.672000
658,208547,13344,1.668000
659,208864,13392,1.674000
660,209180,13360,1.670000
661,209497,13424,1.678000
662,209815,13408,1.676000
663,210131,13408,1.676000
664,210448,13376,1.672000
665,210765,13344,1.668000
666,211082,13392,1.674000
667,211399,13392,1.674000
668,211716,13392,1.674000
669,212032,13392,1.674000
670,212349,13424,1.678000
671,212666,13424,1.678000
672,212983,13408,1.676000
673,213300,13440,1.680000
674,213617,13424,1.678000
675,213934,13344,1.668000
676,214251,13344,1.668000
677,214567,13376,1.672000
678,214884,13408,1.676000
679,215201,13504,1.688000
680,215518,13440,1.680000
681,215835,13456,1.682000
682,216151,13408,1.676000
683,216469,13376,1.672000
684,216785,13392,1.674000
685,217103,13408,1.676000
686,217419,13440,1.680000
687,217736,13504,1.688000
688,218053,13376,1.672000
689,218370,13408,1.676000
690,218687,13408,1.676000
691,219003,13408,1.676000
692,219320,13424,1.678000
693,219637,13456,1.682000
694,219954,13360,1.670000
695,220271,13376,1.672000
696,220588,13392,1.674000
697,220904,13392,1.674000
698,221221,13376,1.672000
699,221538,13408,1.676000
700,221855,13424,1.678000
701,222172,13392,1.674000
702,222489,13392,1.674000
703,222806,13392,1.674000
704,223123,13312,1.664000
705,223439,13360,1.670000
706,223756,13280,1.660000
707,224073,13360,1.670000
708,224390,13376,1.672000
709,224707,13408,1.676000
710,225024,13408,1.676000
711,225341,13360,1.670000
712,225657,13392,1.674000
713,225975,13360,1.670000
714,226291,13424,1.678000
715,226608,13408,1.676000
716,226925,13424,1.678000
717,227242,13408,1.676000
718,227559,13392,1.674000
719,227875,13392,1.674000
720,228193,13360,1.670000
721,228509,13408,1.676000
722,228826,13424,1.678000
723,229143,13360,1.670000
724,229460,13424,1.678000
725,229776,13392,1.674000
726,230094,13392,1.674000
727,230411,13472,1.684000
728,230727,13440,1.680000
729,231044,13424,1.678000
730,231361,13456,1.682000
731,231678,13440,1.680000
732,231995,13392,1.674000
733,232312,13408,1.676000
734,232628,13392,1.674000
735,232945,13392,1.674000
736,233262,13488,1.686000
737,233579,13392,1.674000
738,233896,13440,1.680000
739,234213,13328,1.666000
740,234530,13392,1.674000
741,234846,13424,1.678000
742,235164,13360,1.670000
743,235480,13312,1.664000
744,235797,13440,1.680000
745,236114,13376,1.672000
746,236431,13440,1.680000
747,236748,13360,1.670000
748,237064,13408,1.676000
749,237382,13360,1.670000
750,237698,13360,1.670000
751,238015,13392,1.674000
752,238332,13328,1.666000
753,238649,13328,1.666000
754,238966,13408,1.676000
755,239282,13408,1.676000
756,239600,13392,1.674000
757,239916,13376,1.672000
758,240233,13424,1.678000
759,240550,13344,1.668000
760,240867,13392,1.674000
761,241184,13408,1.676000
762,241501,13440,1.680000
763,241817,13424,1.678000
764,242134,13376,1.672000
765,242451,13360,1.670000
766,242768,13392,1.674000
767,243085,13392,1.674000
768,243402,13408,1.676000
769,243719,13344,1.668000
770,244035,13440,1.680000
771,244352,13408,1.676000
772,244669,13312,1.664000
773,244986,13392,1.674000
774,245303,13360,1.670000
775,245620,13488,1.686000
776,245936,13392,1.674000
777,246253,13376,1.672000
778,246570,13456,1.682000
779,246887,13424,1.678000
780,247204,13376,1.672000
781,247521,13440,1.680000
782,247838,13440,1.680000
783,248155,13408,1.676000
784,248471,13440,1.680000
785,248789,13440,1.680000
786,249105,13488,1.686000
787,249422,13424,1.678000
788,249738,13408,1.676000
789,250056,13440,1.680000
790,250373,13504,1.688000
791,250690,13344,1.668000
792,251006,13456,1.682000
793,251323,13568,1.696000
794,251640,13408,1.676000
795,251957,13440,1.680000
796,252274,13344,1.668000
797,252591,13392,1.674000
798,252908,13360,1.670000
799,253225,13728,1.716000
800,253541,13392,1.674000
801,253858,13392,1.674000
802,254174,13408,1.676000
803,254492,13392,1.674000
804,254809,13456,1.682000
805,255125,13344,1.668000
806,255443,13536,1.692000
807,255759,13328,1.666000
808,256076,13344,1.668000
809,256393,13376,1.672000
810,256710,13424,1.678000
811,257027,13408,1.676000
812,257344,13424,1.678000
813,257660,13344,1.668000
814,257977,13376,1.672000
815,258294,13360,1.670000
816,258611,13392,1.674000
817,258928,13440,1.680000
818,259245,13424,1.678000
819,259561,13248,1.656000
820,259878,13408,1.676000
821,260195,13456,1.682000
822,260512,13376,1.672000
823,260829,13424,1.678000
824,261146,13424,1.678000
825,261462,13184,1.648000
826,261780,13376,1.672000
827,262097,13440,1.680000
828,262413,13408,1.676000
829,262730,13408,1.676000
830,263046,13440,1.680000
831,263363,13408,1.676000
832,263685,13376,1.672000
833,263998,13392,1.674000
834,264315,13440,1.680000
835,264631,13440,1.680000
836,264948,13440,1.680000
837,265265,13488,1.686000
838,265582,13456,1.682000
839,265899,13456,1.682000
840,266216,13392,1.674000
841,266532,13408,1.676000
842,266849,13344,1.668000
843,267167,13472,1.684000
844,267483,13456,1.682000
845,267800,13456,1.682000
846,268117,13536,1.692000
847,268433,13376,1.672000
848,268750,13456,1.682000
849,269067,13408,1.676000
850,269384,13456,1.682000
851,269701,13424,1.678000
852,270018,13424,1.678000
853,270335,13344,1.668000
854,270652,13360,1.670000
855,270969,13296,1.662000
856,271285,13424,1.678000
857,271602,13392,1.674000
858,271919,13376,1.672000
859,272236,13392,1.674000
860,272553,13360,1.670000
861,272870,13360,1.670000
862,273186,13200,1.650000
863,273503,13408,1.676000
864,273820,13408,1.676000
865,274137,13440,1.680000
866,274454,13376,1.672000
867,274771,13408,1.676000
868,275088,13248,1.656000
869,275405,13376,1.672000
870,275721,13408,1.676000
871,276038,13440,1.680000
872,276355,13456,1.682000
873,276671,13392,1.674000
874,276989,13440,1.680000
875,277306,13408,1.676000
876,277623,13456,1.682000
877,277940,13440,1.680000
878,278256,13408,1.676000
879,278573,13408,1.676000
880,278890,13376,1.672000
881,279207,13520,1.690000
882,279524,13456,1.682000
883,279840,13456,1.682000
884,280158,13472,1.684000
885,280474,13360,1.670000
886,280791,13408,1.676000
887,281108,13440,1.680000
888,281425,13344,1.668000
889,281742,13344,1.668000
890,282058,13472,1.684000
891,282375,13456,1.682000
892,282692,13488,1.686000
893,283009,13344,1.668000
894,283326,13440,1.680000
895,283643,13408,1.676000
896,283960,13472,1.684000
897,284277,13424,1.678000
898,284593,13408,1.676000
899,284911,13376,1.672000
900,285227,13424,1.678000
901,285544,13376,1.672000
902,285860,13392,1.674000
903,286178,13376,1.672000
904,286495,13440,1.680000
905,286812,13392,1.674000
906,287128,13376,1.672000
907,287445,13360,1.670000
908,287762,13360,1.670000
909,288079,13280,1.660000
910,288396,13344,1.668000
911,288713,13392,1.674000
912,289029,13424,1.678000
913,289346,13392,1.674000
914,289663,13376,1.672000
915,289980,13392,1.674000
916,290297,13392,1.674000
917,290613,13328,1.666000
918,290931,13376,1.672000
919,291248,13408,1.676000
920,291564,13408,1.676000
921,291881,13392,1.674000
922,292198,13376,1.672000
923,292515,13424,1.678000
924,292832,13440,1.680000
925,293149,13360,1.670000
926,293466,13392,1.674000
927,293782,13376,1.672000
928,294099,13392,1.674000
929,294416,13376,1.672000
930,294733,13424,1.678000
931,295050,13456,1.682000
932,295367,13488,1.686000
933,295686,13440,1.680000
934,296000,13472,1.684000
935,296317,13376,1.672000
936,296634,13408,1.676000
937,296950,13408,1.676000
938,297268,13440,1.680000
939,297585,13376,1.672000
940,297902,13488,1.686000
941,298219,13440,1.680000
942,298535,13440,1.680000
943,298852,13376,1.672000
944,299169,13360,1.670000
945,299486,13456,1.682000
946,299803,13376,1.672000
947,300119,13408,1.676000
948,300436,13440,1.680000
949,300753,13440,1.680000
950,301070,13456,1.682000
951,301387,13424,1.678000
952,301704,13440,1.680000
953,302020,13408,1.676000
954,302337,13376,1.672000
955,302654,13376,1.672000
956,302971,13408,1.676000
957,303288,13376,1.672000
958,303605,13360,1.670000
959,303922,13408,1.676000
960,304239,13408,1.676000
961,304556,13360,1.670000
962,304872,13360,1.670000
963,305190,13344,1.668000
964,305506,13392,1.674000
965,305823,13344,1.668000
966,306140,13376,1.672000
967,306457,13456,1.682000
968,306774,13376,1.672000
969,307090,13408,1.676000
970,307408,13360,1.670000
971,307724,13392,1.674000
972,308042,13360,1.670000
973,308358,13424,1.678000
974,308675,13360,1.670000
975,308992,13408,1.676000
976,309308,13392,1.674000
977,309626,13408,1.676000
978,309942,13376,1.672000
979,310259,13376,1.672000
980,310576,13408,1.676000
981,310893,13456,1.682000
982,311210,13392,1.674000
983,311526,13392,1.674000
984,311844,13408,1.676000
985,312160,13408,1.676000
986,312477,13424,1.678000
987,312794,13504,1.688000
988,313111,13392,1.674000
989,313428,13440,1.680000
990,313745,13376,1.672000
991,314061,13360,1.670000
992,314378,13424,1.678000
993,314695,13424,1.678000
994,315012,13408,1.676000
995,315329,13456,1.682000
996,315645,13456,1.682000
997,315962,13456,1.682000
998,316279,13440,1.680000
999,316596,13424,1.678000
1000,316913,13408,1.676000
1001,317230,13472,1.684000
1002,317547,13440,1.680000
1003,317864,13392,1.674000
1004,318181,13456,1.682000
1005,318498,13392,1.674000
1006,318814,13360,1.670000
1007,319131,13440,1.680000
1008,319448,13392,1.674000
1009,319765,13440,1.680000
1010,320082,13328,1.666000
1011,320399,13424,1.678000
1012,320715,13408,1.676000
1013,321032,13376,1.672000
1014,321349,13440,1.680000
1015,321666,13424,1.678000
1016,321982,13360,1.670000
1017,322300,13376,1.672000
1018,322617,13424,1.678000
1019,322934,13392,1.674000
1020,323250,13328,1.666000
1021,323567,13408,1.676000
1022,323884,13360,1.670000
1023,324201,13360,1.670000
1024,324518,13456,1.682000
1025,324835,13376,1.672000
1026,325152,13408,1.676000
1027,325468,13424,1.678000
1028,325785,13376,1.672000
1029,326102,13408,1.676000
1030,326419,13440,1.680000
1031,326736,13392,1.674000
1032,327053,13408,1.676000
1033,327370,13360,1.670000
1034,327687,13440,1.680000
1035,328003,13440,1.680000
1036,328320,13408,1.676000
1037,328637,13408,1.676000
1038,328954,13376,1.672000
1039,329270,13360,1.670000
1040,329588,13392,1.674000
1041,329904,13408,1.676000
1042,330221,13488,1.686000
1043,330538,13376,1.672000
1044,330855,13408,1.676000
1045,331172,13456,1.682000
1046,331489,13376,1.672000
1047,331805,13328,1.666000
1048,332123,13376,1.672000
1049,332439,13408,1.676000
1050,332756,13456,1.682000
1051,333073,13504,1.688000
1052,333390,13392,1.674000
1053,333706,13376,1.672000
1054,334024,13472,1.684000
1055,334341,13408,1.676000
1056,334657,13424,1.678000
1057,334974,13376,1.672000
1058,335291,13424,1.678000
1059,335608,13472,1.684000
1060,335925,13424,1.678000
1061,336242,13392,1.674000
1062,336558,13376,1.672000
1063,336875,13408,1.676000
1064,337191,13408,1.676000
1065,337509,13376,1.672000
1066,337826,13344,1.668000
1067,338143,13376,1.672000
1068,338460,13392,1.674000
1069,338776,13376,1.672000
1070,339093,13392,1.674000
1071,339409,13408,1.676000
1072,339727,13376,1.672000
1073,340044,13408,1.676000
1074,340361,13440,1.680000
1075,340677,13424,1.678000
1076,340994,13376,1.672000
1077,341311,13376,1.672000
1078,341628,13440,1.680000
1079,341945,13456,1.682000
1080,342262,13408,1.676000
1081,342579,13376,1.672000
1082,342896,13392,1.674000
1083,343213,13376,1.672000
1084,343529,13408,1.676000
1085,343846,13408,1.676000
1086,344163,13408,1.676000
1087,344480,13360,1.670000
1088,344797,13408,1.676000
1089,345114,13472,1.684000
1090,345431,13456,1.682000
1091,345747,13424,1.678000
1092,346064,13392,1.674000
1093,346381,13136,1.642000
1094,346698,13424,1.678000
1095,347015,13392,1.674000
1096,347332,13392,1.674000
1097,347648,13424,1.678000
1098,347966,13424,1.678000
1099,348283,13440,1.680000
1100,348599,13296,1.662000
1101,348915,13360,1.670000
1102,349233,13424,1.678000
1103,349550,13424,1.678000
1104,349866,13472,1.684000
1105,350183,13440,1.680000
1106,350500,13536,1.692000
1107,350816,13424,1.678000
1108,351134,13424,1.678000
1109,351451,13408,1.676000
1110,351767,13424,1.678000
1111,352085,13408,1.676000
1112,352402,13392,1.674000
1113,352718,13408,1.676000
1114,353035,13360,1.670000
1115,353352,13424,1.678000
1116,353669,13344,1.668000
1117,353986,13408,1.676000
1118,354303,13424,1.678000
1119,354619,13408,1.676000
1120,354936,13392,1.674000
1121,355253,13392,1.674000
1122,355570,13392,1.674000
1123,355887,13408,1.676000
1124,356204,13344,1.668000
1125,356520,13440,1.680000
1126,356838,13392,1.674000
1127,357154,13376,1.672000
1128,357471,13392,1.674000
1129,357787,13360,1.670000
1130,358105,13344,1.668000
1131,358421,13440,1.680000
1132,358738,13376,1.672000
1133,359055,13408,1.676000
1134,359373,13392,1.674000
1135,359689,13440,1.680000
1136,360006,13376,1.672000
1137,360323,13424,1.678000
1138,360639,13408,1.676000
1139,360957,13392,1.674000
1140,361274,13408,1.676000
1141,361590,13376,1.672000
1142,361907,13440,1.680000
1143,362224,13472,1.684000
1144,362540,13360,1.670000
1145,362858,13456,1.682000
1146,363174,13424,1.678000
1147,363491,13360,1.670000
1148,363808,13408,1.676000
1149,364124,13680,1.710000
1150,364442,13360,1.670000
1151,364759,13408,1.676000
1152,365075,13456,1.682000
1153,365393,13456,1.682000
1154,365709,13392,1.674000
1155,366027,13456,1.682000
1156,366343,13648,1.706000
1157,366660,13440,1.680000
1158,366977,13424,1.678000
1159,367294,13440,1.680000
1160,367610,13440,1.680000
1161,367928,13424,1.678000
1162,368244,13440,1.680000
1163,368561,13424,1.678000
1164,368878,13584,1.698000
1165,369195,13376,1.672000
1166,369512,13440,1.680000
1167,369828,13424,1.678000
1168,370146,13376,1.672000
1169,370462,13344,1.668000
1170,370779,13376,1.672000
1171,371096,13472,1.684000
1172,371413,13392,1.674000
1173,371730,13408,1.676000
1174,372046,13440,1.680000
1175,372364,13264,1.658000
1176,372680,13360,1.670000
1177,372997,13232,1.654000
1178,373314,13408,1.676000
1179,373631,13424,1.678000
1180,373948,13376,1.672000
1181,374264,13424,1.678000
1182,374582,13360,1.670000
1183,374898,13344,1.668000
1184,375215,13360,1.670000
1185,375532,13392,1.674000
1186,375849,13408,1.676000
1187,376165,13392,1.674000
1188,376483,13424,1.678000
1189,376799,13424,1.678000
1190,377117,13392,1.674000
1191,377433,13424,1.678000
1192,377750,13488,1.686000
1193,378067,13408,1.676000
1194,378384,13424,1.678000
1195,378700,13408,1.676000
1196,379018,13408,1.676000
1197,379334,13376,1.672000
1198,379651,13456,1.682000
1199,379967,13392,1.674000
1200,380285,13360,1.670000
1201,380602,13408,1.676000
1202,380918,13424,1.678000
1203,381236,13360,1.670000
1204,381552,13440,1.680000
1205,381869,13392,1.674000
1206,382186,13440,1.680000
1207,382503,13376,1.672000
1208,382820,13440,1.680000
1209,383137,13440,1.680000
1210,383453,13440,1.680000
1211,383770,13392,1.674000
1212,384087,13344,1.668000
1213,384404,13376,1.672000
1214,384721,13408,1.676000
1215,385038,13376,1.672000
1216,385355,13440,1.680000
1217,385672,13408,1.676000
1218,385988,13360,1.670000
1219,386305,13392,1.674000
1220,386622,13424,1.678000
1221,386939,13392,1.674000
1222,387256,13424,1.678000
1223,387573,13360,1.670000
1224,387890,13360,1.670000
1225,388207,13392,1.674000
1226,388523,13360,1.670000
1227,388840,13360,1.670000
1228,389157,13392,1.674000
1229,389474,13408,1.676000
1230,389791,13360,1.670000
1231,390107,13344,1.668000
1232,390425,13360,1.670000
1233,390741,13456,1.682000
1234,391058,13440,1.680000
1235,391375,13392,1.674000
1236,391692,13392,1.674000
1237,392009,13424,1.678000
1238,392326,13392,1.674000
1239,392642,13392,1.674000
1240,392959,13424,1.678000
1241,393276,13360,1.670000
1242,393593,13424,1.678000
1243,393910,13392,1.674000
1244,394227,13408,1.676000
1245,394544,13360,1.670000
1246,394860,13424,1.678000
1247,395178,13376,1.672000
1248,395494,13424,1.678000
1249,395811,13424,1.678000
1250,396128,13408,1.676000
1251,396445,13392,1.674000
1252,396761,13424,1.678000
1253,397078,13472,1.684000
1254,397395,13440,1.680000
1255,397712,13392,1.674000
1256,398029,13440,1.680000
1257,398346,13440,1.680000
1258,398663,13408,1.676000
1259,398980,13360,1.670000
1260,399296,13344,1.668000
1261,399613,13360,1.670000
1262,399930,13456,1.682000
1263,400247,13424,1.678000
1264,400564,13408,1.676000
1265,400880,13408,1.676000
1266,401198,13408,1.676000
1267,401515,13488,1.686000
1268,401831,13360,1.670000
1269,402148,13408,1.676000
1270,402464,13360,1.670000
1271,402782,13488,1.686000
1272,403098,13424,1.678000
1273,403416,13360,1.670000
1274,403732,13456,1.682000
1275,404049,13344,1.668000
1276,404366,13408,1.676000
1277,404686,13376,1.672000
1278,405000,13392,1.674000
1279,405317,13360,1.670000
1280,405634,13344,1.668000
1281,405950,13360,1.670000
1282,406267,13440,1.680000
1283,406584,13424,1.678000
1284,406901,13360,1.670000
1285,407218,13360,1.670000
1286,407535,13360,1.670000
1287,407851,13344,1.668000
1288,408169,13392,1.674000
1289,408486,13424,1.678000
1290,408802,13376,1.672000
1291,409119,13408,1.676000
1292,409436,13376,1.672000
1293,409752,13360,1.670000
1294,410070,13408,1.676000
1295,410387,13424,1.678000
1296,410703,13440,1.680000
1297,411020,13392,1.674000
1298,411337,13408,1.676000
1299,411654,13424,1.678000
1300,411971,13408,1.676000
1301,412288,13408,1.676000
1302,412604,13424,1.678000
1303,412922,13392,1.674000
1304,413238,13392,1.674000
1305,413555,13424,1.678000
1306,413872,13392,1.674000
1307,414189,13360,1.670000
1308,414506,13440,1.680000
1309,414823,13440,1.680000
1310,415140,13440,1.680000
1311,415456,13488,1.686000
1312,415773,13440,1.680000
1313,416090,13472,1.684000
1314,416407,13392,1.674000
1315,416724,13456,1.682000
1316,417040,13424,1.678000
1317,417357,13424,1.678000
1318,417675,13392,1.674000
1319,417991,13376,1.672000
1320,418308,13408,1.676000
1321,418625,13408,1.676000
1322,418942,13408,1.676000
1323,419259,13408,1.676000
1324,419575,13392,1.674000
1325,419892,13376,1.672000
1326,420209,13408,1.676000
1327,420526,13392,1.674000
1328,420843,13376,1.672000
1329,421160,13360,1.670000
1330,421477,13408,1.676000
1331,421794,13392,1.674000
1332,422110,13376,1.672000
1333,422427,13360,1.670000
1334,422743,13440,1.680000
1335,423061,13376,1.672000
1336,423378,13360,1.670000
1337,423695,13424,1.678000
1338,424011,13376,1.672000
1339,424328,13344,1.668000
1340,424645,13376,1.672000
1341,424961,13408,1.676000
1342,425279,13392,1.674000
1343,425596,13408,1.676000
1344,425913,13392,1.674000
1345,426230,13344,1.668000
1346,426546,13424,1.678000
1347,426863,13424,1.678000
1348,427180,13360,1.670000
1349,427497,13408,1.676000
1350,427814,13408,1.676000
1351,428131,13424,1.678000
1352,428447,13424,1.678000
1353,428764,13408,1.676000
1354,429081,13392,1.674000
1355,429398,13456,1.682000
1356,429714,13424,1.678000
1357,430032,13360,1.670000
1358,430349,13472,1.684000
1359,430666,13440,1.680000
1360,430982,13424,1.678000
1361,431299,13392,1.674000
1362,431616,13472,1.684000
1363,431933,13392,1.674000
1364,432250,13424,1.678000
1365,432567,13424,1.678000
1366,432883,13408,1.676000
1367,433200,13424,1.678000
1368,433518,13472,1.684000
1369,433834,13392,1.674000
1370,434151,13424,1.678000
1371,434468,13376,1.672000
1372,434785,13376,1.672000
1373,435101,13376,1.672000
1374,435419,13344,1.668000
1375,435735,13392,1.674000
1376,436052,13456,1.682000
1377,436369,13424,1.678000
1378,436686,13424,1.678000
1379,437003,13408,1.676000
1380,437320,13392,1.674000
1381,437637,13360,1.670000
1382,437953,13344,1.668000
1383,438270,13344,1.668000
1384,438587,13296,1.662000
1385,438904,13472,1.684000
1386,439221,13376,1.672000
1387,439538,13472,1.684000
1388,439855,13344,1.668000
1389,440171,13392,1.674000
1390,440488,13344,1.668000
1391,440805,13360,1.670000
1392,441122,13408,1.676000
1393,441439,13392,1.674000
1394,441755,13296,1.662000
1395,442073,13440,1.680000
1396,442390,13424,1.678000
1397,442706,13456,1.682000
1398,443023,13360,1.670000
1399,443340,13392,1.674000
1400,443657,13424,1.678000
1401,443974,13392,1.674000
1402,444291,13392,1.674000
1403,444607,13392,1.674000
1404,444924,13440,1.680000
1405,445241,13472,1.684000
1406,445558,13440,1.680000
1407,445874,13424,1.678000
1408,446191,13408,1.676000
1409,446509,13424,1.678000
1410,446825,13360,1.670000
1411,447142,13440,1.680000
1412,447459,13376,1.672000
1413,447776,13440,1.680000
1414,448093,13424,1.678000
1415,448410,13376,1.672000
1416,448726,13440,1.680000
1417,449044,13376,1.672000
1418,449360,13456,1.682000
1419,449678,13408,1.676000
1420,449994,13360,1.670000
1421,450311,13360,1.670000
1422,450628,13392,1.674000
1423,450945,13424,1.678000
1424,451262,13408,1.676000
1425,451578,13360,1.670000
1426,451895,13408,1.676000
1427,452212,13424,1.678000
1428,452529,13376,1.672000
1429,452845,13472,1.684000
1430,453163,13216,1.652000
1431,453480,13328,1.666000
1432,453796,13376,1.672000
1433,454113,13408,1.676000
1434,454430,13376,1.672000
1435,454747,13312,1.664000
1436,455064,13456,1.682000
1437,455381,13312,1.664000
1438,455698,13328,1.666000
1439,456014,13344,1.668000
1440,456331,13392,1.674000
1441,456648,13424,1.678000
1442,456965,13424,1.678000
1443,457282,13664,1.708000
1444,457599,13376,1.672000
1445,457916,13408,1.676000
1446,458233,13392,1.674000
1447,458549,13408,1.676000
1448,458866,13392,1.674000
1449,459183,13392,1.674000
1450,459500,13616,1.702000
1451,459817,13408,1.676000
1452,460133,13424,1.678000
1453,460451,13376,1.672000
1454,460767,13408,1.676000
1455,461084,13456,1.682000
1456,461401,13408,1.676000
1457,461718,13424,1.678000
1458,462035,13568,1.696000
1459,462352,13440,1.680000
1460,462669,13472,1.684000
1461,462986,13456,1.682000
1462,463303,13440,1.680000
1463,463619,13440,1.680000
1464,463936,13392,1.674000
1465,464253,13328,1.666000
1466,464570,13440,1.680000
1467,464887,13424,1.678000
1468,465204,13440,1.680000
1469,465520,13408,1.676000
1470,465837,13440,1.680000
1471,466154,13312,1.664000
1472,466471,13456,1.682000
1473,466788,13344,1.668000
1474,467104,13408,1.676000
1475,467422,13456,1.682000
1476,467738,13360,1.670000
1477,468055,13472,1.684000
1478,468372,13376,1.672000
1479,468689,13408,1.676000
1480,469006,13424,1.678000
1481,469322,13392,1.674000
1482,469639,13408,1.676000
1483,469956,13392,1.674000
1484,470273,13360,1.670000
1485,470589,13344,1.668000
1486,470907,13392,1.674000
1487,471224,13424,1.678000
1488,471541,13472,1.684000
1489,471858,13376,1.672000
1490,472174,13408,1.676000
1491,472491,13360,1.670000
1492,472808,13392,1.674000
1493,473125,13312,1.664000
1494,473442,13440,1.680000
1495,473758,13376,1.672000
1496,474076,13376,1.672000
1497,474392,13392,1.674000
1498,474709,13328,1.666000
1499,475026,13360,1.670000
1500,475343,13376,1.672000
1501,475659,13392,1.674000
1502,475977,13408,1.676000
1503,476294,13408,1.676000
1504,476611,13360,1.670000
1505,476927,13440,1.680000
1506,477244,13392,1.674000
1507,477561,13440,1.680000
1508,477877,13456,1.682000
1509,478195,13408,1.676000
1510,478512,13456,1.682000
1511,478828,13392,1.674000
1512,479145,13408,1.676000
1513,479463,13408,1.676000
1514,479779,13488,1.686000
1515,480096,13440,1.680000
1516,480413,13456,1.682000
1517,480730,13408,1.676000
1518,481046,13392,1.674000
1519,481363,13440,1.680000
1520,481680,13392,1.674000
1521,481997,13392,1.674000
1522,482314,13440,1.680000
1523,482631,13472,1.684000
1524,482947,13408,1.676000
1525,483264,13376,1.672000
1526,483582,13440,1.680000
1527,483899,13456,1.682000
1528,484215,13360,1.670000
1529,484532,13392,1.674000
1530,484849,13408,1.676000
1531,485165,13376,1.672000
1532,485483,13392,1.674000
1533,485799,13424,1.678000
1534,486116,13392,1.674000
1535,486433,13424,1.678000
1536,486750,13376,1.672000
1537,487067,13424,1.678000
1538,487384,13344,1.668000
1539,487700,13344,1.668000
1540,488018,13296,1.662000
1541,488335,13376,1.672000
1542,488651,13424,1.678000
1543,488968,13424,1.678000
1544,489285,13408,1.676000
1545,489602,13408,1.676000
1546,489918,13344,1.668000
1547,490235,13360,1.670000
1548,490552,13392,1.674000
1549,490869,13360,1.670000
1550,491186,13328,1.666000
1551,491503,13360,1.670000
1552,491819,13392,1.674000
1553,492137,13408,1.676000
1554,492453,13360,1.670000
1555,492770,13392,1.674000
1556,493086,13392,1.674000
1557,493404,13360,1.670000
1558,493721,13424,1.678000
1559,494038,13392,1.674000
1560,494355,13392,1.674000
1561,494671,13440,1.680000
1562,494988,13440,1.680000
1563,495305,13424,1.678000
1564,495622,13440,1.680000
1565,495938,13424,1.678000
1566,496256,13344,1.668000
1567,496573,13392,1.674000
1568,496889,13472,1.684000
1569,497206,13472,1.684000
1570,497523,13456,1.682000
1571,497840,13344,1.668000
1572,498157,13424,1.678000
1573,498473,13440,1.680000
1574,498790,13408,1.676000
1575,499107,13440,1.680000
1576,499424,13440,1.680000
1577,499741,13408,1.676000
1578,500058,13456,1.682000
1579,500375,13440,1.680000
1580,500692,13440,1.680000
1581,501008,13408,1.676000
1582,501325,13456,1.682000
1583,501642,13392,1.674000
1584,501959,13440,1.680000
1585,502276,13360,1.670000
1586,502593,13408,1.676000
1587,502910,13440,1.680000
1588,503227,13376,1.672000
1589,503543,13408,1.676000
1590,503860,13440,1.680000
1591,504177,13360,1.670000
1592,504494,13392,1.674000
1593,504811,13392,1.674000
1594,505128,13392,1.674000
1595,505445,13344,1.668000
1596,505761,13376,1.672000
1597,506078,13392,1.674000
1598,506395,13344,1.668000
1599,506712,13392,1.674000
1600,507029,13376,1.672000
1601,507346,13344,1.668000
1602,507663,13360,1.670000
1603,507979,13392,1.674000
1604,508296,13408,1.676000
1605,508613,13328,1.666000
1606,508930,13424,1.678000
1607,509246,13376,1.672000
1608,509564,13360,1.670000
1609,509881,13344,1.668000
1610,510198,13376,1.672000
1611,510514,13440,1.680000
1612,510831,13424,1.678000
1613,511148,13328,1.666000
1614,511465,13392,1.674000
1615,511782,13472,1.684000
1616,512098,13392,1.674000
1617,512416,13392,1.674000
1618,512733,13456,1.682000
1619,513049,13424,1.678000
1620,513366,13408,1.676000
1621,513686,13408,1.676000
1622,514000,13360,1.670000
1623,514317,13392,1.674000
1624,514634,13408,1.676000
1625,514950,13424,1.678000
1626,515267,13408,1.676000
1627,515584,13408,1.676000
1628,515901,13376,1.672000
1629,516218,13424,1.678000
1630,516535,13440,1.680000
1631,516851,13424,1.678000
1632,517169,13440,1.680000
1633,517485,13424,1.678000
1634,517802,13424,1.678000
1635,518119,13440,1.680000
1636,518436,13488,1.686000
1637,518753,13392,1.674000
1638,519069,13456,1.682000
1639,519386,13472,1.684000
1640,519703,13376,1.672000
1641,520020,13408,1.676000
1642,520337,13392,1.674000
1643,520654,13424,1.678000
1644,520970,13360,1.670000
1645,521288,13392,1.674000
1646,521604,13408,1.676000
1647,521921,13424,1.678000
1648,522238,13392,1.674000
1649,522555,13376,1.672000
1650,522872,13328,1.666000
1651,523189,13376,1.672000
1652,523505,13424,1.678000
1653,523823,13360,1.670000
1654,524139,13392,1.674000
1655,524456,13392,1.674000
1656,524773,13408,1.676000
1657,525090,13392,1.674000
1658,525407,13424,1.678000
1659,525724,13376,1.672000
1660,526040,13376,1.672000
1661,526357,13328,1.666000
1662,526674,13280,1.660000
1663,526991,13360,1.670000
1664,527308,13360,1.670000
1665,527625,13424,1.678000
1666,527942,13392,1.674000
1667,528259,13392,1.674000
1668,528575,13328,1.666000
1669,528892,13392,1.674000
1670,529209,13440,1.680000
1671,529526,13424,1.678000
1672,529843,13392,1.674000
1673,530160,13360,1.670000
1674,530477,13456,1.682000
1675,530793,13424,1.678000
1676,531110,13440,1.680000
1677,531427,13360,1.670000
1678,531744,13440,1.680000
1679,532061,13408,1.676000
1680,532378,13392,1.674000
1681,532694,13488,1.686000
1682,533012,13440,1.680000
1683,533328,13408,1.676000
1684,533645,13360,1.670000
1685,533962,13392,1.674000
1686,534279,13328,1.666000
1687,534595,13424,1.678000
1688,534912,13392,1.674000
1689,535229,13392,1.674000
1690,535546,13344,1.668000
1691,535863,13440,1.680000
1692,536179,13376,1.672000
1693,536497,13376,1.672000
1694,536814,13408,1.676000
1695,537130,13408,1.676000
1696,537447,13376,1.672000
1697,537764,13328,1.666000
1698,538081,13376,1.672000
1699,538398,13344,1.668000
1700,538715,13408,1.676000
1701,539031,13376,1.672000
1702,539349,13408,1.676000
1703,539665,13360,1.670000
1704,539982,13392,1.674000
1705,540299,13360,1.670000
1706,540615,13392,1.674000
1707,540933,13376,1.672000
1708,541250,13392,1.674000
1709,541567,13376,1.672000
1710,541883,13376,1.672000
1711,542200,13392,1.674000
1712,542517,13328,1.666000
1713,542834,13376,1.672000
1714,543151,13408,1.676000
1715,543467,13456,1.682000
1716,543784,13408,1.676000
1717,544102,13408,1.676000
1718,544418,13328,1.666000
1719,544735,13392,1.674000
1720,545052,13408,1.676000
1721,545369,13424,1.678000
1722,545687,13392,1.674000
1723,546003,13376,1.672000
1724,546319,13424,1.678000
1725,546636,13440,1.680000
1726,546953,13456,1.682000
1727,547270,13456,1.682000
1728,547587,13408,1.676000
1729,547903,13504,1.688000
1730,548220,13392,1.674000
1731,548537,13488,1.686000
1732,548855,13392,1.674000
1733,549171,13584,1.698000
1734,549488,13424,1.678000
1735,549805,13408,1.676000
1736,550121,13360,1.670000
1737,550439,13440,1.680000
1738,550755,13408,1.676000
1739,551072,13472,1.684000
1740,551389,13392,1.674000
1741,551706,13408,1.676000
1742,552022,13360,1.670000
1743,552339,13392,1.674000
1744,552657,13344,1.668000
1745,552974,13408,1.676000
1746,553290,13360,1.670000
1747,553607,13440,1.680000
1748,553924,13408,1.676000
1749,554241,13408,1.676000
1750,554557,13328,1.666000
1751,554874,13360,1.670000
1752,555191,13296,1.662000
1753,555508,13376,1.672000
1754,555825,13296,1.662000
1755,556142,13408,1.676000
1756,556459,13408,1.676000
1757,556775,13408,1.676000
1758,557093,13408,1.676000
1759,557410,13200,1.650000
1760,557726,13344,1.668000
1761,558043,13360,1.670000
1762,558360,13376,1.672000
1763,558677,13440,1.680000
1764,558994,13408,1.676000
1765,559311,13152,1.644000
1766,559627,13408,1.676000
1767,559945,13392,1.674000
1768,560261,13408,1.676000
1769,560578,13392,1.674000
1770,560895,13376,1.672000
1771,561212,13376,1.672000
1772,561529,13408,1.676000
1773,561845,13408,1.676000
1774,562163,13360,1.670000
1775,562479,13456,1.682000
1776,562796,13424,1.678000
1777,563112,13408,1.676000
1778,563430,13408,1.676000
1779,563747,13408,1.676000
1780,564063,13376,1.672000
1781,564380,13392,1.674000
1782,564697,13392,1.674000
1783,565014,13440,1.680000
1784,565330,13408,1.676000
1785,565648,13456,1.682000
1786,565965,13408,1.676000
1787,566281,13424,1.678000
1788,566598,13376,1.672000
1789,566916,13376,1.672000
1790,567232,13392,1.674000
1791,567549,13408,1.676000
1792,567866,13408,1.676000
1793,568182,13424,1.678000
1794,568499,13392,1.674000
1795,568816,13424,1.678000
1796,569133,13408,1.676000
1797,569449,13392,1.674000
1798,569767,13408,1.676000
1799,570084,13360,1.670000
1800,570401,13408,1.676000
1801,570718,13392,1.674000
1802,571034,13360,1.670000
1803,571351,13392,1.674000
1804,571668,13440,1.680000
1805,571985,13392,1.674000
1806,572302,13424,1.678000
1807,572619,13344,1.668000
1808,572935,13488,1.686000
1809,573253,13424,1.678000
1810,573569,13408,1.676000
1811,573886,13392,1.674000
1812,574203,13424,1.678000
1813,574520,13360,1.670000
1814,574837,13392,1.674000
1815,575153,13408,1.676000
1816,575470,13424,1.678000
1817,575787,13488,1.686000
1818,576104,13456,1.682000
1819,576421,13408,1.676000
1820,576738,13440,1.680000
1821,577054,13280,1.660000
1822,577371,13408,1.676000
1823,577689,13520,1.690000
1824,578005,13392,1.674000
1825,578322,13456,1.682000
1826,578639,13392,1.674000
1827,578956,13408,1.676000
1828,579273,13376,1.672000
1829,579590,13408,1.676000
1830,579906,13408,1.676000
1831,580223,13408,1.676000
1832,580540,13440,1.680000
1833,580857,13456,1.682000
1834,581174,13488,1.686000
1835,581491,13440,1.680000
1836,581808,13280,1.660000
1837,582124,13424,1.678000
1838,582442,13392,1.674000
1839,582758,13424,1.678000
1840,583075,13424,1.678000
1841,583392,13376,1.672000
1842,583708,13408,1.676000
1843,584026,13296,1.662000
1844,584343,13440,1.680000
1845,584659,13408,1.676000
1846,584976,13424,1.678000
1847,585293,13408,1.676000
1848,585610,13392,1.674000
1849,585927,13424,1.678000
1850,586244,13360,1.670000
1851,586560,13440,1.680000
1852,586877,13392,1.674000
1853,587194,13424,1.678000
1854,587510,13344,1.668000
1855,587828,13376,1.672000
1856,588145,13360,1.670000
1857,588461,13408,1.676000
1858,588779,13312,1.664000
1859,589095,13344,1.668000
1860,589412,13424,1.678000
1861,589729,13408,1.676000
1862,590045,13376,1.672000
1863,590362,13376,1.672000
1864,590680,13328,1.666000
1865,590996,13344,1.668000
1866,591313,13408,1.676000
1867,591630,13424,1.678000
1868,591947,13376,1.672000
1869,592264,13344,1.668000
1870,592581,13408,1.676000
1871,592898,13360,1.670000
1872,593215,13424,1.678000
1873,593531,13376,1.672000
1874,593848,13392,1.674000
1875,594165,13440,1.680000
1876,594482,13392,1.674000
1877,594799,13456,1.682000
1878,595116,13408,1.676000
1879,595433,13360,1.670000
1880,595749,13392,1.674000
1881,596066,13424,1.678000
1882,596384,13312,1.664000
1883,596700,13488,1.686000
1884,597017,13440,1.680000
1885,597334,13376,1.672000
1886,597651,13456,1.682000
1887,597967,13424,1.678000
1888,598284,13424,1.678000
1889,598601,13392,1.674000
1890,598918,13360,1.670000
1891,599235,13376,1.672000
1892,599552,13504,1.688000
1893,599868,13408,1.676000
1894,600186,13520,1.690000
1895,600503,13440,1.680000
1896,600819,13408,1.676000
1897,601136,13408,1.676000
1898,601452,13376,1.672000
1899,601770,13376,1.672000
1900,602086,13472,1.684000
1901,602404,13408,1.676000
1902,602720,13424,1.678000
1903,603037,13424,1.678000
1904,603354,13424,1.678000
1905,603671,13408,1.676000
1906,603988,13408,1.676000
1907,604304,13392,1.674000
1908,604622,13392,1.674000
1909,604938,13408,1.676000
1910,605255,13376,1.672000
1911,605572,13376,1.672000
1912,605889,13344,1.668000
1913,606206,13408,1.676000
1914,606523,13360,1.670000
1915,606839,13392,1.674000
1916,607157,13360,1.670000
1917,607473,13392,1.674000
1918,607790,13344,1.668000
1919,608107,13392,1.674000
1920,608424,13376,1.672000
1921,608741,13360,1.670000
1922,609057,13408,1.676000
1923,609374,13392,1.674000
1924,609691,13456,1.682000
1925,610008,13344,1.668000
1926,610325,13440,1.680000
1927,610641,13408,1.676000
1928,610959,13376,1.672000
1929,611276,13360,1.670000
1930,611592,13392,1.674000
1931,611909,13456,1.682000
1932,612226,13408,1.676000
1933,612543,13392,1.674000
1934,612860,13472,1.684000
1935,613176,13472,1.684000
1936,613493,13376,1.672000
1937,613811,13440,1.680000
1938,614127,13392,1.674000
1939,614443,13376,1.672000
1940,614761,13424,1.678000
1941,615078,13456,1.682000
1942,615394,13456,1.682000
1943,615712,13456,1.682000
1944,616028,13456,1.682000
1945,616345,13408,1.676000
1946,616662,13376,1.672000
1947,616979,13376,1.672000
1948,617296,13408,1.676000
1949,617613,13440,1.680000
1950,617930,13408,1.676000
1951,618247,13472,1.684000
1952,618563,13392,1.674000
1953,618880,13440,1.680000
1954,619196,13440,1.680000
1955,619514,13424,1.678000
1956,619831,13360,1.670000
1957,620147,13440,1.680000
1958,620464,13376,1.672000
1959,620781,13360,1.670000
1960,621098,13440,1.680000
1961,621415,13424,1.678000
1962,621732,13456,1.682000
1963,622049,13408,1.676000
1964,622366,13344,1.668000
1965,622685,13408,1.676000
1966,622999,13360,1.670000
1967,623316,13360,1.670000
1968,623633,13344,1.668000
1969,623950,13360,1.670000
1970,624267,13408,1.676000
1971,624584,13456,1.682000
1972,624901,13392,1.674000
1973,625218,13424,1.678000
1974,625534,13344,1.668000
1975,625851,13424,1.678000
1976,626168,13360,1.670000
1977,626485,13376,1.672000
1978,626802,13392,1.674000
1979,627119,13360,1.670000
1980,627435,13456,1.682000
1981,627752,13360,1.670000
1982,628069,13408,1.676000
1983,628386,13360,1.670000
1984,628703,13392,1.674000
1985,629020,13424,1.678000
1986,629337,13408,1.676000
1987,629653,13424,1.678000
1988,629970,13456,1.682000
1989,630287,13408,1.676000
1990,630604,13456,1.682000
1991,630921,13408,1.676000
1992,631238,13472,1.684000
1993,631554,13376,1.672000
1994,631871,13392,1.674000
1995,632188,13472,1.684000
1996,632505,13408,1.676000
1997,632821,13408,1.676000
1998,633139,13360,1.670000
1999,633456,13392,1.674000
2000,633773,13408,1.676000
2001,634089,13440,1.680000
2002,634406,13392,1.674000
2003,634723,13408,1.676000
2004,635039,13376,1.672000
2005,635357,13392,1.674000
2006,635674,13440,1.680000
2007,635990,13344,1.668000
2008,636308,13392,1.674000
2009,636624,13456,1.682000
2010,636941,13408,1.676000
2011,637258,13360,1.670000
2012,637575,13408,1.676000
2013,637892,13376,1.672000
2014,638209,13344,1.668000
2015,638526,13376,1.672000
2016,638842,13424,1.678000
2017,639159,13360,1.670000
2018,639476,13312,1.664000
2019,639793,13392,1.674000
2020,640109,13152,1.644000
2021,640427,13344,1.668000
2022,640743,13392,1.674000
2023,641060,13360,1.670000
2024,641377,13424,1.678000
2025,641694,13344,1.668000
2026,642011,13360,1.670000
2027,642328,13360,1.670000
2028,642645,13376,1.672000
2029,642962,13424,1.678000
2030,643278,13376,1.672000
2031,643595,13392,1.674000
2032,643912,13360,1.670000
2033,644229,13632,1.704000
2034,644546,13440,1.680000
2035,644862,13408,1.676000
2036,645180,13440,1.680000
2037,645497,13440,1.680000
2038,645813,13456,1.682000
2039,646130,13440,1.680000
2040,646447,13632,1.704000
2041,646764,13424,1.678000
2042,647081,13392,1.674000
2043,647397,13440,1.680000
2044,647714,13456,1.682000
2045,648031,13456,1.682000
2046,648348,13536,1.692000
2047,648665,13408,1.676000
2048,648982,13424,1.678000
2049,649299,13392,1.674000
2050,649616,13408,1.676000
2051,649932,13392,1.674000
2052,650249,13408,1.676000
2053,650566,13392,1.674000
2054,650883,13360,1.670000
2055,651200,13392,1.674000
2056,651517,13408,1.676000
2057,651834,13392,1.674000
2058,652150,13408,1.676000
2059,652468,13440,1.680000
2060,652784,13360,1.670000
2061,653101,13376,1.672000
2062,653417,13456,1.682000
2063,653735,13392,1.674000
2064,654052,13408,1.676000
2065,654369,13424,1.678000
2066,654686,13360,1.670000
2067,655002,13376,1.672000
2068,655319,13392,1.674000
2069,655636,13424,1.678000
2070,655953,13408,1.676000
2071,656270,13296,1.662000
2072,656586,13424,1.678000
2073,656903,13328,1.666000
2074,657221,13424,1.678000
2075,657537,13392,1.674000
2076,657853,13376,1.672000
2077,658171,13424,1.678000
2078,658488,13440,1.680000
2079,658804,13456,1.682000
2080,659121,13376,1.672000
2081,659438,13392,1.674000
2082,659755,13408,1.676000
2083,660072,13488,1.686000
2084,660389,13376,1.672000
2085,660706,13424,1.678000
2086,661022,13392,1.674000
2087,661339,13424,1.678000
2088,661656,13392,1.674000
2089,661973,13360,1.670000
2090,662290,13392,1.674000
2091,662607,13424,1.678000
2092,662924,13424,1.678000
2093,663241,13360,1.670000
2094,663557,13392,1.674000
2095,663874,13344,1.668000
2096,664191,13312,1.664000
2097,664508,13424,1.678000
2098,664824,13360,1.670000
2099,665142,13456,1.682000
2100,665459,13440,1.680000
2101,665775,13408,1.676000
2102,666092,13312,1.664000
2103,666409,13408,1.676000
2104,666726,13280,1.660000
2105,667043,13360,1.670000
2106,667360,13392,1.674000
2107,667676,13312,1.664000
2108,667994,13456,1.682000
2109,668311,13248,1.656000
2110,668627,13456,1.682000
2111,668944,13296,1.662000
2112,669261,13440,1.680000
2113,669577,13440,1.680000
2114,669895,13424,1.678000
2115,670212,13376,1.672000
2116,670528,13344,1.668000
2117,670845,13456,1.682000
2118,671162,13392,1.674000
2119,671479,13408,1.676000
2120,671796,13392,1.674000
2121,672112,13344,1.668000
2122,672430,13360,1.670000
2123,672746,13376,1.672000
2124,673063,13376,1.672000
2125,673380,13328,1.666000
2126,673697,13440,1.680000
2127,674013,13424,1.678000
2128,674331,13408,1.676000
2129,674647,13472,1.684000
2130,674964,13408,1.676000
2131,675281,13440,1.680000
2132,675598,13392,1.674000
2133,675915,13456,1.682000
2134,676232,13440,1.680000
2135,676549,13408,1.676000
2136,676865,13456,1.682000
2137,677183,13456,1.682000
2138,677499,13408,1.676000
2139,677816,13440,1.680000
2140,678133,13472,1.684000
2141,678450,13392,1.674000
2142,678767,13456,1.682000
2143,679083,13408,1.676000
2144,679400,13328,1.666000
2145,679717,13456,1.682000
2146,680034,13440,1.680000
2147,680350,13472,1.684000
2148,680668,13392,1.674000
2149,680985,13392,1.674000
2150,681302,13424,1.678000
2151,681618,13424,1.678000
2152,681935,13360,1.670000
2153,682252,13392,1.674000
2154,682569,13392,1.674000
2155,682886,13424,1.678000
2156,683203,13440,1.680000
2157,683519,13424,1.678000
2158,683836,13376,1.672000
2159,684153,13408,1.676000
2160,684470,13392,1.674000
2161,684787,13344,1.668000
2162,685103,13376,1.672000
2163,685421,13392,1.674000
2164,685738,13408,1.676000
2165,686054,13392,1.674000
2166,686371,13392,1.674000
2167,686688,13520,1.690000
2168,687005,13392,1.674000
2169,687322,13312,1.664000
2170,687639,13440,1.680000
2171,687955,13408,1.676000
2172,688272,13360,1.670000
2173,688589,13392,1.674000
2174,688905,13392,1.674000
2175,689223,13392,1.674000
2176,689540,13408,1.676000
2177,689857,13312,1.664000
2178,690173,13360,1.670000
2179,690490,13376,1.672000
2180,690807,13264,1.658000
2181,691124,13360,1.670000
2182,691441,13440,1.680000
2183,691758,13424,1.678000
2184,692074,13440,1.680000
2185,692392,13392,1.674000
2186,692708,13360,1.670000
2187,693025,13392,1.674000
2188,693342,13360,1.670000
2189,693659,13392,1.674000
2190,693976,13440,1.680000
2191,694293,13424,1.678000
2192,694609,13408,1.676000
2193,694926,13440,1.680000
2194,695243,13440,1.680000
2195,695560,13360,1.670000
2196,695877,13424,1.678000
2197,696194,13392,1.674000
2198,696511,13456,1.682000
2199,696827,13424,1.678000
2200,697145,13408,1.676000
2201,697461,13440,1.680000
2202,697778,13472,1.684000
2203,698095,13504,1.688000
2204,698412,13440,1.680000
2205,698729,13376,1.672000
2206,699046,13408,1.676000
2207,699363,13392,1.674000
2208,699679,13440,1.680000
2209,699996,13456,1.682000
2210,700313,13376,1.672000
2211,700630,13408,1.676000
2212,700947,13360,1.670000
2213,701264,13424,1.678000
2214,701580,13472,1.684000
2215,701897,13376,1.672000
2216,702214,13456,1.682000
2217,702531,13360,1.670000
2218,702848,13392,1.674000
2219,703165,13360,1.670000
2220,703482,13456,1.682000
2221,703798,13456,1.682000
2222,704116,13408,1.676000
2223,704432,13408,1.676000
2224,704749,13360,1.670000
2225,705066,13360,1.670000
2226,705383,13328,1.666000
2227,705700,13440,1.680000
2228,706016,13344,1.668000
2229,706334,13376,1.672000
2230,706650,13392,1.674000
2231,706967,13456,1.682000
2232,707284,13408,1.676000
2233,707601,13424,1.678000
2234,707918,13392,1.674000
2235,708234,13472,1.684000
2236,708551,13376,1.672000
2237,708868,13392,1.674000
2238,709185,13392,1.674000
2239,709502,13440,1.680000
2240,709819,13376,1.672000
2241,710135,13424,1.678000
2242,710453,13408,1.676000
2243,710770,13360,1.670000
2244,711086,13376,1.672000
2245,711403,13424,1.678000
2246,711720,13408,1.676000
2247,712037,13424,1.678000
2248,712354,13424,1.678000
2249,712670,13424,1.678000
2250,712987,13424,1.678000
2251,713304,13408,1.676000
2252,713621,13408,1.676000
2253,713938,13424,1.678000
2254,714255,13424,1.678000
2255,714572,13344,1.668000
2256,714889,13360,1.670000
2257,715206,13424,1.678000
2258,715522,13440,1.680000
2259,715839,13456,1.682000
2260,716156,13392,1.674000
2261,716473,13360,1.670000
2262,716790,13360,1.670000
2263,717106,13312,1.664000
2264,717424,13456,1.682000
2265,717740,13392,1.674000
2266,718057,13440,1.680000
2267,718374,13392,1.674000
2268,718691,13392,1.674000
2269,719007,13392,1.674000
2270,719325,13424,1.678000
2271,719641,13440,1.680000
2272,719959,13424,1.678000
2273,720276,13360,1.670000
2274,720592,13392,1.674000
2275,720909,13408,1.676000
2276,721226,13440,1.680000
2277,721543,13408,1.676000
2278,721859,13360,1.670000
2279,722177,13408,1.676000
2280,722493,13408,1.676000
2281,722810,13392,1.674000
2282,723127,13328,1.666000
2283,723444,13360,1.670000
2284,723761,13360,1.670000
2285,724077,13488,1.686000
2286,724394,13408,1.676000
2287,724711,13392,1.674000
2288,725028,13376,1.672000
2289,725345,13328,1.666000
2290,725662,13392,1.674000
2291,725979,13408,1.676000
2292,726296,13424,1.678000
2293,726612,13360,1.670000
2294,726930,13392,1.674000
2295,727246,13392,1.674000
2296,727563,13392,1.674000
2297,727880,13392,1.674000
2298,728197,13408,1.676000
2299,728513,13408,1.676000
2300,728831,13376,1.672000
2301,729147,13456,1.682000
2302,729464,13344,1.668000
2303,729781,13440,1.680000
2304,730098,13424,1.678000
2305,730415,13360,1.670000
2306,730732,13392,1.674000
2307,731048,13424,1.678000
2308,731365,13440,1.680000
2309,731685,13408,1.676000
2310,731999,13440,1.680000
2311,732316,13424,1.678000
2312,732633,13456,1.682000
2313,732949,13376,1.672000
2314,733267,13392,1.674000
2315,733583,13392,1.674000
2316,733900,13424,1.678000
2317,734217,13424,1.678000
2318,734534,13456,1.682000
2319,734851,13408,1.676000
2320,735168,13424,1.678000
2321,735484,13200,1.650000
2322,735802,13360,1.670000
2323,736118,13408,1.676000
2324,736435,13408,1.676000
2325,736752,13392,1.674000
2326,737069,13424,1.678000
2327,737386,13520,1.690000
2328,737703,13360,1.670000
2329,738019,13376,1.672000
2330,738336,13376,1.672000
2331,738653,13424,1.678000
2332,738970,13408,1.676000
2333,739286,13392,1.674000
2334,739604,13360,1.670000
2335,739920,13376,1.672000
2336,740237,13360,1.670000
2337,740554,13376,1.672000
2338,740871,13408,1.676000
2339,741188,13408,1.676000
2340,741505,13424,1.678000
2341,741822,13392,1.674000
2342,742138,13408,1.676000
2343,742455,13376,1.672000
2344,742772,13360,1.670000
2345,743090,13392,1.674000
2346,743406,13424,1.678000
2347,743723,13360,1.670000
2348,744040,13408,1.676000
2349,744357,13424,1.678000
2350,744673,13424,1.678000
2351,744990,13360,1.670000
2352,745307,13344,1.668000
2353,745624,13440,1.680000
2354,745941,13392,1.674000
2355,746258,13440,1.680000
2356,746574,13456,1.682000
2357,746891,13392,1.674000
2358,747208,13472,1.684000
2359,747525,13408,1.676000
2360,747842,13392,1.674000
2361,748159,13360,1.670000
2362,748476,13408,1.676000
2363,748792,13424,1.678000
2364,749110,13376,1.672000
2365,749426,13456,1.682000
2366,749743,13440,1.680000
2367,750059,13488,1.686000
2368,750377,13328,1.666000
2369,750694,13408,1.676000
2370,751011,13664,1.708000
2371,751328,13408,1.676000
2372,751644,13392,1.674000
2373,751961,13360,1.670000
2374,752278,13392,1.674000
2375,752595,13408,1.676000
2376,752912,13424,1.678000
2377,753229,13536,1.692000
2378,753545,13456,1.682000
2379,753862,13376,1.672000
2380,754180,13424,1.678000
2381,754496,13424,1.678000
2382,754813,13408,1.676000
2383,755130,13376,1.672000
2384,755447,13344,1.668000
2385,755763,13360,1.670000
2386,756081,13392,1.674000
2387,756397,13424,1.678000
2388,756714,13408,1.676000
2389,757031,13376,1.672000
2390,757348,13296,1.662000
2391,757665,13408,1.676000
2392,757981,13328,1.666000
2393,758298,13360,1.670000
2394,758615,13376,1.672000
2395,758932,13456,1.682000
2396,759249,13136,1.642000
2397,759566,13392,1.674000
2398,759882,13296,1.662000
2399,760199,13408,1.676000
2400,760517,13344,1.668000
2401,760833,13392,1.674000
2402,761150,13424,1.678000
2403,761467,13392,1.674000
2404,761784,13328,1.666000
2405,762101,13424,1.678000
2406,762417,13392,1.674000
2407,762734,13424,1.678000
2408,763051,13456,1.682000
2409,763368,13440,1.680000
2410,763687,13376,1.672000
2411,764002,13440,1.680000
2412,764319,13408,1.676000
2413,764636,13392,1.674000
2414,764952,13424,1.678000
2415,765269,13440,1.680000
2416,765586,13408,1.676000
2417,765903,13440,1.680000
2418,766220,13424,1.678000
2419,766537,13376,1.672000
2420,766854,13360,1.670000
2421,767170,13424,1.678000
2422,767487,13440,1.680000
2423,767804,13408,1.676000
2424,768121,13424,1.678000
2425,768438,13344,1.668000
2426,768754,13392,1.674000
2427,769072,13424,1.678000
2428,769389,13392,1.674000
2429,769705,13376,1.672000
2430,770022,13392,1.674000
2431,770339,13424,1.678000
2432,770656,13344,1.668000
2433,770973,13360,1.670000
2434,771289,13392,1.674000
2435,771607,13472,1.684000
2436,771923,13392,1.674000
2437,772240,13360,1.670000
2438,772557,13360,1.670000
2439,772874,13392,1.674000
2440,773191,13456,1.682000
2441,773507,13344,1.668000
2442,773824,13408,1.676000
2443,774141,13392,1.674000
2444,774458,13376,1.672000
2445,774775,13440,1.680000
2446,775092,13424,1.678000
2447,775409,13392,1.674000
2448,775726,13424,1.678000
2449,776042,13408,1.676000
2450,776359,13440,1.680000
2451,776676,13376,1.672000
2452,776993,13344,1.668000
2453,777310,13424,1.678000
2454,777627,13456,1.682000
2455,777944,13424,1.678000
2456,778261,13424,1.678000
2457,778577,13488,1.686000
2458,778894,13408,1.676000
2459,779211,13392,1.674000
2460,779528,13392,1.674000
2461,779845,13536,1.692000
2462,780162,13408,1.676000
2463,780479,13424,1.678000
2464,780795,13520,1.690000
2465,781112,13472,1.684000
2466,781429,13408,1.676000
2467,781746,13440,1.680000
2468,782063,13424,1.678000
2469,782379,13472,1.684000
2470,782697,13408,1.676000
2471,783013,13488,1.686000
2472,783330,13376,1.672000
2473,783647,13456,1.682000
2474,783964,13504,1.688000
2475,784281,13440,1.680000
2476,784598,13424,1.678000
2477,784915,13424,1.678000
2478,785231,13424,1.678000
2479,785548,13456,1.682000
2480,785865,13472,1.684000
2481,786182,13440,1.680000
2482,786499,13392,1.674000
2483,786816,13424,1.678000
2484,787132,13424,1.678000
2485,787450,13392,1.674000
2486,787767,13360,1.670000
2487,788083,13344,1.668000
2488,788400,13344,1.668000
2489,788717,13440,1.680000
2490,789034,13456,1.682000
2491,789351,13360,1.670000
2492,789667,13360,1.670000
2493,789984,13344,1.668000
2494,790302,13376,1.672000
2495,790618,13392,1.674000
2496,790934,13376,1.672000
2497,791252,13360,1.670000
2498,791569,13392,1.674000
2499,791886,13408,1.676000
2500,792203,13408,1.676000
2501,792519,13376,1.672000
2502,792836,13392,1.674000
2503,793152,13424,1.678000
2504,793470,13376,1.672000
2505,793786,13424,1.678000
2506,794104,13360,1.670000
2507,794420,13408,1.676000
2508,794737,13440,1.680000
2509,795053,13424,1.678000
2510,795371,13472,1.684000
2511,795688,13488,1.686000
2512,796005,13456,1.682000
2513,796322,13376,1.672000
2514,796638,13504,1.688000
2515,796955,13376,1.672000
2516,797272,13392,1.674000
2517,797589,13392,1.674000
2518,797906,13520,1.690000
2519,798223,13424,1.678000
2520,798540,13472,1.684000
2521,798856,13424,1.678000
2522,799173,13376,1.672000
2523,799490,13408,1.676000
2524,799807,13392,1.674000
2525,800124,13456,1.682000
2526,800441,13440,1.680000
2527,800758,13408,1.676000
2528,801074,13440,1.680000
2529,801392,13408,1.676000
2530,801708,13376,1.672000
2531,802025,13376,1.672000
2532,802342,13408,1.676000
2533,802658,13440,1.680000
2534,802976,13392,1.674000
2535,803292,13408,1.676000
2536,803609,13424,1.678000
2537,803926,13392,1.674000
2538,804243,13392,1.674000
2539,804560,13392,1.674000
2540,804876,13392,1.674000
2541,805193,13344,1.668000
2542,805511,13360,1.670000
2543,805827,13408,1.676000
2544,806144,13376,1.672000
2545,806461,13360,1.670000
2546,806778,13424,1.678000
2547,807095,13392,1.674000
2548,807411,13392,1.674000
2549,807728,13392,1.674000
2550,808045,13408,1.676000
2551,808362,13456,1.682000
2552,808679,13376,1.672000
2553,808996,13392,1.674000
2554,809313,13392,1.674000
2555,809630,13376,1.672000
2556,809946,13376,1.672000
2557,810263,13424,1.678000
2558,810580,13424,1.678000
2559,810897,13424,1.678000
2560,811214,13312,1.664000
2561,811531,13392,1.674000
2562,811847,13424,1.678000
2563,812165,13408,1.676000
2564,812481,13376,1.672000
2565,812798,13392,1.674000
2566,813115,13456,1.682000
2567,813432,13456,1.682000
2568,813749,13440,1.680000
2569,814066,13392,1.674000
2570,814382,13424,1.678000
2571,814699,13376,1.672000
2572,815016,13424,1.678000
2573,815333,13424,1.678000
2574,815650,13328,1.666000
2575,815967,13392,1.674000
2576,816284,13424,1.678000
2577,816600,13424,1.678000
2578,816918,13408,1.676000
2579,817235,13392,1.674000
2580,817551,13408,1.676000
2581,817868,13424,1.678000
2582,818185,13456,1.682000
2583,818502,13440,1.680000
2584,818818,13376,1.672000
2585,819136,13440,1.680000
2586,819452,13392,1.674000
2587,819769,13328,1.666000
2588,820086,13424,1.678000
2589,820403,13376,1.672000
2590,820720,13360,1.670000
2591,821036,13440,1.680000
2592,821353,13376,1.672000
2593,821670,13424,1.678000
2594,821987,13360,1.670000
2595,822304,13408,1.676000
2596,822621,13440,1.680000
2597,822938,13392,1.674000
2598,823255,13344,1.668000
2599,823571,13344,1.668000
2600,823888,13360,1.670000
2601,824205,13328,1.666000
2602,824522,13376,1.672000
2603,824838,13360,1.670000
2604,825156,13360,1.670000
2605,825472,13312,1.664000
2606,825789,13360,1.670000
2607,826107,13376,1.672000
2608,826423,13296,1.662000
2609,826740,13440,1.680000
2610,827057,13408,1.676000
2611,827374,13424,1.678000
2612,827691,13392,1.674000
2613,828007,13424,1.678000
2614,828324,13408,1.676000
2615,828641,13456,1.682000
2616,828957,13424,1.678000
2617,829274,13456,1.682000
2618,829592,13360,1.670000
2619,829909,13392,1.674000
2620,830226,13392,1.674000
2621,830542,13536,1.692000
2622,830860,13424,1.678000
2623,831176,13424,1.678000
2624,831493,13440,1.680000
2625,831810,13360,1.670000
2626,832126,13392,1.674000
2627,832444,13392,1.674000
2628,832761,13488,1.686000
2629,833077,13472,1.684000
2630,833394,13424,1.678000
2631,833711,13296,1.662000
2632,834027,13360,1.670000
2633,834344,13392,1.674000
2634,834662,13408,1.676000
2635,834978,13440,1.680000
2636,835295,13360,1.670000
2637,835612,13424,1.678000
2638,835929,13408,1.676000
2639,836246,13440,1.680000
2640,836562,13440,1.680000
2641,836880,13376,1.672000
2642,837197,13408,1.676000
2643,837513,13312,1.664000
2644,837830,13408,1.676000
2645,838147,13328,1.666000
2646,838464,13360,1.670000
2647,838781,13424,1.678000
2648,839097,13376,1.672000
2649,839414,13424,1.678000
2650,839731,13408,1.676000
2651,840048,13408,1.676000
2652,840365,13376,1.672000
2653,840685,13392,1.674000
2654,840999,13424,1.678000
2655,841316,13440,1.680000
2656,841632,13440,1.680000
2657,841949,13376,1.672000
2658,842266,13424,1.678000
2659,842582,13408,1.676000
2660,842900,13376,1.672000
2661,843217,13376,1.672000
2662,843534,13376,1.672000
2663,843851,13424,1.678000
2664,844167,13312,1.664000
2665,844484,13376,1.672000
2666,844801,13408,1.676000
2667,845117,13392,1.674000
2668,845435,13360,1.670000
2669,845752,13456,1.682000
2670,846068,13424,1.678000
2671,846385,13168,1.646000
2672,846702,13408,1.676000
2673,847018,13280,1.660000
2674,847336,13360,1.670000
2675,847653,13456,1.682000
2676,847970,13408,1.676000
2677,848287,13424,1.678000
2678,848603,13392,1.674000
2679,848920,13104,1.638000
2680,849237,13424,1.678000
2681,849553,13424,1.678000
2682,849871,13424,1.678000
2683,850188,13440,1.680000
2684,850505,13376,1.672000
2685,850821,13488,1.686000
2686,851138,13216,1.652000
2687,851455,13408,1.676000
2688,851772,13376,1.672000
2689,852089,13408,1.676000
2690,852406,13392,1.674000
2691,852722,13408,1.676000
2692,853039,13488,1.686000
2693,853356,13376,1.672000
2694,853672,13408,1.676000
2695,853990,13392,1.674000
2696,854307,13392,1.674000
2697,854623,13376,1.672000
2698,854941,13376,1.672000
2699,855258,13552,1.694000
2700,855574,13344,1.668000
2701,855891,13392,1.674000
2702,856208,13424,1.678000
2703,856525,13408,1.676000
2704,856842,13440,1.680000
2705,857158,13376,1.672000
2706,857475,13456,1.682000
2707,857792,13376,1.672000
2708,858109,13392,1.674000
2709,858426,13392,1.674000
2710,858743,13440,1.680000
2711,859060,13408,1.676000
2712,859377,13408,1.676000
2713,859693,13472,1.684000
2714,860010,13360,1.670000
2715,860327,13376,1.672000
2716,860644,13360,1.670000
2717,860961,13392,1.674000
2718,861278,13392,1.674000
2719,861594,13472,1.684000
2720,861911,13424,1.678000
2721,862228,13376,1.672000
2722,862545,13392,1.674000
2723,862862,13456,1.682000
2724,863179,13424,1.678000
2725,863496,13440,1.680000
2726,863813,13424,1.678000
2727,864129,13504,1.688000
2728,864447,13424,1.678000
2729,864763,13392,1.674000
2730,865080,13456,1.682000
2731,865397,13424,1.678000
2732,865714,13376,1.672000
2733,866030,13440,1.680000
2734,866347,13360,1.670000
2735,866664,13488,1.686000
2736,866981,13472,1.684000
2737,867298,13424,1.678000
2738,867615,13440,1.680000
2739,867932,13424,1.678000
2740,868249,13408,1.676000
2741,868565,13392,1.674000
2742,868882,13344,1.668000
2743,869199,13376,1.672000
2744,869516,13408,1.676000
2745,869832,13360,1.670000
2746,870150,13424,1.678000
2747,870466,13344,1.668000
2748,870783,13232,1.654000
2749,871100,13408,1.676000
2750,871417,13360,1.670000
2751,871733,13392,1.674000
2752,872051,13408,1.676000
2753,872368,13344,1.668000
2754,872687,13376,1.672000
2755,873001,13376,1.672000
2756,873318,13376,1.672000
2757,873635,13312,1.664000
2758,873952,13392,1.674000
2759,874269,13408,1.676000
2760,874586,13408,1.676000
2761,874903,13424,1.678000
2762,875220,13360,1.670000
2763,875536,13312,1.664000
2764,875854,13392,1.674000
2765,876170,13424,1.678000
2766,876487,13392,1.674000
2767,876804,13392,1.674000
2768,877120,13392,1.674000
2769,877438,13392,1.674000
2770,877755,13408,1.676000
2771,878071,13424,1.678000
2772,878388,13424,1.678000
2773,878705,13424,1.678000
2774,879022,13312,1.664000
2775,879339,13440,1.680000
2776,879655,13440,1.680000
2777,879972,13424,1.678000
2778,880289,13376,1.672000
2779,880606,13472,1.684000
2780,880923,13424,1.678000
2781,881240,13392,1.674000
2782,881557,13360,1.670000
2783,881874,13392,1.674000
2784,882191,13424,1.678000
2785,882507,13392,1.674000
2786,882824,13456,1.682000
2787,883141,13392,1.674000
2788,883458,13424,1.678000
2789,883775,13376,1.672000
2790,884091,13456,1.682000
2791,884409,13424,1.678000
2792,884725,13408,1.676000
2793,885042,13376,1.672000
2794,885359,13424,1.678000
2795,885676,13408,1.676000
2796,885992,13440,1.680000
2797,886309,13376,1.672000
2798,886626,13440,1.680000
2799,886943,13392,1.674000
2800,887260,13424,1.678000
2801,887577,13360,1.670000
2802,887893,13392,1.674000
2803,888211,13360,1.670000
2804,888527,13392,1.674000
2805,888845,13392,1.674000
2806,889161,13408,1.676000
2807,889478,13424,1.678000
2808,889795,13376,1.672000
2809,890112,13376,1.672000
2810,890429,13424,1.678000
2811,890746,13376,1.672000
2812,891062,13408,1.676000
2813,891379,13376,1.672000
2814,891696,13392,1.674000
2815,892013,13392,1.674000
2816,892330,13360,1.670000
2817,892647,13328,1.666000
2818,892964,13328,1.666000
2819,893280,13344,1.668000
2820,893598,13424,1.678000
2821,893914,13392,1.674000
2822,894231,13456,1.682000
2823,894547,13376,1.672000
2824,894865,13424,1.678000
2825,895181,13472,1.684000
2826,895498,13392,1.674000
2827,895815,13392,1.674000
2828,896132,13408,1.676000
2829,896449,13392,1.674000
2830,896766,13344,1.668000
2831,897083,13376,1.672000
2832,897400,13408,1.676000
2833,897717,13472,1.684000
2834,898033,13504,1.688000
2835,898350,13456,1.682000
2836,898667,13424,1.678000
2837,898984,13408,1.676000
2838,899301,13424,1.678000
2839,899618,13408,1.676000
2840,899935,13456,1.682000
2841,900252,13376,1.672000
2842,900568,13408,1.676000
2843,900885,13360,1.670000
2844,901202,13408,1.676000
2845,901519,13376,1.672000
2846,901836,13376,1.672000
2847,902153,13456,1.682000
2848,902469,13392,1.674000
2849,902786,13408,1.676000
2850,903103,13360,1.670000
2851,903420,13408,1.676000
2852,903737,13392,1.674000
2853,904054,13376,1.672000
2854,904371,13408,1.676000
2855,904688,13376,1.672000
2856,905004,13392,1.674000
2857,905321,13312,1.664000
2858,905638,13376,1.672000
2859,905954,13360,1.670000
2860,906272,13328,1.666000
2861,906589,13408,1.676000
2862,906905,13408,1.676000
2863,907222,13408,1.676000
2864,907539,13360,1.670000
2865,907855,13376,1.672000
2866,908173,13376,1.672000
2867,908490,13408,1.676000
2868,908806,13360,1.670000
2869,909124,13392,1.674000
2870,909440,13392,1.674000
2871,909757,13376,1.672000
2872,910074,13376,1.672000
2873,910391,13408,1.676000
2874,910708,13344,1.668000
2875,911025,13344,1.668000
2876,911341,13360,1.670000
2877,911658,13424,1.678000
2878,911975,13392,1.674000
2879,912292,13408,1.676000
2880,912609,13440,1.680000
2881,912926,13392,1.674000
2882,913243,13472,1.684000
2883,913560,13408,1.676000
2884,913876,13392,1.674000
2885,914193,13440,1.680000
2886,914510,13392,1.674000
2887,914827,13440,1.680000
2888,915144,13424,1.678000
2889,915461,13440,1.680000
2890,915777,13424,1.678000
2891,916095,13456,1.682000
2892,916411,13392,1.674000
2893,916728,13392,1.674000
2894,917045,13376,1.672000
2895,917362,13408,1.676000
2896,917679,13472,1.684000
2897,917996,13344,1.668000
2898,918313,13408,1.676000
2899,918629,13360,1.670000
2900,918946,13392,1.674000
2901,919263,13408,1.676000
2902,919580,13408,1.676000
2903,919897,13424,1.678000
2904,920214,13408,1.676000
2905,920530,13328,1.666000
2906,920847,13440,1.680000
2907,921164,13360,1.670000
2908,921481,13424,1.678000
2909,921798,13440,1.680000
2910,922115,13392,1.674000
2911,922432,13344,1.668000
2912,922748,13408,1.676000
2913,923065,13264,1.658000
2914,923383,13376,1.672000
2915,923699,13360,1.670000
2916,924016,13392,1.674000
2917,924333,13440,1.680000
2918,924649,13376,1.672000
2919,924967,13360,1.670000
2920,925284,13360,1.670000
2921,925600,13360,1.670000
2922,925917,13456,1.682000
2923,926234,13440,1.680000
2924,926550,13440,1.680000
2925,926868,13376,1.672000
2926,927185,13376,1.672000
2927,927502,13360,1.670000
2928,927818,13392,1.674000
2929,928135,13456,1.682000
2930,928452,13424,1.678000
2931,928769,13360,1.670000
2932,929086,13408,1.676000
2933,929403,13408,1.676000
2934,929719,13472,1.684000
2935,930036,13456,1.682000
2936,930353,13424,1.678000
2937,930670,13440,1.680000
2938,930987,13408,1.676000
2939,931304,13328,1.666000
2940,931620,13424,1.678000
2941,931938,13408,1.676000
2942,932255,13424,1.678000
2943,932571,13376,1.672000
2944,932888,13424,1.678000
2945,933205,13440,1.680000
2946,933522,13392,1.674000
2947,933839,13408,1.676000
2948,934155,13392,1.674000
2949,934473,13440,1.680000
2950,934789,13376,1.672000
2951,935106,13424,1.678000
2952,935422,13456,1.682000
2953,935740,13408,1.676000
2954,936057,13648,1.706000
2955,936374,13360,1.670000
2956,936690,13392,1.674000
2957,937007,13376,1.672000
2958,937324,13456,1.682000
2959,937641,13392,1.674000
2960,937958,13376,1.672000
2961,938275,13360,1.670000
2962,938591,13344,1.668000
2963,938908,13408,1.676000
2964,939225,13376,1.672000
2965,939542,13232,1.654000
2966,939859,13376,1.672000
2967,940176,13296,1.662000
2968,940493,13456,1.682000
2969,940809,13408,1.676000
2970,941126,13408,1.676000
2971,941443,13408,1.676000
2972,941760,13360,1.670000
2973,942077,13232,1.654000
2974,942394,13424,1.678000
2975,942711,13408,1.676000
2976,943027,13376,1.672000
2977,943344,13392,1.674000
2978,943661,13376,1.672000
2979,943977,13424,1.678000
2980,944294,13216,1.652000
2981,944612,13376,1.672000
2982,944928,13360,1.670000
2983,945246,13424,1.678000
2984,945562,13456,1.682000
2985,945879,13408,1.676000
2986,946196,13152,1.644000
2987,946513,13424,1.678000
2988,946829,13408,1.676000
2989,947147,13424,1.678000
2990,947463,13472,1.684000
2991,947781,13408,1.676000
2992,948097,13456,1.682000
2993,948414,13360,1.670000
2994,948731,13440,1.680000
2995,949048,13408,1.676000
2996,949365,13424,1.678000
2997,949686,13376,1.672000
2998,949999,13408,1.676000
2999,950316,13440,1.680000
3000,950632,13456,1.682000
3001,950949,13424,1.678000
3002,951266,13312,1.664000
3003,951583,13392,1.674000
3004,951900,13424,1.678000
3005,952216,13424,1.678000
3006,952533,13376,1.672000
3007,952850,13408,1.676000
3008,953167,13392,1.674000
3009,953484,13344,1.668000
3010,953801,13408,1.676000
3011,954117,13472,1.684000
3012,954434,13360,1.670000
3013,954751,13408,1.676000
3014,955068,13392,1.674000
3015,955385,13344,1.668000
3016,955702,13392,1.674000
3017,956019,13280,1.660000
3018,956336,13392,1.674000
3019,956652,13408,1.676000
3020,956969,13376,1.672000
3021,957286,13408,1.676000
3022,957603,13408,1.676000
3023,957920,13424,1.678000
3024,958237,13408,1.676000
3025,958553,13392,1.674000
3026,958870,13456,1.682000
3027,959187,13376,1.672000
3028,959504,13408,1.676000
3029,959821,13584,1.698000
3030,960138,13392,1.674000
3031,960455,13408,1.676000
3032,960772,13424,1.678000
3033,961089,13456,1.682000
3034,961405,13392,1.674000
3035,961722,13392,1.674000
3036,962039,13456,1.682000
3037,962356,13440,1.680000
3038,962673,13552,1.694000
3039,962990,13472,1.684000
3040,963307,13440,1.680000
3041,963623,13424,1.678000
3042,963941,13296,1.662000
3043,964257,13424,1.678000
3044,964574,13472,1.684000
3045,964891,13440,1.680000
3046,965208,13440,1.680000
3047,965524,13424,1.678000
3048,965842,13440,1.680000
3049,966158,13440,1.680000
3050,966475,13360,1.670000
3051,966792,13376,1.672000
3052,967109,13376,1.672000
3053,967425,13408,1.676000
3054,967742,13456,1.682000
3055,968059,13456,1.682000
3056,968376,13408,1.676000
3057,968693,13280,1.660000
3058,969010,13408,1.676000
3059,969327,13408,1.676000
3060,969644,13424,1.678000
3061,969961,13424,1.678000
3062,970278,13360,1.670000
3063,970594,13328,1.666000
3064,970911,13296,1.662000
3065,971228,13360,1.670000
3066,971545,13440,1.680000
3067,971862,13376,1.672000
3068,972179,13408,1.676000
3069,972496,13392,1.674000
3070,972812,13376,1.672000
3071,973129,13392,1.674000
3072,973446,13392,1.674000
3073,973763,13360,1.670000
3074,974080,13392,1.674000
3075,974396,13408,1.676000
3076,974713,13376,1.672000
3077,975030,13376,1.672000
3078,975347,13392,1.674000
3079,975664,13360,1.670000
3080,975980,13312,1.664000
3081,976298,13424,1.678000
3082,976615,13376,1.672000
3083,976931,13424,1.678000
3084,977248,13440,1.680000
3085,977565,13392,1.674000
3086,977882,13456,1.682000
3087,978198,13392,1.674000
3088,978516,13440,1.680000
3089,978832,13344,1.668000
3090,979150,13376,1.672000
3091,979466,13408,1.676000
3092,979783,13424,1.678000
3093,980099,13408,1.676000
3094,980417,13360,1.670000
3095,980734,13504,1.688000
3096,981051,13424,1.678000
3097,981368,13360,1.670000
3098,981686,13408,1.676000
3099,982001,13392,1.674000
3100,982318,13424,1.678000
3101,982635,13472,1.684000
3102,982952,13408,1.676000
3103,983268,13440,1.680000
3104,983586,13392,1.674000
3105,983902,13456,1.682000
3106,984219,13424,1.678000
3107,984536,13408,1.676000
3108,984853,13392,1.674000
3109,985170,13408,1.676000
3110,985487,13424,1.678000
3111,985804,13472,1.684000
3112,986120,13408,1.676000
3113,986437,13440,1.680000
3114,986754,13472,1.684000
3115,987071,13376,1.672000
3116,987388,13392,1.674000
3117,987705,13344,1.668000
3118,988022,13392,1.674000
3119,988339,13360,1.670000
3120,988655,13392,1.674000
3121,988972,13392,1.674000
3122,989289,13376,1.672000
3123,989606,13376,1.672000
3124,989923,13440,1.680000
3125,990239,13360,1.670000
3126,990557,13296,1.662000
3127,990873,13328,1.666000
3128,991190,13376,1.672000
3129,991507,13344,1.668000
3130,991824,13392,1.674000
3131,992141,13360,1.670000
3132,992458,13360,1.670000
3133,992775,13360,1.670000
3134,993091,13376,1.672000
3135,993408,13344,1.668000
3136,993725,13488,1.686000
3137,994042,13392,1.674000
3138,994359,13376,1.672000
3139,994675,13424,1.678000
3140,994993,13536,1.692000
3141,995310,13456,1.682000
3142,995626,13424,1.678000
3143,995943,13424,1.678000
3144,996260,13424,1.678000
3145,996577,13376,1.672000
3146,996893,13392,1.674000
3147,997210,13408,1.676000
3148,997528,13456,1.682000
3149,997844,13440,1.680000
3150,998161,13440,1.680000
3151,998477,13424,1.678000
3152,998795,13440,1.680000
3153,999112,13440,1.680000
3154,999429,13344,1.668000
3155,999745,13488,1.686000
