sample,timestamp_us,raw,voltage_V
0,225,13392,1.674000
1,542,13392,1.674000
2,859,13408,1.676000
3,1176,13424,1.678000
4,1493,13376,1.672000
5,1810,13376,1.672000
6,2126,13392,1.674000
7,2444,13408,1.676000
8,2760,13440,1.680000
9,3077,13424,1.678000
10,3394,13456,1.682000
11,3711,13408,1.676000
12,4027,13424,1.678000
13,4344,13440,1.680000
14,4661,13488,1.686000
15,4978,13456,1.682000
16,5295,13408,1.676000
17,5612,13408,1.676000
18,5929,13392,1.674000
19,6246,13424,1.678000
20,6562,13408,1.676000
21,6879,13504,1.688000
22,7196,13440,1.680000
23,7513,13424,1.678000
24,7830,13472,1.684000
25,8146,13456,1.682000
26,8464,13392,1.674000
27,8781,13376,1.672000
28,9097,13424,1.678000
29,9414,13392,1.674000
30,9730,13360,1.670000
31,10048,13376,1.672000
32,10365,13424,1.678000
33,10684,13408,1.676000
34,10998,13408,1.676000
35,11315,13376,1.672000
36,11632,13360,1.670000
37,11949,13376,1.672000
38,12266,13344,1.668000
39,12582,13360,1.670000
40,12899,13376,1.672000
41,13216,13360,1.670000
42,13533,13344,1.668000
43,13850,13360,1.670000
44,14167,13392,1.674000
45,14484,13376,1.672000
46,14801,13328,1.666000
47,15117,13408,1.676000
48,15434,13360,1.670000
49,15751,13312,1.664000
50,16068,13360,1.670000
51,16385,13392,1.674000
52,16702,13392,1.674000
53,17018,13424,1.678000
54,17335,13296,1.662000
55,17652,13408,1.676000
56,17969,13392,1.674000
57,18286,13408,1.676000
58,18603,13424,1.678000
59,18919,13424,1.678000
60,19237,13376,1.672000
61,19553,13408,1.676000
62,19871,13392,1.674000
63,20187,13472,1.684000
64,20504,13392,1.674000
65,20821,13392,1.674000
66,21137,13392,1.674000
67,21454,13456,1.682000
68,21772,13392,1.674000
69,22088,13408,1.676000
70,22405,13440,1.680000
71,22722,13456,1.682000
72,23039,13472,1.684000
73,23356,13472,1.684000
74,23672,13408,1.676000
75,23989,13440,1.680000
76,24306,13408,1.676000
77,24623,13440,1.680000
78,24940,13408,1.676000
79,25257,13408,1.676000
80,25574,13408,1.676000
81,25890,13440,1.680000
82,26207,13408,1.676000
83,26524,13392,1.674000
84,26841,13344,1.668000
85,27158,13392,1.674000
86,27475,13328,1.666000
87,27792,13408,1.676000
88,28108,13392,1.674000
89,28426,13392,1.674000
90,28743,13376,1.672000
91,29059,13376,1.672000
92,29376,13376,1.672000
93,29693,13392,1.674000
94,30010,13344,1.668000
95,30327,13360,1.670000
96,30643,13392,1.674000
97,30960,13312,1.664000
98,31277,13376,1.672000
99,31594,13328,1.666000
100,31911,13392,1.674000
101,32228,13424,1.678000
102,32544,13360,1.670000
103,32861,13344,1.668000
104,33179,13376,1.672000
105,33495,13408,1.676000
106,33812,13424,1.678000
107,34129,13392,1.674000
108,34445,13376,1.672000
109,34762,13392,1.674000
110,35079,13408,1.676000
111,35396,13376,1.672000
112,35713,13392,1.674000
113,36030,13408,1.676000
114,36347,13456,1.682000
115,36664,13472,1.684000
116,36980,13424,1.678000
117,37297,13392,1.674000
118,37614,13344,1.668000
119,37931,13424,1.678000
120,38247,13440,1.680000
121,38565,13408,1.676000
122,38881,13424,1.678000
123,39198,13456,1.682000
124,39515,13376,1.672000
125,39832,13408,1.676000
126,40149,13440,1.680000
127,40466,13440,1.680000
128,40782,13456,1.682000
129,41100,13392,1.674000
130,41416,13424,1.678000
131,41733,13408,1.676000
132,42049,13392,1.674000
133,42367,13440,1.680000
134,42684,13424,1.678000
135,43001,13440,1.680000
136,43318,13488,1.686000
137,43634,13408,1.676000
138,43951,13424,1.678000
139,44268,13424,1.678000
140,44585,13360,1.670000
141,44901,13376,1.672000
142,45219,13328,1.666000
143,45535,13392,1.674000
144,45852,13408,1.676000
145,46169,13392,1.674000
146,46486,13392,1.674000
147,46803,13376,1.672000
148,47119,13376,1.672000
149,47437,13344,1.668000
150,47753,13376,1.672000
151,48070,13376,1.672000
152,48388,13376,1.672000
153,48704,13360,1.670000
154,49021,13344,1.668000
155,49338,13344,1.668000
156,49654,13344,1.668000
157,49971,13392,1.674000
158,50289,13392,1.674000
159,50605,13328,1.666000
160,50922,13360,1.670000
161,51239,13392,1.674000
162,51556,13392,1.674000
163,51872,13376,1.672000
164,52189,13376,1.672000
165,52506,13376,1.672000
166,52823,13408,1.676000
167,53140,13360,1.670000
168,53457,13376,1.672000
169,53773,13328,1.666000
170,54091,13344,1.668000
171,54408,13376,1.672000
172,54724,13392,1.674000
173,55041,13408,1.676000
174,55358,13424,1.678000
175,55675,13408,1.676000
176,55992,13440,1.680000
177,56309,13456,1.682000
178,56625,13424,1.678000
179,56942,13440,1.680000
180,57259,13440,1.680000
181,57576,13424,1.678000
182,57893,13440,1.680000
183,58210,13440,1.680000
184,58527,13440,1.680000
185,58843,13456,1.682000
186,59160,13440,1.680000
187,59477,13408,1.676000
188,59794,13408,1.676000
189,60111,13376,1.672000
190,60427,13408,1.676000
191,60745,13392,1.674000
192,61061,13392,1.674000
193,61379,13280,1.660000
194,61695,13424,1.678000
195,62012,13376,1.672000
196,62329,13328,1.666000
197,62645,13344,1.668000
198,62963,13376,1.672000
199,63280,13376,1.672000
200,63596,13360,1.670000
201,63912,13392,1.674000
202,64229,13376,1.672000
203,64547,13376,1.672000
204,64864,13408,1.676000
205,65180,13328,1.666000
206,65497,13376,1.672000
207,65814,13376,1.672000
208,66131,13392,1.674000
209,66448,13440,1.680000
210,66764,13360,1.670000
211,67082,13328,1.666000
212,67399,13344,1.668000
213,67715,13440,1.680000
214,68032,13392,1.674000
215,68349,13360,1.670000
216,68666,13392,1.674000
217,68983,13360,1.670000
218,69300,13392,1.674000
219,69616,13344,1.668000
220,69933,13392,1.674000
221,70251,13456,1.682000
222,70567,13440,1.680000
223,70884,13408,1.676000
224,71201,13424,1.678000
225,71517,13456,1.682000
226,71834,13440,1.680000
227,72152,13440,1.680000
228,72468,13424,1.678000
229,72785,13456,1.682000
230,73102,13424,1.678000
231,73419,13424,1.678000
232,73736,13360,1.670000
233,74052,13408,1.676000
234,74369,13424,1.678000
235,74686,13392,1.674000
236,75003,13408,1.676000
237,75319,13424,1.678000
238,75637,13408,1.676000
239,75953,13456,1.682000
240,76270,13392,1.674000
241,76587,13408,1.676000
242,76904,13424,1.678000
243,77221,13408,1.676000
244,77538,13408,1.676000
245,77855,13392,1.674000
246,78172,13440,1.680000
247,78488,13344,1.668000
248,78805,13408,1.676000
249,79122,13360,1.670000
250,79439,13360,1.670000
251,79756,13392,1.674000
252,80072,13360,1.670000
253,80390,13408,1.676000
254,80706,13296,1.662000
255,81023,13392,1.674000
256,81340,13344,1.668000
257,81657,13360,1.670000
258,81974,13392,1.674000
259,82291,13344,1.668000
260,82607,13392,1.674000
261,82924,13344,1.668000
262,83241,13408,1.676000
263,83558,13408,1.676000
264,83875,13360,1.670000
265,84192,13392,1.674000
266,84509,13392,1.674000
267,84825,13344,1.668000
268,85142,13440,1.680000
269,85459,13424,1.678000
270,85776,13376,1.672000
271,86093,13344,1.668000
272,86409,13424,1.678000
273,86726,13424,1.678000
274,87044,13392,1.674000
275,87360,13440,1.680000
276,87677,13440,1.680000
277,87994,13456,1.682000
278,88311,13360,1.670000
279,88628,13456,1.682000
280,88944,13408,1.676000
281,89261,13424,1.678000
282,89578,13472,1.684000
283,89895,13488,1.686000
284,90212,13456,1.682000
285,90529,13456,1.682000
286,90846,13456,1.682000
287,91162,13424,1.678000
288,91479,13456,1.682000
289,91796,13392,1.674000
290,92113,13440,1.680000
291,92430,13392,1.674000
292,92746,13456,1.682000
293,93064,13424,1.678000
294,93381,13392,1.674000
295,93697,13440,1.680000
296,94014,13376,1.672000
297,94331,13392,1.674000
298,94648,13392,1.674000
299,94965,13360,1.670000
300,95282,13328,1.666000
301,95598,13488,1.686000
302,95915,13392,1.674000
303,96232,13392,1.674000
304,96549,13392,1.674000
305,96866,13376,1.672000
306,97183,13440,1.680000
307,97500,13376,1.672000
308,97816,13328,1.666000
309,98133,13328,1.666000
310,98450,13376,1.672000
311,98767,13344,1.668000
312,99084,13328,1.666000
313,99401,13360,1.670000
314,99718,13376,1.672000
315,100034,13344,1.668000
316,100351,13392,1.674000
317,100668,13424,1.678000
318,100985,13360,1.670000
319,101302,13392,1.674000
320,101619,13424,1.678000
321,101936,13424,1.678000
322,102253,13360,1.670000
323,102569,13360,1.670000
324,102886,13376,1.672000
325,103203,13408,1.676000
326,103520,13424,1.678000
327,103837,13392,1.674000
328,104153,13376,1.672000
329,104470,13440,1.680000
330,104787,13392,1.674000
331,105104,13472,1.684000
332,105421,13408,1.676000
333,105738,13472,1.684000
334,106054,13440,1.680000
335,106372,13472,1.684000
336,106688,13440,1.680000
337,107005,13376,1.672000
338,107322,13376,1.672000
339,107639,13440,1.680000
340,107955,13360,1.670000
341,108272,13424,1.678000
342,108589,13392,1.674000
343,108906,13360,1.670000
344,109223,13376,1.672000
345,109540,13424,1.678000
346,109857,13344,1.668000
347,110173,13344,1.668000
348,110490,13424,1.678000
349,110808,13392,1.674000
350,111124,13424,1.678000
351,111441,13392,1.674000
352,111758,13376,1.672000
353,112075,13344,1.668000
354,112391,13376,1.672000
355,112708,13376,1.672000
356,113025,13392,1.674000
357,113342,13392,1.674000
358,113659,13312,1.664000
359,113976,13344,1.668000
360,114293,13360,1.670000
361,114609,13344,1.668000
362,114927,13392,1.674000
363,115244,13344,1.668000
364,115560,13392,1.674000
365,115877,13376,1.672000
366,116194,13376,1.672000
367,116511,13392,1.674000
368,116828,13408,1.676000
369,117144,13360,1.670000
370,117461,13376,1.672000
371,117778,13392,1.674000
372,118095,13360,1.670000
373,118412,13360,1.670000
374,118729,13328,1.666000
375,119045,13376,1.672000
376,119363,13440,1.680000
377,119684,13376,1.672000
378,119996,13440,1.680000
379,120313,13408,1.676000
380,120629,13456,1.682000
381,120947,13472,1.684000
382,121264,13408,1.676000
383,121580,13424,1.678000
384,121897,13424,1.678000
385,122215,13456,1.682000
386,122531,13440,1.680000
387,122848,13472,1.684000
388,123165,13392,1.674000
389,123481,13424,1.678000
390,123799,13424,1.678000
391,124115,13392,1.674000
392,124432,13408,1.676000
393,124749,13376,1.672000
394,125066,13424,1.678000
395,125382,13472,1.684000
396,125700,13456,1.682000
397,126017,13440,1.680000
398,126334,13376,1.672000
399,126650,13408,1.676000
400,126967,13472,1.684000
401,127284,13424,1.678000
402,127601,13392,1.674000
403,127917,13376,1.672000
404,128234,13392,1.674000
405,128551,13392,1.674000
406,128868,13408,1.676000
407,129185,13344,1.668000
408,129502,13424,1.678000
409,129818,13360,1.670000
410,130136,13376,1.672000
411,130452,13376,1.672000
412,130769,13344,1.668000
413,131085,13408,1.676000
414,131403,13456,1.682000
415,131720,13360,1.670000
416,132037,13392,1.674000
417,132354,13392,1.674000
418,132670,13392,1.674000
419,132987,13344,1.668000
420,133304,13392,1.674000
421,133621,13392,1.674000
422,133938,13376,1.672000
423,134254,13456,1.682000
424,134571,13376,1.672000
425,134888,13408,1.676000
426,135205,13360,1.670000
427,135522,13408,1.676000
428,135839,13392,1.674000
429,136156,13392,1.674000
430,136473,13392,1.674000
431,136789,13408,1.676000
432,137107,13392,1.674000
433,137423,13440,1.680000
434,137740,13392,1.674000
435,138056,13344,1.668000
436,138374,13408,1.676000
437,138691,13392,1.674000
438,139007,13408,1.676000
439,139324,13376,1.672000
440,139641,13504,1.688000
441,139958,13504,1.688000
442,140275,13440,1.680000
443,140592,13408,1.676000
444,140909,13456,1.682000
445,141226,13456,1.682000
446,141542,13408,1.676000
447,141859,13392,1.674000
448,142176,13440,1.680000
449,142493,13424,1.678000
450,142810,13376,1.672000
451,143126,13440,1.680000
452,143443,13392,1.674000
453,143760,13392,1.674000
454,144077,13376,1.672000
455,144394,13392,1.674000
456,144711,13408,1.676000
457,145027,13392,1.674000
458,145344,13424,1.678000
459,145661,13360,1.670000
460,145979,13376,1.672000
461,146295,13376,1.672000
462,146612,13392,1.674000
463,146929,13344,1.668000
464,147246,13360,1.670000
465,147562,13392,1.674000
466,147879,13360,1.670000
467,148197,13376,1.672000
468,148513,13360,1.670000
469,148829,13408,1.676000
470,149147,13360,1.670000
471,149464,13360,1.670000
472,149780,13456,1.682000
473,150097,13264,1.658000
474,150414,13392,1.674000
475,150731,13376,1.672000
476,151048,13360,1.670000
477,151365,13424,1.678000
478,151685,13456,1.682000
479,151999,13440,1.680000
480,152315,13408,1.676000
481,152632,13520,1.690000
482,152948,13328,1.666000
483,153266,13360,1.670000
484,153583,13424,1.678000
485,153899,13504,1.688000
486,154217,13456,1.682000
487,154533,13408,1.676000
488,154850,13376,1.672000
489,155166,13440,1.680000
490,155484,13408,1.676000
491,155801,13456,1.682000
492,156117,13504,1.688000
493,156435,13440,1.680000
494,156751,13408,1.676000
495,157068,13440,1.680000
496,157385,13408,1.676000
497,157702,13456,1.682000
498,158018,13552,1.694000
499,158336,13488,1.686000
500,158652,13440,1.680000
501,158969,13424,1.678000
502,159286,13424,1.678000
503,159603,13408,1.676000
504,159920,13408,1.676000
505,160237,13392,1.674000
506,160553,13392,1.674000
507,160871,13392,1.674000
508,161188,13456,1.682000
509,161504,13376,1.672000
510,161821,13376,1.672000
511,162137,13392,1.674000
512,162454,13408,1.676000
513,162771,13376,1.672000
514,163089,13344,1.668000
515,163405,13360,1.670000
516,163721,13376,1.672000
517,164039,13376,1.672000
518,164356,13360,1.670000
519,164672,13392,1.674000
520,164989,13328,1.666000
521,165306,13264,1.658000
522,165623,13392,1.674000
523,165940,13408,1.676000
524,166257,13440,1.680000
525,166574,13456,1.682000
526,166891,13408,1.676000
527,167207,13344,1.668000
528,167524,13392,1.674000
529,167841,13408,1.676000
530,168158,13328,1.666000
531,168475,13344,1.668000
532,168792,13360,1.670000
533,169108,13424,1.678000
534,169426,13344,1.668000
535,169742,13392,1.674000
536,170059,13504,1.688000
537,170376,13424,1.678000
538,170693,13440,1.680000
539,171010,13392,1.674000
540,171327,13424,1.678000
541,171643,13440,1.680000
542,171960,13392,1.674000
543,172277,13456,1.682000
544,172594,13504,1.688000
545,172911,13408,1.676000
546,173228,13440,1.680000
547,173545,13392,1.674000
548,173861,13456,1.682000
549,174178,13440,1.680000
550,174495,13472,1.684000
551,174812,13456,1.682000
552,175129,13472,1.684000
553,175445,13424,1.678000
554,175763,13440,1.680000
555,176079,13408,1.676000
556,176396,13424,1.678000
557,176713,13376,1.672000
558,177030,13456,1.682000
559,177347,13392,1.674000
560,177663,13424,1.678000
561,177980,13360,1.670000
562,178297,13376,1.672000
563,178614,13216,1.652000
564,178931,13392,1.674000
565,179248,13408,1.676000
566,179565,13344,1.668000
567,179881,13344,1.668000
568,180198,13392,1.674000
569,180515,13184,1.648000
570,180832,13392,1.674000
571,181149,13408,1.676000
572,181466,13376,1.672000
573,181783,13408,1.676000
574,182099,13328,1.666000
575,182416,13360,1.670000
576,182733,13296,1.662000
577,183050,13344,1.668000
578,183367,13392,1.674000
579,183685,13360,1.670000
580,184000,13456,1.682000
581,184317,13392,1.674000
582,184634,13232,1.654000
583,184951,13344,1.668000
584,185268,13392,1.674000
585,185585,13408,1.676000
586,185902,13392,1.674000
587,186219,13392,1.674000
588,186535,13440,1.680000
589,186853,13408,1.676000
590,187169,13456,1.682000
591,187486,13440,1.680000
592,187802,13424,1.678000
593,188120,13424,1.678000
594,188437,13440,1.680000
595,188753,13424,1.678000
596,189070,13408,1.676000
597,189387,13392,1.674000
598,189704,13392,1.674000
599,190021,13440,1.680000
600,190338,13424,1.678000
601,190655,13424,1.678000
602,190971,13504,1.688000
603,191288,13392,1.674000
604,191605,13440,1.680000
605,191921,13392,1.674000
606,192239,13424,1.678000
607,192556,13456,1.682000
608,192872,13440,1.680000
609,193189,13424,1.678000
610,193506,13456,1.682000
611,193823,13392,1.674000
612,194140,13440,1.680000
613,194457,13424,1.678000
614,194773,13392,1.674000
615,195091,13408,1.676000
616,195408,13360,1.670000
617,195724,13360,1.670000
618,196041,13360,1.670000
619,196358,13360,1.670000
620,196675,13376,1.672000
621,196992,13360,1.670000
622,197309,13376,1.672000
623,197625,13392,1.674000
624,197942,13344,1.668000
625,198259,13312,1.664000
626,198576,13360,1.670000
627,198893,13376,1.672000
628,199210,13376,1.672000
629,199526,13424,1.678000
630,199843,13376,1.672000
631,200160,13440,1.680000
632,200477,13376,1.672000
633,200793,13360,1.670000
634,201111,13360,1.670000
635,201428,13376,1.672000
636,201744,13392,1.674000
637,202061,13376,1.672000
638,202378,13296,1.662000
639,202695,13456,1.682000
640,203012,13600,1.700000
641,203329,13424,1.678000
642,203645,13456,1.682000
643,203963,13424,1.678000
644,204280,13456,1.682000
645,204596,13424,1.678000
646,204913,13440,1.680000
647,205230,13600,1.700000
648,205547,13424,1.678000
649,205864,13456,1.682000
650,206180,13392,1.674000
651,206497,13328,1.666000
652,206814,13424,1.678000
653,207131,13616,1.702000
654,207448,13408,1.676000
655,207765,13392,1.674000
656,208081,13456,1.682000
657,208398,13440,1.680000
658,208715,13424,1.678000
659,209031,13408,1.676000
660,209348,13616,1.702000
661,209666,13408,1.676000
662,209983,13456,1.682000
663,210300,13424,1.678000
664,210616,13472,1.684000
665,210933,13440,1.680000
666,211250,13536,1.692000
667,211567,13376,1.672000
668,211884,13360,1.670000
669,212201,13376,1.672000
670,212517,13376,1.672000
671,212834,13408,1.676000
672,213151,13360,1.670000
673,213468,13376,1.672000
674,213785,13376,1.672000
675,214102,13392,1.674000
676,214418,13376,1.672000
677,214736,13392,1.674000
678,215052,13408,1.676000
679,215369,13376,1.672000
680,215686,13344,1.668000
681,216003,13360,1.670000
682,216319,13360,1.670000
683,216637,13392,1.674000
684,216953,13344,1.668000
685,217270,13360,1.670000
686,217587,13376,1.672000
687,217904,13360,1.670000
688,218221,13392,1.674000
689,218538,13408,1.676000
690,218855,13392,1.674000
691,219171,13408,1.676000
692,219488,13312,1.664000
693,219805,13472,1.684000
694,220122,13376,1.672000
695,220439,13408,1.676000
696,220756,13472,1.684000
697,221072,13360,1.670000
698,221390,13456,1.682000
699,221706,13424,1.678000
700,222023,13424,1.678000
701,222340,13424,1.678000
702,222657,13392,1.674000
703,222974,13424,1.678000
704,223291,13440,1.680000
705,223607,13424,1.678000
706,223924,13472,1.684000
707,224241,13456,1.682000
708,224558,13408,1.676000
709,224874,13408,1.676000
710,225191,13424,1.678000
711,225508,13408,1.676000
712,225825,13456,1.682000
713,226142,13440,1.680000
714,226459,13392,1.674000
715,226776,13408,1.676000
716,227093,13424,1.678000
717,227409,13408,1.676000
718,227726,13632,1.704000
719,228043,13424,1.678000
720,228360,13360,1.670000
721,228677,13328,1.666000
722,228994,13424,1.678000
723,229311,13344,1.668000
724,229627,13664,1.708000
725,229944,13280,1.660000
726,230262,13296,1.662000
727,230578,13392,1.674000
728,230895,13376,1.672000
729,231212,13344,1.668000
730,231529,13424,1.678000
731,231845,13616,1.702000
732,232163,13376,1.672000
733,232479,13376,1.672000
734,232796,13360,1.670000
735,233113,13344,1.668000
736,233430,13392,1.674000
737,233746,13680,1.710000
738,234064,13408,1.676000
739,234380,13392,1.674000
740,234697,13424,1.678000
741,235014,13392,1.674000
742,235331,13344,1.668000
743,235648,13392,1.674000
744,235965,13696,1.712000
745,236281,13392,1.674000
746,236599,13424,1.678000
747,236915,13424,1.678000
748,237232,13360,1.670000
749,237549,13392,1.674000
750,237865,13664,1.708000
751,238183,13296,1.662000
752,238500,13520,1.690000
753,238816,13456,1.682000
754,239133,13392,1.674000
755,239450,13424,1.678000
756,239767,13456,1.682000
757,240084,13472,1.684000
758,240401,13504,1.688000
759,240717,13472,1.684000
760,241034,13472,1.684000
761,241351,13456,1.682000
762,241668,13456,1.682000
763,241985,13440,1.680000
764,242302,13392,1.674000
765,242618,13424,1.678000
766,242936,13408,1.676000
767,243252,13376,1.672000
768,243569,13376,1.672000
769,243886,13408,1.676000
770,244202,13408,1.676000
771,244520,13424,1.678000
772,244836,13424,1.678000
773,245153,13456,1.682000
774,245470,13392,1.674000
775,245787,13440,1.680000
776,246104,13360,1.670000
777,246420,13328,1.666000
778,246738,13376,1.672000
779,247054,13440,1.680000
780,247371,13360,1.670000
781,247688,13360,1.670000
782,248005,13296,1.662000
783,248321,13360,1.670000
784,248639,13360,1.670000
785,248955,13328,1.666000
786,249273,13344,1.668000
787,249589,13440,1.680000
788,249906,13376,1.672000
789,250223,13344,1.668000
790,250540,13328,1.666000
791,250857,13424,1.678000
792,251174,13360,1.670000
793,251491,13504,1.688000
794,251807,13408,1.676000
795,252123,13392,1.674000
796,252441,13456,1.682000
797,252758,13456,1.682000
798,253074,13424,1.678000
799,253391,13408,1.676000
800,253709,13456,1.682000
801,254025,13328,1.666000
802,254342,13440,1.680000
803,254659,13424,1.678000
804,254976,13440,1.680000
805,255293,13376,1.672000
806,255609,13536,1.692000
807,255926,13456,1.682000
808,256243,13504,1.688000
809,256560,13392,1.674000
810,256877,13408,1.676000
811,257194,13440,1.680000
812,257511,13456,1.682000
813,257828,13440,1.680000
814,258144,13440,1.680000
815,258461,13568,1.696000
816,258778,13456,1.682000
817,259094,13360,1.670000
818,259412,13392,1.674000
819,259729,13424,1.678000
820,260045,13440,1.680000
821,260362,13472,1.684000
822,260683,13392,1.674000
823,260996,13408,1.676000
824,261313,13392,1.674000
825,261630,13392,1.674000
826,261947,13376,1.672000
827,262264,13360,1.670000
828,262580,13424,1.678000
829,262897,13360,1.670000
830,263214,13376,1.672000
831,263531,13376,1.672000
832,263848,13376,1.672000
833,264164,13328,1.666000
834,264481,13424,1.678000
835,264798,13392,1.674000
836,265115,13344,1.668000
837,265432,13392,1.674000
838,265749,13328,1.666000
839,266065,13328,1.666000
840,266383,13360,1.670000
841,266700,13376,1.672000
842,267016,13328,1.666000
843,267333,13408,1.676000
844,267650,13408,1.676000
845,267966,13392,1.674000
846,268284,13312,1.664000
847,268601,13360,1.670000
848,268917,13408,1.676000
849,269234,13408,1.676000
850,269551,13504,1.688000
851,269868,13408,1.676000
852,270185,13424,1.678000
853,270502,13504,1.688000
854,270819,13392,1.674000
855,271135,13392,1.674000
856,271452,13504,1.688000
857,271769,13408,1.676000
858,272086,13472,1.684000
859,272403,13424,1.678000
860,272719,13440,1.680000
861,273037,13440,1.680000
862,273353,13456,1.682000
863,273670,13424,1.678000
864,273987,13456,1.682000
865,274304,13408,1.676000
866,274621,13440,1.680000
867,274938,13440,1.680000
868,275254,13424,1.678000
869,275572,13424,1.678000
870,275888,13440,1.680000
871,276205,13408,1.676000
872,276522,13440,1.680000
873,276838,13424,1.678000
874,277156,13440,1.680000
875,277473,13408,1.676000
876,277789,13440,1.680000
877,278106,13328,1.666000
878,278423,13424,1.678000
879,278740,13392,1.674000
880,279057,13408,1.676000
881,279374,13376,1.672000
882,279690,13296,1.662000
883,280007,13344,1.668000
884,280324,13360,1.670000
885,280641,13344,1.668000
886,280958,13184,1.648000
887,281275,13328,1.666000
888,281592,13360,1.670000
889,281909,13344,1.668000
890,282225,13392,1.674000
891,282542,13408,1.676000
892,282859,13152,1.644000
893,283176,13344,1.668000
894,283493,13360,1.670000
895,283810,13344,1.668000
896,284126,13344,1.668000
897,284443,13392,1.674000
898,284760,13360,1.670000
899,285077,13232,1.654000
900,285394,13408,1.676000
901,285711,13392,1.674000
902,286028,13376,1.672000
903,286345,13440,1.680000
904,286661,13440,1.680000
905,286978,13200,1.650000
906,287295,13376,1.672000
907,287612,13408,1.676000
908,287928,13408,1.676000
909,288246,13456,1.682000
910,288562,13456,1.682000
911,288879,13456,1.682000
912,289196,13200,1.650000
913,289513,13456,1.682000
914,289830,13488,1.686000
915,290147,13488,1.686000
916,290463,13408,1.676000
917,290780,13440,1.680000
918,291097,13360,1.670000
919,291414,13472,1.684000
920,291731,13456,1.682000
921,292048,13440,1.680000
922,292365,13456,1.682000
923,292684,13376,1.672000
924,292998,13360,1.670000
925,293316,13392,1.674000
926,293632,13408,1.676000
927,293949,13424,1.678000
928,294266,13376,1.672000
929,294582,13408,1.676000
930,294899,13408,1.676000
931,295216,13328,1.666000
932,295533,13392,1.674000
933,295850,13376,1.672000
934,296167,13328,1.666000
935,296484,13440,1.680000
936,296801,13392,1.674000
937,297117,13376,1.672000
938,297434,13376,1.672000
939,297751,13312,1.664000
940,298068,13312,1.664000
941,298385,13360,1.670000
942,298702,13360,1.670000
943,299018,13376,1.672000
944,299335,13328,1.666000
945,299652,13376,1.672000
946,299969,13344,1.668000
947,300286,13360,1.670000
948,300603,13568,1.696000
949,300919,13408,1.676000
950,301237,13408,1.676000
951,301553,13408,1.676000
952,301871,13376,1.672000
953,302187,13424,1.678000
954,302504,13376,1.672000
955,302821,13568,1.696000
956,303137,13408,1.676000
957,303454,13376,1.672000
958,303771,13424,1.678000
959,304088,13456,1.682000
960,304405,13392,1.674000
961,304722,13504,1.688000
962,305039,13504,1.688000
963,305356,13488,1.686000
964,305672,13456,1.682000
965,305989,13440,1.680000
966,306306,13440,1.680000
967,306623,13376,1.672000
968,306940,13440,1.680000
969,307256,13424,1.678000
970,307574,13568,1.696000
971,307890,13440,1.680000
972,308207,13440,1.680000
973,308524,13376,1.672000
974,308841,13440,1.680000
975,309158,13392,1.674000
976,309475,13584,1.698000
977,309791,13440,1.680000
978,310109,13408,1.676000
979,310425,13440,1.680000
980,310742,13392,1.674000
981,311058,13376,1.672000
982,311376,13328,1.666000
983,311693,13504,1.688000
984,312010,13344,1.668000
985,312326,13360,1.670000
986,312643,13344,1.668000
987,312960,13376,1.672000
988,313277,13376,1.672000
989,313594,13440,1.680000
990,313911,13392,1.674000
991,314228,13376,1.672000
992,314544,13424,1.678000
993,314861,13360,1.670000
994,315179,13360,1.670000
995,315495,13312,1.664000
996,315812,13440,1.680000
997,316129,13440,1.680000
998,316445,13360,1.670000
999,316762,13424,1.678000
1000,317079,13408,1.676000
1001,317396,13408,1.676000
1002,317712,13344,1.668000
1003,318030,13424,1.678000
1004,318347,13408,1.676000
1005,318664,13424,1.678000
1006,318980,13424,1.678000
1007,319297,13408,1.676000
1008,319613,13392,1.674000
1009,319931,13376,1.672000
1010,320248,13408,1.676000
1011,320565,13424,1.678000
1012,320881,13440,1.680000
1013,321198,13440,1.680000
1014,321515,13456,1.682000
1015,321832,13424,1.678000
1016,322149,13472,1.684000
1017,322466,13424,1.678000
1018,322782,13408,1.676000
1019,323100,13456,1.682000
1020,323416,13440,1.680000
1021,323733,13472,1.684000
1022,324050,13376,1.672000
1023,324367,13456,1.682000
1024,324684,13440,1.680000
1025,325001,13344,1.668000
1026,325317,13232,1.654000
1027,325635,13408,1.676000
1028,325951,13424,1.678000
1029,326268,13424,1.678000
1030,326585,13408,1.676000
1031,326902,13360,1.670000
1032,327219,13248,1.656000
1033,327535,13360,1.670000
1034,327852,13392,1.674000
1035,328170,13376,1.672000
1036,328486,13376,1.672000
1037,328803,13376,1.672000
1038,329120,13376,1.672000
1039,329436,13168,1.646000
1040,329753,13392,1.674000
1041,330071,13376,1.672000
1042,330387,13424,1.678000
1043,330704,13376,1.672000
1044,331021,13344,1.668000
1045,331338,13440,1.680000
1046,331655,13392,1.674000
1047,331971,13344,1.668000
1048,332288,13408,1.676000
1049,332605,13344,1.668000
1050,332921,13344,1.668000
1051,333239,13392,1.674000
1052,333556,13344,1.668000
1053,333872,13408,1.676000
1054,334189,13440,1.680000
1055,334506,13408,1.676000
1056,334823,13392,1.674000
1057,335140,13440,1.680000
1058,335457,13408,1.676000
1059,335774,13360,1.670000
1060,336091,13456,1.682000
1061,336408,13408,1.676000
1062,336724,13424,1.678000
1063,337041,13392,1.674000
1064,337358,13392,1.674000
1065,337675,13424,1.678000
1066,337992,13456,1.682000
1067,338309,13456,1.682000
1068,338625,13456,1.682000
1069,338942,13424,1.678000
1070,339259,13392,1.674000
1071,339576,13488,1.686000
1072,339893,13408,1.676000
1073,340210,13488,1.686000
1074,340527,13424,1.678000
1075,340843,13392,1.674000
1076,341160,13440,1.680000
1077,341477,13424,1.678000
1078,341794,13424,1.678000
1079,342111,13440,1.680000
1080,342427,13440,1.680000
1081,342745,13424,1.678000
1082,343061,13392,1.674000
1083,343378,13392,1.674000
1084,343695,13408,1.676000
1085,344011,13440,1.680000
1086,344329,13456,1.682000
1087,344646,13424,1.678000
1088,344963,13424,1.678000
1089,345280,13360,1.670000
1090,345596,13392,1.674000
1091,345913,13376,1.672000
1092,346230,13360,1.670000
1093,346547,13392,1.674000
1094,346864,13408,1.676000
1095,347180,13360,1.670000
1096,347497,13376,1.672000
1097,347814,13344,1.668000
1098,348131,13392,1.674000
1099,348447,13360,1.670000
1100,348765,13376,1.672000
1101,349082,13376,1.672000
1102,349399,13280,1.660000
1103,349715,13360,1.670000
1104,350032,13440,1.680000
1105,350349,13344,1.668000
1106,350666,13424,1.678000
1107,350982,13360,1.670000
1108,351300,13328,1.666000
1109,351616,13376,1.672000
1110,351933,13424,1.678000
1111,352250,13408,1.676000
1112,352567,13392,1.674000
1113,352884,13440,1.680000
1114,353201,13440,1.680000
1115,353518,13408,1.676000
1116,353835,13360,1.670000
1117,354151,13360,1.670000
1118,354468,13408,1.676000
1119,354785,13488,1.686000
1120,355102,13456,1.682000
1121,355419,13424,1.678000
1122,355736,13424,1.678000
1123,356052,13376,1.672000
1124,356369,13456,1.682000
1125,356686,13440,1.680000
1126,357003,13472,1.684000
1127,357320,13408,1.676000
1128,357637,13424,1.678000
1129,357953,13312,1.664000
1130,358270,13440,1.680000
1131,358587,13520,1.690000
1132,358903,13472,1.684000
1133,359221,13424,1.678000
1134,359538,13424,1.678000
1135,359855,13376,1.672000
1136,360171,13280,1.660000
1137,360488,13408,1.676000
1138,360805,13552,1.694000
1139,361121,13424,1.678000
1140,361439,13424,1.678000
1141,361756,13376,1.672000
1142,362072,13248,1.656000
1143,362390,13376,1.672000
1144,362706,13472,1.684000
1145,363024,13360,1.670000
1146,363340,13344,1.668000
1147,363657,13328,1.666000
1148,363974,13360,1.670000
1149,364291,13344,1.668000
1150,364607,13360,1.670000
1151,364924,13376,1.672000
1152,365241,13328,1.666000
1153,365558,13408,1.676000
1154,365875,13360,1.670000
1155,366192,13360,1.670000
1156,366509,13408,1.676000
1157,366825,13424,1.678000
1158,367142,13376,1.672000
1159,367459,13344,1.668000
1160,367776,13392,1.674000
1161,368093,13408,1.676000
1162,368409,13392,1.674000
1163,368726,13376,1.672000
1164,369044,13344,1.668000
1165,369360,13392,1.674000
1166,369677,13456,1.682000
1167,369994,13392,1.674000
1168,370311,13392,1.674000
1169,370628,13456,1.682000
1170,370944,13520,1.690000
1171,371261,13424,1.678000
1172,371578,13408,1.676000
1173,371895,13424,1.678000
1174,372212,13408,1.676000
1175,372529,13472,1.684000
1176,372846,13424,1.678000
1177,373163,13456,1.682000
1178,373479,13456,1.682000
1179,373796,13488,1.686000
1180,374113,13472,1.684000
1181,374430,13456,1.682000
1182,374747,13440,1.680000
1183,375064,13392,1.674000
1184,375381,13392,1.674000
1185,375697,13424,1.678000
1186,376014,13440,1.680000
1187,376331,13376,1.672000
1188,376648,13376,1.672000
1189,376965,13392,1.674000
1190,377282,13392,1.674000
1191,377599,13424,1.678000
1192,377915,13360,1.670000
1193,378232,13376,1.672000
1194,378549,13472,1.684000
1195,378866,13360,1.670000
1196,379183,13392,1.674000
1197,379500,13360,1.670000
1198,379816,13328,1.666000
1199,380134,13392,1.674000
1200,380450,13424,1.678000
1201,380767,13360,1.670000
1202,381084,13376,1.672000
1203,381401,13376,1.672000
1204,381718,13344,1.668000
1205,382034,13392,1.674000
1206,382352,13328,1.666000
1207,382668,13456,1.682000
1208,382985,13360,1.670000
1209,383302,13280,1.660000
1210,383619,13360,1.670000
1211,383936,13392,1.674000
1212,384253,13424,1.678000
1213,384569,13504,1.688000
1214,384886,13440,1.680000
1215,385203,13296,1.662000
1216,385520,13360,1.670000
1217,385837,13424,1.678000
1218,386154,13408,1.676000
1219,386471,13424,1.678000
1220,386787,13488,1.686000
1221,387104,13408,1.676000
1222,387421,13344,1.668000
1223,387738,13424,1.678000
1224,388055,13408,1.676000
1225,388372,13424,1.678000
1226,388689,13360,1.670000
1227,389005,13440,1.680000
1228,389322,13440,1.680000
1229,389638,13504,1.688000
1230,389956,13440,1.680000
1231,390273,13376,1.672000
1232,390589,13472,1.684000
1233,390906,13424,1.678000
1234,391224,13440,1.680000
1235,391540,13424,1.678000
1236,391857,13392,1.674000
1237,392174,13440,1.680000
1238,392491,13440,1.680000
1239,392807,13424,1.678000
1240,393124,13408,1.676000
1241,393441,13360,1.670000
1242,393757,13408,1.676000
1243,394075,13440,1.680000
1244,394392,13392,1.674000
1245,394709,13376,1.672000
1246,395025,13376,1.672000
1247,395342,13424,1.678000
1248,395659,13424,1.678000
1249,395976,13408,1.676000
1250,396293,13344,1.668000
1251,396609,13344,1.668000
1252,396927,13408,1.676000
1253,397244,13360,1.670000
1254,397560,13360,1.670000
1255,397877,13344,1.668000
1256,398194,13360,1.670000
1257,398511,13360,1.670000
1258,398828,13408,1.676000
1259,399145,13344,1.668000
1260,399461,13392,1.674000
1261,399778,13376,1.672000
1262,400094,13344,1.668000
1263,400412,13376,1.672000
1264,400729,13360,1.670000
1265,401045,13376,1.672000
1266,401362,13344,1.668000
1267,401684,13408,1.676000
1268,401996,13376,1.672000
1269,402313,13408,1.676000
1270,402630,13408,1.676000
1271,402947,13360,1.670000
1272,403264,13392,1.674000
1273,403581,13440,1.680000
1274,403897,13424,1.678000
1275,404215,13408,1.676000
1276,404531,13392,1.674000
1277,404848,13440,1.680000
1278,405165,13408,1.676000
1279,405482,13408,1.676000
1280,405799,13424,1.678000
1281,406115,13424,1.678000
1282,406432,13424,1.678000
1283,406749,13408,1.676000
1284,407066,13472,1.684000
1285,407383,13392,1.674000
1286,407700,13424,1.678000
1287,408016,13424,1.678000
1288,408333,13424,1.678000
1289,408650,13472,1.684000
1290,408966,13408,1.676000
1291,409283,13440,1.680000
1292,409601,13488,1.686000
1293,409917,13424,1.678000
1294,410234,13376,1.672000
1295,410551,13424,1.678000
1296,410868,13440,1.680000
1297,411185,13456,1.682000
1298,411502,13440,1.680000
1299,411819,13376,1.672000
1300,412136,13392,1.674000
1301,412452,13376,1.672000
1302,412769,13344,1.668000
1303,413086,13392,1.674000
1304,413403,13360,1.670000
1305,413720,13392,1.674000
1306,414037,13456,1.682000
1307,414354,13392,1.674000
1308,414670,13360,1.670000
1309,414987,13344,1.668000
1310,415304,13392,1.674000
1311,415621,13376,1.672000
1312,415938,13408,1.676000
1313,416254,13344,1.668000
1314,416572,13376,1.672000
1315,416888,13376,1.672000
1316,417205,13280,1.660000
1317,417522,13360,1.670000
1318,417839,13424,1.678000
1319,418156,13376,1.672000
1320,418473,13408,1.676000
1321,418789,13328,1.666000
1322,419107,13360,1.670000
1323,419423,13440,1.680000
1324,419740,13424,1.678000
1325,420057,13440,1.680000
1326,420374,13408,1.676000
1327,420690,13472,1.684000
1328,421008,13408,1.676000
1329,421324,13392,1.674000
1330,421641,13424,1.678000
1331,421958,13408,1.676000
1332,422275,13456,1.682000
1333,422592,13488,1.686000
1334,422909,13440,1.680000
1335,423226,13424,1.678000
1336,423542,13440,1.680000
1337,423859,13440,1.680000
1338,424175,13456,1.682000
1339,424493,13392,1.674000
1340,424810,13456,1.682000
1341,425126,13392,1.674000
1342,425444,13408,1.676000
1343,425760,13344,1.668000
1344,426077,13408,1.676000
1345,426394,13424,1.678000
1346,426711,13408,1.676000
1347,427027,13376,1.672000
1348,427344,13424,1.678000
1349,427662,13424,1.678000
1350,427978,13328,1.666000
1351,428295,13360,1.670000
1352,428612,13344,1.668000
1353,428928,13376,1.672000
1354,429245,13344,1.668000
1355,429563,13376,1.672000
1356,429880,13360,1.670000
1357,430196,13392,1.674000
1358,430513,13376,1.672000
1359,430830,13344,1.668000
1360,431147,13328,1.666000
1361,431464,13424,1.678000
1362,431780,13376,1.672000
1363,432097,13312,1.664000
1364,432414,13344,1.668000
1365,432730,13392,1.674000
1366,433048,13376,1.672000
1367,433365,13344,1.668000
1368,433685,13376,1.672000
1369,433999,13376,1.672000
1370,434315,13408,1.676000
1371,434632,13408,1.676000
1372,434949,13328,1.666000
1373,435266,13392,1.674000
1374,435583,13440,1.680000
1375,435899,13376,1.672000
1376,436217,13408,1.676000
1377,436533,13440,1.680000
1378,436850,13408,1.676000
1379,437167,13360,1.670000
1380,437484,13392,1.674000
1381,437801,13344,1.668000
1382,438117,13472,1.684000
1383,438435,13440,1.680000
1384,438751,13440,1.680000
1385,439068,13440,1.680000
1386,439385,13408,1.676000
1387,439702,13472,1.684000
1388,440018,13424,1.678000
1389,440336,13472,1.684000
1390,440652,13504,1.688000
1391,440970,13440,1.680000
1392,441286,13472,1.684000
1393,441603,13424,1.678000
1394,441920,13504,1.688000
1395,442237,13424,1.678000
1396,442553,13456,1.682000
1397,442871,13424,1.678000
1398,443188,13424,1.678000
1399,443504,13408,1.676000
1400,443821,13424,1.678000
1401,444138,13440,1.680000
1402,444454,13392,1.674000
1403,444772,13424,1.678000
1404,445089,13360,1.670000
1405,445406,13376,1.672000
1406,445722,13344,1.668000
1407,446039,13408,1.676000
1408,446356,13392,1.674000
1409,446673,13376,1.672000
1410,446990,13344,1.668000
1411,447307,13312,1.664000
1412,447623,13424,1.678000
1413,447940,13360,1.670000
1414,448257,13376,1.672000
1415,448574,13360,1.670000
1416,448891,13344,1.668000
1417,449208,13408,1.676000
1418,449524,13344,1.668000
1419,449841,13360,1.670000
1420,450158,13392,1.674000
1421,450475,13408,1.676000
1422,450792,13424,1.678000
1423,451109,13376,1.672000
1424,451426,13360,1.670000
1425,451742,13360,1.670000
1426,452059,13360,1.670000
1427,452376,13408,1.676000
1428,452693,13424,1.678000
1429,453010,13376,1.672000
1430,453327,13472,1.684000
1431,453643,13472,1.684000
1432,453960,13440,1.680000
1433,454277,13456,1.682000
1434,454594,13424,1.678000
1435,454911,13424,1.678000
1436,455228,13424,1.678000
1437,455545,13472,1.684000
1438,455861,13424,1.678000
1439,456179,13456,1.682000
1440,456496,13440,1.680000
1441,456812,13456,1.682000
1442,457129,13504,1.688000
1443,457445,13440,1.680000
1444,457763,13456,1.682000
1445,458080,13424,1.678000
1446,458396,13472,1.684000
1447,458713,13424,1.678000
1448,459030,13424,1.678000
1449,459347,13440,1.680000
1450,459664,13456,1.682000
1451,459981,13392,1.674000
1452,460298,13456,1.682000
1453,460614,13472,1.684000
1454,460931,13440,1.680000
1455,461248,13392,1.674000
1456,461565,13392,1.674000
1457,461881,13376,1.672000
1458,462199,13312,1.664000
1459,462515,13440,1.680000
1460,462832,13360,1.670000
1461,463149,13376,1.672000
1462,463466,13392,1.674000
1463,463783,13344,1.668000
1464,464100,13344,1.668000
1465,464416,13408,1.676000
1466,464733,13312,1.664000
1467,465050,13296,1.662000
1468,465367,13344,1.668000
1469,465684,13376,1.672000
1470,466001,13360,1.670000
1471,466318,13376,1.672000
1472,466634,13376,1.672000
1473,466952,13360,1.670000
1474,467268,13360,1.670000
1475,467585,13360,1.670000
1476,467902,13376,1.672000
1477,468219,13472,1.684000
1478,468535,13360,1.670000
1479,468852,13408,1.676000
1480,469170,13408,1.676000
1481,469486,13344,1.668000
1482,469803,13456,1.682000
1483,470120,13424,1.678000
1484,470437,13392,1.674000
1485,470753,13408,1.676000
1486,471071,13440,1.680000
1487,471387,13424,1.678000
1488,471704,13424,1.678000
1489,472021,13456,1.682000
1490,472338,13408,1.676000
1491,472655,13424,1.678000
1492,472971,13424,1.678000
1493,473288,13472,1.684000
1494,473605,13456,1.682000
1495,473923,13424,1.678000
1496,474239,13440,1.680000
1497,474556,13392,1.674000
1498,474872,13408,1.676000
1499,475189,13488,1.686000
1500,475506,13504,1.688000
1501,475823,13424,1.678000
1502,476140,13392,1.674000
1503,476457,13408,1.676000
1504,476774,13408,1.676000
1505,477091,13392,1.674000
1506,477408,13360,1.670000
1507,477724,13376,1.672000
1508,478041,13392,1.674000
1509,478358,13376,1.672000
1510,478675,13376,1.672000
1511,478992,13424,1.678000
1512,479309,13376,1.672000
1513,479625,13360,1.670000
1514,479942,13360,1.670000
1515,480260,13408,1.676000
1516,480576,13360,1.670000
1517,480893,13312,1.664000
1518,481210,13344,1.668000
1519,481527,13344,1.668000
1520,481843,13408,1.676000
1521,482160,13360,1.670000
1522,482477,13360,1.670000
1523,482793,13360,1.670000
1524,483111,13376,1.672000
1525,483428,13328,1.666000
1526,483745,13376,1.672000
1527,484061,13424,1.678000
1528,484378,13440,1.680000
1529,484695,13408,1.676000
1530,485012,13408,1.676000
1531,485328,13424,1.678000
1532,485646,13424,1.678000
1533,485963,13376,1.672000
1534,486279,13456,1.682000
1535,486596,13408,1.676000
1536,486914,13488,1.686000
1537,487230,13392,1.674000
1538,487547,13408,1.676000
1539,487864,13424,1.678000
1540,488181,13424,1.678000
1541,488497,13424,1.678000
1542,488815,13456,1.682000
1543,489131,13472,1.684000
1544,489448,13472,1.684000
1545,489764,13392,1.674000
1546,490082,13440,1.680000
1547,490399,13456,1.682000
1548,490715,13440,1.680000
1549,491032,13424,1.678000
1550,491349,13392,1.674000
1551,491666,13440,1.680000
1552,491983,13408,1.676000
1553,492300,13456,1.682000
1554,492617,13376,1.672000
1555,492933,13376,1.672000
1556,493250,13488,1.686000
1557,493567,13408,1.676000
1558,493884,13408,1.676000
1559,494201,13440,1.680000
1560,494517,13360,1.670000
1561,494835,13408,1.676000
1562,495151,13344,1.668000
1563,495468,13408,1.676000
1564,495785,13344,1.668000
1565,496102,13408,1.676000
1566,496419,13344,1.668000
1567,496736,13424,1.678000
1568,497052,13392,1.674000
1569,497369,13360,1.670000
1570,497686,13344,1.668000
1571,498003,13408,1.676000
1572,498320,13312,1.664000
1573,498637,13328,1.666000
1574,498954,13392,1.674000
1575,499271,13312,1.664000
1576,499587,13312,1.664000
1577,499904,13344,1.668000
1578,500220,13328,1.666000
1579,500538,13360,1.670000
1580,500855,13392,1.674000
1581,501171,13376,1.672000
1582,501489,13392,1.674000
1583,501806,13424,1.678000
1584,502122,13392,1.674000
1585,502439,13376,1.672000
1586,502756,13408,1.676000
1587,503073,13408,1.676000
1588,503390,13344,1.668000
1589,503706,13424,1.678000
1590,504023,13456,1.682000
1591,504340,13376,1.672000
1592,504657,13440,1.680000
1593,504974,13408,1.676000
1594,505291,13408,1.676000
1595,505608,13456,1.682000
1596,505924,13424,1.678000
1597,506241,13440,1.680000
1598,506558,13440,1.680000
1599,506875,13424,1.678000
1600,507192,13456,1.682000
1601,507509,13392,1.674000
1602,507825,13408,1.676000
1603,508143,13408,1.676000
1604,508459,13408,1.676000
1605,508776,13424,1.678000
1606,509093,13392,1.674000
1607,509410,13392,1.674000
1608,509727,13424,1.678000
1609,510043,13408,1.676000
1610,510360,13408,1.676000
1611,510677,13392,1.674000
1612,510994,13376,1.672000
1613,511311,13392,1.674000
1614,511628,13392,1.674000
1615,511944,13360,1.670000
1616,512262,13344,1.668000
1617,512578,13376,1.672000
1618,512895,13360,1.670000
1619,513212,13392,1.674000
1620,513529,13376,1.672000
1621,513846,13376,1.672000
1622,514163,13360,1.670000
1623,514479,13376,1.672000
1624,514796,13392,1.674000
1625,515114,13376,1.672000
1626,515430,13392,1.674000
1627,515747,13456,1.682000
1628,516064,13360,1.670000
1629,516381,13344,1.668000
1630,516697,13408,1.676000
1631,517014,13360,1.670000
1632,517331,13392,1.674000
1633,517648,13392,1.674000
1634,517965,13392,1.674000
1635,518282,13376,1.672000
1636,518598,13408,1.676000
1637,518916,13376,1.672000
1638,519232,13440,1.680000
1639,519549,13440,1.680000
1640,519866,13376,1.672000
1641,520183,13456,1.682000
1642,520500,13424,1.678000
1643,520816,13408,1.676000
1644,521134,13408,1.676000
1645,521450,13392,1.674000
1646,521767,13408,1.676000
1647,522084,13440,1.680000
1648,522401,13456,1.682000
1649,522718,13488,1.686000
1650,523035,13392,1.674000
1651,523352,13424,1.678000
1652,523668,13504,1.688000
1653,523985,13408,1.676000
1654,524302,13440,1.680000
1655,524619,13456,1.682000
1656,524936,13440,1.680000
1657,525253,13408,1.676000
1658,525569,13392,1.674000
1659,525886,13408,1.676000
1660,526203,13376,1.672000
1661,526520,13440,1.680000
1662,526836,13424,1.678000
1663,527154,13456,1.682000
1664,527471,13392,1.674000
1665,527787,13408,1.676000
1666,528104,13392,1.674000
1667,528421,13440,1.680000
1668,528738,13440,1.680000
1669,529054,13424,1.678000
1670,529371,13408,1.676000
1671,529689,13408,1.676000
1672,530005,13408,1.676000
1673,530322,13344,1.668000
1674,530639,13344,1.668000
1675,530955,13360,1.670000
1676,531272,13376,1.672000
1677,531590,13376,1.672000
1678,531907,13344,1.668000
1679,532224,13408,1.676000
1680,532540,13344,1.668000
1681,532857,13440,1.680000
1682,533174,13344,1.668000
1683,533491,13376,1.672000
1684,533808,13376,1.672000
1685,534124,13312,1.664000
1686,534442,13392,1.674000
1687,534758,13360,1.670000
1688,535075,13440,1.680000
1689,535392,13408,1.676000
1690,535709,13344,1.668000
1691,536026,13328,1.666000
1692,536343,13424,1.678000
1693,536659,13392,1.674000
1694,536976,13408,1.676000
1695,537293,13424,1.678000
1696,537610,13408,1.676000
1697,537927,13424,1.678000
1698,538244,13408,1.676000
1699,538560,13472,1.684000
1700,538877,13424,1.678000
1701,539194,13440,1.680000
1702,539511,13392,1.674000
1703,539828,13456,1.682000
1704,540144,13376,1.672000
1705,540462,13408,1.676000
1706,540779,13392,1.674000
1707,541095,13440,1.680000
1708,541412,13424,1.678000
1709,541729,13424,1.678000
1710,542046,13440,1.680000
1711,542363,13392,1.674000
1712,542684,13360,1.670000
1713,542996,13376,1.672000
1714,543313,13408,1.676000
1715,543630,13424,1.678000
1716,543947,13424,1.678000
1717,544264,13360,1.670000
1718,544581,13360,1.670000
1719,544898,13408,1.676000
1720,545215,13360,1.670000
1721,545531,13408,1.676000
1722,545848,13376,1.672000
1723,546165,13344,1.668000
1724,546481,13296,1.662000
1725,546799,13408,1.676000
1726,547115,13424,1.678000
1727,547432,13392,1.674000
1728,547749,13344,1.668000
1729,548066,13376,1.672000
1730,548383,13408,1.676000
1731,548699,13360,1.670000
1732,549017,13328,1.666000
1733,549334,13328,1.666000
1734,549650,13408,1.676000
1735,549967,13424,1.678000
1736,550284,13344,1.668000
1737,550601,13376,1.672000
1738,550918,13392,1.674000
1739,551235,13424,1.678000
1740,551551,13376,1.672000
1741,551868,13424,1.678000
1742,552185,13360,1.670000
1743,552502,13440,1.680000
1744,552819,13440,1.680000
1745,553136,13408,1.676000
1746,553453,13408,1.676000
1747,553770,13424,1.678000
1748,554086,13424,1.678000
1749,554403,13424,1.678000
1750,554720,13456,1.682000
1751,555037,13440,1.680000
1752,555354,13424,1.678000
1753,555670,13408,1.676000
1754,555987,13472,1.684000
1755,556304,13424,1.678000
1756,556621,13472,1.684000
1757,556938,13392,1.674000
1758,557255,13408,1.676000
1759,557572,13424,1.678000
1760,557888,13376,1.672000
1761,558205,13456,1.682000
1762,558522,13424,1.678000
1763,558839,13408,1.676000
1764,559156,13456,1.682000
1765,559473,13424,1.678000
1766,559790,13408,1.676000
1767,560106,13456,1.682000
1768,560424,13472,1.684000
1769,560740,13456,1.682000
1770,561057,13392,1.674000
1771,561374,13408,1.676000
1772,561690,13424,1.678000
1773,562008,13376,1.672000
1774,562325,13392,1.674000
1775,562641,13424,1.678000
1776,562958,13392,1.674000
1777,563275,13376,1.672000
1778,563592,13360,1.670000
1779,563909,13344,1.668000
1780,564226,13344,1.668000
1781,564542,13408,1.676000
1782,564859,13344,1.668000
1783,565177,13424,1.678000
1784,565493,13360,1.670000
1785,565810,13392,1.674000
1786,566127,13424,1.678000
1787,566443,13376,1.672000
1788,566760,13376,1.672000
1789,567078,13392,1.674000
1790,567394,13424,1.678000
1791,567711,13360,1.670000
1792,568028,13392,1.674000
1793,568345,13344,1.668000
1794,568662,13424,1.678000
1795,568978,13376,1.672000
1796,569295,13376,1.672000
1797,569612,13424,1.678000
1798,569929,13440,1.680000
1799,570245,13424,1.678000
1800,570563,13440,1.680000
1801,570879,13408,1.676000
1802,571196,13424,1.678000
1803,571513,13488,1.686000
1804,571830,13392,1.674000
1805,572147,13408,1.676000
1806,572464,13376,1.672000
1807,572781,13424,1.678000
1808,573097,13408,1.676000
1809,573414,13392,1.674000
1810,573731,13456,1.682000
1811,574048,13424,1.678000
1812,574365,13424,1.678000
1813,574684,13440,1.680000
1814,574999,13408,1.676000
1815,575316,13376,1.672000
1816,575632,13504,1.688000
1817,575949,13408,1.676000
1818,576266,13392,1.674000
1819,576583,13408,1.676000
1820,576900,13424,1.678000
1821,577217,13456,1.682000
1822,577533,13328,1.666000
1823,577850,13456,1.682000
1824,578168,13392,1.674000
1825,578484,13376,1.672000
1826,578801,13440,1.680000
1827,579118,13376,1.672000
1828,579434,13376,1.672000
1829,579752,13408,1.676000
1830,580068,13360,1.670000
1831,580385,13392,1.674000
1832,580702,13360,1.670000
1833,581018,13376,1.672000
1834,581336,13392,1.674000
1835,581653,13392,1.674000
1836,581969,13360,1.670000
1837,582286,13392,1.674000
1838,582603,13360,1.670000
1839,582920,13360,1.670000
1840,583237,13344,1.668000
1841,583554,13328,1.666000
1842,583870,13328,1.666000
1843,584187,13376,1.672000
1844,584504,13360,1.670000
1845,584821,13360,1.670000
1846,585138,13376,1.672000
1847,585455,13360,1.670000
1848,585772,13440,1.680000
1849,586088,13392,1.674000
1850,586406,13456,1.682000
1851,586722,13424,1.678000
1852,587039,13440,1.680000
1853,587356,13408,1.676000
1854,587673,13392,1.674000
1855,587990,13408,1.676000
1856,588306,13424,1.678000
1857,588623,13456,1.682000
1858,588940,13440,1.680000
1859,589257,13376,1.672000
1860,589574,13456,1.682000
1861,589891,13440,1.680000
1862,590208,13376,1.672000
1863,590524,13456,1.682000
1864,590841,13392,1.674000
1865,591158,13424,1.678000
1866,591475,13408,1.676000
1867,591792,13376,1.672000
1868,592108,13392,1.674000
1869,592426,13344,1.668000
1870,592743,13424,1.678000
1871,593059,13408,1.676000
1872,593376,13472,1.684000
1873,593693,13392,1.674000
1874,594010,13360,1.670000
1875,594327,13408,1.676000
1876,594643,13344,1.668000
1877,594960,13360,1.670000
1878,595277,13376,1.672000
1879,595594,13408,1.676000
1880,595911,13456,1.682000
1881,596228,13408,1.676000
1882,596545,13392,1.674000
1883,596861,13424,1.678000
1884,597179,13328,1.666000
1885,597495,13344,1.668000
1886,597812,13360,1.670000
1887,598129,13344,1.668000
1888,598446,13312,1.664000
1889,598763,13328,1.666000
1890,599079,13376,1.672000
1891,599397,13360,1.670000
1892,599713,13376,1.672000
1893,600030,13296,1.662000
1894,600347,13360,1.670000
1895,600663,13392,1.674000
1896,600981,13344,1.668000
1897,601298,13344,1.668000
1898,601615,13360,1.670000
1899,601931,13376,1.672000
1900,602248,13360,1.670000
1901,602565,13392,1.674000
1902,602882,13424,1.678000
1903,603199,13392,1.674000
1904,603515,13440,1.680000
1905,603832,13472,1.684000
1906,604149,13424,1.678000
1907,604466,13472,1.684000
1908,604783,13456,1.682000
1909,605100,13440,1.680000
1910,605416,13424,1.678000
1911,605733,13392,1.674000
1912,606050,13456,1.682000
1913,606367,13440,1.680000
1914,606684,13424,1.678000
1915,607001,13408,1.676000
1916,607318,13472,1.684000
1917,607635,13440,1.680000
1918,607951,13440,1.680000
1919,608268,13392,1.674000
1920,608585,13440,1.680000
1921,608902,13408,1.676000
1922,609219,13456,1.682000
1923,609536,13408,1.676000
1924,609852,13392,1.674000
1925,610170,13440,1.680000
1926,610486,13440,1.680000
1927,610803,13376,1.672000
1928,611120,13360,1.670000
1929,611437,13424,1.678000
1930,611754,13408,1.676000
1931,612071,13392,1.674000
1932,612388,13424,1.678000
1933,612704,13376,1.672000
1934,613021,13344,1.668000
1935,613338,13360,1.670000
1936,613655,13408,1.676000
1937,613972,13376,1.672000
1938,614289,13360,1.670000
1939,614605,13392,1.674000
1940,614922,13376,1.672000
1941,615239,13376,1.672000
1942,615556,13408,1.676000
1943,615873,13328,1.666000
1944,616190,13360,1.670000
1945,616507,13376,1.672000
1946,616823,13360,1.670000
1947,617140,13344,1.668000
1948,617458,13392,1.674000
1949,617774,13408,1.676000
1950,618091,13408,1.676000
1951,618408,13408,1.676000
1952,618725,13424,1.678000
1953,619041,13376,1.672000
1954,619358,13440,1.680000
1955,619675,13440,1.680000
1956,619992,13440,1.680000
1957,620309,13440,1.680000
1958,620626,13456,1.682000
1959,620943,13408,1.676000
1960,621260,13408,1.676000
1961,621576,13472,1.684000
1962,621893,13440,1.680000
1963,622210,13440,1.680000
1964,622527,13488,1.686000
1965,622844,13408,1.676000
1966,623160,13440,1.680000
1967,623477,13472,1.684000
1968,623794,13408,1.676000
1969,624111,13472,1.684000
1970,624428,13456,1.682000
1971,624745,13376,1.672000
1972,625062,13440,1.680000
1973,625379,13440,1.680000
1974,625695,13424,1.678000
1975,626013,13424,1.678000
1976,626329,13424,1.678000
1977,626646,13408,1.676000
1978,626963,13440,1.680000
1979,627280,13360,1.670000
1980,627597,13440,1.680000
1981,627913,13360,1.670000
1982,628230,13312,1.664000
1983,628547,13328,1.666000
1984,628864,13376,1.672000
1985,629181,13376,1.672000
1986,629497,13392,1.674000
1987,629815,13344,1.668000
1988,630131,13408,1.676000
1989,630448,13312,1.664000
1990,630765,13328,1.666000
1991,631081,13360,1.670000
1992,631399,13312,1.664000
1993,631716,13376,1.672000
1994,632032,13424,1.678000
1995,632349,13376,1.672000
1996,632666,13392,1.674000
1997,632983,13392,1.674000
1998,633300,13376,1.672000
1999,633617,13408,1.676000
2000,633933,13328,1.666000
2001,634251,13408,1.676000
2002,634567,13344,1.668000
2003,634884,13392,1.674000
2004,635200,13408,1.676000
2005,635518,13440,1.680000
2006,635835,13424,1.678000
2007,636151,13264,1.658000
2008,636469,13456,1.682000
2009,636785,13440,1.680000
2010,637102,13360,1.670000
2011,637419,13424,1.678000
2012,637736,13440,1.680000
2013,638052,13248,1.656000
2014,638370,13440,1.680000
2015,638687,13488,1.686000
2016,639003,13408,1.676000
2017,639320,13456,1.682000
2018,639637,13408,1.676000
2019,639954,13392,1.674000
2020,640270,13424,1.678000
2021,640588,13440,1.680000
2022,640904,13440,1.680000
2023,641221,13504,1.688000
2024,641538,13424,1.678000
2025,641855,13424,1.678000
2026,642171,13424,1.678000
2027,642489,13392,1.674000
2028,642806,13408,1.676000
2029,643122,13408,1.676000
2030,643440,13360,1.670000
2031,643756,13408,1.676000
2032,644073,13376,1.672000
2033,644390,13392,1.674000
2034,644706,13376,1.672000
2035,645024,13360,1.670000
2036,645340,13376,1.672000
2037,645657,13376,1.672000
2038,645974,13376,1.672000
2039,646291,13312,1.664000
2040,646608,13360,1.670000
2041,646925,13360,1.670000
2042,647241,13392,1.674000
2043,647558,13408,1.676000
2044,647875,13344,1.668000
2045,648192,13312,1.664000
2046,648509,13376,1.672000
2047,648826,13360,1.670000
2048,649143,13376,1.672000
2049,649459,13360,1.670000
2050,649776,13264,1.658000
2051,650093,13312,1.664000
2052,650410,13360,1.670000
2053,650727,13392,1.674000
2054,651043,13360,1.670000
2055,651360,13344,1.668000
2056,651678,13344,1.668000
2057,651994,13376,1.672000
2058,652311,13408,1.676000
2059,652628,13392,1.674000
2060,652945,13408,1.676000
2061,653262,13392,1.674000
2062,653578,13440,1.680000
2063,653895,13456,1.682000
2064,654212,13456,1.682000
2065,654529,13440,1.680000
2066,654846,13408,1.676000
2067,655163,13472,1.684000
2068,655479,13376,1.672000
2069,655796,13360,1.670000
2070,656113,13440,1.680000
2071,656431,13536,1.692000
2072,656747,13440,1.680000
2073,657064,13408,1.676000
2074,657381,13440,1.680000
2075,657698,13440,1.680000
2076,658014,13472,1.684000
2077,658331,13440,1.680000
2078,658648,13552,1.694000
2079,658965,13408,1.676000
2080,659282,13376,1.672000
2081,659599,13392,1.674000
2082,659915,13392,1.674000
2083,660232,13424,1.678000
2084,660549,13632,1.704000
2085,660866,13344,1.668000
2086,661183,13360,1.670000
2087,661500,13392,1.674000
2088,661816,13424,1.678000
2089,662134,13360,1.670000
2090,662450,13408,1.676000
2091,662768,13712,1.714000
2092,663084,13376,1.672000
2093,663401,13360,1.670000
2094,663718,13344,1.668000
2095,664035,13344,1.668000
2096,664351,13360,1.670000
2097,664669,13616,1.702000
2098,664985,13376,1.672000
2099,665302,13408,1.676000
2100,665619,13344,1.668000
2101,665936,13328,1.666000
2102,666253,13392,1.674000
2103,666569,13360,1.670000
2104,666886,13360,1.670000
2105,667203,13360,1.670000
2106,667520,13440,1.680000
2107,667837,13360,1.670000
2108,668154,13344,1.668000
2109,668471,13392,1.674000
2110,668787,13376,1.672000
2111,669105,13440,1.680000
2112,669421,13392,1.674000
2113,669738,13424,1.678000
2114,670055,13456,1.682000
2115,670372,13408,1.676000
2116,670689,13376,1.672000
2117,671005,13392,1.674000
2118,671322,13424,1.678000
2119,671639,13456,1.682000
2120,671955,13472,1.684000
2121,672272,13440,1.680000
2122,672590,13456,1.682000
2123,672907,13472,1.684000
2124,673223,13424,1.678000
2125,673540,13440,1.680000
2126,673857,13440,1.680000
2127,674174,13440,1.680000
2128,674491,13456,1.682000
2129,674808,13440,1.680000
2130,675124,13440,1.680000
2131,675442,13424,1.678000
2132,675758,13392,1.674000
2133,676075,13472,1.684000
2134,676392,13504,1.688000
2135,676709,13440,1.680000
2136,677025,13456,1.682000
2137,677343,13440,1.680000
2138,677660,13440,1.680000
2139,677976,13424,1.678000
2140,678293,13504,1.688000
2141,678610,13440,1.680000
2142,678926,13376,1.672000
2143,679244,13360,1.670000
2144,679561,13360,1.670000
2145,679877,13376,1.672000
2146,680194,13376,1.672000
2147,680511,13472,1.684000
2148,680827,13344,1.668000
2149,681145,13552,1.694000
2150,681462,13392,1.674000
2151,681779,13376,1.672000
2152,682096,13376,1.672000
2153,682412,13424,1.678000
2154,682729,13344,1.668000
2155,683046,13408,1.676000
2156,683363,13392,1.674000
2157,683684,13424,1.678000
2158,683996,13376,1.672000
2159,684313,13360,1.670000
2160,684630,13424,1.678000
2161,684947,13360,1.670000
2162,685264,13392,1.674000
2163,685581,13360,1.670000
2164,685898,13360,1.670000
2165,686215,13424,1.678000
2166,686531,13408,1.676000
2167,686848,13376,1.672000
2168,687165,13424,1.678000
2169,687482,13392,1.674000
2170,687799,13424,1.678000
2171,688116,13456,1.682000
2172,688432,13392,1.674000
2173,688749,13424,1.678000
2174,689066,13408,1.676000
2175,689383,13440,1.680000
2176,689700,13424,1.678000
2177,690017,13488,1.686000
2178,690333,13424,1.678000
2179,690651,13440,1.680000
2180,690967,13456,1.682000
2181,691284,13392,1.674000
2182,691601,13392,1.674000
2183,691918,13456,1.682000
2184,692235,13408,1.676000
2185,692551,13472,1.684000
2186,692869,13392,1.674000
2187,693186,13424,1.678000
2188,693502,13392,1.674000
2189,693819,13408,1.676000
2190,694136,13424,1.678000
2191,694453,13440,1.680000
2192,694770,13408,1.676000
2193,695086,13408,1.676000
2194,695403,13328,1.666000
2195,695720,13408,1.676000
2196,696037,13392,1.674000
2197,696354,13424,1.678000
2198,696671,13392,1.674000
2199,696988,13376,1.672000
2200,697305,13344,1.668000
2201,697621,13376,1.672000
2202,697938,13264,1.658000
2203,698255,13456,1.682000
2204,698572,13424,1.678000
2205,698889,13392,1.674000
2206,699206,13392,1.674000
2207,699522,13360,1.670000
2208,699839,13392,1.674000
2209,700155,13344,1.668000
2210,700473,13424,1.678000
2211,700790,13376,1.672000
2212,701107,13328,1.666000
2213,701423,13440,1.680000
2214,701740,13376,1.672000
2215,702057,13360,1.670000
2216,702374,13392,1.674000
2217,702691,13376,1.672000
2218,703008,13408,1.676000
2219,703325,13424,1.678000
2220,703641,13376,1.672000
2221,703958,13424,1.678000
2222,704276,13376,1.672000
2223,704592,13504,1.688000
2224,704909,13504,1.688000
2225,705226,13360,1.670000
2226,705542,13472,1.684000
2227,705859,13456,1.682000
2228,706177,13440,1.680000
2229,706493,13424,1.678000
2230,706810,13440,1.680000
2231,707127,13536,1.692000
2232,707444,13424,1.678000
2233,707760,13248,1.656000
2234,708078,13472,1.684000
2235,708394,13424,1.678000
2236,708711,13424,1.678000
2237,709028,13520,1.690000
2238,709345,13456,1.682000
2239,709661,13248,1.656000
2240,709979,13424,1.678000
2241,710296,13424,1.678000
2242,710612,13408,1.676000
2243,710929,13424,1.678000
2244,711246,13392,1.674000
2245,711563,13360,1.670000
2246,711880,13216,1.652000
2247,712197,13376,1.672000
2248,712513,13376,1.672000
2249,712830,13296,1.662000
2250,713147,13376,1.672000
2251,713464,13344,1.668000
2252,713781,13184,1.648000
2253,714097,13376,1.672000
2254,714415,13392,1.674000
2255,714731,13376,1.672000
2256,715048,13360,1.670000
2257,715365,13360,1.670000
2258,715685,13344,1.668000
2259,715999,13152,1.644000
2260,716316,13328,1.666000
2261,716632,13408,1.676000
2262,716950,13344,1.668000
2263,717267,13344,1.668000
2264,717583,13376,1.672000
2265,717900,13296,1.662000
2266,718217,13424,1.678000
2267,718533,13360,1.670000
2268,718850,13424,1.678000
2269,719168,13392,1.674000
2270,719485,13472,1.684000
2271,719801,13408,1.676000
2272,720118,13440,1.680000
2273,720435,13440,1.680000
2274,720752,13408,1.676000
2275,721068,13440,1.680000
2276,721385,13472,1.684000
2277,721702,13456,1.682000
2278,722019,13440,1.680000
2279,722336,13456,1.682000
2280,722653,13472,1.684000
2281,722969,13408,1.676000
2282,723287,13424,1.678000
2283,723603,13424,1.678000
2284,723920,13456,1.682000
2285,724237,13488,1.686000
2286,724554,13472,1.684000
2287,724870,13440,1.680000
2288,725188,13424,1.678000
2289,725504,13424,1.678000
2290,725821,13424,1.678000
2291,726139,13424,1.678000
2292,726455,13392,1.674000
2293,726772,13440,1.680000
2294,727089,13392,1.674000
2295,727406,13424,1.678000
2296,727722,13408,1.676000
2297,728039,13392,1.674000
2298,728356,13344,1.668000
2299,728673,13376,1.672000
2300,728989,13408,1.676000
2301,729307,13408,1.676000
2302,729623,13584,1.698000
2303,729940,13360,1.670000
2304,730258,13376,1.672000
2305,730574,13344,1.668000
2306,730891,13344,1.668000
2307,731208,13264,1.658000
2308,731525,13488,1.686000
2309,731842,13408,1.676000
2310,732158,13328,1.666000
2311,732475,13344,1.668000
2312,732792,13360,1.670000
2313,733109,13392,1.674000
2314,733426,13360,1.670000
2315,733743,13440,1.680000
2316,734059,13328,1.666000
2317,734377,13488,1.686000
2318,734693,13408,1.676000
2319,735010,13424,1.678000
2320,735327,13408,1.676000
2321,735644,13472,1.684000
2322,735960,13440,1.680000
2323,736278,13552,1.694000
2324,736594,13424,1.678000
2325,736911,13392,1.674000
2326,737228,13440,1.680000
2327,737545,13440,1.680000
2328,737862,13504,1.688000
2329,738179,13424,1.678000
2330,738496,13584,1.698000
2331,738812,13424,1.678000
2332,739129,13488,1.686000
2333,739446,13424,1.678000
2334,739763,13456,1.682000
2335,740080,13456,1.682000
2336,740397,13632,1.704000
2337,740713,13456,1.682000
2338,741030,13440,1.680000
2339,741347,13424,1.678000
2340,741664,13424,1.678000
2341,741981,13440,1.680000
2342,742298,13408,1.676000
2343,742615,13584,1.698000
2344,742931,13408,1.676000
2345,743248,13408,1.676000
2346,743565,13456,1.682000
2347,743882,13408,1.676000
2348,744199,13408,1.676000
2349,744516,13424,1.678000
2350,744832,13408,1.676000
2351,745149,13376,1.672000
2352,745466,13344,1.668000
2353,745783,13376,1.672000
2354,746100,13392,1.674000
2355,746417,13328,1.666000
2356,746733,13408,1.676000
2357,747051,13440,1.680000
2358,747367,13376,1.672000
2359,747684,13376,1.672000
2360,748001,13408,1.676000
2361,748318,13408,1.676000
2362,748635,13344,1.668000
2363,748951,13376,1.672000
2364,749268,13344,1.668000
2365,749585,13344,1.668000
2366,749902,13392,1.674000
2367,750219,13408,1.676000
2368,750536,13360,1.670000
2369,750853,13392,1.674000
2370,751169,13392,1.674000
2371,751487,13408,1.676000
2372,751803,13376,1.672000
2373,752120,13360,1.670000
2374,752437,13392,1.674000
2375,752754,13376,1.672000
2376,753071,13392,1.674000
2377,753388,13408,1.676000
2378,753704,13408,1.676000
2379,754021,13312,1.664000
2380,754338,13456,1.682000
2381,754655,13344,1.668000
2382,754972,13456,1.682000
2383,755288,13360,1.670000
2384,755606,13456,1.682000
2385,755922,13440,1.680000
2386,756239,13376,1.672000
2387,756556,13408,1.676000
2388,756873,13424,1.678000
2389,757190,13424,1.678000
2390,757507,13456,1.682000
2391,757823,13472,1.684000
2392,758140,13328,1.666000
2393,758458,13440,1.680000
2394,758774,13392,1.674000
2395,759091,13424,1.678000
2396,759408,13424,1.678000
2397,759724,13424,1.678000
2398,760042,13424,1.678000
2399,760358,13264,1.658000
2400,760675,13376,1.672000
2401,760992,13248,1.656000
2402,761309,13424,1.678000
2403,761626,13376,1.672000
2404,761942,13376,1.672000
2405,762260,13216,1.652000
2406,762576,13376,1.672000
2407,762893,13296,1.662000
2408,763210,13392,1.674000
2409,763527,13328,1.666000
2410,763844,13424,1.678000
2411,764160,13376,1.672000
2412,764478,13408,1.676000
2413,764794,13312,1.664000
2414,765111,13216,1.652000
2415,765428,13392,1.674000
2416,765745,13376,1.672000
2417,766061,13312,1.664000
2418,766379,13360,1.670000
2419,766695,13408,1.676000
2420,767012,13280,1.660000
2421,767329,13392,1.674000
2422,767646,13376,1.672000
2423,767963,13360,1.670000
2424,768280,13392,1.674000
2425,768597,13424,1.678000
2426,768914,13408,1.676000
2427,769230,13424,1.678000
2428,769547,13424,1.678000
2429,769864,13424,1.678000
2430,770181,13392,1.674000
2431,770498,13376,1.672000
2432,770814,13392,1.674000
2433,771132,13408,1.676000
2434,771448,13456,1.682000
2435,771765,13440,1.680000
2436,772081,13408,1.676000
2437,772399,13424,1.678000
2438,772716,13456,1.682000
2439,773032,13424,1.678000
2440,773349,13424,1.678000
2441,773666,13552,1.694000
2442,773983,13456,1.682000
2443,774300,13392,1.674000
2444,774617,13424,1.678000
2445,774933,13456,1.682000
2446,775251,13424,1.678000
2447,775567,13440,1.680000
2448,775885,13392,1.674000
2449,776200,13408,1.676000
2450,776518,13440,1.680000
2451,776835,13408,1.676000
2452,777151,13376,1.672000
2453,777469,13376,1.672000
2454,777785,13408,1.676000
2455,778102,13472,1.684000
2456,778418,13296,1.662000
2457,778736,13136,1.642000
2458,779053,13376,1.672000
2459,779370,13376,1.672000
2460,779686,13344,1.668000
2461,780003,13344,1.668000
2462,780320,13360,1.670000
2463,780637,13216,1.652000
2464,780954,13328,1.666000
2465,781271,13360,1.670000
2466,781587,13376,1.672000
2467,781904,13392,1.674000
2468,782221,13360,1.670000
2469,782538,13408,1.676000
2470,782855,13280,1.660000
2471,783171,13344,1.668000
2472,783489,13392,1.674000
2473,783806,13360,1.670000
2474,784122,13360,1.670000
2475,784440,13424,1.678000
2476,784756,13296,1.662000
2477,785073,13392,1.674000
2478,785390,13408,1.676000
2479,785706,13472,1.684000
2480,786024,13440,1.680000
2481,786340,13392,1.674000
2482,786657,13392,1.674000
2483,786974,13392,1.674000
2484,787291,13440,1.680000
2485,787608,13504,1.688000
2486,787925,13440,1.680000
2487,788241,13440,1.680000
2488,788558,13408,1.676000
2489,788875,13408,1.676000
2490,789192,13424,1.678000
2491,789509,13488,1.686000
2492,789826,13456,1.682000
2493,790143,13376,1.672000
2494,790459,13408,1.676000
2495,790776,13456,1.682000
2496,791094,13456,1.682000
2497,791410,13472,1.684000
2498,791727,13520,1.690000
2499,792044,13456,1.682000
2500,792361,13424,1.678000
2501,792677,13440,1.680000
2502,792994,13408,1.676000
2503,793311,13440,1.680000
2504,793628,13472,1.684000
2505,793945,13392,1.674000
2506,794262,13424,1.678000
2507,794579,13408,1.676000
2508,794896,13392,1.674000
2509,795212,13424,1.678000
2510,795529,13360,1.670000
2511,795846,13376,1.672000
2512,796163,13376,1.672000
2513,796480,13408,1.676000
2514,796797,13440,1.680000
2515,797113,13376,1.672000
2516,797430,13360,1.670000
2517,797747,13424,1.678000
2518,798063,13408,1.676000
2519,798381,13392,1.674000
2520,798698,13376,1.672000
2521,799015,13328,1.666000
2522,799332,13344,1.668000
2523,799648,13376,1.672000
2524,799965,13408,1.676000
2525,800282,13344,1.668000
2526,800599,13376,1.672000
2527,800915,13376,1.672000
2528,801232,13408,1.676000
2529,801549,13424,1.678000
2530,801866,13376,1.672000
2531,802183,13376,1.672000
2532,802500,13392,1.674000
2533,802817,13424,1.678000
2534,803134,13456,1.682000
2535,803450,13376,1.672000
2536,803768,13472,1.684000
2537,804084,13408,1.676000
2538,804401,13408,1.676000
2539,804718,13456,1.682000
2540,805035,13424,1.678000
2541,805352,13376,1.672000
2542,805668,13472,1.684000
2543,805985,13504,1.688000
2544,806302,13424,1.678000
2545,806619,13376,1.672000
2546,806936,13456,1.682000
2547,807253,13360,1.670000
2548,807569,13472,1.684000
2549,807886,13456,1.682000
2550,808203,13456,1.682000
2551,808520,13472,1.684000
2552,808837,13456,1.682000
2553,809154,13440,1.680000
2554,809471,13296,1.662000
2555,809787,13456,1.682000
2556,810105,13504,1.688000
2557,810421,13424,1.678000
2558,810738,13424,1.678000
2559,811055,13408,1.676000
2560,811372,13248,1.656000
2561,811689,13424,1.678000
2562,812005,13392,1.674000
2563,812323,13408,1.676000
2564,812639,13328,1.666000
2565,812956,13440,1.680000
2566,813273,13456,1.682000
2567,813590,13344,1.668000
2568,813907,13328,1.666000
2569,814224,13248,1.656000
2570,814541,13344,1.668000
2571,814857,13376,1.672000
2572,815174,13376,1.672000
2573,815491,13344,1.668000
2574,815808,13408,1.676000
2575,816125,13280,1.660000
2576,816442,13344,1.668000
2577,816758,13360,1.670000
2578,817075,13328,1.666000
2579,817392,13392,1.674000
2580,817709,13408,1.676000
2581,818026,13392,1.674000
2582,818343,13264,1.658000
2583,818659,13392,1.674000
2584,818977,13376,1.672000
2585,819294,13392,1.674000
2586,819610,13424,1.678000
2587,819927,13456,1.682000
2588,820244,13328,1.666000
2589,820561,13408,1.676000
2590,820877,13392,1.674000
2591,821194,13360,1.670000
2592,821511,13376,1.672000
2593,821828,13424,1.678000
2594,822145,13456,1.682000
2595,822462,13520,1.690000
2596,822778,13408,1.676000
2597,823096,13392,1.674000
2598,823412,13408,1.676000
2599,823729,13456,1.682000
2600,824046,13472,1.684000
2601,824363,13456,1.682000
2602,824683,13392,1.674000
2603,824997,13424,1.678000
2604,825314,13408,1.676000
2605,825630,13424,1.678000
2606,825947,13456,1.682000
2607,826264,13456,1.682000
2608,826580,13392,1.674000
2609,826898,13408,1.676000
2610,827215,13376,1.672000
2611,827532,13376,1.672000
2612,827849,13360,1.670000
2613,828165,13360,1.670000
2614,828482,13360,1.670000
2615,828799,13376,1.672000
2616,829116,13408,1.676000
2617,829433,13376,1.672000
2618,829750,13392,1.674000
2619,830066,13376,1.672000
2620,830383,13392,1.674000
2621,830700,13360,1.670000
2622,831016,13360,1.670000
2623,831334,13392,1.674000
2624,831651,13360,1.670000
2625,831967,13440,1.680000
2626,832284,13376,1.672000
2627,832601,13392,1.674000
2628,832918,13376,1.672000
2629,833235,13360,1.670000
2630,833552,13376,1.672000
2631,833869,13456,1.682000
2632,834186,13360,1.670000
2633,834502,13376,1.672000
2634,834819,13408,1.676000
2635,835136,13456,1.682000
2636,835453,13392,1.674000
2637,835770,13472,1.684000
2638,836086,13504,1.688000
2639,836403,13408,1.676000
2640,836720,13408,1.676000
2641,837038,13456,1.682000
2642,837354,13424,1.678000
2643,837671,13424,1.678000
2644,837988,13472,1.684000
2645,838305,13392,1.674000
2646,838622,13440,1.680000
2647,838938,13376,1.672000
2648,839255,13472,1.684000
2649,839572,13472,1.684000
2650,839889,13456,1.682000
2651,840206,13520,1.690000
2652,840523,13424,1.678000
2653,840839,13376,1.672000
2654,841156,13408,1.676000
2655,841473,13472,1.684000
2656,841790,13440,1.680000
2657,842107,13408,1.676000
2658,842424,13424,1.678000
2659,842740,13392,1.674000
2660,843057,13408,1.676000
2661,843374,13408,1.676000
2662,843691,13376,1.672000
2663,844008,13456,1.682000
2664,844325,13344,1.668000
2665,844642,13408,1.676000
2666,844959,13408,1.676000
2667,845276,13376,1.672000
2668,845592,13424,1.678000
2669,845909,13440,1.680000
2670,846226,13376,1.672000
2671,846543,13408,1.676000
2672,846859,13392,1.674000
2673,847177,13376,1.672000
2674,847494,13360,1.670000
2675,847810,13392,1.674000
2676,848127,13440,1.680000
2677,848444,13360,1.670000
2678,848761,13344,1.668000
2679,849078,13328,1.666000
2680,849394,13408,1.676000
2681,849711,13376,1.672000
2682,850028,13344,1.668000
2683,850344,13328,1.666000
2684,850662,13424,1.678000
2685,850979,13344,1.668000
2686,851296,13328,1.666000
2687,851612,13408,1.676000
2688,851930,13328,1.666000
2689,852246,13392,1.674000
2690,852563,13392,1.674000
2691,852880,13376,1.672000
2692,853197,13440,1.680000
2693,853514,13408,1.676000
2694,853830,13408,1.676000
2695,854147,13472,1.684000
2696,854464,13440,1.680000
2697,854781,13456,1.682000
2698,855098,13424,1.678000
2699,855415,13424,1.678000
2700,855732,13424,1.678000
2701,856048,13472,1.684000
2702,856366,13472,1.684000
2703,856684,13424,1.678000
2704,856999,13440,1.680000
2705,857316,13456,1.682000
2706,857633,13392,1.674000
2707,857950,13488,1.686000
2708,858267,13424,1.678000
2709,858583,13392,1.674000
2710,858900,13424,1.678000
2711,859217,13392,1.674000
2712,859534,13424,1.678000
2713,859851,13408,1.676000
2714,860167,13424,1.678000
2715,860484,13424,1.678000
2716,860802,13360,1.670000
2717,861118,13408,1.676000
2718,861435,13376,1.672000
2719,861752,13408,1.676000
2720,862069,13440,1.680000
2721,862386,13360,1.670000
2722,862703,13392,1.674000
2723,863019,13392,1.674000
2724,863336,13360,1.670000
2725,863653,13360,1.670000
2726,863970,13328,1.666000
2727,864287,13392,1.674000
2728,864604,13376,1.672000
2729,864920,13392,1.674000
2730,865237,13360,1.670000
2731,865554,13344,1.668000
2732,865871,13344,1.668000
2733,866188,13376,1.672000
2734,866505,13376,1.672000
2735,866822,13392,1.674000
2736,867138,13392,1.674000
2737,867455,13360,1.670000
2738,867772,13408,1.676000
2739,868089,13344,1.668000
2740,868406,13376,1.672000
2741,868723,13408,1.676000
2742,869039,13440,1.680000
2743,869357,13408,1.676000
2744,869673,13376,1.672000
2745,869990,13392,1.674000
2746,870307,13376,1.672000
2747,870624,13376,1.672000
2748,870940,13376,1.672000
2749,871257,13408,1.676000
2750,871575,13440,1.680000
2751,871891,13456,1.682000
2752,872208,13472,1.684000
2753,872525,13424,1.678000
2754,872842,13504,1.688000
2755,873159,13456,1.682000
2756,873476,13392,1.674000
2757,873792,13440,1.680000
2758,874109,13408,1.676000
2759,874426,13472,1.684000
2760,874743,13440,1.680000
2761,875060,13424,1.678000
2762,875376,13424,1.678000
2763,875694,13440,1.680000
2764,876010,13376,1.672000
2765,876328,13408,1.676000
2766,876644,13440,1.680000
2767,876961,13456,1.682000
2768,877278,13408,1.676000
2769,877595,13424,1.678000
2770,877912,13360,1.670000
2771,878228,13392,1.674000
2772,878546,13392,1.674000
2773,878862,13376,1.672000
2774,879179,13392,1.674000
2775,879496,13392,1.674000
2776,879813,13392,1.674000
2777,880129,13376,1.672000
2778,880446,13344,1.668000
2779,880763,13376,1.672000
2780,881080,13408,1.676000
2781,881397,13376,1.672000
2782,881714,13376,1.672000
2783,882030,13344,1.668000
2784,882347,13392,1.674000
2785,882664,13440,1.680000
2786,882982,13360,1.670000
2787,883298,13392,1.674000
2788,883615,13408,1.676000
2789,883932,13376,1.672000
2790,884249,13424,1.678000
2791,884565,13424,1.678000
2792,884882,13360,1.670000
2793,885199,13408,1.676000
2794,885516,13408,1.676000
2795,885833,13424,1.678000
2796,886150,13472,1.684000
2797,886466,13408,1.676000
2798,886783,13424,1.678000
2799,887101,13408,1.676000
2800,887417,13520,1.690000
2801,887734,13440,1.680000
2802,888051,13424,1.678000
2803,888368,13440,1.680000
2804,888684,13472,1.684000
2805,889001,13440,1.680000
2806,889318,13456,1.682000
2807,889635,13392,1.674000
2808,889952,13440,1.680000
2809,890269,13456,1.682000
2810,890586,13440,1.680000
2811,890902,13392,1.674000
2812,891219,13408,1.676000
2813,891536,13392,1.674000
2814,891852,13456,1.682000
2815,892170,13440,1.680000
2816,892487,13440,1.680000
2817,892803,13408,1.676000
2818,893121,13424,1.678000
2819,893437,13456,1.682000
2820,893754,13392,1.674000
2821,894071,13408,1.676000
2822,894388,13424,1.678000
2823,894704,13440,1.680000
2824,895022,13472,1.684000
2825,895338,13312,1.664000
2826,895655,13456,1.682000
2827,895972,13424,1.678000
2828,896289,13392,1.674000
2829,896606,13408,1.676000
2830,896922,13408,1.676000
2831,897239,13328,1.666000
2832,897556,13344,1.668000
2833,897873,13360,1.670000
2834,898190,13376,1.672000
2835,898507,13328,1.666000
2836,898823,13328,1.666000
2837,899141,13376,1.672000
2838,899458,13312,1.664000
2839,899774,13376,1.672000
2840,900091,13312,1.664000
2841,900408,13408,1.676000
2842,900725,13424,1.678000
2843,901042,13424,1.678000
2844,901359,13392,1.674000
2845,901675,13408,1.676000
2846,901992,13392,1.674000
2847,902310,13408,1.676000
2848,902626,13456,1.682000
2849,902943,13392,1.674000
2850,903260,13424,1.678000
2851,903576,13440,1.680000
2852,903893,13392,1.674000
2853,904210,13392,1.674000
2854,904527,13424,1.678000
2855,904844,13408,1.676000
2856,905161,13456,1.682000
2857,905478,13472,1.684000
2858,905795,13392,1.674000
2859,906111,13440,1.680000
2860,906428,13392,1.674000
2861,906745,13472,1.684000
2862,907062,13424,1.678000
2863,907379,13456,1.682000
2864,907696,13376,1.672000
2865,908012,13424,1.678000
2866,908329,13424,1.678000
2867,908646,13456,1.682000
2868,908963,13392,1.674000
2869,909280,13440,1.680000
2870,909596,13456,1.682000
2871,909914,13424,1.678000
2872,910231,13408,1.676000
2873,910547,13440,1.680000
2874,910865,13408,1.676000
2875,911181,13424,1.678000
2876,911498,13360,1.670000
2877,911815,13424,1.678000
2878,912132,13392,1.674000
2879,912449,13392,1.674000
2880,912765,13376,1.672000
2881,913082,13408,1.676000
2882,913399,13408,1.676000
2883,913716,13360,1.670000
2884,914033,13360,1.670000
2885,914350,13424,1.678000
2886,914667,13344,1.668000
2887,914984,13376,1.672000
2888,915301,13376,1.672000
2889,915617,13328,1.666000
2890,915934,13360,1.670000
2891,916251,13392,1.674000
2892,916568,13376,1.672000
2893,916885,13360,1.670000
2894,917202,13424,1.678000
2895,917518,13424,1.678000
2896,917835,13408,1.676000
2897,918152,13376,1.672000
2898,918469,13392,1.674000
2899,918786,13456,1.682000
2900,919102,13424,1.678000
2901,919419,13424,1.678000
2902,919736,13440,1.680000
2903,920053,13504,1.688000
2904,920370,13392,1.674000
2905,920687,13408,1.676000
2906,921004,13360,1.670000
2907,921321,13392,1.674000
2908,921637,13424,1.678000
2909,921954,13440,1.680000
2910,922271,13408,1.676000
2911,922587,13488,1.686000
2912,922905,13424,1.678000
2913,923222,13456,1.682000
2914,923538,13488,1.686000
2915,923855,13472,1.684000
2916,924172,13472,1.684000
2917,924489,13472,1.684000
2918,924806,13472,1.684000
2919,925123,13424,1.678000
2920,925440,13408,1.676000
2921,925757,13440,1.680000
2922,926073,13408,1.676000
2923,926390,13440,1.680000
2924,926707,13472,1.684000
2925,927023,13424,1.678000
2926,927341,13344,1.668000
2927,927657,13360,1.670000
2928,927974,13344,1.668000
2929,928291,13392,1.674000
2930,928608,13376,1.672000
2931,928925,13376,1.672000
2932,929242,13344,1.668000
2933,929558,13360,1.670000
2934,929876,13360,1.670000
2935,930192,13360,1.670000
2936,930509,13344,1.668000
2937,930826,13392,1.674000
2938,931143,13376,1.672000
2939,931460,13408,1.676000
2940,931777,13344,1.668000
2941,932093,13376,1.672000
2942,932410,13328,1.666000
2943,932727,13280,1.660000
2944,933044,13344,1.668000
2945,933361,13360,1.670000
2946,933678,13328,1.666000
2947,933995,13424,1.678000
2948,934312,13408,1.676000
2949,934628,13424,1.678000
2950,934945,13360,1.670000
2951,935262,13408,1.676000
2952,935579,13424,1.678000
2953,935896,13360,1.670000
2954,936213,13424,1.678000
2955,936529,13408,1.676000
2956,936846,13472,1.684000
2957,937164,13424,1.678000
2958,937480,13440,1.680000
2959,937796,13472,1.684000
2960,938114,13440,1.680000
2961,938431,13424,1.678000
2962,938747,13424,1.678000
2963,939064,13472,1.684000
2964,939381,13456,1.682000
2965,939698,13488,1.686000
2966,940015,13440,1.680000
2967,940332,13424,1.678000
2968,940649,13392,1.674000
2969,940965,13424,1.678000
2970,941282,13472,1.684000
2971,941599,13456,1.682000
2972,941916,13440,1.680000
2973,942233,13392,1.674000
2974,942550,13408,1.676000
2975,942866,13424,1.678000
2976,943183,13408,1.676000
2977,943500,13408,1.676000
2978,943817,13376,1.672000
2979,944134,13424,1.678000
2980,944451,13456,1.682000
2981,944768,13424,1.678000
2982,945084,13376,1.672000
2983,945401,13376,1.672000
2984,945718,13376,1.672000
2985,946035,13344,1.668000
2986,946352,13424,1.678000
2987,946669,13392,1.674000
2988,946986,13408,1.676000
2989,947302,13360,1.670000
2990,947619,13360,1.670000
2991,947937,13328,1.666000
2992,948253,13344,1.668000
2993,948570,13360,1.670000
2994,948887,13376,1.672000
2995,949203,13360,1.670000
2996,949521,13360,1.670000
2997,949837,13376,1.672000
2998,950154,13408,1.676000
2999,950470,13408,1.676000
3000,950788,13376,1.672000
3001,951105,13424,1.678000
3002,951422,13392,1.674000
3003,951739,13424,1.678000
3004,952055,13424,1.678000
3005,952372,13408,1.676000
3006,952689,13424,1.678000
3007,953006,13424,1.678000
3008,953323,13376,1.672000
3009,953640,13408,1.676000
3010,953957,13440,1.680000
3011,954274,13456,1.682000
3012,954590,13456,1.682000
3013,954907,13440,1.680000
3014,955224,13456,1.682000
3015,955541,13424,1.678000
3016,955857,13456,1.682000
3017,956175,13440,1.680000
3018,956491,13408,1.676000
3019,956808,13408,1.676000
3020,957125,13408,1.676000
3021,957442,13424,1.678000
3022,957758,13440,1.680000
3023,958076,13376,1.672000
3024,958393,13408,1.676000
3025,958709,13472,1.684000
3026,959026,13440,1.680000
3027,959343,13408,1.676000
3028,959660,13424,1.678000
3029,959976,13408,1.676000
3030,960294,13424,1.678000
3031,960611,13376,1.672000
3032,960927,13408,1.676000
3033,961244,13424,1.678000
3034,961561,13408,1.676000
3035,961878,13376,1.672000
3036,962195,13360,1.670000
3037,962511,13408,1.676000
3038,962829,13376,1.672000
3039,963145,13360,1.670000
3040,963462,13360,1.670000
3041,963779,13328,1.666000
3042,964096,13360,1.670000
3043,964413,13376,1.672000
3044,964730,13360,1.670000
3045,965046,13392,1.674000
3046,965363,13392,1.674000
3047,965683,13376,1.672000
3048,965997,13376,1.672000
3049,966314,13408,1.676000
3050,966631,13408,1.676000
3051,966947,13392,1.674000
3052,967265,13328,1.666000
3053,967581,13360,1.670000
3054,967898,13408,1.676000
3055,968215,13344,1.668000
3056,968532,13360,1.670000
3057,968849,13392,1.674000
3058,969165,13392,1.674000
3059,969482,13408,1.676000
3060,969799,13456,1.682000
3061,970116,13472,1.684000
3062,970433,13440,1.680000
3063,970750,13392,1.674000
3064,971067,13472,1.684000
3065,971384,13440,1.680000
3066,971700,13456,1.682000
3067,972017,13440,1.680000
3068,972334,13360,1.670000
3069,972651,13456,1.682000
3070,972967,13504,1.688000
3071,973285,13472,1.684000
3072,973601,13456,1.682000
3073,973919,13472,1.684000
3074,974235,13440,1.680000
3075,974552,13424,1.678000
3076,974869,13488,1.686000
3077,975186,13376,1.672000
3078,975503,13424,1.678000
3079,975819,13440,1.680000
3080,976137,13424,1.678000
3081,976453,13472,1.684000
3082,976770,13408,1.676000
3083,977087,13392,1.674000
3084,977404,13376,1.672000
3085,977720,13376,1.672000
3086,978037,13360,1.670000
3087,978354,13360,1.670000
3088,978671,13344,1.668000
3089,978988,13424,1.678000
3090,979305,13376,1.672000
3091,979622,13392,1.674000
3092,979939,13376,1.672000
3093,980255,13296,1.662000
3094,980572,13344,1.668000
3095,980889,13360,1.670000
3096,981206,13328,1.666000
3097,981523,13360,1.670000
3098,981840,13312,1.664000
3099,982157,13360,1.670000
3100,982473,13360,1.670000
3101,982790,13328,1.666000
3102,983107,13344,1.668000
3103,983424,13408,1.676000
3104,983741,13360,1.670000
3105,984058,13408,1.676000
3106,984374,13376,1.672000
3107,984691,13360,1.670000
3108,985008,13376,1.672000
3109,985325,13408,1.676000
3110,985642,13376,1.672000
3111,985959,13376,1.672000
3112,986276,13408,1.676000
3113,986593,13392,1.674000
3114,986909,13440,1.680000
3115,987226,13360,1.670000
3116,987543,13392,1.674000
3117,987860,13408,1.676000
3118,988177,13456,1.682000
3119,988494,13456,1.682000
3120,988811,13440,1.680000
3121,989127,13440,1.680000
3122,989444,13344,1.668000
3123,989761,13424,1.678000
3124,990078,13440,1.680000
3125,990394,13456,1.682000
3126,990712,13408,1.676000
3127,991028,13488,1.686000
3128,991345,13456,1.682000
3129,991662,13456,1.682000
3130,991979,13408,1.676000
3131,992296,13456,1.682000
3132,992613,13392,1.674000
3133,992929,13456,1.682000
3134,993246,13424,1.678000
3135,993563,13344,1.668000
3136,993880,13376,1.672000
3137,994197,13424,1.678000
3138,994514,13392,1.674000
3139,994831,13392,1.674000
3140,995147,13392,1.674000
3141,995464,13392,1.674000
3142,995781,13392,1.674000
3143,996098,13376,1.672000
3144,996415,13424,1.678000
3145,996732,13392,1.674000
3146,997049,13408,1.676000
3147,997366,13344,1.668000
3148,997684,13360,1.670000
3149,997999,13344,1.668000
3150,998316,13392,1.674000
3151,998633,13392,1.674000
3152,998949,13360,1.670000
3153,999266,13392,1.674000
3154,999584,13312,1.664000
3155,999900,13392,1.674000
