sample,timestamp_us,raw,voltage_V
0,119,9568,1.196000
1,436,9664,1.208000
2,753,9744,1.218000
3,1069,9792,1.224000
4,1386,9920,1.240000
5,1703,10144,1.268000
6,2020,10400,1.300000
7,2337,10704,1.338000
8,2653,11056,1.382000
9,2971,11360,1.420000
10,3288,11840,1.480000
11,3604,12272,1.534000
12,3921,12656,1.582000
13,4238,13120,1.640000
14,4555,13568,1.696000
15,4871,13952,1.744000
16,5189,14448,1.806000
17,5505,14912,1.864000
18,5822,15248,1.906000
19,6139,15648,1.956000
20,6456,15984,1.998000
21,6773,16288,2.036000
22,7089,16496,2.062000
23,7407,16704,2.088000
24,7723,17024,2.128000
25,8040,17056,2.132000
26,8357,17120,2.140000
27,8674,17088,2.136000
28,8990,16976,2.122000
29,9308,17008,2.126000
30,9624,16864,2.108000
31,9941,16624,2.078000
32,10258,16384,2.048000
33,10575,16096,2.012000
34,10892,15744,1.968000
35,11209,15440,1.930000
36,11525,14992,1.874000
37,11842,14624,1.828000
38,12159,14144,1.768000
39,12476,13712,1.714000
40,12793,13312,1.664000
41,13110,12896,1.612000
42,13427,12368,1.546000
43,13744,11968,1.496000
44,14060,11616,1.452000
45,14377,11216,1.402000
46,14694,10880,1.360000
47,15010,10512,1.314000
48,15328,10288,1.286000
49,15645,9936,1.242000
50,15961,9904,1.238000
51,16278,9744,1.218000
52,16595,9600,1.200000
53,16912,9600,1.200000
54,17229,9648,1.206000
55,17546,9760,1.220000
56,17863,9920,1.240000
57,18180,10048,1.256000
58,18496,10256,1.282000
59,18813,10576,1.322000
60,19130,10864,1.358000
61,19447,11136,1.392000
62,19764,11616,1.452000
63,20080,12016,1.502000
64,20398,12512,1.564000
65,20714,12832,1.604000
66,21031,13296,1.662000
67,21348,13760,1.720000
68,21665,14224,1.778000
69,21982,14640,1.830000
70,22299,15024,1.878000
71,22616,15424,1.928000
72,22932,15792,1.974000
73,23249,16112,2.014000
74,23566,16384,2.048000
75,23883,16608,2.076000
76,24200,16848,2.106000
77,24516,16992,2.124000
78,24833,17072,2.134000
79,25150,17120,2.140000
80,25467,17088,2.136000
81,25784,17088,2.136000
82,26101,16928,2.116000
83,26417,16704,2.088000
84,26734,16464,2.058000
85,27052,16240,2.030000
86,27368,15968,1.996000
87,27685,15632,1.954000
88,28002,15264,1.908000
89,28319,14880,1.860000
90,28636,14400,1.800000
91,28952,13984,1.748000
92,29269,13536,1.692000
93,29586,13136,1.642000
94,29903,12656,1.582000
95,30220,12208,1.526000
96,30537,11856,1.482000
97,30853,11424,1.428000
98,31171,11024,1.378000
99,31487,10688,1.336000
100,31804,10432,1.304000
101,32120,10096,1.262000
102,32438,9920,1.240000
103,32755,9776,1.222000
104,33072,9632,1.204000
105,33389,9632,1.204000
106,33705,9664,1.208000
107,34022,9632,1.204000
108,34339,9744,1.218000
109,34656,10000,1.250000
110,34972,10064,1.258000
111,35289,10336,1.292000
112,35606,10688,1.336000
113,35923,11008,1.376000
114,36240,11264,1.408000
115,36557,11728,1.466000
116,36874,12128,1.516000
117,37190,12608,1.576000
118,37508,12992,1.624000
119,37824,13440,1.680000
120,38141,13968,1.746000
121,38458,14288,1.786000
122,38775,14752,1.844000
123,39092,15200,1.900000
124,39409,15648,1.956000
125,39725,15920,1.990000
126,40042,16240,2.030000
127,40359,16512,2.064000
128,40676,16672,2.084000
129,40993,16880,2.110000
130,41310,17024,2.128000
131,41627,17088,2.136000
132,41943,17168,2.146000
133,42261,17088,2.136000
134,42577,17040,2.130000
135,42894,16912,2.114000
136,43211,16640,2.080000
137,43528,16384,2.048000
138,43845,16192,2.024000
139,44161,15808,1.976000
140,44478,15488,1.936000
141,44795,15120,1.890000
142,45112,14704,1.838000
143,45429,14256,1.782000
144,45746,13792,1.724000
145,46062,13328,1.666000
146,46380,12944,1.618000
147,46696,12432,1.554000
148,47013,12112,1.514000
149,47330,11616,1.452000
150,47647,11264,1.408000
151,47964,10912,1.364000
152,48281,10592,1.324000
153,48598,10288,1.286000
154,48914,10016,1.252000
155,49231,9760,1.220000
156,49548,9712,1.214000
157,49865,9680,1.210000
158,50182,9600,1.200000
159,50499,9600,1.200000
160,50816,9680,1.210000
161,51132,9840,1.230000
162,51449,10016,1.252000
163,51766,10240,1.280000
164,52083,10448,1.306000
165,52400,10768,1.346000
166,52717,11120,1.390000
167,53033,11520,1.440000
168,53350,11904,1.488000
169,53667,12336,1.542000
170,53984,12816,1.602000
171,54301,13216,1.652000
172,54618,13632,1.704000
173,54934,14096,1.762000
174,55252,14512,1.814000
175,55568,14944,1.868000
176,55886,15376,1.922000
177,56201,15680,1.960000
178,56519,16000,2.000000
179,56836,16352,2.044000
180,57152,16624,2.078000
181,57470,16816,2.102000
182,57786,16928,2.116000
183,58103,17088,2.136000
184,58419,17120,2.140000
185,58737,17152,2.144000
186,59054,17024,2.128000
187,59371,16944,2.118000
188,59687,16784,2.098000
189,60004,16592,2.074000
190,60321,16336,2.042000
191,60638,15968,1.996000
192,60955,15728,1.966000
193,61272,15296,1.912000
194,61588,14976,1.872000
195,61905,14512,1.814000
196,62222,14080,1.760000
197,62539,13616,1.702000
198,62856,13200,1.650000
199,63173,12704,1.588000
200,63490,12304,1.538000
201,63806,11920,1.490000
202,64123,11456,1.432000
203,64440,11104,1.388000
204,64757,10800,1.350000
205,65074,10464,1.308000
206,65391,10192,1.274000
207,65708,10000,1.250000
208,66024,9824,1.228000
209,66341,9712,1.214000
210,66658,9616,1.202000
211,66976,9648,1.206000
212,67292,9600,1.200000
213,67609,9712,1.214000
214,67926,9888,1.236000
215,68243,10016,1.252000
216,68559,10352,1.294000
217,68876,10592,1.324000
218,69193,10928,1.366000
219,69510,11280,1.410000
220,69827,11680,1.460000
221,70144,12016,1.502000
222,70460,12512,1.564000
223,70777,12944,1.618000
224,71094,13376,1.672000
225,71411,13808,1.726000
226,71728,14320,1.790000
227,72045,14752,1.844000
228,72362,15136,1.892000
229,72679,15472,1.934000
230,72995,15840,1.980000
231,73312,16160,2.020000
232,73629,16480,2.060000
233,73946,16656,2.082000
234,74263,16832,2.104000
235,74580,16976,2.122000
236,74897,17088,2.136000
237,75214,17120,2.140000
238,75530,17072,2.134000
239,75847,17008,2.126000
240,76163,16880,2.110000
241,76481,16672,2.084000
242,76798,16464,2.058000
243,77114,16144,2.018000
244,77431,15856,1.982000
245,77748,15536,1.942000
246,78064,15120,1.890000
247,78382,14784,1.848000
248,78699,14336,1.792000
249,79015,13968,1.746000
250,79332,13424,1.678000
251,79649,13024,1.628000
252,79966,12608,1.576000
253,80283,12144,1.518000
254,80600,11728,1.466000
255,80916,11248,1.406000
256,81233,10896,1.362000
257,81550,10592,1.324000
258,81867,10336,1.292000
259,82184,10112,1.264000
260,82501,9872,1.234000
261,82818,9728,1.216000
262,83134,9680,1.210000
263,83452,9616,1.202000
264,83768,9616,1.202000
265,84085,9696,1.212000
266,84402,9744,1.218000
267,84719,9904,1.238000
268,85036,10192,1.274000
269,85352,10416,1.302000
270,85670,10704,1.338000
271,85986,11088,1.386000
272,86303,11424,1.428000
273,86620,11824,1.478000
274,86937,12224,1.528000
275,87254,12672,1.584000
276,87571,13152,1.644000
277,87887,13568,1.696000
278,88204,14016,1.752000
279,88521,14400,1.800000
280,88837,14848,1.856000
281,89155,15152,1.894000
282,89472,15616,1.952000
283,89788,16000,2.000000
284,90106,16272,2.034000
285,90422,16512,2.064000
286,90739,16752,2.094000
287,91056,16944,2.118000
288,91373,17072,2.134000
289,91690,17120,2.140000
290,92007,17120,2.140000
291,92324,17072,2.134000
292,92640,16944,2.118000
293,92957,16848,2.106000
294,93274,16624,2.078000
295,93591,16416,2.052000
296,93908,16112,2.014000
297,94225,15808,1.976000
298,94541,15408,1.926000
299,94859,15024,1.878000
300,95175,14640,1.830000
301,95492,14208,1.776000
302,95809,13696,1.712000
303,96126,13296,1.662000
304,96443,12832,1.604000
305,96760,12384,1.548000
306,97076,11984,1.498000
307,97393,11600,1.450000
308,97710,11168,1.396000
309,98027,10832,1.354000
310,98344,10528,1.316000
311,98660,10256,1.282000
312,98978,9984,1.248000
313,99294,9824,1.228000
314,99611,9680,1.210000
315,99928,9616,1.202000
316,100245,9568,1.196000
317,100562,9632,1.204000
318,100879,9680,1.210000
319,101196,9808,1.226000
320,101512,10032,1.254000
321,101829,10240,1.280000
322,102145,10528,1.316000
323,102463,10832,1.354000
324,102780,11248,1.406000
325,103096,11584,1.448000
326,103414,11984,1.498000
327,103730,12432,1.554000
328,104047,12864,1.608000
329,104363,13312,1.664000
330,104684,13728,1.716000
331,104998,14192,1.774000
332,105315,14656,1.832000
333,105631,15008,1.876000
334,105948,15456,1.932000
335,106265,15808,1.976000
336,106582,16128,2.016000
337,106899,16432,2.054000
338,107216,16656,2.082000
339,107532,16848,2.106000
340,107849,16992,2.124000
341,108167,17088,2.136000
342,108483,17120,2.140000
343,108800,17088,2.136000
344,109117,17040,2.130000
345,109434,16896,2.112000
346,109750,16768,2.096000
347,110067,16528,2.066000
348,110384,16272,2.034000
349,110701,15968,1.996000
350,111018,15664,1.958000
351,111335,15200,1.900000
352,111651,14816,1.852000
353,111969,14464,1.808000
354,112286,13984,1.748000
355,112602,13584,1.698000
356,112919,13104,1.638000
357,113236,12688,1.586000
358,113553,12272,1.534000
359,113870,11760,1.470000
360,114187,11488,1.436000
361,114504,11056,1.382000
362,114820,10704,1.338000
363,115137,10368,1.296000
364,115454,10096,1.262000
365,115770,9920,1.240000
366,116088,9760,1.220000
367,116405,9632,1.204000
368,116721,9616,1.202000
369,117038,9568,1.196000
370,117355,9696,1.212000
371,117672,9744,1.218000
372,117989,9904,1.238000
373,118306,10112,1.264000
374,118623,10320,1.290000
375,118939,10704,1.338000
376,119257,10976,1.372000
377,119573,11312,1.414000
378,119890,11792,1.474000
379,120207,12160,1.520000
380,120523,12496,1.562000
381,120840,12992,1.624000
382,121157,13472,1.684000
383,121474,13936,1.742000
384,121791,14416,1.802000
385,122107,14832,1.854000
386,122425,15232,1.904000
387,122741,15600,1.950000
388,123058,15920,1.990000
389,123375,16176,2.022000
390,123692,16496,2.062000
391,124009,16752,2.094000
392,124326,16864,2.108000
393,124643,17024,2.128000
394,124960,17056,2.132000
395,125277,17056,2.132000
396,125593,17088,2.136000
397,125910,17024,2.128000
398,126227,16880,2.110000
399,126544,16720,2.090000
400,126860,16400,2.050000
401,127178,16128,2.016000
402,127495,15872,1.984000
403,127811,15520,1.940000
404,128128,15072,1.884000
405,128445,14736,1.842000
406,128762,14272,1.784000
407,129079,13808,1.726000
408,129395,13424,1.678000
409,129712,12880,1.610000
410,130030,12528,1.566000
411,130346,12016,1.502000
412,130663,11632,1.454000
413,130980,11264,1.408000
414,131297,10896,1.362000
415,131613,10656,1.332000
416,131931,10320,1.290000
417,132247,10016,1.252000
418,132564,9840,1.230000
419,132881,9712,1.214000
420,133197,9648,1.206000
421,133515,9696,1.212000
422,133831,9664,1.208000
423,134148,9648,1.206000
424,134465,9776,1.222000
425,134782,9968,1.246000
426,135099,10176,1.272000
427,135416,10512,1.314000
428,135733,10784,1.348000
429,136049,11120,1.390000
430,136367,11472,1.434000
431,136685,11872,1.484000
432,137000,12320,1.540000
433,137317,12768,1.596000
434,137634,13184,1.648000
435,137951,13648,1.706000
436,138268,14064,1.758000
437,138584,14496,1.812000
438,138901,14912,1.864000
439,139218,15296,1.912000
440,139535,15760,1.970000
441,139852,16080,2.010000
442,140169,16352,2.044000
443,140486,16528,2.066000
444,140802,16752,2.094000
445,141119,16976,2.122000
446,141436,17040,2.130000
447,141752,17152,2.144000
448,142070,17072,2.134000
449,142387,17040,2.130000
450,142703,17008,2.126000
451,143020,16848,2.106000
452,143337,16576,2.072000
453,143654,16336,2.042000
454,143970,16048,2.006000
455,144287,15696,1.962000
456,144605,15360,1.920000
457,144921,14928,1.866000
458,145238,14496,1.812000
459,145555,14112,1.764000
460,145871,13664,1.708000
461,146189,13184,1.648000
462,146506,12736,1.592000
463,146823,12288,1.536000
464,147139,11888,1.486000
465,147456,11392,1.424000
466,147773,11072,1.384000
467,148090,10704,1.338000
468,148407,10464,1.308000
469,148724,10208,1.276000
470,149040,9952,1.244000
471,149358,9808,1.226000
472,149674,9696,1.212000
473,149991,9536,1.192000
474,150308,9520,1.190000
475,150625,9584,1.198000
476,150942,9744,1.218000
477,151259,9840,1.230000
478,151576,10032,1.254000
479,151892,10320,1.290000
480,152209,10592,1.324000
481,152526,10896,1.362000
482,152843,11264,1.408000
483,153160,11712,1.464000
484,153477,12064,1.508000
485,153793,12496,1.562000
486,154110,13120,1.640000
487,154427,13440,1.680000
488,154744,13872,1.734000
489,155060,14320,1.790000
490,155378,14688,1.836000
491,155694,15104,1.888000
492,156012,15632,1.954000
493,156328,15856,1.982000
494,156645,16160,2.020000
495,156962,16448,2.056000
496,157279,16640,2.080000
497,157596,16848,2.106000
498,157913,17056,2.132000
499,158229,17264,2.158000
500,158546,17024,2.128000
501,158863,17056,2.132000
502,159179,16976,2.122000
503,159496,16896,2.112000
504,159814,16736,2.092000
505,160130,16704,2.088000
506,160447,16144,2.018000
507,160764,15920,1.990000
508,161081,15536,1.942000
509,161398,15168,1.896000
510,161715,14752,1.844000
511,162031,14336,1.792000
512,162348,13920,1.740000
513,162665,13440,1.680000
514,162982,12992,1.624000
515,163299,12560,1.570000
516,163616,12160,1.520000
517,163933,11760,1.470000
518,164250,11328,1.416000
519,164566,10928,1.366000
520,164883,10592,1.324000
521,165200,10400,1.300000
522,165517,10144,1.268000
523,165834,9872,1.234000
524,166151,9712,1.214000
525,166467,9680,1.210000
526,166784,9648,1.206000
527,167101,9632,1.204000
528,167418,9712,1.214000
529,167735,9808,1.226000
530,168052,9952,1.244000
531,168369,10144,1.268000
532,168686,10528,1.316000
533,169002,10720,1.340000
534,169319,11104,1.388000
535,169636,11392,1.424000
536,169952,11824,1.478000
537,170270,12240,1.530000
538,170587,12656,1.582000
539,170904,13072,1.634000
540,171220,13584,1.698000
541,171537,14016,1.752000
542,171854,14464,1.808000
543,172171,14864,1.858000
544,172488,15264,1.908000
545,172804,15632,1.954000
546,173122,15952,1.994000
547,173438,16320,2.040000
548,173755,16560,2.070000
549,174072,16768,2.096000
550,174389,16944,2.118000
551,174705,16976,2.122000
552,175023,17072,2.134000
553,175340,17152,2.144000
554,175656,17056,2.132000
555,175973,17056,2.132000
556,176290,16864,2.108000
557,176607,16720,2.090000
558,176924,16400,2.050000
559,177241,16112,2.014000
560,177557,15760,1.970000
561,177874,15488,1.936000
562,178191,14976,1.872000
563,178508,14752,1.844000
564,178824,14176,1.772000
565,179142,13744,1.718000
566,179459,13280,1.660000
567,179775,12848,1.606000
568,180092,12416,1.552000
569,180408,12032,1.504000
570,180726,11680,1.460000
571,181043,11152,1.394000
572,181360,10832,1.354000
573,181676,10496,1.312000
574,181993,10272,1.284000
575,182310,10000,1.250000
576,182627,9904,1.238000
577,182944,9632,1.204000
578,183261,9664,1.208000
579,183578,9584,1.198000
580,183895,9600,1.200000
581,184212,9696,1.212000
582,184528,9856,1.232000
583,184845,10032,1.254000
584,185162,10176,1.272000
585,185479,10544,1.318000
586,185795,10800,1.350000
587,186113,11200,1.400000
588,186430,11568,1.446000
589,186746,11968,1.496000
590,187063,12384,1.548000
591,187380,12912,1.614000
592,187697,13328,1.666000
593,188013,13712,1.714000
594,188331,14208,1.776000
595,188647,14640,1.830000
596,188964,15040,1.880000
597,189281,15440,1.930000
598,189598,15840,1.980000
599,189915,16208,2.026000
600,190232,16400,2.050000
601,190548,16640,2.080000
602,190866,16768,2.096000
603,191182,16944,2.118000
604,191499,17056,2.132000
605,191816,17184,2.148000
606,192133,17104,2.138000
607,192449,17024,2.128000
608,192767,16928,2.116000
609,193083,16752,2.094000
610,193400,16512,2.064000
611,193717,16304,2.038000
612,194034,16048,2.006000
613,194351,15632,1.954000
614,194667,15248,1.906000
615,194984,14864,1.858000
616,195301,14416,1.802000
617,195618,14032,1.754000
618,195935,13568,1.696000
619,196252,13072,1.634000
620,196569,12688,1.586000
621,196885,12256,1.532000
622,197203,11824,1.478000
623,197519,11392,1.424000
624,197836,11008,1.376000
625,198153,10768,1.346000
626,198470,10432,1.304000
627,198787,10160,1.270000
628,199104,9920,1.240000
629,199420,9744,1.218000
630,199737,9632,1.204000
631,200054,9616,1.202000
632,200371,9760,1.220000
633,200688,9632,1.204000
634,201005,9824,1.228000
635,201322,9904,1.238000
636,201638,10112,1.264000
637,201955,10352,1.294000
638,202272,10624,1.328000
639,202589,11200,1.400000
640,202906,11344,1.418000
641,203223,11488,1.436000
642,203539,12240,1.530000
643,203857,12592,1.574000
644,204173,13056,1.632000
645,204490,13744,1.718000
646,204807,13936,1.742000
647,205124,14080,1.760000
648,205441,14832,1.854000
649,205758,15184,1.898000
650,206074,15536,1.942000
651,206391,15920,1.990000
652,206708,16144,2.018000
653,207025,16480,2.060000
654,207342,16512,2.064000
655,207659,16912,2.114000
656,207975,16992,2.124000
657,208292,17104,2.138000
658,208610,17088,2.136000
659,208926,17056,2.132000
660,209243,16832,2.104000
661,209560,16864,2.108000
662,209877,16672,2.084000
663,210193,16432,2.054000
664,210510,16128,2.016000
665,210827,15856,1.982000
666,211143,15504,1.938000
667,211461,15072,1.884000
668,211778,14688,1.836000
669,212094,14256,1.782000
670,212411,13856,1.732000
671,212729,13376,1.672000
672,213045,12944,1.618000
673,213362,12464,1.558000
674,213679,12032,1.504000
675,213996,11632,1.454000
676,214312,11264,1.408000
677,214629,10864,1.358000
678,214946,10608,1.326000
679,215263,10256,1.282000
680,215580,10080,1.260000
681,215897,9872,1.234000
682,216214,9760,1.220000
683,216530,9680,1.210000
684,216847,9616,1.202000
685,217164,9536,1.192000
686,217481,9648,1.206000
687,217798,9808,1.226000
688,218115,10000,1.250000
689,218431,10192,1.274000
690,218748,10416,1.302000
691,219066,10816,1.352000
692,219382,11088,1.386000
693,219699,11488,1.436000
694,220016,11904,1.488000
695,220333,12320,1.540000
696,220650,12768,1.596000
697,220967,13200,1.650000
698,221283,13680,1.710000
699,221600,14064,1.758000
700,221917,14560,1.820000
701,222234,14912,1.864000
702,222551,15360,1.920000
703,222867,15712,1.964000
704,223185,16096,2.012000
705,223501,16288,2.036000
706,223818,16608,2.076000
707,224135,16816,2.102000
708,224451,16960,2.120000
709,224769,17088,2.136000
710,225085,17136,2.142000
711,225402,17136,2.142000
712,225719,17040,2.130000
713,226037,16976,2.122000
714,226353,16784,2.098000
715,226670,16560,2.070000
716,226987,16256,2.032000
717,227304,16048,2.006000
718,227621,15728,1.966000
719,227937,15344,1.918000
720,228254,14912,1.864000
721,228571,14544,1.818000
722,228888,14160,1.770000
723,229205,13552,1.694000
724,229521,13200,1.650000
725,229838,12816,1.602000
726,230156,12320,1.540000
727,230472,11936,1.492000
728,230789,11520,1.440000
729,231106,11056,1.382000
730,231423,10816,1.352000
731,231740,10416,1.302000
732,232056,10208,1.276000
733,232373,9984,1.248000
734,232690,9792,1.224000
735,233007,9648,1.206000
736,233324,9568,1.196000
737,233641,9600,1.200000
738,233958,9552,1.194000
739,234275,9728,1.216000
740,234591,9840,1.230000
741,234908,10000,1.250000
742,235225,10320,1.290000
743,235542,10576,1.322000
744,235858,10752,1.344000
745,236176,11280,1.410000
746,236492,11680,1.460000
747,236809,12064,1.508000
748,237126,12496,1.562000
749,237443,12912,1.614000
750,237760,13360,1.670000
751,238077,13808,1.726000
752,238393,14272,1.784000
753,238711,14736,1.842000
754,239027,15152,1.894000
755,239344,15520,1.940000
756,239661,15904,1.988000
757,239977,16144,2.018000
758,240295,16464,2.058000
759,240612,16704,2.088000
760,240928,16848,2.106000
761,241245,16992,2.124000
762,241562,17072,2.134000
763,241878,17152,2.144000
764,242196,17120,2.140000
765,242513,17040,2.130000
766,242830,16912,2.114000
767,243146,16704,2.088000
768,243463,16448,2.056000
769,243779,16224,2.028000
770,244097,15920,1.990000
771,244414,15568,1.946000
772,244730,15200,1.900000
773,245048,14736,1.842000
774,245365,14384,1.798000
775,245684,13936,1.742000
776,245998,13472,1.684000
777,246315,12992,1.624000
778,246632,12560,1.570000
779,246948,12128,1.516000
780,247266,11744,1.468000
781,247582,11216,1.402000
782,247899,11008,1.376000
783,248216,10656,1.332000
784,248533,10288,1.286000
785,248850,10112,1.264000
786,249167,9920,1.240000
787,249484,9760,1.220000
788,249801,9664,1.208000
789,250117,9568,1.196000
790,250434,9616,1.202000
791,250751,9664,1.208000
792,251067,9776,1.222000
793,251384,9904,1.238000
794,251702,10176,1.272000
795,252018,10416,1.302000
796,252336,10704,1.338000
797,252652,11120,1.390000
798,252969,11424,1.428000
799,253286,11776,1.472000
800,253602,12336,1.542000
801,253919,12656,1.582000
802,254236,13184,1.648000
803,254553,13568,1.696000
804,254870,13968,1.746000
805,255187,14416,1.802000
806,255504,14832,1.854000
807,255821,15376,1.922000
808,256137,15616,1.952000
809,256454,16016,2.002000
810,256771,16272,2.034000
811,257087,16560,2.070000
812,257405,16752,2.094000
813,257722,17072,2.134000
814,258038,16992,2.124000
815,258356,17168,2.146000
816,258672,17120,2.140000
817,258989,17104,2.138000
818,259306,16944,2.118000
819,259623,16784,2.098000
820,259940,16656,2.082000
821,260256,16400,2.050000
822,260573,16080,2.010000
823,260890,15792,1.974000
824,261207,15408,1.926000
825,261524,15024,1.878000
826,261840,14624,1.828000
827,262158,14192,1.774000
828,262474,13712,1.714000
829,262791,13296,1.662000
830,263108,12816,1.602000
831,263425,12400,1.550000
832,263741,11968,1.496000
833,264059,11520,1.440000
834,264376,11200,1.400000
835,264692,10752,1.344000
836,265010,10528,1.316000
837,265326,10240,1.280000
838,265643,10000,1.250000
839,265960,9840,1.230000
840,266277,9744,1.218000
841,266593,9616,1.202000
842,266910,9584,1.198000
843,267227,9600,1.200000
844,267544,9696,1.212000
845,267861,9840,1.230000
846,268178,10000,1.250000
847,268495,10304,1.288000
848,268811,10560,1.320000
849,269128,10864,1.358000
850,269445,11264,1.408000
851,269762,11568,1.446000
852,270079,11984,1.498000
853,270396,12416,1.552000
854,270712,12848,1.606000
855,271030,13296,1.662000
856,271346,13744,1.718000
857,271663,14160,1.770000
858,271980,14624,1.828000
859,272297,15056,1.882000
860,272614,15408,1.926000
861,272930,15696,1.962000
862,273247,16064,2.008000
863,273564,16352,2.044000
864,273881,16624,2.078000
865,274198,16688,2.086000
866,274515,16944,2.118000
867,274832,17056,2.132000
868,275149,17072,2.134000
869,275466,17088,2.136000
870,275782,17040,2.130000
871,276099,16768,2.096000
872,276416,16752,2.094000
873,276732,16544,2.068000
874,277050,16272,2.034000
875,277367,15952,1.994000
876,277685,15680,1.960000
877,278000,15232,1.904000
878,278317,14752,1.844000
879,278634,14448,1.806000
880,278950,14064,1.758000
881,279267,13488,1.686000
882,279585,13088,1.636000
883,279901,12704,1.588000
884,280218,12176,1.522000
885,280535,11792,1.474000
886,280851,11456,1.432000
887,281169,10976,1.372000
888,281486,10704,1.338000
889,281803,10384,1.298000
890,282119,10208,1.276000
891,282436,9952,1.244000
892,282753,9760,1.220000
893,283070,9600,1.200000
894,283387,9632,1.204000
895,283703,9584,1.198000
896,284021,9584,1.198000
897,284338,9792,1.224000
898,284654,9856,1.232000
899,284971,10016,1.252000
900,285288,10320,1.290000
901,285605,10656,1.332000
902,285921,10944,1.368000
903,286238,11328,1.416000
904,286555,11760,1.470000
905,286872,12144,1.518000
906,287189,12464,1.558000
907,287506,13040,1.630000
908,287823,13456,1.682000
909,288140,13936,1.742000
910,288457,14320,1.790000
911,288774,14800,1.850000
912,289090,15104,1.888000
913,289407,15520,1.940000
914,289724,15952,1.994000
915,290041,16240,2.030000
916,290358,16560,2.070000
917,290674,16672,2.084000
918,290992,16896,2.112000
919,291308,16960,2.120000
920,291625,17072,2.134000
921,291942,17120,2.140000
922,292259,17120,2.140000
923,292575,16976,2.122000
924,292892,16816,2.102000
925,293210,16656,2.082000
926,293526,16416,2.052000
927,293843,16128,2.016000
928,294159,15792,1.974000
929,294477,15456,1.932000
930,294794,15072,1.884000
931,295110,14704,1.838000
932,295427,14272,1.784000
933,295744,13824,1.728000
934,296061,13360,1.670000
935,296378,12944,1.618000
936,296695,12432,1.554000
937,297012,12096,1.512000
938,297329,11664,1.458000
939,297645,11200,1.400000
940,297962,10880,1.360000
941,298279,10592,1.324000
942,298596,10304,1.288000
943,298913,10064,1.258000
944,299229,9872,1.234000
945,299547,9712,1.214000
946,299863,9600,1.200000
947,300180,9600,1.200000
948,300497,9584,1.198000
949,300814,9712,1.214000
950,301131,9824,1.228000
951,301448,9984,1.248000
952,301765,10176,1.272000
953,302081,10480,1.310000
954,302398,10752,1.344000
955,302715,11200,1.400000
956,303032,11520,1.440000
957,303349,11856,1.482000
958,303665,12288,1.536000
959,303983,12752,1.594000
960,304300,13264,1.658000
961,304616,13664,1.708000
962,304932,14144,1.768000
963,305250,14496,1.812000
964,305567,15008,1.876000
965,305884,15328,1.916000
966,306201,15680,1.960000
967,306517,16000,2.000000
968,306834,16320,2.040000
969,307151,16624,2.078000
970,307468,16848,2.106000
971,307785,16944,2.118000
972,308101,17040,2.130000
973,308419,17104,2.138000
974,308735,17136,2.142000
975,309051,17056,2.132000
976,309369,16928,2.116000
977,309685,16784,2.098000
978,310003,16656,2.082000
979,310319,16352,2.044000
980,310636,16032,2.004000
981,310953,15680,1.960000
982,311270,15360,1.920000
983,311587,15024,1.878000
984,311904,14512,1.814000
985,312221,14096,1.762000
986,312538,13632,1.704000
987,312854,13248,1.656000
988,313171,12784,1.598000
989,313488,12272,1.534000
990,313805,11856,1.482000
991,314122,11520,1.440000
992,314438,11040,1.380000
993,314756,10800,1.350000
994,315073,10448,1.306000
995,315389,10192,1.274000
996,315706,9920,1.240000
997,316023,9808,1.226000
998,316340,9712,1.214000
999,316657,9648,1.206000
1000,316973,9584,1.198000
1001,317290,9616,1.202000
1002,317607,9728,1.216000
1003,317924,9856,1.232000
1004,318241,10064,1.258000
1005,318558,10288,1.286000
1006,318874,10592,1.324000
1007,319191,10928,1.366000
1008,319509,11232,1.404000
1009,319825,11696,1.462000
1010,320142,12096,1.512000
1011,320459,12480,1.560000
1012,320775,13008,1.626000
1013,321093,13424,1.678000
1014,321409,13792,1.724000
1015,321726,14256,1.782000
1016,322043,14704,1.838000
1017,322360,15056,1.882000
1018,322677,15376,1.922000
1019,322994,15888,1.986000
1020,323311,16144,2.018000
1021,323627,16448,2.056000
1022,323944,16704,2.088000
1023,324261,16928,2.116000
1024,324578,16992,2.124000
1025,324895,17136,2.142000
1026,325212,17088,2.136000
1027,325529,17120,2.140000
1028,325845,17024,2.128000
1029,326163,16896,2.112000
1030,326479,16752,2.094000
1031,326795,16512,2.064000
1032,327113,16224,2.028000
1033,327430,15792,1.974000
1034,327747,15520,1.940000
1035,328063,15216,1.902000
1036,328380,14752,1.844000
1037,328697,14368,1.796000
1038,329014,13920,1.740000
1039,329331,13376,1.672000
1040,329647,13056,1.632000
1041,329965,12592,1.574000
1042,330281,12224,1.528000
1043,330598,11712,1.464000
1044,330915,11328,1.416000
1045,331232,10960,1.370000
1046,331549,10640,1.330000
1047,331866,10320,1.290000
1048,332182,10144,1.268000
1049,332499,9904,1.238000
1050,332816,9744,1.218000
1051,333133,9664,1.208000
1052,333450,9520,1.190000
1053,333767,9616,1.202000
1054,334083,9696,1.212000
1055,334401,9744,1.218000
1056,334717,9936,1.242000
1057,335034,10128,1.266000
1058,335351,10384,1.298000
1059,335667,10736,1.342000
1060,335984,11040,1.380000
1061,336301,11408,1.426000
1062,336619,11776,1.472000
1063,336935,12240,1.530000
1064,337252,12720,1.590000
1065,337569,13056,1.632000
1066,337886,13600,1.700000
1067,338203,13952,1.744000
1068,338519,14432,1.804000
1069,338837,14864,1.858000
1070,339153,15232,1.904000
1071,339470,15632,1.954000
1072,339787,15984,1.998000
1073,340104,16288,2.036000
1074,340421,16544,2.068000
1075,340738,16768,2.096000
1076,341054,16944,2.118000
1077,341371,17040,2.130000
1078,341688,17152,2.144000
1079,342005,17088,2.136000
1080,342322,17088,2.136000
1081,342639,16992,2.124000
1082,342956,16784,2.098000
1083,343273,16640,2.080000
1084,343589,16368,2.046000
1085,343906,16144,2.018000
1086,344223,15728,1.966000
1087,344539,15376,1.922000
1088,344857,15024,1.878000
1089,345174,14592,1.824000
1090,345491,14176,1.772000
1091,345807,13680,1.710000
1092,346124,13296,1.662000
1093,346441,12832,1.604000
1094,346758,12416,1.552000
1095,347074,11968,1.496000
1096,347391,11568,1.446000
1097,347709,11184,1.398000
1098,348025,10832,1.354000
1099,348342,10544,1.318000
1100,348659,10208,1.276000
1101,348975,10000,1.250000
1102,349293,9824,1.228000
1103,349610,9744,1.218000
1104,349926,9648,1.206000
1105,350243,9584,1.198000
1106,350560,9568,1.196000
1107,350877,9680,1.210000
1108,351194,9824,1.228000
1109,351511,10064,1.258000
1110,351827,10208,1.276000
1111,352145,10544,1.318000
1112,352461,10832,1.354000
1113,352778,11216,1.402000
1114,353095,11568,1.446000
1115,353412,11968,1.496000
1116,353729,12368,1.546000
1117,354045,12832,1.604000
1118,354362,13312,1.664000
1119,354679,13744,1.718000
1120,354996,14176,1.772000
1121,355313,14624,1.828000
1122,355630,15040,1.880000
1123,355947,15376,1.922000
1124,356264,15744,1.968000
1125,356580,16128,2.016000
1126,356897,16352,2.044000
1127,357214,16624,2.078000
1128,357531,16816,2.102000
1129,357848,16944,2.118000
1130,358165,17040,2.130000
1131,358482,17104,2.138000
1132,358798,17024,2.128000
1133,359115,16992,2.124000
1134,359432,16912,2.114000
1135,359749,16736,2.092000
1136,360066,16560,2.070000
1137,360383,16208,2.026000
1138,360699,15936,1.992000
1139,361016,15648,1.956000
1140,361333,15248,1.906000
1141,361650,14848,1.856000
1142,361967,14432,1.804000
1143,362284,13952,1.744000
1144,362601,13552,1.694000
1145,362917,13072,1.634000
1146,363234,12624,1.578000
1147,363551,12224,1.528000
1148,363868,11824,1.478000
1149,364185,11344,1.418000
1150,364502,11104,1.388000
1151,364818,10672,1.334000
1152,365136,10464,1.308000
1153,365452,10160,1.270000
1154,365769,9920,1.240000
1155,366086,9760,1.220000
1156,366403,9664,1.208000
1157,366720,9568,1.196000
1158,367037,9616,1.202000
1159,367354,9696,1.212000
1160,367670,9712,1.214000
1161,367987,9952,1.244000
1162,368304,10080,1.260000
1163,368621,10368,1.296000
1164,368937,10608,1.326000
1165,369254,10976,1.372000
1166,369572,11344,1.418000
1167,369888,11744,1.468000
1168,370205,12160,1.520000
1169,370522,12576,1.572000
1170,370838,13024,1.628000
1171,371156,13488,1.686000
1172,371473,13936,1.742000
1173,371789,14336,1.792000
1174,372107,14784,1.848000
1175,372423,15152,1.894000
1176,372740,15520,1.940000
1177,373057,15936,1.992000
1178,373374,16208,2.026000
1179,373691,16480,2.060000
1180,374007,16688,2.086000
1181,374325,16864,2.108000
1182,374641,17008,2.126000
1183,374958,17136,2.142000
1184,375275,17120,2.140000
1185,375592,17120,2.140000
1186,375909,16976,2.122000
1187,376226,16816,2.102000
1188,376542,16672,2.084000
1189,376860,16496,2.062000
1190,377176,16144,2.018000
1191,377493,15824,1.978000
1192,377810,15536,1.942000
1193,378127,15088,1.886000
1194,378444,14656,1.832000
1195,378760,14304,1.788000
1196,379077,13824,1.728000
1197,379394,13344,1.668000
1198,379711,12896,1.612000
1199,380027,12480,1.560000
1200,380345,12016,1.502000
1201,380661,11664,1.458000
1202,380979,11280,1.410000
1203,381295,10896,1.362000
1204,381612,10512,1.314000
1205,381929,10304,1.288000
1206,382246,10016,1.252000
1207,382562,9888,1.236000
1208,382880,9696,1.212000
1209,383197,9664,1.208000
1210,383513,9664,1.208000
1211,383830,9600,1.200000
1212,384147,9712,1.214000
1213,384463,9792,1.224000
1214,384781,9968,1.246000
1215,385097,10272,1.284000
1216,385414,10416,1.302000
1217,385731,10816,1.352000
1218,386048,11088,1.386000
1219,386365,11472,1.434000
1220,386684,11904,1.488000
1221,386998,12304,1.538000
1222,387315,12672,1.584000
1223,387632,13232,1.654000
1224,387949,13600,1.700000
1225,388266,14096,1.762000
1226,388583,14480,1.810000
1227,388900,14976,1.872000
1228,389217,15392,1.924000
1229,389533,15696,1.962000
1230,389850,16048,2.006000
1231,390166,16320,2.040000
1232,390484,16576,2.072000
1233,390800,16816,2.102000
1234,391118,16960,2.120000
1235,391434,17088,2.136000
1236,391751,17168,2.146000
1237,392069,17104,2.138000
1238,392384,17040,2.130000
1239,392702,16928,2.116000
1240,393018,16752,2.094000
1241,393336,16592,2.074000
1242,393652,16336,2.042000
1243,393969,16032,2.004000
1244,394287,15680,1.960000
1245,394603,15328,1.916000
1246,394920,14960,1.870000
1247,395237,14544,1.818000
1248,395553,14112,1.764000
1249,395871,13600,1.700000
1250,396188,13200,1.650000
1251,396504,12768,1.596000
1252,396821,12304,1.538000
1253,397137,11856,1.482000
1254,397455,11456,1.432000
1255,397772,11120,1.390000
1256,398088,10768,1.346000
1257,398405,10448,1.306000
1258,398722,10240,1.280000
1259,399039,9968,1.246000
1260,399356,9760,1.220000
1261,399673,9632,1.204000
1262,399990,9632,1.204000
1263,400307,9600,1.200000
1264,400623,9680,1.210000
1265,400941,9712,1.214000
1266,401257,9840,1.230000
1267,401574,10048,1.256000
1268,401891,10256,1.282000
1269,402208,10576,1.322000
1270,402525,10944,1.368000
1271,402841,11248,1.406000
1272,403158,11616,1.452000
1273,403475,12064,1.508000
1274,403792,12496,1.562000
1275,404108,12944,1.618000
1276,404426,13440,1.680000
1277,404743,13824,1.728000
1278,405059,14208,1.776000
1279,405376,14704,1.838000
1280,405693,15104,1.888000
1281,406010,15520,1.940000
1282,406327,15856,1.982000
1283,406644,16192,2.024000
1284,406961,16416,2.052000
1285,407277,16640,2.080000
1286,407594,16832,2.104000
1287,407911,16976,2.122000
1288,408228,17104,2.138000
1289,408545,17152,2.144000
1290,408862,17072,2.134000
1291,409179,17024,2.128000
1292,409495,16912,2.114000
1293,409812,16704,2.088000
1294,410129,16496,2.062000
1295,410446,16240,2.030000
1296,410763,15920,1.990000
1297,411079,15552,1.944000
1298,411396,15232,1.904000
1299,411713,14816,1.852000
1300,412030,14352,1.794000
1301,412347,13888,1.736000
1302,412664,13456,1.682000
1303,412981,13040,1.630000
1304,413298,12640,1.580000
1305,413614,12144,1.518000
1306,413931,11648,1.456000
1307,414248,11312,1.414000
1308,414565,10992,1.374000
1309,414881,10592,1.324000
1310,415198,10400,1.300000
1311,415516,10096,1.262000
1312,415832,9920,1.240000
1313,416149,9696,1.212000
1314,416465,9616,1.202000
1315,416783,9520,1.190000
1316,417100,9648,1.206000
1317,417416,9664,1.208000
1318,417733,9760,1.220000
1319,418050,9872,1.234000
1320,418367,10128,1.266000
1321,418685,10368,1.296000
1322,419001,10688,1.336000
1323,419318,11040,1.380000
1324,419635,11392,1.424000
1325,419951,11760,1.470000
1326,420269,12192,1.524000
1327,420585,12656,1.582000
1328,420902,13088,1.636000
1329,421219,13632,1.704000
1330,421536,14016,1.752000
1331,421852,14432,1.804000
1332,422170,14848,1.856000
1333,422486,15232,1.904000
1334,422803,15664,1.958000
1335,423120,16080,2.010000
1336,423437,16272,2.034000
1337,423754,16496,2.062000
1338,424071,16720,2.090000
1339,424388,16912,2.114000
1340,424704,17008,2.126000
1341,425021,17088,2.136000
1342,425338,17152,2.144000
1343,425655,17120,2.140000
1344,425972,16992,2.124000
1345,426289,16816,2.102000
1346,426605,16576,2.072000
1347,426922,16352,2.044000
1348,427240,16128,2.016000
1349,427556,15776,1.972000
1350,427873,15456,1.932000
1351,428190,15008,1.876000
1352,428506,14624,1.828000
1353,428824,14208,1.776000
1354,429140,13696,1.712000
1355,429457,13392,1.674000
1356,429774,12880,1.610000
1357,430091,12416,1.552000
1358,430408,11968,1.496000
1359,430725,11568,1.446000
1360,431041,11168,1.396000
1361,431358,10784,1.348000
1362,431675,10576,1.322000
1363,431992,10304,1.288000
1364,432309,9984,1.248000
1365,432625,9808,1.226000
1366,432943,9696,1.212000
1367,433259,9680,1.210000
1368,433576,9600,1.200000
1369,433893,9616,1.202000
1370,434210,9664,1.208000
1371,434527,9856,1.232000
1372,434843,10064,1.258000
1373,435161,10256,1.282000
1374,435477,10544,1.318000
1375,435795,10848,1.356000
1376,436111,11184,1.398000
1377,436428,11536,1.442000
1378,436745,11968,1.496000
1379,437061,12432,1.554000
1380,437379,12848,1.606000
1381,437696,13264,1.658000
1382,438012,13728,1.716000
1383,438329,14192,1.774000
1384,438646,14560,1.820000
1385,438963,15024,1.878000
1386,439280,15440,1.930000
1387,439596,15680,1.960000
1388,439914,16128,2.016000
1389,440230,16384,2.048000
1390,440547,16624,2.078000
1391,440864,16880,2.110000
1392,441181,16928,2.116000
1393,441497,17104,2.138000
1394,441815,17120,2.140000
1395,442131,17024,2.128000
1396,442448,17040,2.130000
1397,442765,16864,2.108000
1398,443082,16688,2.086000
1399,443399,16560,2.070000
1400,443716,16304,2.038000
1401,444032,15984,1.998000
1402,444349,15600,1.950000
1403,444666,15264,1.908000
1404,444983,14816,1.852000
1405,445300,14480,1.810000
1406,445617,13984,1.748000
1407,445934,13568,1.696000
1408,446251,13120,1.640000
1409,446567,12640,1.580000
1410,446884,12208,1.526000
1411,447201,11840,1.480000
1412,447518,11440,1.430000
1413,447835,11152,1.394000
1414,448152,10736,1.342000
1415,448468,10416,1.302000
1416,448786,10160,1.270000
1417,449102,9952,1.244000
1418,449419,9808,1.226000
1419,449736,9936,1.242000
1420,450052,9616,1.202000
1421,450370,9584,1.198000
1422,450686,9568,1.196000
1423,451003,9760,1.220000
1424,451320,9888,1.236000
1425,451637,10048,1.256000
1426,451954,10624,1.328000
1427,452271,10608,1.326000
1428,452587,11008,1.376000
1429,452904,11280,1.410000
1430,453221,11712,1.464000
1431,453538,12128,1.516000
1432,453855,12800,1.600000
1433,454171,13024,1.628000
1434,454489,13360,1.670000
1435,454805,13952,1.744000
1436,455122,14368,1.796000
1437,455439,14768,1.846000
1438,455756,15200,1.900000
1439,456073,15632,1.954000
1440,456390,15824,1.978000
1441,456707,16192,2.024000
1442,457023,16480,2.060000
1443,457340,16720,2.090000
1444,457657,16864,2.108000
1445,457974,17088,2.136000
1446,458291,17120,2.140000
1447,458608,17120,2.140000
1448,458925,17072,2.134000
1449,459241,16976,2.122000
1450,459558,16848,2.106000
1451,459875,16672,2.084000
1452,460192,16464,2.058000
1453,460509,16160,2.020000
1454,460826,15792,1.974000
1455,461143,15536,1.942000
1456,461460,15152,1.894000
1457,461776,14704,1.838000
1458,462093,14272,1.784000
1459,462410,13776,1.722000
1460,462727,13392,1.674000
1461,463044,12928,1.616000
1462,463361,12496,1.562000
1463,463677,12080,1.510000
1464,463994,11632,1.454000
1465,464311,11264,1.408000
1466,464628,10928,1.366000
1467,464944,10640,1.330000
1468,465262,10304,1.288000
1469,465579,10096,1.262000
1470,465896,9856,1.232000
1471,466212,9728,1.216000
1472,466529,9648,1.206000
1473,466846,9584,1.198000
1474,467163,9632,1.204000
1475,467480,9664,1.208000
1476,467796,9792,1.224000
1477,468114,9968,1.246000
1478,468431,10144,1.268000
1479,468747,10480,1.310000
1480,469064,10816,1.352000
1481,469381,11104,1.388000
1482,469698,11328,1.416000
1483,470015,11920,1.490000
1484,470332,12272,1.534000
1485,470648,12784,1.598000
1486,470965,13184,1.648000
1487,471282,13648,1.706000
1488,471599,13904,1.738000
1489,471916,14464,1.808000
1490,472233,14896,1.862000
1491,472549,15280,1.910000
1492,472866,15712,1.964000
1493,473183,16000,2.000000
1494,473500,16352,2.044000
1495,473816,16464,2.058000
1496,474134,16768,2.096000
1497,474450,16880,2.110000
1498,474767,17072,2.134000
1499,475085,17120,2.140000
1500,475401,17168,2.146000
1501,475718,16992,2.124000
1502,476035,16960,2.120000
1503,476352,16624,2.078000
1504,476668,16576,2.072000
1505,476985,16368,2.046000
1506,477302,16064,2.008000
1507,477619,15744,1.968000
1508,477936,15328,1.916000
1509,478253,14912,1.864000
1510,478569,14384,1.798000
1511,478887,14080,1.760000
1512,479204,13632,1.704000
1513,479520,13248,1.656000
1514,479837,12784,1.598000
1515,480154,12304,1.538000
1516,480471,11664,1.458000
1517,480788,11488,1.436000
1518,481104,11088,1.386000
1519,481422,10784,1.348000
1520,481738,10496,1.312000
1521,482055,10176,1.272000
1522,482372,9968,1.246000
1523,482689,9552,1.194000
1524,483005,9664,1.208000
1525,483322,9616,1.202000
1526,483639,9568,1.196000
1527,483956,9616,1.202000
1528,484273,9776,1.222000
1529,484590,9856,1.232000
1530,484907,10080,1.260000
1531,485224,10256,1.282000
1532,485540,10608,1.326000
1533,485858,10880,1.360000
1534,486174,11328,1.416000
1535,486491,11632,1.454000
1536,486808,12048,1.506000
1537,487124,12400,1.550000
1538,487442,12944,1.618000
1539,487758,13360,1.670000
1540,488076,13856,1.732000
1541,488392,14272,1.784000
1542,488709,14688,1.836000
1543,489025,15072,1.884000
1544,489343,15520,1.940000
1545,489660,15824,1.978000
1546,489976,16112,2.014000
1547,490294,16432,2.054000
1548,490610,16640,2.080000
1549,490927,16832,2.104000
1550,491244,16944,2.118000
1551,491561,17088,2.136000
1552,491878,17120,2.140000
1553,492195,17088,2.136000
1554,492511,16976,2.122000
1555,492828,16912,2.114000
1556,493145,16688,2.086000
1557,493461,16496,2.062000
1558,493779,16192,2.024000
1559,494095,15888,1.986000
1560,494412,15600,1.950000
1561,494729,15216,1.902000
1562,495046,14768,1.846000
1563,495363,14416,1.802000
1564,495684,13872,1.734000
1565,495996,13456,1.682000
1566,496314,13008,1.626000
1567,496631,12576,1.572000
1568,496947,12176,1.522000
1569,497264,11792,1.474000
1570,497581,11296,1.412000
1571,497898,11024,1.378000
1572,498215,10608,1.326000
1573,498531,10352,1.294000
1574,498849,10096,1.262000
1575,499165,9920,1.240000
1576,499482,9792,1.224000
1577,499799,9648,1.206000
1578,500115,9584,1.198000
1579,500433,9456,1.182000
1580,500750,9616,1.202000
1581,501066,9664,1.208000
1582,501383,9888,1.236000
1583,501700,10144,1.268000
1584,502017,10352,1.294000
1585,502334,10624,1.328000
1586,502650,10992,1.374000
1587,502968,11360,1.420000
1588,503285,11744,1.468000
1589,503601,12192,1.524000
1590,503918,12640,1.580000
1591,504234,13136,1.642000
1592,504552,13552,1.694000
1593,504868,13984,1.748000
1594,505185,14320,1.790000
1595,505502,14864,1.858000
1596,505819,15248,1.906000
1597,506135,15632,1.954000
1598,506453,16016,2.002000
1599,506770,16256,2.032000
1600,507087,16384,2.048000
1601,507404,16768,2.096000
1602,507720,16928,2.116000
1603,508037,17056,2.132000
1604,508354,17072,2.134000
1605,508670,17088,2.136000
1606,508988,17072,2.134000
1607,509304,16992,2.124000
1608,509621,16880,2.110000
1609,509939,16672,2.084000
1610,510255,16400,2.050000
1611,510572,16112,2.014000
1612,510889,15776,1.972000
1613,511206,15488,1.936000
1614,511523,15104,1.888000
1615,511839,14608,1.826000
1616,512156,14192,1.774000
1617,512473,13712,1.714000
1618,512790,13344,1.668000
1619,513107,12832,1.604000
1620,513423,12352,1.544000
1621,513740,12000,1.500000
1622,514057,11568,1.446000
1623,514374,11232,1.404000
1624,514691,10832,1.354000
1625,515008,10576,1.322000
1626,515325,10240,1.280000
1627,515641,10048,1.256000
1628,515959,9824,1.228000
1629,516275,9664,1.208000
1630,516593,9680,1.210000
1631,516909,9584,1.198000
1632,517226,9632,1.204000
1633,517543,9680,1.210000
1634,517859,9840,1.230000
1635,518177,9968,1.246000
1636,518493,10208,1.276000
1637,518810,10384,1.298000
1638,519127,10848,1.356000
1639,519443,11136,1.392000
1640,519761,11488,1.436000
1641,520077,11952,1.494000
1642,520395,12368,1.546000
1643,520711,12768,1.596000
1644,521028,13264,1.658000
1645,521345,13744,1.718000
1646,521662,14176,1.772000
1647,521978,14592,1.824000
1648,522295,14976,1.872000
1649,522613,15376,1.922000
1650,522929,15776,1.972000
1651,523246,16048,2.006000
1652,523563,16384,2.048000
1653,523880,16592,2.074000
1654,524196,16864,2.108000
1655,524514,16992,2.124000
1656,524830,17152,2.144000
1657,525147,17152,2.144000
1658,525465,17104,2.138000
1659,525781,17072,2.134000
1660,526098,16912,2.114000
1661,526414,16736,2.092000
1662,526732,16512,2.064000
1663,527048,16416,2.052000
1664,527365,15968,1.996000
1665,527685,15680,1.960000
1666,527999,15312,1.914000
1667,528316,14880,1.860000
1668,528633,14448,1.806000
1669,528949,14144,1.768000
1670,529267,13520,1.690000
1671,529583,13184,1.648000
1672,529900,12672,1.584000
1673,530217,12240,1.530000
1674,530534,11824,1.478000
1675,530851,11408,1.426000
1676,531167,11008,1.376000
1677,531484,10704,1.338000
1678,531801,10496,1.312000
1679,532118,10144,1.268000
1680,532435,9936,1.242000
1681,532752,9760,1.220000
1682,533069,9664,1.208000
1683,533386,9600,1.200000
1684,533703,9632,1.204000
1685,534019,9632,1.204000
1686,534336,9744,1.218000
1687,534653,9936,1.242000
1688,534969,10048,1.256000
1689,535287,10368,1.296000
1690,535604,10624,1.328000
1691,535920,10960,1.370000
1692,536237,11312,1.414000
1693,536554,11712,1.464000
1694,536871,12144,1.518000
1695,537188,12544,1.568000
1696,537504,12976,1.622000
1697,537822,13472,1.684000
1698,538139,13888,1.736000
1699,538455,14320,1.790000
1700,538772,14784,1.848000
1701,539089,15200,1.900000
1702,539406,15536,1.942000
1703,539723,15920,1.990000
1704,540039,16192,2.024000
1705,540356,16432,2.054000
1706,540673,16688,2.086000
1707,540990,16896,2.112000
1708,541307,16976,2.122000
1709,541624,17136,2.142000
1710,541941,17120,2.140000
1711,542257,17136,2.142000
1712,542574,17008,2.126000
1713,542891,16880,2.110000
1714,543208,16688,2.086000
1715,543525,16464,2.058000
1716,543842,16112,2.014000
1717,544159,15840,1.980000
1718,544475,15520,1.940000
1719,544792,15104,1.888000
1720,545109,14688,1.836000
1721,545426,14096,1.762000
1722,545743,13856,1.732000
1723,546060,13408,1.676000
1724,546376,12944,1.618000
1725,546694,12528,1.566000
1726,547010,12064,1.508000
1727,547328,11664,1.458000
1728,547644,11264,1.408000
1729,547961,10944,1.368000
1730,548277,10624,1.328000
1731,548595,10288,1.286000
1732,548912,10064,1.258000
1733,549229,9888,1.236000
1734,549545,9792,1.224000
1735,549862,9616,1.202000
1736,550178,9600,1.200000
1737,550496,9584,1.198000
1738,550813,9680,1.210000
1739,551129,9776,1.222000
1740,551446,10000,1.250000
1741,551763,10208,1.276000
1742,552080,10304,1.288000
1743,552397,10704,1.338000
1744,552713,11088,1.386000
1745,553031,11504,1.438000
1746,553348,11920,1.490000
1747,553664,12320,1.540000
1748,553981,12736,1.592000
1749,554298,13072,1.634000
1750,554615,13616,1.702000
1751,554931,14064,1.758000
1752,555248,14528,1.816000
1753,555565,14976,1.872000
1754,555882,15296,1.912000
1755,556199,15680,1.960000
1756,556516,16048,2.006000
1757,556833,16320,2.040000
1758,557150,16608,2.076000
1759,557466,16768,2.096000
1760,557783,16960,2.120000
1761,558100,17072,2.134000
1762,558417,17040,2.130000
1763,558734,17088,2.136000
1764,559051,17072,2.134000
1765,559368,16880,2.110000
1766,559685,16752,2.094000
1767,560001,16576,2.072000
1768,560318,16304,2.038000
1769,560635,16016,2.002000
1770,560951,15744,1.968000
1771,561269,15296,1.912000
1772,561586,14928,1.866000
1773,561902,14528,1.816000
1774,562219,14160,1.770000
1775,562536,13600,1.700000
1776,562853,13248,1.656000
1777,563170,12736,1.592000
1778,563487,12368,1.546000
1779,563803,11856,1.482000
1780,564121,11520,1.440000
1781,564437,11136,1.392000
1782,564754,10800,1.350000
1783,565071,10448,1.306000
1784,565388,10176,1.272000
1785,565705,10000,1.250000
1786,566022,9776,1.222000
1787,566339,9712,1.214000
1788,566655,9600,1.200000
1789,566972,9584,1.198000
1790,567289,9632,1.204000
1791,567606,9712,1.214000
1792,567923,9872,1.234000
1793,568240,10064,1.258000
1794,568556,10336,1.292000
1795,568874,10544,1.318000
1796,569190,10864,1.358000
1797,569507,11232,1.404000
1798,569823,11600,1.450000
1799,570141,12048,1.506000
1800,570458,12480,1.560000
1801,570774,12928,1.616000
1802,571091,13328,1.666000
1803,571409,13776,1.722000
1804,571725,14160,1.770000
1805,572042,14736,1.842000
1806,572359,15088,1.886000
1807,572676,15488,1.936000
1808,572992,15808,1.976000
1809,573309,16128,2.016000
1810,573626,16432,2.054000
1811,573942,16704,2.088000
1812,574260,16848,2.106000
1813,574577,16992,2.124000
1814,574894,17040,2.130000
1815,575211,17152,2.144000
1816,575527,17184,2.148000
1817,575844,17008,2.126000
1818,576161,16864,2.108000
1819,576478,16720,2.090000
1820,576795,16496,2.062000
1821,577111,16224,2.028000
1822,577428,15904,1.988000
1823,577745,15600,1.950000
1824,578062,15184,1.898000
1825,578379,14800,1.850000
1826,578696,14400,1.800000
1827,579013,13952,1.744000
1828,579330,13472,1.684000
1829,579646,13008,1.626000
1830,579963,12624,1.578000
1831,580280,12048,1.506000
1832,580597,11696,1.462000
1833,580914,11360,1.420000
1834,581231,11008,1.376000
1835,581548,10656,1.332000
1836,581864,10368,1.296000
1837,582181,10128,1.266000
1838,582498,9888,1.236000
1839,582815,9776,1.222000
1840,583132,9648,1.206000
1841,583449,9584,1.198000
1842,583766,9584,1.198000
1843,584082,9696,1.212000
1844,584399,9792,1.224000
1845,584716,9952,1.244000
1846,585033,10192,1.274000
1847,585350,10384,1.298000
1848,585667,10688,1.336000
1849,585984,10992,1.374000
1850,586301,11456,1.432000
1851,586617,11776,1.472000
1852,586934,12256,1.532000
1853,587251,12640,1.580000
1854,587568,13088,1.636000
1855,587885,13536,1.692000
1856,588202,13984,1.748000
1857,588518,14352,1.794000
1858,588835,14832,1.854000
1859,589152,15184,1.898000
1860,589469,15600,1.950000
1861,589786,15968,1.996000
1862,590103,16320,2.040000
1863,590419,16608,2.076000
1864,590736,16768,2.096000
1865,591053,16896,2.112000
1866,591370,17072,2.134000
1867,591687,17056,2.132000
1868,592004,17152,2.144000
1869,592320,17040,2.130000
1870,592638,16928,2.116000
1871,592955,16832,2.104000
1872,593272,16688,2.086000
1873,593588,16368,2.046000
1874,593905,16080,2.010000
1875,594222,15744,1.968000
1876,594538,15424,1.928000
1877,594855,15008,1.876000
1878,595173,14640,1.830000
1879,595489,14160,1.770000
1880,595806,13744,1.718000
1881,596123,13296,1.662000
1882,596440,12848,1.606000
1883,596757,12432,1.554000
1884,597073,11984,1.498000
1885,597391,11568,1.446000
1886,597707,11232,1.404000
1887,598024,10848,1.356000
1888,598341,10496,1.312000
1889,598658,10240,1.280000
1890,598974,10048,1.256000
1891,599292,9760,1.220000
1892,599608,9728,1.216000
1893,599925,9616,1.202000
1894,600242,9568,1.196000
1895,600559,9616,1.202000
1896,600875,9728,1.216000
1897,601192,9840,1.230000
1898,601509,10000,1.250000
1899,601826,10240,1.280000
1900,602143,10496,1.312000
1901,602460,10848,1.356000
1902,602776,11168,1.396000
1903,603094,11552,1.444000
1904,603411,11936,1.492000
1905,603727,12384,1.548000
1906,604044,12816,1.602000
1907,604361,13280,1.660000
1908,604678,13744,1.718000
1909,604995,14096,1.762000
1910,605312,14560,1.820000
1911,605628,14912,1.864000
1912,605946,15360,1.920000
1913,606263,15744,1.968000
1914,606579,16112,2.014000
1915,606896,16352,2.044000
1916,607213,16560,2.070000
1917,607530,16768,2.096000
1918,607847,16960,2.120000
1919,608163,17040,2.130000
1920,608481,17120,2.140000
1921,608797,17104,2.138000
1922,609114,17040,2.130000
1923,609431,16880,2.110000
1924,609747,16768,2.096000
1925,610065,16560,2.070000
1926,610382,16272,2.034000
1927,610698,15984,1.998000
1928,611015,15664,1.958000
1929,611332,15264,1.908000
1930,611649,14912,1.864000
1931,611966,14416,1.802000
1932,612283,14000,1.750000
1933,612599,13568,1.696000
1934,612916,13072,1.634000
1935,613233,12640,1.580000
1936,613550,12256,1.532000
1937,613867,11856,1.482000
1938,614184,11472,1.434000
1939,614501,11088,1.386000
1940,614817,10736,1.342000
1941,615134,10384,1.298000
1942,615451,10144,1.268000
1943,615767,9952,1.244000
1944,616085,9696,1.212000
1945,616402,9664,1.208000
1946,616719,9584,1.198000
1947,617035,9584,1.198000
1948,617352,9680,1.210000
1949,617669,9760,1.220000
1950,617986,9920,1.240000
1951,618303,10112,1.264000
1952,618620,10320,1.290000
1953,618937,10640,1.330000
1954,619254,10928,1.366000
1955,619570,11360,1.420000
1956,619887,11728,1.466000
1957,620204,12144,1.518000
1958,620521,12560,1.570000
1959,620837,13008,1.626000
1960,621155,13520,1.690000
1961,621471,13920,1.740000
1962,621788,14336,1.792000
1963,622105,14848,1.856000
1964,622421,15152,1.894000
1965,622739,15584,1.948000
1966,623056,15888,1.986000
1967,623373,16160,2.020000
1968,623689,16480,2.060000
1969,624006,16688,2.086000
1970,624323,16896,2.112000
1971,624639,17008,2.126000
1972,624957,17088,2.136000
1973,625274,17088,2.136000
1974,625590,17072,2.134000
1975,625907,17040,2.130000
1976,626224,16880,2.110000
1977,626541,16672,2.084000
1978,626858,16464,2.058000
1979,627175,16064,2.008000
1980,627492,15856,1.982000
1981,627808,15536,1.942000
1982,628125,15120,1.890000
1983,628442,14688,1.836000
1984,628759,14256,1.782000
1985,629076,13856,1.732000
1986,629392,13360,1.670000
1987,629709,12928,1.616000
1988,630026,12528,1.566000
1989,630343,12080,1.510000
1990,630660,11632,1.454000
1991,630976,11328,1.416000
1992,631294,10912,1.364000
1993,631611,10560,1.320000
1994,631927,10352,1.294000
1995,632244,10064,1.258000
1996,632561,9840,1.230000
1997,632878,9744,1.218000
1998,633195,9616,1.202000
1999,633512,9584,1.198000
2000,633829,9568,1.196000
2001,634145,9680,1.210000
2002,634462,9792,1.224000
2003,634779,10000,1.250000
2004,635096,10208,1.276000
2005,635413,10400,1.300000
2006,635730,10752,1.344000
2007,636046,11088,1.386000
2008,636364,11488,1.436000
2009,636684,11888,1.486000
2010,636997,12240,1.530000
2011,637314,12736,1.592000
2012,637631,13232,1.654000
2013,637947,13696,1.712000
2014,638265,14016,1.752000
2015,638581,14512,1.814000
2016,638899,14992,1.874000
2017,639215,15328,1.916000
2018,639532,15648,1.956000
2019,639849,16000,2.000000
2020,640166,16352,2.044000
2021,640482,16560,2.070000
2022,640799,16784,2.098000
2023,641116,16880,2.110000
2024,641433,17072,2.134000
2025,641750,17120,2.140000
2026,642067,17104,2.138000
2027,642383,17040,2.130000
2028,642701,16928,2.116000
2029,643017,16784,2.098000
2030,643334,16624,2.078000
2031,643651,16352,2.044000
2032,643967,16080,2.010000
2033,644284,15712,1.964000
2034,644602,15376,1.922000
2035,644918,15024,1.878000
2036,645235,14544,1.818000
2037,645552,14112,1.764000
2038,645869,13680,1.710000
2039,646186,13200,1.650000
2040,646503,12784,1.598000
2041,646820,12320,1.540000
2042,647136,11872,1.484000
2043,647454,11456,1.432000
2044,647770,11184,1.398000
2045,648087,10768,1.346000
2046,648404,10512,1.314000
2047,648721,10208,1.276000
2048,649037,9968,1.246000
2049,649355,9776,1.222000
2050,649671,9696,1.212000
2051,649988,9600,1.200000
2052,650305,9568,1.196000
2053,650622,9600,1.200000
2054,650939,9792,1.224000
2055,651256,9840,1.230000
2056,651572,10048,1.256000
2057,651889,10288,1.286000
2058,652206,10576,1.322000
2059,652523,10912,1.364000
2060,652840,11264,1.408000
2061,653157,11536,1.442000
2062,653473,12032,1.504000
2063,653790,12448,1.556000
2064,654108,12944,1.618000
2065,654424,13376,1.672000
2066,654741,13840,1.730000
2067,655058,14240,1.780000
2068,655375,14672,1.834000
2069,655691,15088,1.886000
2070,656008,15440,1.930000
2071,656326,15776,1.972000
2072,656642,16080,2.010000
2073,656959,16432,2.054000
2074,657276,16688,2.086000
2075,657593,16816,2.102000
2076,657910,17040,2.130000
2077,658227,17088,2.136000
2078,658543,17056,2.132000
2079,658860,17104,2.138000
2080,659177,17024,2.128000
2081,659494,16880,2.110000
2082,659811,16704,2.088000
2083,660127,16480,2.060000
2084,660445,16240,2.030000
2085,660761,15856,1.982000
2086,661078,15568,1.946000
2087,661395,15216,1.902000
2088,661712,14800,1.850000
2089,662028,14336,1.792000
2090,662345,13952,1.744000
2091,662662,13520,1.690000
2092,662980,13056,1.632000
2093,663296,12608,1.576000
2094,663613,12144,1.518000
2095,663930,11728,1.466000
2096,664247,11360,1.420000
2097,664563,10976,1.372000
2098,664880,10640,1.330000
2099,665198,10320,1.290000
2100,665514,10080,1.260000
2101,665830,9904,1.238000
2102,666148,9792,1.224000
2103,666465,9616,1.202000
2104,666781,9584,1.198000
2105,667098,9552,1.194000
2106,667415,9664,1.208000
2107,667732,9776,1.222000
2108,668049,9936,1.242000
2109,668365,10112,1.264000
2110,668685,10400,1.300000
2111,669000,10720,1.340000
2112,669316,11040,1.380000
2113,669633,11392,1.424000
2114,669950,11776,1.472000
2115,670267,12256,1.532000
2116,670584,12704,1.588000
2117,670900,13120,1.640000
2118,671217,13520,1.690000
2119,671534,14016,1.752000
2120,671852,14448,1.806000
2121,672168,14832,1.854000
2122,672485,15232,1.904000
2123,672802,15616,1.952000
2124,673118,16032,2.004000
2125,673435,16288,2.036000
2126,673752,16544,2.068000
2127,674069,16752,2.094000
2128,674386,16880,2.110000
2129,674703,17072,2.134000
2130,675019,17152,2.144000
2131,675337,17072,2.134000
2132,675653,17040,2.130000
2133,675970,16992,2.124000
2134,676287,16848,2.106000
2135,676604,16640,2.080000
2136,676921,16368,2.046000
2137,677238,16096,2.012000
2138,677554,15824,1.978000
2139,677872,15424,1.928000
2140,678188,15056,1.882000
2141,678505,14640,1.830000
2142,678822,14256,1.782000
2143,679138,13696,1.712000
2144,679456,13280,1.660000
2145,679773,12816,1.602000
2146,680089,12384,1.548000
2147,680406,12000,1.500000
2148,680723,11568,1.446000
2149,681040,11248,1.406000
2150,681357,10832,1.354000
2151,681673,10528,1.316000
2152,681990,10288,1.286000
2153,682307,10032,1.254000
2154,682624,9840,1.230000
2155,682941,9664,1.208000
2156,683258,9648,1.206000
2157,683575,9584,1.198000
2158,683892,9648,1.206000
2159,684209,9728,1.216000
2160,684525,9840,1.230000
2161,684842,9936,1.242000
2162,685159,10240,1.280000
2163,685476,10512,1.314000
2164,685793,10816,1.352000
2165,686109,11136,1.392000
2166,686426,11552,1.444000
2167,686743,11936,1.492000
2168,687060,12336,1.542000
2169,687377,12896,1.612000
2170,687694,13248,1.656000
2171,688011,13744,1.718000
2172,688328,14176,1.772000
2173,688644,14608,1.826000
2174,688961,14960,1.870000
2175,689278,15440,1.930000
2176,689595,15712,1.964000
2177,689912,16064,2.008000
2178,690229,16352,2.044000
2179,690546,16624,2.078000
2180,690862,16816,2.102000
2181,691180,16992,2.124000
2182,691497,17056,2.132000
2183,691813,17120,2.140000
2184,692130,17104,2.138000
2185,692446,17040,2.130000
2186,692764,16928,2.116000
2187,693081,16768,2.096000
2188,693397,16528,2.066000
2189,693714,16320,2.040000
2190,694031,15984,1.998000
2191,694347,15696,1.962000
2192,694665,15264,1.908000
2193,694981,14896,1.862000
2194,695298,14464,1.808000
2195,695615,14064,1.758000
2196,695932,13552,1.694000
2197,696249,13136,1.642000
2198,696566,12688,1.586000
2199,696882,12208,1.526000
2200,697199,11824,1.478000
2201,697516,11424,1.428000
2202,697833,11072,1.384000
2203,698150,10752,1.344000
2204,698467,10384,1.298000
2205,698784,10160,1.270000
2206,699101,9888,1.236000
2207,699417,9776,1.222000
2208,699734,9664,1.208000
2209,700052,9568,1.196000
2210,700368,9552,1.194000
2211,700685,9600,1.200000
2212,701002,9744,1.218000
2213,701319,9856,1.232000
2214,701636,10080,1.260000
2215,701952,10368,1.296000
2216,702269,10624,1.328000
2217,702586,10896,1.362000
2218,702902,11280,1.410000
2219,703220,11712,1.464000
2220,703537,12112,1.514000
2221,703853,12560,1.570000
2222,704171,12992,1.624000
2223,704487,13456,1.682000
2224,704804,13936,1.742000
2225,705121,14288,1.786000
2226,705438,14704,1.838000
2227,705754,15136,1.892000
2228,706072,15488,1.936000
2229,706388,15904,1.988000
2230,706705,16224,2.028000
2231,707022,16560,2.070000
2232,707339,16736,2.092000
2233,707656,16896,2.112000
2234,707972,16960,2.120000
2235,708289,17072,2.134000
2236,708606,17168,2.146000
2237,708923,17072,2.134000
2238,709240,17040,2.130000
2239,709557,16880,2.110000
2240,709873,16656,2.082000
2241,710191,16464,2.058000
2242,710508,16160,2.020000
2243,710824,15776,1.972000
2244,711141,15536,1.942000
2245,711457,15152,1.894000
2246,711775,14704,1.838000
2247,712092,14240,1.780000
2248,712409,13856,1.732000
2249,712725,13408,1.676000
2250,713043,12960,1.620000
2251,713359,12528,1.566000
2252,713676,12096,1.512000
2253,713993,11600,1.450000
2254,714310,11360,1.420000
2255,714626,10912,1.364000
2256,714944,10544,1.318000
2257,715260,10304,1.288000
2258,715577,10080,1.260000
2259,715894,9776,1.222000
2260,716211,9728,1.216000
2261,716528,9648,1.206000
2262,716844,9552,1.194000
2263,717162,9600,1.200000
2264,717478,9632,1.204000
2265,717795,9808,1.226000
2266,718112,9952,1.244000
2267,718429,10224,1.278000
2268,718746,10464,1.308000
2269,719062,10576,1.322000
2270,719379,11072,1.384000
2271,719697,11440,1.430000
2272,720013,11936,1.492000
2273,720330,12288,1.536000
2274,720647,12720,1.590000
2275,720964,13008,1.626000
2276,721281,13664,1.708000
2277,721597,14016,1.752000
2278,721914,14480,1.810000
2279,722231,14928,1.866000
2280,722548,15296,1.912000
2281,722865,15728,1.966000
2282,723182,15872,1.984000
2283,723499,16368,2.046000
2284,723815,16560,2.070000
2285,724133,16816,2.102000
2286,724449,16928,2.116000
2287,724766,17040,2.130000
2288,725083,17008,2.126000
2289,725399,17152,2.144000
2290,725716,17056,2.132000
2291,726033,16960,2.120000
2292,726350,16832,2.104000
2293,726667,16592,2.074000
2294,726984,16288,2.036000
2295,727301,16112,2.014000
2296,727618,15712,1.964000
2297,727934,15360,1.920000
2298,728252,14960,1.870000
2299,728568,14528,1.816000
2300,728885,14096,1.762000
2301,729202,13808,1.726000
2302,729518,13216,1.652000
2303,729836,12768,1.596000
2304,730153,12304,1.538000
2305,730469,11872,1.484000
2306,730786,11520,1.440000
2307,731103,11120,1.390000
2308,731420,10800,1.350000
2309,731737,10448,1.306000
2310,732053,10160,1.270000
2311,732371,9936,1.242000
2312,732687,9888,1.236000
2313,733004,9696,1.212000
2314,733321,9600,1.200000
2315,733638,9568,1.196000
2316,733955,9664,1.208000
2317,734272,9712,1.214000
2318,734588,9904,1.238000
2319,734905,10032,1.254000
2320,735222,10272,1.284000
2321,735539,10576,1.322000
2322,735856,10864,1.358000
2323,736173,11232,1.404000
2324,736490,11616,1.452000
2325,736806,12080,1.510000
2326,737124,12464,1.558000
2327,737440,12896,1.612000
2328,737757,13376,1.672000
2329,738074,13856,1.732000
2330,738391,14320,1.790000
2331,738707,14640,1.830000
2332,739025,15072,1.884000
2333,739341,15424,1.928000
2334,739658,15872,1.984000
2335,739975,16160,2.020000
2336,740292,16432,2.054000
2337,740609,16720,2.090000
2338,740926,16592,2.074000
2339,741243,16976,2.122000
2340,741559,17104,2.138000
2341,741876,17120,2.140000
2342,742193,17072,2.134000
2343,742510,17072,2.134000
2344,742827,16656,2.082000
2345,743143,16752,2.094000
2346,743461,16496,2.062000
2347,743777,16224,2.028000
2348,744094,15936,1.992000
2349,744410,15600,1.950000
2350,744728,15216,1.902000
2351,745045,14576,1.822000
2352,745362,14368,1.796000
2353,745678,13888,1.736000
2354,745995,13472,1.684000
2355,746312,12976,1.622000
2356,746629,12560,1.570000
2357,746946,12016,1.502000
2358,747263,11792,1.474000
2359,747580,11216,1.402000
2360,747897,10928,1.366000
2361,748214,10608,1.326000
2362,748530,10384,1.298000
2363,748847,10144,1.268000
2364,749163,9888,1.236000
2365,749481,9744,1.218000
2366,749798,9472,1.184000
2367,750114,9568,1.196000
2368,750431,9600,1.200000
2369,750748,9648,1.206000
2370,751064,9792,1.224000
2371,751382,9888,1.236000
2372,751699,9888,1.236000
2373,752016,10368,1.296000
2374,752333,10768,1.346000
2375,752649,11056,1.382000
2376,752966,11408,1.426000
2377,753283,11792,1.474000
2378,753600,12240,1.530000
2379,753917,12480,1.560000
2380,754234,13072,1.634000
2381,754550,13552,1.694000
2382,754867,13952,1.744000
2383,755184,14400,1.800000
2384,755501,14864,1.858000
2385,755818,15024,1.878000
2386,756135,15632,1.954000
2387,756451,15920,1.990000
2388,756768,16224,2.028000
2389,757085,16496,2.062000
2390,757402,16736,2.092000
2391,757719,16944,2.118000
2392,758036,17024,2.128000
2393,758353,17120,2.140000
2394,758669,17088,2.136000
2395,758986,17152,2.144000
2396,759303,16944,2.118000
2397,759620,16768,2.096000
2398,759937,16608,2.076000
2399,760254,16448,2.056000
2400,760570,16112,2.014000
2401,760888,15760,1.970000
2402,761205,15440,1.930000
2403,761521,15040,1.880000
2404,761838,14656,1.832000
2405,762155,14240,1.780000
2406,762472,13696,1.712000
2407,762789,13328,1.666000
2408,763106,12848,1.606000
2409,763422,12448,1.556000
2410,763739,11968,1.496000
2411,764056,11584,1.448000
2412,764373,11152,1.394000
2413,764690,10864,1.358000
2414,765006,10496,1.312000
2415,765323,10272,1.284000
2416,765641,9984,1.248000
2417,765957,9792,1.224000
2418,766275,9632,1.204000
2419,766591,9664,1.208000
2420,766908,9568,1.196000
2421,767225,9600,1.200000
2422,767541,9680,1.210000
2423,767858,9808,1.226000
2424,768176,9952,1.244000
2425,768492,10192,1.274000
2426,768809,10560,1.320000
2427,769126,10864,1.358000
2428,769443,11056,1.382000
2429,769760,11584,1.448000
2430,770076,11952,1.494000
2431,770393,12384,1.548000
2432,770710,12800,1.600000
2433,771027,13232,1.654000
2434,771344,13712,1.714000
2435,771660,14032,1.754000
2436,771977,14544,1.818000
2437,772294,15056,1.882000
2438,772611,15392,1.924000
2439,772928,15744,1.968000
2440,773245,16048,2.006000
2441,773561,16240,2.030000
2442,773879,16624,2.078000
2443,774196,16688,2.086000
2444,774512,16992,2.124000
2445,774829,17104,2.138000
2446,775146,17120,2.140000
2447,775463,17120,2.140000
2448,775780,17024,2.128000
2449,776096,16880,2.110000
2450,776414,16608,2.076000
2451,776730,16528,2.066000
2452,777047,16304,2.038000
2453,777364,15984,1.998000
2454,777684,15696,1.962000
2455,777998,15248,1.906000
2456,778315,14768,1.846000
2457,778631,14480,1.810000
2458,778948,13952,1.744000
2459,779265,13552,1.694000
2460,779582,13136,1.642000
2461,779899,12688,1.586000
2462,780216,12272,1.534000
2463,780533,11776,1.472000
2464,780849,11424,1.428000
2465,781166,11120,1.390000
2466,781483,10784,1.348000
2467,781800,10416,1.302000
2468,782117,10160,1.270000
2469,782434,9952,1.244000
2470,782751,9792,1.224000
2471,783067,9680,1.210000
2472,783384,9584,1.198000
2473,783701,9584,1.198000
2474,784018,9600,1.200000
2475,784335,9744,1.218000
2476,784652,9872,1.234000
2477,784968,10064,1.258000
2478,785286,10304,1.288000
2479,785602,10672,1.334000
2480,785919,10944,1.368000
2481,786236,11280,1.410000
2482,786553,11744,1.468000
2483,786870,12112,1.514000
2484,787187,12544,1.568000
2485,787503,12960,1.620000
2486,787820,13392,1.674000
2487,788138,13872,1.734000
2488,788454,14320,1.790000
2489,788771,14816,1.852000
2490,789088,15120,1.890000
2491,789405,15472,1.934000
2492,789721,15888,1.986000
2493,790038,16224,2.028000
2494,790355,16480,2.060000
2495,790672,16672,2.084000
2496,790988,16896,2.112000
2497,791306,17040,2.130000
2498,791623,17040,2.130000
2499,791939,17248,2.156000
2500,792256,17056,2.132000
2501,792572,16992,2.124000
2502,792890,16880,2.110000
2503,793207,16704,2.088000
2504,793524,16480,2.060000
2505,793840,16144,2.018000
2506,794158,15936,1.992000
2507,794474,15536,1.942000
2508,794791,15104,1.888000
2509,795108,14752,1.844000
2510,795425,14304,1.788000
2511,795742,13872,1.734000
2512,796058,13376,1.672000
2513,796375,12912,1.614000
2514,796692,12480,1.560000
2515,797009,12080,1.510000
2516,797326,11648,1.456000
2517,797643,11280,1.410000
2518,797960,10848,1.356000
2519,798277,10560,1.320000
2520,798593,10320,1.290000
2521,798910,10144,1.268000
2522,799227,9872,1.234000
2523,799544,9744,1.218000
2524,799860,9632,1.204000
2525,800178,9568,1.196000
2526,800495,9632,1.204000
2527,800811,9824,1.228000
2528,801128,9808,1.226000
2529,801445,9936,1.242000
2530,801762,10192,1.274000
2531,802079,10432,1.304000
2532,802395,10704,1.338000
2533,802712,11104,1.388000
2534,803030,11584,1.448000
2535,803346,11824,1.478000
2536,803663,12304,1.538000
2537,803980,12720,1.590000
2538,804297,13200,1.650000
2539,804613,13616,1.702000
2540,804931,14048,1.756000
2541,805248,14416,1.802000
2542,805564,14928,1.866000
2543,805881,15296,1.912000
2544,806198,15728,1.966000
2545,806515,16032,2.004000
2546,806831,16256,2.032000
2547,807149,16560,2.070000
2548,807465,16768,2.096000
2549,807782,16944,2.118000
2550,808099,17040,2.130000
2551,808416,17088,2.136000
2552,808733,17088,2.136000
2553,809049,17056,2.132000
2554,809366,16960,2.120000
2555,809686,16848,2.106000
2556,810000,16576,2.072000
2557,810317,16352,2.044000
2558,810634,16032,2.004000
2559,810951,15712,1.964000
2560,811268,15360,1.920000
2561,811584,14960,1.870000
2562,811901,14560,1.820000
2563,812219,14096,1.762000
2564,812535,13664,1.708000
2565,812852,13248,1.656000
2566,813169,12768,1.596000
2567,813486,12368,1.546000
2568,813803,11936,1.492000
2569,814119,11504,1.438000
2570,814436,11152,1.394000
2571,814753,10768,1.346000
2572,815070,10496,1.312000
2573,815387,10192,1.274000
2574,815704,9952,1.244000
2575,816020,9808,1.226000
2576,816337,9664,1.208000
2577,816653,9696,1.212000
2578,816971,9584,1.198000
2579,817288,9616,1.202000
2580,817605,9744,1.218000
2581,817922,9840,1.230000
2582,818239,10032,1.254000
2583,818555,10336,1.292000
2584,818872,10544,1.318000
2585,819189,10928,1.366000
2586,819506,11296,1.412000
2587,819823,11616,1.452000
2588,820139,11984,1.498000
2589,820456,12448,1.556000
2590,820773,12960,1.620000
2591,821090,13344,1.668000
2592,821406,13824,1.728000
2593,821724,14208,1.776000
2594,822041,14608,1.826000
2595,822358,15040,1.880000
2596,822674,15456,1.932000
2597,822991,15840,1.980000
2598,823308,16144,2.018000
2599,823625,16448,2.056000
2600,823941,16672,2.084000
2601,824259,16832,2.104000
2602,824576,16960,2.120000
2603,824892,17152,2.144000
2604,825210,17040,2.130000
2605,825526,17104,2.138000
2606,825843,16976,2.122000
2607,826159,16896,2.112000
2608,826477,16752,2.094000
2609,826794,16608,2.076000
2610,827110,16224,2.028000
2611,827427,15920,1.990000
2612,827744,15584,1.948000
2613,828061,15200,1.900000
2614,828378,14800,1.850000
2615,828695,14352,1.794000
2616,829011,13920,1.740000
2617,829328,13456,1.682000
2618,829645,13104,1.638000
2619,829962,12576,1.572000
2620,830279,12224,1.528000
2621,830596,11760,1.470000
2622,830913,11392,1.424000
2623,831230,10992,1.374000
2624,831546,10624,1.328000
2625,831863,10368,1.296000
2626,832180,10096,1.262000
2627,832497,9920,1.240000
2628,832814,9824,1.228000
2629,833130,9568,1.196000
2630,833448,9504,1.188000
2631,833764,9568,1.196000
2632,834081,9648,1.206000
2633,834398,9760,1.220000
2634,834715,9904,1.238000
2635,835031,10048,1.256000
2636,835348,10400,1.300000
2637,835666,10672,1.334000
2638,835982,11024,1.378000
2639,836299,11376,1.422000
2640,836616,11728,1.466000
2641,836933,12240,1.530000
2642,837250,12624,1.578000
2643,837566,13152,1.644000
2644,837883,13488,1.686000
2645,838200,13936,1.742000
2646,838517,14368,1.796000
2647,838834,14832,1.854000
2648,839150,15232,1.904000
2649,839468,15632,1.954000
2650,839784,15968,1.996000
2651,840102,16320,2.040000
2652,840418,16480,2.060000
2653,840735,16768,2.096000
2654,841052,16960,2.120000
2655,841369,17040,2.130000
2656,841686,17056,2.132000
2657,842002,17120,2.140000
2658,842319,17088,2.136000
2659,842636,17008,2.126000
2660,842953,16864,2.108000
2661,843269,16560,2.070000
2662,843587,16416,2.052000
2663,843904,16096,2.012000
2664,844221,15824,1.978000
2665,844537,15424,1.928000
2666,844854,15056,1.882000
2667,845171,14576,1.822000
2668,845488,14208,1.776000
2669,845805,13760,1.720000
2670,846121,13376,1.672000
2671,846438,12880,1.610000
2672,846755,12448,1.556000
2673,847072,11984,1.498000
2674,847389,11536,1.442000
2675,847706,11136,1.392000
2676,848023,10928,1.366000
2677,848340,10512,1.314000
2678,848657,10288,1.286000
2679,848973,10032,1.254000
2680,849290,9808,1.226000
2681,849607,9632,1.204000
2682,849923,9664,1.208000
2683,850240,9616,1.202000
2684,850558,9616,1.202000
2685,850874,9696,1.212000
2686,851191,9824,1.228000
2687,851508,9936,1.242000
2688,851825,10256,1.282000
2689,852142,10512,1.314000
2690,852459,10800,1.350000
2691,852775,11184,1.398000
2692,853092,11504,1.438000
2693,853409,11920,1.490000
2694,853726,12496,1.562000
2695,854043,12832,1.604000
2696,854360,13232,1.654000
2697,854676,13680,1.710000
2698,854994,14112,1.764000
2699,855311,14560,1.820000
2700,855627,14976,1.872000
2701,855944,15392,1.924000
2702,856261,15776,1.972000
2703,856578,16048,2.006000
2704,856895,16416,2.052000
2705,857212,16560,2.070000
2706,857528,16832,2.104000
2707,857845,16976,2.122000
2708,858162,17040,2.130000
2709,858479,17088,2.136000
2710,858796,17136,2.142000
2711,859113,17088,2.136000
2712,859430,16912,2.114000
2713,859746,16752,2.094000
2714,860063,16608,2.076000
2715,860380,16240,2.030000
2716,860697,16032,2.004000
2717,861014,15648,1.956000
2718,861331,15296,1.912000
2719,861647,14880,1.860000
2720,861965,14464,1.808000
2721,862282,14016,1.752000
2722,862598,13584,1.698000
2723,862914,13152,1.644000
2724,863232,12656,1.582000
2725,863549,12304,1.538000
2726,863865,11872,1.484000
2727,864182,11456,1.432000
2728,864500,11072,1.384000
2729,864816,10736,1.342000
2730,865133,10448,1.306000
2731,865449,10128,1.266000
2732,865767,9936,1.242000
2733,866084,9760,1.220000
2734,866400,9664,1.208000
2735,866717,9616,1.202000
2736,867034,9616,1.202000
2737,867350,9648,1.206000
2738,867668,9776,1.222000
2739,867984,9856,1.232000
2740,868301,10048,1.256000
2741,868618,10320,1.290000
2742,868935,10624,1.328000
2743,869252,10912,1.364000
2744,869569,11312,1.414000
2745,869886,11616,1.452000
2746,870203,12064,1.508000
2747,870519,12560,1.570000
2748,870836,12976,1.622000
2749,871153,13456,1.682000
2750,871470,13856,1.732000
2751,871787,14352,1.794000
2752,872103,14736,1.842000
2753,872421,15168,1.896000
2754,872737,15520,1.940000
2755,873054,15872,1.984000
2756,873371,16240,2.030000
2757,873688,16432,2.054000
2758,874004,16688,2.086000
2759,874322,16896,2.112000
2760,874638,17024,2.128000
2761,874955,17104,2.138000
2762,875273,17152,2.144000
2763,875589,17040,2.130000
2764,875906,16944,2.118000
2765,876223,16912,2.114000
2766,876540,16704,2.088000
2767,876857,16448,2.056000
2768,877173,16128,2.016000
2769,877490,15824,1.978000
2770,877807,15520,1.940000
2771,878123,15136,1.892000
2772,878441,14736,1.842000
2773,878758,14288,1.786000
2774,879074,13872,1.734000
2775,879391,13392,1.674000
2776,879708,12992,1.624000
2777,880025,12480,1.560000
2778,880342,12096,1.512000
2779,880659,11680,1.460000
2780,880975,11248,1.406000
2781,881293,10928,1.366000
2782,881609,10592,1.324000
2783,881926,10352,1.294000
2784,882243,10032,1.254000
2785,882560,9872,1.234000
2786,882877,9728,1.216000
2787,883194,9680,1.210000
2788,883510,9632,1.204000
2789,883827,9648,1.206000
2790,884144,9664,1.208000
2791,884461,9776,1.222000
2792,884778,10000,1.250000
2793,885094,10224,1.278000
2794,885411,10464,1.308000
2795,885728,10720,1.340000
2796,886045,11120,1.390000
2797,886362,11440,1.430000
2798,886679,11824,1.478000
2799,886996,12224,1.528000
2800,887313,12736,1.592000
2801,887629,13184,1.648000
2802,887947,13664,1.708000
2803,888263,14064,1.758000
2804,888580,14512,1.814000
2805,888897,14976,1.872000
2806,889214,15312,1.914000
2807,889531,15664,1.958000
2808,889847,16000,2.000000
2809,890165,16288,2.036000
2810,890482,16608,2.076000
2811,890798,16752,2.094000
2812,891115,16912,2.114000
2813,891432,16992,2.124000
2814,891748,17120,2.140000
2815,892066,17040,2.130000
2816,892382,17056,2.132000
2817,892699,16896,2.112000
2818,893016,16832,2.104000
2819,893333,16576,2.072000
2820,893650,16320,2.040000
2821,893966,16080,2.010000
2822,894284,15648,1.956000
2823,894600,15344,1.918000
2824,894917,14976,1.872000
2825,895234,14512,1.814000
2826,895551,14064,1.758000
2827,895868,13648,1.706000
2828,896184,13200,1.650000
2829,896501,12784,1.598000
2830,896818,12352,1.544000
2831,897135,11920,1.490000
2832,897452,11504,1.438000
2833,897769,11136,1.392000
2834,898086,10816,1.352000
2835,898403,10448,1.306000
2836,898719,10176,1.272000
2837,899036,10000,1.250000
2838,899353,9792,1.224000
2839,899670,9664,1.208000
2840,899987,9600,1.200000
2841,900304,9600,1.200000
2842,900621,9600,1.200000
2843,900937,9696,1.212000
2844,901254,9872,1.234000
2845,901571,10048,1.256000
2846,901888,10304,1.288000
2847,902204,10576,1.322000
2848,902522,10880,1.360000
2849,902839,11200,1.400000
2850,903155,11696,1.462000
2851,903473,12016,1.502000
2852,903789,12480,1.560000
2853,904106,12880,1.610000
2854,904422,13344,1.668000
2855,904740,13776,1.722000
2856,905056,14288,1.786000
2857,905374,14704,1.838000
2858,905690,15056,1.882000
2859,906007,15488,1.936000
2860,906324,15760,1.970000
2861,906641,16160,2.020000
2862,906958,16432,2.054000
2863,907275,16704,2.088000
2864,907591,16832,2.104000
2865,907908,16960,2.120000
2866,908225,17072,2.134000
2867,908542,17136,2.142000
2868,908859,17152,2.144000
2869,909175,17008,2.126000
2870,909492,16880,2.110000
2871,909810,16704,2.088000
2872,910126,16464,2.058000
2873,910443,16240,2.030000
2874,910759,15904,1.988000
2875,911077,15584,1.948000
2876,911394,15200,1.900000
2877,911711,14864,1.858000
2878,912027,14384,1.798000
2879,912344,13904,1.738000
2880,912661,13472,1.684000
2881,912977,12992,1.624000
2882,913294,12624,1.578000
2883,913612,12160,1.520000
2884,913928,11712,1.464000
2885,914245,11408,1.426000
2886,914562,11008,1.376000
2887,914879,10640,1.330000
2888,915195,10320,1.290000
2889,915513,10112,1.264000
2890,915830,9952,1.244000
2891,916146,9728,1.216000
2892,916463,9648,1.206000
2893,916780,9600,1.200000
2894,917097,9584,1.198000
2895,917414,9712,1.214000
2896,917730,9744,1.218000
2897,918048,9904,1.238000
2898,918365,10160,1.270000
2899,918684,10368,1.296000
2900,918998,10736,1.342000
2901,919315,10992,1.374000
2902,919632,11424,1.428000
2903,919949,11792,1.474000
2904,920266,12160,1.520000
2905,920582,12640,1.580000
2906,920899,13104,1.638000
2907,921216,13520,1.690000
2908,921533,13952,1.744000
2909,921850,14432,1.804000
2910,922167,14880,1.860000
2911,922484,15232,1.904000
2912,922801,15616,1.952000
2913,923117,15952,1.994000
2914,923434,16288,2.036000
2915,923751,16512,2.064000
2916,924068,16768,2.096000
2917,924385,16928,2.116000
2918,924701,17120,2.140000
2919,925018,17136,2.142000
2920,925335,17072,2.134000
2921,925652,17088,2.136000
2922,925969,16992,2.124000
2923,926286,16896,2.112000
2924,926603,16672,2.084000
2925,926920,16400,2.050000
2926,927237,16112,2.014000
2927,927553,15792,1.974000
2928,927870,15472,1.934000
2929,928187,15040,1.880000
2930,928504,14640,1.830000
2931,928821,14240,1.780000
2932,929138,13760,1.720000
2933,929454,13360,1.670000
2934,929771,12864,1.608000
2935,930088,12432,1.554000
2936,930405,11984,1.498000
2937,930722,11552,1.444000
2938,931038,11168,1.396000
2939,931356,10880,1.360000
2940,931672,10560,1.320000
2941,931989,10256,1.282000
2942,932306,10048,1.256000
2943,932623,9808,1.226000
2944,932940,9712,1.214000
2945,933257,9616,1.202000
2946,933573,9600,1.200000
2947,933890,9584,1.198000
2948,934207,9728,1.216000
2949,934524,9808,1.226000
2950,934841,9984,1.248000
2951,935158,10224,1.278000
2952,935475,10496,1.312000
2953,935791,10864,1.358000
2954,936109,11184,1.398000
2955,936425,11536,1.442000
2956,936742,12032,1.504000
2957,937058,12400,1.550000
2958,937375,12832,1.604000
2959,937693,13264,1.658000
2960,938009,13728,1.716000
2961,938326,14064,1.758000
2962,938643,14576,1.822000
2963,938960,15008,1.876000
2964,939277,15312,1.914000
2965,939594,15760,1.970000
2966,939911,16096,2.012000
2967,940227,16352,2.044000
2968,940544,16576,2.072000
2969,940861,16848,2.106000
2970,941178,17008,2.126000
2971,941495,17040,2.130000
2972,941812,17104,2.138000
2973,942129,17120,2.140000
2974,942445,16992,2.124000
2975,942762,16944,2.118000
2976,943079,16720,2.090000
2977,943396,16576,2.072000
2978,943713,16336,2.042000
2979,944030,15984,1.998000
2980,944347,15664,1.958000
2981,944663,15312,1.914000
2982,944980,14912,1.864000
2983,945297,14448,1.806000
2984,945614,14016,1.752000
2985,945931,13616,1.702000
2986,946248,13200,1.650000
2987,946564,12672,1.584000
2988,946882,12240,1.530000
2989,947198,11856,1.482000
2990,947515,11424,1.428000
2991,947832,11104,1.388000
2992,948149,10704,1.338000
2993,948465,10416,1.302000
2994,948783,10192,1.274000
2995,949099,9968,1.246000
2996,949417,9776,1.222000
2997,949733,9616,1.202000
2998,950050,9584,1.198000
2999,950367,9568,1.196000
3000,950685,9664,1.208000
3001,951000,9712,1.214000
3002,951317,9904,1.238000
3003,951634,10128,1.266000
3004,951951,10352,1.294000
3005,952268,10608,1.326000
3006,952585,10960,1.370000
3007,952902,11328,1.416000
3008,953219,11680,1.460000
3009,953535,12144,1.518000
3010,953852,12528,1.566000
3011,954169,12992,1.624000
3012,954486,13424,1.678000
3013,954803,13872,1.734000
3014,955119,14288,1.786000
3015,955437,14784,1.848000
3016,955753,15152,1.894000
3017,956070,15520,1.940000
3018,956387,15888,1.986000
3019,956704,16224,2.028000
3020,957021,16480,2.060000
3021,957337,16736,2.092000
3022,957655,16896,2.112000
3023,957971,17088,2.136000
3024,958288,17056,2.132000
3025,958605,17120,2.140000
3026,958922,17072,2.134000
3027,959239,17024,2.128000
3028,959556,16816,2.102000
3029,959872,16720,2.090000
3030,960190,16448,2.056000
3031,960506,16144,2.018000
3032,960823,15808,1.976000
3033,961139,15488,1.936000
3034,961457,15152,1.894000
3035,961774,14752,1.844000
3036,962090,14304,1.788000
3037,962408,13920,1.740000
3038,962724,13392,1.674000
3039,963041,12960,1.620000
3040,963358,12544,1.568000
3041,963675,12080,1.510000
3042,963992,11648,1.456000
3043,964309,11296,1.412000
3044,964625,10976,1.372000
3045,964942,10576,1.322000
3046,965259,10240,1.280000
3047,965576,10064,1.258000
3048,965893,9840,1.230000
3049,966210,9712,1.214000
3050,966526,9664,1.208000
3051,966844,9584,1.198000
3052,967160,9632,1.204000
3053,967477,9680,1.210000
3054,967793,9856,1.232000
3055,968111,9952,1.244000
3056,968427,10176,1.272000
3057,968744,10416,1.302000
3058,969061,10784,1.348000
3059,969379,11104,1.388000
3060,969695,11488,1.436000
3061,970012,11872,1.484000
3062,970329,12288,1.536000
3063,970645,12784,1.598000
3064,970962,13136,1.642000
3065,971279,13616,1.702000
3066,971596,14016,1.752000
3067,971913,14576,1.822000
3068,972230,14912,1.864000
3069,972547,15280,1.910000
3070,972864,15648,1.956000
3071,973180,16032,2.004000
3072,973497,16336,2.042000
3073,973814,16608,2.076000
3074,974131,16768,2.096000
3075,974448,16928,2.116000
3076,974765,17056,2.132000
3077,975081,17120,2.140000
3078,975399,17152,2.144000
3079,975715,17056,2.132000
3080,976032,16928,2.116000
3081,976349,16800,2.100000
3082,976666,16640,2.080000
3083,976983,16368,2.046000
3084,977300,16048,2.006000
3085,977616,15728,1.966000
3086,977934,15376,1.922000
3087,978250,14992,1.874000
3088,978567,14560,1.820000
3089,978884,14160,1.770000
3090,979201,13680,1.710000
3091,979518,13264,1.658000
3092,979834,12784,1.598000
3093,980151,12368,1.546000
3094,980468,11968,1.496000
3095,980785,11520,1.440000
3096,981101,11200,1.400000
3097,981419,10816,1.352000
3098,981735,10448,1.306000
3099,982052,10224,1.278000
3100,982369,10032,1.254000
3101,982685,9824,1.228000
3102,983003,9616,1.202000
3103,983320,9552,1.194000
3104,983637,9616,1.202000
3105,983954,9632,1.204000
3106,984270,9696,1.212000
3107,984587,9824,1.228000
3108,984904,10048,1.256000
3109,985221,10240,1.280000
3110,985538,10576,1.322000
3111,985855,10864,1.358000
3112,986172,11200,1.400000
3113,986488,11648,1.456000
3114,986805,12032,1.504000
3115,987121,12432,1.554000
3116,987439,12816,1.602000
3117,987756,13328,1.666000
3118,988072,13792,1.724000
3119,988390,14240,1.780000
3120,988706,14672,1.834000
3121,989023,15024,1.878000
3122,989340,15456,1.932000
3123,989657,15776,1.972000
3124,989974,16208,2.026000
3125,990290,16464,2.058000
3126,990607,16656,2.082000
3127,990924,16864,2.108000
3128,991241,17008,2.126000
3129,991558,17072,2.134000
3130,991875,17088,2.136000
3131,992192,17152,2.144000
3132,992509,16992,2.124000
3133,992825,16928,2.116000
3134,993142,16720,2.090000
3135,993459,16512,2.064000
3136,993776,16208,2.026000
3137,994093,15984,1.998000
3138,994409,15728,1.966000
3139,994727,15168,1.896000
3140,995043,14816,1.852000
3141,995360,14352,1.794000
3142,995677,13984,1.748000
3143,995994,13504,1.688000
3144,996311,13312,1.664000
3145,996628,12592,1.574000
3146,996944,12112,1.514000
3147,997261,11744,1.468000
3148,997578,11360,1.420000
3149,997895,11008,1.376000
3150,998212,10624,1.328000
3151,998529,10544,1.318000
3152,998845,10192,1.274000
3153,999163,9952,1.244000
3154,999479,9744,1.218000
3155,999796,9616,1.202000
