sample,timestamp_us,raw,voltage_V
0,95,13392,1.674000
1,411,13392,1.674000
2,729,13360,1.670000
3,1045,13376,1.672000
4,1362,13360,1.670000
5,1679,13424,1.678000
6,1996,13408,1.676000
7,2313,13424,1.678000
8,2629,13408,1.676000
9,2947,13408,1.676000
10,3263,13408,1.676000
11,3580,13376,1.672000
12,3897,13408,1.676000
13,4214,13328,1.666000
14,4530,13344,1.668000
15,4847,13408,1.676000
16,5165,13408,1.676000
17,5481,13408,1.676000
18,5798,13392,1.674000
19,6115,13376,1.672000
20,6431,13376,1.672000
21,6749,13312,1.664000
22,7065,13344,1.668000
23,7382,13344,1.668000
24,7699,13376,1.672000
25,8016,13392,1.674000
26,8333,13392,1.674000
27,8650,13360,1.670000
28,8966,13376,1.672000
29,9283,13392,1.674000
30,9600,13440,1.680000
31,9917,13360,1.670000
32,10234,13360,1.670000
33,10551,13376,1.672000
34,10867,13440,1.680000
35,11185,13424,1.678000
36,11502,13376,1.672000
37,11818,13424,1.678000
38,12135,13328,1.666000
39,12452,13424,1.678000
40,12769,13312,1.664000
41,13086,13488,1.686000
42,13403,13376,1.672000
43,13720,13456,1.682000
44,14036,13392,1.674000
45,14353,13408,1.676000
46,14670,13344,1.668000
47,14987,13360,1.670000
48,15304,13392,1.674000
49,15621,13440,1.680000
50,15938,13360,1.670000
51,16255,13408,1.676000
52,16571,13440,1.680000
53,16888,13344,1.668000
54,17205,13408,1.676000
55,17522,13456,1.682000
56,17839,13440,1.680000
57,18155,13440,1.680000
58,18473,13376,1.672000
59,18789,13376,1.672000
60,19106,13456,1.682000
61,19423,13376,1.672000
62,19740,13568,1.696000
63,20057,13408,1.676000
64,20374,13376,1.672000
65,20690,13424,1.678000
66,21008,13392,1.674000
67,21324,13360,1.670000
68,21641,13392,1.674000
69,21958,13360,1.670000
70,22275,13408,1.676000
71,22591,13424,1.678000
72,22908,13392,1.674000
73,23225,13360,1.670000
74,23542,13392,1.674000
75,23859,13392,1.674000
76,24176,13392,1.674000
77,24493,13392,1.674000
78,24810,13408,1.676000
79,25126,13392,1.674000
80,25443,13344,1.668000
81,25760,13376,1.672000
82,26077,13392,1.674000
83,26394,13376,1.672000
84,26711,13408,1.676000
85,27027,13424,1.678000
86,27345,13392,1.674000
87,27661,13408,1.676000
88,27977,13440,1.680000
89,28294,13408,1.676000
90,28612,13392,1.674000
91,28928,13408,1.676000
92,29246,13408,1.676000
93,29562,13456,1.682000
94,29880,13408,1.676000
95,30196,13440,1.680000
96,30513,13392,1.674000
97,30830,13344,1.668000
98,31146,13376,1.672000
99,31463,13424,1.678000
100,31780,13424,1.678000
101,32097,13344,1.668000
102,32414,13376,1.672000
103,32731,13360,1.670000
104,33048,13344,1.668000
105,33365,13408,1.676000
106,33686,13456,1.682000
107,33999,13424,1.678000
108,34315,13376,1.672000
109,34632,13424,1.678000
110,34949,13392,1.674000
111,35266,13440,1.680000
112,35582,13440,1.680000
113,35899,13408,1.676000
114,36216,13408,1.676000
115,36533,13472,1.684000
116,36850,13344,1.668000
117,37167,13408,1.676000
118,37484,13456,1.682000
119,37801,13408,1.676000
120,38117,13376,1.672000
121,38434,13376,1.672000
122,38751,13296,1.662000
123,39067,13424,1.678000
124,39384,13424,1.678000
125,39702,13456,1.682000
126,40019,13472,1.684000
127,40335,13360,1.670000
128,40652,13376,1.672000
129,40969,13360,1.670000
130,41286,13376,1.672000
131,41603,13360,1.670000
132,41919,13376,1.672000
133,42237,13424,1.678000
134,42554,13392,1.674000
135,42870,13408,1.676000
136,43187,13392,1.674000
137,43504,13424,1.678000
138,43821,13392,1.674000
139,44138,13392,1.674000
140,44454,13360,1.670000
141,44772,13424,1.678000
142,45088,13376,1.672000
143,45405,13392,1.674000
144,45722,13312,1.664000
145,46039,13408,1.676000
146,46356,13408,1.676000
147,46672,13472,1.684000
148,46990,13392,1.674000
149,47306,13408,1.676000
150,47623,13408,1.676000
151,47940,13408,1.676000
152,48257,13424,1.678000
153,48574,13312,1.664000
154,48891,13392,1.674000
155,49208,13472,1.684000
156,49524,13424,1.678000
157,49841,13376,1.672000
158,50158,13456,1.682000
159,50475,13424,1.678000
160,50792,13408,1.676000
161,51108,13456,1.682000
162,51426,13408,1.676000
163,51742,13328,1.666000
164,52059,13440,1.680000
165,52376,13440,1.680000
166,52693,13472,1.684000
167,53010,13456,1.682000
168,53327,13392,1.674000
169,53644,13408,1.676000
170,53961,13440,1.680000
171,54278,13424,1.678000
172,54594,13408,1.676000
173,54911,13360,1.670000
174,55228,13376,1.672000
175,55545,13376,1.672000
176,55861,13344,1.668000
177,56178,13392,1.674000
178,56495,13376,1.672000
179,56812,13392,1.674000
180,57129,13392,1.674000
181,57445,13376,1.672000
182,57763,13392,1.674000
183,58080,13392,1.674000
184,58396,13424,1.678000
185,58713,13328,1.666000
186,59030,13392,1.674000
187,59347,13424,1.678000
188,59663,13392,1.674000
189,59981,13408,1.676000
190,60298,13424,1.678000
191,60614,13392,1.674000
192,60931,13376,1.672000
193,61248,13360,1.670000
194,61565,13392,1.674000
195,61882,13424,1.678000
196,62199,13392,1.674000
197,62515,13424,1.678000
198,62832,13392,1.674000
199,63149,13376,1.672000
200,63466,13408,1.676000
201,63783,13312,1.664000
202,64100,13408,1.676000
203,64416,13424,1.678000
204,64734,13360,1.670000
205,65050,13392,1.674000
206,65367,13424,1.678000
207,65686,13360,1.670000
208,66001,13440,1.680000
209,66318,13392,1.674000
210,66635,13376,1.672000
211,66952,13360,1.670000
212,67269,13424,1.678000
213,67585,13440,1.680000
214,67902,13440,1.680000
215,68219,13472,1.684000
216,68536,13408,1.676000
217,68852,13296,1.662000
218,69170,13392,1.674000
219,69487,13424,1.678000
220,69803,13392,1.674000
221,70120,13360,1.670000
222,70437,13360,1.670000
223,70754,13392,1.674000
224,71071,13424,1.678000
225,71387,13376,1.672000
226,71705,13488,1.686000
227,72021,13344,1.668000
228,72338,13408,1.676000
229,72655,13328,1.666000
230,72972,13392,1.674000
231,73288,13408,1.676000
232,73606,13376,1.672000
233,73922,13376,1.672000
234,74239,13408,1.676000
235,74557,13360,1.670000
236,74873,13344,1.668000
237,75190,13344,1.668000
238,75507,13408,1.676000
239,75824,13408,1.676000
240,76140,13392,1.674000
241,76457,13408,1.676000
242,76774,13408,1.676000
243,77091,13360,1.670000
244,77408,13408,1.676000
245,77724,13376,1.672000
246,78042,13360,1.670000
247,78359,13392,1.674000
248,78675,13408,1.676000
249,78992,13424,1.678000
250,79309,13344,1.668000
251,79626,13360,1.670000
252,79943,13344,1.668000
253,80260,13392,1.674000
254,80577,13472,1.684000
255,80893,13408,1.676000
256,81210,13424,1.678000
257,81527,13376,1.672000
258,81844,13392,1.674000
259,82161,13424,1.678000
260,82478,13360,1.670000
261,82795,13376,1.672000
262,83111,13392,1.674000
263,83429,13424,1.678000
264,83745,13408,1.676000
265,84062,13424,1.678000
266,84379,13392,1.674000
267,84696,13376,1.672000
268,85013,13408,1.676000
269,85330,13376,1.672000
270,85646,13376,1.672000
271,85963,13408,1.676000
272,86280,13408,1.676000
273,86597,13392,1.674000
274,86914,13376,1.672000
275,87230,13408,1.676000
276,87548,13392,1.674000
277,87864,13344,1.668000
278,88181,13328,1.666000
279,88498,13424,1.678000
280,88815,13344,1.668000
281,89131,13408,1.676000
282,89449,13344,1.668000
283,89766,13408,1.676000
284,90082,13408,1.676000
285,90399,13392,1.674000
286,90716,13440,1.680000
287,91033,13440,1.680000
288,91350,13376,1.672000
289,91666,13440,1.680000
290,91983,13376,1.672000
291,92300,13424,1.678000
292,92617,13344,1.668000
293,92934,13376,1.672000
294,93251,13392,1.674000
295,93567,13424,1.678000
296,93885,13392,1.674000
297,94201,13392,1.674000
298,94518,13344,1.668000
299,94835,13344,1.668000
300,95152,13376,1.672000
301,95469,13376,1.672000
302,95786,13408,1.676000
303,96103,13360,1.670000
304,96419,13392,1.674000
305,96736,13360,1.670000
306,97053,13440,1.680000
307,97370,13376,1.672000
308,97686,13360,1.670000
309,98004,13376,1.672000
310,98321,13392,1.674000
311,98637,13392,1.674000
312,98954,13408,1.676000
313,99271,13440,1.680000
314,99588,13424,1.678000
315,99905,13472,1.684000
316,100222,13408,1.676000
317,100539,13392,1.674000
318,100855,13344,1.668000
319,101172,13392,1.674000
320,101490,13360,1.670000
321,101806,13408,1.676000
322,102123,13376,1.672000
323,102439,13360,1.670000
324,102757,13360,1.670000
325,103074,13392,1.674000
326,103390,13392,1.674000
327,103707,13328,1.666000
328,104024,13328,1.666000
329,104341,13424,1.678000
330,104658,13600,1.700000
331,104975,13424,1.678000
332,105292,13440,1.680000
333,105608,13408,1.676000
334,105925,13408,1.676000
335,106242,13408,1.676000
336,106558,13376,1.672000
337,106876,13648,1.706000
338,107193,13392,1.674000
339,107510,13408,1.676000
340,107826,13392,1.674000
341,108143,13456,1.682000
342,108460,13360,1.670000
343,108777,13392,1.674000
344,109094,13440,1.680000
345,109410,13408,1.676000
346,109727,13376,1.672000
347,110044,13360,1.670000
348,110361,13408,1.676000
349,110678,13344,1.668000
350,110995,13312,1.664000
351,111311,13440,1.680000
352,111629,13504,1.688000
353,111945,13456,1.682000
354,112262,13376,1.672000
355,112579,13344,1.668000
356,112896,13360,1.670000
357,113213,13376,1.672000
358,113530,13424,1.678000
359,113846,13376,1.672000
360,114164,13440,1.680000
361,114480,13392,1.674000
362,114797,13376,1.672000
363,115114,13376,1.672000
364,115431,13376,1.672000
365,115747,13376,1.672000
366,116065,13424,1.678000
367,116382,13424,1.678000
368,116698,13440,1.680000
369,117015,13392,1.674000
370,117332,13376,1.672000
371,117649,13408,1.676000
372,117966,13440,1.680000
373,118282,13392,1.674000
374,118600,13424,1.678000
375,118916,13440,1.680000
376,119234,13408,1.676000
377,119550,13392,1.674000
378,119866,13472,1.684000
379,120184,13408,1.676000
380,120501,13376,1.672000
381,120818,13408,1.676000
382,121134,13440,1.680000
383,121452,13408,1.676000
384,121768,13392,1.674000
385,122085,13392,1.674000
386,122402,13328,1.666000
387,122719,13392,1.674000
388,123035,13408,1.676000
389,123352,13360,1.670000
390,123669,13408,1.676000
391,123986,13376,1.672000
392,124303,13408,1.676000
393,124620,13376,1.672000
394,124937,13360,1.670000
395,125254,13376,1.672000
396,125570,13424,1.678000
397,125887,13376,1.672000
398,126204,13344,1.668000
399,126521,13328,1.666000
400,126838,13344,1.668000
401,127155,13440,1.680000
402,127472,13376,1.672000
403,127788,13424,1.678000
404,128105,13376,1.672000
405,128422,13408,1.676000
406,128739,13344,1.668000
407,129056,13440,1.680000
408,129373,13344,1.668000
409,129689,13440,1.680000
410,130007,13344,1.668000
411,130323,13408,1.676000
412,130640,13344,1.668000
413,130957,13392,1.674000
414,131274,13280,1.660000
415,131590,13360,1.670000
416,131908,13408,1.676000
417,132225,13424,1.678000
418,132541,13408,1.676000
419,132858,13312,1.664000
420,133175,13440,1.680000
421,133492,13264,1.658000
422,133809,13408,1.676000
423,134125,13424,1.678000
424,134442,13440,1.680000
425,134760,13440,1.680000
426,135076,13328,1.666000
427,135393,13392,1.674000
428,135710,13392,1.674000
429,136027,13392,1.674000
430,136344,13376,1.672000
431,136660,13392,1.674000
432,136977,13408,1.676000
433,137293,13360,1.670000
434,137611,13488,1.686000
435,137928,13440,1.680000
436,138245,13376,1.672000
437,138561,13424,1.678000
438,138878,13440,1.680000
439,139195,13408,1.676000
440,139512,13424,1.678000
441,139829,13360,1.670000
442,140146,13408,1.676000
443,140463,13328,1.666000
444,140780,13392,1.674000
445,141096,13344,1.668000
446,141413,13408,1.676000
447,141729,13472,1.684000
448,142047,13424,1.678000
449,142364,13360,1.670000
450,142685,13360,1.670000
451,142997,13360,1.670000
452,143314,13360,1.670000
453,143631,13408,1.676000
454,143948,13408,1.676000
455,144265,13344,1.668000
456,144582,13424,1.678000
457,144899,13392,1.674000
458,145216,13360,1.670000
459,145532,13408,1.676000
460,145849,13456,1.682000
461,146167,13360,1.670000
462,146483,13376,1.672000
463,146800,13376,1.672000
464,147117,13392,1.674000
465,147433,13392,1.674000
466,147750,13456,1.682000
467,148068,13408,1.676000
468,148384,13456,1.682000
469,148701,13456,1.682000
470,149018,13376,1.672000
471,149335,13408,1.676000
472,149651,13440,1.680000
473,149968,13392,1.674000
474,150285,13376,1.672000
475,150602,13392,1.674000
476,150919,13424,1.678000
477,151236,13440,1.680000
478,151553,13408,1.676000
479,151869,13408,1.676000
480,152187,13376,1.672000
481,152503,13408,1.676000
482,152820,13376,1.672000
483,153137,13504,1.688000
484,153454,13408,1.676000
485,153771,13376,1.672000
486,154087,13376,1.672000
487,154404,13392,1.674000
488,154721,13424,1.678000
489,155038,13360,1.670000
490,155355,13376,1.672000
491,155672,13408,1.676000
492,155989,13344,1.668000
493,156305,13360,1.670000
494,156623,13376,1.672000
495,156939,13408,1.676000
496,157256,13344,1.668000
497,157573,13392,1.674000
498,157890,13440,1.680000
499,158207,13376,1.672000
500,158523,13376,1.672000
501,158840,13392,1.674000
502,159158,13392,1.674000
503,159474,13408,1.676000
504,159791,13376,1.672000
505,160107,13408,1.676000
506,160425,13408,1.676000
507,160742,13360,1.670000
508,161058,13408,1.676000
509,161375,13376,1.672000
510,161692,13408,1.676000
511,162009,13376,1.672000
512,162326,13440,1.680000
513,162642,13392,1.674000
514,162960,13440,1.680000
515,163276,13360,1.670000
516,163594,13424,1.678000
517,163910,13360,1.670000
518,164227,13392,1.674000
519,164544,13424,1.678000
520,164860,13392,1.674000
521,165178,13424,1.678000
522,165495,13408,1.676000
523,165811,13376,1.672000
524,166128,13488,1.686000
525,166444,13440,1.680000
526,166762,13408,1.676000
527,167079,13424,1.678000
528,167396,13424,1.678000
529,167713,13376,1.672000
530,168029,13488,1.686000
531,168346,13424,1.678000
532,168663,13376,1.672000
533,168979,13424,1.678000
534,169296,13408,1.676000
535,169614,13392,1.674000
536,169930,13376,1.672000
537,170247,13392,1.674000
538,170564,13440,1.680000
539,170880,13376,1.672000
540,171197,13376,1.672000
541,171515,13360,1.670000
542,171832,13376,1.672000
543,172148,13344,1.668000
544,172466,13392,1.674000
545,172782,13424,1.678000
546,173099,13392,1.674000
547,173416,13360,1.670000
548,173733,13344,1.668000
549,174050,13408,1.676000
550,174367,13408,1.676000
551,174686,13344,1.668000
552,175000,13376,1.672000
553,175317,13392,1.674000
554,175634,13360,1.670000
555,175951,13344,1.668000
556,176268,13376,1.672000
557,176584,13408,1.676000
558,176901,13360,1.670000
559,177218,13408,1.676000
560,177535,13376,1.672000
561,177851,13344,1.668000
562,178169,13408,1.676000
563,178486,13360,1.670000
564,178803,13440,1.680000
565,179119,13376,1.672000
566,179436,13408,1.676000
567,179753,13392,1.674000
568,180070,13376,1.672000
569,180387,13440,1.680000
570,180704,13392,1.674000
571,181020,13344,1.668000
572,181337,13360,1.670000
573,181654,13408,1.676000
574,181971,13392,1.674000
575,182288,13392,1.674000
576,182605,13392,1.674000
577,182921,13472,1.684000
578,183239,13360,1.670000
579,183555,13344,1.668000
580,183873,13392,1.674000
581,184189,13392,1.674000
582,184506,13408,1.676000
583,184823,13392,1.674000
584,185139,13408,1.676000
585,185456,13344,1.668000
586,185773,13408,1.676000
587,186090,13376,1.672000
588,186407,13424,1.678000
589,186724,13440,1.680000
590,187041,13408,1.676000
591,187358,13408,1.676000
592,187674,13328,1.666000
593,187991,13392,1.674000
594,188308,13360,1.670000
595,188625,13392,1.674000
596,188942,13424,1.678000
597,189259,13408,1.676000
598,189576,13392,1.674000
599,189893,13344,1.668000
600,190210,13440,1.680000
601,190526,13408,1.676000
602,190843,13360,1.670000
603,191160,13392,1.674000
604,191477,13376,1.672000
605,191794,13392,1.674000
606,192110,13392,1.674000
607,192427,13376,1.672000
608,192744,13360,1.670000
609,193061,13360,1.670000
610,193378,13392,1.674000
611,193695,13408,1.676000
612,194012,13424,1.678000
613,194329,13344,1.668000
614,194645,13392,1.674000
615,194962,13408,1.676000
616,195279,13488,1.686000
617,195596,13376,1.672000
618,195913,13424,1.678000
619,196230,13440,1.680000
620,196547,13424,1.678000
621,196863,13360,1.670000
622,197181,13424,1.678000
623,197498,13360,1.670000
624,197814,13440,1.680000
625,198131,13408,1.676000
626,198448,13376,1.672000
627,198765,13392,1.674000
628,199081,13408,1.676000
629,199398,13440,1.680000
630,199715,13408,1.676000
631,200032,13424,1.678000
632,200349,13408,1.676000
633,200666,13456,1.682000
634,200982,13376,1.672000
635,201299,13424,1.678000
636,201616,13408,1.676000
637,201933,13360,1.670000
638,202250,13424,1.678000
639,202567,13424,1.678000
640,202883,13440,1.680000
641,203200,13360,1.670000
642,203518,13360,1.670000
643,203834,13424,1.678000
644,204151,13408,1.676000
645,204468,13376,1.672000
646,204785,13376,1.672000
647,205101,13456,1.682000
648,205419,13344,1.668000
649,205736,13328,1.666000
650,206052,13376,1.672000
651,206369,13312,1.664000
652,206686,13440,1.680000
653,207003,13392,1.674000
654,207320,13408,1.676000
655,207637,13408,1.676000
656,207953,13408,1.676000
657,208270,13312,1.664000
658,208587,13424,1.678000
659,208904,13312,1.664000
660,209221,13360,1.670000
661,209538,13328,1.666000
662,209855,13392,1.674000
663,210171,13392,1.674000
664,210488,13392,1.674000
665,210805,13424,1.678000
666,211122,13344,1.668000
667,211439,13392,1.674000
668,211756,13408,1.676000
669,212073,13376,1.672000
670,212390,13392,1.674000
671,212707,13408,1.676000
672,213023,13424,1.678000
673,213340,13344,1.668000
674,213657,13488,1.686000
675,213973,13392,1.674000
676,214291,13376,1.672000
677,214608,13408,1.676000
678,214924,13360,1.670000
679,215241,13376,1.672000
680,215558,13408,1.676000
681,215875,13408,1.676000
682,216191,13376,1.672000
683,216509,13392,1.674000
684,216826,13392,1.674000
685,217142,13392,1.674000
686,217459,13344,1.668000
687,217776,13472,1.684000
688,218093,13344,1.668000
689,218410,13440,1.680000
690,218727,13424,1.678000
691,219044,13360,1.670000
692,219361,13408,1.676000
693,219677,13424,1.678000
694,219994,13344,1.668000
695,220311,13392,1.674000
696,220628,13440,1.680000
697,220944,13424,1.678000
698,221262,13312,1.664000
699,221579,13440,1.680000
700,221895,13392,1.674000
701,222212,13296,1.662000
702,222529,13152,1.644000
703,222846,13360,1.670000
704,223162,13408,1.676000
705,223480,13376,1.672000
706,223796,13344,1.668000
707,224113,13424,1.678000
708,224430,13232,1.654000
709,224746,13376,1.672000
710,225064,13408,1.676000
711,225381,13408,1.676000
712,225698,13408,1.676000
713,226014,13392,1.674000
714,226331,13360,1.670000
715,226648,13424,1.678000
716,226965,13456,1.682000
717,227282,13424,1.678000
718,227599,13424,1.678000
719,227916,13328,1.666000
720,228232,13456,1.682000
721,228549,13584,1.698000
722,228866,13408,1.676000
723,229183,13376,1.672000
724,229500,13392,1.674000
725,229817,13440,1.680000
726,230133,13408,1.676000
727,230451,13376,1.672000
728,230767,13408,1.676000
729,231084,13344,1.668000
730,231401,13408,1.676000
731,231718,13456,1.682000
732,232034,13424,1.678000
733,232352,13440,1.680000
734,232669,13424,1.678000
735,232985,13424,1.678000
736,233302,13440,1.680000
737,233619,13392,1.674000
738,233936,13392,1.674000
739,234253,13440,1.680000
740,234570,13360,1.670000
741,234886,13440,1.680000
742,235204,13376,1.672000
743,235520,13360,1.670000
744,235837,13440,1.680000
745,236154,13424,1.678000
746,236471,13312,1.664000
747,236788,13408,1.676000
748,237104,13392,1.674000
749,237421,13408,1.676000
750,237738,13392,1.674000
751,238055,13328,1.666000
752,238372,13376,1.672000
753,238689,13360,1.670000
754,239005,13440,1.680000
755,239322,13456,1.682000
756,239640,13392,1.674000
757,239956,13408,1.676000
758,240273,13488,1.686000
759,240590,13424,1.678000
760,240907,13440,1.680000
761,241224,13408,1.676000
762,241540,13360,1.670000
763,241857,13392,1.674000
764,242174,13616,1.702000
765,242491,13408,1.676000
766,242808,13360,1.670000
767,243125,13424,1.678000
768,243441,13408,1.676000
769,243759,13408,1.676000
770,244075,13408,1.676000
771,244392,13552,1.694000
772,244709,13392,1.674000
773,245026,13360,1.670000
774,245343,13376,1.672000
775,245659,13360,1.670000
776,245977,13376,1.672000
777,246294,13312,1.664000
778,246610,13408,1.676000
779,246927,13456,1.682000
780,247244,13408,1.676000
781,247561,13424,1.678000
782,247878,13376,1.672000
783,248195,13456,1.682000
784,248511,13440,1.680000
785,248828,13360,1.670000
786,249145,13360,1.670000
787,249462,13376,1.672000
788,249779,13440,1.680000
789,250095,13376,1.672000
790,250413,13360,1.670000
791,250729,13424,1.678000
792,251046,13248,1.656000
793,251363,13440,1.680000
794,251680,13344,1.668000
795,251996,13424,1.678000
796,252314,13392,1.674000
797,252631,13392,1.674000
798,252947,13360,1.670000
799,253264,13280,1.660000
800,253581,13408,1.676000
801,253898,13408,1.676000
802,254215,13392,1.674000
803,254532,13344,1.668000
804,254849,13392,1.674000
805,255166,13472,1.684000
806,255483,13328,1.666000
807,255799,13344,1.668000
808,256116,13360,1.670000
809,256433,13408,1.676000
810,256749,13344,1.668000
811,257067,13440,1.680000
812,257384,13424,1.678000
813,257700,13424,1.678000
814,258017,13376,1.672000
815,258334,13424,1.678000
816,258651,13360,1.670000
817,258967,13408,1.676000
818,259284,13392,1.674000
819,259601,13344,1.668000
820,259918,13408,1.676000
821,260235,13424,1.678000
822,260552,13408,1.676000
823,260868,13392,1.674000
824,261186,13424,1.678000
825,261503,13376,1.672000
826,261820,13360,1.670000
827,262136,13440,1.680000
828,262453,13408,1.676000
829,262770,13264,1.658000
830,263087,13424,1.678000
831,263403,13392,1.674000
832,263721,13424,1.678000
833,264037,13376,1.672000
834,264354,13344,1.668000
835,264671,13424,1.678000
836,264988,13376,1.672000
837,265305,13488,1.686000
838,265622,13408,1.676000
839,265938,13360,1.670000
840,266255,13392,1.674000
841,266572,13424,1.678000
842,266889,13232,1.654000
843,267206,13392,1.674000
844,267523,13456,1.682000
845,267839,13424,1.678000
846,268157,13376,1.672000
847,268473,13440,1.680000
848,268790,13456,1.682000
849,269108,13392,1.674000
850,269424,13392,1.674000
851,269740,13360,1.670000
852,270058,13408,1.676000
853,270375,13392,1.674000
854,270692,13424,1.678000
855,271008,13472,1.684000
856,271325,13408,1.676000
857,271642,13424,1.678000
858,271959,13408,1.676000
859,272276,13328,1.666000
860,272592,13344,1.668000
861,272910,13344,1.668000
862,273226,13360,1.670000
863,273543,13392,1.674000
864,273860,13360,1.670000
865,274177,13424,1.678000
866,274494,13376,1.672000
867,274811,13376,1.672000
868,275127,13472,1.684000
869,275445,13424,1.678000
870,275761,13360,1.670000
871,276078,13376,1.672000
872,276395,13360,1.670000
873,276712,13392,1.674000
874,277028,13360,1.670000
875,277346,13424,1.678000
876,277662,13312,1.664000
877,277979,13408,1.676000
878,278296,13376,1.672000
879,278613,13408,1.676000
880,278930,13376,1.672000
881,279246,13408,1.676000
882,279564,13296,1.662000
883,279881,13408,1.676000
884,280198,13360,1.670000
885,280514,13408,1.676000
886,280831,13424,1.678000
887,281148,13392,1.674000
888,281465,13376,1.672000
889,281782,13376,1.672000
890,282098,13392,1.674000
891,282416,13392,1.674000
892,282732,13392,1.674000
893,283049,13408,1.676000
894,283366,13424,1.678000
895,283685,13440,1.680000
896,284000,13392,1.674000
897,284317,13408,1.676000
898,284633,13488,1.686000
899,284950,13392,1.674000
900,285267,13408,1.676000
901,285584,13360,1.670000
902,285901,13392,1.674000
903,286218,13376,1.672000
904,286534,13472,1.684000
905,286851,13408,1.676000
906,287168,13424,1.678000
907,287485,13408,1.676000
908,287802,13360,1.670000
909,288119,13392,1.674000
910,288435,13424,1.678000
911,288753,13312,1.664000
912,289069,13360,1.670000
913,289386,13360,1.670000
914,289703,13424,1.678000
915,290019,13408,1.676000
916,290337,13376,1.672000
917,290654,13408,1.676000
918,290970,13360,1.670000
919,291287,13392,1.674000
920,291604,13360,1.670000
921,291921,13360,1.670000
922,292238,13440,1.680000
923,292555,13408,1.676000
924,292872,13360,1.670000
925,293189,13376,1.672000
926,293505,13392,1.674000
927,293822,13392,1.674000
928,294139,13360,1.670000
929,294456,13424,1.678000
930,294773,13376,1.672000
931,295089,13376,1.672000
932,295406,13408,1.676000
933,295724,13328,1.666000
934,296040,13424,1.678000
935,296357,13440,1.680000
936,296674,13440,1.680000
937,296991,13392,1.674000
938,297308,13344,1.668000
939,297624,13408,1.676000
940,297942,13408,1.676000
941,298258,13440,1.680000
942,298575,13440,1.680000
943,298892,13392,1.674000
944,299209,13360,1.670000
945,299526,13424,1.678000
946,299842,13392,1.674000
947,300159,13424,1.678000
948,300476,13408,1.676000
949,300793,13440,1.680000
950,301110,13456,1.682000
951,301427,13376,1.672000
952,301744,13376,1.672000
953,302060,13408,1.676000
954,302377,13424,1.678000
955,302694,13392,1.674000
956,303011,13360,1.670000
957,303328,13376,1.672000
958,303645,13440,1.680000
959,303962,13392,1.674000
960,304279,13456,1.682000
961,304595,13392,1.674000
962,304912,13408,1.676000
963,305229,13456,1.682000
964,305546,13376,1.672000
965,305863,13344,1.668000
966,306180,13392,1.674000
967,306497,13376,1.672000
968,306813,13376,1.672000
969,307130,13312,1.664000
970,307447,13424,1.678000
971,307764,13408,1.676000
972,308080,13344,1.668000
973,308398,13376,1.672000
974,308715,13392,1.674000
975,309031,13392,1.674000
976,309348,13408,1.676000
977,309665,13328,1.666000
978,309982,13408,1.676000
979,310298,13344,1.668000
980,310616,13376,1.672000
981,310932,13344,1.668000
982,311249,13456,1.682000
983,311566,13408,1.676000
984,311883,13392,1.674000
985,312200,13424,1.678000
986,312517,13472,1.684000
987,312834,13488,1.686000
988,313150,13392,1.674000
989,313467,13344,1.668000
990,313784,13376,1.672000
991,314101,13440,1.680000
992,314418,13472,1.684000
993,314735,13376,1.672000
994,315051,13344,1.668000
995,315368,13456,1.682000
996,315686,13440,1.680000
997,316002,13392,1.674000
998,316319,13376,1.672000
999,316636,13408,1.676000
1000,316953,13376,1.672000
1001,317270,13472,1.684000
1002,317587,13376,1.672000
1003,317903,13472,1.684000
1004,318220,13392,1.674000
1005,318537,13408,1.676000
1006,318854,13408,1.676000
1007,319171,13408,1.676000
1008,319488,13408,1.676000
1009,319805,13376,1.672000
1010,320121,13456,1.682000
1011,320438,13408,1.676000
1012,320755,13408,1.676000
1013,321072,13408,1.676000
1014,321388,13424,1.678000
1015,321706,13408,1.676000
1016,322023,13392,1.674000
1017,322340,13360,1.670000
1018,322656,13456,1.682000
1019,322973,13440,1.680000
1020,323290,13408,1.676000
1021,323607,13392,1.674000
1022,323924,13360,1.670000
1023,324240,13360,1.670000
1024,324558,13376,1.672000
1025,324875,13392,1.674000
1026,325192,13376,1.672000
1027,325508,13408,1.676000
1028,325824,13424,1.678000
1029,326142,13440,1.680000
1030,326459,13376,1.672000
1031,326775,13392,1.674000
1032,327092,13440,1.680000
1033,327409,13392,1.674000
1034,327725,13424,1.678000
1035,328043,13408,1.676000
1036,328360,13392,1.674000
1037,328677,13424,1.678000
1038,328994,13344,1.668000
1039,329311,13376,1.672000
1040,329627,13392,1.674000
1041,329944,13392,1.674000
1042,330261,13360,1.670000
1043,330578,13424,1.678000
1044,330894,13424,1.678000
1045,331212,13408,1.676000
1046,331528,13376,1.672000
1047,331846,13424,1.678000
1048,332162,13392,1.674000
1049,332479,13392,1.674000
1050,332795,13408,1.676000
1051,333113,13440,1.680000
1052,333430,13424,1.678000
1053,333746,13424,1.678000
1054,334063,13424,1.678000
1055,334380,13408,1.676000
1056,334697,13408,1.676000
1057,335014,13440,1.680000
1058,335330,13424,1.678000
1059,335648,13408,1.676000
1060,335964,13376,1.672000
1061,336282,13472,1.684000
1062,336598,13360,1.670000
1063,336914,13392,1.674000
1064,337231,13424,1.678000
1065,337549,13360,1.670000
1066,337866,13440,1.680000
1067,338182,13552,1.694000
1068,338499,13360,1.670000
1069,338816,13376,1.672000
1070,339133,13392,1.674000
1071,339450,13264,1.658000
1072,339767,13408,1.676000
1073,340084,13568,1.696000
1074,340401,13312,1.664000
1075,340718,13328,1.666000
1076,341034,13360,1.670000
1077,341351,13376,1.672000
1078,341668,13424,1.678000
1079,341985,13392,1.674000
1080,342302,13616,1.702000
1081,342619,13376,1.672000
1082,342935,13408,1.676000
1083,343253,13360,1.670000
1084,343569,13408,1.676000
1085,343886,13488,1.686000
1086,344203,13536,1.692000
1087,344519,13376,1.672000
1088,344836,13376,1.672000
1089,345154,13424,1.678000
1090,345470,13392,1.674000
1091,345787,13408,1.676000
1092,346104,13392,1.674000
1093,346421,13408,1.676000
1094,346738,13360,1.670000
1095,347054,13360,1.670000
1096,347371,13376,1.672000
1097,347688,13392,1.674000
1098,348005,13424,1.678000
1099,348322,13392,1.674000
1100,348639,13360,1.670000
1101,348956,13376,1.672000
1102,349273,13424,1.678000
1103,349589,13360,1.670000
1104,349906,13408,1.676000
1105,350223,13392,1.674000
1106,350540,13408,1.676000
1107,350857,13408,1.676000
1108,351173,13392,1.674000
1109,351491,13440,1.680000
1110,351807,13408,1.676000
1111,352124,13424,1.678000
1112,352441,13408,1.676000
1113,352758,13344,1.668000
1114,353075,13408,1.676000
1115,353392,13376,1.672000
1116,353708,13344,1.668000
1117,354025,13312,1.664000
1118,354342,13424,1.678000
1119,354659,13344,1.668000
1120,354976,13392,1.674000
1121,355293,13408,1.676000
1122,355609,13344,1.668000
1123,355927,13648,1.706000
1124,356243,13440,1.680000
1125,356560,13376,1.672000
1126,356877,13424,1.678000
1127,357194,13408,1.676000
1128,357511,13408,1.676000
1129,357827,13504,1.688000
1130,358145,13424,1.678000
1131,358461,13408,1.676000
1132,358778,13392,1.674000
1133,359095,13408,1.676000
1134,359412,13360,1.670000
1135,359729,13440,1.680000
1136,360045,13312,1.664000
1137,360362,13360,1.670000
1138,360679,13328,1.666000
1139,360996,13344,1.668000
1140,361313,13424,1.678000
1141,361630,13392,1.674000
1142,361947,13392,1.674000
1143,362263,13344,1.668000
1144,362581,13376,1.672000
1145,362897,13408,1.676000
1146,363215,13376,1.672000
1147,363531,13376,1.672000
1148,363848,13392,1.674000
1149,364165,13344,1.668000
1150,364482,13424,1.678000
1151,364798,13360,1.670000
1152,365115,13424,1.678000
1153,365432,13408,1.676000
1154,365749,13408,1.676000
1155,366066,13280,1.660000
1156,366383,13456,1.682000
1157,366700,13344,1.668000
1158,367016,13360,1.670000
1159,367334,13424,1.678000
1160,367650,13408,1.676000
1161,367967,13424,1.678000
1162,368284,13440,1.680000
1163,368601,13344,1.668000
1164,368918,13424,1.678000
1165,369234,13456,1.682000
1166,369551,13392,1.674000
1167,369868,13344,1.668000
1168,370185,13424,1.678000
1169,370502,13376,1.672000
1170,370819,13472,1.684000
1171,371136,13376,1.672000
1172,371452,13344,1.668000
1173,371769,13344,1.668000
1174,372087,13392,1.674000
1175,372403,13312,1.664000
1176,372720,13408,1.676000
1177,373036,13344,1.668000
1178,373354,13344,1.668000
1179,373671,13424,1.678000
1180,373988,13408,1.676000
1181,374304,13440,1.680000
1182,374621,13440,1.680000
1183,374938,13392,1.674000
1184,375255,13360,1.670000
1185,375572,13424,1.678000
1186,375889,13376,1.672000
1187,376205,13408,1.676000
1188,376522,13424,1.678000
1189,376839,13376,1.672000
1190,377155,13408,1.676000
1191,377473,13408,1.676000
1192,377790,13424,1.678000
1193,378106,13408,1.676000
1194,378423,13328,1.666000
1195,378740,13392,1.674000
1196,379057,13392,1.674000
1197,379374,13392,1.674000
1198,379691,13408,1.676000
1199,380008,13424,1.678000
1200,380325,13360,1.670000
1201,380641,13344,1.668000
1202,380959,13408,1.676000
1203,381275,13424,1.678000
1204,381592,13408,1.676000
1205,381909,13392,1.674000
1206,382226,13392,1.674000
1207,382543,13504,1.688000
1208,382859,13408,1.676000
1209,383177,13408,1.676000
1210,383493,13456,1.682000
1211,383810,13408,1.676000
1212,384127,13360,1.670000
1213,384443,13456,1.682000
1214,384761,13344,1.668000
1215,385077,13392,1.674000
1216,385394,13360,1.670000
1217,385711,13392,1.674000
1218,386028,13440,1.680000
1219,386345,13376,1.672000
1220,386662,13456,1.682000
1221,386978,13456,1.682000
1222,387296,13360,1.670000
1223,387612,13360,1.670000
1224,387929,13408,1.676000
1225,388246,13392,1.674000
1226,388563,13472,1.684000
1227,388879,13376,1.672000
1228,389197,13328,1.666000
1229,389514,13376,1.672000
1230,389830,13344,1.668000
1231,390147,13376,1.672000
1232,390464,13392,1.674000
1233,390781,13456,1.682000
1234,391097,13360,1.670000
1235,391415,13312,1.664000
1236,391732,13376,1.672000
1237,392048,13376,1.672000
1238,392365,13440,1.680000
1239,392685,13392,1.674000
1240,392999,13392,1.674000
1241,393316,13408,1.676000
1242,393632,13424,1.678000
1243,393950,13392,1.674000
1244,394267,13360,1.670000
1245,394583,13424,1.678000
1246,394900,13344,1.668000
1247,395217,13408,1.676000
1248,395534,13456,1.682000
1249,395851,13344,1.668000
1250,396168,13424,1.678000
1251,396485,13392,1.674000
1252,396801,13504,1.688000
1253,397118,13456,1.682000
1254,397435,13456,1.682000
1255,397752,13376,1.672000
1256,398069,13392,1.674000
1257,398386,13360,1.670000
1258,398702,13392,1.674000
1259,399020,13408,1.676000
1260,399336,13392,1.674000
1261,399653,13376,1.672000
1262,399970,13408,1.676000
1263,400287,13440,1.680000
1264,400604,13392,1.674000
1265,400920,13392,1.674000
1266,401237,13360,1.670000
1267,401554,13472,1.684000
1268,401871,13344,1.668000
1269,402188,13408,1.676000
1270,402505,13376,1.672000
1271,402822,13344,1.668000
1272,403138,13360,1.670000
1273,403455,13408,1.676000
1274,403772,13376,1.672000
1275,404089,13376,1.672000
1276,404406,13376,1.672000
1277,404723,13392,1.674000
1278,405040,13376,1.672000
1279,405356,13440,1.680000
1280,405673,13408,1.676000
1281,405990,13376,1.672000
1282,406307,13360,1.670000
1283,406624,13424,1.678000
1284,406941,13376,1.672000
1285,407258,13408,1.676000
1286,407574,13392,1.674000
1287,407891,13376,1.672000
1288,408208,13376,1.672000
1289,408525,13376,1.672000
1290,408842,13392,1.674000
1291,409159,13472,1.684000
1292,409476,13440,1.680000
1293,409792,13408,1.676000
1294,410109,13440,1.680000
1295,410426,13328,1.666000
1296,410743,13376,1.672000
1297,411060,13408,1.676000
1298,411377,13376,1.672000
1299,411693,13424,1.678000
1300,412011,13392,1.674000
1301,412327,13360,1.670000
1302,412644,13408,1.676000
1303,412961,13360,1.670000
1304,413278,13360,1.670000
1305,413595,13456,1.682000
1306,413911,13456,1.682000
1307,414228,13360,1.670000
1308,414545,13344,1.668000
1309,414862,13344,1.668000
1310,415178,13360,1.670000
1311,415496,13376,1.672000
1312,415813,13344,1.668000
1313,416130,13376,1.672000
1314,416446,13392,1.674000
1315,416763,13424,1.678000
1316,417080,13440,1.680000
1317,417397,13392,1.674000
1318,417714,13408,1.676000
1319,418031,13408,1.676000
1320,418348,13424,1.678000
1321,418664,13392,1.674000
1322,418982,13440,1.680000
1323,419298,13408,1.676000
1324,419615,13440,1.680000
1325,419932,13440,1.680000
1326,420249,13456,1.682000
1327,420566,13392,1.674000
1328,420882,13376,1.672000
1329,421199,13456,1.682000
1330,421516,13456,1.682000
1331,421833,13440,1.680000
1332,422150,13424,1.678000
1333,422467,13440,1.680000
1334,422783,13360,1.670000
1335,423101,13408,1.676000
1336,423417,13392,1.674000
1337,423734,13392,1.674000
1338,424051,13440,1.680000
1339,424368,13408,1.676000
1340,424686,13408,1.676000
1341,425002,13424,1.678000
1342,425319,13376,1.672000
1343,425635,13392,1.674000
1344,425952,13360,1.670000
1345,426269,13392,1.674000
1346,426586,13328,1.666000
1347,426903,13440,1.680000
1348,427220,13424,1.678000
1349,427537,13312,1.664000
1350,427853,13376,1.672000
1351,428170,13408,1.676000
1352,428487,13392,1.674000
1353,428804,13376,1.672000
1354,429121,13440,1.680000
1355,429438,13408,1.676000
1356,429754,13408,1.676000
1357,430071,13424,1.678000
1358,430389,13440,1.680000
1359,430705,13392,1.674000
1360,431022,13472,1.684000
1361,431339,13424,1.678000
1362,431656,13424,1.678000
1363,431973,13376,1.672000
1364,432290,13392,1.674000
1365,432606,13376,1.672000
1366,432923,13408,1.676000
1367,433240,13472,1.684000
1368,433556,13424,1.678000
1369,433874,13440,1.680000
1370,434191,13424,1.678000
1371,434507,13424,1.678000
1372,434824,13376,1.672000
1373,435141,13408,1.676000
1374,435458,13344,1.668000
1375,435775,13376,1.672000
1376,436092,13440,1.680000
1377,436408,13392,1.674000
1378,436726,13424,1.678000
1379,437042,13440,1.680000
1380,437359,13392,1.674000
1381,437676,13328,1.666000
1382,437993,13392,1.674000
1383,438309,13392,1.674000
1384,438627,13408,1.676000
1385,438943,13424,1.678000
1386,439260,13392,1.674000
1387,439577,13408,1.676000
1388,439894,13376,1.672000
1389,440211,13424,1.678000
1390,440528,13376,1.672000
1391,440844,13376,1.672000
1392,441161,13376,1.672000
1393,441478,13392,1.674000
1394,441795,13344,1.668000
1395,442112,13488,1.686000
1396,442429,13376,1.672000
1397,442746,13392,1.674000
1398,443062,13328,1.666000
1399,443379,13408,1.676000
1400,443696,13456,1.682000
1401,444013,13392,1.674000
1402,444329,13376,1.672000
1403,444647,13376,1.672000
1404,444964,13424,1.678000
1405,445280,13424,1.678000
1406,445597,13344,1.668000
1407,445915,13424,1.678000
1408,446231,13376,1.672000
1409,446548,13408,1.676000
1410,446865,13488,1.686000
1411,447181,13344,1.668000
1412,447498,13360,1.670000
1413,447815,13408,1.676000
1414,448133,13488,1.686000
1415,448449,13424,1.678000
1416,448766,13360,1.670000
1417,449083,13424,1.678000
1418,449400,13424,1.678000
1419,449717,13440,1.680000
1420,450033,13440,1.680000
1421,450350,13424,1.678000
1422,450667,13456,1.682000
1423,450984,13376,1.672000
1424,451301,13424,1.678000
1425,451618,13392,1.674000
1426,451935,13392,1.674000
1427,452252,13424,1.678000
1428,452568,13424,1.678000
1429,452885,13392,1.674000
1430,453202,13408,1.676000
1431,453519,13360,1.670000
1432,453836,13296,1.662000
1433,454153,13360,1.670000
1434,454469,13344,1.668000
1435,454786,13392,1.674000
1436,455103,13328,1.666000
1437,455420,13360,1.670000
1438,455737,13632,1.704000
1439,456054,13440,1.680000
1440,456371,13376,1.672000
1441,456688,13376,1.672000
1442,457004,13376,1.672000
1443,457321,13344,1.668000
1444,457638,13408,1.676000
1445,457954,13680,1.710000
1446,458272,13392,1.674000
1447,458589,13376,1.672000
1448,458905,13392,1.674000
1449,459222,13408,1.676000
1450,459539,13440,1.680000
1451,459856,13568,1.696000
1452,460173,13392,1.674000
1453,460490,13376,1.672000
1454,460806,13424,1.678000
1455,461124,13408,1.676000
1456,461440,13344,1.668000
1457,461757,13408,1.676000
1458,462074,13376,1.672000
1459,462391,13392,1.674000
1460,462708,13360,1.670000
1461,463025,13408,1.676000
1462,463342,13392,1.674000
1463,463658,13360,1.670000
1464,463975,13360,1.670000
1465,464292,13424,1.678000
1466,464609,13344,1.668000
1467,464925,13392,1.674000
1468,465243,13392,1.674000
1469,465560,13440,1.680000
1470,465876,13424,1.678000
1471,466193,13392,1.674000
1472,466510,13344,1.668000
1473,466827,13408,1.676000
1474,467144,13488,1.686000
1475,467461,13472,1.684000
1476,467777,13424,1.678000
1477,468095,13424,1.678000
1478,468411,13296,1.662000
1479,468728,13360,1.670000
1480,469045,13392,1.674000
1481,469362,13440,1.680000
1482,469679,13408,1.676000
1483,469995,13280,1.660000
1484,470312,13424,1.678000
1485,470629,13360,1.670000
1486,470946,13456,1.682000
1487,471263,13408,1.676000
1488,471580,13344,1.668000
1489,471897,13376,1.672000
1490,472214,13360,1.670000
1491,472531,13440,1.680000
1492,472847,13392,1.674000
1493,473164,13440,1.680000
1494,473481,13456,1.682000
1495,473798,13360,1.670000
1496,474115,13376,1.672000
1497,474432,13424,1.678000
1498,474748,13360,1.670000
1499,475065,13424,1.678000
1500,475382,13392,1.674000
1501,475699,13344,1.668000
1502,476016,13392,1.674000
1503,476333,13392,1.674000
1504,476649,13360,1.670000
1505,476966,13456,1.682000
1506,477284,13392,1.674000
1507,477600,13344,1.668000
1508,477917,13392,1.674000
1509,478234,13376,1.672000
1510,478551,13376,1.672000
1511,478867,13408,1.676000
1512,479185,13424,1.678000
1513,479502,13296,1.662000
1514,479818,13360,1.670000
1515,480135,13392,1.674000
1516,480452,13264,1.658000
1517,480768,13504,1.688000
1518,481086,13360,1.670000
1519,481403,13376,1.672000
1520,481719,13232,1.654000
1521,482036,13408,1.676000
1522,482353,13392,1.674000
1523,482670,13424,1.678000
1524,482987,13408,1.676000
1525,483304,13392,1.674000
1526,483620,13456,1.682000
1527,483938,13392,1.674000
1528,484254,13424,1.678000
1529,484571,13504,1.688000
1530,484888,13392,1.674000
1531,485205,13344,1.668000
1532,485522,13440,1.680000
1533,485838,13456,1.682000
1534,486155,13312,1.664000
1535,486472,13472,1.684000
1536,486789,13392,1.674000
1537,487106,13456,1.682000
1538,487423,13360,1.670000
1539,487740,13360,1.670000
1540,488056,13408,1.676000
1541,488373,13408,1.676000
1542,488690,13360,1.670000
1543,489006,13392,1.674000
1544,489324,13360,1.670000
1545,489641,13344,1.668000
1546,489957,13440,1.680000
1547,490275,13376,1.672000
1548,490591,13408,1.676000
1549,490908,13392,1.674000
1550,491225,13408,1.676000
1551,491542,13392,1.674000
1552,491859,13376,1.672000
1553,492176,13408,1.676000
1554,492493,13424,1.678000
1555,492809,13424,1.678000
1556,493126,13344,1.668000
1557,493442,13424,1.678000
1558,493760,13456,1.682000
1559,494077,13392,1.674000
1560,494394,13408,1.676000
1561,494711,13456,1.682000
1562,495027,13408,1.676000
1563,495344,13328,1.666000
1564,495661,13440,1.680000
1565,495978,13408,1.676000
1566,496295,13440,1.680000
1567,496612,13360,1.670000
1568,496928,13408,1.676000
1569,497245,13360,1.670000
1570,497562,13376,1.672000
1571,497878,13344,1.668000
1572,498195,13424,1.678000
1573,498513,13424,1.678000
1574,498830,13392,1.674000
1575,499146,13392,1.674000
1576,499464,13408,1.676000
1577,499780,13376,1.672000
1578,500097,13536,1.692000
1579,500414,13424,1.678000
1580,500730,13408,1.676000
1581,501048,13408,1.676000
1582,501365,13392,1.674000
1583,501686,13376,1.672000
1584,501998,13376,1.672000
1585,502315,13488,1.686000
1586,502632,13472,1.684000
1587,502949,13392,1.674000
1588,503266,13520,1.690000
1589,503582,13440,1.680000
1590,503899,13440,1.680000
1591,504216,13440,1.680000
1592,504533,13392,1.674000
1593,504850,13392,1.674000
1594,505167,13360,1.670000
1595,505483,13392,1.674000
1596,505801,13408,1.676000
1597,506117,13360,1.670000
1598,506434,13392,1.674000
1599,506751,13376,1.672000
1600,507068,13312,1.664000
1601,507385,13440,1.680000
1602,507702,13392,1.674000
1603,508019,13392,1.674000
1604,508336,13328,1.666000
1605,508652,13376,1.672000
1606,508969,13424,1.678000
1607,509286,13392,1.674000
1608,509602,13328,1.666000
1609,509920,13392,1.674000
1610,510237,13408,1.676000
1611,510553,13424,1.678000
1612,510870,13376,1.672000
1613,511188,13440,1.680000
1614,511504,13392,1.674000
1615,511821,13296,1.662000
1616,512138,13392,1.674000
1617,512455,13392,1.674000
1618,512771,13408,1.676000
1619,513088,13440,1.680000
1620,513405,13376,1.672000
1621,513722,13472,1.684000
1622,514038,13344,1.668000
1623,514356,13376,1.672000
1624,514673,13376,1.672000
1625,514990,13376,1.672000
1626,515306,13392,1.674000
1627,515623,13360,1.670000
1628,515940,13360,1.670000
1629,516257,13440,1.680000
1630,516574,13408,1.676000
1631,516891,13440,1.680000
1632,517208,13408,1.676000
1633,517524,13424,1.678000
1634,517841,13408,1.676000
1635,518159,13456,1.682000
1636,518475,13424,1.678000
1637,518792,13344,1.668000
1638,519108,13424,1.678000
1639,519426,13376,1.672000
1640,519742,13408,1.676000
1641,520059,13360,1.670000
1642,520376,13392,1.674000
1643,520693,13376,1.672000
1644,521010,13456,1.682000
1645,521326,13408,1.676000
1646,521644,13408,1.676000
1647,521961,13424,1.678000
1648,522277,13392,1.674000
1649,522595,13408,1.676000
1650,522911,13408,1.676000
1651,523228,13376,1.672000
1652,523545,13440,1.680000
1653,523861,13440,1.680000
1654,524178,13344,1.668000
1655,524495,13392,1.674000
1656,524812,13408,1.676000
1657,525129,13360,1.670000
1658,525445,13408,1.676000
1659,525763,13408,1.676000
1660,526080,13392,1.674000
1661,526396,13376,1.672000
1662,526713,13360,1.670000
1663,527030,13392,1.674000
1664,527347,13360,1.670000
1665,527664,13360,1.670000
1666,527980,13392,1.674000
1667,528298,13360,1.670000
1668,528614,13376,1.672000
1669,528931,13392,1.674000
1670,529248,13360,1.670000
1671,529565,13424,1.678000
1672,529882,13408,1.676000
1673,530199,13392,1.674000
1674,530515,13392,1.674000
1675,530832,13312,1.664000
1676,531150,13456,1.682000
1677,531466,13408,1.676000
1678,531783,13360,1.670000
1679,532100,13408,1.676000
1680,532417,13424,1.678000
1681,532733,13392,1.674000
1682,533051,13360,1.670000
1683,533367,13408,1.676000
1684,533686,13456,1.682000
1685,534001,13424,1.678000
1686,534318,13456,1.682000
1687,534635,13392,1.674000
1688,534951,13376,1.672000
1689,535269,13392,1.674000
1690,535585,13360,1.670000
1691,535902,13408,1.676000
1692,536219,13408,1.676000
1693,536536,13392,1.674000
1694,536852,13424,1.678000
1695,537170,13424,1.678000
1696,537487,13392,1.674000
1697,537803,13360,1.670000
1698,538120,13392,1.674000
1699,538437,13376,1.672000
1700,538754,13376,1.672000
1701,539070,13360,1.670000
1702,539387,13376,1.672000
1703,539705,13376,1.672000
1704,540021,13408,1.676000
1705,540338,13392,1.674000
1706,540655,13408,1.676000
1707,540972,13360,1.670000
1708,541289,13408,1.676000
1709,541605,13424,1.678000
1710,541922,13312,1.664000
1711,542240,13408,1.676000
1712,542556,13408,1.676000
1713,542873,13408,1.676000
1714,543190,13360,1.670000
1715,543506,13360,1.670000
1716,543824,13376,1.672000
1717,544140,13344,1.668000
1718,544457,13440,1.680000
1719,544774,13344,1.668000
1720,545091,13392,1.674000
1721,545407,13328,1.666000
1722,545725,13312,1.664000
1723,546041,13392,1.674000
1724,546359,13456,1.682000
1725,546675,13392,1.674000
1726,546992,13408,1.676000
1727,547309,13376,1.672000
1728,547626,13392,1.674000
1729,547943,13424,1.678000
1730,548260,13344,1.668000
1731,548577,13408,1.676000
1732,548893,13392,1.674000
1733,549210,13376,1.672000
1734,549527,13424,1.678000
1735,549844,13392,1.674000
1736,550161,13424,1.678000
1737,550478,13440,1.680000
1738,550794,13424,1.678000
1739,551112,13424,1.678000
1740,551428,13440,1.680000
1741,551745,13456,1.682000
1742,552061,13408,1.676000
1743,552379,13376,1.672000
1744,552696,13376,1.672000
1745,553012,13360,1.670000
1746,553329,13328,1.666000
1747,553646,13424,1.678000
1748,553963,13392,1.674000
1749,554280,13360,1.670000
1750,554597,13440,1.680000
1751,554914,13360,1.670000
1752,555231,13440,1.680000
1753,555547,13376,1.672000
1754,555864,13392,1.674000
1755,556181,13360,1.670000
1756,556498,13360,1.670000
1757,556815,13360,1.670000
1758,557132,13424,1.678000
1759,557448,13376,1.672000
1760,557765,13344,1.668000
1761,558082,13392,1.674000
1762,558399,13424,1.678000
1763,558716,13328,1.666000
1764,559033,13392,1.674000
1765,559350,13360,1.670000
1766,559666,13392,1.674000
1767,559983,13408,1.676000
1768,560300,13424,1.678000
1769,560617,13408,1.676000
1770,560934,13424,1.678000
1771,561251,13408,1.676000
1772,561568,13424,1.678000
1773,561885,13408,1.676000
1774,562202,13424,1.678000
1775,562518,13408,1.676000
1776,562835,13376,1.672000
1777,563152,13488,1.686000
1778,563469,13456,1.682000
1779,563786,13392,1.674000
1780,564103,13488,1.686000
1781,564419,13408,1.676000
1782,564736,13328,1.666000
1783,565053,13344,1.668000
1784,565370,13392,1.674000
1785,565686,13376,1.672000
1786,566004,13408,1.676000
1787,566321,13376,1.672000
1788,566637,13376,1.672000
1789,566954,13392,1.674000
1790,567271,13424,1.678000
1791,567588,13472,1.684000
1792,567905,13376,1.672000
1793,568222,13440,1.680000
1794,568539,13408,1.676000
1795,568855,13376,1.672000
1796,569173,13440,1.680000
1797,569489,13392,1.674000
1798,569806,13456,1.682000
1799,570123,13456,1.682000
1800,570439,13424,1.678000
1801,570757,13376,1.672000
1802,571073,13472,1.684000
1803,571390,13664,1.708000
1804,571707,13392,1.674000
1805,572024,13360,1.670000
1806,572341,13408,1.676000
1807,572658,13392,1.674000
1808,572974,13440,1.680000
1809,573291,13376,1.672000
1810,573608,13536,1.692000
1811,573925,13296,1.662000
1812,574242,13424,1.678000
1813,574559,13456,1.682000
1814,574876,13392,1.674000
1815,575192,13376,1.672000
1816,575510,13472,1.684000
1817,575826,13376,1.672000
1818,576143,13360,1.670000
1819,576460,13376,1.672000
1820,576777,13392,1.674000
1821,577094,13424,1.678000
1822,577411,13392,1.674000
1823,577727,13360,1.670000
1824,578044,13376,1.672000
1825,578361,13344,1.668000
1826,578678,13424,1.678000
1827,578995,13392,1.674000
1828,579312,13456,1.682000
1829,579629,13344,1.668000
1830,579945,13360,1.670000
1831,580262,13440,1.680000
1832,580579,13456,1.682000
1833,580896,13408,1.676000
1834,581213,13408,1.676000
1835,581530,13408,1.676000
1836,581846,13360,1.670000
1837,582164,13408,1.676000
1838,582480,13440,1.680000
1839,582797,13440,1.680000
1840,583114,13392,1.674000
1841,583431,13408,1.676000
1842,583748,13424,1.678000
1843,584065,13392,1.674000
1844,584382,13440,1.680000
1845,584698,13456,1.682000
1846,585015,13424,1.678000
1847,585332,13440,1.680000
1848,585649,13408,1.676000
1849,585966,13472,1.684000
1850,586282,13392,1.674000
1851,586600,13392,1.674000
1852,586916,13472,1.684000
1853,587234,13376,1.672000
1854,587550,13376,1.672000
1855,587866,13344,1.668000
1856,588184,13456,1.682000
1857,588501,13424,1.678000
1858,588818,13392,1.674000
1859,589134,13376,1.672000
1860,589452,13456,1.682000
1861,589768,13376,1.672000
1862,590085,13328,1.666000
1863,590402,13424,1.678000
1864,590719,13392,1.674000
1865,591035,13360,1.670000
1866,591353,13408,1.676000
1867,591669,13424,1.678000
1868,591986,13392,1.674000
1869,592303,13488,1.686000
1870,592620,13440,1.680000
1871,592937,13424,1.678000
1872,593254,13392,1.674000
1873,593570,13424,1.678000
1874,593888,13376,1.672000
1875,594204,13392,1.674000
1876,594521,13392,1.674000
1877,594838,13360,1.670000
1878,595154,13360,1.670000
1879,595472,13344,1.668000
1880,595788,13376,1.672000
1881,596105,13264,1.658000
1882,596422,13408,1.676000
1883,596739,13408,1.676000
1884,597056,13424,1.678000
1885,597372,13248,1.656000
1886,597690,13392,1.674000
1887,598006,13536,1.692000
1888,598323,13440,1.680000
1889,598640,13376,1.672000
1890,598956,13440,1.680000
1891,599273,13488,1.686000
1892,599591,13376,1.672000
1893,599908,13440,1.680000
1894,600225,13520,1.690000
1895,600541,13424,1.678000
1896,600858,13360,1.670000
1897,601175,13344,1.668000
1898,601492,13392,1.674000
1899,601809,13408,1.676000
1900,602126,13504,1.688000
1901,602442,13424,1.678000
1902,602759,13376,1.672000
1903,603076,13376,1.672000
1904,603393,13392,1.674000
1905,603710,13408,1.676000
1906,604027,13392,1.674000
1907,604344,13504,1.688000
1908,604660,13424,1.678000
1909,604977,13392,1.674000
1910,605294,13440,1.680000
1911,605611,13376,1.672000
1912,605928,13456,1.682000
1913,606245,13344,1.668000
1914,606561,13408,1.676000
1915,606878,13392,1.674000
1916,607196,13328,1.666000
1917,607512,13408,1.676000
1918,607829,13392,1.674000
1919,608145,13392,1.674000
1920,608463,13408,1.676000
1921,608780,13376,1.672000
1922,609096,13424,1.678000
1923,609413,13424,1.678000
1924,609731,13408,1.676000
1925,610047,13392,1.674000
1926,610364,13392,1.674000
1927,610685,13376,1.672000
1928,610997,13392,1.674000
1929,611314,13440,1.680000
1930,611631,13392,1.674000
1931,611948,13360,1.670000
1932,612265,13360,1.670000
1933,612582,13424,1.678000
1934,612899,13456,1.682000
1935,613216,13424,1.678000
1936,613533,13440,1.680000
1937,613849,13472,1.684000
1938,614166,13376,1.672000
1939,614483,13344,1.668000
1940,614799,13408,1.676000
1941,615117,13360,1.670000
1942,615434,13392,1.674000
1943,615750,13472,1.684000
1944,616067,13424,1.678000
1945,616384,13392,1.674000
1946,616701,13408,1.676000
1947,617018,13408,1.676000
1948,617335,13360,1.670000
1949,617651,13328,1.666000
1950,617969,13472,1.684000
1951,618285,13408,1.676000
1952,618602,13280,1.660000
1953,618919,13376,1.672000
1954,619236,13424,1.678000
1955,619553,13424,1.678000
1956,619870,13456,1.682000
1957,620187,13392,1.674000
1958,620503,13376,1.672000
1959,620820,13392,1.674000
1960,621137,13408,1.676000
1961,621454,13360,1.670000
1962,621771,13408,1.676000
1963,622087,13456,1.682000
1964,622404,13328,1.666000
1965,622721,13424,1.678000
1966,623038,13344,1.668000
1967,623355,13376,1.672000
1968,623671,13392,1.674000
1969,623989,13504,1.688000
1970,624305,13424,1.678000
1971,624623,13280,1.660000
1972,624940,13376,1.672000
1973,625257,13424,1.678000
1974,625573,13424,1.678000
1975,625890,13360,1.670000
1976,626207,13408,1.676000
1977,626524,13376,1.672000
1978,626840,13376,1.672000
1979,627157,13376,1.672000
1980,627474,13424,1.678000
1981,627791,13360,1.670000
1982,628108,13360,1.670000
1983,628424,13328,1.666000
1984,628741,13312,1.664000
1985,629058,13376,1.672000
1986,629375,13360,1.670000
1987,629692,13424,1.678000
1988,630009,13344,1.668000
1989,630326,13408,1.676000
1990,630643,13424,1.678000
1991,630960,13392,1.674000
1992,631276,13360,1.670000
1993,631594,13488,1.686000
1994,631910,13376,1.672000
1995,632227,13376,1.672000
1996,632544,13424,1.678000
1997,632860,13408,1.676000
1998,633178,13424,1.678000
1999,633494,13424,1.678000
2000,633812,13376,1.672000
2001,634128,13424,1.678000
2002,634445,13408,1.676000
2003,634762,13424,1.678000
2004,635079,13376,1.672000
2005,635396,13456,1.682000
2006,635713,13376,1.672000
2007,636029,13472,1.684000
2008,636346,13472,1.684000
2009,636663,13472,1.684000
2010,636980,13360,1.670000
2011,637296,13392,1.674000
2012,637614,13376,1.672000
2013,637930,13360,1.670000
2014,638247,13392,1.674000
2015,638564,13392,1.674000
2016,638881,13328,1.666000
2017,639198,13344,1.668000
2018,639515,13424,1.678000
2019,639832,13392,1.674000
2020,640148,13424,1.678000
2021,640466,13360,1.670000
2022,640782,13424,1.678000
2023,641099,13392,1.674000
2024,641416,13360,1.670000
2025,641733,13392,1.674000
2026,642049,13392,1.674000
2027,642366,13456,1.682000
2028,642687,13360,1.670000
2029,643001,13376,1.672000
2030,643317,13376,1.672000
2031,643634,13360,1.670000
2032,643951,13408,1.676000
2033,644268,13344,1.668000
2034,644584,13408,1.676000
2035,644901,13392,1.674000
2036,645218,13328,1.666000
2037,645535,13440,1.680000
2038,645852,13424,1.678000
2039,646169,13392,1.674000
2040,646486,13360,1.670000
2041,646803,13376,1.672000
2042,647119,13376,1.672000
2043,647437,13424,1.678000
2044,647753,13440,1.680000
2045,648070,13424,1.678000
2046,648387,13440,1.680000
2047,648704,13392,1.674000
2048,649020,13408,1.676000
2049,649337,13392,1.674000
2050,649654,13440,1.680000
2051,649971,13424,1.678000
2052,650287,13360,1.670000
2053,650605,13312,1.664000
2054,650922,13408,1.676000
2055,651239,13456,1.682000
2056,651555,13408,1.676000
2057,651872,13392,1.674000
2058,652189,13376,1.672000
2059,652506,13360,1.670000
2060,652823,13408,1.676000
2061,653139,13408,1.676000
2062,653456,13360,1.670000
2063,653773,13472,1.684000
2064,654090,13376,1.672000
2065,654407,13424,1.678000
2066,654724,13360,1.670000
2067,655040,13424,1.678000
2068,655358,13408,1.676000
2069,655675,13328,1.666000
2070,655992,13360,1.670000
2071,656309,13376,1.672000
2072,656625,13376,1.672000
2073,656941,13408,1.676000
2074,657259,13376,1.672000
2075,657576,13328,1.666000
2076,657892,13392,1.674000
2077,658210,13408,1.676000
2078,658526,13376,1.672000
2079,658843,13376,1.672000
2080,659160,13344,1.668000
2081,659477,13392,1.674000
2082,659794,13408,1.676000
2083,660111,13424,1.678000
2084,660428,13424,1.678000
2085,660744,13376,1.672000
2086,661061,13440,1.680000
2087,661378,13424,1.678000
2088,661695,13392,1.674000
2089,662012,13392,1.674000
2090,662329,13392,1.674000
2091,662645,13408,1.676000
2092,662962,13408,1.676000
2093,663279,13424,1.678000
2094,663596,13376,1.672000
2095,663913,13376,1.672000
2096,664230,13408,1.676000
2097,664547,13472,1.684000
2098,664863,13360,1.670000
2099,665181,13424,1.678000
2100,665497,13440,1.680000
2101,665813,13376,1.672000
2102,666131,13408,1.676000
2103,666448,13424,1.678000
2104,666765,13376,1.672000
2105,667082,13376,1.672000
2106,667398,13456,1.682000
2107,667715,13456,1.682000
2108,668032,13392,1.674000
2109,668349,13376,1.672000
2110,668666,13392,1.674000
2111,668982,13408,1.676000
2112,669299,13424,1.678000
2113,669617,13360,1.670000
2114,669933,13376,1.672000
2115,670250,13408,1.676000
2116,670567,13440,1.680000
2117,670884,13392,1.674000
2118,671201,13376,1.672000
2119,671517,13392,1.674000
2120,671834,13392,1.674000
2121,672151,13344,1.668000
2122,672468,13392,1.674000
2123,672785,13392,1.674000
2124,673102,13408,1.676000
2125,673418,13360,1.670000
2126,673735,13392,1.674000
2127,674052,13360,1.670000
2128,674369,13392,1.674000
2129,674686,13424,1.678000
2130,675003,13360,1.670000
2131,675320,13360,1.670000
2132,675637,13392,1.674000
2133,675953,13344,1.668000
2134,676270,13488,1.686000
2135,676587,13408,1.676000
2136,676904,13344,1.668000
2137,677221,13440,1.680000
2138,677538,13392,1.674000
2139,677855,13392,1.674000
2140,678172,13408,1.676000
2141,678489,13392,1.674000
2142,678805,13344,1.668000
2143,679122,13424,1.678000
2144,679439,13424,1.678000
2145,679756,13440,1.680000
2146,680073,13392,1.674000
2147,680390,13344,1.668000
2148,680706,13360,1.670000
2149,681023,13440,1.680000
2150,681340,13424,1.678000
2151,681657,13472,1.684000
2152,681974,13376,1.672000
2153,682291,13408,1.676000
2154,682608,13392,1.674000
2155,682924,13392,1.674000
2156,683241,13392,1.674000
2157,683558,13440,1.680000
2158,683875,13360,1.670000
2159,684192,13472,1.684000
2160,684509,13376,1.672000
2161,684825,13472,1.684000
2162,685143,13232,1.654000
2163,685459,13392,1.674000
2164,685776,13424,1.678000
2165,686093,13472,1.684000
2166,686410,13328,1.666000
2167,686726,13408,1.676000
2168,687044,13184,1.648000
2169,687361,13440,1.680000
2170,687677,13424,1.678000
2171,687994,13376,1.672000
2172,688311,13328,1.666000
2173,688627,13312,1.664000
2174,688945,13344,1.668000
2175,689262,13440,1.680000
2176,689578,13424,1.678000
2177,689895,13376,1.672000
2178,690213,13408,1.676000
2179,690529,13392,1.674000
2180,690846,13360,1.670000
2181,691163,13616,1.702000
2182,691480,13392,1.674000
2183,691797,13344,1.668000
2184,692113,13408,1.676000
2185,692430,13456,1.682000
2186,692747,13440,1.680000
2187,693064,13376,1.672000
2188,693381,13648,1.706000
2189,693698,13408,1.676000
2190,694014,13376,1.672000
2191,694332,13344,1.668000
2192,694648,13392,1.674000
2193,694965,13392,1.674000
2194,695282,13248,1.656000
2195,695599,13376,1.672000
2196,695916,13392,1.674000
2197,696233,13408,1.676000
2198,696549,13392,1.674000
2199,696867,13392,1.674000
2200,697183,13424,1.678000
2201,697500,13376,1.672000
2202,697817,13392,1.674000
2203,698134,13472,1.684000
2204,698451,13392,1.674000
2205,698767,13440,1.680000
2206,699084,13392,1.674000
2207,699401,13440,1.680000
2208,699718,13392,1.674000
2209,700035,13408,1.676000
2210,700352,13424,1.678000
2211,700669,13424,1.678000
2212,700985,13424,1.678000
2213,701303,13360,1.670000
2214,701619,13408,1.676000
2215,701936,13360,1.670000
2216,702253,13392,1.674000
2217,702570,13440,1.680000
2218,702887,13392,1.674000
2219,703204,13440,1.680000
2220,703520,13376,1.672000
2221,703837,13392,1.674000
2222,704154,13392,1.674000
2223,704471,13424,1.678000
2224,704788,13312,1.664000
2225,705104,13376,1.672000
2226,705421,13392,1.674000
2227,705738,13376,1.672000
2228,706055,13408,1.676000
2229,706372,13328,1.666000
2230,706688,13376,1.672000
2231,707006,13648,1.706000
2232,707323,13392,1.674000
2233,707639,13376,1.672000
2234,707956,13408,1.676000
2235,708272,13440,1.680000
2236,708590,13408,1.676000
2237,708907,13568,1.696000
2238,709224,13328,1.666000
2239,709540,13440,1.680000
2240,709857,13440,1.680000
2241,710175,13408,1.676000
2242,710491,13344,1.668000
2243,710808,13392,1.674000
2244,711125,13312,1.664000
2245,711441,13376,1.672000
2246,711759,13536,1.692000
2247,712075,13424,1.678000
2248,712392,13376,1.672000
2249,712709,13376,1.672000
2250,713026,13408,1.676000
2251,713342,13440,1.680000
2252,713660,13408,1.676000
2253,713976,13440,1.680000
2254,714293,13344,1.668000
2255,714610,13392,1.674000
2256,714928,13424,1.678000
2257,715244,13424,1.678000
2258,715561,13328,1.666000
2259,715878,13344,1.668000
2260,716195,13376,1.672000
2261,716511,13440,1.680000
2262,716828,13392,1.674000
2263,717146,13392,1.674000
2264,717462,13440,1.680000
2265,717779,13264,1.658000
2266,718096,13440,1.680000
2267,718412,13392,1.674000
2268,718730,13376,1.672000
2269,719046,13408,1.676000
2270,719363,13440,1.680000
2271,719680,13424,1.678000
2272,719997,13376,1.672000
2273,720314,13440,1.680000
2274,720631,13472,1.684000
2275,720947,13440,1.680000
2276,721264,13456,1.682000
2277,721581,13296,1.662000
2278,721898,13520,1.690000
2279,722215,13376,1.672000
2280,722532,13440,1.680000
2281,722848,13376,1.672000
2282,723166,13392,1.674000
2283,723483,13392,1.674000
2284,723799,13344,1.668000
2285,724116,13360,1.670000
2286,724433,13328,1.666000
2287,724749,13376,1.672000
2288,725067,13328,1.666000
2289,725384,13376,1.672000
2290,725700,13424,1.678000
2291,726017,13456,1.682000
2292,726334,13360,1.670000
2293,726651,13424,1.678000
2294,726967,13456,1.682000
2295,727285,13360,1.670000
2296,727601,13440,1.680000
2297,727918,13344,1.668000
2298,728235,13360,1.670000
2299,728552,13408,1.676000
2300,728869,13408,1.676000
2301,729186,13392,1.674000
2302,729502,13408,1.676000
2303,729819,13360,1.670000
2304,730136,13424,1.678000
2305,730454,13360,1.670000
2306,730770,13344,1.668000
2307,731087,13440,1.680000
2308,731404,13392,1.674000
2309,731721,13408,1.676000
2310,732037,13424,1.678000
2311,732355,13408,1.676000
2312,732671,13344,1.668000
2313,732988,13392,1.674000
2314,733305,13440,1.680000
2315,733622,13488,1.686000
2316,733939,13392,1.674000
2317,734256,13376,1.672000
2318,734572,13488,1.686000
2319,734889,13440,1.680000
2320,735206,13440,1.680000
2321,735523,13472,1.684000
2322,735840,13424,1.678000
2323,736157,13440,1.680000
2324,736473,13328,1.666000
2325,736790,13360,1.670000
2326,737107,13456,1.682000
2327,737424,13408,1.676000
2328,737741,13424,1.678000
2329,738058,13392,1.674000
2330,738374,13328,1.666000
2331,738692,13472,1.684000
2332,739009,13456,1.682000
2333,739325,13376,1.672000
2334,739642,13376,1.672000
2335,739959,13408,1.676000
2336,740276,13344,1.668000
2337,740593,13456,1.682000
2338,740910,13392,1.674000
2339,741227,13392,1.674000
2340,741543,13408,1.676000
2341,741860,13392,1.674000
2342,742177,13328,1.666000
2343,742494,13344,1.668000
2344,742811,13408,1.676000
2345,743127,13392,1.674000
2346,743445,13344,1.668000
2347,743761,13456,1.682000
2348,744078,13440,1.680000
2349,744395,13360,1.670000
2350,744712,13392,1.674000
2351,745029,13392,1.674000
2352,745346,13472,1.684000
2353,745662,13456,1.682000
2354,745979,13408,1.676000
2355,746297,13376,1.672000
2356,746613,13456,1.682000
2357,746930,13408,1.676000
2358,747247,13376,1.672000
2359,747563,13424,1.678000
2360,747881,13424,1.678000
2361,748197,13360,1.670000
2362,748514,13440,1.680000
2363,748831,13408,1.676000
2364,749148,13392,1.674000
2365,749465,13376,1.672000
2366,749782,13408,1.676000
2367,750098,13408,1.676000
2368,750416,13456,1.682000
2369,750732,13440,1.680000
2370,751049,13408,1.676000
2371,751366,13392,1.674000
2372,751686,13424,1.678000
2373,752000,13344,1.668000
2374,752317,13392,1.674000
2375,752633,13392,1.674000
2376,752950,13424,1.678000
2377,753267,13408,1.676000
2378,753584,13488,1.686000
2379,753901,13376,1.672000
2380,754217,13392,1.674000
2381,754534,13376,1.672000
2382,754852,13440,1.680000
2383,755168,13488,1.686000
2384,755485,13392,1.674000
2385,755802,13376,1.672000
2386,756118,13392,1.674000
2387,756435,13312,1.664000
2388,756753,13376,1.672000
2389,757069,13392,1.674000
2390,757386,13376,1.672000
2391,757703,13408,1.676000
2392,758020,13376,1.672000
2393,758337,13344,1.668000
2394,758653,13328,1.666000
2395,758971,13376,1.672000
2396,759288,13424,1.678000
2397,759604,13440,1.680000
2398,759921,13392,1.674000
2399,760238,13392,1.674000
2400,760555,13408,1.676000
2401,760872,13456,1.682000
2402,761189,13360,1.670000
2403,761505,13488,1.686000
2404,761822,13376,1.672000
2405,762139,13440,1.680000
2406,762456,13344,1.668000
2407,762773,13408,1.676000
2408,763089,13392,1.674000
2409,763407,13392,1.674000
2410,763723,13408,1.676000
2411,764040,13408,1.676000
2412,764357,13360,1.670000
2413,764674,13392,1.674000
2414,764991,13392,1.674000
2415,765308,13408,1.676000
2416,765624,13344,1.668000
2417,765942,13344,1.668000
2418,766258,13440,1.680000
2419,766575,13424,1.678000
2420,766892,13440,1.680000
2421,767209,13392,1.674000
2422,767526,13424,1.678000
2423,767842,13392,1.674000
2424,768160,13440,1.680000
2425,768476,13392,1.674000
2426,768793,13344,1.668000
2427,769110,13488,1.686000
2428,769427,13344,1.668000
2429,769744,13392,1.674000
2430,770061,13376,1.672000
2431,770378,13392,1.674000
2432,770694,13488,1.686000
2433,771010,13456,1.682000
2434,771328,13424,1.678000
2435,771645,13440,1.680000
2436,771962,13440,1.680000
2437,772279,13344,1.668000
2438,772595,13408,1.676000
2439,772912,13392,1.674000
2440,773229,13408,1.676000
2441,773546,13440,1.680000
2442,773863,13424,1.678000
2443,774180,13408,1.676000
2444,774497,13392,1.674000
2445,774813,13376,1.672000
2446,775131,13408,1.676000
2447,775447,13392,1.674000
2448,775764,13328,1.666000
2449,776081,13424,1.678000
2450,776398,13360,1.670000
2451,776715,13344,1.668000
2452,777031,13424,1.678000
2453,777348,13328,1.666000
2454,777665,13408,1.676000
2455,777982,13296,1.662000
2456,778299,13456,1.682000
2457,778616,13392,1.674000
2458,778932,13376,1.672000
2459,779249,13424,1.678000
2460,779566,13424,1.678000
2461,779883,13376,1.672000
2462,780200,13424,1.678000
2463,780517,13392,1.674000
2464,780833,13424,1.678000
2465,781151,13408,1.676000
2466,781467,13424,1.678000
2467,781784,13376,1.672000
2468,782101,13440,1.680000
2469,782418,13408,1.676000
2470,782735,13456,1.682000
2471,783052,13504,1.688000
2472,783369,13456,1.682000
2473,783686,13408,1.676000
2474,784002,13392,1.674000
2475,784319,13408,1.676000
2476,784636,13344,1.668000
2477,784952,13408,1.676000
2478,785270,13360,1.670000
2479,785587,13408,1.676000
2480,785903,13408,1.676000
2481,786220,13376,1.672000
2482,786537,13472,1.684000
2483,786854,13424,1.678000
2484,787171,13392,1.674000
2485,787488,13376,1.672000
2486,787805,13424,1.678000
2487,788121,13360,1.670000
2488,788439,13424,1.678000
2489,788755,13456,1.682000
2490,789072,13408,1.676000
2491,789389,13360,1.670000
2492,789706,13424,1.678000
2493,790023,13344,1.668000
2494,790339,13376,1.672000
2495,790657,13376,1.672000
2496,790973,13392,1.674000
2497,791290,13408,1.676000
2498,791607,13360,1.670000
2499,791923,13344,1.668000
2500,792240,13408,1.676000
2501,792558,13376,1.672000
2502,792874,13408,1.676000
2503,793191,13440,1.680000
2504,793508,13360,1.670000
2505,793825,13360,1.670000
2506,794142,13344,1.668000
2507,794459,13376,1.672000
2508,794775,13392,1.674000
2509,795092,13456,1.682000
2510,795410,13392,1.674000
2511,795726,13328,1.666000
2512,796043,13408,1.676000
2513,796360,13360,1.670000
2514,796677,13440,1.680000
2515,796993,13440,1.680000
2516,797310,13360,1.670000
2517,797627,13504,1.688000
2518,797943,13440,1.680000
2519,798261,13424,1.678000
2520,798578,13376,1.672000
2521,798895,13456,1.682000
2522,799212,13392,1.674000
2523,799528,13440,1.680000
2524,799845,13376,1.672000
2525,800162,13408,1.676000
2526,800479,13376,1.672000
2527,800796,13440,1.680000
2528,801113,13392,1.674000
2529,801430,13360,1.670000
2530,801747,13424,1.678000
2531,802063,13376,1.672000
2532,802380,13376,1.672000
2533,802697,13536,1.692000
2534,803014,13408,1.676000
2535,803331,13472,1.684000
2536,803648,13424,1.678000
2537,803965,13408,1.676000
2538,804282,13296,1.662000
2539,804598,13408,1.676000
2540,804914,13648,1.706000
2541,805231,13360,1.670000
2542,805549,13392,1.674000
2543,805866,13360,1.670000
2544,806182,13456,1.682000
2545,806499,13408,1.676000
2546,806817,13424,1.678000
2547,807133,13344,1.668000
2548,807450,13344,1.668000
2549,807767,13376,1.672000
2550,808084,13376,1.672000
2551,808401,13424,1.678000
2552,808717,13360,1.670000
2553,809034,13344,1.668000
2554,809351,13344,1.668000
2555,809668,13360,1.670000
2556,809985,13376,1.672000
2557,810302,13376,1.672000
2558,810618,13424,1.678000
2559,810935,13344,1.668000
2560,811253,13376,1.672000
2561,811569,13456,1.682000
2562,811886,13376,1.672000
2563,812203,13392,1.674000
2564,812519,13456,1.682000
2565,812837,13376,1.672000
2566,813153,13488,1.686000
2567,813470,13376,1.672000
2568,813787,13408,1.676000
2569,814104,13456,1.682000
2570,814421,13392,1.674000
2571,814738,13344,1.668000
2572,815054,13392,1.674000
2573,815371,13392,1.674000
2574,815688,13456,1.682000
2575,816005,13408,1.676000
2576,816322,13408,1.676000
2577,816639,13424,1.678000
2578,816955,13424,1.678000
2579,817272,13440,1.680000
2580,817589,13392,1.674000
2581,817906,13392,1.674000
2582,818223,13472,1.684000
2583,818540,13392,1.674000
2584,818857,13424,1.678000
2585,819173,13408,1.676000
2586,819491,13424,1.678000
2587,819807,13424,1.678000
2588,820124,13392,1.674000
2589,820441,13424,1.678000
2590,820758,13376,1.672000
2591,821074,13424,1.678000
2592,821392,13344,1.668000
2593,821708,13344,1.668000
2594,822025,13440,1.680000
2595,822342,13328,1.666000
2596,822659,13424,1.678000
2597,822976,13488,1.686000
2598,823293,13424,1.678000
2599,823610,13376,1.672000
2600,823926,13408,1.676000
2601,824243,13376,1.672000
2602,824560,13360,1.670000
2603,824877,13408,1.676000
2604,825194,13408,1.676000
2605,825511,13376,1.672000
2606,825827,13424,1.678000
2607,826145,13376,1.672000
2608,826461,13376,1.672000
2609,826778,13344,1.668000
2610,827095,13392,1.674000
2611,827412,13280,1.660000
2612,827729,13408,1.676000
2613,828045,13392,1.674000
2614,828363,13408,1.676000
2615,828679,13248,1.656000
2616,828996,13376,1.672000
2617,829313,13328,1.666000
2618,829630,13408,1.676000
2619,829947,13392,1.674000
2620,830264,13440,1.680000
2621,830580,13440,1.680000
2622,830897,13216,1.652000
2623,831214,13392,1.674000
2624,831531,13520,1.690000
2625,831847,13408,1.676000
2626,832165,13456,1.682000
2627,832482,13408,1.676000
2628,832798,13392,1.674000
2629,833116,13408,1.676000
2630,833432,13488,1.686000
2631,833749,13456,1.682000
2632,834066,13360,1.670000
2633,834383,13456,1.682000
2634,834699,13424,1.678000
2635,835017,13360,1.670000
2636,835334,13392,1.674000
2637,835650,13520,1.690000
2638,835967,13408,1.676000
2639,836284,13408,1.676000
2640,836601,13392,1.674000
2641,836918,13344,1.668000
2642,837235,13360,1.670000
2643,837551,13440,1.680000
2644,837868,13392,1.674000
2645,838185,13376,1.672000
2646,838502,13344,1.668000
2647,838819,13376,1.672000
2648,839136,13408,1.676000
2649,839453,13472,1.684000
2650,839769,13376,1.672000
2651,840086,13360,1.670000
2652,840403,13424,1.678000
2653,840720,13392,1.674000
2654,841037,13408,1.676000
2655,841354,13424,1.678000
2656,841671,13376,1.672000
2657,841987,13360,1.670000
2658,842304,13392,1.674000
2659,842621,13376,1.672000
2660,842938,13376,1.672000
2661,843255,13360,1.670000
2662,843572,13440,1.680000
2663,843889,13360,1.670000
2664,844206,13344,1.668000
2665,844522,13408,1.676000
2666,844839,13440,1.680000
2667,845156,13408,1.676000
2668,845472,13408,1.676000
2669,845790,13360,1.670000
2670,846107,13360,1.670000
2671,846423,13392,1.674000
2672,846740,13424,1.678000
2673,847057,13376,1.672000
2674,847374,13408,1.676000
2675,847691,13440,1.680000
2676,848008,13408,1.676000
2677,848325,13424,1.678000
2678,848641,13472,1.684000
2679,848959,13424,1.678000
2680,849276,13472,1.684000
2681,849592,13472,1.684000
2682,849909,13408,1.676000
2683,850226,13424,1.678000
2684,850543,13408,1.676000
2685,850859,13440,1.680000
2686,851177,13376,1.672000
2687,851493,13472,1.684000
2688,851810,13360,1.670000
2689,852126,13360,1.670000
2690,852444,13392,1.674000
2691,852761,13424,1.678000
2692,853077,13360,1.670000
2693,853394,13488,1.686000
2694,853712,13408,1.676000
2695,854028,13344,1.668000
2696,854345,13360,1.670000
2697,854662,13376,1.672000
2698,854979,13456,1.682000
2699,855296,13376,1.672000
2700,855612,13424,1.678000
2701,855929,13360,1.670000
2702,856246,13392,1.674000
2703,856563,13408,1.676000
2704,856880,13376,1.672000
2705,857197,13408,1.676000
2706,857513,13408,1.676000
2707,857831,13424,1.678000
2708,858147,13456,1.682000
2709,858464,13408,1.676000
2710,858781,13424,1.678000
2711,859098,13424,1.678000
2712,859415,13360,1.670000
2713,859732,13376,1.672000
2714,860048,13424,1.678000
2715,860365,13376,1.672000
2716,860685,13392,1.674000
2717,860999,13456,1.682000
2718,861316,13360,1.670000
2719,861632,13424,1.678000
2720,861950,13392,1.674000
2721,862267,13408,1.676000
2722,862583,13376,1.672000
2723,862900,13424,1.678000
2724,863217,13424,1.678000
2725,863534,13440,1.680000
2726,863851,13440,1.680000
2727,864167,13312,1.664000
2728,864485,13360,1.670000
2729,864801,13440,1.680000
2730,865119,13408,1.676000
2731,865435,13408,1.676000
2732,865752,13408,1.676000
2733,866069,13376,1.672000
2734,866386,13392,1.674000
2735,866702,13408,1.676000
2736,867019,13376,1.672000
2737,867337,13408,1.676000
2738,867653,13408,1.676000
2739,867970,13408,1.676000
2740,868287,13376,1.672000
2741,868603,13408,1.676000
2742,868921,13360,1.670000
2743,869238,13408,1.676000
2744,869554,13408,1.676000
2745,869871,13424,1.678000
2746,870188,13392,1.674000
2747,870505,13408,1.676000
2748,870822,13392,1.674000
2749,871139,13344,1.668000
2750,871455,13424,1.678000
2751,871772,13376,1.672000
2752,872088,13376,1.672000
2753,872405,13376,1.672000
2754,872723,13392,1.674000
2755,873039,13408,1.676000
2756,873356,13344,1.668000
2757,873673,13408,1.676000
2758,873990,13408,1.676000
2759,874307,13392,1.674000
2760,874624,13360,1.670000
2761,874941,13376,1.672000
2762,875258,13376,1.672000
2763,875575,13392,1.674000
2764,875891,13488,1.686000
2765,876208,13360,1.670000
2766,876525,13392,1.674000
2767,876842,13408,1.676000
2768,877158,13328,1.666000
2769,877476,13376,1.672000
2770,877792,13424,1.678000
2771,878109,13392,1.674000
2772,878426,13408,1.676000
2773,878743,13376,1.672000
2774,879060,13408,1.676000
2775,879377,13488,1.686000
2776,879694,13472,1.684000
2777,880010,13472,1.684000
2778,880327,13344,1.668000
2779,880644,13376,1.672000
2780,880961,13344,1.668000
2781,881278,13376,1.672000
2782,881595,13424,1.678000
2783,881911,13440,1.680000
2784,882228,13392,1.674000
2785,882545,13392,1.674000
2786,882862,13392,1.674000
2787,883179,13424,1.678000
2788,883496,13392,1.674000
2789,883812,13440,1.680000
2790,884129,13392,1.674000
2791,884446,13408,1.676000
2792,884763,13376,1.672000
2793,885079,13328,1.666000
2794,885397,13424,1.678000
2795,885714,13424,1.678000
2796,886031,13456,1.682000
2797,886347,13424,1.678000
2798,886664,13376,1.672000
2799,886981,13360,1.670000
2800,887298,13408,1.676000
2801,887615,13440,1.680000
2802,887932,13360,1.670000
2803,888248,13408,1.676000
2804,888565,13392,1.674000
2805,888882,13360,1.670000
2806,889199,13408,1.676000
2807,889516,13408,1.676000
2808,889833,13376,1.672000
2809,890149,13376,1.672000
2810,890467,13408,1.676000
2811,890783,13344,1.668000
2812,891100,13344,1.668000
2813,891417,13360,1.670000
2814,891734,13344,1.668000
2815,892051,13440,1.680000
2816,892368,13312,1.664000
2817,892686,13408,1.676000
2818,893001,13312,1.664000
2819,893318,13392,1.674000
2820,893635,13392,1.674000
2821,893951,13392,1.674000
2822,894268,13408,1.676000
2823,894586,13360,1.670000
2824,894902,13440,1.680000
2825,895219,13312,1.664000
2826,895536,13424,1.678000
2827,895853,13440,1.680000
2828,896170,13360,1.670000
2829,896487,13408,1.676000
2830,896804,13424,1.678000
2831,897120,13392,1.674000
2832,897437,13328,1.666000
2833,897755,13408,1.676000
2834,898071,13376,1.672000
2835,898388,13360,1.670000
2836,898705,13376,1.672000
2837,899021,13408,1.676000
2838,899339,13376,1.672000
2839,899655,13408,1.676000
2840,899972,13376,1.672000
2841,900289,13440,1.680000
2842,900606,13408,1.676000
2843,900923,13424,1.678000
2844,901240,13440,1.680000
2845,901556,13424,1.678000
2846,901874,13376,1.672000
2847,902191,13408,1.676000
2848,902507,13472,1.684000
2849,902824,13328,1.666000
2850,903140,13424,1.678000
2851,903458,13392,1.674000
2852,903774,13408,1.676000
2853,904091,13408,1.676000
2854,904408,13424,1.678000
2855,904725,13392,1.674000
2856,905041,13328,1.666000
2857,905359,13360,1.670000
2858,905676,13344,1.668000
2859,905992,13376,1.672000
2860,906310,13424,1.678000
2861,906626,13408,1.676000
2862,906943,13392,1.674000
2863,907260,13424,1.678000
2864,907577,13392,1.674000
2865,907893,13424,1.678000
2866,908210,13424,1.678000
2867,908527,13360,1.670000
2868,908844,13344,1.668000
2869,909161,13392,1.674000
2870,909478,13392,1.674000
2871,909795,13456,1.682000
2872,910111,13376,1.672000
2873,910429,13424,1.678000
2874,910745,13376,1.672000
2875,911062,13360,1.670000
2876,911379,13376,1.672000
2877,911696,13408,1.676000
2878,912012,13424,1.678000
2879,912329,13344,1.668000
2880,912647,13424,1.678000
2881,912963,13440,1.680000
2882,913280,13376,1.672000
2883,913597,13408,1.676000
2884,913914,13376,1.672000
2885,914231,13376,1.672000
2886,914547,13440,1.680000
2887,914864,13312,1.664000
2888,915181,13312,1.664000
2889,915498,13424,1.678000
2890,915815,13408,1.676000
2891,916131,13408,1.676000
2892,916449,13440,1.680000
2893,916766,13424,1.678000
2894,917082,13328,1.666000
2895,917399,13440,1.680000
2896,917716,13360,1.670000
2897,918033,13456,1.682000
2898,918350,13360,1.670000
2899,918666,13392,1.674000
2900,918983,13472,1.684000
2901,919300,13456,1.682000
2902,919617,13440,1.680000
2903,919934,13392,1.674000
2904,920251,13472,1.684000
2905,920567,13424,1.678000
2906,920884,13360,1.670000
2907,921201,13424,1.678000
2908,921518,13392,1.674000
2909,921834,13440,1.680000
2910,922152,13360,1.670000
2911,922469,13424,1.678000
2912,922786,13360,1.670000
2913,923102,13360,1.670000
2914,923419,13392,1.674000
2915,923736,13360,1.670000
2916,924053,13360,1.670000
2917,924370,13424,1.678000
2918,924686,13408,1.676000
2919,925003,13344,1.668000
2920,925321,13424,1.678000
2921,925637,13392,1.674000
2922,925954,13392,1.674000
2923,926271,13344,1.668000
2924,926588,13408,1.676000
2925,926905,13408,1.676000
2926,927222,13440,1.680000
2927,927538,13392,1.674000
2928,927855,13392,1.674000
2929,928172,13408,1.676000
2930,928489,13360,1.670000
2931,928806,13408,1.676000
2932,929122,13408,1.676000
2933,929440,13360,1.670000
2934,929757,13424,1.678000
2935,930073,13424,1.678000
2936,930390,13392,1.674000
2937,930707,13408,1.676000
2938,931024,13376,1.672000
2939,931340,13392,1.674000
2940,931658,13440,1.680000
2941,931974,13456,1.682000
2942,932291,13376,1.672000
2943,932608,13360,1.670000
2944,932925,13440,1.680000
2945,933242,13408,1.676000
2946,933559,13424,1.678000
2947,933875,13376,1.672000
2948,934192,13440,1.680000
2949,934509,13424,1.678000
2950,934826,13376,1.672000
2951,935143,13360,1.670000
2952,935460,13360,1.670000
2953,935776,13408,1.676000
2954,936094,13392,1.674000
2955,936410,13408,1.676000
2956,936727,13392,1.674000
2957,937044,13424,1.678000
2958,937361,13376,1.672000
2959,937678,13472,1.684000
2960,937994,13440,1.680000
2961,938311,13360,1.670000
2962,938628,13440,1.680000
2963,938945,13424,1.678000
2964,939262,13392,1.674000
2965,939579,13392,1.674000
2966,939896,13360,1.670000
2967,940213,13424,1.678000
2968,940530,13360,1.670000
2969,940846,13360,1.670000
2970,941163,13392,1.674000
2971,941480,13392,1.674000
2972,941797,13328,1.666000
2973,942114,13408,1.676000
2974,942431,13392,1.674000
2975,942747,13376,1.672000
2976,943064,13424,1.678000
2977,943381,13424,1.678000
2978,943698,13360,1.670000
2979,944015,13392,1.674000
2980,944332,13408,1.676000
2981,944648,13376,1.672000
2982,944966,13376,1.672000
2983,945283,13424,1.678000
2984,945599,13392,1.674000
2985,945916,13440,1.680000
2986,946233,13344,1.668000
2987,946550,13472,1.684000
2988,946866,13392,1.674000
2989,947183,13424,1.678000
2990,947500,13520,1.690000
2991,947817,13408,1.676000
2992,948134,13440,1.680000
2993,948451,13408,1.676000
2994,948768,13424,1.678000
2995,949085,13376,1.672000
2996,949401,13408,1.676000
2997,949718,13472,1.684000
2998,950035,13424,1.678000
2999,950352,13408,1.676000
3000,950669,13424,1.678000
3001,950986,13408,1.676000
3002,951303,13424,1.678000
3003,951619,13488,1.686000
3004,951936,13408,1.676000
3005,952253,13392,1.674000
3006,952570,13376,1.672000
3007,952887,13424,1.678000
3008,953204,13312,1.664000
3009,953520,13504,1.688000
3010,953838,13376,1.672000
3011,954154,13424,1.678000
3012,954471,13472,1.684000
3013,954787,13360,1.670000
3014,955105,13360,1.670000
3015,955421,13360,1.670000
3016,955738,13360,1.670000
3017,956056,13392,1.674000
3018,956372,13392,1.674000
3019,956689,13376,1.672000
3020,957006,13360,1.670000
3021,957323,13392,1.674000
3022,957639,13376,1.672000
3023,957957,13360,1.670000
3024,958274,13344,1.668000
3025,958590,13392,1.674000
3026,958907,13392,1.674000
3027,959224,13392,1.674000
3028,959541,13408,1.676000
3029,959858,13376,1.672000
3030,960175,13408,1.676000
3031,960491,13344,1.668000
3032,960808,13488,1.686000
3033,961125,13344,1.668000
3034,961442,13360,1.670000
3035,961759,13344,1.668000
3036,962075,13392,1.674000
3037,962392,13376,1.672000
3038,962709,13424,1.678000
3039,963026,13472,1.684000
3040,963343,13296,1.662000
3041,963660,13376,1.672000
3042,963977,13424,1.678000
3043,964294,13360,1.670000
3044,964610,13440,1.680000
3045,964927,13408,1.676000
3046,965244,13440,1.680000
3047,965561,13376,1.672000
3048,965878,13376,1.672000
3049,966195,13408,1.676000
3050,966512,13392,1.674000
3051,966828,13408,1.676000
3052,967145,13408,1.676000
3053,967462,13392,1.674000
3054,967779,13392,1.674000
3055,968095,13392,1.674000
3056,968413,13408,1.676000
3057,968730,13424,1.678000
3058,969046,13376,1.672000
3059,969363,13312,1.664000
3060,969680,13360,1.670000
3061,969997,13408,1.676000
3062,970314,13440,1.680000
3063,970631,13440,1.680000
3064,970947,13392,1.674000
3065,971264,13440,1.680000
3066,971581,13344,1.668000
3067,971898,13392,1.674000
3068,972215,13392,1.674000
3069,972532,13360,1.670000
3070,972848,13376,1.672000
3071,973166,13408,1.676000
3072,973483,13392,1.674000
3073,973799,13392,1.674000
3074,974116,13408,1.676000
3075,974433,13392,1.674000
3076,974750,13456,1.682000
3077,975066,13408,1.676000
3078,975383,13328,1.666000
3079,975700,13312,1.664000
3080,976017,13424,1.678000
3081,976334,13408,1.676000
3082,976651,13456,1.682000
3083,976967,13408,1.676000
3084,977285,13392,1.674000
3085,977601,13408,1.676000
3086,977918,13392,1.674000
3087,978235,13440,1.680000
3088,978552,13440,1.680000
3089,978869,13344,1.668000
3090,979186,13376,1.672000
3091,979503,13312,1.664000
3092,979819,13440,1.680000
3093,980136,13360,1.670000
3094,980453,13312,1.664000
3095,980770,13424,1.678000
3096,981087,13392,1.674000
3097,981404,13376,1.672000
3098,981720,13424,1.678000
3099,982037,13408,1.676000
3100,982354,13424,1.678000
3101,982671,13376,1.672000
3102,982987,13376,1.672000
3103,983304,13408,1.676000
3104,983622,13376,1.672000
3105,983938,13376,1.672000
3106,984255,13344,1.668000
3107,984572,13440,1.680000
3108,984889,13392,1.674000
3109,985206,13376,1.672000
3110,985523,13440,1.680000
3111,985839,13488,1.686000
3112,986157,13376,1.672000
3113,986473,13440,1.680000
3114,986790,13392,1.674000
3115,987107,13392,1.674000
3116,987424,13376,1.672000
3117,987741,13376,1.672000
3118,988057,13456,1.682000
3119,988374,13408,1.676000
3120,988691,13392,1.674000
3121,989008,13392,1.674000
3122,989325,13360,1.670000
3123,989642,13392,1.674000
3124,989959,13408,1.676000
3125,990276,13408,1.676000
3126,990592,13424,1.678000
3127,990909,13408,1.676000
3128,991226,13408,1.676000
3129,991543,13392,1.674000
3130,991860,13376,1.672000
3131,992176,13328,1.666000
3132,992493,13344,1.668000
3133,992810,13440,1.680000
3134,993127,13360,1.670000
3135,993444,13376,1.672000
3136,993761,13392,1.674000
3137,994078,13408,1.676000
3138,994395,13440,1.680000
3139,994711,13424,1.678000
3140,995028,13376,1.672000
3141,995345,13392,1.674000
3142,995662,13440,1.680000
3143,995979,13392,1.674000
3144,996295,13376,1.672000
3145,996613,13376,1.672000
3146,996929,13392,1.674000
3147,997247,13408,1.676000
3148,997563,13424,1.678000
3149,997880,13424,1.678000
3150,998197,13360,1.670000
3151,998513,13392,1.674000
3152,998831,13392,1.674000
3153,999147,13408,1.676000
3154,999464,13472,1.684000
3155,999781,13408,1.676000
