sample,timestamp_us,raw,voltage_V
0,112,13184,1.648000
1,429,13232,1.654000
2,745,13216,1.652000
3,1061,13264,1.658000
4,1379,13216,1.652000
5,1696,13312,1.664000
6,2012,13328,1.666000
7,2330,13296,1.662000
8,2646,13328,1.666000
9,2963,13360,1.670000
10,3280,13360,1.670000
11,3597,13408,1.676000
12,3914,13488,1.686000
13,4231,13424,1.678000
14,4547,13520,1.690000
15,4865,13440,1.680000
16,5182,13456,1.682000
17,5498,13520,1.690000
18,5815,13520,1.690000
19,6132,13600,1.700000
20,6449,13600,1.700000
21,6766,13504,1.688000
22,7082,13568,1.696000
23,7399,13616,1.702000
24,7716,13584,1.698000
25,8032,13648,1.706000
26,8350,13568,1.696000
27,8667,13456,1.682000
28,8984,13536,1.692000
29,9301,13536,1.692000
30,9617,13504,1.688000
31,9934,13488,1.686000
32,10251,13504,1.688000
33,10568,13504,1.688000
34,10884,13360,1.670000
35,11202,13456,1.682000
36,11518,13440,1.680000
37,11835,13408,1.676000
38,12152,13408,1.676000
39,12469,13392,1.674000
40,12786,13264,1.658000
41,13102,13280,1.660000
42,13419,13296,1.662000
43,13736,13296,1.662000
44,14053,13296,1.662000
45,14370,13216,1.652000
46,14687,13248,1.656000
47,15003,13296,1.662000
48,15320,13216,1.652000
49,15637,13184,1.648000
50,15955,13216,1.652000
51,16271,13168,1.646000
52,16588,13232,1.654000
53,16905,13168,1.646000
54,17222,13216,1.652000
55,17539,13248,1.656000
56,17855,13248,1.656000
57,18172,13264,1.658000
58,18489,13264,1.658000
59,18806,13312,1.664000
60,19123,13312,1.664000
61,19440,13344,1.668000
62,19756,13344,1.668000
63,20073,13376,1.672000
64,20391,13424,1.678000
65,20707,13408,1.676000
66,21024,13424,1.678000
67,21341,13456,1.682000
68,21657,13424,1.678000
69,21974,13504,1.688000
70,22291,13552,1.694000
71,22608,13552,1.694000
72,22925,13568,1.696000
73,23242,13552,1.694000
74,23559,13584,1.698000
75,23876,13568,1.696000
76,24193,13552,1.694000
77,24509,13664,1.708000
78,24826,13600,1.700000
79,25142,13616,1.702000
80,25460,13568,1.696000
81,25776,13552,1.694000
82,26094,13616,1.702000
83,26410,13600,1.700000
84,26727,13488,1.686000
85,27044,13504,1.688000
86,27361,13488,1.686000
87,27678,13488,1.686000
88,27995,13472,1.684000
89,28312,13456,1.682000
90,28628,13488,1.686000
91,28945,13376,1.672000
92,29262,13296,1.662000
93,29579,13376,1.672000
94,29896,13264,1.658000
95,30213,13312,1.664000
96,30529,13328,1.666000
97,30846,13344,1.668000
98,31163,13184,1.648000
99,31480,13232,1.654000
100,31797,13232,1.654000
101,32114,13248,1.656000
102,32431,13184,1.648000
103,32747,13280,1.660000
104,33064,13184,1.648000
105,33381,13120,1.640000
106,33697,13248,1.656000
107,34015,13248,1.656000
108,34332,13248,1.656000
109,34648,13344,1.668000
110,34965,13232,1.654000
111,35282,13216,1.652000
112,35599,13280,1.660000
113,35916,13344,1.668000
114,36233,13328,1.666000
115,36550,13296,1.662000
116,36866,13360,1.670000
117,37183,13328,1.666000
118,37501,13376,1.672000
119,37817,13456,1.682000
120,38134,13488,1.686000
121,38451,13488,1.686000
122,38767,13536,1.692000
123,39085,13552,1.694000
124,39402,13536,1.692000
125,39718,13504,1.688000
126,40035,13552,1.694000
127,40352,13552,1.694000
128,40669,13568,1.696000
129,40986,13568,1.696000
130,41303,13568,1.696000
131,41619,13552,1.694000
132,41936,13600,1.700000
133,42253,13600,1.700000
134,42569,13568,1.696000
135,42887,13488,1.686000
136,43204,13536,1.692000
137,43520,13536,1.692000
138,43837,13536,1.692000
139,44154,13488,1.686000
140,44471,13472,1.684000
141,44788,13408,1.676000
142,45104,13440,1.680000
143,45422,13392,1.674000
144,45738,13424,1.678000
145,46055,13360,1.670000
146,46372,13280,1.660000
147,46689,13264,1.658000
148,47006,13328,1.666000
149,47323,13344,1.668000
150,47640,13280,1.660000
151,47956,13216,1.652000
152,48273,13232,1.654000
153,48590,13232,1.654000
154,48907,13216,1.652000
155,49224,13184,1.648000
156,49540,13200,1.650000
157,49858,13216,1.652000
158,50174,13264,1.658000
159,50491,13232,1.654000
160,50808,13200,1.650000
161,51125,13232,1.654000
162,51441,13312,1.664000
163,51759,13232,1.654000
164,52075,13280,1.660000
165,52392,13296,1.662000
166,52709,13280,1.660000
167,53026,13408,1.676000
168,53343,13392,1.674000
169,53660,13392,1.674000
170,53976,13392,1.674000
171,54294,13424,1.678000
172,54610,13456,1.682000
173,54926,13440,1.680000
174,55243,13536,1.692000
175,55561,13536,1.692000
176,55878,13504,1.688000
177,56195,13520,1.690000
178,56511,13632,1.704000
179,56828,13536,1.692000
180,57145,13616,1.702000
181,57462,13552,1.694000
182,57779,13488,1.686000
183,58096,13568,1.696000
184,58413,13552,1.694000
185,58729,13552,1.694000
186,59047,13568,1.696000
187,59362,13616,1.702000
188,59684,13520,1.690000
189,59997,13424,1.678000
190,60313,13536,1.692000
191,60631,13504,1.688000
192,60947,13456,1.682000
193,61265,13392,1.674000
194,61581,13424,1.678000
195,61898,13328,1.666000
196,62215,13392,1.674000
197,62532,13376,1.672000
198,62848,13280,1.660000
199,63165,13280,1.660000
200,63482,13280,1.660000
201,63799,13264,1.658000
202,64116,13264,1.658000
203,64432,13216,1.652000
204,64750,13232,1.654000
205,65066,13280,1.660000
206,65383,13232,1.654000
207,65700,13216,1.652000
208,66017,13184,1.648000
209,66334,13184,1.648000
210,66650,13280,1.660000
211,66968,13216,1.652000
212,67284,13216,1.652000
213,67602,13280,1.660000
214,67918,13248,1.656000
215,68235,13280,1.660000
216,68552,13248,1.656000
217,68869,13344,1.668000
218,69186,13328,1.666000
219,69502,13360,1.670000
220,69819,13376,1.672000
221,70136,13376,1.672000
222,70453,13392,1.674000
223,70770,13456,1.682000
224,71086,13440,1.680000
225,71404,13440,1.680000
226,71720,13520,1.690000
227,72037,13536,1.692000
228,72354,13536,1.692000
229,72671,13504,1.688000
230,72988,13504,1.688000
231,73305,13584,1.698000
232,73622,13536,1.692000
233,73938,13536,1.692000
234,74255,13536,1.692000
235,74572,13520,1.690000
236,74889,13616,1.702000
237,75206,13520,1.690000
238,75523,13584,1.698000
239,75839,13584,1.698000
240,76156,13552,1.694000
241,76473,13520,1.690000
242,76790,13520,1.690000
243,77107,13520,1.690000
244,77424,13440,1.680000
245,77740,13552,1.694000
246,78057,13424,1.678000
247,78374,13440,1.680000
248,78691,13408,1.676000
249,79008,13360,1.670000
250,79325,13344,1.668000
251,79642,13376,1.672000
252,79959,13312,1.664000
253,80276,13328,1.666000
254,80592,13264,1.658000
255,80909,13232,1.654000
256,81226,13248,1.656000
257,81542,13184,1.648000
258,81860,13264,1.658000
259,82177,13200,1.650000
260,82493,13232,1.654000
261,82810,13280,1.660000
262,83127,13248,1.656000
263,83444,13216,1.652000
264,83761,13248,1.656000
265,84078,13152,1.644000
266,84394,13264,1.658000
267,84711,13264,1.658000
268,85028,13232,1.654000
269,85345,13280,1.660000
270,85662,13328,1.666000
271,85978,13456,1.682000
272,86295,13312,1.664000
273,86612,13392,1.674000
274,86929,13328,1.666000
275,87246,13408,1.676000
276,87563,13360,1.670000
277,87880,13424,1.678000
278,88197,13488,1.686000
279,88513,13552,1.694000
280,88831,13536,1.692000
281,89147,13488,1.686000
282,89464,13632,1.704000
283,89781,13568,1.696000
284,90098,13648,1.706000
285,90415,13536,1.692000
286,90732,13600,1.700000
287,91048,13568,1.696000
288,91365,13632,1.704000
289,91685,13568,1.696000
290,91999,13584,1.698000
291,92316,13536,1.692000
292,92633,13584,1.698000
293,92949,13536,1.692000
294,93266,13552,1.694000
295,93583,13504,1.688000
296,93900,13472,1.684000
297,94217,13488,1.686000
298,94534,13456,1.682000
299,94850,13392,1.674000
300,95168,13424,1.678000
301,95485,13392,1.674000
302,95801,13360,1.670000
303,96118,13296,1.662000
304,96435,13264,1.658000
305,96751,13296,1.662000
306,97069,13344,1.668000
307,97386,13328,1.666000
308,97702,13280,1.660000
309,98019,13216,1.652000
310,98335,13200,1.650000
311,98653,13232,1.654000
312,98970,13168,1.646000
313,99287,13136,1.642000
314,99603,13184,1.648000
315,99920,13200,1.650000
316,100236,13264,1.658000
317,100554,13200,1.650000
318,100871,13232,1.654000
319,101188,13232,1.654000
320,101504,13232,1.654000
321,101821,13312,1.664000
322,102138,13280,1.660000
323,102455,13264,1.658000
324,102772,13296,1.662000
325,103089,13344,1.668000
326,103405,13392,1.674000
327,103723,13360,1.670000
328,104039,13424,1.678000
329,104356,13440,1.680000
330,104673,13488,1.686000
331,104989,13472,1.684000
332,105307,13520,1.690000
333,105624,13568,1.696000
334,105941,13568,1.696000
335,106257,13552,1.694000
336,106574,13584,1.698000
337,106891,13584,1.698000
338,107208,13568,1.696000
339,107525,13568,1.696000
340,107842,13568,1.696000
341,108159,13536,1.692000
342,108475,13632,1.704000
343,108792,13600,1.700000
344,109109,13568,1.696000
345,109426,13536,1.692000
346,109743,13504,1.688000
347,110060,13504,1.688000
348,110377,13552,1.694000
349,110693,13488,1.686000
350,111010,13488,1.686000
351,111327,13440,1.680000
352,111644,13424,1.678000
353,111961,13392,1.674000
354,112278,13360,1.670000
355,112594,13344,1.668000
356,112911,13312,1.664000
357,113228,13296,1.662000
358,113545,13312,1.664000
359,113862,13216,1.652000
360,114179,13232,1.654000
361,114496,13232,1.654000
362,114812,13248,1.656000
363,115129,13184,1.648000
364,115446,13200,1.650000
365,115763,13200,1.650000
366,116079,13248,1.656000
367,116397,13216,1.652000
368,116714,13264,1.658000
369,117030,13168,1.646000
370,117347,13168,1.646000
371,117664,13216,1.652000
372,117981,13200,1.650000
373,118298,13312,1.664000
374,118614,13280,1.660000
375,118932,13312,1.664000
376,119248,13280,1.660000
377,119566,13376,1.672000
378,119882,13360,1.670000
379,120199,13360,1.670000
380,120516,13408,1.676000
381,120832,13392,1.674000
382,121150,13456,1.682000
383,121466,13472,1.684000
384,121783,13520,1.690000
385,122099,13552,1.694000
386,122417,13424,1.678000
387,122734,13520,1.690000
388,123050,13552,1.694000
389,123367,13568,1.696000
390,123685,13536,1.692000
391,124001,13648,1.706000
392,124318,13584,1.698000
393,124635,13552,1.694000
394,124951,13536,1.692000
395,125269,13568,1.696000
396,125585,13536,1.692000
397,125902,13568,1.696000
398,126219,13568,1.696000
399,126536,13520,1.690000
400,126852,13488,1.686000
401,127170,13536,1.692000
402,127487,13440,1.680000
403,127803,13488,1.686000
404,128120,13440,1.680000
405,128437,13392,1.674000
406,128754,13296,1.662000
407,129071,13408,1.676000
408,129388,13312,1.664000
409,129704,13344,1.668000
410,130021,13344,1.668000
411,130338,13280,1.660000
412,130655,13232,1.654000
413,130972,13232,1.654000
414,131289,13264,1.658000
415,131606,13200,1.650000
416,131922,13232,1.654000
417,132239,13184,1.648000
418,132556,13120,1.640000
419,132873,13216,1.652000
420,133190,13168,1.646000
421,133507,13200,1.650000
422,133824,13200,1.650000
423,134140,13136,1.642000
424,134458,13200,1.650000
425,134774,13232,1.654000
426,135091,13280,1.660000
427,135408,13312,1.664000
428,135725,13312,1.664000
429,136041,13264,1.658000
430,136358,13360,1.670000
431,136675,13344,1.668000
432,136992,13360,1.670000
433,137308,13392,1.674000
434,137626,13472,1.684000
435,137942,13424,1.678000
436,138260,13424,1.678000
437,138576,13456,1.682000
438,138894,13520,1.690000
439,139209,13568,1.696000
440,139527,13600,1.700000
441,139844,13488,1.686000
442,140160,13536,1.692000
443,140478,13616,1.702000
444,140794,13552,1.694000
445,141111,13616,1.702000
446,141428,13600,1.700000
447,141745,13504,1.688000
448,142062,13584,1.698000
449,142379,13536,1.692000
450,142695,13552,1.694000
451,143013,13552,1.694000
452,143329,13520,1.690000
453,143646,13504,1.688000
454,143963,13504,1.688000
455,144280,13456,1.682000
456,144596,13456,1.682000
457,144914,13376,1.672000
458,145231,13392,1.674000
459,145547,13328,1.666000
460,145864,13328,1.666000
461,146181,13344,1.668000
462,146497,13392,1.674000
463,146815,13328,1.666000
464,147131,13248,1.656000
465,147448,13296,1.662000
466,147766,13200,1.650000
467,148082,13232,1.654000
468,148399,13232,1.654000
469,148716,13200,1.650000
470,149032,13232,1.654000
471,149349,13184,1.648000
472,149666,13232,1.654000
473,149982,13200,1.650000
474,150299,13184,1.648000
475,150617,13216,1.652000
476,150934,13280,1.660000
477,151251,13216,1.652000
478,151567,13280,1.660000
479,151884,13264,1.658000
480,152201,13280,1.660000
481,152518,13312,1.664000
482,152835,13344,1.668000
483,153152,13360,1.670000
484,153468,13376,1.672000
485,153785,13440,1.680000
486,154102,13392,1.674000
487,154418,13408,1.676000
488,154736,13376,1.672000
489,155053,13456,1.682000
490,155370,13472,1.684000
491,155687,13552,1.694000
492,156003,13488,1.686000
493,156320,13568,1.696000
494,156637,13600,1.700000
495,156953,13616,1.702000
496,157271,13568,1.696000
497,157588,13472,1.684000
498,157904,13568,1.696000
499,158221,13552,1.694000
500,158538,13616,1.702000
501,158854,13568,1.696000
502,159172,13616,1.702000
503,159489,13440,1.680000
504,159805,13584,1.698000
505,160123,13536,1.692000
506,160439,13456,1.682000
507,160756,13504,1.688000
508,161072,13472,1.684000
509,161390,13456,1.682000
510,161706,13296,1.662000
511,162024,13408,1.676000
512,162341,13408,1.676000
513,162657,13344,1.668000
514,162973,13328,1.666000
515,163290,13312,1.664000
516,163608,13184,1.648000
517,163924,13280,1.660000
518,164241,13312,1.664000
519,164558,13232,1.654000
520,164875,13248,1.656000
521,165192,13200,1.650000
522,165509,13216,1.652000
523,165825,13152,1.644000
524,166143,13168,1.646000
525,166459,13232,1.654000
526,166776,13168,1.646000
527,167094,13216,1.652000
528,167410,13232,1.654000
529,167727,13264,1.658000
530,168044,13248,1.656000
531,168361,13296,1.662000
532,168677,13328,1.666000
533,168994,13344,1.668000
534,169311,13280,1.660000
535,169628,13344,1.668000
536,169945,13344,1.668000
537,170261,13344,1.668000
538,170579,13424,1.678000
539,170896,13488,1.686000
540,171213,13408,1.676000
541,171529,13520,1.690000
542,171846,13520,1.690000
543,172163,13520,1.690000
544,172480,13552,1.694000
545,172797,13568,1.696000
546,173113,13552,1.694000
547,173430,13584,1.698000
548,173747,13520,1.690000
549,174064,13568,1.696000
550,174381,13664,1.708000
551,174698,13600,1.700000
552,175014,13552,1.694000
553,175331,13568,1.696000
554,175648,13584,1.698000
555,175965,13584,1.698000
556,176282,13552,1.694000
557,176599,13552,1.694000
558,176916,13472,1.684000
559,177233,13456,1.682000
560,177549,13488,1.686000
561,177866,13408,1.676000
562,178183,13424,1.678000
563,178500,13392,1.674000
564,178817,13376,1.672000
565,179134,13360,1.670000
566,179451,13344,1.668000
567,179767,13296,1.662000
568,180084,13312,1.664000
569,180401,13296,1.662000
570,180718,13264,1.658000
571,181035,13232,1.654000
572,181351,13216,1.652000
573,181669,13232,1.654000
574,181985,13248,1.656000
575,182302,13216,1.652000
576,182619,13184,1.648000
577,182936,13296,1.662000
578,183253,13248,1.656000
579,183569,13216,1.652000
580,183886,13184,1.648000
581,184204,13312,1.664000
582,184520,13312,1.664000
583,184837,13328,1.666000
584,185154,13216,1.652000
585,185471,13264,1.658000
586,185787,13296,1.662000
587,186104,13360,1.670000
588,186421,13312,1.664000
589,186738,13360,1.670000
590,187055,13408,1.676000
591,187372,13408,1.676000
592,187689,13504,1.688000
593,188005,13488,1.686000
594,188322,13520,1.690000
595,188639,13536,1.692000
596,188955,13456,1.682000
597,189273,13472,1.684000
598,189590,13568,1.696000
599,189907,13584,1.698000
600,190224,13568,1.696000
601,190540,13552,1.694000
602,190857,13536,1.692000
603,191174,13536,1.692000
604,191490,13632,1.704000
605,191808,13568,1.696000
606,192124,13520,1.690000
607,192442,13536,1.692000
608,192758,13536,1.692000
609,193075,13472,1.684000
610,193392,13536,1.692000
611,193709,13488,1.686000
612,194026,13520,1.690000
613,194343,13472,1.684000
614,194659,13472,1.684000
615,194976,13360,1.670000
616,195293,13408,1.676000
617,195610,13360,1.670000
618,195927,13392,1.674000
619,196244,13312,1.664000
620,196560,13312,1.664000
621,196878,13296,1.662000
622,197194,13232,1.654000
623,197511,13280,1.660000
624,197828,13280,1.660000
625,198144,13248,1.656000
626,198462,13152,1.644000
627,198779,13168,1.646000
628,199095,13184,1.648000
629,199412,13248,1.656000
630,199729,13248,1.656000
631,200045,13168,1.646000
632,200363,13232,1.654000
633,200684,13216,1.652000
634,200996,13280,1.660000
635,201313,13200,1.650000
636,201630,13216,1.652000
637,201947,13248,1.656000
638,202264,13312,1.664000
639,202581,13312,1.664000
640,202898,13344,1.668000
641,203215,13392,1.674000
642,203531,13392,1.674000
643,203848,13408,1.676000
644,204165,13472,1.684000
645,204482,13424,1.678000
646,204799,13408,1.676000
647,205115,13472,1.684000
648,205432,13504,1.688000
649,205749,13568,1.696000
650,206066,13520,1.690000
651,206383,13584,1.698000
652,206700,13584,1.698000
653,207017,13536,1.692000
654,207334,13584,1.698000
655,207650,13584,1.698000
656,207967,13504,1.688000
657,208284,13584,1.698000
658,208601,13552,1.694000
659,208918,13552,1.694000
660,209235,13584,1.698000
661,209551,13568,1.696000
662,209868,13536,1.692000
663,210185,13584,1.698000
664,210502,13552,1.694000
665,210818,13472,1.684000
666,211136,13472,1.684000
667,211452,13440,1.680000
668,211769,13440,1.680000
669,212087,13376,1.672000
670,212404,13344,1.668000
671,212720,13328,1.666000
672,213037,13312,1.664000
673,213354,13312,1.664000
674,213671,13280,1.660000
675,213987,13264,1.658000
676,214304,13296,1.662000
677,214622,13248,1.656000
678,214938,13168,1.646000
679,215255,13184,1.648000
680,215572,13216,1.652000
681,215889,13200,1.650000
682,216206,13184,1.648000
683,216522,13232,1.654000
684,216839,13184,1.648000
685,217156,13280,1.660000
686,217473,13296,1.662000
687,217790,13280,1.660000
688,218106,13264,1.658000
689,218424,13328,1.666000
690,218740,13232,1.654000
691,219057,13344,1.668000
692,219374,13360,1.670000
693,219691,13360,1.670000
694,220008,13424,1.678000
695,220324,13360,1.670000
696,220642,13440,1.680000
697,220958,13456,1.682000
698,221275,13488,1.686000
699,221592,13568,1.696000
700,221909,13472,1.684000
701,222226,13536,1.692000
702,222543,13600,1.700000
703,222859,13552,1.694000
704,223176,13552,1.694000
705,223493,13584,1.698000
706,223810,13600,1.700000
707,224127,13600,1.700000
708,224444,13616,1.702000
709,224761,13552,1.694000
710,225077,13600,1.700000
711,225394,13552,1.694000
712,225711,13568,1.696000
713,226028,13520,1.690000
714,226345,13536,1.692000
715,226662,13568,1.696000
716,226978,13584,1.698000
717,227295,13504,1.688000
718,227612,13440,1.680000
719,227929,13376,1.672000
720,228246,13456,1.682000
721,228563,13424,1.678000
722,228880,13360,1.670000
723,229197,13344,1.668000
724,229513,13328,1.666000
725,229830,13312,1.664000
726,230147,13264,1.658000
727,230464,13280,1.660000
728,230781,13248,1.656000
729,231097,13232,1.654000
730,231415,13264,1.658000
731,231731,13264,1.658000
732,232048,13232,1.654000
733,232365,13184,1.648000
734,232685,13168,1.646000
735,232999,13264,1.658000
736,233316,13200,1.650000
737,233632,13200,1.650000
738,233949,13216,1.652000
739,234266,13248,1.656000
740,234583,13216,1.652000
741,234900,13296,1.662000
742,235217,13296,1.662000
743,235534,13264,1.658000
744,235850,13296,1.662000
745,236167,13344,1.668000
746,236484,13312,1.664000
747,236801,13408,1.676000
748,237118,13440,1.680000
749,237435,13472,1.684000
750,237752,13488,1.686000
751,238068,13520,1.690000
752,238385,13456,1.682000
753,238702,13440,1.680000
754,239019,13552,1.694000
755,239336,13568,1.696000
756,239652,13568,1.696000
757,239970,13616,1.702000
758,240287,13600,1.700000
759,240603,13536,1.692000
760,240920,13632,1.704000
761,241237,13552,1.694000
762,241554,13648,1.706000
763,241871,13584,1.698000
764,242188,13584,1.698000
765,242505,13568,1.696000
766,242821,13504,1.688000
767,243139,13584,1.698000
768,243454,13520,1.690000
769,243772,13472,1.684000
770,244089,13456,1.682000
771,244405,13456,1.682000
772,244723,13488,1.686000
773,245039,13408,1.676000
774,245356,13408,1.676000
775,245673,13360,1.670000
776,245990,13328,1.666000
777,246307,13264,1.658000
778,246623,13312,1.664000
779,246941,13264,1.658000
780,247257,13280,1.660000
781,247574,13248,1.656000
782,247891,13232,1.654000
783,248208,13216,1.652000
784,248525,13248,1.656000
785,248841,13152,1.644000
786,249158,13168,1.646000
787,249475,13216,1.652000
788,249792,13200,1.650000
789,250108,13184,1.648000
790,250426,13200,1.650000
791,250742,13264,1.658000
792,251060,13248,1.656000
793,251376,13280,1.660000
794,251693,13248,1.656000
795,252010,13296,1.662000
796,252327,13216,1.652000
797,252644,13296,1.662000
798,252961,13296,1.662000
799,253278,13312,1.664000
800,253594,13344,1.668000
801,253911,13392,1.674000
802,254228,13424,1.678000
803,254545,13392,1.674000
804,254861,13504,1.688000
805,255179,13488,1.686000
806,255496,13536,1.692000
807,255812,13536,1.692000
808,256129,13520,1.690000
809,256446,13504,1.688000
810,256763,13680,1.710000
811,257079,13552,1.694000
812,257397,13616,1.702000
813,257713,13616,1.702000
814,258030,13616,1.702000
815,258347,13568,1.696000
816,258664,13552,1.694000
817,258980,13600,1.700000
818,259298,13632,1.704000
819,259614,13568,1.696000
820,259931,13504,1.688000
821,260248,13456,1.682000
822,260565,13504,1.688000
823,260881,13456,1.682000
824,261199,13440,1.680000
825,261516,13360,1.670000
826,261832,13408,1.676000
827,262149,13376,1.672000
828,262466,13344,1.668000
829,262783,13328,1.666000
830,263099,13296,1.662000
831,263417,13264,1.658000
832,263733,13232,1.654000
833,264050,13200,1.650000
834,264368,13280,1.660000
835,264685,13296,1.662000
836,265001,13248,1.656000
837,265318,13216,1.652000
838,265635,13248,1.656000
839,265951,13168,1.646000
840,266268,13216,1.652000
841,266585,13232,1.654000
842,266901,13296,1.662000
843,267219,13248,1.656000
844,267536,13248,1.656000
845,267852,13280,1.660000
846,268170,13296,1.662000
847,268486,13232,1.654000
848,268803,13344,1.668000
849,269120,13328,1.666000
850,269436,13328,1.666000
851,269754,13392,1.674000
852,270070,13360,1.670000
853,270388,13392,1.674000
854,270704,13408,1.676000
855,271021,13424,1.678000
856,271338,13456,1.682000
857,271655,13488,1.686000
858,271972,13520,1.690000
859,272289,13488,1.686000
860,272605,13536,1.692000
861,272922,13584,1.698000
862,273239,13584,1.698000
863,273556,13520,1.690000
864,273872,13600,1.700000
865,274190,13616,1.702000
866,274507,13616,1.702000
867,274823,13648,1.706000
868,275140,13584,1.698000
869,275457,13568,1.696000
870,275774,13536,1.692000
871,276091,13552,1.694000
872,276407,13568,1.696000
873,276725,13456,1.682000
874,277041,13472,1.684000
875,277358,13504,1.688000
876,277675,13504,1.688000
877,277992,13456,1.682000
878,278308,13424,1.678000
879,278626,13376,1.672000
880,278942,13312,1.664000
881,279259,13392,1.674000
882,279576,13392,1.674000
883,279893,13264,1.658000
884,280210,13296,1.662000
885,280527,13248,1.656000
886,280844,13264,1.658000
887,281161,13248,1.656000
888,281477,13264,1.658000
889,281794,13200,1.650000
890,282111,13184,1.648000
891,282428,13200,1.650000
892,282745,13168,1.646000
893,283062,13184,1.648000
894,283379,13168,1.646000
895,283695,13200,1.650000
896,284012,13232,1.654000
897,284329,13200,1.650000
898,284646,13264,1.658000
899,284963,13280,1.660000
900,285280,13280,1.660000
901,285596,13360,1.670000
902,285913,13328,1.666000
903,286230,13328,1.666000
904,286547,13376,1.672000
905,286864,13376,1.672000
906,287180,13344,1.668000
907,287497,13440,1.680000
908,287815,13472,1.684000
909,288131,13520,1.690000
910,288448,13536,1.692000
911,288765,13536,1.692000
912,289082,13520,1.690000
913,289399,13568,1.696000
914,289716,13616,1.702000
915,290032,13552,1.694000
916,290349,13552,1.694000
917,290666,13568,1.696000
918,290983,13584,1.698000
919,291300,13568,1.696000
920,291617,13600,1.700000
921,291934,13648,1.706000
922,292251,13584,1.698000
923,292567,13584,1.698000
924,292884,13520,1.690000
925,293201,13504,1.688000
926,293518,13552,1.694000
927,293835,13536,1.692000
928,294152,13456,1.682000
929,294468,13456,1.682000
930,294785,13440,1.680000
931,295101,13392,1.674000
932,295419,13344,1.668000
933,295736,13360,1.670000
934,296052,13280,1.660000
935,296370,13344,1.668000
936,296686,13264,1.658000
937,297003,13248,1.656000
938,297320,13280,1.660000
939,297637,13264,1.658000
940,297954,13264,1.658000
941,298271,13248,1.656000
942,298587,13264,1.658000
943,298904,13248,1.656000
944,299221,13216,1.652000
945,299538,13168,1.646000
946,299855,13232,1.654000
947,300172,13232,1.654000
948,300488,13200,1.650000
949,300805,13264,1.658000
950,301122,13264,1.658000
951,301439,13280,1.660000
952,301756,13296,1.662000
953,302073,13264,1.658000
954,302390,13280,1.660000
955,302706,13328,1.666000
956,303023,13376,1.672000
957,303340,13360,1.670000
958,303657,13408,1.676000
959,303974,13440,1.680000
960,304291,13456,1.682000
961,304608,13456,1.682000
962,304925,13536,1.692000
963,305242,13440,1.680000
964,305558,13584,1.698000
965,305875,13568,1.696000
966,306192,13536,1.692000
967,306509,13568,1.696000
968,306826,13552,1.694000
969,307143,13568,1.696000
970,307459,13552,1.694000
971,307776,13584,1.698000
972,308093,13600,1.700000
973,308410,13536,1.692000
974,308727,13568,1.696000
975,309044,13616,1.702000
976,309360,13504,1.688000
977,309677,13568,1.696000
978,309994,13536,1.692000
979,310311,13520,1.690000
980,310628,13504,1.688000
981,310944,13456,1.682000
982,311261,13456,1.682000
983,311579,13376,1.672000
984,311896,13360,1.670000
985,312213,13376,1.672000
986,312529,13328,1.666000
987,312846,13312,1.664000
988,313163,13312,1.664000
989,313480,13232,1.654000
990,313797,13232,1.654000
991,314113,13248,1.656000
992,314430,13232,1.654000
993,314747,13280,1.660000
994,315064,13216,1.652000
995,315381,13216,1.652000
996,315698,13184,1.648000
997,316014,13248,1.656000
998,316331,13216,1.652000
999,316648,13232,1.654000
1000,316965,13200,1.650000
1001,317281,13200,1.650000
1002,317599,13232,1.654000
1003,317916,13232,1.654000
1004,318232,13280,1.660000
1005,318549,13248,1.656000
1006,318866,13360,1.670000
1007,319182,13248,1.656000
1008,319499,13312,1.664000
1009,319817,13392,1.674000
1010,320133,13392,1.674000
1011,320451,13456,1.682000
1012,320767,13472,1.684000
1013,321084,13440,1.680000
1014,321401,13472,1.684000
1015,321718,13520,1.690000
1016,322035,13456,1.682000
1017,322352,13584,1.698000
1018,322668,13584,1.698000
1019,322985,13520,1.690000
1020,323302,13536,1.692000
1021,323619,13632,1.704000
1022,323936,13568,1.696000
1023,324253,13616,1.702000
1024,324570,13552,1.694000
1025,324886,13600,1.700000
1026,325203,13600,1.700000
1027,325520,13552,1.694000
1028,325837,13600,1.700000
1029,326154,13536,1.692000
1030,326470,13552,1.694000
1031,326787,13488,1.686000
1032,327104,13472,1.684000
1033,327421,13440,1.680000
1034,327737,13472,1.684000
1035,328055,13424,1.678000
1036,328372,13472,1.684000
1037,328689,13392,1.674000
1038,329005,13312,1.664000
1039,329322,13424,1.678000
1040,329639,13264,1.658000
1041,329956,13376,1.672000
1042,330273,13280,1.660000
1043,330590,13264,1.658000
1044,330907,13280,1.660000
1045,331223,13280,1.660000
1046,331540,13216,1.652000
1047,331857,13152,1.644000
1048,332174,13184,1.648000
1049,332491,13296,1.662000
1050,332808,13232,1.654000
1051,333125,13120,1.640000
1052,333441,13152,1.644000
1053,333758,13200,1.650000
1054,334075,13216,1.652000
1055,334392,13248,1.656000
1056,334709,13248,1.656000
1057,335025,13248,1.656000
1058,335343,13248,1.656000
1059,335659,13232,1.654000
1060,335976,13344,1.668000
1061,336293,13344,1.668000
1062,336610,13360,1.670000
1063,336927,13424,1.678000
1064,337244,13360,1.670000
1065,337560,13424,1.678000
1066,337877,13376,1.672000
1067,338194,13488,1.686000
1068,338511,13408,1.676000
1069,338827,13504,1.688000
1070,339145,13472,1.684000
1071,339461,13504,1.688000
1072,339778,13552,1.694000
1073,340096,13568,1.696000
1074,340412,13584,1.698000
1075,340729,13616,1.702000
1076,341046,13584,1.698000
1077,341363,13632,1.704000
1078,341679,13632,1.704000
1079,341996,13568,1.696000
1080,342314,13568,1.696000
1081,342630,13568,1.696000
1082,342947,13616,1.702000
1083,343264,13568,1.696000
1084,343581,13472,1.684000
1085,343898,13504,1.688000
1086,344215,13536,1.692000
1087,344531,13472,1.684000
1088,344848,13360,1.670000
1089,345165,13424,1.678000
1090,345482,13424,1.678000
1091,345799,13408,1.676000
1092,346115,13360,1.670000
1093,346432,13344,1.668000
1094,346749,13280,1.660000
1095,347066,13328,1.666000
1096,347383,13296,1.662000
1097,347700,13232,1.654000
1098,348016,13280,1.660000
1099,348334,13264,1.658000
1100,348650,13232,1.654000
1101,348968,13216,1.652000
1102,349283,13184,1.648000
1103,349601,13216,1.652000
1104,349918,13248,1.656000
1105,350235,13168,1.646000
1106,350551,13248,1.656000
1107,350868,13248,1.656000
1108,351185,13264,1.658000
1109,351502,13248,1.656000
1110,351819,13248,1.656000
1111,352136,13248,1.656000
1112,352453,13312,1.664000
1113,352770,13344,1.668000
1114,353086,13408,1.676000
1115,353403,13392,1.674000
1116,353720,13472,1.684000
1117,354037,13440,1.680000
1118,354354,13456,1.682000
1119,354670,13456,1.682000
1120,354988,13504,1.688000
1121,355304,13472,1.684000
1122,355621,13488,1.686000
1123,355938,13552,1.694000
1124,356254,13568,1.696000
1125,356572,13536,1.692000
1126,356889,13600,1.700000
1127,357206,13584,1.698000
1128,357522,13568,1.696000
1129,357839,13568,1.696000
1130,358156,13584,1.698000
1131,358472,13536,1.692000
1132,358789,13568,1.696000
1133,359107,13504,1.688000
1134,359423,13568,1.696000
1135,359740,13552,1.694000
1136,360056,13520,1.690000
1137,360374,13504,1.688000
1138,360691,13456,1.682000
1139,361007,13456,1.682000
1140,361325,13376,1.672000
1141,361641,13424,1.678000
1142,361958,13360,1.670000
1143,362275,13424,1.678000
1144,362592,13312,1.664000
1145,362909,13344,1.668000
1146,363226,13312,1.664000
1147,363542,13264,1.658000
1148,363859,13312,1.664000
1149,364176,13312,1.664000
1150,364493,13264,1.658000
1151,364809,13248,1.656000
1152,365127,13248,1.656000
1153,365444,13264,1.658000
1154,365760,13200,1.650000
1155,366077,13232,1.654000
1156,366394,13248,1.656000
1157,366711,13200,1.650000
1158,367028,13200,1.650000
1159,367345,13248,1.656000
1160,367661,13200,1.650000
1161,367978,13232,1.654000
1162,368295,13296,1.662000
1163,368612,13344,1.668000
1164,368929,13392,1.674000
1165,369246,13296,1.662000
1166,369563,13344,1.668000
1167,369880,13408,1.676000
1168,370196,13376,1.672000
1169,370513,13424,1.678000
1170,370830,13408,1.676000
1171,371147,13408,1.676000
1172,371464,13456,1.682000
1173,371781,13472,1.684000
1174,372097,13440,1.680000
1175,372414,13536,1.692000
1176,372731,13488,1.686000
1177,373048,13552,1.694000
1178,373365,13616,1.702000
1179,373685,13568,1.696000
1180,373999,13552,1.694000
1181,374316,13552,1.694000
1182,374632,13552,1.694000
1183,374949,13536,1.692000
1184,375265,13616,1.702000
1185,375583,13504,1.688000
1186,375900,13600,1.700000
1187,376217,13584,1.698000
1188,376533,13504,1.688000
1189,376850,13552,1.694000
1190,377168,13504,1.688000
1191,377483,13440,1.680000
1192,377801,13488,1.686000
1193,378118,13440,1.680000
1194,378434,13424,1.678000
1195,378752,13424,1.678000
1196,379068,13344,1.668000
1197,379385,13344,1.668000
1198,379702,13312,1.664000
1199,380019,13312,1.664000
1200,380336,13312,1.664000
1201,380652,13296,1.662000
1202,380969,13248,1.656000
1203,381286,13248,1.656000
1204,381603,13136,1.642000
1205,381920,13200,1.650000
1206,382237,13232,1.654000
1207,382553,13232,1.654000
1208,382870,13200,1.650000
1209,383188,13264,1.658000
1210,383504,13216,1.652000
1211,383821,13248,1.656000
1212,384137,13232,1.654000
1213,384455,13232,1.654000
1214,384772,13248,1.656000
1215,385088,13280,1.660000
1216,385405,13264,1.658000
1217,385722,13312,1.664000
1218,386039,13360,1.670000
1219,386356,13360,1.670000
1220,386673,13392,1.674000
1221,386990,13440,1.680000
1222,387307,13424,1.678000
1223,387623,13488,1.686000
1224,387941,13472,1.684000
1225,388257,13520,1.690000
1226,388573,13504,1.688000
1227,388891,13472,1.684000
1228,389208,13536,1.692000
1229,389524,13520,1.690000
1230,389841,13568,1.696000
1231,390158,13536,1.692000
1232,390475,13568,1.696000
1233,390792,13536,1.692000
1234,391108,13600,1.700000
1235,391426,13552,1.694000
1236,391742,13584,1.698000
1237,392059,13536,1.692000
1238,392376,13472,1.684000
1239,392693,13552,1.694000
1240,393010,13520,1.690000
1241,393327,13552,1.694000
1242,393643,13520,1.690000
1243,393961,13456,1.682000
1244,394277,13424,1.678000
1245,394594,13456,1.682000
1246,394911,13408,1.676000
1247,395228,13408,1.676000
1248,395545,13376,1.672000
1249,395861,13392,1.674000
1250,396178,13312,1.664000
1251,396495,13232,1.654000
1252,396812,13296,1.662000
1253,397129,13248,1.656000
1254,397446,13232,1.654000
1255,397762,13312,1.664000
1256,398080,13248,1.656000
1257,398396,13200,1.650000
1258,398713,13200,1.650000
1259,399030,13232,1.654000
1260,399347,13248,1.656000
1261,399664,13232,1.654000
1262,399980,13184,1.648000
1263,400297,13216,1.652000
1264,400614,13232,1.654000
1265,400931,13296,1.662000
1266,401248,13264,1.658000
1267,401565,13280,1.660000
1268,401881,13312,1.664000
1269,402198,13312,1.664000
1270,402516,13344,1.668000
1271,402832,13392,1.674000
1272,403149,13328,1.666000
1273,403466,13376,1.672000
1274,403783,13424,1.678000
1275,404099,13424,1.678000
1276,404417,13376,1.672000
1277,404733,13440,1.680000
1278,405050,13456,1.682000
1279,405367,13536,1.692000
1280,405686,13536,1.692000
1281,406001,13584,1.698000
1282,406318,13568,1.696000
1283,406634,13600,1.700000
1284,406951,13552,1.694000
1285,407268,13568,1.696000
1286,407585,13600,1.700000
1287,407902,13568,1.696000
1288,408219,13536,1.692000
1289,408535,13552,1.694000
1290,408852,13568,1.696000
1291,409169,13520,1.690000
1292,409486,13648,1.706000
1293,409802,13536,1.692000
1294,410120,13504,1.688000
1295,410437,13536,1.692000
1296,410753,13456,1.682000
1297,411070,13472,1.684000
1298,411388,13408,1.676000
1299,411704,13360,1.670000
1300,412021,13344,1.668000
1301,412338,13408,1.676000
1302,412655,13312,1.664000
1303,412972,13328,1.666000
1304,413289,13280,1.660000
1305,413605,13280,1.660000
1306,413922,13296,1.662000
1307,414239,13248,1.656000
1308,414556,13264,1.658000
1309,414872,13232,1.654000
1310,415190,13216,1.652000
1311,415507,13200,1.650000
1312,415823,13216,1.652000
1313,416140,13168,1.646000
1314,416457,13200,1.650000
1315,416774,13184,1.648000
1316,417090,13264,1.658000
1317,417407,13216,1.652000
1318,417725,13232,1.654000
1319,418041,13328,1.666000
1320,418358,13312,1.664000
1321,418675,13296,1.662000
1322,418992,13344,1.668000
1323,419309,13360,1.670000
1324,419625,13312,1.664000
1325,419943,13392,1.674000
1326,420259,13392,1.674000
1327,420576,13392,1.674000
1328,420893,13488,1.686000
1329,421210,13456,1.682000
1330,421526,13488,1.686000
1331,421844,13408,1.676000
1332,422160,13520,1.690000
1333,422477,13520,1.690000
1334,422793,13552,1.694000
1335,423111,13568,1.696000
1336,423428,13600,1.700000
1337,423745,13568,1.696000
1338,424061,13616,1.702000
1339,424379,13536,1.692000
1340,424695,13600,1.700000
1341,425012,13552,1.694000
1342,425328,13600,1.700000
1343,425646,13568,1.696000
1344,425963,13504,1.688000
1345,426280,13552,1.694000
1346,426596,13552,1.694000
1347,426914,13488,1.686000
1348,427230,13472,1.684000
1349,427547,13504,1.688000
1350,427864,13424,1.678000
1351,428181,13440,1.680000
1352,428497,13392,1.674000
1353,428815,13408,1.676000
1354,429131,13360,1.670000
1355,429448,13344,1.668000
1356,429765,13296,1.662000
1357,430082,13312,1.664000
1358,430399,13248,1.656000
1359,430716,13248,1.656000
1360,431032,13280,1.660000
1361,431349,13248,1.656000
1362,431666,13216,1.652000
1363,431983,13200,1.650000
1364,432300,13200,1.650000
1365,432617,13264,1.658000
1366,432934,13232,1.654000
1367,433251,13232,1.654000
1368,433567,13264,1.658000
1369,433884,13184,1.648000
1370,434201,13248,1.656000
1371,434518,13280,1.660000
1372,434835,13264,1.658000
1373,435152,13296,1.662000
1374,435468,13344,1.668000
1375,435785,13280,1.660000
1376,436102,13392,1.674000
1377,436419,13440,1.680000
1378,436736,13424,1.678000
1379,437053,13360,1.670000
1380,437370,13408,1.676000
1381,437686,13504,1.688000
1382,438003,13424,1.678000
1383,438320,13504,1.688000
1384,438637,13552,1.694000
1385,438953,13536,1.692000
1386,439271,13552,1.694000
1387,439587,13584,1.698000
1388,439904,13584,1.698000
1389,440221,13584,1.698000
1390,440538,13568,1.696000
1391,440855,13568,1.696000
1392,441172,13552,1.694000
1393,441489,13584,1.698000
1394,441805,13664,1.708000
1395,442122,13552,1.694000
1396,442439,13520,1.690000
1397,442756,13536,1.692000
1398,443072,13536,1.692000
1399,443390,13520,1.690000
1400,443706,13536,1.692000
1401,444023,13504,1.688000
1402,444340,13488,1.686000
1403,444657,13456,1.682000
1404,444974,13424,1.678000
1405,445291,13376,1.672000
1406,445608,13392,1.674000
1407,445924,13328,1.666000
1408,446241,13360,1.670000
1409,446558,13296,1.662000
1410,446875,13360,1.670000
1411,447192,13280,1.660000
1412,447509,13264,1.658000
1413,447825,13264,1.658000
1414,448142,13248,1.656000
1415,448459,13152,1.644000
1416,448776,13200,1.650000
1417,449093,13248,1.656000
1418,449410,13200,1.650000
1419,449726,13248,1.656000
1420,450044,13136,1.642000
1421,450361,13200,1.650000
1422,450677,13232,1.654000
1423,450994,13184,1.648000
1424,451311,13232,1.654000
1425,451628,13264,1.658000
1426,451944,13312,1.664000
1427,452261,13296,1.662000
1428,452579,13296,1.662000
1429,452896,13328,1.666000
1430,453211,13360,1.670000
1431,453529,13344,1.668000
1432,453846,13408,1.676000
1433,454162,13424,1.678000
1434,454480,13408,1.676000
1435,454796,13424,1.678000
1436,455113,13552,1.694000
1437,455429,13488,1.686000
1438,455747,13504,1.688000
1439,456064,13504,1.688000
1440,456381,13520,1.690000
1441,456697,13568,1.696000
1442,457014,13584,1.698000
1443,457331,13616,1.702000
1444,457648,13584,1.698000
1445,457965,13616,1.702000
1446,458282,13648,1.706000
1447,458599,13568,1.696000
1448,458916,13584,1.698000
1449,459232,13584,1.698000
1450,459549,13552,1.694000
1451,459866,13536,1.692000
1452,460183,13296,1.662000
1453,460500,13520,1.690000
1454,460817,13504,1.688000
1455,461133,13456,1.682000
1456,461450,13440,1.680000
1457,461767,13408,1.676000
1458,462084,13168,1.646000
1459,462401,13408,1.676000
1460,462718,13280,1.660000
1461,463035,13296,1.662000
1462,463352,13280,1.660000
1463,463668,13248,1.656000
1464,463985,13264,1.658000
1465,464302,13056,1.632000
1466,464619,13280,1.660000
1467,464936,13216,1.652000
1468,465253,13232,1.654000
1469,465569,13152,1.644000
1470,465886,13200,1.650000
1471,466203,13008,1.626000
1472,466520,13184,1.648000
1473,466837,13168,1.646000
1474,467154,13216,1.652000
1475,467471,13200,1.650000
1476,467787,13216,1.652000
1477,468104,13264,1.658000
1478,468421,13312,1.664000
1479,468738,13264,1.658000
1480,469054,13264,1.658000
1481,469372,13328,1.666000
1482,469689,13344,1.668000
1483,470005,13360,1.670000
1484,470322,13424,1.678000
1485,470639,13344,1.668000
1486,470955,13392,1.674000
1487,471273,13472,1.684000
1488,471590,13408,1.676000
1489,471907,13456,1.682000
1490,472224,13520,1.690000
1491,472540,13552,1.694000
1492,472857,13520,1.690000
1493,473173,13568,1.696000
1494,473491,13584,1.698000
1495,473808,13584,1.698000
1496,474124,13600,1.700000
1497,474442,13552,1.694000
1498,474758,13568,1.696000
1499,475075,13584,1.698000
1500,475391,13600,1.700000
1501,475709,13584,1.698000
1502,476025,13568,1.696000
1503,476343,13520,1.690000
1504,476659,13472,1.684000
1505,476976,13504,1.688000
1506,477293,13536,1.692000
1507,477610,13440,1.680000
1508,477927,13456,1.682000
1509,478244,13424,1.678000
1510,478560,13472,1.684000
1511,478877,13392,1.674000
1512,479194,13376,1.672000
1513,479511,13344,1.668000
1514,479828,13264,1.658000
1515,480145,13280,1.660000
1516,480462,13264,1.658000
1517,480778,13312,1.664000
1518,481095,13264,1.658000
1519,481412,13216,1.652000
1520,481729,13168,1.646000
1521,482046,13296,1.662000
1522,482363,13200,1.650000
1523,482679,13152,1.644000
1524,482996,13264,1.658000
1525,483313,13232,1.654000
1526,483630,13264,1.658000
1527,483947,13232,1.654000
1528,484264,13200,1.650000
1529,484581,13296,1.662000
1530,484898,13312,1.664000
1531,485214,13328,1.666000
1532,485531,13312,1.664000
1533,485848,13248,1.656000
1534,486165,13344,1.668000
1535,486482,13360,1.670000
1536,486798,13712,1.714000
1537,487116,13408,1.676000
1538,487432,13440,1.680000
1539,487749,13456,1.682000
1540,488066,13552,1.694000
1541,488383,13552,1.694000
1542,488700,13792,1.724000
1543,489017,13536,1.692000
1544,489334,13552,1.694000
1545,489650,13584,1.698000
1546,489967,13536,1.692000
1547,490284,13552,1.694000
1548,490601,13552,1.694000
1549,490918,13888,1.736000
1550,491235,13552,1.694000
1551,491551,13568,1.696000
1552,491868,13584,1.698000
1553,492185,13536,1.692000
1554,492502,13584,1.698000
1555,492818,13824,1.728000
1556,493136,13552,1.694000
1557,493452,13552,1.694000
1558,493769,13520,1.690000
1559,494086,13472,1.684000
1560,494403,13424,1.678000
1561,494720,13440,1.680000
1562,495037,13456,1.682000
1563,495354,13360,1.670000
1564,495670,13360,1.670000
1565,495987,13312,1.664000
1566,496304,13312,1.664000
1567,496621,13296,1.662000
1568,496937,13264,1.658000
1569,497255,13248,1.656000
1570,497572,13168,1.646000
1571,497889,13264,1.658000
1572,498206,13232,1.654000
1573,498522,13168,1.646000
1574,498839,13248,1.656000
1575,499156,13216,1.652000
1576,499473,13168,1.646000
1577,499790,13216,1.652000
1578,500106,13280,1.660000
1579,500423,13248,1.656000
1580,500740,13248,1.656000
1581,501057,13264,1.658000
1582,501374,13248,1.656000
1583,501690,13248,1.656000
1584,502008,13328,1.666000
1585,502325,13280,1.660000
1586,502641,13344,1.668000
1587,502958,13376,1.672000
1588,503275,13376,1.672000
1589,503592,13376,1.672000
1590,503909,13392,1.674000
1591,504226,13440,1.680000
1592,504542,13536,1.692000
1593,504859,13504,1.688000
1594,505176,13456,1.682000
1595,505493,13504,1.688000
1596,505810,13520,1.690000
1597,506127,13552,1.694000
1598,506444,13552,1.694000
1599,506760,13600,1.700000
1600,507077,13552,1.694000
1601,507394,13584,1.698000
1602,507711,13632,1.704000
1603,508027,13600,1.700000
1604,508344,13552,1.694000
1605,508662,13456,1.682000
1606,508978,13584,1.698000
1607,509295,13520,1.690000
1608,509612,13536,1.692000
1609,509928,13504,1.688000
1610,510245,13456,1.682000
1611,510563,13376,1.672000
1612,510879,13472,1.684000
1613,511197,13344,1.668000
1614,511513,13392,1.674000
1615,511830,13392,1.674000
1616,512147,13392,1.674000
1617,512464,13280,1.660000
1618,512781,13136,1.642000
1619,513097,13328,1.666000
1620,513415,13328,1.666000
1621,513731,13264,1.658000
1622,514048,13280,1.660000
1623,514365,13248,1.656000
1624,514685,13088,1.636000
1625,514999,13264,1.658000
1626,515316,13184,1.648000
1627,515632,13232,1.654000
1628,515949,13184,1.648000
1629,516265,13120,1.640000
1630,516583,13216,1.652000
1631,516900,13264,1.658000
1632,517217,13248,1.656000
1633,517533,13136,1.642000
1634,517851,13232,1.654000
1635,518167,13312,1.664000
1636,518484,13296,1.662000
1637,518801,13312,1.664000
1638,519117,13312,1.664000
1639,519435,13168,1.646000
1640,519751,13392,1.674000
1641,520068,13392,1.674000
1642,520385,13424,1.678000
1643,520702,13456,1.682000
1644,521018,13456,1.682000
1645,521335,13504,1.688000
1646,521653,13472,1.684000
1647,521969,13472,1.684000
1648,522286,13552,1.694000
1649,522603,13504,1.688000
1650,522920,13520,1.690000
1651,523237,13584,1.698000
1652,523554,13536,1.692000
1653,523871,13536,1.692000
1654,524188,13568,1.696000
1655,524504,13616,1.702000
1656,524821,13568,1.696000
1657,525138,13584,1.698000
1658,525455,13584,1.698000
1659,525772,13584,1.698000
1660,526089,13552,1.694000
1661,526405,13536,1.692000
1662,526722,13536,1.692000
1663,527039,13504,1.688000
1664,527356,13456,1.682000
1665,527673,13456,1.682000
1666,527990,13376,1.672000
1667,528307,13456,1.682000
1668,528623,13472,1.684000
1669,528941,13312,1.664000
1670,529257,13328,1.666000
1671,529574,13312,1.664000
1672,529891,13312,1.664000
1673,530207,13312,1.664000
1674,530524,13264,1.658000
1675,530841,13312,1.664000
1676,531158,13248,1.656000
1677,531475,13248,1.656000
1678,531792,13216,1.652000
1679,532109,13200,1.650000
1680,532425,13136,1.642000
1681,532742,13248,1.656000
1682,533059,13184,1.648000
1683,533376,13216,1.652000
1684,533693,13248,1.656000
1685,534010,13152,1.644000
1686,534327,13216,1.652000
1687,534643,13216,1.652000
1688,534961,13216,1.652000
1689,535278,13376,1.672000
1690,535594,13216,1.652000
1691,535911,13072,1.634000
1692,536228,13344,1.668000
1693,536545,13328,1.666000
1694,536861,13392,1.674000
1695,537179,13392,1.674000
1696,537495,13456,1.682000
1697,537812,13344,1.668000
1698,538129,13424,1.678000
1699,538446,13472,1.684000
1700,538763,13472,1.684000
1701,539079,13552,1.694000
1702,539396,13552,1.694000
1703,539714,13536,1.692000
1704,540030,13488,1.686000
1705,540347,13584,1.698000
1706,540664,13552,1.694000
1707,540980,13568,1.696000
1708,541297,13600,1.700000
1709,541615,13584,1.698000
1710,541931,13456,1.682000
1711,542248,13616,1.702000
1712,542565,13568,1.696000
1713,542881,13472,1.684000
1714,543198,13488,1.686000
1715,543516,13520,1.690000
1716,543832,13504,1.688000
1717,544149,13248,1.656000
1718,544466,13456,1.682000
1719,544783,13456,1.682000
1720,545100,13392,1.674000
1721,545416,13408,1.676000
1722,545733,13344,1.668000
1723,546051,13152,1.644000
1724,546367,13344,1.668000
1725,546685,13280,1.660000
1726,547001,13296,1.662000
1727,547317,13248,1.656000
1728,547635,13296,1.662000
1729,547951,13280,1.660000
1730,548268,13200,1.650000
1731,548585,13232,1.654000
1732,548901,13184,1.648000
1733,549219,13248,1.656000
1734,549536,13168,1.646000
1735,549852,13184,1.648000
1736,550169,13232,1.654000
1737,550486,13232,1.654000
1738,550803,13216,1.652000
1739,551120,13264,1.658000
1740,551437,13232,1.654000
1741,551754,13280,1.660000
1742,552070,13264,1.658000
1743,552387,13328,1.666000
1744,552704,13216,1.652000
1745,553021,13344,1.668000
1746,553337,13408,1.676000
1747,553655,13376,1.672000
1748,553971,13408,1.676000
1749,554288,13456,1.682000
1750,554605,13488,1.686000
1751,554922,13520,1.690000
1752,555238,13520,1.690000
1753,555556,13456,1.682000
1754,555873,13584,1.698000
1755,556190,13552,1.694000
1756,556506,13520,1.690000
1757,556824,13520,1.690000
1758,557140,13568,1.696000
1759,557457,13568,1.696000
1760,557774,13552,1.694000
1761,558090,13568,1.696000
1762,558407,13568,1.696000
1763,558725,13616,1.702000
1764,559041,13568,1.696000
1765,559358,13584,1.698000
1766,559675,13472,1.684000
1767,559992,13568,1.696000
1768,560309,13504,1.688000
1769,560625,13488,1.686000
1770,560943,13488,1.686000
1771,561259,13472,1.684000
1772,561576,13376,1.672000
1773,561893,13440,1.680000
1774,562210,13440,1.680000
1775,562526,13184,1.648000
1776,562844,13344,1.668000
1777,563160,13328,1.666000
1778,563477,13264,1.658000
1779,563794,13264,1.658000
1780,564111,13264,1.658000
1781,564428,13024,1.628000
1782,564745,13232,1.654000
1783,565061,13248,1.656000
1784,565378,13232,1.654000
1785,565695,13248,1.656000
1786,566012,13200,1.650000
1787,566329,13184,1.648000
1788,566646,13024,1.628000
1789,566963,13264,1.658000
1790,567280,13200,1.650000
1791,567596,13216,1.652000
1792,567913,13232,1.654000
1793,568230,13264,1.658000
1794,568547,13088,1.636000
1795,568864,13296,1.662000
1796,569181,13264,1.658000
1797,569497,13296,1.662000
1798,569814,13328,1.666000
1799,570131,13328,1.666000
1800,570448,13440,1.680000
1801,570765,13184,1.648000
1802,571082,13472,1.684000
1803,571399,13440,1.680000
1804,571715,13488,1.686000
1805,572032,13488,1.686000
1806,572349,13472,1.684000
1807,572666,13312,1.664000
1808,572983,13520,1.690000
1809,573300,13616,1.702000
1810,573617,13568,1.696000
1811,573933,13568,1.696000
1812,574250,13616,1.702000
1813,574567,13568,1.696000
1814,574884,13568,1.696000
1815,575201,13616,1.702000
1816,575517,13568,1.696000
1817,575835,13632,1.704000
1818,576151,13520,1.690000
1819,576468,13520,1.690000
1820,576785,13488,1.686000
1821,577102,13440,1.680000
1822,577419,13472,1.684000
1823,577735,13392,1.674000
1824,578052,13376,1.672000
1825,578369,13424,1.678000
1826,578685,13376,1.672000
1827,579003,13376,1.672000
1828,579320,13328,1.666000
1829,579637,13344,1.668000
1830,579953,13328,1.666000
1831,580270,13312,1.664000
1832,580587,13232,1.654000
1833,580904,13264,1.658000
1834,581221,13232,1.654000
1835,581538,13200,1.650000
1836,581854,13216,1.652000
1837,582172,13216,1.652000
1838,582488,13200,1.650000
1839,582805,13200,1.650000
1840,583122,13232,1.654000
1841,583439,13136,1.642000
1842,583756,13184,1.648000
1843,584072,13216,1.652000
1844,584389,13520,1.690000
1845,584706,13232,1.654000
1846,585024,13216,1.652000
1847,585340,13296,1.662000
1848,585657,13264,1.658000
1849,585973,13360,1.670000
1850,586290,13696,1.712000
1851,586608,13312,1.664000
1852,586924,13440,1.680000
1853,587241,13376,1.672000
1854,587558,13456,1.682000
1855,587875,13456,1.682000
1856,588192,13520,1.690000
1857,588508,13712,1.714000
1858,588825,13488,1.686000
1859,589142,13328,1.666000
1860,589459,13552,1.694000
1861,589776,13520,1.690000
1862,590092,13568,1.696000
1863,590410,13872,1.734000
1864,590727,13536,1.692000
1865,591043,13456,1.682000
1866,591360,13600,1.700000
1867,591677,13552,1.694000
1868,591994,13584,1.698000
1869,592311,13568,1.696000
1870,592628,13568,1.696000
1871,592944,13536,1.692000
1872,593261,13344,1.668000
1873,593578,13568,1.696000
1874,593895,13488,1.686000
1875,594212,13504,1.688000
1876,594529,13456,1.682000
1877,594845,13456,1.682000
1878,595163,13280,1.660000
1879,595479,13392,1.674000
1880,595796,13376,1.672000
1881,596113,13376,1.672000
1882,596430,13344,1.668000
1883,596747,13344,1.668000
1884,597064,13376,1.672000
1885,597380,13184,1.648000
1886,597697,13296,1.662000
1887,598014,13248,1.656000
1888,598331,13216,1.652000
1889,598648,13264,1.658000
1890,598965,13264,1.658000
1891,599281,13200,1.650000
1892,599599,13232,1.654000
1893,599915,13216,1.652000
1894,600232,13248,1.656000
1895,600548,13184,1.648000
1896,600866,13216,1.652000
1897,601183,13264,1.658000
1898,601500,13216,1.652000
1899,601816,13296,1.662000
1900,602133,13248,1.656000
1901,602450,13312,1.664000
1902,602767,13344,1.668000
1903,603084,13376,1.672000
1904,603401,13328,1.666000
1905,603718,13392,1.674000
1906,604034,13424,1.678000
1907,604351,13456,1.682000
1908,604669,13440,1.680000
1909,604985,13440,1.680000
1910,605302,13536,1.692000
1911,605619,13584,1.698000
1912,605936,13552,1.694000
1913,606253,13552,1.694000
1914,606569,13552,1.694000
1915,606886,13584,1.698000
1916,607203,13552,1.694000
1917,607520,13600,1.700000
1918,607837,13632,1.704000
1919,608153,13584,1.698000
1920,608471,13552,1.694000
1921,608787,13552,1.694000
1922,609103,13568,1.696000
1923,609421,13552,1.694000
1924,609738,13520,1.690000
1925,610054,13472,1.684000
1926,610371,13520,1.690000
1927,610688,13408,1.676000
1928,611005,13456,1.682000
1929,611322,13440,1.680000
1930,611639,13408,1.676000
1931,611956,13360,1.670000
1932,612273,13424,1.678000
1933,612589,13408,1.676000
1934,612907,13344,1.668000
1935,613223,13328,1.666000
1936,613540,13296,1.662000
1937,613857,13280,1.660000
1938,614174,13280,1.660000
1939,614490,13264,1.658000
1940,614808,13216,1.652000
1941,615124,13232,1.654000
1942,615441,13232,1.654000
1943,615757,13360,1.670000
1944,616075,13200,1.650000
1945,616391,13232,1.654000
1946,616709,13216,1.652000
1947,617025,13136,1.642000
1948,617342,13216,1.652000
1949,617659,13424,1.678000
1950,617976,13280,1.660000
1951,618293,13232,1.654000
1952,618610,13280,1.660000
1953,618926,13280,1.660000
1954,619243,13328,1.666000
1955,619560,13312,1.664000
1956,619877,13424,1.678000
1957,620194,13408,1.676000
1958,620510,13408,1.676000
1959,620828,13424,1.678000
1960,621144,13392,1.674000
1961,621461,13456,1.682000
1962,621778,13584,1.698000
1963,622094,13504,1.688000
1964,622412,13584,1.698000
1965,622729,13504,1.688000
1966,623046,13504,1.688000
1967,623362,13584,1.698000
1968,623679,13584,1.698000
1969,623996,13616,1.702000
1970,624313,13584,1.698000
1971,624630,13552,1.694000
1972,624947,13600,1.700000
1973,625264,13584,1.698000
1974,625581,13536,1.692000
1975,625897,13552,1.694000
1976,626214,13584,1.698000
1977,626531,13552,1.694000
1978,626848,13584,1.698000
1979,627164,13440,1.680000
1980,627482,13456,1.682000
1981,627798,13456,1.682000
1982,628116,13472,1.684000
1983,628432,13488,1.686000
1984,628749,13328,1.666000
1985,629066,13360,1.670000
1986,629383,13328,1.666000
1987,629699,13312,1.664000
1988,630017,13280,1.660000
1989,630334,13216,1.652000
1990,630650,13280,1.660000
1991,630967,13184,1.648000
1992,631284,13264,1.658000
1993,631601,13200,1.650000
1994,631917,13200,1.650000
1995,632234,13184,1.648000
1996,632551,13248,1.656000
1997,632868,13184,1.648000
1998,633185,13200,1.650000
1999,633502,12992,1.624000
2000,633818,13264,1.658000
2001,634136,13264,1.658000
2002,634452,13264,1.658000
2003,634769,13248,1.656000
2004,635085,13264,1.658000
2005,635403,13168,1.646000
2006,635720,13296,1.662000
2007,636037,13328,1.666000
2008,636354,13328,1.666000
2009,636670,13424,1.678000
2010,636987,13376,1.672000
2011,637304,13408,1.676000
2012,637621,13232,1.654000
2013,637937,13440,1.680000
2014,638254,13488,1.686000
2015,638572,13488,1.686000
2016,638888,13456,1.682000
2017,639205,13520,1.690000
2018,639522,13408,1.676000
2019,639839,13520,1.690000
2020,640156,13536,1.692000
2021,640472,13552,1.694000
2022,640789,13552,1.694000
2023,641107,13600,1.700000
2024,641423,13584,1.698000
2025,641740,13328,1.666000
2026,642057,13584,1.698000
2027,642374,13504,1.688000
2028,642691,13568,1.696000
2029,643007,13600,1.700000
2030,643325,13568,1.696000
2031,643641,13392,1.674000
2032,643958,13568,1.696000
2033,644275,13440,1.680000
2034,644592,13408,1.676000
2035,644909,13424,1.678000
2036,645226,13456,1.682000
2037,645542,13344,1.668000
2038,645860,13296,1.662000
2039,646176,13344,1.668000
2040,646493,13408,1.676000
2041,646810,13264,1.658000
2042,647127,13280,1.660000
2043,647443,13232,1.654000
2044,647760,13248,1.656000
2045,648077,13216,1.652000
2046,648394,13248,1.656000
2047,648711,13312,1.664000
2048,649027,13200,1.650000
2049,649344,13200,1.650000
2050,649661,13184,1.648000
2051,649978,13152,1.644000
2052,650295,13216,1.652000
2053,650612,13248,1.656000
2054,650928,13248,1.656000
2055,651246,13216,1.652000
2056,651562,13264,1.658000
2057,651880,13296,1.662000
2058,652197,13280,1.660000
2059,652513,13360,1.670000
2060,652830,13312,1.664000
2061,653147,13424,1.678000
2062,653464,13392,1.674000
2063,653781,13408,1.676000
2064,654097,13456,1.682000
2065,654414,13472,1.684000
2066,654731,13440,1.680000
2067,655048,13472,1.684000
2068,655365,13472,1.684000
2069,655684,13488,1.686000
2070,655998,13600,1.700000
2071,656316,13536,1.692000
2072,656632,13536,1.692000
2073,656949,13584,1.698000
2074,657266,13584,1.698000
2075,657582,13552,1.694000
2076,657900,13552,1.694000
2077,658216,13584,1.698000
2078,658534,13584,1.698000
2079,658850,13568,1.696000
2080,659167,13568,1.696000
2081,659484,13504,1.688000
2082,659801,13568,1.696000
2083,660118,13584,1.698000
2084,660435,13504,1.688000
2085,660751,13456,1.682000
2086,661068,13472,1.684000
2087,661385,13456,1.682000
2088,661702,13344,1.668000
2089,662019,13504,1.688000
2090,662336,13392,1.674000
2091,662652,13408,1.676000
2092,662970,13328,1.666000
2093,663287,13312,1.664000
2094,663603,13280,1.660000
2095,663920,13232,1.654000
2096,664237,13248,1.656000
2097,664553,13216,1.652000
2098,664871,13232,1.654000
2099,665188,13216,1.652000
2100,665504,13216,1.652000
2101,665821,13248,1.656000
2102,666138,13168,1.646000
2103,666455,13184,1.648000
2104,666772,13296,1.662000
2105,667088,13248,1.656000
2106,667405,13264,1.658000
2107,667722,13264,1.658000
2108,668039,13232,1.654000
2109,668356,13264,1.658000
2110,668673,13264,1.658000
2111,668989,13408,1.676000
2112,669306,13328,1.666000
2113,669623,13376,1.672000
2114,669940,13360,1.670000
2115,670257,13296,1.662000
2116,670574,13392,1.674000
2117,670891,13520,1.690000
2118,671208,13408,1.676000
2119,671524,13520,1.690000
2120,671841,13472,1.684000
2121,672158,13488,1.686000
2122,672475,13552,1.694000
2123,672792,13536,1.692000
2124,673108,13632,1.704000
2125,673426,13584,1.698000
2126,673742,13648,1.706000
2127,674059,13616,1.702000
2128,674376,13552,1.694000
2129,674693,13568,1.696000
2130,675010,13744,1.718000
2131,675327,13520,1.690000
2132,675643,13552,1.694000
2133,675961,13536,1.692000
2134,676277,13520,1.690000
2135,676594,13600,1.700000
2136,676911,13504,1.688000
2137,677228,13504,1.688000
2138,677544,13504,1.688000
2139,677861,13440,1.680000
2140,678178,13456,1.682000
2141,678495,13392,1.674000
2142,678812,13376,1.672000
2143,679129,13344,1.668000
2144,679446,13312,1.664000
2145,679763,13312,1.664000
2146,680079,13232,1.654000
2147,680396,13280,1.660000
2148,680714,13232,1.654000
2149,681030,13296,1.662000
2150,681347,13248,1.656000
2151,681664,13216,1.652000
2152,681980,13296,1.662000
2153,682297,13232,1.654000
2154,682614,13232,1.654000
2155,682932,13216,1.652000
2156,683247,13184,1.648000
2157,683565,13168,1.646000
2158,683881,13184,1.648000
2159,684199,13184,1.648000
2160,684515,13232,1.654000
2161,684832,13312,1.664000
2162,685149,13248,1.656000
2163,685466,13360,1.670000
2164,685783,13264,1.658000
2165,686100,13344,1.668000
2166,686417,13328,1.666000
2167,686733,13392,1.674000
2168,687050,13408,1.676000
2169,687367,13360,1.670000
2170,687685,13440,1.680000
2171,688001,13488,1.686000
2172,688318,13520,1.690000
2173,688634,13584,1.698000
2174,688952,13552,1.694000
2175,689269,13520,1.690000
2176,689585,13600,1.700000
2177,689902,13520,1.690000
2178,690219,13600,1.700000
2179,690536,13552,1.694000
2180,690852,13616,1.702000
2181,691170,13632,1.704000
2182,691486,13472,1.684000
2183,691803,13584,1.698000
2184,692120,13584,1.698000
2185,692436,13552,1.694000
2186,692754,13632,1.704000
2187,693070,13552,1.694000
2188,693387,13440,1.680000
2189,693705,13488,1.686000
2190,694021,13488,1.686000
2191,694338,13440,1.680000
2192,694655,13440,1.680000
2193,694972,13504,1.688000
2194,695289,13440,1.680000
2195,695605,13344,1.668000
2196,695922,13328,1.666000
2197,696239,13296,1.662000
2198,696556,13296,1.662000
2199,696873,13248,1.656000
2200,697190,13264,1.658000
2201,697506,13248,1.656000
2202,697823,13232,1.654000
2203,698140,13184,1.648000
2204,698457,13216,1.652000
2205,698774,13200,1.650000
2206,699091,13232,1.654000
2207,699407,13216,1.652000
2208,699725,13184,1.648000
2209,700041,13184,1.648000
2210,700358,13232,1.654000
2211,700675,13200,1.650000
2212,700991,13248,1.656000
2213,701308,13200,1.650000
2214,701626,13248,1.656000
2215,701942,13264,1.658000
2216,702259,13264,1.658000
2217,702576,13312,1.664000
2218,702893,13248,1.656000
2219,703210,13328,1.666000
2220,703526,13408,1.676000
2221,703844,13408,1.676000
2222,704161,13472,1.684000
2223,704477,13424,1.678000
2224,704794,13408,1.676000
2225,705111,13504,1.688000
2226,705428,13504,1.688000
2227,705745,13504,1.688000
2228,706061,13520,1.690000
2229,706379,13520,1.690000
2230,706695,13552,1.694000
2231,707012,13600,1.700000
2232,707329,13600,1.700000
2233,707646,13552,1.694000
2234,707963,13552,1.694000
2235,708279,13568,1.696000
2236,708596,13584,1.698000
2237,708913,13552,1.694000
2238,709229,13584,1.698000
2239,709547,13504,1.688000
2240,709864,13584,1.698000
2241,710180,13568,1.696000
2242,710497,13488,1.686000
2243,710814,13456,1.682000
2244,711131,13424,1.678000
2245,711447,13456,1.682000
2246,711765,13360,1.670000
2247,712081,13376,1.672000
2248,712399,13328,1.666000
2249,712715,13312,1.664000
2250,713032,13296,1.662000
2251,713349,13280,1.660000
2252,713666,13296,1.662000
2253,713983,13312,1.664000
2254,714300,13264,1.658000
2255,714617,13232,1.654000
2256,714934,13216,1.652000
2257,715251,13280,1.660000
2258,715567,13184,1.648000
2259,715884,13216,1.652000
2260,716201,13200,1.650000
2261,716518,13232,1.654000
2262,716835,13296,1.662000
2263,717152,13232,1.654000
2264,717468,13344,1.668000
2265,717785,13216,1.652000
2266,718102,13232,1.654000
2267,718419,13248,1.656000
2268,718736,13328,1.666000
2269,719052,13248,1.656000
2270,719369,13312,1.664000
2271,719686,13344,1.668000
2272,720003,13312,1.664000
2273,720320,13392,1.674000
2274,720637,13440,1.680000
2275,720954,13456,1.682000
2276,721271,13424,1.678000
2277,721588,13488,1.686000
2278,721904,13520,1.690000
2279,722221,13488,1.686000
2280,722538,13552,1.694000
2281,722854,13536,1.692000
2282,723172,13584,1.698000
2283,723489,13584,1.698000
2284,723805,13584,1.698000
2285,724122,13568,1.696000
2286,724439,13584,1.698000
2287,724756,13584,1.698000
2288,725072,13632,1.704000
2289,725390,13584,1.698000
2290,725707,13584,1.698000
2291,726023,13600,1.700000
2292,726340,13536,1.692000
2293,726657,13520,1.690000
2294,726974,13520,1.690000
2295,727291,13504,1.688000
2296,727608,13456,1.682000
2297,727924,13472,1.684000
2298,728241,13360,1.670000
2299,728558,13376,1.672000
2300,728875,13360,1.670000
2301,729192,13408,1.676000
2302,729509,13376,1.672000
2303,729825,13312,1.664000
2304,730143,13296,1.662000
2305,730459,13296,1.662000
2306,730776,13296,1.662000
2307,731093,13296,1.662000
2308,731409,13280,1.660000
2309,731727,13216,1.652000
2310,732043,13264,1.658000
2311,732360,13136,1.642000
2312,732677,13152,1.644000
2313,732994,13152,1.644000
2314,733311,13216,1.652000
2315,733628,13216,1.652000
2316,733945,13216,1.652000
2317,734261,13232,1.654000
2318,734578,13184,1.648000
2319,734895,13248,1.656000
2320,735212,13296,1.662000
2321,735529,13296,1.662000
2322,735846,13312,1.664000
2323,736163,13360,1.670000
2324,736479,13360,1.670000
2325,736796,13360,1.670000
2326,737113,13408,1.676000
2327,737430,13408,1.676000
2328,737747,13424,1.678000
2329,738064,13456,1.682000
2330,738381,13520,1.690000
2331,738698,13488,1.686000
2332,739014,13520,1.690000
2333,739331,13536,1.692000
2334,739648,13600,1.700000
2335,739965,13488,1.686000
2336,740282,13600,1.700000
2337,740599,13568,1.696000
2338,740916,13568,1.696000
2339,741233,13568,1.696000
2340,741549,13584,1.698000
2341,741866,13520,1.690000
2342,742183,13584,1.698000
2343,742500,13552,1.694000
2344,742817,13520,1.690000
2345,743133,13536,1.692000
2346,743450,13504,1.688000
2347,743767,13488,1.686000
2348,744084,13456,1.682000
2349,744401,13472,1.684000
2350,744718,13472,1.684000
2351,745034,13424,1.678000
2352,745352,13312,1.664000
2353,745668,13392,1.674000
2354,745985,13312,1.664000
2355,746302,13312,1.664000
2356,746619,13328,1.666000
2357,746936,13296,1.662000
2358,747253,13280,1.660000
2359,747569,13280,1.660000
2360,747886,13216,1.652000
2361,748203,13216,1.652000
2362,748520,13280,1.660000
2363,748836,13312,1.664000
2364,749154,13168,1.646000
2365,749470,13200,1.650000
2366,749788,13232,1.654000
2367,750104,13232,1.654000
2368,750421,13232,1.654000
2369,750738,13216,1.652000
2370,751054,13232,1.654000
2371,751372,13248,1.656000
2372,751689,13312,1.664000
2373,752005,13280,1.660000
2374,752322,13280,1.660000
2375,752639,13312,1.664000
2376,752955,13408,1.676000
2377,753273,13392,1.674000
2378,753590,13408,1.676000
2379,753907,13392,1.674000
2380,754224,13424,1.678000
2381,754540,13520,1.690000
2382,754857,13424,1.678000
2383,755174,13488,1.686000
2384,755491,13488,1.686000
2385,755807,13456,1.682000
2386,756124,13568,1.696000
2387,756441,13584,1.698000
2388,756758,13552,1.694000
2389,757075,13568,1.696000
2390,757392,13616,1.702000
2391,757709,13632,1.704000
2392,758025,13568,1.696000
2393,758343,13584,1.698000
2394,758659,13616,1.702000
2395,758976,13568,1.696000
2396,759292,13584,1.698000
2397,759610,13552,1.694000
2398,759926,13616,1.702000
2399,760244,13520,1.690000
2400,760560,13488,1.686000
2401,760877,13472,1.684000
2402,761194,13472,1.684000
2403,761511,13392,1.674000
2404,761828,13408,1.676000
2405,762145,13360,1.670000
2406,762461,13424,1.678000
2407,762778,13360,1.670000
2408,763095,13296,1.662000
2409,763412,13296,1.662000
2410,763729,13328,1.666000
2411,764046,13248,1.656000
2412,764363,13312,1.664000
2413,764679,13232,1.654000
2414,764996,13232,1.654000
2415,765313,13280,1.660000
2416,765630,13216,1.652000
2417,765947,13200,1.650000
2418,766264,13200,1.650000
2419,766580,13232,1.654000
2420,766897,13184,1.648000
2421,767214,13168,1.646000
2422,767531,13216,1.652000
2423,767848,13232,1.654000
2424,768165,13280,1.660000
2425,768482,13264,1.658000
2426,768799,13328,1.666000
2427,769115,13312,1.664000
2428,769432,13360,1.670000
2429,769749,13344,1.668000
2430,770065,13360,1.670000
2431,770383,13360,1.670000
2432,770700,13456,1.682000
2433,771017,13456,1.682000
2434,771334,13472,1.684000
2435,771650,13488,1.686000
2436,771967,13488,1.686000
2437,772284,13536,1.692000
2438,772601,13600,1.700000
2439,772918,13552,1.694000
2440,773234,13648,1.706000
2441,773552,13664,1.708000
2442,773868,13568,1.696000
2443,774185,13584,1.698000
2444,774502,13600,1.700000
2445,774819,13616,1.702000
2446,775136,13584,1.698000
2447,775453,13536,1.692000
2448,775769,13600,1.700000
2449,776086,13552,1.694000
2450,776403,13488,1.686000
2451,776720,13520,1.690000
2452,777037,13520,1.690000
2453,777354,13456,1.682000
2454,777671,13456,1.682000
2455,777987,13376,1.672000
2456,778304,13408,1.676000
2457,778621,13440,1.680000
2458,778938,13360,1.670000
2459,779255,13312,1.664000
2460,779572,13344,1.668000
2461,779889,13360,1.670000
2462,780206,13264,1.658000
2463,780522,13312,1.664000
2464,780839,13232,1.654000
2465,781156,13232,1.654000
2466,781473,13296,1.662000
2467,781789,13248,1.656000
2468,782107,13184,1.648000
2469,782423,13184,1.648000
2470,782740,13200,1.650000
2471,783057,13168,1.646000
2472,783374,13200,1.650000
2473,783690,13200,1.650000
2474,784008,13248,1.656000
2475,784325,13264,1.658000
2476,784641,13328,1.666000
2477,784958,13264,1.658000
2478,785275,13280,1.660000
2479,785592,13280,1.660000
2480,785909,13296,1.662000
2481,786226,13312,1.664000
2482,786542,13360,1.670000
2483,786859,13424,1.678000
2484,787176,13408,1.676000
2485,787493,13488,1.686000
2486,787810,13408,1.676000
2487,788126,13456,1.682000
2488,788444,13456,1.682000
2489,788760,13504,1.688000
2490,789077,13488,1.686000
2491,789394,13536,1.692000
2492,789711,13552,1.694000
2493,790028,13536,1.692000
2494,790345,13552,1.694000
2495,790661,13600,1.700000
2496,790978,13552,1.694000
2497,791295,13552,1.694000
2498,791612,13600,1.700000
2499,791929,13632,1.704000
2500,792246,13568,1.696000
2501,792563,13552,1.694000
2502,792880,13600,1.700000
2503,793197,13504,1.688000
2504,793513,13488,1.686000
2505,793830,13568,1.696000
2506,794146,13376,1.672000
2507,794464,13424,1.678000
2508,794781,13440,1.680000
2509,795097,13360,1.670000
2510,795415,13408,1.676000
2511,795731,13408,1.676000
2512,796048,13392,1.674000
2513,796365,13280,1.660000
2514,796685,13296,1.662000
2515,796999,13296,1.662000
2516,797316,13248,1.656000
2517,797632,13232,1.654000
2518,797949,13280,1.660000
2519,798266,13232,1.654000
2520,798583,13248,1.656000
2521,798900,13200,1.650000
2522,799217,13152,1.644000
2523,799533,13200,1.650000
2524,799850,13200,1.650000
2525,800167,13248,1.656000
2526,800484,13232,1.654000
2527,800801,13248,1.656000
2528,801118,13216,1.652000
2529,801434,13280,1.660000
2530,801752,13280,1.660000
2531,802068,13280,1.660000
2532,802386,13312,1.664000
2533,802702,13312,1.664000
2534,803019,13328,1.666000
2535,803336,13392,1.674000
2536,803652,13424,1.678000
2537,803970,13328,1.666000
2538,804286,13424,1.678000
2539,804603,13424,1.678000
2540,804920,13504,1.688000
2541,805237,13520,1.690000
2542,805554,13584,1.698000
2543,805871,13552,1.694000
2544,806188,13520,1.690000
2545,806504,13600,1.700000
2546,806821,13568,1.696000
2547,807138,13568,1.696000
2548,807455,13568,1.696000
2549,807772,13632,1.704000
2550,808088,13584,1.698000
2551,808405,13568,1.696000
2552,808722,13568,1.696000
2553,809039,13568,1.696000
2554,809356,13520,1.690000
2555,809673,13504,1.688000
2556,809990,13504,1.688000
2557,810307,13472,1.684000
2558,810623,13520,1.690000
2559,810940,13520,1.690000
2560,811257,13424,1.678000
2561,811574,13392,1.674000
2562,811891,13408,1.676000
2563,812208,13328,1.666000
2564,812525,13344,1.668000
2565,812841,13360,1.670000
2566,813158,13312,1.664000
2567,813475,13296,1.662000
2568,813792,13248,1.656000
2569,814108,13248,1.656000
2570,814426,13232,1.654000
2571,814743,13232,1.654000
2572,815059,13216,1.652000
2573,815376,13200,1.650000
2574,815693,13232,1.654000
2575,816010,13216,1.652000
2576,816327,13216,1.652000
2577,816644,13216,1.652000
2578,816961,13168,1.646000
2579,817277,13168,1.646000
2580,817594,13184,1.648000
2581,817911,13264,1.658000
2582,818228,13280,1.660000
2583,818545,13328,1.666000
2584,818861,13344,1.668000
2585,819179,13312,1.664000
2586,819495,13344,1.668000
2587,819812,13328,1.666000
2588,820129,13360,1.670000
2589,820446,13408,1.676000
2590,820763,13360,1.670000
2591,821079,13424,1.678000
2592,821396,13440,1.680000
2593,821713,13504,1.688000
2594,822030,13504,1.688000
2595,822347,13504,1.688000
2596,822664,13568,1.696000
2597,822980,13568,1.696000
2598,823298,13568,1.696000
2599,823614,13536,1.692000
2600,823931,13584,1.698000
2601,824248,13616,1.702000
2602,824565,13632,1.704000
2603,824882,13584,1.698000
2604,825199,13552,1.694000
2605,825515,13584,1.698000
2606,825832,13552,1.694000
2607,826149,13584,1.698000
2608,826466,13488,1.686000
2609,826783,13456,1.682000
2610,827100,13520,1.690000
2611,827417,13472,1.684000
2612,827733,13456,1.682000
2613,828050,13440,1.680000
2614,828367,13392,1.674000
2615,828685,13424,1.678000
2616,829001,13392,1.674000
2617,829318,13280,1.660000
2618,829635,13360,1.670000
2619,829951,13328,1.666000
2620,830268,13232,1.654000
2621,830585,13376,1.672000
2622,830901,13200,1.650000
2623,831219,13312,1.664000
2624,831536,13296,1.662000
2625,831852,13232,1.654000
2626,832169,13216,1.652000
2627,832486,13200,1.650000
2628,832803,13248,1.656000
2629,833120,13248,1.656000
2630,833436,13248,1.656000
2631,833754,13152,1.644000
2632,834070,13216,1.652000
2633,834387,13264,1.658000
2634,834705,13264,1.658000
2635,835021,13264,1.658000
2636,835338,13264,1.658000
2637,835655,13328,1.666000
2638,835972,13360,1.670000
2639,836289,13344,1.668000
2640,836605,13408,1.676000
2641,836922,13392,1.674000
2642,837239,13424,1.678000
2643,837556,13488,1.686000
2644,837873,13472,1.684000
2645,838190,13488,1.686000
2646,838506,13536,1.692000
2647,838824,13520,1.690000
2648,839140,13552,1.694000
2649,839457,13504,1.688000
2650,839774,13552,1.694000
2651,840091,13536,1.692000
2652,840407,13568,1.696000
2653,840725,13600,1.700000
2654,841041,13536,1.692000
2655,841358,13568,1.696000
2656,841675,13568,1.696000
2657,841992,13552,1.694000
2658,842309,13584,1.698000
2659,842625,13536,1.692000
2660,842943,13552,1.694000
2661,843260,13504,1.688000
2662,843576,13504,1.688000
2663,843893,13504,1.688000
2664,844210,13456,1.682000
2665,844526,13488,1.686000
2666,844844,13472,1.684000
2667,845160,13392,1.674000
2668,845477,13392,1.674000
2669,845793,13360,1.670000
2670,846111,13328,1.666000
2671,846428,13296,1.662000
2672,846745,13328,1.666000
2673,847061,13392,1.674000
2674,847378,13216,1.652000
2675,847695,13296,1.662000
2676,848011,13152,1.644000
2677,848329,13232,1.654000
2678,848646,13200,1.650000
2679,848963,13232,1.654000
2680,849280,13216,1.652000
2681,849596,13232,1.654000
2682,849914,13264,1.658000
2683,850230,13264,1.658000
2684,850547,13184,1.648000
2685,850864,13232,1.654000
2686,851181,13296,1.662000
2687,851497,13264,1.658000
2688,851814,13264,1.658000
2689,852131,13328,1.666000
2690,852448,13392,1.674000
2691,852765,13344,1.668000
2692,853082,13408,1.676000
2693,853399,13360,1.670000
2694,853716,13408,1.676000
2695,854032,13392,1.674000
2696,854349,13440,1.680000
2697,854666,13440,1.680000
2698,854983,13440,1.680000
2699,855300,13536,1.692000
2700,855616,13520,1.690000
2701,855933,13504,1.688000
2702,856251,13568,1.696000
2703,856567,13520,1.690000
2704,856884,13616,1.702000
2705,857201,13584,1.698000
2706,857518,13584,1.698000
2707,857834,13584,1.698000
2708,858152,13616,1.702000
2709,858468,13568,1.696000
2710,858785,13552,1.694000
2711,859102,13600,1.700000
2712,859419,13520,1.690000
2713,859736,13488,1.686000
2714,860052,13568,1.696000
2715,860369,13440,1.680000
2716,860685,13488,1.686000
2717,861003,13456,1.682000
2718,861320,13472,1.684000
2719,861637,13456,1.682000
2720,861953,13440,1.680000
2721,862271,13376,1.672000
2722,862587,13376,1.672000
2723,862904,13312,1.664000
2724,863221,13328,1.666000
2725,863538,13408,1.676000
2726,863855,13264,1.658000
2727,864172,13280,1.660000
2728,864488,13200,1.650000
2729,864805,13216,1.652000
2730,865122,13184,1.648000
2731,865439,13168,1.646000
2732,865756,13200,1.650000
2733,866073,13200,1.650000
2734,866389,13184,1.648000
2735,866706,13248,1.656000
2736,867023,13200,1.650000
2737,867340,13216,1.652000
2738,867657,13248,1.656000
2739,867974,13232,1.654000
2740,868291,13216,1.652000
2741,868607,13248,1.656000
2742,868924,13280,1.660000
2743,869242,13328,1.666000
2744,869558,13312,1.664000
2745,869875,13312,1.664000
2746,870192,13424,1.678000
2747,870509,13408,1.676000
2748,870825,13456,1.682000
2749,871143,13536,1.692000
2750,871459,13472,1.684000
2751,871776,13456,1.682000
2752,872093,13456,1.682000
2753,872410,13584,1.698000
2754,872727,13504,1.688000
2755,873043,13616,1.702000
2756,873360,13536,1.692000
2757,873677,13536,1.692000
2758,873994,13600,1.700000
2759,874311,13600,1.700000
2760,874628,13536,1.692000
2761,874944,13616,1.702000
2762,875261,13568,1.696000
2763,875578,13520,1.690000
2764,875895,13536,1.692000
2765,876212,13488,1.686000
2766,876529,13600,1.700000
2767,876846,13504,1.688000
2768,877163,13520,1.690000
2769,877480,13456,1.682000
2770,877796,13456,1.682000
2771,878113,13424,1.678000
2772,878430,13440,1.680000
2773,878747,13376,1.672000
2774,879064,13424,1.678000
2775,879381,13392,1.674000
2776,879697,13312,1.664000
2777,880014,13328,1.666000
2778,880331,13264,1.658000
2779,880648,13248,1.656000
2780,880965,13296,1.662000
2781,881282,13280,1.660000
2782,881599,13232,1.654000
2783,881916,13200,1.650000
2784,882232,13200,1.650000
2785,882549,13216,1.652000
2786,882866,13200,1.650000
2787,883183,13200,1.650000
2788,883500,13184,1.648000
2789,883816,13200,1.650000
2790,884133,13216,1.652000
2791,884450,13232,1.654000
2792,884767,13264,1.658000
2793,885084,13264,1.658000
2794,885401,13296,1.662000
2795,885717,13360,1.670000
2796,886035,13312,1.664000
2797,886351,13328,1.666000
2798,886668,13376,1.672000
2799,886985,13424,1.678000
2800,887302,13424,1.678000
2801,887619,13392,1.674000
2802,887935,13440,1.680000
2803,888252,13504,1.688000
2804,888569,13504,1.688000
2805,888887,13472,1.684000
2806,889202,13568,1.696000
2807,889520,13552,1.694000
2808,889837,13568,1.696000
2809,890153,13568,1.696000
2810,890471,13600,1.700000
2811,890787,13600,1.700000
2812,891104,13584,1.698000
2813,891421,13568,1.696000
2814,891738,13632,1.704000
2815,892055,13536,1.692000
2816,892372,13536,1.692000
2817,892688,13488,1.686000
2818,893005,13504,1.688000
2819,893322,13488,1.686000
2820,893639,13504,1.688000
2821,893956,13456,1.682000
2822,894273,13456,1.682000
2823,894590,13456,1.682000
2824,894907,13440,1.680000
2825,895224,13344,1.668000
2826,895540,13328,1.666000
2827,895857,13376,1.672000
2828,896174,13328,1.666000
2829,896491,13328,1.666000
2830,896808,13280,1.660000
2831,897124,13232,1.654000
2832,897441,13232,1.654000
2833,897758,13232,1.654000
2834,898075,13232,1.654000
2835,898392,13216,1.652000
2836,898709,13216,1.652000
2837,899026,13136,1.642000
2838,899343,13200,1.650000
2839,899659,13216,1.652000
2840,899976,13216,1.652000
2841,900293,13168,1.646000
2842,900610,13216,1.652000
2843,900927,13136,1.642000
2844,901244,13216,1.652000
2845,901560,13280,1.660000
2846,901877,13296,1.662000
2847,902194,13296,1.662000
2848,902511,13312,1.664000
2849,902828,13312,1.664000
2850,903145,13376,1.672000
2851,903462,13344,1.668000
2852,903778,13392,1.674000
2853,904095,13424,1.678000
2854,904412,13424,1.678000
2855,904729,13504,1.688000
2856,905046,13472,1.684000
2857,905362,13536,1.692000
2858,905684,13504,1.688000
2859,905996,13568,1.696000
2860,906313,13584,1.698000
2861,906630,13568,1.696000
2862,906946,13568,1.696000
2863,907264,13584,1.698000
2864,907581,13552,1.694000
2865,907898,13648,1.706000
2866,908215,13568,1.696000
2867,908531,13632,1.704000
2868,908848,13600,1.700000
2869,909165,13568,1.696000
2870,909482,13520,1.690000
2871,909798,13520,1.690000
2872,910116,13472,1.684000
2873,910432,13536,1.692000
2874,910749,13456,1.682000
2875,911066,13488,1.686000
2876,911383,13408,1.676000
2877,911700,13424,1.678000
2878,912016,13344,1.668000
2879,912333,13312,1.664000
2880,912650,13328,1.666000
2881,912967,13344,1.668000
2882,913284,13296,1.662000
2883,913601,13264,1.658000
2884,913918,13264,1.658000
2885,914235,13232,1.654000
2886,914551,13280,1.660000
2887,914868,13280,1.660000
2888,915185,13264,1.658000
2889,915501,13232,1.654000
2890,915819,13168,1.646000
2891,916136,13184,1.648000
2892,916453,13184,1.648000
2893,916770,13184,1.648000
2894,917086,13296,1.662000
2895,917403,13200,1.650000
2896,917720,13248,1.656000
2897,918037,13248,1.656000
2898,918354,13296,1.662000
2899,918670,13296,1.662000
2900,918987,13344,1.668000
2901,919304,13296,1.662000
2902,919621,13328,1.666000
2903,919937,13376,1.672000
2904,920255,13296,1.662000
2905,920572,13440,1.680000
2906,920889,13488,1.686000
2907,921206,13488,1.686000
2908,921522,13456,1.682000
2909,921839,13488,1.686000
2910,922156,13536,1.692000
2911,922473,13520,1.690000
2912,922790,13504,1.688000
2913,923106,13568,1.696000
2914,923424,13568,1.696000
2915,923740,13552,1.694000
2916,924057,13584,1.698000
2917,924374,13584,1.698000
2918,924691,13584,1.698000
2919,925007,13568,1.696000
2920,925324,13568,1.696000
2921,925641,13584,1.698000
2922,925958,13536,1.692000
2923,926275,13600,1.700000
2924,926592,13552,1.694000
2925,926909,13536,1.692000
2926,927226,13472,1.684000
2927,927542,13456,1.682000
2928,927859,13456,1.682000
2929,928176,13392,1.674000
2930,928493,13408,1.676000
2931,928810,13392,1.674000
2932,929126,13376,1.672000
2933,929444,13376,1.672000
2934,929760,13328,1.666000
2935,930077,13312,1.664000
2936,930394,13280,1.660000
2937,930711,13232,1.654000
2938,931028,13280,1.660000
2939,931345,13280,1.660000
2940,931661,13200,1.650000
2941,931979,13200,1.650000
2942,932296,13216,1.652000
2943,932612,13184,1.648000
2944,932929,13232,1.654000
2945,933246,13200,1.650000
2946,933562,13152,1.644000
2947,933879,13216,1.652000
2948,934196,13232,1.654000
2949,934513,13232,1.654000
2950,934829,13280,1.660000
2951,935147,13280,1.660000
2952,935464,13280,1.660000
2953,935780,13328,1.666000
2954,936098,13376,1.672000
2955,936414,13344,1.668000
2956,936731,13376,1.672000
2957,937048,13328,1.666000
2958,937365,13424,1.678000
2959,937685,13376,1.672000
2960,937999,13424,1.678000
2961,938316,13488,1.686000
2962,938632,13504,1.688000
2963,938949,13472,1.684000
2964,939266,13520,1.690000
2965,939583,13568,1.696000
2966,939900,13600,1.700000
2967,940217,13568,1.696000
2968,940533,13600,1.700000
2969,940850,13600,1.700000
2970,941167,13648,1.706000
2971,941484,13520,1.690000
2972,941801,13568,1.696000
2973,942117,13536,1.692000
2974,942434,13584,1.698000
2975,942751,13552,1.694000
2976,943068,13552,1.694000
2977,943385,13552,1.694000
2978,943702,13504,1.688000
2979,944019,13488,1.686000
2980,944336,13504,1.688000
2981,944652,13408,1.676000
2982,944970,13424,1.678000
2983,945286,13408,1.676000
2984,945603,13344,1.668000
2985,945920,13296,1.662000
2986,946237,13344,1.668000
2987,946553,13296,1.662000
2988,946871,13264,1.658000
2989,947188,13296,1.662000
2990,947504,13264,1.658000
2991,947821,13248,1.656000
2992,948137,13184,1.648000
2993,948455,13216,1.652000
2994,948772,13168,1.646000
2995,949088,13168,1.646000
2996,949405,13152,1.644000
2997,949722,13216,1.652000
2998,950038,13216,1.652000
2999,950356,13168,1.646000
3000,950673,13280,1.660000
3001,950989,13216,1.652000
3002,951307,13200,1.650000
3003,951623,13232,1.654000
3004,951940,13296,1.662000
3005,952257,13264,1.658000
3006,952574,13328,1.666000
3007,952891,13344,1.668000
3008,953207,13360,1.670000
3009,953524,13328,1.666000
3010,953841,13440,1.680000
3011,954158,13424,1.678000
3012,954475,13488,1.686000
3013,954792,13472,1.684000
3014,955108,13488,1.686000
3015,955426,13472,1.684000
3016,955743,13536,1.692000
3017,956059,13568,1.696000
3018,956376,13552,1.694000
3019,956693,13584,1.698000
3020,957010,13584,1.698000
3021,957327,13552,1.694000
3022,957643,13568,1.696000
3023,957961,13600,1.700000
3024,958277,13568,1.696000
3025,958594,13600,1.700000
3026,958911,13568,1.696000
3027,959228,13584,1.698000
3028,959545,13520,1.690000
3029,959861,13568,1.696000
3030,960179,13504,1.688000
3031,960496,13472,1.684000
3032,960812,13472,1.684000
3033,961129,13440,1.680000
3034,961445,13440,1.680000
3035,961762,13488,1.686000
3036,962079,13392,1.674000
3037,962396,13360,1.670000
3038,962713,13312,1.664000
3039,963029,13344,1.668000
3040,963347,13216,1.652000
3041,963664,13216,1.652000
3042,963980,13248,1.656000
3043,964297,13248,1.656000
3044,964614,13248,1.656000
3045,964931,13168,1.646000
3046,965248,13184,1.648000
3047,965565,13184,1.648000
3048,965881,13200,1.650000
3049,966198,13264,1.658000
3050,966516,13200,1.650000
3051,966832,13232,1.654000
3052,967149,13168,1.646000
3053,967465,13264,1.658000
3054,967783,13248,1.656000
3055,968099,13184,1.648000
3056,968417,13328,1.666000
3057,968733,13264,1.658000
3058,969050,13264,1.658000
3059,969367,13328,1.666000
3060,969686,13344,1.668000
3061,970000,13344,1.668000
3062,970317,13408,1.676000
3063,970635,13424,1.678000
3064,970951,13440,1.680000
3065,971268,13408,1.676000
3066,971585,13488,1.686000
3067,971902,13488,1.686000
3068,972219,13520,1.690000
3069,972535,13504,1.688000
3070,972852,13600,1.700000
3071,973169,13536,1.692000
3072,973486,13536,1.692000
3073,973803,13520,1.690000
3074,974120,13568,1.696000
3075,974437,13600,1.700000
3076,974753,13584,1.698000
3077,975070,13568,1.696000
3078,975388,13520,1.690000
3079,975704,13584,1.698000
3080,976021,13536,1.692000
3081,976338,13568,1.696000
3082,976655,13536,1.692000
3083,976971,13584,1.698000
3084,977288,13440,1.680000
3085,977605,13488,1.686000
3086,977921,13456,1.682000
3087,978239,13440,1.680000
3088,978556,13376,1.672000
3089,978872,13360,1.670000
3090,979190,13296,1.662000
3091,979506,13312,1.664000
3092,979823,13264,1.658000
3093,980140,13344,1.668000
3094,980457,13264,1.658000
3095,980774,13248,1.656000
3096,981090,13280,1.660000
3097,981408,13232,1.654000
3098,981724,13184,1.648000
3099,982040,13264,1.658000
3100,982358,13216,1.652000
3101,982675,13232,1.654000
3102,982992,13200,1.650000
3103,983309,13216,1.652000
3104,983625,13232,1.654000
3105,983942,13232,1.654000
3106,984258,13232,1.654000
3107,984576,13200,1.650000
3108,984893,13232,1.654000
3109,985210,13312,1.664000
3110,985526,13328,1.666000
3111,985844,13312,1.664000
3112,986160,13344,1.668000
3113,986477,13328,1.666000
3114,986794,13376,1.672000
3115,987111,13392,1.674000
3116,987428,13440,1.680000
3117,987744,13472,1.684000
3118,988061,13472,1.684000
3119,988378,13472,1.684000
3120,988694,13504,1.688000
3121,989012,13472,1.684000
3122,989329,13536,1.692000
3123,989646,13520,1.690000
3124,989962,13600,1.700000
3125,990280,13568,1.696000
3126,990596,13600,1.700000
3127,990913,13616,1.702000
3128,991230,13520,1.690000
3129,991547,13616,1.702000
3130,991864,13552,1.694000
3131,992180,13552,1.694000
3132,992497,13584,1.698000
3133,992814,13568,1.696000
3134,993131,13552,1.694000
3135,993448,13504,1.688000
3136,993765,13504,1.688000
3137,994081,13504,1.688000
3138,994398,13440,1.680000
3139,994715,13424,1.678000
3140,995032,13408,1.676000
3141,995349,13360,1.670000
3142,995666,13360,1.670000
3143,995983,13392,1.674000
3144,996299,13328,1.666000
3145,996616,13360,1.670000
3146,996934,13280,1.660000
3147,997250,13312,1.664000
3148,997567,13216,1.652000
3149,997884,13200,1.650000
3150,998201,13232,1.654000
3151,998517,13264,1.658000
3152,998834,13248,1.656000
3153,999151,13200,1.650000
3154,999468,13136,1.642000
3155,999785,13232,1.654000
