sample,timestamp_us,raw,voltage_V
0,114,13360,1.670000
1,431,13392,1.674000
2,747,13424,1.678000
3,1065,13408,1.676000
4,1382,13424,1.678000
5,1698,13392,1.674000
6,2015,13488,1.686000
7,2332,13440,1.680000
8,2649,13376,1.672000
9,2966,13376,1.672000
10,3282,13392,1.674000
11,3600,13424,1.678000
12,3916,13360,1.670000
13,4233,13504,1.688000
14,4550,13408,1.676000
15,4866,13408,1.676000
16,5184,13360,1.670000
17,5501,13424,1.678000
18,5817,13408,1.676000
19,6134,13408,1.676000
20,6450,13408,1.676000
21,6768,13360,1.670000
22,7084,13408,1.676000
23,7402,13456,1.682000
24,7719,13376,1.672000
25,8035,13424,1.678000
26,8352,13424,1.678000
27,8669,13376,1.672000
28,8986,13456,1.682000
29,9302,13440,1.680000
30,9620,13376,1.672000
31,9937,13376,1.672000
32,10253,13408,1.676000
33,10570,13408,1.676000
34,10887,13408,1.676000
35,11204,13392,1.674000
36,11521,13392,1.674000
37,11838,13344,1.668000
38,12155,13424,1.678000
39,12471,13328,1.666000
40,12788,13344,1.668000
41,13105,13408,1.676000
42,13422,13392,1.674000
43,13738,13360,1.670000
44,14056,13360,1.670000
45,14373,13376,1.672000
46,14689,13376,1.672000
47,15007,13408,1.676000
48,15323,13408,1.676000
49,15640,13392,1.674000
50,15957,13328,1.666000
51,16274,13344,1.668000
52,16590,13424,1.678000
53,16908,13408,1.676000
54,17224,13408,1.676000
55,17541,13424,1.678000
56,17858,13440,1.680000
57,18175,13408,1.676000
58,18492,13424,1.678000
59,18809,13472,1.684000
60,19125,13424,1.678000
61,19442,13392,1.674000
62,19758,13456,1.682000
63,20076,13456,1.682000
64,20392,13424,1.678000
65,20709,13408,1.676000
66,21026,13440,1.680000
67,21344,13392,1.674000
68,21660,13424,1.678000
69,21977,13456,1.682000
70,22294,13376,1.672000
71,22611,13424,1.678000
72,22928,13408,1.676000
73,23244,13408,1.676000
74,23562,13504,1.688000
75,23878,13408,1.676000
76,24195,13472,1.684000
77,24512,13392,1.674000
78,24829,13424,1.678000
79,25145,13456,1.682000
80,25463,13392,1.674000
81,25779,13376,1.672000
82,26096,13408,1.676000
83,26413,13408,1.676000
84,26730,13392,1.674000
85,27046,13344,1.668000
86,27363,13360,1.670000
87,27685,13408,1.676000
88,27997,13392,1.674000
89,28314,13392,1.674000
90,28631,13408,1.676000
91,28948,13328,1.666000
92,29265,13424,1.678000
93,29581,13392,1.674000
94,29898,13344,1.668000
95,30215,13328,1.666000
96,30532,13344,1.668000
97,30848,13456,1.682000
98,31166,13408,1.676000
99,31483,13376,1.672000
100,31799,13376,1.672000
101,32117,13408,1.676000
102,32433,13456,1.682000
103,32750,13440,1.680000
104,33067,13408,1.676000
105,33384,13408,1.676000
106,33701,13376,1.672000
107,34018,13440,1.680000
108,34335,13424,1.678000
109,34651,13408,1.676000
110,34968,13392,1.674000
111,35285,13392,1.674000
112,35602,13424,1.678000
113,35919,13440,1.680000
114,36236,13440,1.680000
115,36552,13456,1.682000
116,36869,13424,1.678000
117,37186,13376,1.672000
118,37503,13472,1.684000
119,37820,13360,1.670000
120,38137,13392,1.674000
121,38454,13440,1.680000
122,38770,13424,1.678000
123,39087,13376,1.672000
124,39404,13392,1.674000
125,39721,13408,1.676000
126,40037,13440,1.680000
127,40355,13376,1.672000
128,40672,13344,1.668000
129,40989,13376,1.672000
130,41306,13312,1.664000
131,41622,13360,1.670000
132,41938,13376,1.672000
133,42256,13328,1.666000
134,42573,13424,1.678000
135,42890,13360,1.670000
136,43207,13344,1.668000
137,43523,13424,1.678000
138,43840,13408,1.676000
139,44157,13328,1.666000
140,44474,13440,1.680000
141,44791,13360,1.670000
142,45108,13408,1.676000
143,45424,13408,1.676000
144,45741,13408,1.676000
145,46058,13360,1.670000
146,46375,13328,1.666000
147,46692,13392,1.674000
148,47009,13440,1.680000
149,47325,13392,1.674000
150,47643,13408,1.676000
151,47959,13376,1.672000
152,48276,13376,1.672000
153,48593,13408,1.676000
154,48910,13360,1.670000
155,49227,13408,1.676000
156,49544,13424,1.678000
157,49860,13424,1.678000
158,50178,13440,1.680000
159,50494,13408,1.676000
160,50811,13376,1.672000
161,51128,13408,1.676000
162,51445,13424,1.678000
163,51761,13440,1.680000
164,52079,13440,1.680000
165,52395,13456,1.682000
166,52712,13408,1.676000
167,53029,13424,1.678000
168,53346,13392,1.674000
169,53663,13392,1.674000
170,53980,13376,1.672000
171,54297,13392,1.674000
172,54613,13456,1.682000
173,54930,13408,1.676000
174,55247,13408,1.676000
175,55564,13424,1.678000
176,55881,13360,1.670000
177,56198,13408,1.676000
178,56514,13376,1.672000
179,56832,13408,1.676000
180,57148,13392,1.674000
181,57465,13504,1.688000
182,57782,13360,1.670000
183,58099,13408,1.676000
184,58416,13376,1.672000
185,58732,13392,1.674000
186,59049,13408,1.676000
187,59366,13344,1.668000
188,59686,13424,1.678000
189,60000,13392,1.674000
190,60317,13424,1.678000
191,60634,13360,1.670000
192,60950,13360,1.670000
193,61268,13408,1.676000
194,61584,13376,1.672000
195,61901,13408,1.676000
196,62218,13424,1.678000
197,62535,13392,1.674000
198,62852,13376,1.672000
199,63168,13376,1.672000
200,63486,13424,1.678000
201,63802,13376,1.672000
202,64119,13360,1.670000
203,64436,13408,1.676000
204,64753,13440,1.680000
205,65070,13360,1.670000
206,65387,13392,1.674000
207,65703,13376,1.672000
208,66020,13360,1.670000
209,66337,13376,1.672000
210,66654,13360,1.670000
211,66971,13424,1.678000
212,67288,13408,1.676000
213,67605,13408,1.676000
214,67921,13424,1.678000
215,68238,13376,1.672000
216,68555,13392,1.674000
217,68871,13408,1.676000
218,69189,13456,1.682000
219,69506,13456,1.682000
220,69823,13392,1.674000
221,70139,13424,1.678000
222,70456,13488,1.686000
223,70773,13472,1.684000
224,71090,13440,1.680000
225,71406,13440,1.680000
226,71724,13360,1.670000
227,72040,13472,1.684000
228,72357,13440,1.680000
229,72674,13408,1.676000
230,72991,13376,1.672000
231,73308,13456,1.682000
232,73625,13456,1.682000
233,73942,13424,1.678000
234,74259,13408,1.676000
235,74575,13360,1.670000
236,74892,13360,1.670000
237,75209,13456,1.682000
238,75526,13472,1.684000
239,75843,13376,1.672000
240,76159,13392,1.674000
241,76477,13376,1.672000
242,76793,13376,1.672000
243,77110,13360,1.670000
244,77427,13360,1.670000
245,77744,13408,1.676000
246,78061,13408,1.676000
247,78378,13440,1.680000
248,78694,13392,1.674000
249,79012,13424,1.678000
250,79328,13392,1.674000
251,79645,13200,1.650000
252,79962,13408,1.676000
253,80278,13376,1.672000
254,80596,13408,1.676000
255,80913,13440,1.680000
256,81229,13360,1.670000
257,81546,13376,1.672000
258,81863,13360,1.670000
259,82180,13344,1.668000
260,82497,13392,1.674000
261,82814,13392,1.674000
262,83130,13488,1.686000
263,83448,13312,1.664000
264,83764,13408,1.676000
265,84081,13424,1.678000
266,84398,13408,1.676000
267,84715,13424,1.678000
268,85031,13408,1.676000
269,85348,13424,1.678000
270,85665,13424,1.678000
271,85982,13344,1.668000
272,86299,13376,1.672000
273,86616,13424,1.678000
274,86933,13376,1.672000
275,87250,13424,1.678000
276,87567,13440,1.680000
277,87883,13424,1.678000
278,88200,13376,1.672000
279,88517,13440,1.680000
280,88834,13360,1.670000
281,89151,13344,1.668000
282,89467,13344,1.668000
283,89784,13408,1.676000
284,90101,13392,1.674000
285,90418,13424,1.678000
286,90735,13392,1.674000
287,91052,13424,1.678000
288,91369,13392,1.674000
289,91687,13376,1.672000
290,92002,13360,1.670000
291,92319,13392,1.674000
292,92637,13424,1.678000
293,92953,13424,1.678000
294,93270,13232,1.654000
295,93587,13360,1.670000
296,93903,13360,1.670000
297,94220,13392,1.674000
298,94538,13392,1.674000
299,94854,13376,1.672000
300,95171,13520,1.690000
301,95487,13344,1.668000
302,95805,13424,1.678000
303,96122,13408,1.676000
304,96438,13328,1.666000
305,96755,13344,1.668000
306,97073,13408,1.676000
307,97390,13520,1.690000
308,97706,13408,1.676000
309,98023,13312,1.664000
310,98340,13328,1.666000
311,98656,13376,1.672000
312,98974,13424,1.678000
313,99290,13552,1.694000
314,99608,13424,1.678000
315,99924,13168,1.646000
316,100241,13376,1.672000
317,100558,13440,1.680000
318,100874,13376,1.672000
319,101191,13424,1.678000
320,101508,13408,1.676000
321,101825,13392,1.674000
322,102142,13360,1.670000
323,102459,13360,1.670000
324,102775,13440,1.680000
325,103093,13392,1.674000
326,103410,13440,1.680000
327,103726,13360,1.670000
328,104043,13392,1.674000
329,104360,13408,1.676000
330,104677,13456,1.682000
331,104994,13392,1.674000
332,105311,13424,1.678000
333,105627,13424,1.678000
334,105944,13408,1.676000
335,106262,13456,1.682000
336,106578,13408,1.676000
337,106895,13424,1.678000
338,107212,13376,1.672000
339,107529,13408,1.676000
340,107845,13360,1.670000
341,108162,13504,1.688000
342,108479,13456,1.682000
343,108796,13344,1.668000
344,109113,13344,1.668000
345,109429,13408,1.676000
346,109747,13392,1.674000
347,110063,13376,1.672000
348,110380,13344,1.668000
349,110697,13376,1.672000
350,111014,13408,1.676000
351,111331,13376,1.672000
352,111648,13376,1.672000
353,111965,13456,1.682000
354,112281,13360,1.670000
355,112598,13344,1.668000
356,112915,13360,1.670000
357,113231,13408,1.676000
358,113549,13360,1.670000
359,113866,13344,1.668000
360,114182,13360,1.670000
361,114499,13440,1.680000
362,114816,13408,1.676000
363,115133,13424,1.678000
364,115449,13376,1.672000
365,115767,13344,1.668000
366,116084,13408,1.676000
367,116401,13312,1.664000
368,116717,13408,1.676000
369,117034,13440,1.680000
370,117351,13440,1.680000
371,117668,13424,1.678000
372,117985,13376,1.672000
373,118302,13408,1.676000
374,118619,13440,1.680000
375,118935,13424,1.678000
376,119253,13440,1.680000
377,119569,13456,1.682000
378,119886,13472,1.684000
379,120203,13504,1.688000
380,120520,13456,1.682000
381,120837,13408,1.676000
382,121153,13440,1.680000
383,121470,13392,1.674000
384,121787,13472,1.684000
385,122104,13408,1.676000
386,122421,13360,1.670000
387,122738,13408,1.676000
388,123055,13360,1.670000
389,123372,13392,1.674000
390,123688,13392,1.674000
391,124006,13280,1.660000
392,124322,13392,1.674000
393,124639,13504,1.688000
394,124956,13424,1.678000
395,125273,13344,1.668000
396,125589,13376,1.672000
397,125906,13296,1.662000
398,126223,13456,1.682000
399,126540,13392,1.674000
400,126856,13424,1.678000
401,127174,13360,1.670000
402,127491,13360,1.670000
403,127807,13328,1.666000
404,128124,13392,1.674000
405,128441,13344,1.668000
406,128757,13456,1.682000
407,129075,13440,1.680000
408,129392,13408,1.676000
409,129709,13376,1.672000
410,130026,13360,1.670000
411,130342,13392,1.674000
412,130659,13456,1.682000
413,130976,13408,1.676000
414,131293,13376,1.672000
415,131610,13424,1.678000
416,131927,13440,1.680000
417,132244,13392,1.674000
418,132560,13360,1.670000
419,132877,13360,1.670000
420,133194,13408,1.676000
421,133511,13456,1.682000
422,133828,13392,1.674000
423,134145,13408,1.676000
424,134461,13424,1.678000
425,134778,13440,1.680000
426,135096,13408,1.676000
427,135412,13360,1.670000
428,135729,13360,1.670000
429,136046,13456,1.682000
430,136363,13392,1.674000
431,136679,13424,1.678000
432,136997,13424,1.678000
433,137313,13440,1.680000
434,137630,13392,1.674000
435,137947,13408,1.676000
436,138264,13376,1.672000
437,138581,13424,1.678000
438,138898,13424,1.678000
439,139215,13376,1.672000
440,139531,13408,1.676000
441,139848,13440,1.680000
442,140164,13408,1.676000
443,140482,13424,1.678000
444,140798,13424,1.678000
445,141116,13440,1.680000
446,141432,13264,1.658000
447,141749,13424,1.678000
448,142066,13376,1.672000
449,142383,13424,1.678000
450,142699,13392,1.674000
451,143017,13328,1.666000
452,143334,13392,1.674000
453,143650,13440,1.680000
454,143967,13424,1.678000
455,144284,13376,1.672000
456,144601,13408,1.676000
457,144918,13392,1.674000
458,145234,13408,1.676000
459,145552,13456,1.682000
460,145868,13360,1.670000
461,146185,13376,1.672000
462,146502,13456,1.682000
463,146819,13360,1.670000
464,147136,13440,1.680000
465,147453,13376,1.672000
466,147770,13440,1.680000
467,148086,13392,1.674000
468,148403,13376,1.672000
469,148720,13360,1.670000
470,149037,13392,1.674000
471,149353,13376,1.672000
472,149671,13440,1.680000
473,149987,13424,1.678000
474,150304,13392,1.674000
475,150621,13408,1.676000
476,150938,13408,1.676000
477,151255,13472,1.684000
478,151572,13376,1.672000
479,151889,13392,1.674000
480,152206,13424,1.678000
481,152522,13408,1.676000
482,152839,13344,1.668000
483,153156,13456,1.682000
484,153473,13344,1.668000
485,153790,13424,1.678000
486,154106,13392,1.674000
487,154424,13408,1.676000
488,154741,13360,1.670000
489,155057,13456,1.682000
490,155374,13392,1.674000
491,155691,13488,1.686000
492,156008,13424,1.678000
493,156325,13392,1.674000
494,156641,13424,1.678000
495,156958,13360,1.670000
496,157275,13360,1.670000
497,157592,13456,1.682000
498,157909,13392,1.674000
499,158226,13408,1.676000
500,158543,13424,1.678000
501,158859,13392,1.674000
502,159177,13392,1.674000
503,159493,13408,1.676000
504,159810,13392,1.674000
505,160126,13408,1.676000
506,160444,13344,1.668000
507,160761,13376,1.672000
508,161077,13344,1.668000
509,161394,13424,1.678000
510,161711,13424,1.678000
511,162028,13312,1.664000
512,162344,13392,1.674000
513,162662,13408,1.676000
514,162978,13344,1.668000
515,163296,13376,1.672000
516,163612,13360,1.670000
517,163930,13344,1.668000
518,164246,13456,1.682000
519,164563,13344,1.668000
520,164880,13392,1.674000
521,165197,13376,1.672000
522,165513,13408,1.676000
523,165831,13424,1.678000
524,166147,13424,1.678000
525,166464,13440,1.680000
526,166781,13376,1.672000
527,167098,13440,1.680000
528,167415,13392,1.674000
529,167732,13408,1.676000
530,168048,13488,1.686000
531,168365,13424,1.678000
532,168685,13408,1.676000
533,168999,13440,1.680000
534,169316,13408,1.676000
535,169633,13424,1.678000
536,169950,13344,1.668000
537,170267,13456,1.682000
538,170583,13440,1.680000
539,170900,13392,1.674000
540,171217,13408,1.676000
541,171534,13456,1.682000
542,171851,13408,1.676000
543,172167,13392,1.674000
544,172485,13408,1.676000
545,172801,13376,1.672000
546,173118,13408,1.676000
547,173435,13360,1.670000
548,173752,13424,1.678000
549,174068,13424,1.678000
550,174385,13376,1.672000
551,174703,13328,1.666000
552,175019,13408,1.676000
553,175336,13456,1.682000
554,175653,13392,1.674000
555,175970,13376,1.672000
556,176287,13376,1.672000
557,176604,13392,1.674000
558,176920,13344,1.668000
559,177237,13392,1.674000
560,177554,13376,1.672000
561,177871,13360,1.670000
562,178188,13392,1.674000
563,178505,13360,1.670000
564,178822,13392,1.674000
565,179138,13392,1.674000
566,179455,13424,1.678000
567,179772,13376,1.672000
568,180088,13344,1.668000
569,180406,13392,1.674000
570,180723,13392,1.674000
571,181039,13392,1.674000
572,181357,13376,1.672000
573,181673,13344,1.668000
574,181990,13392,1.674000
575,182307,13440,1.680000
576,182624,13360,1.670000
577,182941,13408,1.676000
578,183258,13360,1.670000
579,183575,13408,1.676000
580,183891,13328,1.666000
581,184209,13392,1.674000
582,184525,13360,1.670000
583,184842,13424,1.678000
584,185159,13408,1.676000
585,185476,13456,1.682000
586,185793,13408,1.676000
587,186109,13360,1.670000
588,186426,13456,1.682000
589,186743,13424,1.678000
590,187060,13408,1.676000
591,187377,13392,1.674000
592,187693,13440,1.680000
593,188011,13344,1.668000
594,188327,13376,1.672000
595,188644,13408,1.676000
596,188961,13440,1.680000
597,189278,13408,1.676000
598,189595,13408,1.676000
599,189912,13344,1.668000
600,190228,13440,1.680000
601,190545,13472,1.684000
602,190862,13424,1.678000
603,191178,13360,1.670000
604,191496,13392,1.674000
605,191812,13376,1.672000
606,192130,13392,1.674000
607,192446,13440,1.680000
608,192763,13344,1.668000
609,193080,13408,1.676000
610,193397,13456,1.682000
611,193714,13360,1.670000
612,194031,13376,1.672000
613,194348,13376,1.672000
614,194664,13392,1.674000
615,194982,13392,1.674000
616,195298,13424,1.678000
617,195615,13376,1.672000
618,195932,13408,1.676000
619,196249,13360,1.670000
620,196566,13312,1.664000
621,196882,13344,1.668000
622,197199,13376,1.672000
623,197516,13424,1.678000
624,197833,13376,1.672000
625,198150,13360,1.670000
626,198467,13344,1.668000
627,198783,13360,1.670000
628,199101,13376,1.672000
629,199417,13392,1.674000
630,199734,13472,1.684000
631,200051,13392,1.674000
632,200368,13440,1.680000
633,200686,13472,1.684000
634,201001,13408,1.676000
635,201318,13392,1.674000
636,201635,13392,1.674000
637,201952,13424,1.678000
638,202269,13376,1.672000
639,202586,13408,1.676000
640,202902,13408,1.676000
641,203220,13408,1.676000
642,203537,13392,1.674000
643,203853,13408,1.676000
644,204170,13488,1.686000
645,204487,13392,1.674000
646,204804,13392,1.674000
647,205121,13408,1.676000
648,205438,13392,1.674000
649,205754,13392,1.674000
650,206072,13392,1.674000
651,206388,13408,1.676000
652,206705,13488,1.686000
653,207022,13408,1.676000
654,207339,13424,1.678000
655,207656,13424,1.678000
656,207972,13440,1.680000
657,208289,13392,1.674000
658,208606,13360,1.670000
659,208923,13376,1.672000
660,209239,13392,1.674000
661,209557,13344,1.668000
662,209874,13360,1.670000
663,210191,13424,1.678000
664,210507,13360,1.670000
665,210825,13424,1.678000
666,211141,13408,1.676000
667,211458,13360,1.670000
668,211775,13376,1.672000
669,212091,13424,1.678000
670,212408,13376,1.672000
671,212726,13408,1.676000
672,213042,13344,1.668000
673,213359,13408,1.676000
674,213676,13312,1.664000
675,213993,13424,1.678000
676,214309,13344,1.668000
677,214627,13424,1.678000
678,214944,13392,1.674000
679,215260,13440,1.680000
680,215577,13680,1.710000
681,215894,13376,1.672000
682,216211,13408,1.676000
683,216527,13408,1.676000
684,216845,13472,1.684000
685,217161,13424,1.678000
686,217478,13392,1.674000
687,217795,13696,1.712000
688,218112,13440,1.680000
689,218429,13456,1.682000
690,218745,13472,1.684000
691,219063,13440,1.680000
692,219380,13424,1.678000
693,219696,13632,1.704000
694,220013,13472,1.684000
695,220329,13440,1.680000
696,220647,13296,1.662000
697,220964,13392,1.674000
698,221280,13456,1.682000
699,221597,13440,1.680000
700,221915,13408,1.676000
701,222231,13392,1.674000
702,222548,13408,1.676000
703,222865,13328,1.666000
704,223182,13392,1.674000
705,223498,13408,1.676000
706,223816,13344,1.668000
707,224132,13408,1.676000
708,224449,13408,1.676000
709,224765,13392,1.674000
710,225083,13408,1.676000
711,225400,13424,1.678000
712,225717,13344,1.668000
713,226033,13392,1.674000
714,226350,13344,1.668000
715,226667,13376,1.672000
716,226984,13392,1.674000
717,227301,13360,1.670000
718,227618,13392,1.674000
719,227935,13408,1.676000
720,228252,13344,1.668000
721,228568,13392,1.674000
722,228885,13424,1.678000
723,229202,13424,1.678000
724,229519,13392,1.674000
725,229836,13408,1.676000
726,230153,13392,1.674000
727,230469,13296,1.662000
728,230787,13424,1.678000
729,231103,13488,1.686000
730,231420,13456,1.682000
731,231737,13392,1.674000
732,232054,13424,1.678000
733,232371,13360,1.670000
734,232688,13376,1.672000
735,233004,13408,1.676000
736,233321,13424,1.678000
737,233638,13392,1.674000
738,233955,13392,1.674000
739,234272,13376,1.672000
740,234589,13408,1.676000
741,234905,13424,1.678000
742,235222,13456,1.682000
743,235539,13376,1.672000
744,235856,13424,1.678000
745,236173,13408,1.676000
746,236490,13424,1.678000
747,236807,13424,1.678000
748,237123,13440,1.680000
749,237440,13424,1.678000
750,237757,13376,1.672000
751,238074,13408,1.676000
752,238391,13408,1.676000
753,238708,13392,1.674000
754,239025,13312,1.664000
755,239342,13440,1.680000
756,239658,13344,1.668000
757,239975,13440,1.680000
758,240292,13280,1.660000
759,240609,13408,1.676000
760,240926,13408,1.676000
761,241243,13376,1.672000
762,241560,13280,1.660000
763,241876,13424,1.678000
764,242193,13392,1.674000
765,242510,13440,1.680000
766,242827,13408,1.676000
767,243144,13456,1.682000
768,243461,13328,1.666000
769,243777,13376,1.672000
770,244095,13424,1.678000
771,244411,13376,1.672000
772,244728,13328,1.666000
773,245045,13376,1.672000
774,245362,13360,1.670000
775,245679,13360,1.670000
776,245995,13392,1.674000
777,246312,13392,1.674000
778,246629,13296,1.662000
779,246946,13408,1.676000
780,247263,13456,1.682000
781,247580,13392,1.674000
782,247897,13360,1.670000
783,248214,13376,1.672000
784,248531,13488,1.686000
785,248847,13488,1.686000
786,249164,13392,1.674000
787,249481,13536,1.692000
788,249798,13408,1.676000
789,250115,13408,1.676000
790,250432,13376,1.672000
791,250748,13408,1.676000
792,251065,13392,1.674000
793,251382,13376,1.672000
794,251699,13440,1.680000
795,252016,13408,1.676000
796,252333,13392,1.674000
797,252649,13408,1.676000
798,252967,13392,1.674000
799,253283,13408,1.676000
800,253600,13360,1.670000
801,253917,13408,1.676000
802,254234,13376,1.672000
803,254551,13376,1.672000
804,254867,13344,1.668000
805,255185,13360,1.670000
806,255502,13488,1.686000
807,255818,13392,1.674000
808,256135,13392,1.674000
809,256452,13376,1.672000
810,256768,13360,1.670000
811,257086,13408,1.676000
812,257403,13328,1.666000
813,257719,13408,1.676000
814,258036,13408,1.676000
815,258353,13392,1.674000
816,258670,13408,1.676000
817,258987,13408,1.676000
818,259303,13376,1.672000
819,259621,13392,1.674000
820,259938,13392,1.674000
821,260254,13344,1.668000
822,260571,13376,1.672000
823,260888,13376,1.672000
824,261205,13360,1.670000
825,261522,13392,1.674000
826,261838,13344,1.668000
827,262155,13392,1.674000
828,262472,13328,1.666000
829,262789,13408,1.676000
830,263106,13408,1.676000
831,263423,13344,1.668000
832,263740,13344,1.668000
833,264056,13376,1.672000
834,264374,13424,1.678000
835,264690,13392,1.674000
836,265007,13376,1.672000
837,265324,13392,1.674000
838,265641,13408,1.676000
839,265957,13392,1.674000
840,266274,13424,1.678000
841,266591,13392,1.674000
842,266909,13328,1.666000
843,267225,13408,1.676000
844,267542,13360,1.670000
845,267859,13376,1.672000
846,268175,13488,1.686000
847,268492,13392,1.674000
848,268810,13360,1.670000
849,269126,13408,1.676000
850,269443,13440,1.680000
851,269760,13440,1.680000
852,270077,13408,1.676000
853,270393,13440,1.680000
854,270710,13424,1.678000
855,271027,13392,1.674000
856,271344,13424,1.678000
857,271661,13424,1.678000
858,271977,13488,1.686000
859,272295,13440,1.680000
860,272612,13424,1.678000
861,272928,13360,1.670000
862,273246,13392,1.674000
863,273562,13440,1.680000
864,273879,13360,1.670000
865,274196,13360,1.670000
866,274513,13408,1.676000
867,274830,13456,1.682000
868,275146,13440,1.680000
869,275463,13360,1.670000
870,275780,13376,1.672000
871,276097,13360,1.670000
872,276414,13392,1.674000
873,276730,13376,1.672000
874,277048,13328,1.666000
875,277365,13360,1.670000
876,277686,13344,1.668000
877,277998,13376,1.672000
878,278315,13392,1.674000
879,278632,13392,1.674000
880,278949,13312,1.664000
881,279266,13376,1.672000
882,279583,13328,1.666000
883,279900,13392,1.674000
884,280217,13408,1.676000
885,280533,13424,1.678000
886,280850,13360,1.670000
887,281167,13456,1.682000
888,281484,13392,1.674000
889,281801,13408,1.676000
890,282117,13408,1.676000
891,282434,13456,1.682000
892,282751,13440,1.680000
893,283068,13408,1.676000
894,283385,13392,1.674000
895,283702,13392,1.674000
896,284018,13376,1.672000
897,284336,13392,1.674000
898,284652,13360,1.670000
899,284969,13424,1.678000
900,285286,13392,1.674000
901,285603,13408,1.676000
902,285920,13472,1.684000
903,286237,13408,1.676000
904,286553,13472,1.684000
905,286870,13424,1.678000
906,287187,13456,1.682000
907,287504,13424,1.678000
908,287821,13408,1.676000
909,288138,13408,1.676000
910,288454,13392,1.674000
911,288771,13472,1.684000
912,289088,13376,1.672000
913,289405,13440,1.680000
914,289722,13440,1.680000
915,290039,13360,1.670000
916,290356,13424,1.678000
917,290672,13424,1.678000
918,290990,13424,1.678000
919,291307,13392,1.674000
920,291623,13328,1.666000
921,291939,13424,1.678000
922,292257,13360,1.670000
923,292574,13472,1.684000
924,292891,13424,1.678000
925,293208,13360,1.670000
926,293524,13424,1.678000
927,293841,13392,1.674000
928,294158,13360,1.670000
929,294475,13376,1.672000
930,294792,13360,1.670000
931,295109,13408,1.676000
932,295425,13408,1.676000
933,295743,13344,1.668000
934,296059,13376,1.672000
935,296376,13360,1.670000
936,296693,13344,1.668000
937,297010,13392,1.674000
938,297327,13360,1.670000
939,297643,13440,1.680000
940,297960,13408,1.676000
941,298278,13376,1.672000
942,298594,13376,1.672000
943,298911,13456,1.682000
944,299228,13520,1.690000
945,299544,13456,1.682000
946,299861,13472,1.684000
947,300179,13408,1.676000
948,300495,13392,1.674000
949,300812,13456,1.682000
950,301129,13456,1.682000
951,301446,13392,1.674000
952,301762,13360,1.670000
953,302080,13408,1.676000
954,302396,13408,1.676000
955,302713,13408,1.676000
956,303030,13376,1.672000
957,303347,13408,1.676000
958,303664,13440,1.680000
959,303980,13408,1.676000
960,304297,13456,1.682000
961,304614,13328,1.666000
962,304931,13376,1.672000
963,305248,13408,1.676000
964,305565,13408,1.676000
965,305881,13344,1.668000
966,306198,13376,1.672000
967,306516,13392,1.674000
968,306832,13392,1.674000
969,307149,13472,1.684000
970,307466,13424,1.678000
971,307783,13424,1.678000
972,308099,13360,1.670000
973,308417,13424,1.678000
974,308734,13392,1.674000
975,309050,13360,1.670000
976,309367,13376,1.672000
977,309687,13392,1.674000
978,310001,13424,1.678000
979,310318,13408,1.676000
980,310634,13328,1.666000
981,310952,13376,1.672000
982,311268,13392,1.674000
983,311585,13440,1.680000
984,311901,13424,1.678000
985,312219,13360,1.670000
986,312536,13392,1.674000
987,312853,13440,1.680000
988,313169,13360,1.670000
989,313487,13392,1.674000
990,313803,13344,1.668000
991,314120,13392,1.674000
992,314436,13360,1.670000
993,314754,13424,1.678000
994,315070,13408,1.676000
995,315387,13408,1.676000
996,315705,13360,1.670000
997,316021,13424,1.678000
998,316338,13408,1.676000
999,316655,13392,1.674000
1000,316972,13440,1.680000
1001,317289,13344,1.668000
1002,317605,13424,1.678000
1003,317923,13472,1.684000
1004,318240,13376,1.672000
1005,318556,13424,1.678000
1006,318873,13408,1.676000
1007,319190,13408,1.676000
1008,319507,13408,1.676000
1009,319823,13440,1.680000
1010,320141,13440,1.680000
1011,320457,13392,1.674000
1012,320774,13440,1.680000
1013,321091,13440,1.680000
1014,321408,13408,1.676000
1015,321724,13424,1.678000
1016,322042,13392,1.674000
1017,322359,13488,1.686000
1018,322675,13408,1.676000
1019,322992,13376,1.672000
1020,323309,13424,1.678000
1021,323626,13472,1.684000
1022,323943,13408,1.676000
1023,324259,13392,1.674000
1024,324576,13376,1.672000
1025,324893,13392,1.674000
1026,325210,13392,1.674000
1027,325527,13360,1.670000
1028,325844,13344,1.668000
1029,326161,13392,1.674000
1030,326478,13392,1.674000
1031,326794,13392,1.674000
1032,327111,13408,1.676000
1033,327428,13424,1.678000
1034,327745,13360,1.670000
1035,328061,13344,1.668000
1036,328379,13408,1.676000
1037,328696,13392,1.674000
1038,329012,13376,1.672000
1039,329329,13360,1.670000
1040,329646,13408,1.676000
1041,329963,13424,1.678000
1042,330280,13360,1.670000
1043,330597,13408,1.676000
1044,330913,13344,1.668000
1045,331231,13120,1.640000
1046,331547,13392,1.674000
1047,331864,13424,1.678000
1048,332181,13440,1.680000
1049,332498,13344,1.668000
1050,332815,13360,1.670000
1051,333131,13456,1.682000
1052,333448,13344,1.668000
1053,333765,13408,1.676000
1054,334082,13360,1.670000
1055,334399,13440,1.680000
1056,334716,13440,1.680000
1057,335032,13408,1.676000
1058,335350,13536,1.692000
1059,335666,13440,1.680000
1060,335983,13376,1.672000
1061,336300,13424,1.678000
1062,336617,13440,1.680000
1063,336934,13376,1.672000
1064,337251,13424,1.678000
1065,337567,13680,1.710000
1066,337885,13440,1.680000
1067,338201,13440,1.680000
1068,338518,13440,1.680000
1069,338835,13520,1.690000
1070,339152,13408,1.676000
1071,339468,13680,1.710000
1072,339786,13424,1.678000
1073,340102,13392,1.674000
1074,340419,13344,1.668000
1075,340736,13424,1.678000
1076,341053,13424,1.678000
1077,341370,13424,1.678000
1078,341686,13408,1.676000
1079,342003,13392,1.674000
1080,342321,13408,1.676000
1081,342637,13344,1.668000
1082,342954,13408,1.676000
1083,343271,13376,1.672000
1084,343588,13360,1.670000
1085,343904,13360,1.670000
1086,344222,13376,1.672000
1087,344539,13456,1.682000
1088,344855,13360,1.670000
1089,345172,13376,1.672000
1090,345489,13408,1.676000
1091,345806,13392,1.674000
1092,346122,13312,1.664000
1093,346440,13408,1.676000
1094,346757,13472,1.684000
1095,347073,13392,1.674000
1096,347390,13376,1.672000
1097,347707,13408,1.676000
1098,348024,13360,1.670000
1099,348341,13424,1.678000
1100,348658,13424,1.678000
1101,348974,13360,1.670000
1102,349291,13424,1.678000
1103,349608,13424,1.678000
1104,349925,13344,1.668000
1105,350242,13424,1.678000
1106,350559,13392,1.674000
1107,350875,13424,1.678000
1108,351192,13584,1.698000
1109,351510,13408,1.676000
1110,351826,13408,1.676000
1111,352143,13424,1.678000
1112,352460,13440,1.680000
1113,352776,13440,1.680000
1114,353094,13696,1.712000
1115,353410,13440,1.680000
1116,353727,13376,1.672000
1117,354045,13408,1.676000
1118,354361,13376,1.672000
1119,354678,13392,1.674000
1120,354995,13424,1.678000
1121,355312,13504,1.688000
1122,355628,13424,1.678000
1123,355946,13408,1.676000
1124,356262,13472,1.684000
1125,356579,13408,1.676000
1126,356896,13424,1.678000
1127,357213,13328,1.666000
1128,357530,13360,1.670000
1129,357846,13488,1.686000
1130,358163,13392,1.674000
1131,358480,13424,1.678000
1132,358797,13424,1.678000
1133,359114,13424,1.678000
1134,359431,13376,1.672000
1135,359748,13376,1.672000
1136,360064,13408,1.676000
1137,360381,13344,1.668000
1138,360698,13440,1.680000
1139,361015,13424,1.678000
1140,361332,13360,1.670000
1141,361649,13392,1.674000
1142,361966,13312,1.664000
1143,362283,13408,1.676000
1144,362599,13440,1.680000
1145,362917,13360,1.670000
1146,363233,13360,1.670000
1147,363550,13360,1.670000
1148,363867,13360,1.670000
1149,364184,13200,1.650000
1150,364501,13360,1.670000
1151,364818,13344,1.668000
1152,365134,13488,1.686000
1153,365451,13376,1.672000
1154,365768,13392,1.674000
1155,366085,13408,1.676000
1156,366402,13440,1.680000
1157,366718,13424,1.678000
1158,367036,13408,1.676000
1159,367353,13376,1.672000
1160,367669,13408,1.676000
1161,367986,13456,1.682000
1162,368303,13392,1.674000
1163,368620,13424,1.678000
1164,368937,13392,1.674000
1165,369254,13408,1.676000
1166,369570,13360,1.670000
1167,369887,13408,1.676000
1168,370204,13408,1.676000
1169,370520,13440,1.680000
1170,370838,13408,1.676000
1171,371155,13408,1.676000
1172,371471,13504,1.688000
1173,371789,13392,1.674000
1174,372105,13376,1.672000
1175,372422,13376,1.672000
1176,372739,13408,1.676000
1177,373056,13376,1.672000
1178,373373,13392,1.674000
1179,373690,13392,1.674000
1180,374006,13360,1.670000
1181,374323,13456,1.682000
1182,374640,13424,1.678000
1183,374957,13408,1.676000
1184,375274,13392,1.674000
1185,375591,13392,1.674000
1186,375908,13344,1.668000
1187,376225,13440,1.680000
1188,376541,13408,1.676000
1189,376858,13376,1.672000
1190,377174,13376,1.672000
1191,377492,13440,1.680000
1192,377809,13392,1.674000
1193,378125,13344,1.668000
1194,378443,13344,1.668000
1195,378759,13408,1.676000
1196,379076,13408,1.676000
1197,379393,13344,1.668000
1198,379710,13408,1.676000
1199,380027,13344,1.668000
1200,380344,13424,1.678000
1201,380660,13392,1.674000
1202,380977,13408,1.676000
1203,381294,13376,1.672000
1204,381611,13456,1.682000
1205,381928,13424,1.678000
1206,382245,13408,1.676000
1207,382561,13328,1.666000
1208,382878,13376,1.672000
1209,383195,13440,1.680000
1210,383512,13392,1.674000
1211,383829,13376,1.672000
1212,384145,13392,1.674000
1213,384463,13392,1.674000
1214,384780,13424,1.678000
1215,385096,13456,1.682000
1216,385413,13376,1.672000
1217,385730,13408,1.676000
1218,386047,13376,1.672000
1219,386364,13392,1.674000
1220,386685,13360,1.670000
1221,386998,13456,1.682000
1222,387314,13392,1.674000
1223,387632,13424,1.678000
1224,387948,13456,1.682000
1225,388265,13408,1.676000
1226,388582,13344,1.668000
1227,388899,13360,1.670000
1228,389216,13440,1.680000
1229,389532,13392,1.674000
1230,389849,13312,1.664000
1231,390166,13424,1.678000
1232,390483,13328,1.666000
1233,390800,13472,1.684000
1234,391117,13408,1.676000
1235,391433,13440,1.680000
1236,391750,13296,1.662000
1237,392067,13456,1.682000
1238,392384,13392,1.674000
1239,392701,13408,1.676000
1240,393018,13392,1.674000
1241,393335,13408,1.676000
1242,393651,13408,1.676000
1243,393969,13440,1.680000
1244,394285,13472,1.684000
1245,394602,13392,1.674000
1246,394919,13504,1.688000
1247,395236,13360,1.670000
1248,395553,13360,1.670000
1249,395870,13424,1.678000
1250,396187,13376,1.672000
1251,396503,13408,1.676000
1252,396820,13408,1.676000
1253,397137,13376,1.672000
1254,397454,13408,1.676000
1255,397771,13376,1.672000
1256,398088,13392,1.674000
1257,398405,13344,1.668000
1258,398721,13424,1.678000
1259,399038,13360,1.670000
1260,399355,13408,1.676000
1261,399671,13360,1.670000
1262,399989,13392,1.674000
1263,400305,13392,1.674000
1264,400623,13424,1.678000
1265,400940,13424,1.678000
1266,401256,13424,1.678000
1267,401573,13456,1.682000
1268,401890,13408,1.676000
1269,402207,13424,1.678000
1270,402524,13376,1.672000
1271,402840,13360,1.670000
1272,403158,13408,1.676000
1273,403474,13408,1.676000
1274,403791,13424,1.678000
1275,404108,13424,1.678000
1276,404425,13408,1.676000
1277,404742,13408,1.676000
1278,405058,13376,1.672000
1279,405376,13424,1.678000
1280,405692,13424,1.678000
1281,406009,13424,1.678000
1282,406326,13344,1.668000
1283,406643,13424,1.678000
1284,406960,13424,1.678000
1285,407276,13328,1.666000
1286,407594,13456,1.682000
1287,407910,13440,1.680000
1288,408227,13392,1.674000
1289,408544,13440,1.680000
1290,408861,13392,1.674000
1291,409178,13408,1.676000
1292,409494,13424,1.678000
1293,409811,13392,1.674000
1294,410128,13344,1.668000
1295,410444,13360,1.670000
1296,410762,13360,1.670000
1297,411079,13328,1.666000
1298,411396,13376,1.672000
1299,411713,13424,1.678000
1300,412029,13392,1.674000
1301,412346,13424,1.678000
1302,412663,13360,1.670000
1303,412979,13376,1.672000
1304,413297,13376,1.672000
1305,413614,13408,1.676000
1306,413930,13360,1.670000
1307,414247,13360,1.670000
1308,414564,13408,1.676000
1309,414881,13344,1.668000
1310,415198,13472,1.684000
1311,415514,13440,1.680000
1312,415832,13376,1.672000
1313,416148,13440,1.680000
1314,416465,13392,1.674000
1315,416782,13376,1.672000
1316,417099,13392,1.674000
1317,417416,13440,1.680000
1318,417733,13456,1.682000
1319,418050,13376,1.672000
1320,418367,13360,1.670000
1321,418687,13408,1.676000
1322,419000,13504,1.688000
1323,419318,13360,1.670000
1324,419634,13504,1.688000
1325,419951,13440,1.680000
1326,420268,13456,1.682000
1327,420584,13408,1.676000
1328,420901,13424,1.678000
1329,421218,13360,1.670000
1330,421535,13408,1.676000
1331,421852,13392,1.674000
1332,422169,13424,1.678000
1333,422486,13360,1.670000
1334,422803,13424,1.678000
1335,423119,13424,1.678000
1336,423436,13392,1.674000
1337,423753,13360,1.670000
1338,424070,13456,1.682000
1339,424387,13440,1.680000
1340,424704,13408,1.676000
1341,425020,13456,1.682000
1342,425338,13472,1.684000
1343,425654,13408,1.676000
1344,425971,13456,1.682000
1345,426288,13376,1.672000
1346,426605,13392,1.674000
1347,426922,13408,1.676000
1348,427239,13376,1.672000
1349,427555,13376,1.672000
1350,427873,13392,1.674000
1351,428190,13424,1.678000
1352,428506,13392,1.674000
1353,428823,13376,1.672000
1354,429139,13408,1.676000
1355,429456,13408,1.676000
1356,429773,13440,1.680000
1357,430090,13408,1.676000
1358,430408,13376,1.672000
1359,430724,13440,1.680000
1360,431041,13440,1.680000
1361,431358,13360,1.670000
1362,431674,13392,1.674000
1363,431991,13440,1.680000
1364,432308,13472,1.684000
1365,432625,13424,1.678000
1366,432942,13408,1.676000
1367,433259,13408,1.676000
1368,433576,13392,1.674000
1369,433893,13392,1.674000
1370,434210,13424,1.678000
1371,434526,13424,1.678000
1372,434843,13392,1.674000
1373,435160,13456,1.682000
1374,435477,13424,1.678000
1375,435794,13408,1.676000
1376,436111,13408,1.676000
1377,436427,13360,1.670000
1378,436745,13392,1.674000
1379,437061,13472,1.684000
1380,437378,13472,1.684000
1381,437695,13392,1.674000
1382,438012,13440,1.680000
1383,438329,13408,1.676000
1384,438645,13408,1.676000
1385,438962,13408,1.676000
1386,439279,13424,1.678000
1387,439596,13392,1.674000
1388,439913,13456,1.682000
1389,440230,13376,1.672000
1390,440547,13376,1.672000
1391,440864,13392,1.674000
1392,441181,13360,1.670000
1393,441497,13360,1.670000
1394,441814,13376,1.672000
1395,442131,13440,1.680000
1396,442448,13456,1.682000
1397,442765,13376,1.672000
1398,443082,13344,1.668000
1399,443399,13360,1.670000
1400,443715,13424,1.678000
1401,444032,13360,1.670000
1402,444349,13328,1.666000
1403,444666,13344,1.668000
1404,444983,13424,1.678000
1405,445300,13392,1.674000
1406,445617,13392,1.674000
1407,445933,13424,1.678000
1408,446250,13392,1.674000
1409,446567,13376,1.672000
1410,446884,13376,1.672000
1411,447201,13360,1.670000
1412,447518,13408,1.676000
1413,447834,13472,1.684000
1414,448151,13424,1.678000
1415,448469,13328,1.666000
1416,448785,13392,1.674000
1417,449102,13664,1.708000
1418,449418,13408,1.676000
1419,449736,13376,1.672000
1420,450052,13472,1.684000
1421,450369,13488,1.686000
1422,450686,13408,1.676000
1423,451003,13456,1.682000
1424,451320,13376,1.672000
1425,451637,13408,1.676000
1426,451953,13408,1.676000
1427,452270,13472,1.684000
1428,452587,13376,1.672000
1429,452904,13424,1.678000
1430,453221,13392,1.674000
1431,453538,13376,1.672000
1432,453855,13408,1.676000
1433,454172,13440,1.680000
1434,454489,13376,1.672000
1435,454805,13440,1.680000
1436,455122,13488,1.686000
1437,455439,13360,1.670000
1438,455756,13456,1.682000
1439,456073,13456,1.682000
1440,456390,13360,1.670000
1441,456706,13392,1.674000
1442,457024,13408,1.676000
1443,457341,13344,1.668000
1444,457657,13344,1.668000
1445,457974,13360,1.670000
1446,458291,13408,1.676000
1447,458607,13392,1.674000
1448,458925,13392,1.674000
1449,459241,13360,1.670000
1450,459559,13424,1.678000
1451,459875,13392,1.674000
1452,460192,13344,1.668000
1453,460509,13312,1.664000
1454,460825,13344,1.668000
1455,461143,13360,1.670000
1456,461460,13344,1.668000
1457,461776,13424,1.678000
1458,462093,13376,1.672000
1459,462409,13376,1.672000
1460,462727,13360,1.670000
1461,463044,13376,1.672000
1462,463361,13328,1.666000
1463,463677,13440,1.680000
1464,463994,13472,1.684000
1465,464311,13328,1.666000
1466,464628,13408,1.676000
1467,464945,13440,1.680000
1468,465261,13376,1.672000
1469,465579,13392,1.674000
1470,465895,13344,1.668000
1471,466213,13424,1.678000
1472,466529,13376,1.672000
1473,466846,13392,1.674000
1474,467163,13376,1.672000
1475,467480,13376,1.672000
1476,467797,13376,1.672000
1477,468113,13424,1.678000
1478,468430,13392,1.674000
1479,468747,13392,1.674000
1480,469064,13424,1.678000
1481,469381,13424,1.678000
1482,469698,13392,1.674000
1483,470014,13424,1.678000
1484,470331,13408,1.676000
1485,470648,13456,1.682000
1486,470965,13264,1.658000
1487,471282,13440,1.680000
1488,471599,13440,1.680000
1489,471916,13472,1.684000
1490,472233,13392,1.674000
1491,472550,13408,1.676000
1492,472866,13360,1.670000
1493,473183,13408,1.676000
1494,473500,13424,1.678000
1495,473817,13408,1.676000
1496,474134,13424,1.678000
1497,474451,13408,1.676000
1498,474768,13360,1.670000
1499,475084,13248,1.656000
1500,475401,13424,1.678000
1501,475718,13472,1.684000
1502,476035,13424,1.678000
1503,476352,13392,1.674000
1504,476668,13392,1.674000
1505,476986,13312,1.664000
1506,477303,13360,1.670000
1507,477619,13488,1.686000
1508,477936,13424,1.678000
1509,478253,13360,1.670000
1510,478570,13424,1.678000
1511,478887,13344,1.668000
1512,479204,13328,1.666000
1513,479520,13344,1.668000
1514,479837,13344,1.668000
1515,480154,13312,1.664000
1516,480471,13456,1.682000
1517,480788,13360,1.670000
1518,481104,13328,1.666000
1519,481422,13392,1.674000
1520,481738,13408,1.676000
1521,482055,13376,1.672000
1522,482372,13456,1.682000
1523,482689,13456,1.682000
1524,483006,13408,1.676000
1525,483323,13392,1.674000
1526,483639,13392,1.674000
1527,483957,13376,1.672000
1528,484274,13440,1.680000
1529,484590,13360,1.670000
1530,484907,13392,1.674000
1531,485224,13376,1.672000
1532,485541,13392,1.674000
1533,485858,13408,1.676000
1534,486175,13440,1.680000
1535,486491,13408,1.676000
1536,486808,13408,1.676000
1537,487125,13392,1.674000
1538,487442,13360,1.670000
1539,487759,13392,1.674000
1540,488075,13440,1.680000
1541,488392,13392,1.674000
1542,488709,13344,1.668000
1543,489026,13392,1.674000
1544,489343,13376,1.672000
1545,489660,13360,1.670000
1546,489977,13456,1.682000
1547,490294,13360,1.670000
1548,490610,13360,1.670000
1549,490927,13424,1.678000
1550,491244,13408,1.676000
1551,491561,13376,1.672000
1552,491878,13408,1.676000
1553,492195,13424,1.678000
1554,492512,13344,1.668000
1555,492828,13456,1.682000
1556,493146,13376,1.672000
1557,493462,13344,1.668000
1558,493779,13440,1.680000
1559,494095,13408,1.676000
1560,494413,13392,1.674000
1561,494730,13376,1.672000
1562,495046,13392,1.674000
1563,495363,13424,1.678000
1564,495680,13424,1.678000
1565,495996,13360,1.670000
1566,496314,13392,1.674000
1567,496631,13408,1.676000
1568,496947,13408,1.676000
1569,497264,13424,1.678000
1570,497582,13488,1.686000
1571,497899,13456,1.682000
1572,498214,13392,1.674000
1573,498532,13392,1.674000
1574,498849,13312,1.664000
1575,499165,13424,1.678000
1576,499482,13392,1.674000
1577,499799,13312,1.664000
1578,500116,13504,1.688000
1579,500433,13376,1.672000
1580,500750,13424,1.678000
1581,501067,13424,1.678000
1582,501384,13440,1.680000
1583,501701,13424,1.678000
1584,502017,13408,1.676000
1585,502334,13440,1.680000
1586,502651,13392,1.674000
1587,502968,13440,1.680000
1588,503285,13408,1.676000
1589,503602,13408,1.676000
1590,503918,13504,1.688000
1591,504235,13360,1.670000
1592,504552,13408,1.676000
1593,504869,13424,1.678000
1594,505186,13392,1.674000
1595,505503,13424,1.678000
1596,505819,13408,1.676000
1597,506137,13424,1.678000
1598,506453,13376,1.672000
1599,506770,13440,1.680000
1600,507088,13440,1.680000
1601,507404,13392,1.674000
1602,507721,13344,1.668000
1603,508038,13376,1.672000
1604,508355,13376,1.672000
1605,508672,13376,1.672000
1606,508988,13392,1.674000
1607,509305,13328,1.666000
1608,509622,13360,1.670000
1609,509939,13376,1.672000
1610,510256,13408,1.676000
1611,510573,13360,1.670000
1612,510890,13424,1.678000
1613,511207,13376,1.672000
1614,511523,13392,1.674000
1615,511840,13376,1.672000
1616,512157,13328,1.666000
1617,512474,13360,1.670000
1618,512790,13344,1.668000
1619,513108,13376,1.672000
1620,513424,13408,1.676000
1621,513741,13328,1.666000
1622,514058,13424,1.678000
1623,514375,13424,1.678000
1624,514692,13360,1.670000
1625,515009,13408,1.676000
1626,515325,13376,1.672000
1627,515643,13392,1.674000
1628,515959,13424,1.678000
1629,516276,13360,1.670000
1630,516593,13392,1.674000
1631,516910,13376,1.672000
1632,517227,13408,1.676000
1633,517543,13424,1.678000
1634,517860,13376,1.672000
1635,518177,13424,1.678000
1636,518494,13376,1.672000
1637,518811,13440,1.680000
1638,519127,13392,1.674000
1639,519445,13456,1.682000
1640,519761,13360,1.670000
1641,520078,13392,1.674000
1642,520395,13408,1.676000
1643,520712,13360,1.670000
1644,521029,13392,1.674000
1645,521345,13424,1.678000
1646,521663,13408,1.676000
1647,521979,13392,1.674000
1648,522296,13424,1.678000
1649,522613,13344,1.668000
1650,522930,13408,1.676000
1651,523247,13472,1.684000
1652,523564,13424,1.678000
1653,523881,13376,1.672000
1654,524198,13392,1.674000
1655,524514,13408,1.676000
1656,524832,13424,1.678000
1657,525148,13360,1.670000
1658,525465,13360,1.670000
1659,525782,13392,1.674000
1660,526098,13424,1.678000
1661,526416,13360,1.670000
1662,526732,13376,1.672000
1663,527049,13376,1.672000
1664,527366,13360,1.670000
1665,527686,13376,1.672000
1666,528000,13344,1.668000
1667,528317,13392,1.674000
1668,528633,13392,1.674000
1669,528950,13360,1.670000
1670,529267,13376,1.672000
1671,529584,13408,1.676000
1672,529901,13392,1.674000
1673,530218,13360,1.670000
1674,530534,13424,1.678000
1675,530852,13360,1.670000
1676,531168,13344,1.668000
1677,531485,13408,1.676000
1678,531802,13392,1.674000
1679,532118,13392,1.674000
1680,532436,13440,1.680000
1681,532753,13392,1.674000
1682,533069,13392,1.674000
1683,533386,13424,1.678000
1684,533703,13408,1.676000
1685,534020,13424,1.678000
1686,534336,13360,1.670000
1687,534654,13392,1.674000
1688,534971,13376,1.672000
1689,535288,13408,1.676000
1690,535604,13408,1.676000
1691,535922,13440,1.680000
1692,536238,13328,1.666000
1693,536555,13424,1.678000
1694,536872,13408,1.676000
1695,537189,13360,1.670000
1696,537506,13440,1.680000
1697,537823,13440,1.680000
1698,538139,13440,1.680000
1699,538456,13440,1.680000
1700,538773,13440,1.680000
1701,539089,13376,1.672000
1702,539407,13424,1.678000
1703,539724,13408,1.676000
1704,540040,13424,1.678000
1705,540357,13312,1.664000
1706,540674,13456,1.682000
1707,540991,13392,1.674000
1708,541308,13408,1.676000
1709,541625,13392,1.674000
1710,541942,13376,1.672000
1711,542259,13440,1.680000
1712,542575,13408,1.676000
1713,542892,13392,1.674000
1714,543209,13392,1.674000
1715,543526,13408,1.676000
1716,543843,13392,1.674000
1717,544160,13344,1.668000
1718,544476,13440,1.680000
1719,544793,13344,1.668000
1720,545110,13408,1.676000
1721,545427,13392,1.674000
1722,545744,13424,1.678000
1723,546060,13376,1.672000
1724,546378,13344,1.668000
1725,546694,13360,1.670000
1726,547011,13376,1.672000
1727,547328,13408,1.676000
1728,547645,13408,1.676000
1729,547962,13312,1.664000
1730,548279,13312,1.664000
1731,548596,13440,1.680000
1732,548912,13472,1.684000
1733,549229,13392,1.674000
1734,549546,13424,1.678000
1735,549863,13376,1.672000
1736,550180,13392,1.674000
1737,550497,13440,1.680000
1738,550813,13424,1.678000
1739,551131,13408,1.676000
1740,551447,13392,1.674000
1741,551764,13424,1.678000
1742,552081,13424,1.678000
1743,552398,13440,1.680000
1744,552715,13424,1.678000
1745,553032,13392,1.674000
1746,553349,13408,1.676000
1747,553665,13456,1.682000
1748,553982,13424,1.678000
1749,554299,13408,1.676000
1750,554616,13392,1.674000
1751,554933,13424,1.678000
1752,555250,13456,1.682000
1753,555566,13376,1.672000
1754,555883,13472,1.684000
1755,556200,13376,1.672000
1756,556517,13344,1.668000
1757,556834,13408,1.676000
1758,557151,13376,1.672000
1759,557468,13344,1.668000
1760,557784,13360,1.670000
1761,558102,13360,1.670000
1762,558418,13424,1.678000
1763,558735,13344,1.668000
1764,559052,13392,1.674000
1765,559369,13408,1.676000
1766,559687,13344,1.668000
1767,560002,13296,1.662000
1768,560319,13408,1.676000
1769,560636,13376,1.672000
1770,560953,13456,1.682000
1771,561270,13360,1.670000
1772,561587,13376,1.672000
1773,561903,13424,1.678000
1774,562220,13376,1.672000
1775,562537,13392,1.674000
1776,562854,13360,1.670000
1777,563171,13392,1.674000
1778,563488,13296,1.662000
1779,563805,13312,1.664000
1780,564122,13440,1.680000
1781,564439,13376,1.672000
1782,564755,13376,1.672000
1783,565072,13392,1.674000
1784,565388,13360,1.670000
1785,565706,13424,1.678000
1786,566023,13456,1.682000
1787,566340,13408,1.676000
1788,566656,13376,1.672000
1789,566974,13440,1.680000
1790,567290,13440,1.680000
1791,567607,13408,1.676000
1792,567924,13408,1.676000
1793,568241,13392,1.674000
1794,568557,13408,1.676000
1795,568874,13376,1.672000
1796,569191,13376,1.672000
1797,569508,13392,1.674000
1798,569825,13376,1.672000
1799,570142,13408,1.676000
1800,570459,13392,1.674000
1801,570775,13456,1.682000
1802,571093,13344,1.668000
1803,571410,13424,1.678000
1804,571726,13440,1.680000
1805,572043,13472,1.684000
1806,572360,13312,1.664000
1807,572677,13392,1.674000
1808,572994,13392,1.674000
1809,573311,13408,1.676000
1810,573627,13440,1.680000
1811,573945,13440,1.680000
1812,574261,13392,1.674000
1813,574578,13328,1.666000
1814,574895,13392,1.674000
1815,575212,13376,1.672000
1816,575529,13376,1.672000
1817,575845,13392,1.674000
1818,576162,13408,1.676000
1819,576479,13424,1.678000
1820,576796,13408,1.676000
1821,577113,13376,1.672000
1822,577429,13392,1.674000
1823,577747,13376,1.672000
1824,578063,13408,1.676000
1825,578380,13408,1.676000
1826,578697,13456,1.682000
1827,579014,13360,1.670000
1828,579331,13392,1.674000
1829,579648,13456,1.682000
1830,579965,13392,1.674000
1831,580281,13392,1.674000
1832,580598,13344,1.668000
1833,580916,13376,1.672000
1834,581232,13408,1.676000
1835,581549,13424,1.678000
1836,581866,13376,1.672000
1837,582182,13344,1.668000
1838,582500,13328,1.666000
1839,582816,13440,1.680000
1840,583133,13408,1.676000
1841,583449,13360,1.670000
1842,583767,13392,1.674000
1843,584084,13408,1.676000
1844,584401,13344,1.668000
1845,584718,13424,1.678000
1846,585034,13424,1.678000
1847,585351,13376,1.672000
1848,585668,13408,1.676000
1849,585985,13440,1.680000
1850,586302,13360,1.670000
1851,586619,13312,1.664000
1852,586935,13296,1.662000
1853,587253,13456,1.682000
1854,587569,13456,1.682000
1855,587886,13440,1.680000
1856,588203,13408,1.676000
1857,588520,13488,1.686000
1858,588837,13440,1.680000
1859,589153,13344,1.668000
1860,589470,13392,1.674000
1861,589787,13440,1.680000
1862,590104,13424,1.678000
1863,590421,13472,1.684000
1864,590738,13472,1.684000
1865,591055,13360,1.670000
1866,591372,13392,1.674000
1867,591688,13376,1.672000
1868,592005,13360,1.670000
1869,592322,13392,1.674000
1870,592639,13376,1.672000
1871,592956,13376,1.672000
1872,593273,13392,1.674000
1873,593590,13424,1.678000
1874,593906,13392,1.674000
1875,594223,13360,1.670000
1876,594540,13328,1.666000
1877,594857,13360,1.670000
1878,595174,13408,1.676000
1879,595491,13424,1.678000
1880,595807,13328,1.666000
1881,596125,13392,1.674000
1882,596441,13296,1.662000
1883,596758,13440,1.680000
1884,597074,13360,1.670000
1885,597392,13520,1.690000
1886,597709,13408,1.676000
1887,598026,13424,1.678000
1888,598343,13408,1.676000
1889,598659,13360,1.670000
1890,598976,13456,1.682000
1891,599293,13408,1.676000
1892,599610,13376,1.672000
1893,599927,13392,1.674000
1894,600244,13376,1.672000
1895,600561,13360,1.670000
1896,600877,13424,1.678000
1897,601194,13456,1.682000
1898,601511,13408,1.676000
1899,601828,13376,1.672000
1900,602145,13440,1.680000
1901,602462,13360,1.670000
1902,602778,13408,1.676000
1903,603096,13408,1.676000
1904,603412,13456,1.682000
1905,603729,13376,1.672000
1906,604046,13424,1.678000
1907,604363,13424,1.678000
1908,604679,13424,1.678000
1909,604997,13376,1.672000
1910,605313,13424,1.678000
1911,605630,13472,1.684000
1912,605947,13456,1.682000
1913,606264,13456,1.682000
1914,606581,13376,1.672000
1915,606898,13456,1.682000
1916,607215,13392,1.674000
1917,607531,13408,1.676000
1918,607848,13376,1.672000
1919,608165,13392,1.674000
1920,608482,13376,1.672000
1921,608799,13408,1.676000
1922,609116,13440,1.680000
1923,609433,13424,1.678000
1924,609749,13424,1.678000
1925,610066,13392,1.674000
1926,610383,13440,1.680000
1927,610700,13424,1.678000
1928,611017,13488,1.686000
1929,611334,13440,1.680000
1930,611650,13408,1.676000
1931,611968,13376,1.672000
1932,612285,13424,1.678000
1933,612601,13408,1.676000
1934,612918,13424,1.678000
1935,613235,13376,1.672000
1936,613551,13344,1.668000
1937,613868,13408,1.676000
1938,614185,13408,1.676000
1939,614502,13344,1.668000
1940,614819,13472,1.684000
1941,615136,13360,1.670000
1942,615453,13312,1.664000
1943,615769,13440,1.680000
1944,616087,13424,1.678000
1945,616403,13344,1.668000
1946,616720,13408,1.676000
1947,617036,13376,1.672000
1948,617354,13424,1.678000
1949,617671,13376,1.672000
1950,617988,13424,1.678000
1951,618305,13408,1.676000
1952,618621,13392,1.674000
1953,618939,13472,1.684000
1954,619255,13424,1.678000
1955,619572,13424,1.678000
1956,619889,13456,1.682000
1957,620206,13392,1.674000
1958,620522,13408,1.676000
1959,620839,13456,1.682000
1960,621156,13408,1.676000
1961,621473,13440,1.680000
1962,621790,13424,1.678000
1963,622107,13392,1.674000
1964,622424,13408,1.676000
1965,622741,13440,1.680000
1966,623057,13456,1.682000
1967,623374,13392,1.674000
1968,623690,13424,1.678000
1969,624008,13360,1.670000
1970,624325,13376,1.672000
1971,624642,13360,1.670000
1972,624959,13376,1.672000
1973,625276,13376,1.672000
1974,625592,13408,1.676000
1975,625909,13360,1.670000
1976,626226,13328,1.666000
1977,626543,13408,1.676000
1978,626859,13408,1.676000
1979,627177,13424,1.678000
1980,627493,13408,1.676000
1981,627810,13392,1.674000
1982,628127,13392,1.674000
1983,628444,13344,1.668000
1984,628761,13328,1.666000
1985,629078,13376,1.672000
1986,629395,13376,1.672000
1987,629711,13328,1.666000
1988,630028,13408,1.676000
1989,630346,13360,1.670000
1990,630662,13424,1.678000
1991,630979,13312,1.664000
1992,631296,13344,1.668000
1993,631612,13408,1.676000
1994,631930,13408,1.676000
1995,632246,13408,1.676000
1996,632563,13392,1.674000
1997,632880,13392,1.674000
1998,633197,13456,1.682000
1999,633514,13344,1.668000
2000,633830,13408,1.676000
2001,634148,13424,1.678000
2002,634464,13408,1.676000
2003,634781,13456,1.682000
2004,635098,13424,1.678000
2005,635415,13408,1.676000
2006,635732,13408,1.676000
2007,636048,13424,1.678000
2008,636366,13424,1.678000
2009,636685,13424,1.678000
2010,636999,13440,1.680000
2011,637316,13360,1.670000
2012,637633,13424,1.678000
2013,637950,13376,1.672000
2014,638267,13360,1.670000
2015,638583,13360,1.670000
2016,638900,13312,1.664000
2017,639217,13488,1.686000
2018,639534,13472,1.684000
2019,639850,13408,1.676000
2020,640168,13408,1.676000
2021,640485,13392,1.674000
2022,640802,13376,1.672000
2023,641118,13408,1.676000
2024,641435,13376,1.672000
2025,641752,13392,1.674000
2026,642069,13376,1.672000
2027,642386,13328,1.666000
2028,642702,13360,1.670000
2029,643020,13440,1.680000
2030,643336,13424,1.678000
2031,643654,13408,1.676000
2032,643970,13376,1.672000
2033,644287,13392,1.674000
2034,644604,13424,1.678000
2035,644920,13456,1.682000
2036,645237,13376,1.672000
2037,645555,13392,1.674000
2038,645871,13456,1.682000
2039,646188,13360,1.670000
2040,646505,13392,1.674000
2041,646822,13408,1.676000
2042,647139,13328,1.666000
2043,647455,13360,1.670000
2044,647772,13392,1.674000
2045,648089,13408,1.676000
2046,648406,13424,1.678000
2047,648723,13360,1.670000
2048,649040,13392,1.674000
2049,649357,13360,1.670000
2050,649673,13456,1.682000
2051,649991,13392,1.674000
2052,650307,13424,1.678000
2053,650624,13408,1.676000
2054,650941,13360,1.670000
2055,651257,13392,1.674000
2056,651575,13376,1.672000
2057,651892,13456,1.682000
2058,652209,13440,1.680000
2059,652525,13392,1.674000
2060,652842,13440,1.680000
2061,653159,13456,1.682000
2062,653476,13376,1.672000
2063,653793,13472,1.684000
2064,654110,13456,1.682000
2065,654426,13376,1.672000
2066,654743,13456,1.682000
2067,655059,13344,1.668000
2068,655377,13440,1.680000
2069,655694,13408,1.676000
2070,656011,13328,1.666000
2071,656328,13488,1.686000
2072,656644,13440,1.680000
2073,656961,13488,1.686000
2074,657279,13312,1.664000
2075,657595,13360,1.670000
2076,657912,13312,1.664000
2077,658229,13376,1.672000
2078,658546,13392,1.674000
2079,658862,13440,1.680000
2080,659179,13488,1.686000
2081,659496,13392,1.674000
2082,659813,13312,1.664000
2083,660130,13408,1.676000
2084,660446,13360,1.670000
2085,660764,13344,1.668000
2086,661080,13440,1.680000
2087,661397,13344,1.668000
2088,661714,13328,1.666000
2089,662031,13392,1.674000
2090,662348,13376,1.672000
2091,662665,13424,1.678000
2092,662981,13344,1.668000
2093,663298,13328,1.666000
2094,663615,13376,1.672000
2095,663932,13488,1.686000
2096,664249,13392,1.674000
2097,664566,13360,1.670000
2098,664883,13344,1.668000
2099,665200,13408,1.676000
2100,665516,13424,1.678000
2101,665833,13424,1.678000
2102,666150,13392,1.674000
2103,666467,13472,1.684000
2104,666784,13456,1.682000
2105,667101,13360,1.670000
2106,667418,13424,1.678000
2107,667734,13424,1.678000
2108,668052,13440,1.680000
2109,668368,13424,1.678000
2110,668686,13408,1.676000
2111,669002,13424,1.678000
2112,669319,13424,1.678000
2113,669636,13392,1.674000
2114,669952,13360,1.670000
2115,670269,13440,1.680000
2116,670586,13440,1.680000
2117,670902,13360,1.670000
2118,671220,13408,1.676000
2119,671537,13392,1.674000
2120,671853,13456,1.682000
2121,672171,13360,1.670000
2122,672487,13376,1.672000
2123,672804,13440,1.680000
2124,673121,13456,1.682000
2125,673438,13408,1.676000
2126,673755,13424,1.678000
2127,674072,13376,1.672000
2128,674389,13424,1.678000
2129,674705,13392,1.674000
2130,675022,13408,1.676000
2131,675339,13376,1.672000
2132,675656,13440,1.680000
2133,675973,13424,1.678000
2134,676290,13424,1.678000
2135,676607,13376,1.672000
2136,676923,13408,1.676000
2137,677240,13536,1.692000
2138,677557,13424,1.678000
2139,677874,13408,1.676000
2140,678191,13392,1.674000
2141,678508,13424,1.678000
2142,678825,13312,1.664000
2143,679141,13408,1.676000
2144,679458,13456,1.682000
2145,679775,13264,1.658000
2146,680092,13328,1.666000
2147,680409,13280,1.660000
2148,680726,13408,1.676000
2149,681042,13360,1.670000
2150,681360,13408,1.676000
2151,681676,13232,1.654000
2152,681993,13344,1.668000
2153,682310,13344,1.668000
2154,682627,13408,1.676000
2155,682944,13456,1.682000
2156,683260,13392,1.674000
2157,683578,13392,1.674000
2158,683894,13408,1.676000
2159,684211,13424,1.678000
2160,684528,13312,1.664000
2161,684845,13408,1.676000
2162,685162,13360,1.670000
2163,685479,13456,1.682000
2164,685795,13392,1.674000
2165,686112,13408,1.676000
2166,686429,13232,1.654000
2167,686746,13408,1.676000
2168,687062,13392,1.674000
2169,687380,13392,1.674000
2170,687697,13424,1.678000
2171,688013,13424,1.678000
2172,688330,13392,1.674000
2173,688647,13520,1.690000
2174,688964,13440,1.680000
2175,689281,13488,1.686000
2176,689598,13360,1.670000
2177,689915,13424,1.678000
2178,690232,13376,1.672000
2179,690548,13536,1.692000
2180,690866,13376,1.672000
2181,691182,13376,1.672000
2182,691499,13392,1.674000
2183,691816,13392,1.674000
2184,692132,13408,1.676000
2185,692450,13408,1.676000
2186,692766,13344,1.668000
2187,693083,13424,1.678000
2188,693400,13376,1.672000
2189,693717,13312,1.664000
2190,694033,13408,1.676000
2191,694351,13408,1.676000
2192,694667,13360,1.670000
2193,694985,13424,1.678000
2194,695302,13440,1.680000
2195,695618,13424,1.678000
2196,695934,13392,1.674000
2197,696252,13344,1.668000
2198,696569,13424,1.678000
2199,696886,13376,1.672000
2200,697202,13472,1.684000
2201,697519,13344,1.668000
2202,697836,13344,1.668000
2203,698153,13376,1.672000
2204,698470,13392,1.674000
2205,698787,13408,1.676000
2206,699103,13408,1.676000
2207,699421,13360,1.670000
2208,699737,13392,1.674000
2209,700053,13248,1.656000
2210,700371,13440,1.680000
2211,700688,13456,1.682000
2212,701004,13392,1.674000
2213,701321,13376,1.672000
2214,701638,13440,1.680000
2215,701956,13376,1.672000
2216,702272,13456,1.682000
2217,702589,13472,1.684000
2218,702906,13408,1.676000
2219,703223,13424,1.678000
2220,703540,13440,1.680000
2221,703856,13392,1.674000
2222,704173,13504,1.688000
2223,704490,13440,1.680000
2224,704807,13392,1.674000
2225,705124,13424,1.678000
2226,705441,13392,1.674000
2227,705758,13440,1.680000
2228,706074,13376,1.672000
2229,706392,13328,1.666000
2230,706708,13408,1.676000
2231,707025,13456,1.682000
2232,707342,13408,1.676000
2233,707659,13392,1.674000
2234,707976,13376,1.672000
2235,708293,13360,1.670000
2236,708609,13376,1.672000
2237,708926,13424,1.678000
2238,709243,13456,1.682000
2239,709560,13344,1.668000
2240,709876,13408,1.676000
2241,710194,13312,1.664000
2242,710510,13424,1.678000
2243,710827,13392,1.674000
2244,711144,13328,1.666000
2245,711461,13344,1.668000
2246,711778,13344,1.668000
2247,712094,13376,1.672000
2248,712412,13424,1.678000
2249,712729,13376,1.672000
2250,713045,13312,1.664000
2251,713362,13408,1.676000
2252,713679,13440,1.680000
2253,713996,13344,1.668000
2254,714313,13408,1.676000
2255,714629,13424,1.678000
2256,714946,13424,1.678000
2257,715264,13392,1.674000
2258,715580,13360,1.670000
2259,715897,13456,1.682000
2260,716214,13392,1.674000
2261,716531,13376,1.672000
2262,716847,13392,1.674000
2263,717165,13424,1.678000
2264,717481,13424,1.678000
2265,717798,13424,1.678000
2266,718115,13376,1.672000
2267,718432,13424,1.678000
2268,718749,13520,1.690000
2269,719065,13440,1.680000
2270,719382,13440,1.680000
2271,719700,13408,1.676000
2272,720016,13392,1.674000
2273,720333,13440,1.680000
2274,720650,13392,1.674000
2275,720966,13360,1.670000
2276,721283,13408,1.676000
2277,721601,13456,1.682000
2278,721917,13392,1.674000
2279,722234,13392,1.674000
2280,722551,13376,1.672000
2281,722868,13296,1.662000
2282,723185,13456,1.682000
2283,723502,13424,1.678000
2284,723818,13392,1.674000
2285,724135,13344,1.668000
2286,724452,13392,1.674000
2287,724769,13376,1.672000
2288,725086,13376,1.672000
2289,725403,13392,1.674000
2290,725719,13440,1.680000
2291,726037,13408,1.676000
2292,726353,13408,1.676000
2293,726670,13344,1.668000
2294,726987,13360,1.670000
2295,727304,13376,1.672000
2296,727621,13424,1.678000
2297,727938,13424,1.678000
2298,728255,13360,1.670000
2299,728571,13344,1.668000
2300,728888,13360,1.670000
2301,729205,13344,1.668000
2302,729521,13408,1.676000
2303,729839,13408,1.676000
2304,730155,13360,1.670000
2305,730473,13456,1.682000
2306,730790,13392,1.674000
2307,731106,13424,1.678000
2308,731423,13360,1.670000
2309,731740,13392,1.674000
2310,732057,13456,1.682000
2311,732374,13376,1.672000
2312,732690,13360,1.670000
2313,733008,13376,1.672000
2314,733325,13376,1.672000
2315,733641,13392,1.674000
2316,733958,13392,1.674000
2317,734275,13408,1.676000
2318,734591,13376,1.672000
2319,734909,13424,1.678000
2320,735225,13392,1.674000
2321,735542,13408,1.676000
2322,735859,13440,1.680000
2323,736176,13408,1.676000
2324,736493,13408,1.676000
2325,736810,13456,1.682000
2326,737126,13440,1.680000
2327,737444,13424,1.678000
2328,737761,13408,1.676000
2329,738077,13424,1.678000
2330,738394,13408,1.676000
2331,738711,13424,1.678000
2332,739027,13408,1.676000
2333,739345,13376,1.672000
2334,739661,13456,1.682000
2335,739978,13408,1.676000
2336,740295,13424,1.678000
2337,740611,13376,1.672000
2338,740929,13376,1.672000
2339,741246,13344,1.668000
2340,741563,13376,1.672000
2341,741879,13360,1.670000
2342,742197,13360,1.670000
2343,742513,13392,1.674000
2344,742830,13344,1.668000
2345,743147,13376,1.672000
2346,743464,13360,1.670000
2347,743781,13408,1.676000
2348,744097,13376,1.672000
2349,744414,13312,1.664000
2350,744731,13376,1.672000
2351,745048,13392,1.674000
2352,745365,13360,1.670000
2353,745685,13360,1.670000
2354,745999,13408,1.676000
2355,746316,13440,1.680000
2356,746632,13392,1.674000
2357,746949,13312,1.664000
2358,747266,13360,1.670000
2359,747583,13360,1.670000
2360,747900,13424,1.678000
2361,748217,13440,1.680000
2362,748534,13392,1.674000
2363,748851,13376,1.672000
2364,749167,13360,1.670000
2365,749484,13360,1.670000
2366,749801,13360,1.670000
2367,750118,13408,1.676000
2368,750435,13408,1.676000
2369,750752,13456,1.682000
2370,751068,13376,1.672000
2371,751385,13376,1.672000
2372,751702,13440,1.680000
2373,752018,13408,1.676000
2374,752336,13456,1.682000
2375,752653,13440,1.680000
2376,752969,13408,1.676000
2377,753286,13376,1.672000
2378,753603,13408,1.676000
2379,753920,13424,1.678000
2380,754237,13360,1.670000
2381,754554,13456,1.682000
2382,754871,13440,1.680000
2383,755188,13472,1.684000
2384,755504,13408,1.676000
2385,755821,13472,1.684000
2386,756138,13376,1.672000
2387,756455,13408,1.676000
2388,756772,13408,1.676000
2389,757088,13424,1.678000
2390,757405,13408,1.676000
2391,757722,13392,1.674000
2392,758039,13408,1.676000
2393,758356,13392,1.674000
2394,758673,13344,1.668000
2395,758990,13360,1.670000
2396,759307,13344,1.668000
2397,759623,13376,1.672000
2398,759941,13360,1.670000
2399,760257,13424,1.678000
2400,760574,13360,1.670000
2401,760890,13424,1.678000
2402,761208,13376,1.672000
2403,761525,13424,1.678000
2404,761841,13360,1.670000
2405,762159,13424,1.678000
2406,762475,13376,1.672000
2407,762792,13344,1.668000
2408,763108,13408,1.676000
2409,763426,13344,1.668000
2410,763742,13376,1.672000
2411,764060,13376,1.672000
2412,764377,13424,1.678000
2413,764693,13392,1.674000
2414,765010,13376,1.672000
2415,765327,13376,1.672000
2416,765644,13376,1.672000
2417,765961,13344,1.668000
2418,766278,13424,1.678000
2419,766595,13360,1.670000
2420,766911,13392,1.674000
2421,767228,13344,1.668000
2422,767545,13392,1.674000
2423,767862,13392,1.674000
2424,768179,13376,1.672000
2425,768496,13472,1.684000
2426,768813,13392,1.674000
2427,769129,13392,1.674000
2428,769446,13376,1.672000
2429,769763,13424,1.678000
2430,770080,13424,1.678000
2431,770397,13344,1.668000
2432,770714,13408,1.676000
2433,771030,13440,1.680000
2434,771347,13504,1.688000
2435,771664,13408,1.676000
2436,771981,13376,1.672000
2437,772298,13424,1.678000
2438,772615,13440,1.680000
2439,772931,13392,1.674000
2440,773248,13472,1.684000
2441,773565,13472,1.684000
2442,773883,13440,1.680000
2443,774198,13408,1.676000
2444,774516,13360,1.670000
2445,774833,13424,1.678000
2446,775149,13376,1.672000
2447,775467,13264,1.658000
2448,775783,13376,1.672000
2449,776100,13392,1.674000
2450,776417,13408,1.676000
2451,776734,13456,1.682000
2452,777051,13392,1.674000
2453,777368,13360,1.670000
2454,777686,13152,1.644000
2455,778001,13408,1.676000
2456,778318,13408,1.676000
2457,778635,13424,1.678000
2458,778952,13376,1.672000
2459,779269,13424,1.678000
2460,779586,13360,1.670000
2461,779903,13360,1.670000
2462,780220,13328,1.666000
2463,780536,13376,1.672000
2464,780853,13344,1.668000
2465,781170,13408,1.676000
2466,781487,13408,1.676000
2467,781804,13424,1.678000
2468,782120,13392,1.674000
2469,782438,13456,1.682000
2470,782754,13424,1.678000
2471,783071,13392,1.674000
2472,783388,13376,1.672000
2473,783705,13408,1.676000
2474,784022,13392,1.674000
2475,784339,13408,1.676000
2476,784656,13456,1.682000
2477,784972,13392,1.674000
2478,785289,13440,1.680000
2479,785606,13440,1.680000
2480,785923,13456,1.682000
2481,786239,13392,1.674000
2482,786557,13408,1.676000
2483,786874,13424,1.678000
2484,787190,13424,1.678000
2485,787507,13424,1.678000
2486,787824,13392,1.674000
2487,788140,13440,1.680000
2488,788458,13440,1.680000
2489,788775,13520,1.690000
2490,789091,13392,1.674000
2491,789408,13440,1.680000
2492,789725,13424,1.678000
2493,790042,13392,1.674000
2494,790359,13408,1.676000
2495,790676,13360,1.670000
2496,790992,13520,1.690000
2497,791310,13216,1.652000
2498,791626,13408,1.676000
2499,791943,13392,1.674000
2500,792260,13376,1.672000
2501,792577,13344,1.668000
2502,792894,13472,1.684000
2503,793211,13360,1.670000
2504,793527,13344,1.668000
2505,793845,13424,1.678000
2506,794161,13392,1.674000
2507,794478,13392,1.674000
2508,794795,13344,1.668000
2509,795112,13456,1.682000
2510,795429,13664,1.708000
2511,795746,13392,1.674000
2512,796062,13264,1.658000
2513,796379,13344,1.668000
2514,796696,13392,1.674000
2515,797012,13376,1.672000
2516,797330,13616,1.702000
2517,797647,13376,1.672000
2518,797963,13328,1.666000
2519,798281,13440,1.680000
2520,798597,13392,1.674000
2521,798914,13392,1.674000
2522,799231,13408,1.676000
2523,799548,13408,1.676000
2524,799865,13376,1.672000
2525,800182,13472,1.684000
2526,800498,13456,1.682000
2527,800815,13392,1.674000
2528,801131,13296,1.662000
2529,801449,13488,1.686000
2530,801766,13456,1.682000
2531,802082,13408,1.676000
2532,802399,13360,1.670000
2533,802716,13392,1.674000
2534,803033,13440,1.680000
2535,803350,13456,1.682000
2536,803667,13440,1.680000
2537,803984,13360,1.670000
2538,804301,13264,1.658000
2539,804618,13504,1.688000
2540,804934,13440,1.680000
2541,805252,13360,1.670000
2542,805568,13376,1.672000
2543,805885,13472,1.684000
2544,806202,13312,1.664000
2545,806519,13424,1.678000
2546,806835,13344,1.668000
2547,807153,13376,1.672000
2548,807469,13392,1.674000
2549,807786,13360,1.670000
2550,808102,13392,1.674000
2551,808420,13408,1.676000
2552,808736,13424,1.678000
2553,809054,13408,1.676000
2554,809371,13392,1.674000
2555,809688,13408,1.676000
2556,810004,13392,1.674000
2557,810321,13376,1.672000
2558,810638,13376,1.672000
2559,810954,13344,1.668000
2560,811272,13376,1.672000
2561,811588,13328,1.666000
2562,811905,13440,1.680000
2563,812223,13472,1.684000
2564,812539,13360,1.670000
2565,812856,13424,1.678000
2566,813173,13344,1.668000
2567,813489,13440,1.680000
2568,813807,13392,1.674000
2569,814123,13344,1.668000
2570,814440,13392,1.674000
2571,814757,13376,1.672000
2572,815074,13376,1.672000
2573,815391,13392,1.674000
2574,815707,13392,1.674000
2575,816024,13376,1.672000
2576,816341,13456,1.682000
2577,816658,13424,1.678000
2578,816974,13392,1.674000
2579,817292,13408,1.676000
2580,817609,13408,1.676000
2581,817925,13344,1.668000
2582,818242,13392,1.674000
2583,818559,13424,1.678000
2584,818876,13472,1.684000
2585,819193,13440,1.680000
2586,819510,13408,1.676000
2587,819827,13408,1.676000
2588,820144,13344,1.668000
2589,820461,13392,1.674000
2590,820777,13424,1.678000
2591,821094,13424,1.678000
2592,821411,13392,1.674000
2593,821728,13424,1.678000
2594,822045,13504,1.688000
2595,822362,13296,1.662000
2596,822678,13344,1.668000
2597,822995,13312,1.664000
2598,823312,13488,1.686000
2599,823629,13424,1.678000
2600,823945,13440,1.680000
2601,824263,13376,1.672000
2602,824580,13376,1.672000
2603,824897,13408,1.676000
2604,825213,13360,1.670000
2605,825530,13440,1.680000
2606,825847,13440,1.680000
2607,826164,13408,1.676000
2608,826481,13392,1.674000
2609,826797,13328,1.666000
2610,827115,13376,1.672000
2611,827432,13440,1.680000
2612,827748,13360,1.670000
2613,828065,13376,1.672000
2614,828382,13376,1.672000
2615,828699,13344,1.668000
2616,829015,13360,1.670000
2617,829333,13408,1.676000
2618,829649,13312,1.664000
2619,829966,13408,1.676000
2620,830283,13376,1.672000
2621,830600,13408,1.676000
2622,830917,13360,1.670000
2623,831234,13424,1.678000
2624,831551,13312,1.664000
2625,831867,13440,1.680000
2626,832184,13344,1.668000
2627,832500,13440,1.680000
2628,832818,13280,1.660000
2629,833135,13408,1.676000
2630,833451,13376,1.672000
2631,833769,13456,1.682000
2632,834085,13408,1.676000
2633,834402,13376,1.672000
2634,834719,13424,1.678000
2635,835036,13424,1.678000
2636,835353,13408,1.676000
2637,835670,13440,1.680000
2638,835987,13360,1.670000
2639,836304,13456,1.682000
2640,836620,13376,1.672000
2641,836937,13376,1.672000
2642,837254,13424,1.678000
2643,837571,13408,1.676000
2644,837888,13344,1.668000
2645,838204,13440,1.680000
2646,838521,13360,1.670000
2647,838838,13408,1.676000
2648,839155,13392,1.674000
2649,839472,13408,1.676000
2650,839789,13456,1.682000
2651,840106,13344,1.668000
2652,840423,13440,1.680000
2653,840739,13392,1.674000
2654,841056,13360,1.670000
2655,841373,13360,1.670000
2656,841690,13392,1.674000
2657,842007,13360,1.670000
2658,842324,13328,1.666000
2659,842641,13424,1.678000
2660,842957,13376,1.672000
2661,843274,13344,1.668000
2662,843591,13424,1.678000
2663,843908,13408,1.676000
2664,844225,13344,1.668000
2665,844541,13328,1.666000
2666,844859,13360,1.670000
2667,845175,13344,1.668000
2668,845492,13360,1.670000
2669,845809,13392,1.674000
2670,846126,13376,1.672000
2671,846443,13312,1.664000
2672,846760,13344,1.668000
2673,847077,13440,1.680000
2674,847393,13408,1.676000
2675,847710,13424,1.678000
2676,848027,13440,1.680000
2677,848344,13360,1.670000
2678,848661,13344,1.668000
2679,848977,13376,1.672000
2680,849295,13360,1.670000
2681,849611,13392,1.674000
2682,849929,13440,1.680000
2683,850245,13424,1.678000
2684,850562,13424,1.678000
2685,850879,13392,1.674000
2686,851196,13392,1.674000
2687,851512,13424,1.678000
2688,851829,13376,1.672000
2689,852146,13408,1.676000
2690,852463,13392,1.674000
2691,852780,13392,1.674000
2692,853096,13376,1.672000
2693,853414,13408,1.676000
2694,853731,13408,1.676000
2695,854047,13440,1.680000
2696,854364,13408,1.676000
2697,854685,13376,1.672000
2698,854998,13392,1.674000
2699,855315,13408,1.676000
2700,855632,13392,1.674000
2701,855949,13408,1.676000
2702,856266,13408,1.676000
2703,856582,13456,1.682000
2704,856899,13376,1.672000
2705,857216,13376,1.672000
2706,857533,13392,1.674000
2707,857850,13360,1.670000
2708,858166,13376,1.672000
2709,858483,13392,1.674000
2710,858801,13440,1.680000
2711,859117,13360,1.670000
2712,859434,13392,1.674000
2713,859751,13360,1.670000
2714,860067,13424,1.678000
2715,860385,13392,1.674000
2716,860702,13344,1.668000
2717,861018,13392,1.674000
2718,861335,13392,1.674000
2719,861652,13344,1.668000
2720,861969,13344,1.668000
2721,862286,13328,1.666000
2722,862602,13376,1.672000
2723,862919,13344,1.668000
2724,863236,13360,1.670000
2725,863553,13376,1.672000
2726,863870,13440,1.680000
2727,864187,13392,1.674000
2728,864504,13360,1.670000
2729,864820,13392,1.674000
2730,865137,13424,1.678000
2731,865454,13440,1.680000
2732,865771,13424,1.678000
2733,866088,13424,1.678000
2734,866405,13376,1.672000
2735,866722,13360,1.670000
2736,867038,13392,1.674000
2737,867355,13392,1.674000
2738,867672,13440,1.680000
2739,867989,13392,1.674000
2740,868306,13424,1.678000
2741,868623,13424,1.678000
2742,868940,13424,1.678000
2743,869257,13392,1.674000
2744,869574,13376,1.672000
2745,869891,13360,1.670000
2746,870208,13392,1.674000
2747,870524,13456,1.682000
2748,870841,13472,1.684000
2749,871158,13504,1.688000
2750,871475,13408,1.676000
2751,871792,13424,1.678000
2752,872108,13456,1.682000
2753,872425,13376,1.672000
2754,872742,13472,1.684000
2755,873059,13408,1.676000
2756,873376,13424,1.678000
2757,873693,13360,1.670000
2758,874010,13392,1.674000
2759,874327,13440,1.680000
2760,874643,13456,1.682000
2761,874960,13424,1.678000
2762,875277,13312,1.664000
2763,875594,13392,1.674000
2764,875911,13424,1.678000
2765,876228,13360,1.670000
2766,876544,13472,1.684000
2767,876861,13360,1.670000
2768,877178,13344,1.668000
2769,877495,13392,1.674000
2770,877812,13424,1.678000
2771,878129,13424,1.678000
2772,878446,13408,1.676000
2773,878762,13376,1.672000
2774,879079,13424,1.678000
2775,879396,13424,1.678000
2776,879713,13424,1.678000
2777,880030,13392,1.674000
2778,880347,13344,1.668000
2779,880663,13344,1.668000
2780,880980,13360,1.670000
2781,881298,13344,1.668000
2782,881614,13424,1.678000
2783,881931,13376,1.672000
2784,882248,13376,1.672000
2785,882565,13360,1.670000
2786,882881,13360,1.670000
2787,883198,13360,1.670000
2788,883515,13408,1.676000
2789,883833,13392,1.674000
2790,884149,13424,1.678000
2791,884466,13424,1.678000
2792,884782,13392,1.674000
2793,885100,13408,1.676000
2794,885416,13376,1.672000
2795,885733,13456,1.682000
2796,886050,13424,1.678000
2797,886367,13440,1.680000
2798,886686,13392,1.674000
2799,887001,13456,1.682000
2800,887318,13424,1.678000
2801,887635,13456,1.682000
2802,887951,13456,1.682000
2803,888268,13408,1.676000
2804,888586,13472,1.684000
2805,888902,13424,1.678000
2806,889219,13232,1.654000
2807,889536,13424,1.678000
2808,889852,13360,1.670000
2809,890169,13408,1.676000
2810,890487,13328,1.666000
2811,890803,13360,1.670000
2812,891120,13200,1.650000
2813,891437,13344,1.668000
2814,891753,13424,1.678000
2815,892071,13376,1.672000
2816,892388,13392,1.674000
2817,892704,13360,1.670000
2818,893021,13344,1.668000
2819,893338,13440,1.680000
2820,893655,13376,1.672000
2821,893972,13424,1.678000
2822,894289,13408,1.676000
2823,894605,13408,1.676000
2824,894922,13392,1.674000
2825,895239,13664,1.708000
2826,895556,13328,1.666000
2827,895872,13392,1.674000
2828,896190,13392,1.674000
2829,896507,13392,1.674000
2830,896824,13312,1.664000
2831,897140,13360,1.670000
2832,897457,13408,1.676000
2833,897774,13360,1.670000
2834,898091,13392,1.674000
2835,898408,13424,1.678000
2836,898724,13392,1.674000
2837,899042,13392,1.674000
2838,899359,13424,1.678000
2839,899675,13360,1.670000
2840,899992,13376,1.672000
2841,900309,13424,1.678000
2842,900626,13424,1.678000
2843,900942,13408,1.676000
2844,901259,13392,1.674000
2845,901576,13392,1.674000
2846,901894,13376,1.672000
2847,902210,13376,1.672000
2848,902527,13456,1.682000
2849,902844,13328,1.666000
2850,903160,13440,1.680000
2851,903477,13360,1.670000
2852,903794,13360,1.670000
2853,904111,13408,1.676000
2854,904427,13440,1.680000
2855,904745,13424,1.678000
2856,905062,13424,1.678000
2857,905379,13440,1.680000
2858,905695,13392,1.674000
2859,906012,13344,1.668000
2860,906329,13424,1.678000
2861,906646,13520,1.690000
2862,906963,13632,1.704000
2863,907280,13392,1.674000
2864,907597,13424,1.678000
2865,907914,13376,1.672000
2866,908230,13392,1.674000
2867,908547,13408,1.676000
2868,908864,13552,1.694000
2869,909180,13376,1.672000
2870,909497,13408,1.676000
2871,909815,13376,1.672000
2872,910131,13408,1.676000
2873,910449,13312,1.664000
2874,910765,13376,1.672000
2875,911082,13360,1.670000
2876,911399,13456,1.682000
2877,911716,13504,1.688000
2878,912032,13408,1.676000
2879,912350,13360,1.670000
2880,912666,13392,1.674000
2881,912983,13328,1.666000
2882,913300,13360,1.670000
2883,913617,13392,1.674000
2884,913934,13456,1.682000
2885,914251,13376,1.672000
2886,914567,13360,1.670000
2887,914884,13392,1.674000
2888,915201,13344,1.668000
2889,915518,13376,1.672000
2890,915835,13312,1.664000
2891,916151,13424,1.678000
2892,916469,13424,1.678000
2893,916785,13424,1.678000
2894,917103,13360,1.670000
2895,917419,13424,1.678000
2896,917736,13328,1.666000
2897,918053,13424,1.678000
2898,918369,13408,1.676000
2899,918686,13392,1.674000
2900,919004,13408,1.676000
2901,919321,13472,1.684000
2902,919637,13472,1.684000
2903,919954,13328,1.666000
2904,920271,13440,1.680000
2905,920588,13360,1.670000
2906,920904,13392,1.674000
2907,921221,13344,1.668000
2908,921538,13376,1.672000
2909,921855,13504,1.688000
2910,922172,13408,1.676000
2911,922489,13408,1.676000
2912,922806,13312,1.664000
2913,923123,13360,1.670000
2914,923440,13424,1.678000
2915,923756,13440,1.680000
2916,924073,13360,1.670000
2917,924390,13392,1.674000
2918,924707,13408,1.676000
2919,925024,13424,1.678000
2920,925341,13392,1.674000
2921,925657,13440,1.680000
2922,925975,13376,1.672000
2923,926291,13376,1.672000
2924,926608,13360,1.670000
2925,926925,13424,1.678000
2926,927242,13344,1.668000
2927,927559,13408,1.676000
2928,927875,13424,1.678000
2929,928192,13360,1.670000
2930,928509,13408,1.676000
2931,928826,13408,1.676000
2932,929143,13392,1.674000
2933,929460,13376,1.672000
2934,929777,13360,1.670000
2935,930094,13360,1.670000
2936,930410,13408,1.676000
2937,930728,13360,1.670000
2938,931044,13408,1.676000
2939,931361,13344,1.668000
2940,931678,13408,1.676000
2941,931994,13296,1.662000
2942,932311,13328,1.666000
2943,932629,13440,1.680000
2944,932945,13360,1.670000
2945,933262,13472,1.684000
2946,933579,13504,1.688000
2947,933896,13408,1.676000
2948,934213,13424,1.678000
2949,934530,13424,1.678000
2950,934846,13456,1.682000
2951,935164,13376,1.672000
2952,935480,13440,1.680000
2953,935797,13408,1.676000
2954,936114,13440,1.680000
2955,936431,13424,1.678000
2956,936748,13440,1.680000
2957,937064,13392,1.674000
2958,937382,13440,1.680000
2959,937698,13440,1.680000
2960,938015,13424,1.678000
2961,938332,13440,1.680000
2962,938649,13376,1.672000
2963,938966,13408,1.676000
2964,939282,13424,1.678000
2965,939600,13472,1.684000
2966,939916,13392,1.674000
2967,940233,13376,1.672000
2968,940550,13392,1.674000
2969,940866,13456,1.682000
2970,941184,13408,1.676000
2971,941501,13344,1.668000
2972,941817,13376,1.672000
2973,942134,13360,1.670000
2974,942450,13360,1.670000
2975,942768,13344,1.668000
2976,943085,13376,1.672000
2977,943402,13344,1.668000
2978,943719,13424,1.678000
2979,944035,13328,1.666000
2980,944352,13296,1.662000
2981,944669,13424,1.678000
2982,944986,13392,1.674000
2983,945303,13376,1.672000
2984,945620,13392,1.674000
2985,945936,13344,1.668000
2986,946253,13344,1.668000
2987,946570,13328,1.666000
2988,946887,13408,1.676000
2989,947204,13440,1.680000
2990,947521,13440,1.680000
2991,947838,13440,1.680000
2992,948154,13456,1.682000
2993,948472,13392,1.674000
2994,948788,13472,1.684000
2995,949105,13376,1.672000
2996,949421,13376,1.672000
2997,949739,13392,1.674000
2998,950056,13344,1.668000
2999,950373,13360,1.670000
3000,950689,13360,1.670000
3001,951006,13424,1.678000
3002,951323,13376,1.672000
3003,951640,13440,1.680000
3004,951957,13440,1.680000
3005,952274,13408,1.676000
3006,952590,13440,1.680000
3007,952908,13424,1.678000
3008,953225,13424,1.678000
3009,953541,13360,1.670000
3010,953858,13408,1.676000
3011,954175,13392,1.674000
3012,954492,13392,1.674000
3013,954809,13408,1.676000
3014,955125,13376,1.672000
3015,955442,13440,1.680000
3016,955759,13392,1.674000
3017,956076,13408,1.676000
3018,956392,13456,1.682000
3019,956710,13408,1.676000
3020,957026,13424,1.678000
3021,957344,13360,1.670000
3022,957660,13392,1.674000
3023,957977,13392,1.674000
3024,958294,13408,1.676000
3025,958611,13392,1.674000
3026,958928,13328,1.666000
3027,959245,13344,1.668000
3028,959561,13440,1.680000
3029,959878,13376,1.672000
3030,960195,13392,1.674000
3031,960512,13424,1.678000
3032,960829,13360,1.670000
3033,961145,13376,1.672000
3034,961463,13392,1.674000
3035,961780,13392,1.674000
3036,962096,13456,1.682000
3037,962413,13360,1.670000
3038,962730,13328,1.666000
3039,963047,13376,1.672000
3040,963364,13312,1.664000
3041,963685,13360,1.670000
3042,963997,13360,1.670000
3043,964314,13440,1.680000
3044,964631,13392,1.674000
3045,964948,13424,1.678000
3046,965265,13408,1.676000
3047,965582,13456,1.682000
3048,965899,13456,1.682000
3049,966216,13408,1.676000
3050,966532,13392,1.674000
3051,966849,13392,1.674000
3052,967166,13408,1.676000
3053,967483,13392,1.674000
3054,967800,13360,1.670000
3055,968116,13360,1.670000
3056,968433,13392,1.674000
3057,968750,13440,1.680000
3058,969067,13440,1.680000
3059,969383,13392,1.674000
3060,969701,13408,1.676000
3061,970018,13424,1.678000
3062,970335,13392,1.674000
3063,970651,13440,1.680000
3064,970968,13424,1.678000
3065,971285,13440,1.680000
3066,971602,13392,1.674000
3067,971919,13360,1.670000
3068,972236,13392,1.674000
3069,972553,13456,1.682000
3070,972869,13344,1.668000
3071,973186,13472,1.684000
3072,973503,13296,1.662000
3073,973820,13360,1.670000
3074,974137,13408,1.676000
3075,974454,13392,1.674000
3076,974771,13360,1.670000
3077,975087,13424,1.678000
3078,975404,13360,1.670000
3079,975721,13360,1.670000
3080,976038,13440,1.680000
3081,976355,13328,1.666000
3082,976672,13328,1.666000
3083,976989,13376,1.672000
3084,977305,13376,1.672000
3085,977623,13472,1.684000
3086,977939,13376,1.672000
3087,978256,13360,1.670000
3088,978573,13328,1.666000
3089,978890,13344,1.668000
3090,979207,13376,1.672000
3091,979524,13392,1.674000
3092,979840,13392,1.674000
3093,980157,13376,1.672000
3094,980474,13456,1.682000
3095,980791,13456,1.682000
3096,981108,13360,1.670000
3097,981425,13408,1.676000
3098,981742,13488,1.686000
3099,982058,13424,1.678000
3100,982375,13456,1.682000
3101,982692,13392,1.674000
3102,983009,13472,1.684000
3103,983326,13424,1.678000
3104,983643,13392,1.674000
3105,983960,13392,1.674000
3106,984276,13408,1.676000
3107,984593,13440,1.680000
3108,984910,13424,1.678000
3109,985227,13440,1.680000
3110,985544,13376,1.672000
3111,985861,13376,1.672000
3112,986177,13456,1.682000
3113,986494,13360,1.670000
3114,986812,13440,1.680000
3115,987128,13408,1.676000
3116,987445,13472,1.684000
3117,987761,13344,1.668000
3118,988079,13360,1.670000
3119,988396,13472,1.684000
3120,988713,13440,1.680000
3121,989029,13456,1.682000
3122,989346,13424,1.678000
3123,989663,13424,1.678000
3124,989979,13392,1.674000
3125,990296,13456,1.682000
3126,990614,13392,1.674000
3127,990930,13424,1.678000
3128,991247,13424,1.678000
3129,991564,13424,1.678000
3130,991881,13424,1.678000
3131,992198,13408,1.676000
3132,992515,13344,1.668000
3133,992832,13360,1.670000
3134,993148,13392,1.674000
3135,993465,13440,1.680000
3136,993783,13344,1.668000
3137,994099,13392,1.674000
3138,994416,13440,1.680000
3139,994733,13344,1.668000
3140,995050,13376,1.672000
3141,995367,13376,1.672000
3142,995686,13360,1.670000
3143,996000,13360,1.670000
3144,996317,13344,1.668000
3145,996634,13328,1.666000
3146,996951,13392,1.674000
3147,997267,13376,1.672000
3148,997584,13328,1.666000
3149,997901,13408,1.676000
3150,998218,13392,1.674000
3151,998535,13408,1.676000
3152,998851,13424,1.678000
3153,999169,13440,1.680000
3154,999486,13424,1.678000
3155,999803,13440,1.680000
