sample,timestamp_us,raw,voltage_V
0,268,15296,1.912000
1,584,15232,1.904000
2,901,15232,1.904000
3,1218,13344,1.668000
4,1536,11520,1.440000
5,1852,11472,1.434000
6,2169,11456,1.432000
7,2486,11552,1.444000
8,2803,11520,1.440000
9,3120,11472,1.434000
10,3437,11504,1.438000
11,3753,11488,1.436000
12,4070,11520,1.440000
13,4387,11472,1.434000
14,4704,11456,1.432000
15,5020,11440,1.430000
16,5337,11536,1.442000
17,5654,11440,1.430000
18,5971,11488,1.436000
19,6288,11488,1.436000
20,6605,11568,1.446000
21,6922,11488,1.436000
22,7238,11472,1.434000
23,7556,11488,1.436000
24,7873,11488,1.436000
25,8190,11504,1.438000
26,8506,11376,1.422000
27,8823,11488,1.436000
28,9139,11488,1.436000
29,9457,13280,1.660000
30,9774,15312,1.914000
31,10090,15264,1.908000
32,10408,15232,1.904000
33,10724,15216,1.902000
34,11042,15296,1.912000
35,11358,15280,1.910000
36,11675,15328,1.916000
37,11992,15264,1.908000
38,12308,15280,1.910000
39,12625,15328,1.916000
40,12942,15248,1.906000
41,13259,15264,1.908000
42,13576,15312,1.914000
43,13893,15280,1.910000
44,14210,15280,1.910000
45,14526,15360,1.920000
46,14844,15248,1.906000
47,15160,15312,1.914000
48,15477,15232,1.904000
49,15793,15248,1.906000
50,16111,15280,1.910000
51,16428,15264,1.908000
52,16745,15360,1.920000
53,17062,15216,1.902000
54,17379,15280,1.910000
55,17695,15248,1.906000
56,18012,11472,1.434000
57,18329,11440,1.430000
58,18645,11552,1.444000
59,18963,11488,1.436000
60,19280,11408,1.426000
61,19596,11504,1.438000
62,19913,11504,1.438000
63,20230,11520,1.440000
64,20547,11536,1.442000
65,20864,11536,1.442000
66,21180,11472,1.434000
67,21498,11472,1.434000
68,21814,11456,1.432000
69,22131,11520,1.440000
70,22448,11536,1.442000
71,22765,11488,1.436000
72,23081,11536,1.442000
73,23399,11520,1.440000
74,23715,11504,1.438000
75,24033,11488,1.436000
76,24349,11520,1.440000
77,24667,11504,1.438000
78,24983,11472,1.434000
79,25300,11520,1.440000
80,25617,11488,1.436000
81,25934,11488,1.436000
82,26251,14512,1.814000
83,26567,15280,1.910000
84,26884,15264,1.908000
85,27201,15296,1.912000
86,27518,15232,1.904000
87,27835,15312,1.914000
88,28152,15280,1.910000
89,28468,15264,1.908000
90,28785,15264,1.908000
91,29102,15248,1.906000
92,29419,15296,1.912000
93,29736,15248,1.906000
94,30053,15232,1.904000
95,30369,15328,1.916000
96,30686,15248,1.906000
97,31003,15216,1.902000
98,31320,15248,1.906000
99,31637,15280,1.910000
100,31954,15264,1.908000
101,32271,15296,1.912000
102,32588,15248,1.906000
103,32904,15312,1.914000
104,33222,15216,1.902000
105,33538,15280,1.910000
106,33855,15296,1.912000
107,34171,15280,1.910000
108,34489,13328,1.666000
109,34805,11456,1.432000
110,35123,11504,1.438000
111,35439,11536,1.442000
112,35756,11520,1.440000
113,36073,11488,1.436000
114,36390,11440,1.430000
115,36707,11536,1.442000
116,37024,11488,1.436000
117,37341,11504,1.438000
118,37657,11520,1.440000
119,37974,11440,1.430000
120,38291,11488,1.436000
121,38608,11536,1.442000
122,38924,11504,1.438000
123,39242,11440,1.430000
124,39559,11424,1.428000
125,39875,11600,1.450000
126,40192,11504,1.438000
127,40509,11504,1.438000
128,40826,11536,1.442000
129,41143,11536,1.442000
130,41460,11488,1.436000
131,41776,11472,1.434000
132,42094,11520,1.440000
133,42410,11504,1.438000
134,42727,11504,1.438000
135,43044,15296,1.912000
136,43361,15296,1.912000
137,43677,15280,1.910000
138,43994,15248,1.906000
139,44312,15280,1.910000
140,44628,15296,1.912000
141,44945,15312,1.914000
142,45262,15296,1.912000
143,45579,15312,1.914000
144,45896,15312,1.914000
145,46213,15248,1.906000
146,46529,15280,1.910000
147,46846,15280,1.910000
148,47163,15280,1.910000
149,47480,15280,1.910000
150,47797,15248,1.906000
151,48113,15296,1.912000
152,48430,15264,1.908000
153,48748,15264,1.908000
154,49064,15296,1.912000
155,49381,15312,1.914000
156,49697,15248,1.906000
157,50015,15264,1.908000
158,50332,15328,1.916000
159,50649,15328,1.916000
160,50966,15216,1.902000
161,51283,11520,1.440000
162,51599,11520,1.440000
163,51916,11504,1.438000
164,52232,11504,1.438000
165,52550,11472,1.434000
166,52867,11536,1.442000
167,53183,11440,1.430000
168,53500,11504,1.438000
169,53817,11568,1.446000
170,54134,11536,1.442000
171,54451,11504,1.438000
172,54768,11488,1.436000
173,55085,11472,1.434000
174,55402,11504,1.438000
175,55718,11520,1.440000
176,56035,11520,1.440000
177,56353,11504,1.438000
178,56669,11472,1.434000
179,56986,11504,1.438000
180,57303,11568,1.446000
181,57620,11472,1.434000
182,57937,11520,1.440000
183,58253,11504,1.438000
184,58570,11504,1.438000
185,58887,11440,1.430000
186,59204,11552,1.444000
187,59521,13408,1.676000
188,59837,15280,1.910000
189,60155,15296,1.912000
190,60471,15312,1.914000
191,60788,15216,1.902000
192,61105,15296,1.912000
193,61422,15184,1.898000
194,61738,15264,1.908000
195,62056,15328,1.916000
196,62373,15248,1.906000
197,62690,15264,1.908000
198,63006,15248,1.906000
199,63323,14992,1.874000
200,63640,15248,1.906000
201,63956,15296,1.912000
202,64274,15248,1.906000
203,64591,15280,1.910000
204,64908,15312,1.914000
205,65224,15280,1.910000
206,65541,15216,1.902000
207,65858,15248,1.906000
208,66175,15312,1.914000
209,66492,15216,1.902000
210,66809,15280,1.910000
211,67125,15312,1.914000
212,67442,15296,1.912000
213,67759,14496,1.812000
214,68076,11440,1.430000
215,68392,11552,1.444000
216,68710,11440,1.430000
217,69026,11536,1.442000
218,69344,11504,1.438000
219,69660,11472,1.434000
220,69977,11472,1.434000
221,70293,11488,1.436000
222,70611,11536,1.442000
223,70928,11488,1.436000
224,71245,11536,1.442000
225,71561,11504,1.438000
226,71879,11488,1.436000
227,72195,11504,1.438000
228,72512,11536,1.442000
229,72829,11504,1.438000
230,73146,11520,1.440000
231,73462,11456,1.432000
232,73780,11472,1.434000
233,74096,11520,1.440000
234,74413,11488,1.436000
235,74730,11504,1.438000
236,75046,11712,1.464000
237,75364,11504,1.438000
238,75685,11488,1.436000
239,75997,11488,1.436000
240,76315,15216,1.902000
241,76631,15248,1.906000
242,76948,15472,1.934000
243,77265,15264,1.908000
244,77581,15264,1.908000
245,77899,15328,1.916000
246,78215,15264,1.908000
247,78532,15248,1.906000
248,78849,15248,1.906000
249,79166,15296,1.912000
250,79483,15280,1.910000
251,79800,15408,1.926000
252,80117,15344,1.918000
253,80433,15216,1.902000
254,80750,15232,1.904000
255,81067,15168,1.896000
256,81384,15264,1.908000
257,81701,15216,1.902000
258,82018,15280,1.910000
259,82335,15248,1.906000
260,82652,15264,1.908000
261,82969,15296,1.912000
262,83285,15296,1.912000
263,83602,15264,1.908000
264,83919,15216,1.902000
265,84236,15296,1.912000
266,84552,13216,1.652000
267,84870,11456,1.432000
268,85187,11504,1.438000
269,85503,11456,1.432000
270,85820,11520,1.440000
271,86137,11472,1.434000
272,86454,11504,1.438000
273,86771,11584,1.448000
274,87088,11440,1.430000
275,87405,11472,1.434000
276,87721,11456,1.432000
277,88038,11520,1.440000
278,88355,11520,1.440000
279,88671,11520,1.440000
280,88989,11472,1.434000
281,89305,11488,1.436000
282,89623,11504,1.438000
283,89940,11472,1.434000
284,90257,11424,1.428000
285,90573,11568,1.446000
286,90890,11504,1.438000
287,91207,11488,1.436000
288,91524,11488,1.436000
289,91841,11488,1.436000
290,92157,11488,1.436000
291,92475,11456,1.432000
292,92791,13248,1.656000
293,93108,15312,1.914000
294,93424,15264,1.908000
295,93742,15248,1.906000
296,94058,15280,1.910000
297,94375,15280,1.910000
298,94692,15264,1.908000
299,95009,15248,1.906000
300,95326,15280,1.910000
301,95643,15264,1.908000
302,95960,15312,1.914000
303,96277,15280,1.910000
304,96593,15264,1.908000
305,96911,15296,1.912000
306,97227,15264,1.908000
307,97544,15296,1.912000
308,97860,15344,1.918000
309,98178,15280,1.910000
310,98495,15328,1.916000
311,98812,15232,1.904000
312,99128,15248,1.906000
313,99445,15328,1.916000
314,99762,15328,1.916000
315,100079,15296,1.912000
316,100396,15264,1.908000
317,100713,15232,1.904000
318,101029,15296,1.912000
319,101346,11504,1.438000
320,101663,11600,1.450000
321,101980,11536,1.442000
322,102297,11440,1.430000
323,102614,11456,1.432000
324,102930,11456,1.432000
325,103248,11568,1.446000
326,103564,11536,1.442000
327,103881,11520,1.440000
328,104198,11440,1.430000
329,104515,11456,1.432000
330,104832,11520,1.440000
331,105148,11488,1.436000
332,105466,11552,1.444000
333,105782,11424,1.428000
334,106099,11504,1.438000
335,106416,11504,1.438000
336,106733,11472,1.434000
337,107050,11504,1.438000
338,107367,11488,1.436000
339,107686,11424,1.428000
340,108000,11456,1.432000
341,108317,11488,1.436000
342,108634,11552,1.444000
343,108950,11488,1.436000
344,109268,11488,1.436000
345,109585,14336,1.792000
346,109902,15328,1.916000
347,110219,15296,1.912000
348,110535,15248,1.906000
349,110852,15248,1.906000
350,111169,15296,1.912000
351,111486,15296,1.912000
352,111803,15264,1.908000
353,112119,15264,1.908000
354,112437,15248,1.906000
355,112753,15344,1.918000
356,113070,15200,1.900000
357,113387,15248,1.906000
358,113704,15280,1.910000
359,114021,15280,1.910000
360,114338,15264,1.908000
361,114655,15344,1.918000
362,114971,15248,1.906000
363,115288,15216,1.902000
364,115605,15264,1.908000
365,115922,15312,1.914000
366,116239,15296,1.912000
367,116556,15248,1.906000
368,116873,15280,1.910000
369,117190,15248,1.906000
370,117506,15296,1.912000
371,117823,13424,1.678000
372,118140,11456,1.432000
373,118457,11520,1.440000
374,118774,11488,1.436000
375,119090,11520,1.440000
376,119407,11456,1.432000
377,119724,11536,1.442000
378,120041,11488,1.436000
379,120358,11504,1.438000
380,120675,11504,1.438000
381,120992,11504,1.438000
382,121309,11504,1.438000
383,121625,11520,1.440000
384,121942,11552,1.444000
385,122259,11504,1.438000
386,122576,11488,1.436000
387,122893,11472,1.434000
388,123210,11520,1.440000
389,123526,11472,1.434000
390,123843,11488,1.436000
391,124160,11472,1.434000
392,124477,11520,1.440000
393,124793,11488,1.436000
394,125111,11504,1.438000
395,125428,11456,1.432000
396,125744,11504,1.438000
397,126062,11456,1.432000
398,126378,15280,1.910000
399,126695,15264,1.908000
400,127012,15248,1.906000
401,127329,15248,1.906000
402,127646,15280,1.910000
403,127962,15264,1.908000
404,128280,15248,1.906000
405,128596,15248,1.906000
406,128913,15248,1.906000
407,129230,15296,1.912000
408,129547,15312,1.914000
409,129864,15280,1.910000
410,130181,15296,1.912000
411,130497,15232,1.904000
412,130814,15264,1.908000
413,131131,15280,1.910000
414,131448,15280,1.910000
415,131765,15248,1.906000
416,132082,15280,1.910000
417,132399,15264,1.908000
418,132716,15296,1.912000
419,133032,15280,1.910000
420,133349,15312,1.914000
421,133666,15248,1.906000
422,133983,15328,1.916000
423,134300,15232,1.904000
424,134617,11568,1.446000
425,134934,11552,1.444000
426,135251,11504,1.438000
427,135567,11488,1.436000
428,135884,11488,1.436000
429,136201,11584,1.448000
430,136518,11472,1.434000
431,136835,11504,1.438000
432,137152,11536,1.442000
433,137468,11552,1.444000
434,137785,11472,1.434000
435,138102,11536,1.442000
436,138419,11536,1.442000
437,138735,11488,1.436000
438,139053,11488,1.436000
439,139370,11472,1.434000
440,139686,11504,1.438000
441,140003,11472,1.434000
442,140320,11488,1.436000
443,140637,11504,1.438000
444,140953,11440,1.430000
445,141271,11520,1.440000
446,141588,11488,1.436000
447,141904,11520,1.440000
448,142221,11504,1.438000
449,142538,11504,1.438000
450,142855,13392,1.674000
451,143172,15264,1.908000
452,143489,15248,1.906000
453,143805,15280,1.910000
454,144123,15376,1.922000
455,144439,15248,1.906000
456,144756,15280,1.910000
457,145073,15232,1.904000
458,145390,15248,1.906000
459,145706,15312,1.914000
460,146024,15232,1.904000
461,146341,15328,1.916000
462,146657,15280,1.910000
463,146974,15280,1.910000
464,147290,15248,1.906000
465,147608,15280,1.910000
466,147925,15280,1.910000
467,148242,15024,1.878000
468,148558,15328,1.916000
469,148875,15280,1.910000
470,149192,15264,1.908000
471,149509,15280,1.910000
472,149826,15312,1.914000
473,150143,15264,1.908000
474,150459,15312,1.914000
475,150776,15248,1.906000
476,151093,14496,1.812000
477,151410,11488,1.436000
478,151728,11520,1.440000
479,152044,11456,1.432000
480,152361,11776,1.472000
481,152678,11488,1.436000
482,152994,11536,1.442000
483,153311,11488,1.436000
484,153628,11456,1.432000
485,153945,11504,1.438000
486,154262,11504,1.438000
487,154579,11488,1.436000
488,154896,11552,1.444000
489,155213,11520,1.440000
490,155530,11520,1.440000
491,155846,11520,1.440000
492,156163,11472,1.434000
493,156480,11488,1.436000
494,156797,11472,1.434000
495,157114,11536,1.442000
496,157431,11536,1.442000
497,157747,11488,1.436000
498,158064,11488,1.436000
499,158382,11536,1.442000
500,158698,11536,1.442000
501,159015,11552,1.444000
502,159332,11488,1.436000
503,159649,15280,1.910000
504,159966,15312,1.914000
505,160283,15280,1.910000
506,160599,15264,1.908000
507,160917,15296,1.912000
508,161233,15232,1.904000
509,161550,15232,1.904000
510,161867,15264,1.908000
511,162184,15280,1.910000
512,162501,15264,1.908000
513,162817,15264,1.908000
514,163134,15248,1.906000
515,163451,15248,1.906000
516,163768,15296,1.912000
517,164085,15296,1.912000
518,164402,15248,1.906000
519,164718,15280,1.910000
520,165035,15312,1.914000
521,165352,15312,1.914000
522,165669,15264,1.908000
523,165986,15232,1.904000
524,166303,15248,1.906000
525,166620,15280,1.910000
526,166936,15248,1.906000
527,167253,15280,1.910000
528,167570,15264,1.908000
529,167887,13360,1.670000
530,168203,11296,1.412000
531,168521,11472,1.434000
532,168838,11424,1.428000
533,169154,11488,1.436000
534,169471,11472,1.434000
535,169788,11488,1.436000
536,170105,11424,1.428000
537,170422,11472,1.434000
538,170738,11552,1.444000
539,171056,11520,1.440000
540,171373,11488,1.436000
541,171689,11504,1.438000
542,172006,11504,1.438000
543,172323,11664,1.458000
544,172640,11536,1.442000
545,172957,11552,1.444000
546,173273,11504,1.438000
547,173591,11472,1.434000
548,173908,11520,1.440000
549,174224,11536,1.442000
550,174541,11536,1.442000
551,174858,11568,1.446000
552,175175,11488,1.436000
553,175492,11488,1.436000
554,175809,11472,1.434000
555,176125,13200,1.650000
556,176443,15248,1.906000
557,176759,15296,1.912000
558,177076,15376,1.922000
559,177393,15312,1.914000
560,177710,15264,1.908000
561,178027,15280,1.910000
562,178344,15232,1.904000
563,178660,15296,1.912000
564,178977,15232,1.904000
565,179293,15216,1.902000
566,179611,15312,1.914000
567,179928,15248,1.906000
568,180245,15312,1.914000
569,180561,15280,1.910000
570,180878,15248,1.906000
571,181195,15248,1.906000
572,181512,15280,1.910000
573,181829,15280,1.910000
574,182146,15312,1.914000
575,182462,15296,1.912000
576,182780,15312,1.914000
577,183097,15280,1.910000
578,183413,15248,1.906000
579,183730,15264,1.908000
580,184047,15216,1.902000
581,184364,15280,1.910000
582,184685,11536,1.442000
583,184997,11488,1.436000
584,185314,11504,1.438000
585,185631,11520,1.440000
586,185948,11504,1.438000
587,186265,11488,1.436000
588,186582,11456,1.432000
589,186899,11472,1.434000
590,187216,11504,1.438000
591,187533,11552,1.444000
592,187849,11536,1.442000
593,188166,11536,1.442000
594,188483,11488,1.436000
595,188799,11584,1.448000
596,189117,11488,1.436000
597,189434,11552,1.444000
598,189750,11536,1.442000
599,190067,11456,1.432000
600,190384,11488,1.436000
601,190701,11408,1.426000
602,191018,11520,1.440000
603,191335,11504,1.438000
604,191652,11488,1.436000
605,191969,11472,1.434000
606,192285,11488,1.436000
607,192602,11520,1.440000
608,192919,14384,1.798000
609,193236,15216,1.902000
610,193553,15264,1.908000
611,193870,15360,1.920000
612,194187,15328,1.916000
613,194503,15296,1.912000
614,194820,15344,1.918000
615,195137,15296,1.912000
616,195454,15280,1.910000
617,195771,15248,1.906000
618,196087,15264,1.908000
619,196405,15312,1.914000
620,196721,15296,1.912000
621,197038,15264,1.908000
622,197354,15296,1.912000
623,197672,15312,1.914000
624,197989,15264,1.908000
625,198306,15264,1.908000
626,198623,15216,1.902000
627,198939,15312,1.914000
628,199256,15296,1.912000
629,199573,15280,1.910000
630,199890,15312,1.914000
631,200207,15248,1.906000
632,200524,15280,1.910000
633,200840,15312,1.914000
634,201157,13376,1.672000
635,201474,11456,1.432000
636,201791,11520,1.440000
637,202107,11520,1.440000
638,202425,11504,1.438000
639,202742,11520,1.440000
640,203058,11456,1.432000
641,203375,11488,1.436000
642,203693,11536,1.442000
643,204009,11536,1.442000
644,204326,11456,1.432000
645,204643,11488,1.436000
646,204960,11472,1.434000
647,205277,11536,1.442000
648,205593,11504,1.438000
649,205911,11488,1.436000
650,206227,11440,1.430000
651,206544,11488,1.436000
652,206861,11520,1.440000
653,207178,11472,1.434000
654,207495,11488,1.436000
655,207812,11520,1.440000
656,208128,11456,1.432000
657,208445,11488,1.436000
658,208762,11504,1.438000
659,209079,11552,1.444000
660,209396,11488,1.436000
661,209713,15248,1.906000
662,210029,15312,1.914000
663,210347,15296,1.912000
664,210663,15232,1.904000
665,210980,15232,1.904000
666,211297,15280,1.910000
667,211613,15264,1.908000
668,211931,15312,1.914000
669,212248,15264,1.908000
670,212564,15312,1.914000
671,212881,15280,1.910000
672,213199,15248,1.906000
673,213515,15312,1.914000
674,213832,15296,1.912000
675,214149,15232,1.904000
676,214466,15232,1.904000
677,214782,15280,1.910000
678,215099,15248,1.906000
679,215416,15280,1.910000
680,215733,15264,1.908000
681,216050,15296,1.912000
682,216367,15280,1.910000
683,216687,15248,1.906000
684,217001,15312,1.914000
685,217317,15232,1.904000
686,217634,15312,1.914000
687,217951,11488,1.436000
688,218268,11456,1.432000
689,218585,11472,1.434000
690,218902,11536,1.442000
691,219219,11408,1.426000
692,219535,11472,1.434000
693,219852,11504,1.438000
694,220169,11456,1.432000
695,220486,11472,1.434000
696,220803,11536,1.442000
697,221119,11568,1.446000
698,221437,11520,1.440000
699,221753,11504,1.438000
700,222070,11520,1.440000
701,222387,11440,1.430000
702,222704,11504,1.438000
703,223020,11536,1.442000
704,223338,11472,1.434000
705,223655,11504,1.438000
706,223971,11504,1.438000
707,224288,11456,1.432000
708,224605,11488,1.436000
709,224922,11520,1.440000
710,225239,11520,1.440000
711,225556,11504,1.438000
712,225873,11504,1.438000
713,226189,13376,1.672000
714,226506,15248,1.906000
715,226823,15264,1.908000
716,227140,15280,1.910000
717,227457,15280,1.910000
718,227774,15264,1.908000
719,228090,15216,1.902000
720,228407,15328,1.916000
721,228724,15280,1.910000
722,229041,15264,1.908000
723,229358,15312,1.914000
724,229675,15312,1.914000
725,229992,15312,1.914000
726,230309,15328,1.916000
727,230625,15312,1.914000
728,230942,15264,1.908000
729,231259,15264,1.908000
730,231576,15280,1.910000
731,231893,15280,1.910000
732,232210,15248,1.906000
733,232526,15296,1.912000
734,232843,15328,1.916000
735,233160,15264,1.908000
736,233477,15248,1.906000
737,233794,15248,1.906000
738,234110,15248,1.906000
739,234428,14656,1.832000
740,234744,11456,1.432000
741,235062,11472,1.434000
742,235379,11696,1.462000
743,235695,11504,1.438000
744,236012,11472,1.434000
745,236329,11472,1.434000
746,236646,11536,1.442000
747,236962,11504,1.438000
748,237280,11632,1.454000
749,237596,11488,1.436000
750,237913,11472,1.434000
751,238230,11456,1.432000
752,238547,11504,1.438000
753,238864,11504,1.438000
754,239181,11536,1.442000
755,239498,11488,1.436000
756,239814,11536,1.442000
757,240131,11504,1.438000
758,240448,11488,1.436000
759,240765,11504,1.438000
760,241081,11504,1.438000
761,241399,11376,1.422000
762,241715,11424,1.428000
763,242032,11536,1.442000
764,242349,11504,1.438000
765,242666,11440,1.430000
766,242983,15248,1.906000
767,243300,15296,1.912000
768,243616,15264,1.908000
769,243933,15312,1.914000
770,244250,15296,1.912000
771,244568,15264,1.908000
772,244884,15312,1.914000
773,245201,15280,1.910000
774,245518,15248,1.906000
775,245835,15280,1.910000
776,246152,15248,1.906000
777,246468,15264,1.908000
778,246785,15280,1.910000
779,247102,15248,1.906000
780,247419,15312,1.914000
781,247735,15248,1.906000
782,248053,15296,1.912000
783,248370,15280,1.910000
784,248686,15216,1.902000
785,249003,15344,1.918000
786,249320,15248,1.906000
787,249637,15264,1.908000
788,249954,15264,1.908000
789,250271,15312,1.914000
790,250588,15264,1.908000
791,250904,15280,1.910000
792,251221,13392,1.674000
793,251538,11504,1.438000
794,251855,11472,1.434000
795,252172,11456,1.432000
796,252489,11520,1.440000
797,252806,11472,1.434000
798,253122,11296,1.412000
799,253440,11504,1.438000
800,253756,11488,1.436000
801,254073,11536,1.442000
802,254390,11472,1.434000
803,254706,11472,1.434000
804,255024,11296,1.412000
805,255341,11488,1.436000
806,255657,11472,1.434000
807,255974,11504,1.438000
808,256291,11472,1.434000
809,256608,11504,1.438000
810,256924,11552,1.444000
811,257242,11504,1.438000
812,257559,11504,1.438000
813,257875,11520,1.440000
814,258192,11472,1.434000
815,258509,11488,1.436000
816,258826,11504,1.438000
817,259143,11632,1.454000
818,259460,13184,1.648000
819,259776,15264,1.908000
820,260094,15248,1.906000
821,260410,15264,1.908000
822,260727,15200,1.900000
823,261044,15264,1.908000
824,261361,15200,1.900000
825,261678,15248,1.906000
826,261994,15392,1.924000
827,262311,15296,1.912000
828,262628,15280,1.910000
829,262945,15312,1.914000
830,263262,15104,1.888000
831,263579,15264,1.908000
832,263896,15328,1.916000
833,264213,15296,1.912000
834,264529,15216,1.902000
835,264846,15296,1.912000
836,265164,15248,1.906000
837,265480,15248,1.906000
838,265796,15360,1.920000
839,266114,15136,1.892000
840,266431,15264,1.908000
841,266748,15312,1.914000
842,267064,15280,1.910000
843,267381,15184,1.898000
844,267697,15280,1.910000
845,268015,11408,1.426000
846,268332,11536,1.442000
847,268649,11472,1.434000
848,268966,11488,1.436000
849,269283,11520,1.440000
850,269599,11472,1.434000
851,269917,11504,1.438000
852,270232,11536,1.442000
853,270550,11504,1.438000
854,270867,11472,1.434000
855,271183,11504,1.438000
856,271500,11520,1.440000
857,271817,11456,1.432000
858,272134,11424,1.428000
859,272451,11504,1.438000
860,272768,11488,1.436000
861,273085,11488,1.436000
862,273402,11424,1.428000
863,273718,11504,1.438000
864,274035,11504,1.438000
865,274352,11504,1.438000
866,274669,11456,1.432000
867,274986,11488,1.436000
868,275302,11536,1.442000
869,275620,11536,1.442000
870,275937,11568,1.446000
871,276254,14224,1.778000
872,276570,15264,1.908000
873,276887,15248,1.906000
874,277204,15264,1.908000
875,277520,15312,1.914000
876,277838,15296,1.912000
877,278154,15264,1.908000
878,278472,15248,1.906000
879,278788,15264,1.908000
880,279105,15264,1.908000
881,279421,15280,1.910000
882,279739,15248,1.906000
883,280055,15264,1.908000
884,280373,15264,1.908000
885,280689,15280,1.910000
886,281006,15296,1.912000
887,281323,15280,1.910000
888,281640,15264,1.908000
889,281957,15280,1.910000
890,282274,15264,1.908000
891,282591,15264,1.908000
892,282907,15248,1.906000
893,283225,15280,1.910000
894,283541,15248,1.906000
895,283858,15296,1.912000
896,284175,15312,1.914000
897,284492,13376,1.672000
898,284809,11456,1.432000
899,285125,11504,1.438000
900,285443,11504,1.438000
901,285759,11536,1.442000
902,286076,11520,1.440000
903,286392,11392,1.424000
904,286710,11472,1.434000
905,287026,11536,1.442000
906,287344,11472,1.434000
907,287660,11504,1.438000
908,287977,11456,1.432000
909,288293,11488,1.436000
910,288611,11584,1.448000
911,288928,11488,1.436000
912,289245,11504,1.438000
913,289561,11536,1.442000
914,289878,11488,1.436000
915,290195,11488,1.436000
916,290512,11488,1.436000
917,290829,11520,1.440000
918,291146,11520,1.440000
919,291462,11488,1.436000
920,291780,11456,1.432000
921,292097,11472,1.434000
922,292413,11536,1.442000
923,292730,11488,1.436000
924,293046,15232,1.904000
925,293364,15344,1.918000
926,293685,15248,1.906000
927,293997,15312,1.914000
928,294314,15280,1.910000
929,294631,15312,1.914000
930,294948,15264,1.908000
931,295265,15312,1.914000
932,295582,15264,1.908000
933,295899,15264,1.908000
934,296216,15264,1.908000
935,296533,15280,1.910000
936,296849,15232,1.904000
937,297166,15312,1.914000
938,297483,15264,1.908000
939,297800,15264,1.908000
940,298117,15264,1.908000
941,298434,15264,1.908000
942,298750,15280,1.910000
943,299067,15264,1.908000
944,299384,15248,1.906000
945,299701,15264,1.908000
946,300018,15328,1.916000
947,300335,15264,1.908000
948,300651,15296,1.912000
949,300969,15280,1.910000
950,301285,11536,1.442000
951,301602,11504,1.438000
952,301919,11472,1.434000
953,302236,11520,1.440000
954,302553,11504,1.438000
955,302869,11520,1.440000
956,303186,11472,1.434000
957,303504,11472,1.434000
958,303820,11520,1.440000
959,304137,11568,1.446000
960,304454,11456,1.432000
961,304771,11488,1.436000
962,305088,11504,1.438000
963,305405,11536,1.442000
964,305721,11440,1.430000
965,306038,11552,1.444000
966,306356,11456,1.432000
967,306672,11440,1.430000
968,306989,11456,1.432000
969,307306,11536,1.442000
970,307623,11504,1.438000
971,307939,11584,1.448000
972,308256,11520,1.440000
973,308573,11600,1.450000
974,308890,11472,1.434000
975,309207,11552,1.444000
976,309524,13376,1.672000
977,309840,15264,1.908000
978,310158,15232,1.904000
979,310474,15296,1.912000
980,310792,15296,1.912000
981,311108,15168,1.896000
982,311425,15296,1.912000
983,311742,15280,1.910000
984,312059,15296,1.912000
985,312376,15264,1.908000
986,312692,15280,1.910000
987,313009,15312,1.914000
988,313326,15312,1.914000
989,313643,15248,1.906000
990,313960,15264,1.908000
991,314277,15296,1.912000
992,314593,15200,1.900000
993,314911,15296,1.912000
994,315227,15264,1.908000
995,315544,15264,1.908000
996,315861,15280,1.910000
997,316178,15312,1.914000
998,316495,15232,1.904000
999,316811,15280,1.910000
1000,317129,15312,1.914000
1001,317445,15200,1.900000
1002,317762,14704,1.838000
1003,318079,11488,1.436000
1004,318396,11488,1.436000
1005,318713,11472,1.434000
1006,319029,11488,1.436000
1007,319346,11536,1.442000
1008,319663,11232,1.404000
1009,319980,11488,1.436000
1010,320297,11536,1.442000
1011,320614,11472,1.434000
1012,320931,11536,1.442000
1013,321248,11504,1.438000
1014,321564,11504,1.438000
1015,321881,11440,1.430000
1016,322198,11488,1.436000
1017,322515,11536,1.442000
1018,322832,11536,1.442000
1019,323149,11520,1.440000
1020,323465,11520,1.440000
1021,323783,11744,1.468000
1022,324099,11536,1.442000
1023,324417,11440,1.430000
1024,324733,11472,1.434000
1025,325050,11456,1.432000
1026,325367,11568,1.446000
1027,325687,11488,1.436000
1028,326001,11504,1.438000
1029,326318,15392,1.924000
1030,326634,15328,1.916000
1031,326951,15312,1.914000
1032,327268,15280,1.910000
1033,327585,15264,1.908000
1034,327902,15280,1.910000
1035,328219,15264,1.908000
1036,328535,15168,1.896000
1037,328853,15232,1.904000
1038,329169,15216,1.902000
1039,329486,15248,1.906000
1040,329803,15264,1.908000
1041,330120,15280,1.910000
1042,330437,15312,1.914000
1043,330754,15296,1.912000
1044,331070,15280,1.910000
1045,331387,15312,1.914000
1046,331704,15312,1.914000
1047,332021,15280,1.910000
1048,332338,15248,1.906000
1049,332654,15280,1.910000
1050,332972,15264,1.908000
1051,333289,15280,1.910000
1052,333605,15296,1.912000
1053,333922,15280,1.910000
1054,334239,15280,1.910000
1055,334556,13424,1.678000
1056,334872,11440,1.430000
1057,335190,11488,1.436000
1058,335507,11504,1.438000
1059,335823,11520,1.440000
1060,336140,11520,1.440000
1061,336457,11488,1.436000
1062,336774,11472,1.434000
1063,337091,11440,1.430000
1064,337408,11488,1.436000
1065,337725,11472,1.434000
1066,338041,11504,1.438000
1067,338358,11504,1.438000
1068,338675,11520,1.440000
1069,338992,11456,1.432000
1070,339309,11488,1.436000
1071,339626,11504,1.438000
1072,339943,11488,1.436000
1073,340260,11440,1.430000
1074,340576,11536,1.442000
1075,340893,11504,1.438000
1076,341210,11488,1.436000
1077,341527,11520,1.440000
1078,341843,11488,1.436000
1079,342161,11504,1.438000
1080,342477,11520,1.440000
1081,342794,13120,1.640000
1082,343111,15232,1.904000
1083,343428,15200,1.900000
1084,343745,15296,1.912000
1085,344061,15328,1.916000
1086,344379,15312,1.914000
1087,344696,15264,1.908000
1088,345012,15280,1.910000
1089,345329,15312,1.914000
1090,345646,15280,1.910000
1091,345963,15248,1.906000
1092,346280,15248,1.906000
1093,346597,15280,1.910000
1094,346914,15280,1.910000
1095,347230,15232,1.904000
1096,347547,15264,1.908000
1097,347864,15312,1.914000
1098,348181,15200,1.900000
1099,348497,15312,1.914000
1100,348815,15264,1.908000
1101,349131,15248,1.906000
1102,349448,15232,1.904000
1103,349765,15264,1.908000
1104,350082,15280,1.910000
1105,350399,15264,1.908000
1106,350716,15280,1.910000
1107,351033,15248,1.906000
1108,351350,11488,1.436000
1109,351666,11504,1.438000
1110,351983,11440,1.430000
1111,352300,11552,1.444000
1112,352617,11488,1.436000
1113,352934,11488,1.436000
1114,353251,11488,1.436000
1115,353567,11488,1.436000
1116,353884,11504,1.438000
1117,354201,11456,1.432000
1118,354518,11440,1.430000
1119,354835,11456,1.432000
1120,355152,11520,1.440000
1121,355469,11472,1.434000
1122,355786,11456,1.432000
1123,356102,11488,1.436000
1124,356419,11488,1.436000
1125,356736,11504,1.438000
1126,357053,11552,1.444000
1127,357370,11488,1.436000
1128,357686,11520,1.440000
1129,358003,11520,1.440000
1130,358321,11456,1.432000
1131,358637,11488,1.436000
1132,358955,11488,1.436000
1133,359271,11488,1.436000
1134,359588,14272,1.784000
1135,359905,15216,1.902000
1136,360222,15232,1.904000
1137,360538,15264,1.908000
1138,360855,15296,1.912000
1139,361173,15296,1.912000
1140,361489,15280,1.910000
1141,361806,15312,1.914000
1142,362123,15280,1.910000
1143,362439,15264,1.908000
1144,362756,15296,1.912000
1145,363073,15248,1.906000
1146,363390,15264,1.908000
1147,363707,15280,1.910000
1148,364024,15312,1.914000
1149,364341,15264,1.908000
1150,364658,15232,1.904000
1151,364974,15264,1.908000
1152,365291,15280,1.910000
1153,365608,15328,1.916000
1154,365925,15264,1.908000
1155,366242,15264,1.908000
1156,366559,15328,1.916000
1157,366876,15264,1.908000
1158,367192,15280,1.910000
1159,367510,15312,1.914000
1160,367826,13344,1.668000
1161,368143,11520,1.440000
1162,368460,11520,1.440000
1163,368777,11488,1.436000
1164,369094,11488,1.436000
1165,369410,11488,1.436000
1166,369728,11536,1.442000
1167,370044,11552,1.444000
1168,370361,11456,1.432000
1169,370678,11520,1.440000
1170,370995,11456,1.432000
1171,371311,11552,1.444000
1172,371629,11552,1.444000
1173,371945,11520,1.440000
1174,372262,11504,1.438000
1175,372579,11488,1.436000
1176,372896,11504,1.438000
1177,373213,11456,1.432000
1178,373530,11520,1.440000
1179,373846,11456,1.432000
1180,374164,11504,1.438000
1181,374480,11504,1.438000
1182,374797,11488,1.436000
1183,375114,11456,1.432000
1184,375431,11488,1.436000
1185,375747,11520,1.440000
1186,376065,11552,1.444000
1187,376382,15296,1.912000
1188,376699,15248,1.906000
1189,377015,15232,1.904000
1190,377332,15280,1.910000
1191,377649,15328,1.916000
1192,377966,15248,1.906000
1193,378282,15312,1.914000
1194,378600,15280,1.910000
1195,378916,15232,1.904000
1196,379233,15280,1.910000
1197,379550,15232,1.904000
1198,379867,15264,1.908000
1199,380184,15280,1.910000
1200,380501,15312,1.914000
1201,380817,15280,1.910000
1202,381134,15328,1.916000
1203,381451,15264,1.908000
1204,381768,15280,1.910000
1205,382085,15296,1.912000
1206,382402,15264,1.908000
1207,382719,15296,1.912000
1208,383035,15280,1.910000
1209,383352,15264,1.908000
1210,383669,15216,1.902000
1211,383986,15296,1.912000
1212,384303,15312,1.914000
1213,384620,11552,1.444000
1214,384937,11504,1.438000
1215,385254,11408,1.426000
1216,385571,11536,1.442000
1217,385887,11504,1.438000
1218,386204,11520,1.440000
1219,386521,11456,1.432000
1220,386838,11440,1.430000
1221,387155,11472,1.434000
1222,387471,11488,1.436000
1223,387789,11488,1.436000
1224,388105,11376,1.422000
1225,388422,11504,1.438000
1226,388738,11536,1.442000
1227,389056,11456,1.432000
1228,389373,11504,1.438000
1229,389690,11472,1.434000
1230,390006,11520,1.440000
1231,390323,11472,1.434000
1232,390640,11504,1.438000
1233,390956,11712,1.464000
1234,391274,11488,1.436000
1235,391591,11504,1.438000
1236,391908,11440,1.430000
1237,392225,11552,1.444000
1238,392541,11536,1.442000
1239,392858,13616,1.702000
1240,393175,15296,1.912000
1241,393491,15248,1.906000
1242,393809,15248,1.906000
1243,394126,15296,1.912000
1244,394442,15312,1.914000
1245,394760,15296,1.912000
1246,395076,15312,1.914000
1247,395393,15296,1.912000
1248,395710,15264,1.908000
1249,396027,15248,1.906000
1250,396344,15248,1.906000
1251,396660,15264,1.908000
1252,396978,15216,1.902000
1253,397294,15232,1.904000
1254,397611,15296,1.912000
1255,397928,15312,1.914000
1256,398245,15248,1.906000
1257,398562,15280,1.910000
1258,398879,15248,1.906000
1259,399196,15264,1.908000
1260,399513,15232,1.904000
1261,399829,15264,1.908000
1262,400146,15248,1.906000
1263,400463,15312,1.914000
1264,400780,15232,1.904000
1265,401096,14608,1.826000
1266,401414,11520,1.440000
1267,401731,11536,1.442000
1268,402047,11488,1.436000
1269,402364,11472,1.434000
1270,402685,11488,1.436000
1271,402997,11488,1.436000
1272,403314,11504,1.438000
1273,403632,11552,1.444000
1274,403948,11504,1.438000
1275,404265,11488,1.436000
1276,404582,11488,1.436000
1277,404899,11504,1.438000
1278,405216,11488,1.436000
1279,405533,11568,1.446000
1280,405850,11520,1.440000
1281,406166,11488,1.436000
1282,406483,11456,1.432000
1283,406800,11504,1.438000
1284,407117,11456,1.432000
1285,407434,11504,1.438000
1286,407751,11488,1.436000
1287,408067,11472,1.434000
1288,408384,11520,1.440000
1289,408701,11296,1.412000
1290,409019,11552,1.444000
1291,409335,11488,1.436000
1292,409652,15264,1.908000
1293,409969,15264,1.908000
1294,410286,15248,1.906000
1295,410602,15184,1.898000
1296,410919,15264,1.908000
1297,411236,15296,1.912000
1298,411553,15312,1.914000
1299,411870,15280,1.910000
1300,412187,15248,1.906000
1301,412504,15248,1.906000
1302,412820,15408,1.926000
1303,413138,15264,1.908000
1304,413454,15312,1.914000
1305,413771,15312,1.914000
1306,414088,15280,1.910000
1307,414405,15248,1.906000
1308,414722,15312,1.914000
1309,415039,15280,1.910000
1310,415356,15344,1.918000
1311,415672,15232,1.904000
1312,415989,15296,1.912000
1313,416306,15344,1.918000
1314,416623,15280,1.910000
1315,416939,15136,1.892000
1316,417256,15312,1.914000
1317,417573,15312,1.914000
1318,417890,13376,1.672000
1319,418207,11488,1.436000
1320,418524,11504,1.438000
1321,418841,11488,1.436000
1322,419158,11488,1.436000
1323,419474,11456,1.432000
1324,419792,11488,1.436000
1325,420108,11584,1.448000
1326,420425,11424,1.428000
1327,420742,11504,1.438000
1328,421059,11456,1.432000
1329,421376,11552,1.444000
1330,421693,11440,1.430000
1331,422009,11456,1.432000
1332,422326,11472,1.434000
1333,422643,11472,1.434000
1334,422960,11472,1.434000
1335,423277,11520,1.440000
1336,423594,11472,1.434000
1337,423911,11424,1.428000
1338,424228,11504,1.438000
1339,424544,11472,1.434000
1340,424861,11520,1.440000
1341,425178,11488,1.436000
1342,425495,11520,1.440000
1343,425811,11520,1.440000
1344,426129,13040,1.630000
1345,426445,15248,1.906000
1346,426762,15264,1.908000
1347,427080,15264,1.908000
1348,427396,15264,1.908000
1349,427713,15264,1.908000
1350,428030,15312,1.914000
1351,428347,15328,1.916000
1352,428663,15264,1.908000
1353,428981,15232,1.904000
1354,429297,15280,1.910000
1355,429614,15248,1.906000
1356,429931,15296,1.912000
1357,430248,15296,1.912000
1358,430564,15232,1.904000
1359,430882,15280,1.910000
1360,431199,15216,1.902000
1361,431515,15248,1.906000
1362,431832,15280,1.910000
1363,432149,15248,1.906000
1364,432466,15264,1.908000
1365,432783,15312,1.914000
1366,433100,15280,1.910000
1367,433417,15296,1.912000
1368,433733,15296,1.912000
1369,434050,15312,1.914000
1370,434367,15232,1.904000
1371,434687,11536,1.442000
1372,435001,11488,1.436000
1373,435318,11568,1.446000
1374,435634,11440,1.430000
1375,435951,11504,1.438000
1376,436269,11488,1.436000
1377,436585,11472,1.434000
1378,436902,11520,1.440000
1379,437219,11424,1.428000
1380,437536,11456,1.432000
1381,437852,11488,1.436000
1382,438170,11504,1.438000
1383,438486,11488,1.436000
1384,438803,11456,1.432000
1385,439120,11520,1.440000
1386,439436,11536,1.442000
1387,439754,11488,1.436000
1388,440070,11472,1.434000
1389,440387,11488,1.436000
1390,440705,11472,1.434000
1391,441021,11488,1.436000
1392,441338,11520,1.440000
1393,441655,11536,1.442000
1394,441972,11488,1.436000
1395,442289,11472,1.434000
1396,442605,11488,1.436000
1397,442923,14160,1.770000
1398,443239,15280,1.910000
1399,443556,15280,1.910000
1400,443873,15280,1.910000
1401,444190,15280,1.910000
1402,444507,15296,1.912000
1403,444823,15280,1.910000
1404,445140,15296,1.912000
1405,445457,15264,1.908000
1406,445774,15248,1.906000
1407,446090,15248,1.906000
1408,446407,15264,1.908000
1409,446725,15312,1.914000
1410,447041,15312,1.914000
1411,447358,15232,1.904000
1412,447675,15280,1.910000
1413,447992,15200,1.900000
1414,448309,15232,1.904000
1415,448626,15264,1.908000
1416,448943,15216,1.902000
1417,449259,15264,1.908000
1418,449576,15312,1.914000
1419,449893,15232,1.904000
1420,450210,15328,1.916000
1421,450527,15280,1.910000
1422,450844,15264,1.908000
1423,451161,13376,1.672000
1424,451478,11504,1.438000
1425,451795,11472,1.434000
1426,452111,11520,1.440000
1427,452428,11488,1.436000
1428,452744,11504,1.438000
1429,453062,11504,1.438000
1430,453379,11520,1.440000
1431,453696,11440,1.430000
1432,454012,11520,1.440000
1433,454329,11504,1.438000
1434,454646,11520,1.440000
1435,454963,11488,1.436000
1436,455280,11472,1.434000
1437,455597,11456,1.432000
1438,455913,11472,1.434000
1439,456231,11440,1.430000
1440,456547,11536,1.442000
1441,456864,11536,1.442000
1442,457181,11520,1.440000
1443,457498,11504,1.438000
1444,457815,11504,1.438000
1445,458131,11456,1.432000
1446,458449,11520,1.440000
1447,458765,11504,1.438000
1448,459082,11488,1.436000
1449,459399,11440,1.430000
1450,459716,15296,1.912000
1451,460032,15296,1.912000
1452,460350,15248,1.906000
1453,460667,15264,1.908000
1454,460983,15296,1.912000
1455,461300,15232,1.904000
1456,461617,15264,1.908000
1457,461934,15264,1.908000
1458,462251,15296,1.912000
1459,462568,15280,1.910000
1460,462885,15264,1.908000
1461,463202,15312,1.914000
1462,463518,15392,1.924000
1463,463835,15264,1.908000
1464,464152,15264,1.908000
1465,464469,15248,1.906000
1466,464786,15264,1.908000
1467,465102,15328,1.916000
1468,465420,15328,1.916000
1469,465736,15280,1.910000
1470,466053,15360,1.920000
1471,466370,15264,1.908000
1472,466686,15248,1.906000
1473,467004,15296,1.912000
1474,467321,15280,1.910000
1475,467637,15328,1.916000
1476,467955,11568,1.446000
1477,468271,11424,1.428000
1478,468588,11488,1.436000
1479,468905,11472,1.434000
1480,469222,11520,1.440000
1481,469539,11472,1.434000
1482,469855,11440,1.430000
1483,470173,11488,1.436000
1484,470489,11456,1.432000
1485,470806,11456,1.432000
1486,471123,11536,1.442000
1487,471439,11472,1.434000
1488,471757,11440,1.430000
1489,472073,11488,1.436000
1490,472390,11488,1.436000
1491,472707,11504,1.438000
1492,473024,11456,1.432000
1493,473341,11504,1.438000
1494,473658,11488,1.436000
1495,473975,11504,1.438000
1496,474292,11456,1.432000
1497,474608,11472,1.434000
1498,474925,11536,1.442000
1499,475242,11296,1.412000
1500,475559,11472,1.434000
1501,475876,11472,1.434000
1502,476192,13344,1.668000
1503,476510,15280,1.910000
1504,476826,15312,1.914000
1505,477143,15152,1.894000
1506,477460,15280,1.910000
1507,477777,15296,1.912000
1508,478094,15296,1.912000
1509,478410,15296,1.912000
1510,478728,15296,1.912000
1511,479044,15312,1.914000
1512,479361,15440,1.930000
1513,479678,15344,1.918000
1514,479995,15040,1.880000
1515,480312,15328,1.916000
1516,480629,15296,1.912000
1517,480945,15280,1.910000
1518,481262,15504,1.938000
1519,481579,15296,1.912000
1520,481896,15216,1.902000
1521,482213,15248,1.906000
1522,482530,15232,1.904000
1523,482846,15280,1.910000
1524,483164,15296,1.912000
1525,483480,15232,1.904000
1526,483798,15296,1.912000
1527,484114,15392,1.924000
1528,484431,14736,1.842000
1529,484748,11504,1.438000
1530,485065,11488,1.436000
1531,485381,11504,1.438000
1532,485699,11456,1.432000
1533,486015,11568,1.446000
1534,486332,11456,1.432000
1535,486649,11552,1.444000
1536,486966,11472,1.434000
1537,487282,11488,1.436000
1538,487600,11488,1.436000
1539,487917,11504,1.438000
1540,488234,11360,1.420000
1541,488550,11520,1.440000
1542,488867,11616,1.452000
1543,489184,11504,1.438000
1544,489501,11440,1.430000
1545,489817,11456,1.432000
1546,490135,11520,1.440000
1547,490452,11552,1.444000
1548,490768,11536,1.442000
1549,491085,11488,1.436000
1550,491402,11488,1.436000
1551,491719,11472,1.434000
1552,492036,11488,1.436000
1553,492352,11504,1.438000
1554,492670,11488,1.436000
1555,492986,15232,1.904000
1556,493303,15312,1.914000
1557,493620,15280,1.910000
1558,493937,15280,1.910000
1559,494254,15280,1.910000
1560,494570,15280,1.910000
1561,494888,15296,1.912000
1562,495205,15296,1.912000
1563,495521,15296,1.912000
1564,495838,15296,1.912000
1565,496155,15264,1.908000
1566,496472,15280,1.910000
1567,496788,15264,1.908000
1568,497106,15328,1.916000
1569,497422,15248,1.906000
1570,497739,15200,1.900000
1571,498056,15264,1.908000
1572,498373,15280,1.910000
1573,498690,15280,1.910000
1574,499007,15200,1.900000
1575,499324,15280,1.910000
1576,499640,15184,1.898000
1577,499957,15200,1.900000
1578,500274,15280,1.910000
1579,500591,15280,1.910000
1580,500908,15296,1.912000
1581,501225,13408,1.676000
1582,501541,11552,1.444000
1583,501859,11552,1.444000
1584,502175,11472,1.434000
1585,502492,11488,1.436000
1586,502809,11488,1.436000
1587,503126,11520,1.440000
1588,503442,11424,1.428000
1589,503760,11504,1.438000
1590,504076,11504,1.438000
1591,504393,11536,1.442000
1592,504710,11488,1.436000
1593,505027,11456,1.432000
1594,505344,11536,1.442000
1595,505660,11488,1.436000
1596,505978,11536,1.442000
1597,506295,11472,1.434000
1598,506611,11504,1.438000
1599,506928,11536,1.442000
1600,507245,11536,1.442000
1601,507562,11472,1.434000
1602,507878,11568,1.446000
1603,508196,11552,1.444000
1604,508512,11504,1.438000
1605,508830,11552,1.444000
1606,509146,11504,1.438000
1607,509463,13056,1.632000
1608,509779,15280,1.910000
1609,510097,15264,1.908000
1610,510413,15232,1.904000
1611,510731,15344,1.918000
1612,511048,15264,1.908000
1613,511365,15280,1.910000
1614,511685,15312,1.914000
1615,511998,15216,1.902000
1616,512315,15280,1.910000
1617,512631,15264,1.908000
1618,512949,15248,1.906000
1619,513265,15280,1.910000
1620,513582,15248,1.906000
1621,513899,15184,1.898000
1622,514216,15232,1.904000
1623,514533,15296,1.912000
1624,514849,15280,1.910000
1625,515167,15216,1.902000
1626,515484,15312,1.914000
1627,515800,15264,1.908000
1628,516117,15312,1.914000
1629,516434,15296,1.912000
1630,516750,15296,1.912000
1631,517068,15280,1.910000
1632,517385,15264,1.908000
1633,517701,15280,1.910000
1634,518018,11488,1.436000
1635,518335,11488,1.436000
1636,518651,11536,1.442000
1637,518969,11488,1.436000
1638,519286,11456,1.432000
1639,519603,11488,1.436000
1640,519919,11552,1.444000
1641,520236,11408,1.426000
1642,520553,11488,1.436000
1643,520870,11504,1.438000
1644,521187,11504,1.438000
1645,521504,11440,1.430000
1646,521820,11456,1.432000
1647,522137,11504,1.438000
1648,522454,11488,1.436000
1649,522771,11472,1.434000
1650,523088,11504,1.438000
1651,523405,11440,1.430000
1652,523722,11488,1.436000
1653,524038,11472,1.434000
1654,524355,11504,1.438000
1655,524672,11504,1.438000
1656,524989,11488,1.436000
1657,525306,11504,1.438000
1658,525623,11472,1.434000
1659,525940,11520,1.440000
1660,526257,14128,1.766000
1661,526574,15248,1.906000
1662,526891,15216,1.902000
1663,527207,15280,1.910000
1664,527524,15280,1.910000
1665,527840,15264,1.908000
1666,528158,15248,1.906000
1667,528474,15280,1.910000
1668,528791,15264,1.908000
1669,529109,15264,1.908000
1670,529425,15280,1.910000
1671,529742,15232,1.904000
1672,530059,15280,1.910000
1673,530376,15264,1.908000
1674,530692,15344,1.918000
1675,531010,15248,1.906000
1676,531327,15232,1.904000
1677,531643,15296,1.912000
1678,531960,15280,1.910000
1679,532277,15232,1.904000
1680,532594,15248,1.906000
1681,532911,15280,1.910000
1682,533228,15312,1.914000
1683,533544,15296,1.912000
1684,533861,15280,1.910000
1685,534179,15216,1.902000
1686,534495,13408,1.676000
1687,534812,11472,1.434000
1688,535129,11520,1.440000
1689,535445,11504,1.438000
1690,535762,11536,1.442000
1691,536080,11536,1.442000
1692,536396,11504,1.438000
1693,536713,11520,1.440000
1694,537030,11488,1.436000
1695,537347,11520,1.440000
1696,537663,11488,1.436000
1697,537981,11488,1.436000
1698,538298,11408,1.426000
1699,538614,11456,1.432000
1700,538931,11536,1.442000
1701,539248,11472,1.434000
1702,539565,11536,1.442000
1703,539881,11552,1.444000
1704,540198,11536,1.442000
1705,540515,11456,1.432000
1706,540832,11504,1.438000
1707,541149,11536,1.442000
1708,541465,11440,1.430000
1709,541783,11520,1.440000
1710,542100,11536,1.442000
1711,542417,11472,1.434000
1712,542734,11536,1.442000
1713,543050,15232,1.904000
1714,543367,15264,1.908000
1715,543687,15264,1.908000
1716,544001,15264,1.908000
1717,544318,15328,1.916000
1718,544634,15280,1.910000
1719,544952,15264,1.908000
1720,545268,15248,1.906000
1721,545585,15264,1.908000
1722,545902,15264,1.908000
1723,546219,15264,1.908000
1724,546536,15376,1.922000
1725,546852,15264,1.908000
1726,547170,15280,1.910000
1727,547487,15328,1.916000
1728,547803,15248,1.906000
1729,548120,15280,1.910000
1730,548436,15072,1.884000
1731,548754,15264,1.908000
1732,549071,15280,1.910000
1733,549387,15344,1.918000
1734,549704,15280,1.910000
1735,550021,15280,1.910000
1736,550338,15280,1.910000
1737,550655,15168,1.896000
1738,550972,15184,1.898000
1739,551289,11728,1.466000
1740,551605,11536,1.442000
1741,551923,11504,1.438000
1742,552239,11456,1.432000
1743,552556,11728,1.466000
1744,552873,11520,1.440000
1745,553190,11504,1.438000
1746,553507,11520,1.440000
1747,553824,11440,1.430000
1748,554140,11472,1.434000
1749,554457,11504,1.438000
1750,554773,11520,1.440000
1751,555091,11520,1.440000
1752,555407,11552,1.444000
1753,555725,11504,1.438000
1754,556041,11520,1.440000
1755,556358,11504,1.438000
1756,556675,11520,1.440000
1757,556992,11488,1.436000
1758,557309,11472,1.434000
1759,557626,11504,1.438000
1760,557942,11504,1.438000
1761,558259,11520,1.440000
1762,558576,11504,1.438000
1763,558893,11536,1.442000
1764,559210,11456,1.432000
1765,559527,13392,1.674000
1766,559844,15264,1.908000
1767,560161,15248,1.906000
1768,560478,15264,1.908000
1769,560794,15280,1.910000
1770,561112,15248,1.906000
1771,561428,15264,1.908000
1772,561745,15280,1.910000
1773,562062,15248,1.906000
1774,562379,15232,1.904000
1775,562696,15328,1.916000
1776,563012,15280,1.910000
1777,563329,15264,1.908000
1778,563646,15232,1.904000
1779,563963,15264,1.908000
1780,564280,15440,1.930000
1781,564597,15312,1.914000
1782,564914,15312,1.914000
1783,565230,15216,1.902000
1784,565547,15248,1.906000
1785,565864,15296,1.912000
1786,566181,15328,1.916000
1787,566498,15264,1.908000
1788,566815,15296,1.912000
1789,567132,15312,1.914000
1790,567449,15328,1.916000
1791,567765,14736,1.842000
1792,568083,11504,1.438000
1793,568399,11376,1.422000
1794,568716,11472,1.434000
1795,569033,11424,1.428000
1796,569350,11536,1.442000
1797,569666,11520,1.440000
1798,569983,11504,1.438000
1799,570300,11328,1.416000
1800,570617,11456,1.432000
1801,570933,11408,1.426000
1802,571251,11520,1.440000
1803,571568,11552,1.444000
1804,571885,11472,1.434000
1805,572202,11488,1.436000
1806,572518,11408,1.426000
1807,572835,11520,1.440000
1808,573152,11584,1.448000
1809,573469,11472,1.434000
1810,573786,11536,1.442000
1811,574102,11488,1.436000
1812,574420,11504,1.438000
1813,574736,11504,1.438000
1814,575053,11600,1.450000
1815,575369,11536,1.442000
1816,575686,11472,1.434000
1817,576004,11504,1.438000
1818,576321,15280,1.910000
1819,576638,15232,1.904000
1820,576954,15296,1.912000
1821,577271,15312,1.914000
1822,577588,15264,1.908000
1823,577905,15264,1.908000
1824,578222,15296,1.912000
1825,578539,15280,1.910000
1826,578855,15264,1.908000
1827,579173,15408,1.926000
1828,579489,15280,1.910000
1829,579806,15296,1.912000
1830,580123,15264,1.908000
1831,580439,15248,1.906000
1832,580757,15264,1.908000
1833,581073,15280,1.910000
1834,581390,15296,1.912000
1835,581707,15248,1.906000
1836,582024,15280,1.910000
1837,582341,15216,1.902000
1838,582658,15232,1.904000
1839,582975,15200,1.900000
1840,583292,15360,1.920000
1841,583609,15248,1.906000
1842,583925,15248,1.906000
1843,584242,15280,1.910000
1844,584559,13360,1.670000
1845,584876,11456,1.432000
1846,585193,11504,1.438000
1847,585510,11488,1.436000
1848,585827,11504,1.438000
1849,586143,11520,1.440000
1850,586460,11504,1.438000
1851,586777,11504,1.438000
1852,587094,11456,1.432000
1853,587410,11520,1.440000
1854,587728,11568,1.446000
1855,588045,11520,1.440000
1856,588362,11488,1.436000
1857,588678,11472,1.434000
1858,588995,11520,1.440000
1859,589312,11504,1.438000
1860,589629,11504,1.438000
1861,589945,11488,1.436000
1862,590262,11488,1.436000
1863,590579,11520,1.440000
1864,590897,11376,1.422000
1865,591213,11488,1.436000
1866,591530,11504,1.438000
1867,591847,11504,1.438000
1868,592164,11456,1.432000
1869,592480,11536,1.442000
1870,592798,12864,1.608000
1871,593114,15312,1.914000
1872,593431,15248,1.906000
1873,593748,15264,1.908000
1874,594065,15296,1.912000
1875,594382,15264,1.908000
1876,594699,15264,1.908000
1877,595015,15312,1.914000
1878,595332,15280,1.910000
1879,595649,15264,1.908000
1880,595966,15296,1.912000
1881,596283,15280,1.910000
1882,596600,15280,1.910000
1883,596917,15264,1.908000
1884,597234,15280,1.910000
1885,597551,15296,1.912000
1886,597867,15312,1.914000
1887,598184,15200,1.900000
1888,598501,15280,1.910000
1889,598818,15248,1.906000
1890,599135,15264,1.908000
1891,599451,15248,1.906000
1892,599769,15248,1.906000
1893,600085,15248,1.906000
1894,600402,15248,1.906000
1895,600719,15264,1.908000
1896,601036,15248,1.906000
1897,601352,11472,1.434000
1898,601670,11488,1.436000
1899,601986,11456,1.432000
1900,602303,11472,1.434000
1901,602620,11472,1.434000
1902,602937,11536,1.442000
1903,603254,11488,1.436000
1904,603570,11504,1.438000
1905,603888,11520,1.440000
1906,604205,11472,1.434000
1907,604521,11504,1.438000
1908,604838,11536,1.442000
1909,605155,11504,1.438000
1910,605472,11488,1.436000
1911,605789,11504,1.438000
1912,606106,11536,1.442000
1913,606423,11536,1.442000
1914,606739,11504,1.438000
1915,607056,11504,1.438000
1916,607373,11504,1.438000
1917,607689,11520,1.440000
1918,608007,11456,1.432000
1919,608324,11520,1.440000
1920,608640,11504,1.438000
1921,608957,11488,1.436000
1922,609275,11520,1.440000
1923,609591,14112,1.764000
1924,609908,15216,1.902000
1925,610225,15168,1.896000
1926,610542,15280,1.910000
1927,610858,15296,1.912000
1928,611176,15264,1.908000
1929,611492,15280,1.910000
1930,611809,15280,1.910000
1931,612126,15296,1.912000
1932,612443,15232,1.904000
1933,612760,15264,1.908000
1934,613076,15264,1.908000
1935,613393,15264,1.908000
1936,613711,15312,1.914000
1937,614027,15280,1.910000
1938,614344,15312,1.914000
1939,614661,15264,1.908000
1940,614978,15312,1.914000
1941,615295,15280,1.910000
1942,615611,15312,1.914000
1943,615928,15296,1.912000
1944,616245,15264,1.908000
1945,616561,15232,1.904000
1946,616879,15216,1.902000
1947,617196,15264,1.908000
1948,617513,15264,1.908000
1949,617829,13408,1.676000
1950,618147,11488,1.436000
1951,618463,11520,1.440000
1952,618780,11536,1.442000
1953,619097,11536,1.442000
1954,619414,11488,1.436000
1955,619731,11472,1.434000
1956,620047,11552,1.444000
1957,620364,11536,1.442000
1958,620686,11456,1.432000
1959,620998,11504,1.438000
1960,621315,11456,1.432000
1961,621632,11520,1.440000
1962,621949,11536,1.442000
1963,622266,11520,1.440000
1964,622583,11440,1.430000
1965,622899,11488,1.436000
1966,623217,11440,1.430000
1967,623533,11552,1.444000
1968,623850,11472,1.434000
1969,624167,11456,1.432000
1970,624484,11488,1.436000
1971,624801,11504,1.438000
1972,625117,11472,1.434000
1973,625434,11488,1.436000
1974,625751,11504,1.438000
1975,626068,11504,1.438000
1976,626385,15216,1.902000
1977,626702,15296,1.912000
1978,627018,15248,1.906000
1979,627335,15280,1.910000
1980,627652,15328,1.916000
1981,627969,15248,1.906000
1982,628286,15184,1.898000
1983,628602,15328,1.916000
1984,628920,15264,1.908000
1985,629236,15280,1.910000
1986,629553,15312,1.914000
1987,629870,15248,1.906000
1988,630187,15328,1.916000
1989,630504,15184,1.898000
1990,630821,15216,1.902000
1991,631137,15280,1.910000
1992,631455,15296,1.912000
1993,631771,15280,1.910000
1994,632088,15280,1.910000
1995,632405,15248,1.906000
1996,632722,15280,1.910000
1997,633039,15248,1.906000
1998,633356,15248,1.906000
1999,633673,15280,1.910000
2000,633990,15280,1.910000
2001,634306,15248,1.906000
2002,634623,11744,1.468000
2003,634939,11552,1.444000
2004,635257,11456,1.432000
2005,635574,11520,1.440000
2006,635891,11504,1.438000
2007,636208,11488,1.436000
2008,636524,11472,1.434000
2009,636841,11280,1.410000
2010,637158,11504,1.438000
2011,637475,11536,1.442000
2012,637792,11456,1.432000
2013,638109,11488,1.436000
2014,638425,11536,1.442000
2015,638742,11488,1.436000
2016,639060,11472,1.434000
2017,639376,11520,1.440000
2018,639693,11376,1.422000
2019,640010,11488,1.436000
2020,640327,11472,1.434000
2021,640643,11456,1.432000
2022,640960,11504,1.438000
2023,641277,11504,1.438000
2024,641594,11248,1.406000
2025,641911,11536,1.442000
2026,642228,11520,1.440000
2027,642544,11472,1.434000
2028,642862,13424,1.678000
2029,643178,15312,1.914000
2030,643495,15264,1.908000
2031,643812,15232,1.904000
2032,644129,15280,1.910000
2033,644446,15328,1.916000
2034,644762,15360,1.920000
2035,645080,15232,1.904000
2036,645396,15216,1.902000
2037,645713,15248,1.906000
2038,646030,15312,1.914000
2039,646347,15248,1.906000
2040,646664,15328,1.916000
2041,646981,15280,1.910000
2042,647297,15232,1.904000
2043,647615,15296,1.912000
2044,647931,15312,1.914000
2045,648248,15296,1.912000
2046,648565,15280,1.910000
2047,648881,15296,1.912000
2048,649199,15280,1.910000
2049,649516,15280,1.910000
2050,649832,15264,1.908000
2051,650149,15280,1.910000
2052,650466,15248,1.906000
2053,650783,15264,1.908000
2054,651100,14896,1.862000
2055,651416,11504,1.438000
2056,651734,11440,1.430000
2057,652050,11488,1.436000
2058,652367,11552,1.444000
2059,652686,11488,1.436000
2060,653001,11504,1.438000
2061,653318,11520,1.440000
2062,653635,11472,1.434000
2063,653951,11520,1.440000
2064,654269,11504,1.438000
2065,654585,11488,1.436000
2066,654902,11504,1.438000
2067,655219,11552,1.444000
2068,655536,11440,1.430000
2069,655852,11472,1.434000
2070,656170,11488,1.436000
2071,656487,11504,1.438000
2072,656803,11488,1.436000
2073,657120,11504,1.438000
2074,657437,11424,1.428000
2075,657754,11472,1.434000
2076,658071,11520,1.440000
2077,658388,11584,1.448000
2078,658704,11488,1.436000
2079,659021,11520,1.440000
2080,659339,11392,1.424000
2081,659655,15248,1.906000
2082,659972,15296,1.912000
2083,660289,15280,1.910000
2084,660605,15328,1.916000
2085,660923,15328,1.916000
2086,661239,15280,1.910000
2087,661556,15360,1.920000
2088,661873,15232,1.904000
2089,662190,15168,1.896000
2090,662507,15248,1.906000
2091,662824,15248,1.906000
2092,663140,15264,1.908000
2093,663458,15328,1.916000
2094,663774,15264,1.908000
2095,664091,15296,1.912000
2096,664408,15248,1.906000
2097,664725,15280,1.910000
2098,665042,15296,1.912000
2099,665359,15280,1.910000
2100,665675,15248,1.906000
2101,665992,15280,1.910000
2102,666309,15216,1.902000
2103,666626,15312,1.914000
2104,666943,15328,1.916000
2105,667260,15328,1.916000
2106,667576,15280,1.910000
2107,667893,13408,1.676000
2108,668211,11472,1.434000
2109,668527,11504,1.438000
2110,668844,11520,1.440000
2111,669161,11504,1.438000
2112,669478,11536,1.442000
2113,669795,11440,1.430000
2114,670112,11408,1.426000
2115,670428,11440,1.430000
2116,670745,11504,1.438000
2117,671062,11536,1.442000
2118,671379,11472,1.434000
2119,671696,11488,1.436000
2120,672012,11504,1.438000
2121,672330,11504,1.438000
2122,672646,11488,1.436000
2123,672963,11472,1.434000
2124,673280,11520,1.440000
2125,673597,11520,1.440000
2126,673914,11520,1.440000
2127,674231,11488,1.436000
2128,674548,11536,1.442000
2129,674864,11504,1.438000
2130,675181,11488,1.436000
2131,675498,11456,1.432000
2132,675815,11488,1.436000
2133,676131,12880,1.610000
2134,676449,15296,1.912000
2135,676766,15296,1.912000
2136,677082,15248,1.906000
2137,677399,15280,1.910000
2138,677716,15280,1.910000
2139,678033,15264,1.908000
2140,678350,15312,1.914000
2141,678667,15296,1.912000
2142,678983,15280,1.910000
2143,679301,15280,1.910000
2144,679617,15264,1.908000
2145,679935,15296,1.912000
2146,680251,15296,1.912000
2147,680568,15328,1.916000
2148,680885,15280,1.910000
2149,681202,15248,1.906000
2150,681519,15264,1.908000
2151,681835,15248,1.906000
2152,682152,15312,1.914000
2153,682469,15280,1.910000
2154,682786,15248,1.906000
2155,683103,15280,1.910000
2156,683420,15312,1.914000
2157,683737,15264,1.908000
2158,684053,15248,1.906000
2159,684370,15296,1.912000
2160,684687,11536,1.442000
2161,685004,11552,1.444000
2162,685321,11600,1.450000
2163,685638,11488,1.436000
2164,685954,11504,1.438000
2165,686271,11504,1.438000
2166,686588,11520,1.440000
2167,686905,11472,1.434000
2168,687222,11488,1.436000
2169,687539,11552,1.444000
2170,687856,11536,1.442000
2171,688173,11520,1.440000
2172,688489,11504,1.438000
2173,688806,11456,1.432000
2174,689123,11488,1.436000
2175,689440,11424,1.428000
2176,689757,11536,1.442000
2177,690074,11472,1.434000
2178,690390,11552,1.444000
2179,690707,11536,1.442000
2180,691024,11504,1.438000
2181,691341,11520,1.440000
2182,691658,11456,1.432000
2183,691975,11456,1.432000
2184,692292,11488,1.436000
2185,692609,11488,1.436000
2186,692925,14064,1.758000
2187,693242,15264,1.908000
2188,693559,15312,1.914000
2189,693876,15280,1.910000
2190,694193,15264,1.908000
2191,694510,15312,1.914000
2192,694827,15232,1.904000
2193,695143,15280,1.910000
2194,695460,15248,1.906000
2195,695777,15264,1.908000
2196,696094,15312,1.914000
2197,696411,15264,1.908000
2198,696728,15248,1.906000
2199,697045,15312,1.914000
2200,697361,15184,1.898000
2201,697678,15232,1.904000
2202,697995,15296,1.912000
2203,698312,15312,1.914000
2204,698629,15280,1.910000
2205,698946,15232,1.904000
2206,699263,15248,1.906000
2207,699580,15312,1.914000
2208,699897,15248,1.906000
2209,700214,15232,1.904000
2210,700530,15280,1.910000
2211,700847,15312,1.914000
2212,701164,13408,1.676000
2213,701481,11472,1.434000
2214,701798,11456,1.432000
2215,702114,11376,1.422000
2216,702431,11440,1.430000
2217,702748,11472,1.434000
2218,703065,11456,1.432000
2219,703382,11520,1.440000
2220,703698,11456,1.432000
2221,704016,11520,1.440000
2222,704333,11520,1.440000
2223,704649,11408,1.426000
2224,704966,11520,1.440000
2225,705283,11504,1.438000
2226,705600,11536,1.442000
2227,705917,11488,1.436000
2228,706234,11440,1.430000
2229,706551,11504,1.438000
2230,706867,11552,1.444000
2231,707184,11456,1.432000
2232,707501,11504,1.438000
2233,707818,11504,1.438000
2234,708135,11344,1.418000
2235,708451,11440,1.430000
2236,708769,11456,1.432000
2237,709085,11536,1.442000
2238,709402,11552,1.444000
2239,709719,15296,1.912000
2240,710036,15248,1.906000
2241,710353,15280,1.910000
2242,710670,15280,1.910000
2243,710987,15264,1.908000
2244,711304,15360,1.920000
2245,711620,15248,1.906000
2246,711937,15248,1.906000
2247,712254,15328,1.916000
2248,712571,15280,1.910000
2249,712888,15296,1.912000
2250,713205,15280,1.910000
2251,713521,15264,1.908000
2252,713838,15248,1.906000
2253,714155,15232,1.904000
2254,714472,15216,1.902000
2255,714789,15264,1.908000
2256,715106,15312,1.914000
2257,715423,15328,1.916000
2258,715740,15296,1.912000
2259,716056,15248,1.906000
2260,716373,15312,1.914000
2261,716689,15296,1.912000
2262,717007,15264,1.908000
2263,717324,15312,1.914000
2264,717641,15264,1.908000
2265,717957,11712,1.464000
2266,718275,11408,1.426000
2267,718591,11440,1.430000
2268,718908,11520,1.440000
2269,719225,11488,1.436000
2270,719542,11520,1.440000
2271,719859,11648,1.456000
2272,720176,11504,1.438000
2273,720493,11504,1.438000
2274,720809,11488,1.436000
2275,721125,11520,1.440000
2276,721443,11472,1.434000
2277,721760,11824,1.478000
2278,722076,11488,1.436000
2279,722393,11488,1.436000
2280,722710,11488,1.436000
2281,723027,11520,1.440000
2282,723344,11520,1.440000
2283,723661,11520,1.440000
2284,723978,11632,1.454000
2285,724295,11520,1.440000
2286,724611,11600,1.450000
2287,724929,11488,1.436000
2288,725246,11504,1.438000
2289,725562,11456,1.432000
2290,725879,11504,1.438000
2291,726196,13376,1.672000
2292,726513,15376,1.922000
2293,726829,15296,1.912000
2294,727147,15264,1.908000
2295,727463,15280,1.910000
2296,727780,15264,1.908000
2297,728096,15232,1.904000
2298,728414,15280,1.910000
2299,728731,15248,1.906000
2300,729047,15232,1.904000
2301,729364,15296,1.912000
2302,729686,15328,1.916000
2303,729998,15296,1.912000
2304,730315,15328,1.916000
2305,730632,15232,1.904000
2306,730949,15248,1.906000
2307,731266,15232,1.904000
2308,731583,15184,1.898000
2309,731900,15248,1.906000
2310,732216,15264,1.908000
2311,732533,15216,1.902000
2312,732850,15280,1.910000
2313,733166,15216,1.902000
2314,733484,15248,1.906000
2315,733801,15264,1.908000
2316,734117,15184,1.898000
2317,734434,14896,1.862000
2318,734752,11520,1.440000
2319,735068,11520,1.440000
2320,735385,11488,1.436000
2321,735702,11472,1.434000
2322,736018,11472,1.434000
2323,736335,11504,1.438000
2324,736652,11568,1.446000
2325,736970,11472,1.434000
2326,737286,11456,1.432000
2327,737603,11488,1.436000
2328,737920,11504,1.438000
2329,738237,11504,1.438000
2330,738553,11504,1.438000
2331,738870,11520,1.440000
2332,739187,11472,1.434000
2333,739504,11536,1.442000
2334,739821,11472,1.434000
2335,740138,11488,1.436000
2336,740454,11536,1.442000
2337,740772,11488,1.436000
2338,741088,11504,1.438000
2339,741406,11488,1.436000
2340,741722,11424,1.428000
2341,742039,11488,1.436000
2342,742356,11504,1.438000
2343,742672,11440,1.430000
2344,742990,15248,1.906000
2345,743306,15280,1.910000
2346,743623,15360,1.920000
2347,743940,15280,1.910000
2348,744257,15296,1.912000
2349,744574,15248,1.906000
2350,744891,15328,1.916000
2351,745208,15264,1.908000
2352,745524,15296,1.912000
2353,745841,15216,1.902000
2354,746158,15248,1.906000
2355,746475,15328,1.916000
2356,746792,15264,1.908000
2357,747109,15280,1.910000
2358,747426,15280,1.910000
2359,747742,15248,1.906000
2360,748059,15280,1.910000
2361,748376,15280,1.910000
2362,748693,15232,1.904000
2363,749010,15280,1.910000
2364,749327,15184,1.898000
2365,749644,15296,1.912000
2366,749961,15296,1.912000
2367,750277,15264,1.908000
2368,750595,15232,1.904000
2369,750911,15264,1.908000
2370,751228,13408,1.676000
2371,751545,11504,1.438000
2372,751861,11456,1.432000
2373,752179,11520,1.440000
2374,752495,11600,1.450000
2375,752812,11472,1.434000
2376,753129,11488,1.436000
2377,753445,11520,1.440000
2378,753763,11520,1.440000
2379,754080,11488,1.436000
2380,754397,11504,1.438000
2381,754713,11472,1.434000
2382,755030,11536,1.442000
2383,755347,11472,1.434000
2384,755664,11504,1.438000
2385,755981,11456,1.432000
2386,756298,11456,1.432000
2387,756614,11520,1.440000
2388,756932,11456,1.432000
2389,757249,11536,1.442000
2390,757565,11472,1.434000
2391,757882,11504,1.438000
2392,758199,11520,1.440000
2393,758516,11520,1.440000
2394,758832,11536,1.442000
2395,759150,11520,1.440000
2396,759466,12816,1.602000
2397,759783,15312,1.914000
2398,760099,15248,1.906000
2399,760417,15264,1.908000
2400,760734,15280,1.910000
2401,761051,15264,1.908000
2402,761368,15232,1.904000
2403,761687,15280,1.910000
2404,762001,15312,1.914000
2405,762318,15248,1.906000
2406,762635,15264,1.908000
2407,762952,15296,1.912000
2408,763269,15216,1.902000
2409,763585,15248,1.906000
2410,763902,15296,1.912000
2411,764220,15296,1.912000
2412,764536,15216,1.902000
2413,764853,15312,1.914000
2414,765170,15264,1.908000
2415,765487,15280,1.910000
2416,765804,15280,1.910000
2417,766120,15264,1.908000
2418,766437,15280,1.910000
2419,766755,15280,1.910000
2420,767071,15296,1.912000
2421,767388,15344,1.918000
2422,767705,15264,1.908000
2423,768022,11504,1.438000
2424,768339,11456,1.432000
2425,768655,11552,1.444000
2426,768972,11424,1.428000
2427,769289,11488,1.436000
2428,769606,11488,1.436000
2429,769922,11504,1.438000
2430,770240,11568,1.446000
2431,770556,11504,1.438000
2432,770873,11392,1.424000
2433,771191,11488,1.436000
2434,771507,11504,1.438000
2435,771824,11536,1.442000
2436,772141,11536,1.442000
2437,772458,11504,1.438000
2438,772775,11440,1.430000
2439,773091,11536,1.442000
2440,773409,11456,1.432000
2441,773725,11536,1.442000
2442,774042,11504,1.438000
2443,774359,11472,1.434000
2444,774675,11520,1.440000
2445,774993,11504,1.438000
2446,775309,11488,1.436000
2447,775626,11472,1.434000
2448,775943,11408,1.426000
2449,776260,14016,1.752000
2450,776576,15264,1.908000
2451,776894,15280,1.910000
2452,777211,15312,1.914000
2453,777527,15312,1.914000
2454,777844,15328,1.916000
2455,778160,15248,1.906000
2456,778478,15296,1.912000
2457,778795,15312,1.914000
2458,779111,15280,1.910000
2459,779429,15280,1.910000
2460,779745,15312,1.914000
2461,780062,15264,1.908000
2462,780379,15264,1.908000
2463,780696,15296,1.912000
2464,781012,15232,1.904000
2465,781330,15264,1.908000
2466,781647,15312,1.914000
2467,781963,15248,1.906000
2468,782280,15280,1.910000
2469,782597,15264,1.908000
2470,782914,15328,1.916000
2471,783231,15280,1.910000
2472,783548,15232,1.904000
2473,783864,15280,1.910000
2474,784182,15264,1.908000
2475,784498,13424,1.678000
2476,784815,11520,1.440000
2477,785132,11536,1.442000
2478,785449,11552,1.444000
2479,785766,11472,1.434000
2480,786082,11472,1.434000
2481,786400,11472,1.434000
2482,786716,11536,1.442000
2483,787033,11552,1.444000
2484,787350,11472,1.434000
2485,787667,11440,1.430000
2486,787984,11520,1.440000
2487,788301,11520,1.440000
2488,788618,11520,1.440000
2489,788934,11536,1.442000
2490,789251,11504,1.438000
2491,789568,11488,1.436000
2492,789885,11504,1.438000
2493,790202,11488,1.436000
2494,790518,11504,1.438000
2495,790836,11536,1.442000
2496,791152,11296,1.412000
2497,791469,11488,1.436000
2498,791786,11472,1.434000
2499,792103,11600,1.450000
2500,792420,11472,1.434000
2501,792737,11520,1.440000
2502,793053,15440,1.930000
2503,793370,15280,1.910000
2504,793686,15312,1.914000
2505,794004,15280,1.910000
2506,794321,15248,1.906000
2507,794638,15232,1.904000
2508,794954,15232,1.904000
2509,795272,15536,1.942000
2510,795588,15280,1.910000
2511,795905,15344,1.918000
2512,796222,15296,1.912000
2513,796539,15296,1.912000
2514,796856,15280,1.910000
2515,797173,15408,1.926000
2516,797490,15280,1.910000
2517,797806,15312,1.914000
2518,798123,15248,1.906000
2519,798440,15296,1.912000
2520,798757,15264,1.908000
2521,799073,15264,1.908000
2522,799391,15312,1.914000
2523,799708,15216,1.902000
2524,800024,15248,1.906000
2525,800341,15312,1.914000
2526,800658,15328,1.916000
2527,800975,15248,1.906000
2528,801292,11872,1.484000
2529,801609,11568,1.446000
2530,801925,11472,1.434000
2531,802242,11488,1.436000
2532,802559,11536,1.442000
2533,802876,11504,1.438000
2534,803193,11488,1.436000
2535,803510,11472,1.434000
2536,803826,11520,1.440000
2537,804144,11488,1.436000
2538,804460,11520,1.440000
2539,804777,11504,1.438000
2540,805094,11520,1.440000
2541,805411,11440,1.430000
2542,805728,11504,1.438000
2543,806045,11488,1.436000
2544,806362,11520,1.440000
2545,806679,11456,1.432000
2546,806996,11536,1.442000
2547,807312,11488,1.436000
2548,807629,11504,1.438000
2549,807946,11456,1.432000
2550,808263,11504,1.438000
2551,808580,11504,1.438000
2552,808897,11344,1.418000
2553,809213,11456,1.432000
2554,809530,13360,1.670000
2555,809847,15280,1.910000
2556,810164,15312,1.914000
2557,810480,15248,1.906000
2558,810798,15024,1.878000
2559,811115,15264,1.908000
2560,811432,15248,1.906000
2561,811748,15264,1.908000
2562,812065,15264,1.908000
2563,812382,15280,1.910000
2564,812698,15264,1.908000
2565,813016,15280,1.910000
2566,813333,15264,1.908000
2567,813649,15296,1.912000
2568,813966,15296,1.912000
2569,814283,15280,1.910000
2570,814600,15280,1.910000
2571,814917,15408,1.926000
2572,815234,15264,1.908000
2573,815551,15280,1.910000
2574,815867,15248,1.906000
2575,816184,15248,1.906000
2576,816501,15232,1.904000
2577,816818,15296,1.912000
2578,817135,15280,1.910000
2579,817452,15296,1.912000
2580,817769,14992,1.874000
2581,818085,11456,1.432000
2582,818402,11504,1.438000
2583,818720,11520,1.440000
2584,819036,11440,1.430000
2585,819353,11568,1.446000
2586,819670,11552,1.444000
2587,819987,11520,1.440000
2588,820304,11536,1.442000
2589,820620,11488,1.436000
2590,820937,11504,1.438000
2591,821255,11392,1.424000
2592,821571,11504,1.438000
2593,821888,11504,1.438000
2594,822205,11520,1.440000
2595,822522,11536,1.442000
2596,822838,11536,1.442000
2597,823156,11536,1.442000
2598,823472,11504,1.438000
2599,823789,11408,1.426000
2600,824105,11520,1.440000
2601,824423,11552,1.444000
2602,824740,11504,1.438000
2603,825056,11504,1.438000
2604,825373,11488,1.436000
2605,825691,11488,1.436000
2606,826007,11536,1.442000
2607,826324,15232,1.904000
2608,826641,15280,1.910000
2609,826958,15328,1.916000
2610,827275,15264,1.908000
2611,827591,15248,1.906000
2612,827908,15248,1.906000
2613,828225,15232,1.904000
2614,828542,15264,1.908000
2615,828859,15232,1.904000
2616,829176,15280,1.910000
2617,829493,15264,1.908000
2618,829809,15312,1.914000
2619,830126,15280,1.910000
2620,830443,15312,1.914000
2621,830760,15296,1.912000
2622,831077,15328,1.916000
2623,831394,15280,1.910000
2624,831711,15264,1.908000
2625,832027,15296,1.912000
2626,832344,15248,1.906000
2627,832661,15248,1.906000
2628,832978,15280,1.910000
2629,833295,15264,1.908000
2630,833612,15280,1.910000
2631,833929,15312,1.914000
2632,834246,15264,1.908000
2633,834562,13392,1.674000
2634,834879,11456,1.432000
2635,835196,11584,1.448000
2636,835512,11504,1.438000
2637,835830,11504,1.438000
2638,836146,11456,1.432000
2639,836463,11488,1.436000
2640,836781,11472,1.434000
2641,837097,11520,1.440000
2642,837414,11552,1.444000
2643,837731,11472,1.434000
2644,838048,11552,1.444000
2645,838365,11504,1.438000
2646,838686,11504,1.438000
2647,838999,11472,1.434000
2648,839315,11504,1.438000
2649,839632,11472,1.434000
2650,839949,11472,1.434000
2651,840266,11488,1.436000
2652,840582,11520,1.440000
2653,840899,11520,1.440000
2654,841217,11520,1.440000
2655,841533,11504,1.438000
2656,841850,11488,1.436000
2657,842167,11472,1.434000
2658,842483,11536,1.442000
2659,842801,12832,1.604000
2660,843117,15264,1.908000
2661,843434,15232,1.904000
2662,843751,15264,1.908000
2663,844068,15232,1.904000
2664,844385,15296,1.912000
2665,844702,15312,1.914000
2666,845019,15264,1.908000
2667,845336,15264,1.908000
2668,845652,15344,1.918000
2669,845970,15280,1.910000
2670,846286,15296,1.912000
2671,846603,15264,1.908000
2672,846920,15296,1.912000
2673,847237,15296,1.912000
2674,847553,15296,1.912000
2675,847871,15280,1.910000
2676,848188,15232,1.904000
2677,848504,15216,1.902000
2678,848821,15280,1.910000
2679,849138,15296,1.912000
2680,849455,15264,1.908000
2681,849772,15248,1.906000
2682,850089,15328,1.916000
2683,850406,15264,1.908000
2684,850722,15280,1.910000
2685,851038,15280,1.910000
2686,851356,11520,1.440000
2687,851673,11520,1.440000
2688,851990,11536,1.442000
2689,852307,11424,1.428000
2690,852624,11472,1.434000
2691,852940,11488,1.436000
2692,853257,11504,1.438000
2693,853574,11472,1.434000
2694,853891,11504,1.438000
2695,854208,11504,1.438000
2696,854524,11456,1.432000
2697,854842,11456,1.432000
2698,855158,11504,1.438000
2699,855475,11504,1.438000
2700,855792,11520,1.440000
2701,856109,11456,1.432000
2702,856425,11456,1.432000
2703,856742,11504,1.438000
2704,857059,11488,1.436000
2705,857376,11504,1.438000
2706,857693,11536,1.442000
2707,858010,11504,1.438000
2708,858327,11536,1.442000
2709,858644,11520,1.440000
2710,858961,11488,1.436000
2711,859278,11488,1.436000
2712,859594,13792,1.724000
2713,859911,15280,1.910000
2714,860228,15296,1.912000
2715,860545,15248,1.906000
2716,860861,15264,1.908000
2717,861179,15248,1.906000
2718,861496,15280,1.910000
2719,861812,15216,1.902000
2720,862129,15264,1.908000
2721,862446,15280,1.910000
2722,862763,15280,1.910000
2723,863080,15312,1.914000
2724,863397,15264,1.908000
2725,863713,15344,1.918000
2726,864031,15280,1.910000
2727,864347,15264,1.908000
2728,864664,15248,1.906000
2729,864981,15264,1.908000
2730,865298,15280,1.910000
2731,865615,15296,1.912000
2732,865931,15280,1.910000
2733,866248,15280,1.910000
2734,866565,15328,1.916000
2735,866882,15296,1.912000
2736,867199,15280,1.910000
2737,867516,15296,1.912000
2738,867833,13376,1.672000
2739,868149,11488,1.436000
2740,868467,11520,1.440000
2741,868783,11488,1.436000
2742,869100,11504,1.438000
2743,869416,11472,1.434000
2744,869734,11520,1.440000
2745,870051,11504,1.438000
2746,870368,11504,1.438000
2747,870686,11488,1.436000
2748,871001,11504,1.438000
2749,871318,11440,1.430000
2750,871635,11488,1.436000
2751,871951,11472,1.434000
2752,872269,11504,1.438000
2753,872586,11520,1.440000
2754,872902,11504,1.438000
2755,873219,11504,1.438000
2756,873536,11440,1.430000
2757,873853,11504,1.438000
2758,874170,11440,1.430000
2759,874487,11504,1.438000
2760,874804,11520,1.440000
2761,875121,11536,1.442000
2762,875438,11296,1.412000
2763,875754,11440,1.430000
2764,876071,11504,1.438000
2765,876388,15216,1.902000
2766,876704,15248,1.906000
2767,877022,15312,1.914000
2768,877339,15232,1.904000
2769,877655,15248,1.906000
2770,877973,15280,1.910000
2771,878290,15312,1.914000
2772,878606,15264,1.908000
2773,878923,15248,1.906000
2774,879240,15248,1.906000
2775,879556,15536,1.942000
2776,879873,15280,1.910000
2777,880190,15088,1.886000
2778,880507,15264,1.908000
2779,880823,15280,1.910000
2780,881141,15296,1.912000
2781,881458,15488,1.936000
2782,881775,15264,1.908000
2783,882091,15312,1.914000
2784,882408,15216,1.902000
2785,882725,15264,1.908000
2786,883041,15296,1.912000
2787,883358,15280,1.910000
2788,883676,15264,1.908000
2789,883992,15232,1.904000
2790,884310,15392,1.924000
2791,884626,11840,1.480000
2792,884943,11520,1.440000
2793,885260,11504,1.438000
2794,885577,11520,1.440000
2795,885894,11504,1.438000
2796,886211,11568,1.446000
2797,886527,11568,1.446000
2798,886845,11536,1.442000
2799,887161,11552,1.444000
2800,887478,11552,1.444000
2801,887795,11456,1.432000
2802,888112,11440,1.430000
2803,888429,11344,1.418000
2804,888746,11520,1.440000
2805,889062,11520,1.440000
2806,889379,11568,1.446000
2807,889696,11472,1.434000
2808,890013,11504,1.438000
2809,890330,11472,1.434000
2810,890647,11520,1.440000
2811,890964,11536,1.442000
2812,891280,11488,1.436000
2813,891597,11472,1.434000
2814,891915,11472,1.434000
2815,892231,11520,1.440000
2816,892548,11536,1.442000
2817,892865,13408,1.676000
2818,893182,15312,1.914000
2819,893498,15296,1.912000
2820,893816,15312,1.914000
2821,894132,15280,1.910000
2822,894449,15328,1.916000
2823,894766,15312,1.914000
2824,895083,15280,1.910000
2825,895400,15280,1.910000
2826,895717,15200,1.900000
2827,896033,15264,1.908000
2828,896350,15248,1.906000
2829,896667,15280,1.910000
2830,896983,15296,1.912000
2831,897301,15296,1.912000
2832,897618,15312,1.914000
2833,897935,15312,1.914000
2834,898251,15248,1.906000
2835,898568,15328,1.916000
2836,898885,15264,1.908000
2837,899202,15232,1.904000
2838,899519,15232,1.904000
2839,899836,15264,1.908000
2840,900153,15232,1.904000
2841,900469,15248,1.906000
2842,900786,15264,1.908000
2843,901103,15024,1.878000
2844,901420,11488,1.436000
2845,901737,11408,1.426000
2846,902054,11488,1.436000
2847,902371,11520,1.440000
2848,902687,11536,1.442000
2849,903004,11504,1.438000
2850,903321,11488,1.436000
2851,903638,11472,1.434000
2852,903955,11552,1.444000
2853,904272,11536,1.442000
2854,904589,11488,1.436000
2855,904905,11440,1.430000
2856,905222,11488,1.436000
2857,905540,11488,1.436000
2858,905856,11472,1.434000
2859,906173,11520,1.440000
2860,906490,11424,1.428000
2861,906807,11408,1.426000
2862,907124,11488,1.436000
2863,907440,11488,1.436000
2864,907757,11440,1.430000
2865,908074,11392,1.424000
2866,908391,11440,1.430000
2867,908708,11552,1.444000
2868,909025,11456,1.432000
2869,909342,11488,1.436000
2870,909658,15312,1.914000
2871,909975,15312,1.914000
2872,910292,15264,1.908000
2873,910609,15312,1.914000
2874,910926,15248,1.906000
2875,911243,15264,1.908000
2876,911560,15312,1.914000
2877,911876,15264,1.908000
2878,912193,15216,1.902000
2879,912510,15264,1.908000
2880,912827,15280,1.910000
2881,913144,15280,1.910000
2882,913461,15312,1.914000
2883,913777,15264,1.908000
2884,914094,15264,1.908000
2885,914411,15280,1.910000
2886,914728,15312,1.914000
2887,915045,15296,1.912000
2888,915361,15264,1.908000
2889,915679,15360,1.920000
2890,915996,15280,1.910000
2891,916313,15296,1.912000
2892,916630,15264,1.908000
2893,916946,15264,1.908000
2894,917263,15248,1.906000
2895,917580,15312,1.914000
2896,917897,13392,1.674000
2897,918214,11488,1.436000
2898,918530,11488,1.436000
2899,918847,11472,1.434000
2900,919165,11488,1.436000
2901,919481,11536,1.442000
2902,919798,11504,1.438000
2903,920115,11536,1.442000
2904,920432,11472,1.434000
2905,920748,11456,1.432000
2906,921066,11456,1.432000
2907,921382,11504,1.438000
2908,921699,11472,1.434000
2909,922016,11488,1.436000
2910,922333,11504,1.438000
2911,922650,11504,1.438000
2912,922966,11472,1.434000
2913,923284,11520,1.440000
2914,923600,11520,1.440000
2915,923917,11536,1.442000
2916,924234,11504,1.438000
2917,924551,11488,1.436000
2918,924867,11504,1.438000
2919,925185,11472,1.434000
2920,925502,11488,1.436000
2921,925818,11472,1.434000
2922,926135,12784,1.598000
2923,926452,15296,1.912000
2924,926769,15248,1.906000
2925,927086,15248,1.906000
2926,927403,15248,1.906000
2927,927719,15280,1.910000
2928,928036,15264,1.908000
2929,928353,15248,1.906000
2930,928669,15312,1.914000
2931,928987,15264,1.908000
2932,929303,15280,1.910000
2933,929621,15328,1.916000
2934,929938,15296,1.912000
2935,930255,15248,1.906000
2936,930571,15312,1.914000
2937,930888,15280,1.910000
2938,931205,15296,1.912000
2939,931522,15296,1.912000
2940,931838,15264,1.908000
2941,932156,15216,1.902000
2942,932472,15296,1.912000
2943,932789,15232,1.904000
2944,933107,15280,1.910000
2945,933423,15280,1.910000
2946,933740,15344,1.918000
2947,934057,15248,1.906000
2948,934374,15232,1.904000
2949,934690,11504,1.438000
2950,935007,11552,1.444000
2951,935325,11456,1.432000
2952,935641,11488,1.436000
2953,935958,11456,1.432000
2954,936275,11520,1.440000
2955,936592,11488,1.436000
2956,936909,11488,1.436000
2957,937226,11520,1.440000
2958,937542,11504,1.438000
2959,937859,11488,1.436000
2960,938175,11488,1.436000
2961,938493,11440,1.430000
2962,938809,11472,1.434000
2963,939126,11456,1.432000
2964,939443,11440,1.430000
2965,939761,11472,1.434000
2966,940077,11488,1.436000
2967,940394,11520,1.440000
2968,940711,11472,1.434000
2969,941027,11504,1.438000
2970,941345,11520,1.440000
2971,941661,11504,1.438000
2972,941978,11520,1.440000
2973,942295,11488,1.436000
2974,942611,11488,1.436000
2975,942929,13888,1.736000
2976,943246,15264,1.908000
2977,943562,15280,1.910000
2978,943880,15280,1.910000
2979,944196,15328,1.916000
2980,944513,15088,1.886000
2981,944830,15232,1.904000
2982,945147,15232,1.904000
2983,945464,15248,1.906000
2984,945780,15280,1.910000
2985,946097,15264,1.908000
2986,946414,15296,1.912000
2987,946731,15232,1.904000
2988,947048,15376,1.922000
2989,947365,15280,1.910000
2990,947685,15296,1.912000
2991,947999,15296,1.912000
2992,948316,15232,1.904000
2993,948632,15472,1.934000
2994,948949,15248,1.906000
2995,949266,15280,1.910000
2996,949583,15248,1.906000
2997,949900,15264,1.908000
2998,950217,15280,1.910000
2999,950533,15264,1.908000
3000,950850,15600,1.950000
3001,951167,13392,1.674000
3002,951484,11488,1.436000
3003,951801,11520,1.440000
3004,952118,11552,1.444000
3005,952434,11488,1.436000
3006,952752,11568,1.446000
3007,953068,11504,1.438000
3008,953386,11504,1.438000
3009,953702,11552,1.444000
3010,954019,11488,1.436000
3011,954336,11488,1.436000
3012,954653,11536,1.442000
3013,954970,11456,1.432000
3014,955287,11488,1.436000
3015,955603,11552,1.444000
3016,955920,11504,1.438000
3017,956237,11504,1.438000
3018,956554,11456,1.432000
3019,956871,11472,1.434000
3020,957188,11456,1.432000
3021,957505,11472,1.434000
3022,957822,11520,1.440000
3023,958138,11488,1.436000
3024,958455,11536,1.442000
3025,958772,11456,1.432000
3026,959089,11488,1.436000
3027,959406,11488,1.436000
3028,959722,15328,1.916000
3029,960040,15264,1.908000
3030,960356,15280,1.910000
3031,960673,15280,1.910000
3032,960990,15248,1.906000
3033,961307,15296,1.912000
3034,961624,15232,1.904000
3035,961940,15248,1.906000
3036,962258,15232,1.904000
3037,962574,15200,1.900000
3038,962891,15264,1.908000
3039,963208,15248,1.906000
3040,963525,15264,1.908000
3041,963842,15280,1.910000
3042,964159,15280,1.910000
3043,964475,15168,1.896000
3044,964792,15312,1.914000
3045,965109,15312,1.914000
3046,965426,15264,1.908000
3047,965743,15296,1.912000
3048,966060,15232,1.904000
3049,966377,15120,1.890000
3050,966694,15232,1.904000
3051,967010,15264,1.908000
3052,967327,15280,1.910000
3053,967644,15328,1.916000
3054,967961,11904,1.488000
3055,968278,11520,1.440000
3056,968595,11552,1.444000
3057,968911,11504,1.438000
3058,969228,11600,1.450000
3059,969545,11536,1.442000
3060,969862,11424,1.428000
3061,970179,11536,1.442000
3062,970496,11600,1.450000
3063,970812,11488,1.436000
3064,971130,11504,1.438000
3065,971446,11520,1.440000
3066,971763,11488,1.436000
3067,972080,11472,1.434000
3068,972397,11488,1.436000
3069,972714,11520,1.440000
3070,973031,11488,1.436000
3071,973348,11600,1.450000
3072,973664,11488,1.436000
3073,973981,11552,1.444000
3074,974298,11488,1.436000
3075,974615,11472,1.434000
3076,974932,11520,1.440000
3077,975249,11616,1.452000
3078,975565,11520,1.440000
3079,975882,11488,1.436000
3080,976199,13408,1.676000
3081,976516,15264,1.908000
3082,976833,15248,1.906000
3083,977150,15232,1.904000
3084,977466,15216,1.902000
3085,977783,15232,1.904000
3086,978100,15280,1.910000
3087,978417,15328,1.916000
3088,978734,15312,1.914000
3089,979051,15280,1.910000
3090,979368,15280,1.910000
3091,979687,15264,1.908000
3092,980002,15296,1.912000
3093,980319,15248,1.906000
3094,980635,15296,1.912000
3095,980952,15248,1.906000
3096,981269,15296,1.912000
3097,981586,15264,1.908000
3098,981903,15280,1.910000
3099,982220,15248,1.906000
3100,982536,15248,1.906000
3101,982853,15248,1.906000
3102,983170,15296,1.912000
3103,983487,15232,1.904000
3104,983804,15232,1.904000
3105,984121,15280,1.910000
3106,984438,15024,1.878000
3107,984755,11472,1.434000
3108,985071,11520,1.440000
3109,985388,11536,1.442000
3110,985705,11456,1.432000
3111,986022,11504,1.438000
3112,986338,11584,1.448000
3113,986656,11504,1.438000
3114,986972,11504,1.438000
3115,987289,11520,1.440000
3116,987607,11488,1.436000
3117,987923,11504,1.438000
3118,988240,11552,1.444000
3119,988557,11584,1.448000
3120,988873,11488,1.436000
3121,989191,11504,1.438000
3122,989508,11488,1.436000
3123,989824,11536,1.442000
3124,990141,11520,1.440000
3125,990458,11488,1.436000
3126,990775,11520,1.440000
3127,991092,11488,1.436000
3128,991408,11472,1.434000
3129,991726,11504,1.438000
3130,992042,11456,1.432000
3131,992360,11504,1.438000
3132,992676,11504,1.438000
3133,992993,15280,1.910000
3134,993310,15280,1.910000
3135,993626,15280,1.910000
3136,993944,15328,1.916000
3137,994261,15280,1.910000
3138,994577,15296,1.912000
3139,994894,15312,1.914000
3140,995211,15280,1.910000
3141,995528,15312,1.914000
3142,995845,15296,1.912000
3143,996161,15264,1.908000
3144,996478,15296,1.912000
3145,996795,15296,1.912000
3146,997112,15216,1.902000
3147,997428,15264,1.908000
3148,997746,15328,1.916000
3149,998063,15264,1.908000
3150,998380,15280,1.910000
3151,998696,15296,1.912000
3152,999013,15248,1.906000
3153,999330,15280,1.910000
3154,999647,15280,1.910000
3155,999964,15280,1.910000
