sample,timestamp_us,raw,voltage_V
0,102,13568,1.696000
1,420,13376,1.672000
2,736,13184,1.648000
3,1053,13216,1.652000
4,1370,13168,1.646000
5,1687,13200,1.650000
6,2004,13168,1.646000
7,2321,13200,1.650000
8,2638,13232,1.654000
9,2954,13200,1.650000
10,3271,13264,1.658000
11,3588,13216,1.652000
12,3905,13200,1.650000
13,4222,13168,1.646000
14,4539,13184,1.648000
15,4855,13232,1.654000
16,5173,13248,1.656000
17,5489,13248,1.656000
18,5806,13248,1.656000
19,6123,13216,1.652000
20,6440,13232,1.654000
21,6757,13184,1.648000
22,7073,13280,1.660000
23,7390,13184,1.648000
24,7707,13168,1.646000
25,8024,13232,1.654000
26,8341,13168,1.646000
27,8658,13344,1.668000
28,8975,13616,1.702000
29,9292,13536,1.692000
30,9608,13600,1.700000
31,9925,13568,1.696000
32,10242,13648,1.706000
33,10559,13600,1.700000
34,10875,13584,1.698000
35,11192,13584,1.698000
36,11510,13584,1.698000
37,11827,13552,1.694000
38,12143,13424,1.678000
39,12460,13600,1.700000
40,12777,13632,1.704000
41,13094,13600,1.700000
42,13411,13600,1.700000
43,13727,13600,1.700000
44,14045,13520,1.690000
45,14361,13584,1.698000
46,14679,13632,1.704000
47,14995,13584,1.698000
48,15312,13568,1.696000
49,15629,13600,1.700000
50,15945,13600,1.700000
51,16262,13680,1.710000
52,16579,13664,1.708000
53,16896,13616,1.702000
54,17213,13152,1.644000
55,17530,13232,1.654000
56,17846,13232,1.654000
57,18164,13312,1.664000
58,18480,13264,1.658000
59,18797,13200,1.650000
60,19114,13248,1.656000
61,19431,13184,1.648000
62,19748,13248,1.656000
63,20065,13248,1.656000
64,20382,13104,1.638000
65,20699,13216,1.652000
66,21015,13296,1.662000
67,21332,13216,1.652000
68,21649,13216,1.652000
69,21966,13248,1.656000
70,22283,13184,1.648000
71,22600,13232,1.654000
72,22916,13152,1.644000
73,23234,13200,1.650000
74,23550,13200,1.650000
75,23868,13200,1.650000
76,24184,13248,1.656000
77,24501,13216,1.652000
78,24818,13184,1.648000
79,25135,13136,1.642000
80,25452,13440,1.680000
81,25768,13552,1.694000
82,26085,13600,1.700000
83,26402,13632,1.704000
84,26719,13568,1.696000
85,27036,13616,1.702000
86,27352,13568,1.696000
87,27670,13536,1.692000
88,27986,13552,1.694000
89,28303,13568,1.696000
90,28620,13504,1.688000
91,28937,13600,1.700000
92,29254,13600,1.700000
93,29570,13600,1.700000
94,29888,13616,1.702000
95,30205,13600,1.700000
96,30521,13600,1.700000
97,30838,13504,1.688000
98,31155,13536,1.692000
99,31472,13600,1.700000
100,31788,13584,1.698000
101,32106,13664,1.708000
102,32422,13568,1.696000
103,32739,13552,1.694000
104,33056,13552,1.694000
105,33373,13600,1.700000
106,33690,13440,1.680000
107,34007,13200,1.650000
108,34324,13232,1.654000
109,34640,13232,1.654000
110,34957,13216,1.652000
111,35274,13184,1.648000
112,35591,13232,1.654000
113,35908,13216,1.652000
114,36225,13232,1.654000
115,36541,13184,1.648000
116,36859,13216,1.652000
117,37175,13280,1.660000
118,37493,13200,1.650000
119,37809,13168,1.646000
120,38126,13200,1.650000
121,38443,13232,1.654000
122,38760,13184,1.648000
123,39076,13216,1.652000
124,39393,13152,1.644000
125,39710,13184,1.648000
126,40027,13264,1.658000
127,40344,13232,1.654000
128,40660,13216,1.652000
129,40978,13280,1.660000
130,41295,13168,1.646000
131,41611,13216,1.652000
132,41928,13200,1.650000
133,42245,13664,1.708000
134,42562,13568,1.696000
135,42879,13584,1.698000
136,43196,13552,1.694000
137,43513,13584,1.698000
138,43830,13600,1.700000
139,44146,13600,1.700000
140,44463,13600,1.700000
141,44780,13600,1.700000
142,45096,13584,1.698000
143,45414,13600,1.700000
144,45731,13536,1.692000
145,46047,13600,1.700000
146,46364,13600,1.700000
147,46685,13632,1.704000
148,46998,13600,1.700000
149,47315,13600,1.700000
150,47632,13568,1.696000
151,47948,13520,1.690000
152,48266,13600,1.700000
153,48582,13584,1.698000
154,48899,13552,1.694000
155,49216,13584,1.698000
156,49533,13568,1.696000
157,49850,13536,1.692000
158,50166,13616,1.702000
159,50484,13296,1.662000
160,50800,13200,1.650000
161,51117,13200,1.650000
162,51434,13200,1.650000
163,51751,13216,1.652000
164,52068,13216,1.652000
165,52385,13280,1.660000
166,52701,13200,1.650000
167,53019,13152,1.644000
168,53335,13200,1.650000
169,53653,13232,1.654000
170,53969,13232,1.654000
171,54286,13184,1.648000
172,54603,13200,1.650000
173,54919,13216,1.652000
174,55236,13184,1.648000
175,55553,13264,1.658000
176,55870,13216,1.652000
177,56187,13168,1.646000
178,56504,13184,1.648000
179,56821,13200,1.650000
180,57137,13232,1.654000
181,57455,13200,1.650000
182,57771,13232,1.654000
183,58088,13216,1.652000
184,58405,13120,1.640000
185,58722,13424,1.678000
186,59039,13584,1.698000
187,59356,13568,1.696000
188,59672,13616,1.702000
189,59989,13584,1.698000
190,60306,13648,1.706000
191,60623,13600,1.700000
192,60940,13536,1.692000
193,61257,13584,1.698000
194,61574,13600,1.700000
195,61890,13568,1.696000
196,62207,13616,1.702000
197,62524,13584,1.698000
198,62841,13648,1.706000
199,63158,13600,1.700000
200,63475,13520,1.690000
201,63792,13600,1.700000
202,64108,13568,1.696000
203,64425,13568,1.696000
204,64742,13632,1.704000
205,65059,13616,1.702000
206,65376,13664,1.708000
207,65693,13600,1.700000
208,66010,13568,1.696000
209,66327,13584,1.698000
210,66643,13584,1.698000
211,66960,13328,1.666000
212,67278,13232,1.654000
213,67594,13216,1.652000
214,67911,13280,1.660000
215,68227,13216,1.652000
216,68545,13184,1.648000
217,68861,13232,1.654000
218,69179,13232,1.654000
219,69495,13184,1.648000
220,69812,13232,1.654000
221,70129,13216,1.652000
222,70446,13232,1.654000
223,70762,13200,1.650000
224,71080,13184,1.648000
225,71396,13216,1.652000
226,71713,13248,1.656000
227,72030,13152,1.644000
228,72347,13280,1.660000
229,72664,13248,1.656000
230,72981,13136,1.642000
231,73298,13216,1.652000
232,73614,13216,1.652000
233,73931,13200,1.650000
234,74249,13200,1.650000
235,74565,13232,1.654000
236,74881,13184,1.648000
237,75198,13200,1.650000
238,75516,13552,1.694000
239,75832,13600,1.700000
240,76149,13632,1.704000
241,76466,13568,1.696000
242,76782,13600,1.700000
243,77100,13552,1.694000
244,77417,13568,1.696000
245,77733,13568,1.696000
246,78050,13584,1.698000
247,78367,13648,1.706000
248,78686,13744,1.718000
249,79001,13552,1.694000
250,79318,13568,1.696000
251,79635,13568,1.696000
252,79952,13632,1.704000
253,80269,13584,1.698000
254,80586,13840,1.730000
255,80902,13552,1.694000
256,81219,13600,1.700000
257,81536,13536,1.692000
258,81853,13600,1.700000
259,82170,13552,1.694000
260,82487,13552,1.694000
261,82804,13632,1.704000
262,83120,13600,1.700000
263,83437,13760,1.720000
264,83753,13392,1.674000
265,84071,13200,1.650000
266,84388,13216,1.652000
267,84705,13184,1.648000
268,85021,13216,1.652000
269,85338,13200,1.650000
270,85655,13184,1.648000
271,85972,13168,1.646000
272,86289,13200,1.650000
273,86606,13200,1.650000
274,86922,13232,1.654000
275,87239,13200,1.650000
276,87556,13104,1.638000
277,87873,13232,1.654000
278,88190,13184,1.648000
279,88507,13216,1.652000
280,88824,13264,1.658000
281,89140,13248,1.656000
282,89458,13264,1.658000
283,89774,13248,1.656000
284,90091,13216,1.652000
285,90408,13216,1.652000
286,90725,13248,1.656000
287,91042,13248,1.656000
288,91359,13184,1.648000
289,91675,13216,1.652000
290,91992,13360,1.670000
291,92309,13568,1.696000
292,92625,13568,1.696000
293,92943,13568,1.696000
294,93260,13600,1.700000
295,93577,13632,1.704000
296,93893,13552,1.694000
297,94210,13584,1.698000
298,94527,13520,1.690000
299,94844,13600,1.700000
300,95161,13600,1.700000
301,95478,13536,1.692000
302,95795,13616,1.702000
303,96111,13552,1.694000
304,96429,13584,1.698000
305,96745,13600,1.700000
306,97062,13536,1.692000
307,97379,13584,1.698000
308,97696,13616,1.702000
309,98012,13584,1.698000
310,98330,13600,1.700000
311,98646,13568,1.696000
312,98963,13584,1.698000
313,99280,13584,1.698000
314,99597,13600,1.700000
315,99914,13584,1.698000
316,100231,13616,1.702000
317,100548,13248,1.656000
318,100864,13232,1.654000
319,101182,13200,1.650000
320,101498,13232,1.654000
321,101815,13216,1.652000
322,102132,13200,1.650000
323,102449,13200,1.650000
324,102766,13184,1.648000
325,103082,13184,1.648000
326,103400,13232,1.654000
327,103716,13232,1.654000
328,104033,13184,1.648000
329,104350,13232,1.654000
330,104666,13152,1.644000
331,104984,13248,1.656000
332,105301,13152,1.644000
333,105617,13184,1.648000
334,105934,13216,1.652000
335,106252,13216,1.652000
336,106568,13200,1.650000
337,106885,13248,1.656000
338,107202,13200,1.650000
339,107519,13168,1.646000
340,107835,13216,1.652000
341,108153,13104,1.638000
342,108469,13184,1.648000
343,108786,13456,1.682000
344,109103,13552,1.694000
345,109420,13552,1.694000
346,109737,13600,1.700000
347,110054,13584,1.698000
348,110371,13568,1.696000
349,110688,13568,1.696000
350,111004,13600,1.700000
351,111321,13568,1.696000
352,111638,13584,1.698000
353,111955,13568,1.696000
354,112272,13568,1.696000
355,112589,13648,1.706000
356,112905,13600,1.700000
357,113222,13552,1.694000
358,113539,13616,1.702000
359,113856,13600,1.700000
360,114173,13584,1.698000
361,114490,13552,1.694000
362,114806,13616,1.702000
363,115124,13584,1.698000
364,115440,13552,1.694000
365,115757,13584,1.698000
366,116074,13632,1.704000
367,116391,13568,1.696000
368,116708,13600,1.700000
369,117024,13424,1.678000
370,117341,13200,1.650000
371,117658,13216,1.652000
372,117975,13168,1.646000
373,118292,13232,1.654000
374,118609,13248,1.656000
375,118926,13216,1.652000
376,119243,13184,1.648000
377,119560,13200,1.650000
378,119876,13200,1.650000
379,120193,13200,1.650000
380,120510,13248,1.656000
381,120827,13168,1.646000
382,121144,13248,1.656000
383,121461,13216,1.652000
384,121777,13232,1.654000
385,122094,13200,1.650000
386,122411,13264,1.658000
387,122728,13200,1.650000
388,123045,13200,1.650000
389,123362,13264,1.658000
390,123678,13184,1.648000
391,123995,13216,1.652000
392,124312,13184,1.648000
393,124629,13216,1.652000
394,124946,13264,1.658000
395,125263,13184,1.648000
396,125580,13552,1.694000
397,125897,13584,1.698000
398,126214,13568,1.696000
399,126530,13584,1.698000
400,126847,13616,1.702000
401,127163,13600,1.700000
402,127481,13584,1.698000
403,127798,13520,1.690000
404,128115,13600,1.700000
405,128431,13584,1.698000
406,128748,13584,1.698000
407,129065,13568,1.696000
408,129382,13552,1.694000
409,129698,13504,1.688000
410,130016,13584,1.698000
411,130333,13584,1.698000
412,130650,13584,1.698000
413,130966,13536,1.692000
414,131283,13536,1.692000
415,131600,13616,1.702000
416,131917,13616,1.702000
417,132234,13568,1.696000
418,132551,13616,1.702000
419,132867,13648,1.706000
420,133184,13600,1.700000
421,133502,13568,1.696000
422,133818,13248,1.656000
423,134135,13184,1.648000
424,134451,13184,1.648000
425,134769,13184,1.648000
426,135086,13232,1.654000
427,135403,13232,1.654000
428,135719,13232,1.654000
429,136036,13280,1.660000
430,136353,13216,1.652000
431,136670,13200,1.650000
432,136987,13248,1.656000
433,137303,13216,1.652000
434,137621,13232,1.654000
435,137938,13216,1.652000
436,138254,13216,1.652000
437,138571,13184,1.648000
438,138888,13200,1.650000
439,139205,13232,1.654000
440,139522,13216,1.652000
441,139839,13216,1.652000
442,140155,13248,1.656000
443,140472,13200,1.650000
444,140790,13216,1.652000
445,141106,13136,1.642000
446,141423,13152,1.644000
447,141740,13264,1.658000
448,142057,13424,1.678000
449,142374,13568,1.696000
450,142690,13568,1.696000
451,143007,13632,1.704000
452,143324,13600,1.700000
453,143641,13568,1.696000
454,143958,13584,1.698000
455,144275,13552,1.694000
456,144592,13648,1.706000
457,144908,13552,1.694000
458,145225,13600,1.700000
459,145541,13600,1.700000
460,145859,13584,1.698000
461,146175,13600,1.700000
462,146492,13584,1.698000
463,146810,13584,1.698000
464,147126,13456,1.682000
465,147443,13584,1.698000
466,147761,13344,1.668000
467,148077,13632,1.704000
468,148394,13584,1.698000
469,148711,13600,1.700000
470,149027,13616,1.702000
471,149345,13824,1.728000
472,149661,13616,1.702000
473,149978,13424,1.678000
474,150295,13536,1.692000
475,150612,13200,1.650000
476,150928,13216,1.652000
477,151246,13488,1.686000
478,151562,13200,1.650000
479,151879,13136,1.642000
480,152196,13232,1.654000
481,152513,13200,1.650000
482,152830,13232,1.654000
483,153146,13216,1.652000
484,153464,13248,1.656000
485,153781,13152,1.644000
486,154097,13328,1.666000
487,154414,13248,1.656000
488,154731,13232,1.654000
489,155048,13216,1.652000
490,155365,13200,1.650000
491,155686,13232,1.654000
492,155999,13072,1.634000
493,156315,13232,1.654000
494,156632,13200,1.650000
495,156949,13216,1.652000
496,157266,13264,1.658000
497,157582,13200,1.650000
498,157899,13216,1.652000
499,158216,13216,1.652000
500,158534,13200,1.650000
501,158850,13536,1.692000
502,159167,13568,1.696000
503,159484,13536,1.692000
504,159801,13584,1.698000
505,160117,13536,1.692000
506,160434,13536,1.692000
507,160752,13552,1.694000
508,161068,13568,1.696000
509,161385,13600,1.700000
510,161702,13568,1.696000
511,162019,13584,1.698000
512,162336,13520,1.690000
513,162652,13616,1.702000
514,162970,13568,1.696000
515,163286,13600,1.700000
516,163603,13552,1.694000
517,163920,13568,1.696000
518,164237,13584,1.698000
519,164554,13632,1.704000
520,164870,13568,1.696000
521,165188,13600,1.700000
522,165505,13632,1.704000
523,165821,13568,1.696000
524,166138,13600,1.700000
525,166455,13584,1.698000
526,166772,13584,1.698000
527,167089,13408,1.676000
528,167406,13200,1.650000
529,167722,13200,1.650000
530,168039,13216,1.652000
531,168356,13232,1.654000
532,168673,13168,1.646000
533,168990,13216,1.652000
534,169307,13184,1.648000
535,169623,13232,1.654000
536,169941,13168,1.646000
537,170257,13200,1.650000
538,170574,13216,1.652000
539,170891,13232,1.654000
540,171208,13168,1.646000
541,171525,13232,1.654000
542,171842,13328,1.666000
543,172159,13216,1.652000
544,172475,13168,1.646000
545,172792,13200,1.650000
546,173109,13264,1.658000
547,173426,13200,1.650000
548,173742,13232,1.654000
549,174060,13200,1.650000
550,174377,13216,1.652000
551,174693,13200,1.650000
552,175010,13216,1.652000
553,175327,13376,1.672000
554,175644,13600,1.700000
555,175961,13552,1.694000
556,176278,13552,1.694000
557,176595,13616,1.702000
558,176911,13584,1.698000
559,177228,13584,1.698000
560,177545,13584,1.698000
561,177862,13584,1.698000
562,178179,13616,1.702000
563,178496,13600,1.700000
564,178812,13568,1.696000
565,179129,13552,1.694000
566,179446,13552,1.694000
567,179763,13584,1.698000
568,180080,13600,1.700000
569,180397,13600,1.700000
570,180714,13552,1.694000
571,181031,13584,1.698000
572,181348,13616,1.702000
573,181664,13632,1.704000
574,181981,13536,1.692000
575,182298,13616,1.702000
576,182615,13600,1.700000
577,182932,13584,1.698000
578,183249,13552,1.694000
579,183565,13552,1.694000
580,183882,13232,1.654000
581,184199,13232,1.654000
582,184516,13248,1.656000
583,184833,13248,1.656000
584,185150,13232,1.654000
585,185467,13264,1.658000
586,185783,13184,1.648000
587,186101,13152,1.644000
588,186417,13184,1.648000
589,186734,13216,1.652000
590,187051,13200,1.650000
591,187368,13232,1.654000
592,187687,13152,1.644000
593,188002,13136,1.642000
594,188319,13232,1.654000
595,188635,13200,1.650000
596,188951,13216,1.652000
597,189269,13200,1.650000
598,189586,13216,1.652000
599,189903,13200,1.650000
600,190220,13200,1.650000
601,190536,13216,1.652000
602,190853,13184,1.648000
603,191170,13168,1.646000
604,191487,13200,1.650000
605,191804,13248,1.656000
606,192120,13520,1.690000
607,192438,13568,1.696000
608,192755,13600,1.700000
609,193071,13632,1.704000
610,193388,13600,1.700000
611,193705,13664,1.708000
612,194021,13568,1.696000
613,194338,13552,1.694000
614,194656,13568,1.696000
615,194972,13616,1.702000
616,195289,13552,1.694000
617,195607,13632,1.704000
618,195923,13600,1.700000
619,196240,13584,1.698000
620,196557,13568,1.696000
621,196874,13600,1.700000
622,197191,13600,1.700000
623,197507,13616,1.702000
624,197825,13536,1.692000
625,198141,13584,1.698000
626,198458,13648,1.706000
627,198775,13584,1.698000
628,199091,13632,1.704000
629,199409,13552,1.694000
630,199725,13568,1.696000
631,200042,13584,1.698000
632,200359,13408,1.676000
633,200676,13296,1.662000
634,200993,13232,1.654000
635,201310,13152,1.644000
636,201626,13248,1.656000
637,201944,13200,1.650000
638,202261,13168,1.646000
639,202577,13200,1.650000
640,202894,13232,1.654000
641,203211,13200,1.650000
642,203528,13200,1.650000
643,203844,13168,1.646000
644,204162,13184,1.648000
645,204478,13216,1.652000
646,204795,13216,1.652000
647,205112,13184,1.648000
648,205429,13216,1.652000
649,205746,13200,1.650000
650,206062,13248,1.656000
651,206380,13200,1.650000
652,206696,13200,1.650000
653,207013,13184,1.648000
654,207330,13248,1.656000
655,207647,13248,1.656000
656,207964,13216,1.652000
657,208281,13248,1.656000
658,208597,13216,1.652000
659,208915,13568,1.696000
660,209232,13632,1.704000
661,209548,13584,1.698000
662,209865,13600,1.700000
663,210182,13536,1.692000
664,210498,13536,1.692000
665,210816,13568,1.696000
666,211132,13600,1.700000
667,211449,13568,1.696000
668,211766,13520,1.690000
669,212083,13632,1.704000
670,212400,13568,1.696000
671,212717,13584,1.698000
672,213033,13616,1.702000
673,213351,13600,1.700000
674,213667,13584,1.698000
675,213984,13584,1.698000
676,214301,13888,1.736000
677,214618,13584,1.698000
678,214935,13552,1.694000
679,215252,13632,1.704000
680,215568,13568,1.696000
681,215885,13584,1.698000
682,216202,13584,1.698000
683,216519,13872,1.734000
684,216835,13568,1.696000
685,217153,13216,1.652000
686,217469,13200,1.650000
687,217787,13232,1.654000
688,218103,13232,1.654000
689,218420,13248,1.656000
690,218737,13216,1.652000
691,219054,13232,1.654000
692,219371,13216,1.652000
693,219687,13264,1.658000
694,220005,13216,1.652000
695,220321,13216,1.652000
696,220638,13200,1.650000
697,220955,13248,1.656000
698,221272,13200,1.650000
699,221589,13184,1.648000
700,221906,13232,1.654000
701,222223,13200,1.650000
702,222539,13200,1.650000
703,222856,13152,1.644000
704,223173,13168,1.646000
705,223490,13216,1.652000
706,223807,13232,1.654000
707,224124,13216,1.652000
708,224440,13248,1.656000
709,224757,13216,1.652000
710,225074,13200,1.650000
711,225391,13424,1.678000
712,225708,13616,1.702000
713,226025,13536,1.692000
714,226342,13584,1.698000
715,226659,13616,1.702000
716,226976,13600,1.700000
717,227293,13584,1.698000
718,227609,13600,1.700000
719,227926,13568,1.696000
720,228243,13584,1.698000
721,228560,13584,1.698000
722,228876,13536,1.692000
723,229193,13632,1.704000
724,229510,13568,1.696000
725,229827,13584,1.698000
726,230144,13648,1.706000
727,230461,13584,1.698000
728,230778,13568,1.696000
729,231095,13600,1.700000
730,231412,13536,1.692000
731,231728,13568,1.696000
732,232045,13424,1.678000
733,232362,13584,1.698000
734,232678,13584,1.698000
735,232996,13600,1.700000
736,233313,13616,1.702000
737,233630,13520,1.690000
738,233946,13216,1.652000
739,234263,13088,1.636000
740,234580,13216,1.652000
741,234897,13168,1.646000
742,235214,13264,1.658000
743,235530,13216,1.652000
744,235847,13184,1.648000
745,236164,13040,1.630000
746,236481,13216,1.652000
747,236798,13216,1.652000
748,237115,13216,1.652000
749,237432,13216,1.652000
750,237749,13200,1.650000
751,238066,13200,1.650000
752,238383,13344,1.668000
753,238699,13200,1.650000
754,239016,13152,1.644000
755,239333,13200,1.650000
756,239650,13248,1.656000
757,239966,13184,1.648000
758,240284,13200,1.650000
759,240600,13232,1.654000
760,240917,13280,1.660000
761,241234,13184,1.648000
762,241551,13168,1.646000
763,241868,13152,1.644000
764,242185,13568,1.696000
765,242502,13568,1.696000
766,242818,13584,1.698000
767,243136,13632,1.704000
768,243452,13552,1.694000
769,243769,13584,1.698000
770,244086,13520,1.690000
771,244403,13584,1.698000
772,244720,13600,1.700000
773,245036,13488,1.686000
774,245353,13600,1.700000
775,245670,13568,1.696000
776,245987,13568,1.696000
777,246304,13600,1.700000
778,246621,13616,1.702000
779,246938,13584,1.698000
780,247255,13584,1.698000
781,247572,13568,1.696000
782,247888,13584,1.698000
783,248205,13568,1.696000
784,248522,13600,1.700000
785,248839,13600,1.700000
786,249156,13568,1.696000
787,249473,13616,1.702000
788,249789,13584,1.698000
789,250106,13568,1.696000
790,250423,13376,1.672000
791,250740,13216,1.652000
792,251057,13200,1.650000
793,251374,13232,1.654000
794,251691,13232,1.654000
795,252008,13200,1.650000
796,252324,13200,1.650000
797,252641,13248,1.656000
798,252957,13184,1.648000
799,253275,13216,1.652000
800,253592,13200,1.650000
801,253909,13200,1.650000
802,254226,13184,1.648000
803,254542,13232,1.654000
804,254860,13168,1.646000
805,255176,13184,1.648000
806,255493,13216,1.652000
807,255810,13184,1.648000
808,256126,13200,1.650000
809,256444,13264,1.658000
810,256760,13232,1.654000
811,257077,13200,1.650000
812,257394,13248,1.656000
813,257711,13232,1.654000
814,258028,13232,1.654000
815,258345,13216,1.652000
816,258661,13328,1.666000
817,258979,13552,1.694000
818,259295,13568,1.696000
819,259612,13616,1.702000
820,259929,13536,1.692000
821,260246,13552,1.694000
822,260563,13616,1.702000
823,260880,13600,1.700000
824,261197,13648,1.706000
825,261513,13536,1.692000
826,261830,13552,1.694000
827,262147,13552,1.694000
828,262464,13600,1.700000
829,262781,13616,1.702000
830,263097,13568,1.696000
831,263415,13584,1.698000
832,263731,13584,1.698000
833,264048,13584,1.698000
834,264365,13600,1.700000
835,264685,13552,1.694000
836,264999,13536,1.692000
837,265316,13632,1.704000
838,265633,13632,1.704000
839,265949,13616,1.702000
840,266266,13600,1.700000
841,266583,13616,1.702000
842,266900,13616,1.702000
843,267217,13168,1.646000
844,267534,13232,1.654000
845,267851,13232,1.654000
846,268167,13200,1.650000
847,268484,13184,1.648000
848,268801,13264,1.658000
849,269118,13232,1.654000
850,269435,13216,1.652000
851,269752,13216,1.652000
852,270069,13232,1.654000
853,270386,13248,1.656000
854,270702,13200,1.650000
855,271019,13168,1.646000
856,271336,13152,1.644000
857,271653,13216,1.652000
858,271969,13216,1.652000
859,272287,13200,1.650000
860,272604,13184,1.648000
861,272920,13184,1.648000
862,273237,13200,1.650000
863,273554,13248,1.656000
864,273871,13232,1.654000
865,274188,13232,1.654000
866,274505,13152,1.644000
867,274821,13248,1.656000
868,275138,13232,1.654000
869,275455,13488,1.686000
870,275772,13584,1.698000
871,276089,13584,1.698000
872,276406,13600,1.700000
873,276723,13536,1.692000
874,277040,13648,1.706000
875,277357,13520,1.690000
876,277673,13568,1.696000
877,277990,13616,1.702000
878,278307,13632,1.704000
879,278624,13600,1.700000
880,278940,13600,1.700000
881,279257,13600,1.700000
882,279575,13536,1.692000
883,279891,13536,1.692000
884,280208,13584,1.698000
885,280525,13616,1.702000
886,280842,13552,1.694000
887,281158,13600,1.700000
888,281476,13600,1.700000
889,281792,13552,1.694000
890,282109,13600,1.700000
891,282426,13648,1.706000
892,282743,13632,1.704000
893,283060,13616,1.702000
894,283377,13536,1.692000
895,283693,13376,1.672000
896,284011,13184,1.648000
897,284327,13184,1.648000
898,284644,13280,1.660000
899,284961,13232,1.654000
900,285278,13216,1.652000
901,285594,13216,1.652000
902,285912,13216,1.652000
903,286228,13280,1.660000
904,286546,13184,1.648000
905,286862,13264,1.658000
906,287179,13184,1.648000
907,287496,13216,1.652000
908,287813,13184,1.648000
909,288130,13248,1.656000
910,288447,13200,1.650000
911,288763,13216,1.652000
912,289081,13184,1.648000
913,289397,13216,1.652000
914,289714,13232,1.654000
915,290031,13184,1.648000
916,290348,13248,1.656000
917,290664,13184,1.648000
918,290982,13184,1.648000
919,291298,13248,1.656000
920,291616,13184,1.648000
921,291932,13168,1.646000
922,292249,13648,1.706000
923,292566,13616,1.702000
924,292882,13600,1.700000
925,293199,13616,1.702000
926,293516,13584,1.698000
927,293833,13632,1.704000
928,294150,13600,1.700000
929,294467,13600,1.700000
930,294784,13520,1.690000
931,295101,13616,1.702000
932,295418,13584,1.698000
933,295734,13568,1.696000
934,296051,13584,1.698000
935,296368,13648,1.706000
936,296687,13408,1.676000
937,297001,13584,1.698000
938,297319,13552,1.694000
939,297636,13520,1.690000
940,297952,13616,1.702000
941,298269,13536,1.692000
942,298586,13776,1.722000
943,298903,13552,1.694000
944,299220,13616,1.702000
945,299537,13648,1.706000
946,299853,13648,1.706000
947,300171,13520,1.690000
948,300488,13248,1.656000
949,300804,13296,1.662000
950,301121,13216,1.652000
951,301438,13328,1.666000
952,301755,13168,1.646000
953,302072,13200,1.650000
954,302389,13232,1.654000
955,302705,13248,1.656000
956,303022,13232,1.654000
957,303339,13280,1.660000
958,303656,13248,1.656000
959,303973,13200,1.650000
960,304290,13168,1.646000
961,304606,13232,1.654000
962,304923,13088,1.636000
963,305241,13232,1.654000
964,305557,13040,1.630000
965,305874,13184,1.648000
966,306191,13200,1.650000
967,306508,13168,1.646000
968,306824,13168,1.646000
969,307142,13232,1.654000
970,307458,13136,1.642000
971,307775,13216,1.652000
972,308092,13216,1.652000
973,308409,13232,1.654000
974,308726,13376,1.672000
975,309043,13584,1.698000
976,309360,13552,1.694000
977,309676,13648,1.706000
978,309993,13584,1.698000
979,310310,13552,1.694000
980,310627,13616,1.702000
981,310944,13552,1.694000
982,311260,13584,1.698000
983,311578,13648,1.706000
984,311894,13584,1.698000
985,312211,13568,1.696000
986,312527,13600,1.700000
987,312845,13536,1.692000
988,313162,13584,1.698000
989,313479,13600,1.700000
990,313796,13648,1.706000
991,314112,13568,1.696000
992,314429,13536,1.692000
993,314747,13552,1.694000
994,315063,13568,1.696000
995,315380,13552,1.694000
996,315697,13600,1.700000
997,316014,13600,1.700000
998,316331,13600,1.700000
999,316647,13584,1.698000
1000,316964,13520,1.690000
1001,317281,13184,1.648000
1002,317598,13216,1.652000
1003,317915,13216,1.652000
1004,318232,13200,1.650000
1005,318548,13200,1.650000
1006,318866,13168,1.646000
1007,319183,13184,1.648000
1008,319499,13184,1.648000
1009,319816,13200,1.650000
1010,320133,13216,1.652000
1011,320450,13216,1.652000
1012,320766,13216,1.652000
1013,321084,13232,1.654000
1014,321400,13248,1.656000
1015,321717,13200,1.650000
1016,322034,13216,1.652000
1017,322351,13248,1.656000
1018,322667,13200,1.650000
1019,322985,13184,1.648000
1020,323302,13136,1.642000
1021,323618,13200,1.650000
1022,323935,13216,1.652000
1023,324252,13232,1.654000
1024,324569,13200,1.650000
1025,324886,13200,1.650000
1026,325203,13152,1.644000
1027,325519,13600,1.700000
1028,325837,13536,1.692000
1029,326153,13600,1.700000
1030,326470,13584,1.698000
1031,326786,13536,1.692000
1032,327104,13600,1.700000
1033,327421,13648,1.706000
1034,327737,13600,1.700000
1035,328055,13536,1.692000
1036,328372,13568,1.696000
1037,328688,13536,1.692000
1038,329004,13568,1.696000
1039,329322,13568,1.696000
1040,329639,13552,1.694000
1041,329955,13552,1.694000
1042,330272,13600,1.700000
1043,330589,13616,1.702000
1044,330905,13584,1.698000
1045,331223,13568,1.696000
1046,331540,13616,1.702000
1047,331857,13568,1.696000
1048,332173,13632,1.704000
1049,332490,13616,1.702000
1050,332807,13536,1.692000
1051,333124,13584,1.698000
1052,333441,13584,1.698000
1053,333758,13456,1.682000
1054,334074,13184,1.648000
1055,334392,13264,1.658000
1056,334708,13216,1.652000
1057,335025,13200,1.650000
1058,335342,13248,1.656000
1059,335659,13152,1.644000
1060,335976,13184,1.648000
1061,336293,13264,1.658000
1062,336610,13248,1.656000
1063,336926,13152,1.644000
1064,337243,13216,1.652000
1065,337560,13200,1.650000
1066,337877,13216,1.652000
1067,338194,13264,1.658000
1068,338511,13168,1.646000
1069,338827,13200,1.650000
1070,339145,13184,1.648000
1071,339462,13152,1.644000
1072,339778,13232,1.654000
1073,340095,13200,1.650000
1074,340412,13216,1.652000
1075,340729,13232,1.654000
1076,341046,13216,1.652000
1077,341363,13152,1.644000
1078,341679,13216,1.652000
1079,341996,13328,1.666000
1080,342313,13536,1.692000
1081,342630,13552,1.694000
1082,342947,13520,1.690000
1083,343264,13552,1.694000
1084,343581,13552,1.694000
1085,343898,13584,1.698000
1086,344214,13600,1.700000
1087,344531,13568,1.696000
1088,344848,13600,1.700000
1089,345165,13552,1.694000
1090,345482,13552,1.694000
1091,345799,13552,1.694000
1092,346115,13616,1.702000
1093,346432,13584,1.698000
1094,346749,13488,1.686000
1095,347066,13600,1.700000
1096,347383,13616,1.702000
1097,347700,13568,1.696000
1098,348017,13600,1.700000
1099,348334,13552,1.694000
1100,348650,13584,1.698000
1101,348967,13600,1.700000
1102,349284,13616,1.702000
1103,349601,13552,1.694000
1104,349918,13552,1.694000
1105,350234,13616,1.702000
1106,350552,13216,1.652000
1107,350868,13264,1.658000
1108,351185,13120,1.640000
1109,351502,13264,1.658000
1110,351818,13232,1.654000
1111,352136,13184,1.648000
1112,352452,13216,1.652000
1113,352769,13216,1.652000
1114,353086,13184,1.648000
1115,353403,13232,1.654000
1116,353720,13280,1.660000
1117,354037,13184,1.648000
1118,354354,13200,1.650000
1119,354670,13152,1.644000
1120,354987,13232,1.654000
1121,355304,13216,1.652000
1122,355621,13232,1.654000
1123,355938,13168,1.646000
1124,356255,13216,1.652000
1125,356572,13168,1.646000
1126,356889,13216,1.652000
1127,357206,13216,1.652000
1128,357522,13216,1.652000
1129,357839,13184,1.648000
1130,358157,13200,1.650000
1131,358473,13200,1.650000
1132,358789,13456,1.682000
1133,359107,13632,1.704000
1134,359423,13632,1.704000
1135,359740,13648,1.706000
1136,360057,13552,1.694000
1137,360374,13600,1.700000
1138,360691,13552,1.694000
1139,361008,13536,1.692000
1140,361325,13552,1.694000
1141,361642,13584,1.698000
1142,361959,13520,1.690000
1143,362276,13616,1.702000
1144,362592,13632,1.704000
1145,362909,13600,1.700000
1146,363226,13664,1.708000
1147,363543,13568,1.696000
1148,363859,13584,1.698000
1149,364177,13520,1.690000
1150,364493,13552,1.694000
1151,364810,13600,1.700000
1152,365127,13488,1.686000
1153,365444,13632,1.704000
1154,365761,13600,1.700000
1155,366078,13632,1.704000
1156,366395,13616,1.702000
1157,366712,13600,1.700000
1158,367028,13440,1.680000
1159,367345,13104,1.638000
1160,367662,13200,1.650000
1161,367978,13072,1.634000
1162,368295,13216,1.652000
1163,368613,13216,1.652000
1164,368929,13216,1.652000
1165,369246,13440,1.680000
1166,369563,13264,1.658000
1167,369881,12976,1.622000
1168,370197,13168,1.646000
1169,370514,13200,1.650000
1170,370831,13200,1.650000
1171,371147,13232,1.654000
1172,371464,13184,1.648000
1173,371782,13184,1.648000
1174,372098,13280,1.660000
1175,372415,13248,1.656000
1176,372732,13200,1.650000
1177,373049,13168,1.646000
1178,373366,13216,1.652000
1179,373685,13184,1.648000
1180,373999,13392,1.674000
1181,374317,13200,1.650000
1182,374633,13184,1.648000
1183,374950,13248,1.656000
1184,375267,13248,1.656000
1185,375583,13616,1.702000
1186,375900,13616,1.702000
1187,376218,13600,1.700000
1188,376534,13648,1.706000
1189,376851,13584,1.698000
1190,377168,13584,1.698000
1191,377485,13632,1.704000
1192,377802,13552,1.694000
1193,378118,13568,1.696000
1194,378436,13584,1.698000
1195,378752,13584,1.698000
1196,379069,13648,1.706000
1197,379386,13552,1.694000
1198,379703,13600,1.700000
1199,380020,13584,1.698000
1200,380337,13616,1.702000
1201,380653,13600,1.700000
1202,380970,13568,1.696000
1203,381287,13616,1.702000
1204,381604,13584,1.698000
1205,381921,13600,1.700000
1206,382238,13584,1.698000
1207,382555,13568,1.696000
1208,382871,13568,1.696000
1209,383189,13600,1.700000
1210,383505,13600,1.700000
1211,383822,13216,1.652000
1212,384138,13184,1.648000
1213,384456,13216,1.652000
1214,384773,13200,1.650000
1215,385089,13296,1.662000
1216,385406,13168,1.646000
1217,385723,13120,1.640000
1218,386040,13216,1.652000
1219,386357,13184,1.648000
1220,386674,13216,1.652000
1221,386990,13200,1.650000
1222,387308,13216,1.652000
1223,387624,13280,1.660000
1224,387941,13184,1.648000
1225,388259,13200,1.650000
1226,388575,13232,1.654000
1227,388892,13248,1.656000
1228,389209,13152,1.644000
1229,389526,13184,1.648000
1230,389842,13296,1.662000
1231,390160,13184,1.648000
1232,390476,13232,1.654000
1233,390793,13200,1.650000
1234,391110,13216,1.652000
1235,391427,13248,1.656000
1236,391744,13264,1.658000
1237,392060,13360,1.670000
1238,392377,13584,1.698000
1239,392694,13584,1.698000
1240,393011,13568,1.696000
1241,393328,13584,1.698000
1242,393645,13600,1.700000
1243,393962,13584,1.698000
1244,394279,13584,1.698000
1245,394595,13536,1.692000
1246,394912,13632,1.704000
1247,395229,13584,1.698000
1248,395546,13600,1.700000
1249,395863,13504,1.688000
1250,396180,13568,1.696000
1251,396497,13584,1.698000
1252,396813,13520,1.690000
1253,397130,13632,1.704000
1254,397447,13568,1.696000
1255,397764,13600,1.700000
1256,398080,13568,1.696000
1257,398398,13600,1.700000
1258,398715,13552,1.694000
1259,399031,13616,1.702000
1260,399348,13568,1.696000
1261,399665,13584,1.698000
1262,399982,13584,1.698000
1263,400299,13520,1.690000
1264,400616,13200,1.650000
1265,400932,13200,1.650000
1266,401249,13216,1.652000
1267,401566,13216,1.652000
1268,401883,13216,1.652000
1269,402200,13232,1.654000
1270,402517,13200,1.650000
1271,402833,13216,1.652000
1272,403151,13200,1.650000
1273,403467,13152,1.644000
1274,403784,13216,1.652000
1275,404101,13184,1.648000
1276,404418,13248,1.656000
1277,404735,13232,1.654000
1278,405052,13168,1.646000
1279,405369,13216,1.652000
1280,405687,13184,1.648000
1281,406002,13232,1.654000
1282,406319,13200,1.650000
1283,406636,13200,1.650000
1284,406952,13216,1.652000
1285,407270,13152,1.644000
1286,407587,13216,1.652000
1287,407903,13168,1.646000
1288,408220,13200,1.650000
1289,408537,13200,1.650000
1290,408854,13616,1.702000
1291,409171,13632,1.704000
1292,409488,13536,1.692000
1293,409804,13488,1.686000
1294,410122,13616,1.702000
1295,410438,13568,1.696000
1296,410755,13568,1.696000
1297,411072,13536,1.692000
1298,411389,13616,1.702000
1299,411706,13568,1.696000
1300,412023,13632,1.704000
1301,412339,13568,1.696000
1302,412657,13616,1.702000
1303,412973,13584,1.698000
1304,413290,13584,1.698000
1305,413607,13552,1.694000
1306,413924,13568,1.696000
1307,414240,13600,1.700000
1308,414558,13632,1.704000
1309,414874,13616,1.702000
1310,415191,13536,1.692000
1311,415508,13568,1.696000
1312,415825,13568,1.696000
1313,416142,13584,1.698000
1314,416459,13632,1.704000
1315,416775,13536,1.692000
1316,417093,13392,1.674000
1317,417410,13216,1.652000
1318,417726,13216,1.652000
1319,418043,13232,1.654000
1320,418360,13264,1.658000
1321,418676,13200,1.650000
1322,418994,13216,1.652000
1323,419311,13216,1.652000
1324,419627,13216,1.652000
1325,419944,13248,1.656000
1326,420261,13248,1.656000
1327,420578,13136,1.642000
1328,420895,13152,1.644000
1329,421212,13232,1.654000
1330,421528,13184,1.648000
1331,421845,13152,1.644000
1332,422163,13200,1.650000
1333,422479,13216,1.652000
1334,422796,13168,1.646000
1335,423113,13216,1.652000
1336,423430,13120,1.640000
1337,423747,13232,1.654000
1338,424063,13152,1.644000
1339,424380,13232,1.654000
1340,424697,13264,1.658000
1341,425014,13216,1.652000
1342,425331,13312,1.664000
1343,425648,13568,1.696000
1344,425965,13648,1.706000
1345,426282,13568,1.696000
1346,426598,13616,1.702000
1347,426916,13584,1.698000
1348,427232,13600,1.700000
1349,427549,13632,1.704000
1350,427866,13616,1.702000
1351,428182,13568,1.696000
1352,428499,13600,1.700000
1353,428817,13600,1.700000
1354,429133,13584,1.698000
1355,429450,13584,1.698000
1356,429767,13600,1.700000
1357,430084,13552,1.694000
1358,430401,13312,1.664000
1359,430718,13584,1.698000
1360,431034,13568,1.696000
1361,431351,13680,1.710000
1362,431668,13456,1.682000
1363,431985,13600,1.700000
1364,432302,13792,1.724000
1365,432619,13584,1.698000
1366,432935,13600,1.700000
1367,433253,13616,1.702000
1368,433569,13504,1.688000
1369,433887,13248,1.656000
1370,434202,13232,1.654000
1371,434520,13520,1.690000
1372,434837,13216,1.652000
1373,435153,13248,1.656000
1374,435471,13248,1.656000
1375,435788,13168,1.646000
1376,436104,13216,1.652000
1377,436421,13248,1.656000
1378,436737,13232,1.654000
1379,437055,13232,1.654000
1380,437372,13216,1.652000
1381,437689,13280,1.660000
1382,438005,13200,1.650000
1383,438322,13200,1.650000
1384,438639,13168,1.646000
1385,438956,13168,1.646000
1386,439273,13200,1.650000
1387,439590,13232,1.654000
1388,439907,13136,1.642000
1389,440223,13184,1.648000
1390,440540,13024,1.628000
1391,440857,13216,1.652000
1392,441174,13216,1.652000
1393,441491,13184,1.648000
1394,441808,13200,1.650000
1395,442124,13472,1.684000
1396,442442,13600,1.700000
1397,442759,13616,1.702000
1398,443075,13600,1.700000
1399,443392,13600,1.700000
1400,443709,13600,1.700000
1401,444025,13664,1.708000
1402,444342,13600,1.700000
1403,444660,13552,1.694000
1404,444976,13568,1.696000
1405,445293,13632,1.704000
1406,445610,13632,1.704000
1407,445927,13568,1.696000
1408,446244,13648,1.706000
1409,446561,13600,1.700000
1410,446878,13664,1.708000
1411,447194,13632,1.704000
1412,447511,13600,1.700000
1413,447828,13600,1.700000
1414,448145,13616,1.702000
1415,448462,13616,1.702000
1416,448779,13616,1.702000
1417,449095,13520,1.690000
1418,449413,13600,1.700000
1419,449729,13552,1.694000
1420,450045,13568,1.696000
1421,450363,13456,1.682000
1422,450680,13216,1.652000
1423,450997,13184,1.648000
1424,451314,13184,1.648000
1425,451630,13216,1.652000
1426,451947,13184,1.648000
1427,452265,13040,1.630000
1428,452581,13168,1.646000
1429,452898,13200,1.650000
1430,453215,13168,1.646000
1431,453532,13216,1.652000
1432,453848,13184,1.648000
1433,454165,13216,1.652000
1434,454482,13168,1.646000
1435,454799,13200,1.650000
1436,455116,13248,1.656000
1437,455433,13184,1.648000
1438,455749,13200,1.650000
1439,456067,13200,1.650000
1440,456383,13264,1.658000
1441,456700,13168,1.646000
1442,457017,13264,1.658000
1443,457334,13232,1.654000
1444,457651,13216,1.652000
1445,457967,13200,1.650000
1446,458284,13072,1.634000
1447,458602,13200,1.650000
1448,458918,13664,1.708000
1449,459235,13584,1.698000
1450,459552,13568,1.696000
1451,459869,13536,1.692000
1452,460186,13568,1.696000
1453,460503,13568,1.696000
1454,460820,13584,1.698000
1455,461136,13520,1.690000
1456,461452,13600,1.700000
1457,461770,13632,1.704000
1458,462087,13648,1.706000
1459,462403,13552,1.694000
1460,462721,13584,1.698000
1461,463038,13472,1.684000
1462,463354,13600,1.700000
1463,463671,13616,1.702000
1464,463988,13584,1.698000
1465,464305,13616,1.702000
1466,464622,13568,1.696000
1467,464938,13584,1.698000
1468,465255,13616,1.702000
1469,465572,13616,1.702000
1470,465889,13616,1.702000
1471,466206,13584,1.698000
1472,466523,13552,1.694000
1473,466839,13616,1.702000
1474,467157,13232,1.654000
1475,467473,13248,1.656000
1476,467791,13232,1.654000
1477,468107,13216,1.652000
1478,468424,13216,1.652000
1479,468741,13152,1.644000
1480,469058,13200,1.650000
1481,469375,13264,1.658000
1482,469692,13216,1.652000
1483,470008,13216,1.652000
1484,470325,13216,1.652000
1485,470642,13200,1.650000
1486,470959,13200,1.650000
1487,471275,13200,1.650000
1488,471593,13168,1.646000
1489,471910,13184,1.648000
1490,472227,13216,1.652000
1491,472543,13200,1.650000
1492,472860,13200,1.650000
1493,473177,13248,1.656000
1494,473494,13184,1.648000
1495,473811,13184,1.648000
1496,474127,13184,1.648000
1497,474445,13264,1.658000
1498,474761,13184,1.648000
1499,475078,13216,1.652000
1500,475395,13376,1.672000
1501,475712,13552,1.694000
1502,476029,13568,1.696000
1503,476346,13632,1.704000
1504,476662,13568,1.696000
1505,476980,13568,1.696000
1506,477297,13600,1.700000
1507,477613,13568,1.696000
1508,477930,13584,1.698000
1509,478247,13568,1.696000
1510,478563,13600,1.700000
1511,478880,13584,1.698000
1512,479197,13616,1.702000
1513,479514,13568,1.696000
1514,479831,13616,1.702000
1515,480148,13600,1.700000
1516,480465,13568,1.696000
1517,480781,13632,1.704000
1518,481099,13568,1.696000
1519,481415,13584,1.698000
1520,481732,13600,1.700000
1521,482049,13568,1.696000
1522,482366,13632,1.704000
1523,482686,13568,1.696000
1524,483000,13552,1.694000
1525,483317,13584,1.698000
1526,483633,13600,1.700000
1527,483950,13168,1.646000
1528,484267,13232,1.654000
1529,484584,13248,1.656000
1530,484901,13232,1.654000
1531,485218,13248,1.656000
1532,485535,13232,1.654000
1533,485851,13216,1.652000
1534,486168,13216,1.652000
1535,486485,13200,1.650000
1536,486802,13152,1.644000
1537,487119,13184,1.648000
1538,487436,13232,1.654000
1539,487753,13120,1.640000
1540,488069,13168,1.646000
1541,488386,13168,1.646000
1542,488703,13168,1.646000
1543,489020,13216,1.652000
1544,489337,13200,1.650000
1545,489654,13184,1.648000
1546,489971,13232,1.654000
1547,490288,13216,1.652000
1548,490604,13216,1.652000
1549,490921,13168,1.646000
1550,491238,13168,1.646000
1551,491555,13184,1.648000
1552,491872,13216,1.652000
1553,492189,13568,1.696000
1554,492506,13536,1.692000
1555,492823,13600,1.700000
1556,493139,13600,1.700000
1557,493456,13616,1.702000
1558,493773,13600,1.700000
1559,494090,13568,1.696000
1560,494407,13600,1.700000
1561,494724,13552,1.694000
1562,495040,13664,1.708000
1563,495357,13552,1.694000
1564,495674,13584,1.698000
1565,495991,13536,1.692000
1566,496308,13568,1.696000
1567,496625,13552,1.694000
1568,496941,13568,1.696000
1569,497259,13600,1.700000
1570,497575,13584,1.698000
1571,497892,13600,1.700000
1572,498209,13568,1.696000
1573,498526,13536,1.692000
1574,498843,13536,1.692000
1575,499159,13472,1.684000
1576,499477,13520,1.690000
1577,499793,13584,1.698000
1578,500110,13552,1.694000
1579,500427,13376,1.672000
1580,500744,13168,1.646000
1581,501061,13248,1.656000
1582,501377,13248,1.656000
1583,501694,13232,1.654000
1584,502011,13168,1.646000
1585,502328,13184,1.648000
1586,502645,13232,1.654000
1587,502962,13248,1.656000
1588,503279,13216,1.652000
1589,503595,13232,1.654000
1590,503913,13200,1.650000
1591,504229,13200,1.650000
1592,504546,13216,1.652000
1593,504863,13216,1.652000
1594,505180,13152,1.644000
1595,505496,13200,1.650000
1596,505814,13200,1.650000
1597,506130,13248,1.656000
1598,506448,13200,1.650000
1599,506764,13232,1.654000
1600,507081,13200,1.650000
1601,507398,13200,1.650000
1602,507715,13200,1.650000
1603,508032,13136,1.642000
1604,508349,13184,1.648000
1605,508666,13344,1.668000
1606,508982,13600,1.700000
1607,509299,13552,1.694000
1608,509616,13568,1.696000
1609,509933,13584,1.698000
1610,510249,13584,1.698000
1611,510567,13568,1.696000
1612,510883,13552,1.694000
1613,511200,13584,1.698000
1614,511517,13600,1.700000
1615,511835,13616,1.702000
1616,512151,13584,1.698000
1617,512468,13552,1.694000
1618,512785,13536,1.692000
1619,513102,13536,1.692000
1620,513418,13568,1.696000
1621,513735,13568,1.696000
1622,514053,13616,1.702000
1623,514369,13648,1.706000
1624,514687,13536,1.692000
1625,515003,13632,1.704000
1626,515320,13600,1.700000
1627,515636,13616,1.702000
1628,515953,13616,1.702000
1629,516270,13616,1.702000
1630,516587,13792,1.724000
1631,516904,13552,1.694000
1632,517221,13200,1.650000
1633,517537,13184,1.648000
1634,517855,13184,1.648000
1635,518171,13200,1.650000
1636,518488,13200,1.650000
1637,518805,13376,1.672000
1638,519122,13216,1.652000
1639,519439,13216,1.652000
1640,519755,13200,1.650000
1641,520073,13216,1.652000
1642,520389,13216,1.652000
1643,520706,13248,1.656000
1644,521023,13200,1.650000
1645,521340,13232,1.654000
1646,521657,13232,1.654000
1647,521974,13216,1.652000
1648,522291,13184,1.648000
1649,522607,13184,1.648000
1650,522924,13072,1.634000
1651,523241,13184,1.648000
1652,523558,13088,1.636000
1653,523875,13216,1.652000
1654,524192,13152,1.644000
1655,524508,13232,1.654000
1656,524825,13008,1.626000
1657,525143,13216,1.652000
1658,525459,13344,1.668000
1659,525776,13600,1.700000
1660,526093,13584,1.698000
1661,526410,13616,1.702000
1662,526726,13488,1.686000
1663,527044,13600,1.700000
1664,527360,13552,1.694000
1665,527677,13600,1.700000
1666,527994,13568,1.696000
1667,528311,13600,1.700000
1668,528628,13536,1.692000
1669,528944,13600,1.700000
1670,529262,13568,1.696000
1671,529578,13584,1.698000
1672,529895,13552,1.694000
1673,530212,13632,1.704000
1674,530529,13584,1.698000
1675,530846,13584,1.698000
1676,531163,13616,1.702000
1677,531479,13568,1.696000
1678,531796,13632,1.704000
1679,532113,13552,1.694000
1680,532430,13616,1.702000
1681,532747,13600,1.700000
1682,533064,13584,1.698000
1683,533381,13552,1.694000
1684,533698,13376,1.672000
1685,534014,13184,1.648000
1686,534331,13168,1.646000
1687,534648,13184,1.648000
1688,534965,13184,1.648000
1689,535282,13216,1.652000
1690,535599,13216,1.652000
1691,535916,13264,1.658000
1692,536233,13136,1.642000
1693,536549,13184,1.648000
1694,536866,13248,1.656000
1695,537183,13136,1.642000
1696,537500,13232,1.654000
1697,537817,13232,1.654000
1698,538133,13264,1.658000
1699,538451,13264,1.658000
1700,538767,13200,1.650000
1701,539084,13184,1.648000
1702,539401,13184,1.648000
1703,539718,13248,1.656000
1704,540034,13184,1.648000
1705,540351,13200,1.650000
1706,540668,13152,1.644000
1707,540985,13184,1.648000
1708,541302,13328,1.666000
1709,541619,13264,1.658000
1710,541936,13168,1.646000
1711,542253,13568,1.696000
1712,542570,13616,1.702000
1713,542887,13568,1.696000
1714,543204,13584,1.698000
1715,543520,13584,1.698000
1716,543837,13568,1.696000
1717,544154,13600,1.700000
1718,544471,13568,1.696000
1719,544788,13616,1.702000
1720,545104,13600,1.700000
1721,545421,13536,1.692000
1722,545738,13600,1.700000
1723,546055,13568,1.696000
1724,546371,13632,1.704000
1725,546689,13568,1.696000
1726,547006,13584,1.698000
1727,547323,13536,1.692000
1728,547639,13520,1.690000
1729,547957,13472,1.684000
1730,548273,13552,1.694000
1731,548590,13520,1.690000
1732,548907,13600,1.700000
1733,549224,13584,1.698000
1734,549540,13568,1.696000
1735,549857,13552,1.694000
1736,550175,13536,1.692000
1737,550492,13184,1.648000
1738,550808,13216,1.652000
1739,551124,13184,1.648000
1740,551442,13248,1.656000
1741,551759,13232,1.654000
1742,552075,13184,1.648000
1743,552392,13216,1.652000
1744,552709,13152,1.644000
1745,553026,13200,1.650000
1746,553343,13200,1.650000
1747,553660,13232,1.654000
1748,553976,13200,1.650000
1749,554293,13152,1.644000
1750,554611,13280,1.660000
1751,554927,13184,1.648000
1752,555244,13248,1.656000
1753,555561,13216,1.652000
1754,555878,13216,1.652000
1755,556195,13232,1.654000
1756,556511,13232,1.654000
1757,556828,13248,1.656000
1758,557145,13216,1.652000
1759,557462,13168,1.646000
1760,557779,13216,1.652000
1761,558096,13216,1.652000
1762,558413,13184,1.648000
1763,558730,13392,1.674000
1764,559046,13568,1.696000
1765,559363,13616,1.702000
1766,559680,13632,1.704000
1767,559997,13568,1.696000
1768,560314,13600,1.700000
1769,560631,13568,1.696000
1770,560948,13584,1.698000
1771,561264,13600,1.700000
1772,561581,13600,1.700000
1773,561898,13584,1.698000
1774,562215,13632,1.704000
1775,562532,13584,1.698000
1776,562848,13584,1.698000
1777,563166,13568,1.696000
1778,563483,13584,1.698000
1779,563799,13552,1.694000
1780,564116,13632,1.704000
1781,564433,13568,1.696000
1782,564750,13552,1.694000
1783,565067,13552,1.694000
1784,565384,13568,1.696000
1785,565700,13632,1.704000
1786,566018,13536,1.692000
1787,566334,13568,1.696000
1788,566652,13632,1.704000
1789,566968,13552,1.694000
1790,567285,13232,1.654000
1791,567602,13248,1.656000
1792,567918,13200,1.650000
1793,568235,13232,1.654000
1794,568552,13232,1.654000
1795,568869,13216,1.652000
1796,569186,13216,1.652000
1797,569503,13264,1.658000
1798,569820,13248,1.656000
1799,570136,13248,1.656000
1800,570454,13200,1.650000
1801,570770,13248,1.656000
1802,571087,13216,1.652000
1803,571404,13216,1.652000
1804,571721,13232,1.654000
1805,572038,13248,1.656000
1806,572355,13216,1.652000
1807,572671,13216,1.652000
1808,572988,13200,1.650000
1809,573305,13216,1.652000
1810,573622,13184,1.648000
1811,573939,13248,1.656000
1812,574256,13168,1.646000
1813,574573,13184,1.648000
1814,574890,13216,1.652000
1815,575207,13184,1.648000
1816,575523,13616,1.702000
1817,575840,13584,1.698000
1818,576157,13568,1.696000
1819,576474,13584,1.698000
1820,576791,13520,1.690000
1821,577108,13584,1.698000
1822,577425,13584,1.698000
1823,577741,13664,1.708000
1824,578058,13536,1.692000
1825,578375,13600,1.700000
1826,578692,13520,1.690000
1827,579009,13584,1.698000
1828,579326,13552,1.694000
1829,579642,13568,1.696000
1830,579959,13552,1.694000
1831,580276,13568,1.696000
1832,580593,13568,1.696000
1833,580910,13600,1.700000
1834,581227,13664,1.708000
1835,581543,13600,1.700000
1836,581860,13568,1.696000
1837,582177,13600,1.700000
1838,582494,13520,1.690000
1839,582812,13664,1.708000
1840,583128,13600,1.700000
1841,583445,13536,1.692000
1842,583762,13376,1.672000
1843,584079,13248,1.656000
1844,584395,13232,1.654000
1845,584713,13200,1.650000
1846,585029,13200,1.650000
1847,585346,13040,1.630000
1848,585663,13184,1.648000
1849,585979,13104,1.638000
1850,586296,13264,1.658000
1851,586614,13216,1.652000
1852,586930,13184,1.648000
1853,587247,13472,1.684000
1854,587564,13248,1.656000
1855,587881,12976,1.622000
1856,588198,13184,1.648000
1857,588514,13248,1.656000
1858,588832,13248,1.656000
1859,589148,13232,1.654000
1860,589465,13216,1.652000
1861,589783,13216,1.652000
1862,590099,13232,1.654000
1863,590416,13200,1.650000
1864,590733,13248,1.656000
1865,591050,13232,1.654000
1866,591367,13232,1.654000
1867,591686,13216,1.652000
1868,592000,13392,1.674000
1869,592317,13552,1.694000
1870,592634,13552,1.694000
1871,592951,13552,1.694000
1872,593268,13616,1.702000
1873,593584,13536,1.692000
1874,593901,13616,1.702000
1875,594218,13520,1.690000
1876,594535,13568,1.696000
1877,594852,13616,1.702000
1878,595169,13600,1.700000
1879,595486,13552,1.694000
1880,595803,13584,1.698000
1881,596119,13488,1.686000
1882,596436,13584,1.698000
1883,596753,13552,1.694000
1884,597070,13616,1.702000
1885,597387,13600,1.700000
1886,597704,13568,1.696000
1887,598021,13584,1.698000
1888,598338,13616,1.702000
1889,598654,13616,1.702000
1890,598971,13568,1.696000
1891,599288,13584,1.698000
1892,599605,13568,1.696000
1893,599922,13632,1.704000
1894,600239,13568,1.696000
1895,600556,13168,1.646000
1896,600872,13184,1.648000
1897,601189,13248,1.656000
1898,601506,13200,1.650000
1899,601823,13216,1.652000
1900,602139,13184,1.648000
1901,602457,13232,1.654000
1902,602774,13184,1.648000
1903,603090,13216,1.652000
1904,603407,13248,1.656000
1905,603724,13200,1.650000
1906,604041,13216,1.652000
1907,604358,13216,1.652000
1908,604674,13168,1.646000
1909,604991,13216,1.652000
1910,605308,13216,1.652000
1911,605625,13200,1.650000
1912,605942,13168,1.646000
1913,606258,13184,1.648000
1914,606576,13168,1.646000
1915,606893,13264,1.658000
1916,607210,13216,1.652000
1917,607526,13264,1.658000
1918,607843,13296,1.662000
1919,608160,13168,1.646000
1920,608477,13168,1.646000
1921,608794,13376,1.672000
1922,609111,13536,1.692000
1923,609428,13552,1.694000
1924,609744,13680,1.710000
1925,610062,13584,1.698000
1926,610379,13616,1.702000
1927,610695,13648,1.706000
1928,611012,13584,1.698000
1929,611329,13648,1.706000
1930,611646,13600,1.700000
1931,611962,13552,1.694000
1932,612279,13616,1.702000
1933,612596,13584,1.698000
1934,612913,13632,1.704000
1935,613230,13568,1.696000
1936,613547,13568,1.696000
1937,613864,13552,1.694000
1938,614181,13584,1.698000
1939,614497,13616,1.702000
1940,614814,13520,1.690000
1941,615131,13568,1.696000
1942,615448,13600,1.700000
1943,615765,13648,1.706000
1944,616081,13536,1.692000
1945,616399,13520,1.690000
1946,616715,13584,1.698000
1947,617032,13408,1.676000
1948,617349,13200,1.650000
1949,617666,13184,1.648000
1950,617983,13184,1.648000
1951,618300,13248,1.656000
1952,618617,13248,1.656000
1953,618933,13200,1.650000
1954,619250,13168,1.646000
1955,619567,13216,1.652000
1956,619883,13152,1.644000
1957,620201,13280,1.660000
1958,620518,13200,1.650000
1959,620835,13136,1.642000
1960,621152,13216,1.652000
1961,621468,13184,1.648000
1962,621785,13200,1.650000
1963,622101,13216,1.652000
1964,622419,13216,1.652000
1965,622736,13248,1.656000
1966,623053,13264,1.658000
1967,623370,13248,1.656000
1968,623687,13232,1.654000
1969,624003,13216,1.652000
1970,624320,13232,1.654000
1971,624637,13184,1.648000
1972,624954,13200,1.650000
1973,625271,13248,1.656000
1974,625587,13536,1.692000
1975,625904,13520,1.690000
1976,626222,13552,1.694000
1977,626538,13552,1.694000
1978,626855,13600,1.700000
1979,627172,13520,1.690000
1980,627489,13584,1.698000
1981,627806,13616,1.702000
1982,628122,13616,1.702000
1983,628439,13600,1.700000
1984,628757,13552,1.694000
1985,629073,13632,1.704000
1986,629390,13584,1.698000
1987,629707,13600,1.700000
1988,630023,13552,1.694000
1989,630340,13552,1.694000
1990,630657,13632,1.704000
1991,630974,13568,1.696000
1992,631291,13632,1.704000
1993,631608,13568,1.696000
1994,631925,13616,1.702000
1995,632241,13664,1.708000
1996,632559,13616,1.702000
1997,632875,13584,1.698000
1998,633192,13552,1.694000
1999,633509,13552,1.694000
2000,633826,13264,1.658000
2001,634143,13280,1.660000
2002,634460,13184,1.648000
2003,634776,13248,1.656000
2004,635094,13232,1.654000
2005,635410,13216,1.652000
2006,635727,13264,1.658000
2007,636044,13200,1.650000
2008,636361,13184,1.648000
2009,636678,13216,1.652000
2010,636994,13248,1.656000
2011,637311,13232,1.654000
2012,637629,13136,1.642000
2013,637945,13200,1.650000
2014,638262,13184,1.648000
2015,638579,13136,1.642000
2016,638896,13216,1.652000
2017,639213,13200,1.650000
2018,639529,13200,1.650000
2019,639846,13216,1.652000
2020,640163,13232,1.654000
2021,640480,13184,1.648000
2022,640797,13184,1.648000
2023,641114,13168,1.646000
2024,641431,13184,1.648000
2025,641748,13232,1.654000
2026,642064,13440,1.680000
2027,642381,13552,1.694000
2028,642698,13568,1.696000
2029,643015,13520,1.690000
2030,643332,13568,1.696000
2031,643649,13600,1.700000
2032,643966,13600,1.700000
2033,644283,13552,1.694000
2034,644599,13552,1.694000
2035,644916,13600,1.700000
2036,645233,13584,1.698000
2037,645550,13504,1.688000
2038,645867,13600,1.700000
2039,646184,13632,1.704000
2040,646501,13600,1.700000
2041,646817,13584,1.698000
2042,647134,13568,1.696000
2043,647451,13584,1.698000
2044,647768,13584,1.698000
2045,648085,13584,1.698000
2046,648402,13616,1.702000
2047,648718,13584,1.698000
2048,649035,13584,1.698000
2049,649352,13584,1.698000
2050,649670,13632,1.704000
2051,649986,13552,1.694000
2052,650303,13584,1.698000
2053,650619,13184,1.648000
2054,650936,13200,1.650000
2055,651253,13264,1.658000
2056,651570,13232,1.654000
2057,651888,13152,1.644000
2058,652204,13232,1.654000
2059,652521,13248,1.656000
2060,652838,13232,1.654000
2061,653154,13248,1.656000
2062,653471,13168,1.646000
2063,653788,13008,1.626000
2064,654105,13200,1.650000
2065,654422,13152,1.644000
2066,654739,13184,1.648000
2067,655056,13184,1.648000
2068,655373,13296,1.662000
2069,655689,13200,1.650000
2070,656006,13200,1.650000
2071,656323,13184,1.648000
2072,656640,12992,1.624000
2073,656957,13280,1.660000
2074,657274,13232,1.654000
2075,657590,13216,1.652000
2076,657908,13232,1.654000
2077,658225,13184,1.648000
2078,658541,13088,1.636000
2079,658858,13648,1.706000
2080,659175,13584,1.698000
2081,659492,13520,1.690000
2082,659809,13568,1.696000
2083,660125,13536,1.692000
2084,660442,13552,1.694000
2085,660759,13616,1.702000
2086,661076,13584,1.698000
2087,661393,13616,1.702000
2088,661710,13600,1.700000
2089,662027,13616,1.702000
2090,662344,13568,1.696000
2091,662660,13616,1.702000
2092,662977,13648,1.706000
2093,663294,13616,1.702000
2094,663611,13552,1.694000
2095,663927,13584,1.698000
2096,664244,13616,1.702000
2097,664562,13568,1.696000
2098,664878,13584,1.698000
2099,665195,13600,1.700000
2100,665512,13584,1.698000
2101,665829,13568,1.696000
2102,666146,13616,1.702000
2103,666463,13616,1.702000
2104,666780,13584,1.698000
2105,667096,13376,1.672000
2106,667413,13248,1.656000
2107,667731,13216,1.652000
2108,668047,13232,1.654000
2109,668364,13216,1.652000
2110,668685,13248,1.656000
2111,668998,13152,1.644000
2112,669314,13216,1.652000
2113,669631,13168,1.646000
2114,669948,13216,1.652000
2115,670265,13328,1.666000
2116,670582,13216,1.652000
2117,670898,13168,1.646000
2118,671215,13232,1.654000
2119,671533,13232,1.654000
2120,671850,13216,1.652000
2121,672166,13184,1.648000
2122,672483,13264,1.658000
2123,672800,13216,1.652000
2124,673117,13232,1.654000
2125,673434,13184,1.648000
2126,673750,13200,1.650000
2127,674068,13264,1.658000
2128,674385,13104,1.638000
2129,674701,13200,1.650000
2130,675018,13216,1.652000
2131,675335,13360,1.670000
2132,675651,13568,1.696000
2133,675969,13552,1.694000
2134,676286,13616,1.702000
2135,676602,13568,1.696000
2136,676919,13488,1.686000
2137,677236,13584,1.698000
2138,677553,13568,1.696000
2139,677870,13552,1.694000
2140,678187,13552,1.694000
2141,678504,13632,1.704000
2142,678820,13552,1.694000
2143,679137,13616,1.702000
2144,679454,13568,1.696000
2145,679771,13584,1.698000
2146,680088,13616,1.702000
2147,680405,13664,1.708000
2148,680721,13584,1.698000
2149,681039,13552,1.694000
2150,681356,13552,1.694000
2151,681672,13568,1.696000
2152,681989,13584,1.698000
2153,682306,13552,1.694000
2154,682623,13600,1.700000
2155,682939,13568,1.696000
2156,683257,13552,1.694000
2157,683573,13600,1.700000
2158,683890,13168,1.646000
2159,684207,13248,1.656000
2160,684524,13248,1.656000
2161,684840,13248,1.656000
2162,685158,13232,1.654000
2163,685475,13200,1.650000
2164,685791,13216,1.652000
2165,686108,13184,1.648000
2166,686425,13200,1.650000
2167,686742,13248,1.656000
2168,687059,13184,1.648000
2169,687376,13168,1.646000
2170,687693,13184,1.648000
2171,688009,13264,1.658000
2172,688326,13216,1.652000
2173,688643,13216,1.652000
2174,688960,13168,1.646000
2175,689277,13152,1.644000
2176,689594,13184,1.648000
2177,689911,13248,1.656000
2178,690228,13200,1.650000
2179,690544,13216,1.652000
2180,690861,13184,1.648000
2181,691178,13248,1.656000
2182,691495,13152,1.644000
2183,691812,13232,1.654000
2184,692128,13392,1.674000
2185,692446,13616,1.702000
2186,692762,13616,1.702000
2187,693079,13552,1.694000
2188,693396,13568,1.696000
2189,693713,13584,1.698000
2190,694030,13568,1.696000
2191,694347,13536,1.692000
2192,694663,13584,1.698000
2193,694980,13584,1.698000
2194,695297,13552,1.694000
2195,695614,13568,1.696000
2196,695931,13568,1.696000
2197,696248,13568,1.696000
2198,696564,13600,1.700000
2199,696881,13552,1.694000
2200,697198,13616,1.702000
2201,697515,13664,1.708000
2202,697832,13648,1.706000
2203,698149,13552,1.694000
2204,698466,13664,1.708000
2205,698782,13584,1.698000
2206,699100,13632,1.704000
2207,699416,13568,1.696000
2208,699733,13616,1.702000
2209,700051,13584,1.698000
2210,700367,13424,1.678000
2211,700686,13168,1.646000
2212,701001,13248,1.656000
2213,701318,13248,1.656000
2214,701634,13168,1.646000
2215,701951,13200,1.650000
2216,702268,13216,1.652000
2217,702585,13152,1.644000
2218,702901,13216,1.652000
2219,703219,13232,1.654000
2220,703535,13184,1.648000
2221,703853,13200,1.650000
2222,704169,13232,1.654000
2223,704486,13216,1.652000
2224,704803,13184,1.648000
2225,705119,13264,1.658000
2226,705437,13248,1.656000
2227,705754,13200,1.650000
2228,706070,13216,1.652000
2229,706387,13168,1.646000
2230,706704,13216,1.652000
2231,707021,13232,1.654000
2232,707337,13200,1.650000
2233,707655,13184,1.648000
2234,707971,13200,1.650000
2235,708288,13200,1.650000
2236,708605,13264,1.658000
2237,708922,13552,1.694000
2238,709239,13536,1.692000
2239,709556,13600,1.700000
2240,709873,13632,1.704000
2241,710190,13600,1.700000
2242,710506,13584,1.698000
2243,710824,13536,1.692000
2244,711140,13552,1.694000
2245,711457,13600,1.700000
2246,711774,13680,1.710000
2247,712090,13584,1.698000
2248,712407,13552,1.694000
2249,712724,13600,1.700000
2250,713041,13584,1.698000
2251,713358,13632,1.704000
2252,713675,13632,1.704000
2253,713992,13616,1.702000
2254,714309,13600,1.700000
2255,714626,13616,1.702000
2256,714942,13632,1.704000
2257,715259,13616,1.702000
2258,715576,13664,1.708000
2259,715894,13568,1.696000
2260,716210,13616,1.702000
2261,716527,13616,1.702000
2262,716844,13680,1.710000
2263,717160,13248,1.656000
2264,717477,13200,1.650000
2265,717794,13232,1.654000
2266,718111,13200,1.650000
2267,718428,13248,1.656000
2268,718745,13216,1.652000
2269,719062,12976,1.622000
2270,719379,13152,1.644000
2271,719695,13248,1.656000
2272,720012,13216,1.652000
2273,720329,13216,1.652000
2274,720646,13216,1.652000
2275,720963,13216,1.652000
2276,721280,13168,1.646000
2277,721597,13232,1.654000
2278,721914,13232,1.654000
2279,722231,13168,1.646000
2280,722547,13200,1.650000
2281,722864,13184,1.648000
2282,723181,13504,1.688000
2283,723498,13184,1.648000
2284,723815,13200,1.650000
2285,724131,13216,1.652000
2286,724449,13184,1.648000
2287,724765,13152,1.644000
2288,725082,13424,1.678000
2289,725399,13408,1.676000
2290,725716,13648,1.706000
2291,726032,13600,1.700000
2292,726349,13568,1.696000
2293,726667,13616,1.702000
2294,726983,13664,1.708000
2295,727300,13520,1.690000
2296,727617,13536,1.692000
2297,727934,13600,1.700000
2298,728251,13632,1.704000
2299,728567,13600,1.700000
2300,728885,13584,1.698000
2301,729201,13600,1.700000
2302,729518,13568,1.696000
2303,729835,13552,1.694000
2304,730152,13648,1.706000
2305,730469,13600,1.700000
2306,730786,13552,1.694000
2307,731102,13552,1.694000
2308,731419,13552,1.694000
2309,731736,13568,1.696000
2310,732053,13584,1.698000
2311,732370,13504,1.688000
2312,732686,13584,1.698000
2313,733004,13584,1.698000
2314,733321,13568,1.696000
2315,733637,13568,1.696000
2316,733955,13200,1.650000
2317,734272,13184,1.648000
2318,734588,13184,1.648000
2319,734905,13200,1.650000
2320,735222,13264,1.658000
2321,735539,13232,1.654000
2322,735855,13216,1.652000
2323,736172,13200,1.650000
2324,736489,13232,1.654000
2325,736806,13104,1.638000
2326,737122,13232,1.654000
2327,737440,13232,1.654000
2328,737756,13216,1.652000
2329,738074,13248,1.656000
2330,738391,13168,1.646000
2331,738707,12976,1.622000
2332,739024,13200,1.650000
2333,739341,13216,1.652000
2334,739658,13184,1.648000
2335,739974,13248,1.656000
2336,740291,13216,1.652000
2337,740609,13248,1.656000
2338,740925,13184,1.648000
2339,741242,13200,1.650000
2340,741559,13248,1.656000
2341,741876,13184,1.648000
2342,742192,13648,1.706000
2343,742510,13600,1.700000
2344,742827,13696,1.712000
2345,743143,13584,1.698000
2346,743460,13648,1.706000
2347,743776,13600,1.700000
2348,744094,13616,1.702000
2349,744411,13584,1.698000
2350,744727,13600,1.700000
2351,745045,13632,1.704000
2352,745361,13552,1.694000
2353,745679,13648,1.706000
2354,745995,13616,1.702000
2355,746312,13520,1.690000
2356,746629,13584,1.698000
2357,746946,13584,1.698000
2358,747263,13552,1.694000
2359,747579,13456,1.682000
2360,747896,13536,1.692000
2361,748213,13600,1.700000
2362,748530,13600,1.700000
2363,748846,13616,1.702000
2364,749164,13616,1.702000
2365,749481,13584,1.698000
2366,749797,13568,1.696000
2367,750114,13520,1.690000
2368,750432,13376,1.672000
2369,750748,13200,1.650000
2370,751065,13200,1.650000
2371,751382,13216,1.652000
2372,751699,13184,1.648000
2373,752015,13216,1.652000
2374,752332,13232,1.654000
2375,752649,13232,1.654000
2376,752966,13200,1.650000
2377,753283,13216,1.652000
2378,753600,13200,1.650000
2379,753916,13296,1.662000
2380,754234,13184,1.648000
2381,754550,13152,1.644000
2382,754868,13184,1.648000
2383,755184,13216,1.652000
2384,755501,13264,1.658000
2385,755818,13216,1.652000
2386,756135,13232,1.654000
2387,756452,13200,1.650000
2388,756768,13232,1.654000
2389,757085,13184,1.648000
2390,757402,13232,1.654000
2391,757718,13184,1.648000
2392,758036,13232,1.654000
2393,758353,13184,1.648000
2394,758669,13344,1.668000
2395,758986,13600,1.700000
2396,759303,13568,1.696000
2397,759620,13568,1.696000
2398,759937,13504,1.688000
2399,760254,13552,1.694000
2400,760571,13616,1.702000
2401,760888,13632,1.704000
2402,761205,13600,1.700000
2403,761521,13600,1.700000
2404,761838,13600,1.700000
2405,762155,13600,1.700000
2406,762472,13568,1.696000
2407,762789,13600,1.700000
2408,763105,13616,1.702000
2409,763423,13584,1.698000
2410,763739,13568,1.696000
2411,764056,13616,1.702000
2412,764373,13568,1.696000
2413,764690,13632,1.704000
2414,765006,13568,1.696000
2415,765324,13568,1.696000
2416,765641,13600,1.700000
2417,765957,13552,1.694000
2418,766274,13568,1.696000
2419,766591,13600,1.700000
2420,766908,13584,1.698000
2421,767225,13232,1.654000
2422,767541,13152,1.644000
2423,767859,13184,1.648000
2424,768175,13216,1.652000
2425,768493,13184,1.648000
2426,768809,13200,1.650000
2427,769126,13216,1.652000
2428,769443,13200,1.650000
2429,769760,13216,1.652000
2430,770076,13232,1.654000
2431,770393,13168,1.646000
2432,770710,13168,1.646000
2433,771027,13232,1.654000
2434,771344,13216,1.652000
2435,771661,13136,1.642000
2436,771977,13184,1.648000
2437,772295,13216,1.652000
2438,772612,13216,1.652000
2439,772928,13200,1.650000
2440,773245,13184,1.648000
2441,773562,13216,1.652000
2442,773879,13216,1.652000
2443,774196,13264,1.658000
2444,774512,13280,1.660000
2445,774829,13152,1.644000
2446,775146,13264,1.658000
2447,775463,13408,1.676000
2448,775780,13520,1.690000
2449,776097,13552,1.694000
2450,776414,13584,1.698000
2451,776731,13584,1.698000
2452,777047,13648,1.706000
2453,777364,13648,1.706000
2454,777685,13568,1.696000
2455,777998,13568,1.696000
2456,778315,13568,1.696000
2457,778632,13584,1.698000
2458,778949,13584,1.698000
2459,779266,13584,1.698000
2460,779583,13520,1.690000
2461,779899,13600,1.700000
2462,780217,13584,1.698000
2463,780533,13616,1.702000
2464,780850,13616,1.702000
2465,781166,13616,1.702000
2466,781484,13568,1.696000
2467,781801,13616,1.702000
2468,782117,13584,1.698000
2469,782434,13552,1.694000
2470,782750,13584,1.698000
2471,783068,13600,1.700000
2472,783385,13600,1.700000
2473,783701,13360,1.670000
2474,784018,13264,1.658000
2475,784335,13216,1.652000
2476,784652,13232,1.654000
2477,784969,13168,1.646000
2478,785286,13232,1.654000
2479,785603,13152,1.644000
2480,785920,13232,1.654000
2481,786236,13248,1.656000
2482,786553,13296,1.662000
2483,786870,13232,1.654000
2484,787187,13184,1.648000
2485,787504,13280,1.660000
2486,787821,13216,1.652000
2487,788137,13264,1.658000
2488,788455,13216,1.652000
2489,788771,13200,1.650000
2490,789088,13200,1.650000
2491,789405,13200,1.650000
2492,789722,13264,1.658000
2493,790039,13232,1.654000
2494,790356,13152,1.644000
2495,790672,13248,1.656000
2496,790989,13152,1.644000
2497,791306,13216,1.652000
2498,791623,13216,1.652000
2499,791940,13184,1.648000
2500,792257,13632,1.704000
2501,792574,13632,1.704000
2502,792891,13632,1.704000
2503,793208,13616,1.702000
2504,793524,13616,1.702000
2505,793841,13600,1.700000
2506,794158,13600,1.700000
2507,794475,13632,1.704000
2508,794791,13584,1.698000
2509,795109,13600,1.700000
2510,795425,13568,1.696000
2511,795742,13616,1.702000
2512,796059,13552,1.694000
2513,796376,13536,1.692000
2514,796693,13632,1.704000
2515,797010,13584,1.698000
2516,797327,13584,1.698000
2517,797644,13616,1.702000
2518,797960,13584,1.698000
2519,798278,13536,1.692000
2520,798594,13536,1.692000
2521,798911,13584,1.698000
2522,799228,13408,1.676000
2523,799545,13600,1.700000
2524,799862,13648,1.706000
2525,800178,13568,1.696000
2526,800495,13248,1.656000
2527,800812,13264,1.658000
2528,801129,13184,1.648000
2529,801446,13184,1.648000
2530,801762,13248,1.656000
2531,802080,13216,1.652000
2532,802396,13232,1.654000
2533,802713,13216,1.652000
2534,803030,13200,1.650000
2535,803347,13472,1.684000
2536,803663,13184,1.648000
2537,803981,13216,1.652000
2538,804298,13280,1.660000
2539,804614,13200,1.650000
2540,804931,13248,1.656000
2541,805249,13248,1.656000
2542,805565,13248,1.656000
2543,805882,13344,1.668000
2544,806199,13216,1.652000
2545,806515,13232,1.654000
2546,806833,13232,1.654000
2547,807149,13184,1.648000
2548,807466,13152,1.644000
2549,807783,13200,1.650000
2550,808100,13232,1.654000
2551,808417,13184,1.648000
2552,808733,13408,1.676000
2553,809051,13536,1.692000
2554,809368,13488,1.686000
2555,809687,13584,1.698000
2556,810001,13392,1.674000
2557,810318,13552,1.694000
2558,810635,13552,1.694000
2559,810952,13568,1.696000
2560,811269,13568,1.696000
2561,811585,13600,1.700000
2562,811902,13632,1.704000
2563,812220,13600,1.700000
2564,812536,13600,1.700000
2565,812852,13568,1.696000
2566,813170,13600,1.700000
2567,813487,13568,1.696000
2568,813804,13584,1.698000
2569,814120,13664,1.708000
2570,814437,13584,1.698000
2571,814754,13552,1.694000
2572,815071,13568,1.696000
2573,815388,13584,1.698000
2574,815705,13568,1.696000
2575,816021,13568,1.696000
2576,816339,13504,1.688000
2577,816655,13632,1.704000
2578,816972,13600,1.700000
2579,817289,13200,1.650000
2580,817606,13200,1.650000
2581,817923,13264,1.658000
2582,818240,13216,1.652000
2583,818556,13216,1.652000
2584,818873,13264,1.658000
2585,819190,13248,1.656000
2586,819507,13184,1.648000
2587,819824,13216,1.652000
2588,820141,13184,1.648000
2589,820458,13216,1.652000
2590,820775,13216,1.652000
2591,821091,13184,1.648000
2592,821408,13184,1.648000
2593,821725,13248,1.656000
2594,822042,13184,1.648000
2595,822359,13168,1.646000
2596,822675,13184,1.648000
2597,822993,13184,1.648000
2598,823310,13200,1.650000
2599,823626,13168,1.646000
2600,823943,13168,1.646000
2601,824260,13200,1.650000
2602,824577,13184,1.648000
2603,824893,13216,1.652000
2604,825211,13248,1.656000
2605,825527,13584,1.698000
2606,825844,13648,1.706000
2607,826161,13568,1.696000
2608,826478,13616,1.702000
2609,826794,13584,1.698000
2610,827112,13568,1.696000
2611,827428,13600,1.700000
2612,827746,13536,1.692000
2613,828062,13536,1.692000
2614,828379,13600,1.700000
2615,828696,13616,1.702000
2616,829012,13552,1.694000
2617,829330,13584,1.698000
2618,829647,13616,1.702000
2619,829963,13568,1.696000
2620,830280,13616,1.702000
2621,830597,13552,1.694000
2622,830914,13584,1.698000
2623,831231,13648,1.706000
2624,831548,13600,1.700000
2625,831864,13616,1.702000
2626,832182,13616,1.702000
2627,832498,13600,1.700000
2628,832815,13600,1.700000
2629,833132,13600,1.700000
2630,833449,13568,1.696000
2631,833766,13408,1.676000
2632,834083,13248,1.656000
2633,834400,13184,1.648000
2634,834716,13200,1.650000
2635,835033,13216,1.652000
2636,835349,13248,1.656000
2637,835667,13168,1.646000
2638,835984,13232,1.654000
2639,836301,13216,1.652000
2640,836617,13200,1.650000
2641,836934,13232,1.654000
2642,837252,13232,1.654000
2643,837568,13232,1.654000
2644,837885,13200,1.650000
2645,838202,13184,1.648000
2646,838519,13232,1.654000
2647,838835,13200,1.650000
2648,839153,13184,1.648000
2649,839469,13248,1.656000
2650,839786,13200,1.650000
2651,840103,13216,1.652000
2652,840420,13232,1.654000
2653,840737,13264,1.658000
2654,841053,13232,1.654000
2655,841371,13248,1.656000
2656,841688,13232,1.654000
2657,842004,13344,1.668000
2658,842321,13584,1.698000
2659,842638,13600,1.700000
2660,842955,13584,1.698000
2661,843272,13568,1.696000
2662,843588,13584,1.698000
2663,843905,13568,1.696000
2664,844222,13584,1.698000
2665,844539,13504,1.688000
2666,844856,13584,1.698000
2667,845173,13600,1.700000
2668,845490,13568,1.696000
2669,845806,13664,1.708000
2670,846123,13568,1.696000
2671,846440,13584,1.698000
2672,846757,13568,1.696000
2673,847074,13632,1.704000
2674,847391,13600,1.700000
2675,847708,13568,1.696000
2676,848024,13536,1.692000
2677,848342,13616,1.702000
2678,848658,13616,1.702000
2679,848975,13616,1.702000
2680,849292,13616,1.702000
2681,849609,13552,1.694000
2682,849926,13584,1.698000
2683,850242,13504,1.688000
2684,850559,13168,1.646000
2685,850876,13264,1.658000
2686,851193,13184,1.648000
2687,851510,13248,1.656000
2688,851827,13216,1.652000
2689,852144,13248,1.656000
2690,852461,13216,1.652000
2691,852777,13184,1.648000
2692,853095,13216,1.652000
2693,853411,13184,1.648000
2694,853728,13264,1.658000
2695,854045,13200,1.650000
2696,854362,13216,1.652000
2697,854679,13168,1.646000
2698,854996,13216,1.652000
2699,855312,13248,1.656000
2700,855629,13216,1.652000
2701,855946,13168,1.646000
2702,856263,13216,1.652000
2703,856580,13216,1.652000
2704,856897,13232,1.654000
2705,857214,13152,1.644000
2706,857531,13168,1.646000
2707,857847,13200,1.650000
2708,858164,13216,1.652000
2709,858481,13232,1.654000
2710,858798,13456,1.682000
2711,859115,13632,1.704000
2712,859432,13568,1.696000
2713,859748,13568,1.696000
2714,860065,13552,1.694000
2715,860382,13552,1.694000
2716,860699,13600,1.700000
2717,861016,13584,1.698000
2718,861333,13632,1.704000
2719,861650,13568,1.696000
2720,861966,13600,1.700000
2721,862283,13584,1.698000
2722,862600,13536,1.692000
2723,862917,13584,1.698000
2724,863234,13584,1.698000
2725,863551,13632,1.704000
2726,863867,13600,1.700000
2727,864184,13584,1.698000
2728,864502,13568,1.696000
2729,864818,13536,1.692000
2730,865135,13568,1.696000
2731,865452,13632,1.704000
2732,865769,13648,1.706000
2733,866085,13584,1.698000
2734,866402,13616,1.702000
2735,866720,13600,1.700000
2736,867036,13408,1.676000
2737,867353,13216,1.652000
2738,867670,13008,1.626000
2739,867987,13200,1.650000
2740,868304,13232,1.654000
2741,868621,13216,1.652000
2742,868938,13232,1.654000
2743,869255,13216,1.652000
2744,869571,13216,1.652000
2745,869888,13184,1.648000
2746,870205,13152,1.644000
2747,870522,13008,1.626000
2748,870839,13216,1.652000
2749,871155,13184,1.648000
2750,871472,13168,1.646000
2751,871789,13488,1.686000
2752,872106,13184,1.648000
2753,872423,12976,1.622000
2754,872740,13184,1.648000
2755,873057,13168,1.646000
2756,873374,13200,1.650000
2757,873690,13264,1.658000
2758,874007,13200,1.650000
2759,874324,13216,1.652000
2760,874641,13328,1.666000
2761,874958,13184,1.648000
2762,875275,13168,1.646000
2763,875592,13616,1.702000
2764,875909,13584,1.698000
2765,876226,13552,1.694000
2766,876542,13504,1.688000
2767,876859,13600,1.700000
2768,877176,13632,1.704000
2769,877493,13616,1.702000
2770,877810,13568,1.696000
2771,878126,13584,1.698000
2772,878444,13616,1.702000
2773,878761,13568,1.696000
2774,879077,13568,1.696000
2775,879394,13584,1.698000
2776,879711,13568,1.696000
2777,880027,13488,1.686000
2778,880344,13616,1.702000
2779,880661,13568,1.696000
2780,880978,13536,1.692000
2781,881295,13616,1.702000
2782,881612,13616,1.702000
2783,881929,13600,1.700000
2784,882246,13552,1.694000
2785,882563,13568,1.696000
2786,882880,13584,1.698000
2787,883196,13552,1.694000
2788,883513,13584,1.698000
2789,883829,13248,1.656000
2790,884147,13184,1.648000
2791,884464,13232,1.654000
2792,884781,13216,1.652000
2793,885098,13168,1.646000
2794,885414,13200,1.650000
2795,885731,13216,1.652000
2796,886048,13200,1.650000
2797,886364,13248,1.656000
2798,886685,13200,1.650000
2799,886999,13184,1.648000
2800,887316,13232,1.654000
2801,887632,13200,1.650000
2802,887949,13200,1.650000
2803,888266,13232,1.654000
2804,888583,13280,1.660000
2805,888900,13248,1.656000
2806,889217,13232,1.654000
2807,889534,13184,1.648000
2808,889851,13184,1.648000
2809,890168,13296,1.662000
2810,890484,13200,1.650000
2811,890801,13264,1.658000
2812,891118,13168,1.646000
2813,891435,13216,1.652000
2814,891752,13200,1.650000
2815,892069,13392,1.674000
2816,892386,13520,1.690000
2817,892702,13568,1.696000
2818,893019,13584,1.698000
2819,893336,13568,1.696000
2820,893653,13584,1.698000
2821,893969,13584,1.698000
2822,894287,13648,1.706000
2823,894603,13600,1.700000
2824,894921,13600,1.700000
2825,895237,13600,1.700000
2826,895554,13600,1.700000
2827,895871,13552,1.694000
2828,896188,13616,1.702000
2829,896505,13584,1.698000
2830,896821,13552,1.694000
2831,897138,13552,1.694000
2832,897455,13616,1.702000
2833,897772,13632,1.704000
2834,898089,13600,1.700000
2835,898406,13568,1.696000
2836,898723,13584,1.698000
2837,899039,13584,1.698000
2838,899357,13552,1.694000
2839,899673,13632,1.704000
2840,899990,13568,1.696000
2841,900307,13568,1.696000
2842,900624,13184,1.648000
2843,900941,13184,1.648000
2844,901258,13184,1.648000
2845,901575,13232,1.654000
2846,901891,13184,1.648000
2847,902208,13200,1.650000
2848,902525,13200,1.650000
2849,902842,13232,1.654000
2850,903158,13248,1.656000
2851,903476,13248,1.656000
2852,903792,13216,1.652000
2853,904109,13216,1.652000
2854,904426,13184,1.648000
2855,904743,13232,1.654000
2856,905060,13200,1.650000
2857,905377,13200,1.650000
2858,905693,13200,1.650000
2859,906011,13168,1.646000
2860,906327,13216,1.652000
2861,906644,13232,1.654000
2862,906961,13232,1.654000
2863,907278,13264,1.658000
2864,907595,13184,1.648000
2865,907912,13248,1.656000
2866,908228,13232,1.654000
2867,908545,13216,1.652000
2868,908862,13616,1.702000
2869,909179,13584,1.698000
2870,909496,13600,1.700000
2871,909813,13552,1.694000
2872,910130,13584,1.698000
2873,910446,13616,1.702000
2874,910763,13552,1.694000
2875,911080,13616,1.702000
2876,911397,13584,1.698000
2877,911714,13616,1.702000
2878,912031,13600,1.700000
2879,912348,13568,1.696000
2880,912665,13568,1.696000
2881,912981,13584,1.698000
2882,913298,13520,1.690000
2883,913615,13600,1.700000
2884,913932,13552,1.694000
2885,914249,13568,1.696000
2886,914566,13616,1.702000
2887,914882,13520,1.690000
2888,915199,13552,1.694000
2889,915516,13568,1.696000
2890,915833,13552,1.694000
2891,916150,13552,1.694000
2892,916467,13584,1.698000
2893,916784,13552,1.694000
2894,917100,13392,1.674000
2895,917418,13184,1.648000
2896,917735,13200,1.650000
2897,918051,13168,1.646000
2898,918368,13248,1.656000
2899,918686,13200,1.650000
2900,919002,13216,1.652000
2901,919319,13216,1.652000
2902,919635,13264,1.658000
2903,919953,13168,1.646000
2904,920270,13184,1.648000
2905,920586,13232,1.654000
2906,920903,13216,1.652000
2907,921220,13216,1.652000
2908,921537,13168,1.646000
2909,921853,13168,1.646000
2910,922171,13216,1.652000
2911,922488,13232,1.654000
2912,922804,13184,1.648000
2913,923121,13200,1.650000
2914,923438,13216,1.652000
2915,923755,13232,1.654000
2916,924072,13216,1.652000
2917,924389,13200,1.650000
2918,924705,13200,1.650000
2919,925022,13280,1.660000
2920,925339,13280,1.660000
2921,925656,13584,1.698000
2922,925973,13616,1.702000
2923,926289,13600,1.700000
2924,926607,13584,1.698000
2925,926923,13568,1.696000
2926,927240,13552,1.694000
2927,927557,13600,1.700000
2928,927874,13600,1.700000
2929,928191,13520,1.690000
2930,928508,13616,1.702000
2931,928825,13584,1.698000
2932,929141,13584,1.698000
2933,929458,13584,1.698000
2934,929775,13584,1.698000
2935,930092,13632,1.704000
2936,930409,13568,1.696000
2937,930725,13632,1.704000
2938,931043,13504,1.688000
2939,931359,13568,1.696000
2940,931677,13584,1.698000
2941,931993,13600,1.700000
2942,932310,13568,1.696000
2943,932627,13600,1.700000
2944,932944,13616,1.702000
2945,933261,13600,1.700000
2946,933577,13616,1.702000
2947,933895,13216,1.652000
2948,934211,13072,1.634000
2949,934528,13184,1.648000
2950,934845,13024,1.628000
2951,935162,13216,1.652000
2952,935479,13152,1.644000
2953,935796,13216,1.652000
2954,936112,13200,1.650000
2955,936429,13456,1.682000
2956,936746,13216,1.652000
2957,937063,12960,1.620000
2958,937379,13216,1.652000
2959,937697,13200,1.650000
2960,938013,13184,1.648000
2961,938331,13328,1.666000
2962,938647,13184,1.648000
2963,938964,13248,1.656000
2964,939281,13200,1.650000
2965,939598,13168,1.646000
2966,939915,13200,1.650000
2967,940232,13232,1.654000
2968,940549,13168,1.646000
2969,940865,13184,1.648000
2970,941182,13296,1.662000
2971,941499,13216,1.652000
2972,941816,13200,1.650000
2973,942133,13440,1.680000
2974,942450,13600,1.700000
2975,942767,13616,1.702000
2976,943083,13456,1.682000
2977,943400,13616,1.702000
2978,943717,13584,1.698000
2979,944034,13520,1.690000
2980,944351,13616,1.702000
2981,944668,13632,1.704000
2982,944984,13568,1.696000
2983,945301,13584,1.698000
2984,945618,13568,1.696000
2985,945935,13584,1.698000
2986,946252,13552,1.694000
2987,946569,13600,1.700000
2988,946886,13568,1.696000
2989,947203,13616,1.702000
2990,947519,13552,1.694000
2991,947836,13568,1.696000
2992,948153,13584,1.698000
2993,948470,13600,1.700000
2994,948787,13552,1.694000
2995,949103,13584,1.698000
2996,949421,13584,1.698000
2997,949737,13552,1.694000
2998,950054,13616,1.702000
2999,950371,13440,1.680000
3000,950688,13168,1.646000
3001,951005,13216,1.652000
3002,951321,13184,1.648000
3003,951639,13280,1.660000
3004,951955,13264,1.658000
3005,952272,13168,1.646000
3006,952589,13232,1.654000
3007,952906,13184,1.648000
3008,953223,13184,1.648000
3009,953540,13200,1.650000
3010,953857,13184,1.648000
3011,954173,13216,1.652000
3012,954490,13200,1.650000
3013,954807,13264,1.658000
3014,955124,13200,1.650000
3015,955441,13200,1.650000
3016,955758,13248,1.656000
3017,956074,13232,1.654000
3018,956392,13184,1.648000
3019,956708,13296,1.662000
3020,957026,13216,1.652000
3021,957342,13232,1.654000
3022,957659,13216,1.652000
3023,957975,13184,1.648000
3024,958293,13216,1.652000
3025,958610,13200,1.650000
3026,958926,13680,1.710000
3027,959243,13568,1.696000
3028,959560,13584,1.698000
3029,959877,13584,1.698000
3030,960194,13584,1.698000
3031,960511,13584,1.698000
3032,960827,13584,1.698000
3033,961145,13568,1.696000
3034,961461,13568,1.696000
3035,961778,13600,1.700000
3036,962095,13600,1.700000
3037,962412,13568,1.696000
3038,962729,13568,1.696000
3039,963045,13632,1.704000
3040,963363,13568,1.696000
3041,963680,13568,1.696000
3042,963996,13584,1.698000
3043,964313,13600,1.700000
3044,964630,13664,1.708000
3045,964947,13584,1.698000
3046,965264,13584,1.698000
3047,965581,13568,1.696000
3048,965898,13600,1.700000
3049,966215,13568,1.696000
3050,966531,13600,1.700000
3051,966848,13584,1.698000
3052,967165,13280,1.660000
3053,967482,13264,1.658000
3054,967799,13280,1.660000
3055,968115,13200,1.650000
3056,968432,13200,1.650000
3057,968749,13216,1.652000
3058,969066,13216,1.652000
3059,969383,13216,1.652000
3060,969700,13184,1.648000
3061,970017,13248,1.656000
3062,970334,13200,1.650000
3063,970650,13216,1.652000
3064,970967,13232,1.654000
3065,971284,13216,1.652000
3066,971601,13216,1.652000
3067,971918,13216,1.652000
3068,972235,13232,1.654000
3069,972551,13200,1.650000
3070,972868,13200,1.650000
3071,973185,13168,1.646000
3072,973502,13168,1.646000
3073,973819,13184,1.648000
3074,974136,13168,1.646000
3075,974453,13184,1.648000
3076,974770,13216,1.652000
3077,975086,13184,1.648000
3078,975403,13408,1.676000
3079,975720,13584,1.698000
3080,976037,13600,1.700000
3081,976354,13536,1.692000
3082,976671,13616,1.702000
3083,976987,13616,1.702000
3084,977304,13520,1.690000
3085,977622,13616,1.702000
3086,977938,13552,1.694000
3087,978255,13584,1.698000
3088,978572,13648,1.706000
3089,978889,13616,1.702000
3090,979206,13584,1.698000
3091,979522,13600,1.700000
3092,979839,13584,1.698000
3093,980156,13600,1.700000
3094,980473,13600,1.700000
3095,980790,13568,1.696000
3096,981107,13600,1.700000
3097,981424,13632,1.704000
3098,981740,13568,1.696000
3099,982058,13536,1.692000
3100,982375,13616,1.702000
3101,982691,13616,1.702000
3102,983008,13584,1.698000
3103,983325,13600,1.700000
3104,983642,13584,1.698000
3105,983959,13184,1.648000
3106,984276,13248,1.656000
3107,984592,13232,1.654000
3108,984909,13184,1.648000
3109,985226,13232,1.654000
3110,985542,13200,1.650000
3111,985860,13200,1.650000
3112,986176,13280,1.660000
3113,986494,13248,1.656000
3114,986810,13200,1.650000
3115,987127,13184,1.648000
3116,987443,13168,1.646000
3117,987761,13200,1.650000
3118,988078,13184,1.648000
3119,988395,13200,1.650000
3120,988712,13216,1.652000
3121,989028,13200,1.650000
3122,989345,13200,1.650000
3123,989662,13248,1.656000
3124,989978,13152,1.644000
3125,990296,13168,1.646000
3126,990613,13200,1.650000
3127,990929,13264,1.658000
3128,991247,13232,1.654000
3129,991563,13216,1.652000
3130,991880,13216,1.652000
3131,992197,13552,1.694000
3132,992514,13600,1.700000
3133,992831,13568,1.696000
3134,993147,13600,1.700000
3135,993465,13584,1.698000
3136,993781,13584,1.698000
3137,994098,13584,1.698000
3138,994415,13552,1.694000
3139,994732,13552,1.694000
3140,995048,13632,1.704000
3141,995366,13536,1.692000
3142,995686,13568,1.696000
3143,996000,13600,1.700000
3144,996317,13552,1.694000
3145,996633,13696,1.712000
3146,996950,13584,1.698000
3147,997267,13584,1.698000
3148,997584,13600,1.700000
3149,997901,13552,1.694000
3150,998218,13632,1.704000
3151,998534,13600,1.700000
3152,998852,13504,1.688000
3153,999168,13616,1.702000
3154,999485,13552,1.694000
3155,999802,13568,1.696000
