sample,timestamp_us,raw,voltage_V
0,241,13456,1.682000
1,559,13392,1.674000
2,875,13472,1.684000
3,1192,13440,1.680000
4,1509,13408,1.676000
5,1826,13472,1.684000
6,2143,13424,1.678000
7,2460,13456,1.682000
8,2776,13504,1.688000
9,3094,13456,1.682000
10,3410,13440,1.680000
11,3727,13472,1.684000
12,4044,13488,1.686000
13,4361,13440,1.680000
14,4678,13456,1.682000
15,4995,13504,1.688000
16,5312,13408,1.676000
17,5628,13360,1.670000
18,5945,13392,1.674000
19,6262,13344,1.668000
20,6579,13392,1.674000
21,6896,13312,1.664000
22,7213,13360,1.670000
23,7529,13376,1.672000
24,7846,13344,1.668000
25,8163,13392,1.674000
26,8480,13344,1.668000
27,8796,13344,1.668000
28,9114,13360,1.670000
29,9431,13312,1.664000
30,9748,13312,1.664000
31,10064,13376,1.672000
32,10381,13328,1.666000
33,10698,13360,1.670000
34,11015,13344,1.668000
35,11332,13344,1.668000
36,11648,13344,1.668000
37,11966,13392,1.674000
38,12282,13376,1.672000
39,12599,13344,1.668000
40,12916,13392,1.674000
41,13233,13376,1.672000
42,13550,13344,1.668000
43,13866,13472,1.684000
44,14183,13472,1.684000
45,14500,13456,1.682000
46,14817,13456,1.682000
47,15134,13440,1.680000
48,15451,13440,1.680000
49,15768,13456,1.682000
50,16084,13424,1.678000
51,16402,13456,1.682000
52,16718,13472,1.684000
53,17035,13472,1.684000
54,17352,13440,1.680000
55,17669,13408,1.676000
56,17986,13424,1.678000
57,18303,13248,1.656000
58,18619,13440,1.680000
59,18937,13408,1.676000
60,19253,13408,1.676000
61,19570,13456,1.682000
62,19887,13424,1.678000
63,20204,13424,1.678000
64,20521,13472,1.684000
65,20838,13424,1.678000
66,21154,13392,1.674000
67,21471,13456,1.682000
68,21788,13440,1.680000
69,22105,13424,1.678000
70,22422,13344,1.668000
71,22738,13312,1.664000
72,23056,13392,1.674000
73,23372,13408,1.676000
74,23689,13376,1.672000
75,24006,13360,1.670000
76,24323,13392,1.674000
77,24640,13344,1.668000
78,24956,13392,1.674000
79,25274,13344,1.668000
80,25590,13344,1.668000
81,25907,13344,1.668000
82,26224,13360,1.670000
83,26541,13360,1.670000
84,26857,13392,1.674000
85,27175,13392,1.674000
86,27492,13392,1.674000
87,27808,13360,1.670000
88,28126,13328,1.666000
89,28442,13440,1.680000
90,28759,13312,1.664000
91,29076,13408,1.676000
92,29392,13392,1.674000
93,29710,13408,1.676000
94,30026,13328,1.666000
95,30343,13360,1.670000
96,30660,13440,1.680000
97,30976,13456,1.682000
98,31293,13408,1.676000
99,31611,13440,1.680000
100,31927,13664,1.708000
101,32245,13424,1.678000
102,32561,13488,1.686000
103,32879,13408,1.676000
104,33195,13488,1.686000
105,33512,13424,1.678000
106,33829,13456,1.682000
107,34145,13680,1.710000
108,34462,13472,1.684000
109,34779,13440,1.680000
110,35096,13440,1.680000
111,35413,13456,1.682000
112,35729,13472,1.684000
113,36047,13504,1.688000
114,36364,13424,1.678000
115,36685,13504,1.688000
116,36998,13408,1.676000
117,37314,13440,1.680000
118,37631,13456,1.682000
119,37948,13456,1.682000
120,38265,13424,1.678000
121,38581,13472,1.684000
122,38898,13360,1.670000
123,39216,13408,1.676000
124,39532,13360,1.670000
125,39849,13360,1.670000
126,40166,13440,1.680000
127,40483,13408,1.676000
128,40800,13216,1.652000
129,41117,13360,1.670000
130,41433,13392,1.674000
131,41750,13328,1.666000
132,42067,13392,1.674000
133,42384,13392,1.674000
134,42701,13392,1.674000
135,43018,13360,1.670000
136,43335,13392,1.674000
137,43651,13392,1.674000
138,43969,13408,1.676000
139,44285,13392,1.674000
140,44602,13360,1.670000
141,44919,13456,1.682000
142,45236,13344,1.668000
143,45552,13376,1.672000
144,45870,13344,1.668000
145,46187,13408,1.676000
146,46503,13328,1.666000
147,46820,13376,1.672000
148,47136,13424,1.678000
149,47454,13424,1.678000
150,47771,13472,1.684000
151,48087,13424,1.678000
152,48404,13424,1.678000
153,48721,13456,1.682000
154,49038,13424,1.678000
155,49355,13440,1.680000
156,49672,13424,1.678000
157,49989,13424,1.678000
158,50306,13440,1.680000
159,50623,13408,1.676000
160,50939,13408,1.676000
161,51256,13456,1.682000
162,51573,13440,1.680000
163,51890,13456,1.682000
164,52207,13472,1.684000
165,52524,13456,1.682000
166,52840,13440,1.680000
167,53157,13424,1.678000
168,53474,13408,1.676000
169,53791,13424,1.678000
170,54108,13424,1.678000
171,54425,13488,1.686000
172,54741,13408,1.676000
173,55059,13456,1.682000
174,55376,13392,1.674000
175,55692,13392,1.674000
176,56009,13392,1.674000
177,56326,13360,1.670000
178,56643,13424,1.678000
179,56960,13360,1.670000
180,57277,13376,1.672000
181,57593,13392,1.674000
182,57910,13360,1.670000
183,58227,13392,1.674000
184,58544,13440,1.680000
185,58861,13360,1.670000
186,59178,13376,1.672000
187,59495,13360,1.670000
188,59811,13344,1.668000
189,60128,13312,1.664000
190,60446,13408,1.676000
191,60762,13328,1.666000
192,61079,13344,1.668000
193,61395,13376,1.672000
194,61713,13424,1.678000
195,62029,13424,1.678000
196,62346,13376,1.672000
197,62663,13312,1.664000
198,62980,13360,1.670000
199,63297,13360,1.670000
200,63614,13376,1.672000
201,63930,13472,1.684000
202,64247,13424,1.678000
203,64564,13440,1.680000
204,64882,13424,1.678000
205,65198,13440,1.680000
206,65515,13392,1.674000
207,65832,13456,1.682000
208,66149,13472,1.684000
209,66466,13456,1.682000
210,66782,13440,1.680000
211,67099,13504,1.688000
212,67416,13376,1.672000
213,67733,13408,1.676000
214,68050,13456,1.682000
215,68367,13440,1.680000
216,68685,13440,1.680000
217,69000,13408,1.676000
218,69317,13424,1.678000
219,69634,13456,1.682000
220,69950,13440,1.680000
221,70268,13408,1.676000
222,70585,13424,1.678000
223,70901,13360,1.670000
224,71218,13440,1.680000
225,71535,13440,1.680000
226,71852,13408,1.676000
227,72169,13312,1.664000
228,72486,13328,1.666000
229,72803,13344,1.668000
230,73119,13360,1.670000
231,73436,13360,1.670000
232,73753,13344,1.668000
233,74070,13344,1.668000
234,74387,13344,1.668000
235,74704,13376,1.672000
236,75021,13360,1.670000
237,75337,13344,1.668000
238,75655,13376,1.672000
239,75971,13392,1.674000
240,76288,13344,1.668000
241,76605,13344,1.668000
242,76922,13328,1.666000
243,77239,13344,1.668000
244,77556,13312,1.664000
245,77872,13344,1.668000
246,78189,13376,1.672000
247,78506,13344,1.668000
248,78822,13344,1.668000
249,79140,13408,1.676000
250,79457,13360,1.670000
251,79774,13344,1.668000
252,80090,13392,1.674000
253,80407,13456,1.682000
254,80724,13440,1.680000
255,81040,13472,1.684000
256,81357,13440,1.680000
257,81675,13440,1.680000
258,81991,13488,1.686000
259,82308,13440,1.680000
260,82625,13440,1.680000
261,82943,13440,1.680000
262,83259,13424,1.678000
263,83576,13456,1.682000
264,83893,13424,1.678000
265,84210,13424,1.678000
266,84526,13488,1.686000
267,84844,13424,1.678000
268,85160,13408,1.676000
269,85477,13424,1.678000
270,85794,13456,1.682000
271,86111,13456,1.682000
272,86428,13408,1.676000
273,86744,13408,1.676000
274,87062,13440,1.680000
275,87379,13488,1.686000
276,87695,13440,1.680000
277,88012,13456,1.682000
278,88329,13456,1.682000
279,88645,13424,1.678000
280,88963,13312,1.664000
281,89280,13376,1.672000
282,89596,13344,1.668000
283,89913,13376,1.672000
284,90229,13424,1.678000
285,90547,13280,1.660000
286,90864,13360,1.670000
287,91180,13360,1.670000
288,91497,13360,1.670000
289,91814,13408,1.676000
290,92131,13328,1.666000
291,92448,13360,1.670000
292,92765,13392,1.674000
293,93081,13408,1.676000
294,93399,13440,1.680000
295,93715,13392,1.674000
296,94033,13344,1.668000
297,94350,13344,1.668000
298,94666,13344,1.668000
299,94983,13376,1.672000
300,95300,13312,1.664000
301,95617,13344,1.668000
302,95934,13360,1.670000
303,96251,13280,1.660000
304,96567,13328,1.666000
305,96884,13424,1.678000
306,97201,13360,1.670000
307,97518,13440,1.680000
308,97835,13440,1.680000
309,98152,13424,1.678000
310,98468,13408,1.676000
311,98785,13424,1.678000
312,99102,13424,1.678000
313,99419,13424,1.678000
314,99736,13408,1.676000
315,100052,13392,1.674000
316,100369,13440,1.680000
317,100687,13440,1.680000
318,101003,13392,1.674000
319,101320,13248,1.656000
320,101637,13424,1.678000
321,101953,13392,1.674000
322,102270,13424,1.678000
323,102588,13376,1.672000
324,102905,13424,1.678000
325,103221,13312,1.664000
326,103538,13504,1.688000
327,103855,13488,1.686000
328,104171,13424,1.678000
329,104489,13376,1.672000
330,104805,13456,1.682000
331,105122,13488,1.686000
332,105439,13584,1.698000
333,105756,13328,1.666000
334,106073,13360,1.670000
335,106390,13344,1.668000
336,106707,13328,1.666000
337,107024,13392,1.674000
338,107341,13648,1.706000
339,107657,13360,1.670000
340,107974,13376,1.672000
341,108291,13392,1.674000
342,108608,13344,1.668000
343,108925,13376,1.672000
344,109242,13360,1.670000
345,109558,13376,1.672000
346,109875,13328,1.666000
347,110192,13360,1.670000
348,110509,13360,1.670000
349,110826,13360,1.670000
350,111143,13344,1.668000
351,111460,13360,1.670000
352,111776,13344,1.668000
353,112094,13312,1.664000
354,112410,13344,1.668000
355,112727,13440,1.680000
356,113044,13360,1.670000
357,113361,13376,1.672000
358,113678,13392,1.674000
359,113994,13472,1.684000
360,114311,13488,1.686000
361,114628,13408,1.676000
362,114945,13440,1.680000
363,115262,13504,1.688000
364,115579,13424,1.678000
365,115896,13440,1.680000
366,116213,13456,1.682000
367,116530,13408,1.676000
368,116846,13456,1.682000
369,117163,13440,1.680000
370,117480,13408,1.676000
371,117797,13376,1.672000
372,118114,13424,1.678000
373,118431,13440,1.680000
374,118747,13408,1.676000
375,119064,13488,1.686000
376,119381,13424,1.678000
377,119698,13472,1.684000
378,120015,13424,1.678000
379,120332,13440,1.680000
380,120648,13456,1.682000
381,120966,13392,1.674000
382,121282,13408,1.676000
383,121599,13424,1.678000
384,121916,13456,1.682000
385,122233,13392,1.674000
386,122550,13344,1.668000
387,122866,13344,1.668000
388,123184,13088,1.636000
389,123501,13344,1.668000
390,123817,13376,1.672000
391,124134,13344,1.668000
392,124451,13360,1.670000
393,124768,13376,1.672000
394,125085,13184,1.648000
395,125402,13408,1.676000
396,125719,13344,1.668000
397,126035,13392,1.674000
398,126352,13360,1.670000
399,126669,13328,1.666000
400,126986,13296,1.662000
401,127303,13392,1.674000
402,127619,13424,1.678000
403,127937,13328,1.666000
404,128254,13360,1.670000
405,128570,13328,1.666000
406,128887,13408,1.676000
407,129204,13456,1.682000
408,129521,13392,1.674000
409,129838,13456,1.682000
410,130154,13360,1.670000
411,130471,13392,1.674000
412,130788,13472,1.684000
413,131105,13456,1.682000
414,131422,13408,1.676000
415,131739,13472,1.684000
416,132055,13520,1.690000
417,132373,13376,1.672000
418,132689,13440,1.680000
419,133007,13472,1.684000
420,133323,13472,1.684000
421,133640,13424,1.678000
422,133957,13392,1.674000
423,134274,13440,1.680000
424,134590,13440,1.680000
425,134907,13472,1.684000
426,135224,13440,1.680000
427,135541,13440,1.680000
428,135858,13408,1.676000
429,136175,13424,1.678000
430,136492,13408,1.676000
431,136809,13408,1.676000
432,137125,13424,1.678000
433,137442,13376,1.672000
434,137759,13408,1.676000
435,138076,13488,1.686000
436,138393,13408,1.676000
437,138710,13456,1.682000
438,139026,13376,1.672000
439,139343,13392,1.674000
440,139660,13376,1.672000
441,139977,13408,1.676000
442,140294,13424,1.678000
443,140611,13360,1.670000
444,140928,13360,1.670000
445,141245,13376,1.672000
446,141561,13392,1.674000
447,141879,13344,1.668000
448,142195,13376,1.672000
449,142512,13360,1.670000
450,142829,13376,1.672000
451,143145,13360,1.670000
452,143463,13392,1.674000
453,143779,13440,1.680000
454,144096,13392,1.674000
455,144413,13376,1.672000
456,144730,13376,1.672000
457,145047,13344,1.668000
458,145364,13392,1.674000
459,145685,13296,1.662000
460,145998,13312,1.664000
461,146315,13344,1.668000
462,146631,13392,1.674000
463,146948,13344,1.668000
464,147265,13440,1.680000
465,147582,13456,1.682000
466,147899,13408,1.676000
467,148216,13424,1.678000
468,148532,13408,1.676000
469,148849,13424,1.678000
470,149166,13456,1.682000
471,149483,13456,1.682000
472,149800,13488,1.686000
473,150117,13456,1.682000
474,150433,13440,1.680000
475,150750,13440,1.680000
476,151067,13424,1.678000
477,151384,13408,1.676000
478,151701,13408,1.676000
479,152018,13440,1.680000
480,152335,13520,1.690000
481,152651,13488,1.686000
482,152969,13408,1.676000
483,153285,13408,1.676000
484,153602,13472,1.684000
485,153919,13440,1.680000
486,154236,13456,1.682000
487,154553,13424,1.678000
488,154869,13472,1.684000
489,155187,13408,1.676000
490,155503,13360,1.670000
491,155820,13392,1.674000
492,156136,13360,1.670000
493,156454,13360,1.670000
494,156771,13312,1.664000
495,157088,13392,1.674000
496,157404,13328,1.666000
497,157721,13440,1.680000
498,158038,13376,1.672000
499,158355,13344,1.668000
500,158672,13344,1.668000
501,158989,13376,1.672000
502,159306,13392,1.674000
503,159623,13456,1.682000
504,159940,13424,1.678000
505,160256,13360,1.670000
506,160573,13376,1.672000
507,160890,13344,1.668000
508,161207,13280,1.660000
509,161524,13376,1.672000
510,161840,13328,1.666000
511,162157,13376,1.672000
512,162475,13360,1.670000
513,162791,13328,1.666000
514,163108,13328,1.666000
515,163424,13360,1.670000
516,163742,13424,1.678000
517,164059,13440,1.680000
518,164376,13376,1.672000
519,164692,13408,1.676000
520,165009,13424,1.678000
521,165326,13424,1.678000
522,165643,13408,1.676000
523,165960,13440,1.680000
524,166277,13456,1.682000
525,166594,13440,1.680000
526,166910,13456,1.682000
527,167227,13424,1.678000
528,167544,13456,1.682000
529,167861,13456,1.682000
530,168178,13456,1.682000
531,168495,13456,1.682000
532,168812,13456,1.682000
533,169128,13440,1.680000
534,169445,13424,1.678000
535,169762,13360,1.670000
536,170079,13456,1.682000
537,170396,13424,1.678000
538,170713,13472,1.684000
539,171029,13456,1.682000
540,171346,13456,1.682000
541,171663,13440,1.680000
542,171980,13408,1.676000
543,172297,13408,1.676000
544,172614,13360,1.670000
545,172931,13392,1.674000
546,173248,13408,1.676000
547,173564,13408,1.676000
548,173881,13328,1.666000
549,174198,13344,1.668000
550,174515,13392,1.674000
551,174832,13392,1.674000
552,175149,13312,1.664000
553,175465,13408,1.676000
554,175782,13392,1.674000
555,176099,13376,1.672000
556,176416,13360,1.670000
557,176733,13360,1.670000
558,177050,13328,1.666000
559,177367,13360,1.670000
560,177686,13360,1.670000
561,178000,13392,1.674000
562,178317,13392,1.674000
563,178634,13360,1.670000
564,178950,13344,1.668000
565,179268,13344,1.668000
566,179585,13376,1.672000
567,179901,13360,1.670000
568,180219,13376,1.672000
569,180535,13504,1.688000
570,180852,13456,1.682000
571,181169,13408,1.676000
572,181486,13440,1.680000
573,181803,13456,1.682000
574,182120,13456,1.682000
575,182437,13424,1.678000
576,182753,13456,1.682000
577,183070,13424,1.678000
578,183387,13472,1.684000
579,183704,13472,1.684000
580,184021,13424,1.678000
581,184338,13456,1.682000
582,184654,13424,1.678000
583,184972,13424,1.678000
584,185288,13440,1.680000
585,185605,13472,1.684000
586,185922,13472,1.684000
587,186239,13408,1.676000
588,186556,13440,1.680000
589,186872,13440,1.680000
590,187189,13440,1.680000
591,187506,13472,1.684000
592,187823,13440,1.680000
593,188140,13440,1.680000
594,188457,13424,1.678000
595,188774,13408,1.676000
596,189090,13392,1.674000
597,189408,13360,1.670000
598,189724,13424,1.678000
599,190040,13360,1.670000
600,190358,13392,1.674000
601,190675,13376,1.672000
602,190991,13328,1.666000
603,191308,13360,1.670000
604,191625,13168,1.646000
605,191942,13360,1.670000
606,192259,13360,1.670000
607,192576,13392,1.674000
608,192892,13376,1.672000
609,193210,13344,1.668000
610,193526,13344,1.668000
611,193844,13344,1.668000
612,194160,13344,1.668000
613,194477,13216,1.652000
614,194794,13360,1.670000
615,195111,13376,1.672000
616,195428,13296,1.662000
617,195745,13376,1.672000
618,196061,13392,1.674000
619,196379,13200,1.650000
620,196695,13360,1.670000
621,197012,13392,1.674000
622,197328,13408,1.676000
623,197646,13440,1.680000
624,197963,13456,1.682000
625,198279,13440,1.680000
626,198597,13296,1.662000
627,198913,13472,1.684000
628,199230,13424,1.678000
629,199547,13456,1.682000
630,199863,13424,1.678000
631,200181,13456,1.682000
632,200497,13584,1.698000
633,200814,13440,1.680000
634,201131,13424,1.678000
635,201448,13440,1.680000
636,201765,13456,1.682000
637,202082,13408,1.676000
638,202399,13472,1.684000
639,202716,13424,1.678000
640,203032,13456,1.682000
641,203349,13376,1.672000
642,203666,13408,1.676000
643,203983,13472,1.684000
644,204300,13472,1.684000
645,204617,13440,1.680000
646,204934,13488,1.686000
647,205251,13408,1.676000
648,205567,13328,1.666000
649,205884,13344,1.668000
650,206201,13344,1.668000
651,206518,13360,1.670000
652,206835,13408,1.676000
653,207152,13392,1.674000
654,207468,13360,1.670000
655,207785,13344,1.668000
656,208102,13312,1.664000
657,208419,13312,1.664000
658,208736,13344,1.668000
659,209053,13392,1.674000
660,209370,13392,1.674000
661,209687,13408,1.676000
662,210004,13392,1.674000
663,210321,13344,1.668000
664,210637,13392,1.674000
665,210954,13312,1.664000
666,211271,13344,1.668000
667,211588,13408,1.676000
668,211904,13360,1.670000
669,212221,13232,1.654000
670,212538,13344,1.668000
671,212855,13392,1.674000
672,213171,13312,1.664000
673,213489,13360,1.670000
674,213806,13408,1.676000
675,214122,13344,1.668000
676,214440,13440,1.680000
677,214756,13456,1.682000
678,215073,13472,1.684000
679,215389,13408,1.676000
680,215707,13424,1.678000
681,216024,13456,1.682000
682,216341,13456,1.682000
683,216657,13392,1.674000
684,216975,13344,1.668000
685,217291,13408,1.676000
686,217608,13472,1.684000
687,217925,13408,1.676000
688,218242,13408,1.676000
689,218558,13472,1.684000
690,218875,13504,1.688000
691,219192,13408,1.676000
692,219509,13392,1.674000
693,219826,13424,1.678000
694,220143,13456,1.682000
695,220460,13440,1.680000
696,220777,13424,1.678000
697,221093,13440,1.680000
698,221410,13408,1.676000
699,221727,13440,1.680000
700,222044,13392,1.674000
701,222361,13344,1.668000
702,222678,13392,1.674000
703,222995,13376,1.672000
704,223312,13328,1.666000
705,223628,13408,1.676000
706,223945,13392,1.674000
707,224262,13376,1.672000
708,224579,13376,1.672000
709,224896,13376,1.672000
710,225213,13376,1.672000
711,225530,13408,1.676000
712,225846,13344,1.668000
713,226163,13360,1.670000
714,226480,13344,1.668000
715,226797,13328,1.666000
716,227114,13360,1.670000
717,227431,13344,1.668000
718,227747,13360,1.670000
719,228065,13392,1.674000
720,228382,13344,1.668000
721,228698,13408,1.676000
722,229015,13392,1.674000
723,229332,13312,1.664000
724,229649,13392,1.674000
725,229965,13344,1.668000
726,230282,13344,1.668000
727,230599,13456,1.682000
728,230916,13424,1.678000
729,231233,13440,1.680000
730,231550,13456,1.682000
731,231867,13424,1.678000
732,232183,13408,1.676000
733,232501,13472,1.684000
734,232817,13472,1.684000
735,233134,13488,1.686000
736,233451,13424,1.678000
737,233768,13424,1.678000
738,234085,13472,1.684000
739,234402,13472,1.684000
740,234718,13392,1.674000
741,235035,13440,1.680000
742,235352,13424,1.678000
743,235669,13392,1.674000
744,235986,13440,1.680000
745,236303,13488,1.686000
746,236620,13456,1.682000
747,236937,13424,1.678000
748,237254,13408,1.676000
749,237570,13456,1.682000
750,237887,13424,1.678000
751,238204,13440,1.680000
752,238521,13424,1.678000
753,238838,13424,1.678000
754,239154,13328,1.666000
755,239471,13360,1.670000
756,239788,13360,1.670000
757,240105,13392,1.674000
758,240422,13376,1.672000
759,240739,13360,1.670000
760,241056,13344,1.668000
761,241373,13344,1.668000
762,241689,13360,1.670000
763,242006,13328,1.666000
764,242323,13392,1.674000
765,242640,13328,1.666000
766,242957,13344,1.668000
767,243274,13328,1.666000
768,243591,13328,1.666000
769,243908,13376,1.672000
770,244225,13440,1.680000
771,244541,13312,1.664000
772,244858,13312,1.664000
773,245175,13376,1.672000
774,245492,13344,1.668000
775,245809,13360,1.670000
776,246125,13408,1.676000
777,246442,13344,1.668000
778,246760,13312,1.664000
779,247076,13392,1.674000
780,247393,13440,1.680000
781,247710,13472,1.684000
782,248027,13456,1.682000
783,248344,13440,1.680000
784,248660,13440,1.680000
785,248977,13392,1.674000
786,249294,13488,1.686000
787,249611,13408,1.676000
788,249928,13472,1.684000
789,250245,13456,1.682000
790,250561,13472,1.684000
791,250879,13392,1.674000
792,251195,13408,1.676000
793,251512,13440,1.680000
794,251829,13456,1.682000
795,252146,13424,1.678000
796,252463,13440,1.680000
797,252780,13456,1.682000
798,253096,13456,1.682000
799,253413,13472,1.684000
800,253730,13472,1.684000
801,254047,13424,1.678000
802,254364,13472,1.684000
803,254685,13472,1.684000
804,254998,13424,1.678000
805,255315,13392,1.674000
806,255631,13376,1.672000
807,255948,13408,1.676000
808,256264,13344,1.668000
809,256582,13344,1.668000
810,256899,13328,1.666000
811,257216,13328,1.666000
812,257533,13424,1.678000
813,257849,13344,1.668000
814,258167,13328,1.666000
815,258483,13344,1.668000
816,258800,13296,1.662000
817,259117,13328,1.666000
818,259434,13376,1.672000
819,259750,13328,1.666000
820,260067,13360,1.670000
821,260385,13376,1.672000
822,260701,13280,1.660000
823,261018,13424,1.678000
824,261335,13344,1.668000
825,261652,13328,1.666000
826,261968,13344,1.668000
827,262285,13360,1.670000
828,262602,13376,1.672000
829,262919,13424,1.678000
830,263236,13360,1.670000
831,263553,13360,1.670000
832,263870,13504,1.688000
833,264187,13520,1.690000
834,264503,13456,1.682000
835,264820,13440,1.680000
836,265136,13424,1.678000
837,265454,13440,1.680000
838,265771,13472,1.684000
839,266087,13392,1.674000
840,266404,13408,1.676000
841,266721,13424,1.678000
842,267039,13472,1.684000
843,267355,13424,1.678000
844,267672,13376,1.672000
845,267989,13472,1.684000
846,268306,13456,1.682000
847,268623,13440,1.680000
848,268940,13488,1.686000
849,269256,13456,1.682000
850,269573,13456,1.682000
851,269890,13472,1.684000
852,270206,13456,1.682000
853,270524,13392,1.674000
854,270840,13472,1.684000
855,271157,13408,1.676000
856,271474,13472,1.684000
857,271791,13456,1.682000
858,272108,13424,1.678000
859,272425,13392,1.674000
860,272742,13392,1.674000
861,273059,13344,1.668000
862,273376,13376,1.672000
863,273692,13328,1.666000
864,274009,13344,1.668000
865,274326,13392,1.674000
866,274642,13392,1.674000
867,274960,13344,1.668000
868,275277,13344,1.668000
869,275594,13360,1.670000
870,275910,13456,1.682000
871,276227,13376,1.672000
872,276544,13216,1.652000
873,276861,13376,1.672000
874,277178,13360,1.670000
875,277495,13376,1.672000
876,277812,13344,1.668000
877,278128,13440,1.680000
878,278445,13312,1.664000
879,278762,13360,1.670000
880,279079,13424,1.678000
881,279396,13376,1.672000
882,279713,13312,1.664000
883,280029,13360,1.670000
884,280346,13440,1.680000
885,280663,13664,1.708000
886,280980,13424,1.678000
887,281297,13168,1.646000
888,281614,13424,1.678000
889,281930,13408,1.676000
890,282247,13456,1.682000
891,282564,13456,1.682000
892,282881,13728,1.716000
893,283198,13424,1.678000
894,283515,13312,1.664000
895,283832,13424,1.678000
896,284149,13376,1.672000
897,284466,13408,1.676000
898,284782,13520,1.690000
899,285099,13440,1.680000
900,285417,13568,1.696000
901,285733,13456,1.682000
902,286050,13472,1.684000
903,286367,13408,1.676000
904,286686,13488,1.686000
905,287001,13488,1.686000
906,287317,13440,1.680000
907,287634,13504,1.688000
908,287951,13424,1.678000
909,288268,13424,1.678000
910,288584,13456,1.682000
911,288902,13280,1.660000
912,289219,13360,1.670000
913,289535,13248,1.656000
914,289852,13392,1.674000
915,290169,13408,1.676000
916,290486,13360,1.670000
917,290803,13344,1.668000
918,291119,13296,1.662000
919,291437,13360,1.670000
920,291753,13344,1.668000
921,292070,13360,1.670000
922,292387,13392,1.674000
923,292704,13424,1.678000
924,293021,13376,1.672000
925,293338,13376,1.672000
926,293655,13360,1.670000
927,293971,13408,1.676000
928,294288,13408,1.676000
929,294605,13376,1.672000
930,294922,13328,1.666000
931,295239,13344,1.668000
932,295556,13344,1.668000
933,295872,13392,1.674000
934,296190,13328,1.666000
935,296506,13360,1.670000
936,296823,13312,1.664000
937,297139,13408,1.676000
938,297457,13456,1.682000
939,297774,13472,1.684000
940,298090,13440,1.680000
941,298408,13456,1.682000
942,298724,13392,1.674000
943,299041,13472,1.684000
944,299358,13456,1.682000
945,299674,13408,1.676000
946,299992,13392,1.674000
947,300309,13472,1.684000
948,300625,13440,1.680000
949,300942,13424,1.678000
950,301259,13280,1.660000
951,301576,13440,1.680000
952,301893,13424,1.678000
953,302210,13456,1.682000
954,302527,13456,1.682000
955,302843,13456,1.682000
956,303160,13440,1.680000
957,303477,13456,1.682000
958,303794,13392,1.674000
959,304111,13488,1.686000
960,304428,13408,1.676000
961,304745,13456,1.682000
962,305061,13424,1.678000
963,305378,13408,1.676000
964,305695,13472,1.684000
965,306012,13312,1.664000
966,306328,13392,1.674000
967,306646,13392,1.674000
968,306963,13456,1.682000
969,307279,13456,1.682000
970,307596,13344,1.668000
971,307914,13376,1.672000
972,308230,13344,1.668000
973,308547,13360,1.670000
974,308864,13392,1.674000
975,309181,13456,1.682000
976,309497,13472,1.684000
977,309815,13344,1.668000
978,310131,13328,1.666000
979,310448,13344,1.668000
980,310764,13392,1.674000
981,311082,13376,1.672000
982,311399,13392,1.674000
983,311716,13392,1.674000
984,312032,13344,1.668000
985,312349,13360,1.670000
986,312666,13312,1.664000
987,312983,13376,1.672000
988,313300,13392,1.674000
989,313617,13360,1.670000
990,313934,13440,1.680000
991,314251,13504,1.688000
992,314567,13456,1.682000
993,314884,13408,1.676000
994,315201,13440,1.680000
995,315518,13440,1.680000
996,315835,13440,1.680000
997,316152,13424,1.678000
998,316468,13472,1.684000
999,316785,13424,1.678000
1000,317102,13408,1.676000
1001,317419,13456,1.682000
1002,317736,13456,1.682000
1003,318053,13424,1.678000
1004,318370,13424,1.678000
1005,318686,13488,1.686000
1006,319003,13472,1.684000
1007,319320,13424,1.678000
1008,319637,13424,1.678000
1009,319954,13408,1.676000
1010,320271,13440,1.680000
1011,320588,13440,1.680000
1012,320904,13424,1.678000
1013,321221,13472,1.684000
1014,321538,13424,1.678000
1015,321855,13440,1.680000
1016,322172,13344,1.668000
1017,322488,13344,1.668000
1018,322806,13344,1.668000
1019,323123,13392,1.674000
1020,323439,13344,1.668000
1021,323756,13376,1.672000
1022,324073,13360,1.670000
1023,324390,13360,1.670000
1024,324707,13344,1.668000
1025,325024,13376,1.672000
1026,325341,13360,1.670000
1027,325658,13360,1.670000
1028,325974,13408,1.676000
1029,326291,13360,1.670000
1030,326608,13328,1.666000
1031,326925,13360,1.670000
1032,327242,13376,1.672000
1033,327559,13344,1.668000
1034,327875,13376,1.672000
1035,328192,13392,1.674000
1036,328509,13376,1.672000
1037,328826,13360,1.670000
1038,329143,13392,1.674000
1039,329460,13392,1.674000
1040,329776,13344,1.668000
1041,330093,13376,1.672000
1042,330410,13408,1.676000
1043,330727,13408,1.676000
1044,331044,13392,1.674000
1045,331361,13408,1.676000
1046,331678,13504,1.688000
1047,331994,13472,1.684000
1048,332312,13472,1.684000
1049,332628,13440,1.680000
1050,332945,13472,1.684000
1051,333262,13440,1.680000
1052,333579,13424,1.678000
1053,333896,13424,1.678000
1054,334212,13424,1.678000
1055,334530,13472,1.684000
1056,334846,13456,1.682000
1057,335163,13456,1.682000
1058,335480,13440,1.680000
1059,335797,13488,1.686000
1060,336114,13376,1.672000
1061,336431,13408,1.676000
1062,336747,13488,1.686000
1063,337064,13424,1.678000
1064,337382,13408,1.676000
1065,337698,13440,1.680000
1066,338015,13520,1.690000
1067,338332,13440,1.680000
1068,338649,13456,1.682000
1069,338965,13376,1.672000
1070,339282,13344,1.668000
1071,339599,13392,1.674000
1072,339916,13360,1.670000
1073,340233,13456,1.682000
1074,340550,13360,1.670000
1075,340866,13360,1.670000
1076,341184,13360,1.670000
1077,341501,13376,1.672000
1078,341817,13360,1.670000
1079,342134,13344,1.668000
1080,342451,13376,1.672000
1081,342768,13312,1.664000
1082,343085,13360,1.670000
1083,343402,13408,1.676000
1084,343718,13408,1.676000
1085,344035,13360,1.670000
1086,344352,13408,1.676000
1087,344669,13392,1.674000
1088,344986,13344,1.668000
1089,345303,13360,1.670000
1090,345620,13392,1.674000
1091,345937,13360,1.670000
1092,346254,13376,1.672000
1093,346570,13376,1.672000
1094,346887,13360,1.670000
1095,347204,13472,1.684000
1096,347521,13472,1.684000
1097,347837,13200,1.650000
1098,348155,13424,1.678000
1099,348472,13424,1.678000
1100,348788,13472,1.684000
1101,349105,13424,1.678000
1102,349422,13456,1.682000
1103,349739,13408,1.676000
1104,350056,13600,1.700000
1105,350373,13408,1.676000
1106,350689,13472,1.684000
1107,351006,13488,1.686000
1108,351323,13472,1.684000
1109,351640,13488,1.686000
1110,351956,13616,1.702000
1111,352273,13408,1.676000
1112,352591,13408,1.676000
1113,352908,13424,1.678000
1114,353224,13472,1.684000
1115,353541,13456,1.682000
1116,353858,13440,1.680000
1117,354175,13424,1.678000
1118,354492,13392,1.674000
1119,354809,13408,1.676000
1120,355126,13472,1.684000
1121,355442,13360,1.670000
1122,355760,13328,1.666000
1123,356076,13360,1.670000
1124,356393,13392,1.674000
1125,356710,13376,1.672000
1126,357026,13360,1.670000
1127,357343,13344,1.668000
1128,357660,13376,1.672000
1129,357977,13360,1.670000
1130,358294,13360,1.670000
1131,358610,13312,1.664000
1132,358928,13328,1.666000
1133,359245,13344,1.668000
1134,359562,13344,1.668000
1135,359878,13360,1.670000
1136,360196,13376,1.672000
1137,360512,13376,1.672000
1138,360829,13312,1.664000
1139,361146,13360,1.670000
1140,361463,13360,1.670000
1141,361780,13424,1.678000
1142,362096,13344,1.668000
1143,362413,13328,1.666000
1144,362731,13376,1.672000
1145,363047,13376,1.672000
1146,363364,13360,1.670000
1147,363684,13424,1.678000
1148,363998,13456,1.682000
1149,364315,13456,1.682000
1150,364631,13440,1.680000
1151,364948,13424,1.678000
1152,365265,13392,1.674000
1153,365582,13296,1.662000
1154,365899,13424,1.678000
1155,366216,13424,1.678000
1156,366533,13456,1.682000
1157,366850,13440,1.680000
1158,367166,13440,1.680000
1159,367483,13472,1.684000
1160,367800,13232,1.654000
1161,368117,13456,1.682000
1162,368433,13360,1.670000
1163,368751,13472,1.684000
1164,369067,13440,1.680000
1165,369384,13456,1.682000
1166,369701,13312,1.664000
1167,370017,13408,1.676000
1168,370335,13392,1.674000
1169,370652,13488,1.686000
1170,370968,13360,1.670000
1171,371286,13440,1.680000
1172,371602,13456,1.682000
1173,371920,13600,1.700000
1174,372236,13376,1.672000
1175,372553,13440,1.680000
1176,372870,13360,1.670000
1177,373187,13344,1.668000
1178,373504,13312,1.664000
1179,373820,13328,1.666000
1180,374137,13360,1.670000
1181,374454,13472,1.684000
1182,374771,13360,1.670000
1183,375088,13360,1.670000
1184,375405,13392,1.674000
1185,375721,13328,1.666000
1186,376038,13360,1.670000
1187,376355,13376,1.672000
1188,376672,13392,1.674000
1189,376989,13360,1.670000
1190,377306,13344,1.668000
1191,377623,13392,1.674000
1192,377940,13360,1.670000
1193,378257,13408,1.676000
1194,378573,13296,1.662000
1195,378891,13360,1.670000
1196,379207,13392,1.674000
1197,379524,13344,1.668000
1198,379841,13360,1.670000
1199,380157,13408,1.676000
1200,380475,13440,1.680000
1201,380791,13472,1.684000
1202,381108,13392,1.674000
1203,381424,13424,1.678000
1204,381742,13456,1.682000
1205,382059,13472,1.684000
1206,382376,13472,1.684000
1207,382692,13440,1.680000
1208,383010,13504,1.688000
1209,383326,13424,1.678000
1210,383643,13408,1.676000
1211,383960,13408,1.676000
1212,384277,13472,1.684000
1213,384594,13440,1.680000
1214,384910,13424,1.678000
1215,385227,13440,1.680000
1216,385544,13424,1.678000
1217,385861,13440,1.680000
1218,386178,13456,1.682000
1219,386495,13440,1.680000
1220,386811,13456,1.682000
1221,387129,13456,1.682000
1222,387445,13424,1.678000
1223,387762,13504,1.688000
1224,388079,13408,1.676000
1225,388396,13408,1.676000
1226,388713,13392,1.674000
1227,389030,13376,1.672000
1228,389347,13392,1.674000
1229,389663,13392,1.674000
1230,389980,13376,1.672000
1231,390297,13392,1.674000
1232,390614,13376,1.672000
1233,390931,13360,1.670000
1234,391247,13360,1.670000
1235,391565,13392,1.674000
1236,391881,13392,1.674000
1237,392198,13360,1.670000
1238,392515,13424,1.678000
1239,392832,13408,1.676000
1240,393149,13344,1.668000
1241,393466,13344,1.668000
1242,393782,13376,1.672000
1243,394100,13392,1.674000
1244,394416,13328,1.666000
1245,394733,13344,1.668000
1246,395050,13392,1.674000
1247,395367,13376,1.672000
1248,395686,13360,1.670000
1249,396001,13392,1.674000
1250,396318,13392,1.674000
1251,396634,13376,1.672000
1252,396952,13360,1.670000
1253,397269,13504,1.688000
1254,397585,13424,1.678000
1255,397902,13504,1.688000
1256,398219,13488,1.686000
1257,398535,13408,1.676000
1258,398852,13424,1.678000
1259,399169,13488,1.686000
1260,399486,13424,1.678000
1261,399802,13440,1.680000
1262,400120,13424,1.678000
1263,400437,13424,1.678000
1264,400753,13424,1.678000
1265,401071,13520,1.690000
1266,401388,13456,1.682000
1267,401704,13456,1.682000
1268,402021,13472,1.684000
1269,402338,13456,1.682000
1270,402655,13408,1.676000
1271,402971,13472,1.684000
1272,403288,13376,1.672000
1273,403605,13408,1.676000
1274,403922,13456,1.682000
1275,404239,13392,1.674000
1276,404556,13408,1.676000
1277,404873,13440,1.680000
1278,405190,13424,1.678000
1279,405506,13312,1.664000
1280,405824,13360,1.670000
1281,406140,13344,1.668000
1282,406457,13376,1.672000
1283,406774,13408,1.676000
1284,407090,13344,1.668000
1285,407407,13408,1.676000
1286,407725,13360,1.670000
1287,408041,13360,1.670000
1288,408358,13440,1.680000
1289,408675,13408,1.676000
1290,408992,13360,1.670000
1291,409309,13440,1.680000
1292,409626,13392,1.674000
1293,409942,13360,1.670000
1294,410259,13376,1.672000
1295,410576,13440,1.680000
1296,410893,13312,1.664000
1297,411210,13376,1.672000
1298,411526,13424,1.678000
1299,411844,13296,1.662000
1300,412160,13376,1.672000
1301,412478,13360,1.670000
1302,412794,13360,1.670000
1303,413111,13392,1.674000
1304,413427,13360,1.670000
1305,413745,13376,1.672000
1306,414062,13424,1.678000
1307,414379,13456,1.682000
1308,414695,13472,1.684000
1309,415013,13440,1.680000
1310,415329,13456,1.682000
1311,415646,13424,1.678000
1312,415963,13472,1.684000
1313,416280,13424,1.678000
1314,416597,13376,1.672000
1315,416914,13472,1.684000
1316,417231,13456,1.682000
1317,417547,13440,1.680000
1318,417864,13424,1.678000
1319,418181,13440,1.680000
1320,418498,13440,1.680000
1321,418815,13440,1.680000
1322,419131,13392,1.674000
1323,419448,13392,1.674000
1324,419765,13376,1.672000
1325,420082,13424,1.678000
1326,420399,13440,1.680000
1327,420716,13488,1.686000
1328,421032,13456,1.682000
1329,421349,13424,1.678000
1330,421666,13488,1.686000
1331,421983,13408,1.676000
1332,422300,13408,1.676000
1333,422617,13360,1.670000
1334,422933,13408,1.676000
1335,423251,13344,1.668000
1336,423568,13328,1.666000
1337,423884,13360,1.670000
1338,424202,13360,1.670000
1339,424518,13344,1.668000
1340,424835,13376,1.672000
1341,425152,13344,1.668000
1342,425469,13376,1.672000
1343,425786,13424,1.678000
1344,426102,13328,1.666000
1345,426420,13376,1.672000
1346,426736,13328,1.666000
1347,427053,13376,1.672000
1348,427370,13344,1.668000
1349,427687,13328,1.666000
1350,428004,13392,1.674000
1351,428320,13312,1.664000
1352,428637,13312,1.664000
1353,428954,13344,1.668000
1354,429271,13392,1.674000
1355,429587,13376,1.672000
1356,429905,13376,1.672000
1357,430222,13216,1.652000
1358,430539,13456,1.682000
1359,430855,13440,1.680000
1360,431173,13440,1.680000
1361,431489,13408,1.676000
1362,431806,13472,1.684000
1363,432123,13680,1.710000
1364,432440,13456,1.682000
1365,432757,13408,1.676000
1366,433074,13392,1.674000
1367,433391,13440,1.680000
1368,433707,13440,1.680000
1369,434024,13456,1.682000
1370,434341,13504,1.688000
1371,434658,13440,1.680000
1372,434975,13552,1.694000
1373,435292,13440,1.680000
1374,435608,13536,1.692000
1375,435926,13520,1.690000
1376,436243,13312,1.664000
1377,436559,13408,1.676000
1378,436876,13392,1.674000
1379,437193,13472,1.684000
1380,437510,13440,1.680000
1381,437826,13440,1.680000
1382,438143,13424,1.678000
1383,438460,13248,1.656000
1384,438777,13408,1.676000
1385,439094,13232,1.654000
1386,439411,13392,1.674000
1387,439728,13376,1.672000
1388,440044,13408,1.676000
1389,440361,13344,1.668000
1390,440678,13440,1.680000
1391,440995,13392,1.674000
1392,441312,13360,1.670000
1393,441629,13392,1.674000
1394,441945,13360,1.670000
1395,442263,13344,1.668000
1396,442579,13424,1.678000
1397,442896,13360,1.670000
1398,443213,13376,1.672000
1399,443530,13328,1.666000
1400,443847,13392,1.674000
1401,444164,13376,1.672000
1402,444480,13360,1.670000
1403,444797,13408,1.676000
1404,445115,13456,1.682000
1405,445432,13328,1.666000
1406,445748,13392,1.674000
1407,446065,13392,1.674000
1408,446382,13376,1.672000
1409,446699,13392,1.674000
1410,447015,13408,1.676000
1411,447332,13424,1.678000
1412,447649,13440,1.680000
1413,447966,13536,1.692000
1414,448283,13440,1.680000
1415,448600,13472,1.684000
1416,448917,13456,1.682000
1417,449234,13408,1.676000
1418,449550,13392,1.674000
1419,449867,13408,1.676000
1420,450184,13424,1.678000
1421,450500,13424,1.678000
1422,450818,13408,1.676000
1423,451135,13440,1.680000
1424,451451,13488,1.686000
1425,451768,13440,1.680000
1426,452085,13392,1.674000
1427,452402,13424,1.678000
1428,452719,13456,1.682000
1429,453036,13456,1.682000
1430,453352,13392,1.674000
1431,453670,13424,1.678000
1432,453986,13424,1.678000
1433,454304,13440,1.680000
1434,454620,13440,1.680000
1435,454937,13456,1.682000
1436,455254,13440,1.680000
1437,455571,13376,1.672000
1438,455888,13344,1.668000
1439,456205,13360,1.670000
1440,456521,13376,1.672000
1441,456838,13424,1.678000
1442,457155,13360,1.670000
1443,457472,13408,1.676000
1444,457789,13344,1.668000
1445,458106,13392,1.674000
1446,458422,13360,1.670000
1447,458740,13280,1.660000
1448,459056,13424,1.678000
1449,459373,13392,1.674000
1450,459690,13392,1.674000
1451,460007,13376,1.672000
1452,460324,13328,1.666000
1453,460640,13376,1.672000
1454,460957,13360,1.670000
1455,461274,13328,1.666000
1456,461591,13376,1.672000
1457,461908,13360,1.670000
1458,462225,13360,1.670000
1459,462542,13344,1.668000
1460,462858,13408,1.676000
1461,463176,13328,1.666000
1462,463492,13360,1.670000
1463,463809,13424,1.678000
1464,464126,13440,1.680000
1465,464443,13456,1.682000
1466,464760,13472,1.684000
1467,465076,13472,1.684000
1468,465393,13472,1.684000
1469,465710,13440,1.680000
1470,466027,13440,1.680000
1471,466344,13456,1.682000
1472,466661,13440,1.680000
1473,466978,13392,1.674000
1474,467295,13424,1.678000
1475,467611,13456,1.682000
1476,467929,13472,1.684000
1477,468245,13440,1.680000
1478,468563,13456,1.682000
1479,468879,13440,1.680000
1480,469196,13424,1.678000
1481,469513,13440,1.680000
1482,469830,13456,1.682000
1483,470146,13488,1.686000
1484,470463,13424,1.678000
1485,470780,13408,1.676000
1486,471097,13408,1.676000
1487,471414,13376,1.672000
1488,471730,13376,1.672000
1489,472048,13376,1.672000
1490,472364,13408,1.676000
1491,472684,13424,1.678000
1492,472998,13360,1.670000
1493,473315,13392,1.674000
1494,473632,13360,1.670000
1495,473948,13360,1.670000
1496,474265,13360,1.670000
1497,474583,13344,1.668000
1498,474899,13344,1.668000
1499,475217,13376,1.672000
1500,475533,13392,1.674000
1501,475850,13408,1.676000
1502,476166,13344,1.668000
1503,476484,13312,1.664000
1504,476800,13344,1.668000
1505,477117,13344,1.668000
1506,477434,13328,1.666000
1507,477751,13360,1.670000
1508,478068,13328,1.666000
1509,478385,13360,1.670000
1510,478701,13312,1.664000
1511,479019,13376,1.672000
1512,479336,13392,1.674000
1513,479652,13360,1.670000
1514,479969,13344,1.668000
1515,480286,13424,1.678000
1516,480603,13440,1.680000
1517,480920,13424,1.678000
1518,481237,13456,1.682000
1519,481553,13472,1.684000
1520,481870,13440,1.680000
1521,482187,13440,1.680000
1522,482504,13456,1.682000
1523,482821,13424,1.678000
1524,483138,13440,1.680000
1525,483455,13392,1.674000
1526,483772,13392,1.674000
1527,484088,13472,1.684000
1528,484405,13456,1.682000
1529,484722,13408,1.676000
1530,485039,13408,1.676000
1531,485356,13392,1.674000
1532,485672,13424,1.678000
1533,485990,13424,1.678000
1534,486306,13424,1.678000
1535,486623,13440,1.680000
1536,486940,13456,1.682000
1537,487256,13456,1.682000
1538,487574,13440,1.680000
1539,487891,13424,1.678000
1540,488208,13456,1.682000
1541,488524,13472,1.684000
1542,488841,13360,1.670000
1543,489157,13360,1.670000
1544,489475,13344,1.668000
1545,489792,13360,1.670000
1546,490108,13312,1.664000
1547,490426,13424,1.678000
1548,490742,13328,1.666000
1549,491059,13392,1.674000
1550,491376,13392,1.674000
1551,491693,13344,1.668000
1552,492010,13312,1.664000
1553,492327,13360,1.670000
1554,492643,13360,1.670000
1555,492961,13424,1.678000
1556,493277,13360,1.670000
1557,493594,13392,1.674000
1558,493911,13360,1.670000
1559,494228,13376,1.672000
1560,494545,13328,1.666000
1561,494861,13376,1.672000
1562,495178,13376,1.672000
1563,495495,13408,1.676000
1564,495812,13376,1.672000
1565,496129,13392,1.674000
1566,496446,13280,1.660000
1567,496763,13344,1.668000
1568,497079,13408,1.676000
1569,497396,13440,1.680000
1570,497713,13440,1.680000
1571,498030,13504,1.688000
1572,498347,13424,1.678000
1573,498664,13472,1.684000
1574,498981,13440,1.680000
1575,499298,13424,1.678000
1576,499614,13472,1.684000
1577,499931,13424,1.678000
1578,500248,13472,1.684000
1579,500565,13392,1.674000
1580,500882,13472,1.684000
1581,501198,13392,1.674000
1582,501516,13392,1.674000
1583,501832,13440,1.680000
1584,502150,13440,1.680000
1585,502466,13424,1.678000
1586,502783,13216,1.652000
1587,503100,13424,1.678000
1588,503417,13424,1.678000
1589,503734,13440,1.680000
1590,504050,13440,1.680000
1591,504367,13472,1.684000
1592,504685,13424,1.678000
1593,505001,13424,1.678000
1594,505318,13424,1.678000
1595,505635,13120,1.640000
1596,505951,13328,1.666000
1597,506268,13344,1.668000
1598,506585,13376,1.672000
1599,506902,13344,1.668000
1600,507219,13376,1.672000
1601,507536,13152,1.644000
1602,507853,13360,1.670000
1603,508170,13360,1.670000
1604,508487,13360,1.670000
1605,508803,13344,1.668000
1606,509120,13360,1.670000
1607,509437,13248,1.656000
1608,509754,13408,1.676000
1609,510071,13408,1.676000
1610,510388,13360,1.670000
1611,510704,13344,1.668000
1612,511022,13312,1.664000
1613,511339,13392,1.674000
1614,511655,13312,1.664000
1615,511972,13424,1.678000
1616,512289,13312,1.664000
1617,512606,13376,1.672000
1618,512922,13360,1.670000
1619,513240,13344,1.668000
1620,513556,13376,1.672000
1621,513873,13440,1.680000
1622,514190,13504,1.688000
1623,514507,13488,1.686000
1624,514824,13408,1.676000
1625,515141,13456,1.682000
1626,515458,13456,1.682000
1627,515774,13440,1.680000
1628,516091,13472,1.684000
1629,516408,13440,1.680000
1630,516725,13424,1.678000
1631,517042,13424,1.678000
1632,517359,13488,1.686000
1633,517675,13440,1.680000
1634,517992,13424,1.678000
1635,518309,13360,1.670000
1636,518626,13488,1.686000
1637,518942,13456,1.682000
1638,519259,13552,1.694000
1639,519577,13408,1.676000
1640,519894,13456,1.682000
1641,520211,13440,1.680000
1642,520527,13456,1.682000
1643,520844,13424,1.678000
1644,521161,13328,1.666000
1645,521478,13424,1.678000
1646,521795,13440,1.680000
1647,522111,13424,1.678000
1648,522428,13360,1.670000
1649,522745,13360,1.670000
1650,523062,13440,1.680000
1651,523379,13216,1.652000
1652,523696,13360,1.670000
1653,524013,13376,1.672000
1654,524330,13376,1.672000
1655,524646,13344,1.668000
1656,524963,13360,1.670000
1657,525280,13360,1.670000
1658,525597,13360,1.670000
1659,525914,13328,1.666000
1660,526231,13344,1.668000
1661,526548,13360,1.670000
1662,526865,13408,1.676000
1663,527181,13344,1.668000
1664,527498,13392,1.674000
1665,527815,13376,1.672000
1666,528132,13360,1.670000
1667,528449,13392,1.674000
1668,528765,13328,1.666000
1669,529083,13376,1.672000
1670,529399,13440,1.680000
1671,529716,13440,1.680000
1672,530033,13392,1.674000
1673,530350,13456,1.682000
1674,530667,13440,1.680000
1675,530983,13472,1.684000
1676,531301,13472,1.684000
1677,531617,13440,1.680000
1678,531934,13440,1.680000
1679,532251,13408,1.676000
1680,532568,13456,1.682000
1681,532885,13472,1.684000
1682,533202,13440,1.680000
1683,533518,13408,1.676000
1684,533836,13392,1.674000
1685,534152,13488,1.686000
1686,534469,13408,1.676000
1687,534785,13440,1.680000
1688,535103,13440,1.680000
1689,535420,13408,1.676000
1690,535737,13424,1.678000
1691,536054,13392,1.674000
1692,536370,13456,1.682000
1693,536687,13392,1.674000
1694,537004,13408,1.676000
1695,537321,13456,1.682000
1696,537638,13424,1.678000
1697,537954,13488,1.686000
1698,538271,13408,1.676000
1699,538589,13456,1.682000
1700,538905,13360,1.670000
1701,539222,13408,1.676000
1702,539539,13392,1.674000
1703,539856,13328,1.666000
1704,540173,13392,1.674000
1705,540490,13456,1.682000
1706,540806,13328,1.666000
1707,541124,13376,1.672000
1708,541440,13440,1.680000
1709,541757,13392,1.674000
1710,542074,13376,1.672000
1711,542391,13376,1.672000
1712,542707,13376,1.672000
1713,543025,13312,1.664000
1714,543342,13360,1.670000
1715,543658,13408,1.676000
1716,543975,13344,1.668000
1717,544292,13392,1.674000
1718,544609,13344,1.668000
1719,544926,13392,1.674000
1720,545243,13376,1.672000
1721,545559,13360,1.670000
1722,545876,13440,1.680000
1723,546193,13392,1.674000
1724,546510,13328,1.666000
1725,546827,13328,1.666000
1726,547144,13440,1.680000
1727,547460,13408,1.676000
1728,547777,13392,1.674000
1729,548094,13456,1.682000
1730,548411,13408,1.676000
1731,548728,13472,1.684000
1732,549045,13424,1.678000
1733,549362,13408,1.676000
1734,549679,13392,1.674000
1735,549995,13488,1.686000
1736,550312,13408,1.676000
1737,550629,13392,1.674000
1738,550946,13456,1.682000
1739,551263,13440,1.680000
1740,551580,13408,1.676000
1741,551897,13488,1.686000
1742,552213,13424,1.678000
1743,552531,13360,1.670000
1744,552847,13456,1.682000
1745,553164,13440,1.680000
1746,553481,13456,1.682000
1747,553798,13440,1.680000
1748,554115,13424,1.678000
1749,554432,13488,1.686000
1750,554748,13456,1.682000
1751,555065,13472,1.684000
1752,555382,13408,1.676000
1753,555699,13344,1.668000
1754,556016,13360,1.670000
1755,556333,13360,1.670000
1756,556649,13344,1.668000
1757,556967,13344,1.668000
1758,557284,13392,1.674000
1759,557600,13296,1.662000
1760,557917,13296,1.662000
1761,558234,13392,1.674000
1762,558550,13424,1.678000
1763,558867,13344,1.668000
1764,559185,13344,1.668000
1765,559501,13392,1.674000
1766,559818,13376,1.672000
1767,560135,13328,1.666000
1768,560451,13328,1.666000
1769,560768,13344,1.668000
1770,561086,13328,1.666000
1771,561402,13408,1.676000
1772,561719,13328,1.666000
1773,562036,13376,1.672000
1774,562353,13328,1.666000
1775,562670,13376,1.672000
1776,562987,13344,1.668000
1777,563304,13328,1.666000
1778,563620,13328,1.666000
1779,563938,13456,1.682000
1780,564254,13456,1.682000
1781,564571,13440,1.680000
1782,564888,13424,1.678000
1783,565204,13424,1.678000
1784,565522,13456,1.682000
1785,565839,13408,1.676000
1786,566155,13424,1.678000
1787,566472,13472,1.684000
1788,566789,13408,1.676000
1789,567106,13424,1.678000
1790,567423,13408,1.676000
1791,567739,13408,1.676000
1792,568057,13552,1.694000
1793,568374,13424,1.678000
1794,568690,13456,1.682000
1795,569007,13456,1.682000
1796,569324,13392,1.674000
1797,569641,13424,1.678000
1798,569958,13328,1.666000
1799,570275,13456,1.682000
1800,570591,13392,1.674000
1801,570908,13440,1.680000
1802,571225,13408,1.676000
1803,571541,13376,1.672000
1804,571859,13408,1.676000
1805,572175,13248,1.656000
1806,572493,13296,1.662000
1807,572809,13392,1.674000
1808,573126,13376,1.672000
1809,573443,13376,1.672000
1810,573760,13328,1.666000
1811,574077,13504,1.688000
1812,574394,13360,1.670000
1813,574711,13328,1.666000
1814,575027,13344,1.668000
1815,575344,13344,1.668000
1816,575661,13376,1.672000
1817,575978,13392,1.674000
1818,576295,13376,1.672000
1819,576612,13376,1.672000
1820,576928,13376,1.672000
1821,577245,13376,1.672000
1822,577562,13408,1.676000
1823,577879,13360,1.670000
1824,578196,13344,1.668000
1825,578512,13312,1.664000
1826,578830,13328,1.666000
1827,579147,13360,1.670000
1828,579463,13312,1.664000
1829,579780,13392,1.674000
1830,580097,13392,1.674000
1831,580414,13408,1.676000
1832,580731,13392,1.674000
1833,581048,13392,1.674000
1834,581365,13472,1.684000
1835,581685,13456,1.682000
1836,581999,13424,1.678000
1837,582316,13456,1.682000
1838,582632,13504,1.688000
1839,582949,13424,1.678000
1840,583266,13376,1.672000
1841,583582,13440,1.680000
1842,583899,13424,1.678000
1843,584217,13424,1.678000
1844,584533,13520,1.690000
1845,584850,13456,1.682000
1846,585167,13424,1.678000
1847,585484,13408,1.676000
1848,585801,13472,1.684000
1849,586117,13456,1.682000
1850,586435,13440,1.680000
1851,586751,13456,1.682000
1852,587068,13456,1.682000
1853,587385,13488,1.686000
1854,587701,13344,1.668000
1855,588019,13472,1.684000
1856,588336,13504,1.688000
1857,588652,13408,1.676000
1858,588969,13392,1.674000
1859,589286,13328,1.666000
1860,589603,13344,1.668000
1861,589920,13136,1.642000
1862,590237,13408,1.676000
1863,590553,13216,1.652000
1864,590871,13344,1.668000
1865,591188,13344,1.668000
1866,591505,13392,1.674000
1867,591821,13248,1.656000
1868,592138,13344,1.668000
1869,592455,13344,1.668000
1870,592771,13344,1.668000
1871,593089,13360,1.670000
1872,593405,13344,1.668000
1873,593722,13360,1.670000
1874,594040,13344,1.668000
1875,594356,13360,1.670000
1876,594673,13392,1.674000
1877,594990,13328,1.666000
1878,595307,13312,1.664000
1879,595623,13376,1.672000
1880,595941,13360,1.670000
1881,596257,13344,1.668000
1882,596574,13424,1.678000
1883,596891,13328,1.666000
1884,597208,13424,1.678000
1885,597524,13424,1.678000
1886,597841,13424,1.678000
1887,598158,13392,1.674000
1888,598475,13440,1.680000
1889,598791,13552,1.694000
1890,599109,13408,1.676000
1891,599426,13424,1.678000
1892,599743,13424,1.678000
1893,600059,13472,1.684000
1894,600376,13456,1.682000
1895,600693,13424,1.678000
1896,601010,13424,1.678000
1897,601327,13376,1.672000
1898,601644,13472,1.684000
1899,601961,13376,1.672000
1900,602278,13440,1.680000
1901,602594,13456,1.682000
1902,602911,13440,1.680000
1903,603228,13360,1.670000
1904,603545,13408,1.676000
1905,603862,13424,1.678000
1906,604179,13440,1.680000
1907,604496,13488,1.686000
1908,604812,13408,1.676000
1909,605129,13472,1.684000
1910,605446,13376,1.672000
1911,605763,13360,1.670000
1912,606079,13360,1.670000
1913,606397,13312,1.664000
1914,606714,13376,1.672000
1915,607030,13376,1.672000
1916,607347,13328,1.666000
1917,607664,13376,1.672000
1918,607981,13360,1.670000
1919,608298,13360,1.670000
1920,608615,13360,1.670000
1921,608931,13344,1.668000
1922,609248,13360,1.670000
1923,609565,13328,1.666000
1924,609882,13360,1.670000
1925,610199,13376,1.672000
1926,610516,13344,1.668000
1927,610833,13376,1.672000
1928,611150,13328,1.666000
1929,611467,13408,1.676000
1930,611783,13296,1.662000
1931,612100,13344,1.668000
1932,612417,13408,1.676000
1933,612734,13360,1.670000
1934,613051,13376,1.672000
1935,613368,13376,1.672000
1936,613686,13424,1.678000
1937,614001,13424,1.678000
1938,614319,13456,1.682000
1939,614635,13456,1.682000
1940,614952,13424,1.678000
1941,615269,13408,1.676000
1942,615586,13408,1.676000
1943,615902,13472,1.684000
1944,616220,13408,1.676000
1945,616536,13424,1.678000
1946,616853,13456,1.682000
1947,617170,13504,1.688000
1948,617487,13456,1.682000
1949,617803,13440,1.680000
1950,618121,13392,1.674000
1951,618437,13424,1.678000
1952,618754,13408,1.676000
1953,619071,13440,1.680000
1954,619388,13456,1.682000
1955,619705,13408,1.676000
1956,620022,13456,1.682000
1957,620338,13424,1.678000
1958,620656,13424,1.678000
1959,620972,13392,1.674000
1960,621289,13472,1.684000
1961,621606,13456,1.682000
1962,621923,13472,1.684000
1963,622239,13344,1.668000
1964,622557,13392,1.674000
1965,622873,13360,1.670000
1966,623190,13360,1.670000
1967,623507,13408,1.676000
1968,623824,13376,1.672000
1969,624141,13344,1.668000
1970,624458,13344,1.668000
1971,624775,13312,1.664000
1972,625091,13360,1.670000
1973,625408,13376,1.672000
1974,625726,13392,1.674000
1975,626042,13312,1.664000
1976,626359,13360,1.670000
1977,626676,13376,1.672000
1978,626993,13408,1.676000
1979,627310,13344,1.668000
1980,627627,13392,1.674000
1981,627943,13376,1.672000
1982,628260,13344,1.668000
1983,628577,13392,1.674000
1984,628894,13360,1.670000
1985,629210,13392,1.674000
1986,629528,13344,1.668000
1987,629845,13408,1.676000
1988,630161,13392,1.674000
1989,630478,13312,1.664000
1990,630795,13376,1.672000
1991,631112,13440,1.680000
1992,631429,13488,1.686000
1993,631745,13424,1.678000
1994,632063,13456,1.682000
1995,632379,13440,1.680000
1996,632696,13424,1.678000
1997,633013,13440,1.680000
1998,633330,13456,1.682000
1999,633647,13456,1.682000
2000,633964,13456,1.682000
2001,634281,13424,1.678000
2002,634597,13472,1.684000
2003,634915,13456,1.682000
2004,635231,13456,1.682000
2005,635548,13472,1.684000
2006,635865,13456,1.682000
2007,636182,13424,1.678000
2008,636499,13440,1.680000
2009,636815,13376,1.672000
2010,637132,13472,1.684000
2011,637449,13424,1.678000
2012,637766,13488,1.686000
2013,638082,13424,1.678000
2014,638400,13456,1.682000
2015,638716,13408,1.676000
2016,639034,13344,1.668000
2017,639351,13344,1.668000
2018,639667,13344,1.668000
2019,639984,13392,1.674000
2020,640301,13328,1.666000
2021,640618,13328,1.666000
2022,640934,13392,1.674000
2023,641252,13424,1.678000
2024,641568,13408,1.676000
2025,641886,13360,1.670000
2026,642201,13344,1.668000
2027,642519,13312,1.664000
2028,642836,13392,1.674000
2029,643152,13408,1.676000
2030,643470,13344,1.668000
2031,643787,13376,1.672000
2032,644103,13360,1.670000
2033,644420,13360,1.670000
2034,644736,13344,1.668000
2035,645054,13392,1.674000
2036,645371,13344,1.668000
2037,645688,13344,1.668000
2038,646004,13376,1.672000
2039,646321,13328,1.666000
2040,646638,13360,1.670000
2041,646955,13312,1.664000
2042,647272,13440,1.680000
2043,647589,13392,1.674000
2044,647905,13440,1.680000
2045,648223,13488,1.686000
2046,648539,13488,1.686000
2047,648856,13488,1.686000
2048,649173,13424,1.678000
2049,649490,13424,1.678000
2050,649807,13440,1.680000
2051,650123,13488,1.686000
2052,650441,13472,1.684000
2053,650757,13472,1.684000
2054,651074,13408,1.676000
2055,651391,13456,1.682000
2056,651708,13488,1.686000
2057,652025,13456,1.682000
2058,652341,13552,1.694000
2059,652659,13440,1.680000
2060,652975,13488,1.686000
2061,653293,13424,1.678000
2062,653609,13392,1.674000
2063,653926,13440,1.680000
2064,654243,13200,1.650000
2065,654560,13376,1.672000
2066,654876,13408,1.676000
2067,655193,13456,1.682000
2068,655510,13328,1.666000
2069,655826,13376,1.672000
2070,656144,13456,1.682000
2071,656461,13360,1.670000
2072,656777,13376,1.672000
2073,657095,13184,1.648000
2074,657411,13360,1.670000
2075,657728,13328,1.666000
2076,658044,13408,1.676000
2077,658362,13584,1.698000
2078,658679,13312,1.664000
2079,658996,13248,1.656000
2080,659313,13392,1.674000
2081,659629,13392,1.674000
2082,659946,13344,1.668000
2083,660263,13360,1.670000
2084,660579,13344,1.668000
2085,660897,13344,1.668000
2086,661213,13552,1.694000
2087,661531,13392,1.674000
2088,661847,13424,1.678000
2089,662164,13344,1.668000
2090,662481,13360,1.670000
2091,662798,13408,1.676000
2092,663115,13456,1.682000
2093,663432,13408,1.676000
2094,663748,13424,1.678000
2095,664066,13424,1.678000
2096,664382,13504,1.688000
2097,664699,13424,1.678000
2098,665016,13456,1.682000
2099,665333,13488,1.686000
2100,665650,13488,1.686000
2101,665967,13472,1.684000
2102,666283,13440,1.680000
2103,666600,13440,1.680000
2104,666917,13424,1.678000
2105,667234,13440,1.680000
2106,667551,13424,1.678000
2107,667867,13504,1.688000
2108,668185,13408,1.676000
2109,668502,13472,1.684000
2110,668819,13408,1.676000
2111,669135,13488,1.686000
2112,669452,13424,1.678000
2113,669769,13408,1.676000
2114,670086,13328,1.666000
2115,670402,13488,1.686000
2116,670720,13424,1.678000
2117,671036,13408,1.676000
2118,671353,13456,1.682000
2119,671670,13440,1.680000
2120,671987,13312,1.664000
2121,672303,13344,1.668000
2122,672621,13392,1.674000
2123,672937,13408,1.676000
2124,673254,13360,1.670000
2125,673571,13376,1.672000
2126,673889,13392,1.674000
2127,674205,13392,1.674000
2128,674522,13328,1.666000
2129,674838,13328,1.666000
2130,675156,13392,1.674000
2131,675472,13344,1.668000
2132,675789,13376,1.672000
2133,676106,13360,1.670000
2134,676423,13376,1.672000
2135,676740,13376,1.672000
2136,677057,13376,1.672000
2137,677374,13392,1.674000
2138,677691,13328,1.666000
2139,678007,13344,1.668000
2140,678324,13392,1.674000
2141,678641,13392,1.674000
2142,678958,13392,1.674000
2143,679275,13376,1.672000
2144,679592,13376,1.672000
2145,679909,13360,1.670000
2146,680226,13440,1.680000
2147,680542,13424,1.678000
2148,680860,13456,1.682000
2149,681176,13456,1.682000
2150,681493,13440,1.680000
2151,681810,13424,1.678000
2152,682126,13520,1.690000
2153,682444,13472,1.684000
2154,682760,13520,1.690000
2155,683077,13488,1.686000
2156,683394,13472,1.684000
2157,683711,13408,1.676000
2158,684028,13440,1.680000
2159,684344,13488,1.686000
2160,684662,13424,1.678000
2161,684978,13360,1.670000
2162,685295,13456,1.682000
2163,685612,13504,1.688000
2164,685929,13424,1.678000
2165,686246,13456,1.682000
2166,686562,13440,1.680000
2167,686880,13424,1.678000
2168,687197,13408,1.676000
2169,687513,13472,1.684000
2170,687830,13504,1.688000
2171,688147,13456,1.682000
2172,688464,13440,1.680000
2173,688781,13424,1.678000
2174,689097,13392,1.674000
2175,689415,13360,1.670000
2176,689731,13280,1.660000
2177,690048,13296,1.662000
2178,690365,13344,1.668000
2179,690685,13344,1.668000
2180,690999,13408,1.676000
2181,691316,13392,1.674000
2182,691632,13360,1.670000
2183,691949,13376,1.672000
2184,692266,13360,1.670000
2185,692583,13328,1.666000
2186,692900,13376,1.672000
2187,693217,13360,1.670000
2188,693534,13312,1.664000
2189,693851,13360,1.670000
2190,694167,13344,1.668000
2191,694484,13360,1.670000
2192,694801,13376,1.672000
2193,695118,13408,1.676000
2194,695435,13376,1.672000
2195,695752,13376,1.672000
2196,696068,13360,1.670000
2197,696386,13344,1.668000
2198,696702,13344,1.668000
2199,697019,13376,1.672000
2200,697336,13424,1.678000
2201,697653,13424,1.678000
2202,697970,13424,1.678000
2203,698287,13456,1.682000
2204,698603,13456,1.682000
2205,698920,13456,1.682000
2206,699237,13424,1.678000
2207,699554,13440,1.680000
2208,699871,13440,1.680000
2209,700188,13408,1.676000
2210,700505,13440,1.680000
2211,700822,13424,1.678000
2212,701138,13440,1.680000
2213,701455,13488,1.686000
2214,701772,13472,1.684000
2215,702089,13440,1.680000
2216,702406,13456,1.682000
2217,702723,13472,1.684000
2218,703039,13440,1.680000
2219,703356,13392,1.674000
2220,703673,13408,1.676000
2221,703990,13392,1.674000
2222,704307,13440,1.680000
2223,704624,13440,1.680000
2224,704940,13424,1.678000
2225,705258,13424,1.678000
2226,705574,13392,1.674000
2227,705891,13408,1.676000
2228,706208,13360,1.670000
2229,706525,13344,1.668000
2230,706841,13344,1.668000
2231,707159,13344,1.668000
2232,707475,13392,1.674000
2233,707792,13360,1.670000
2234,708109,13376,1.672000
2235,708426,13360,1.670000
2236,708743,13392,1.674000
2237,709060,13376,1.672000
2238,709377,13360,1.670000
2239,709693,13392,1.674000
2240,710010,13360,1.670000
2241,710327,13392,1.674000
2242,710644,13408,1.676000
2243,710961,13344,1.668000
2244,711277,13312,1.664000
2245,711595,13344,1.668000
2246,711912,13360,1.670000
2247,712228,13328,1.666000
2248,712545,13360,1.670000
2249,712862,13360,1.670000
2250,713179,13392,1.674000
2251,713495,13408,1.676000
2252,713813,13456,1.682000
2253,714130,13456,1.682000
2254,714446,13424,1.678000
2255,714763,13440,1.680000
2256,715080,13456,1.682000
2257,715397,13472,1.684000
2258,715714,13424,1.678000
2259,716031,13408,1.676000
2260,716348,13456,1.682000
2261,716664,13440,1.680000
2262,716981,13440,1.680000
2263,717299,13440,1.680000
2264,717615,13440,1.680000
2265,717932,13456,1.682000
2266,718248,13456,1.682000
2267,718566,13472,1.684000
2268,718882,13440,1.680000
2269,719199,13424,1.678000
2270,719516,13360,1.670000
2271,719834,13520,1.690000
2272,720150,13456,1.682000
2273,720467,13440,1.680000
2274,720784,13440,1.680000
2275,721101,13408,1.676000
2276,721417,13264,1.658000
2277,721734,13472,1.684000
2278,722051,13408,1.676000
2279,722368,13376,1.672000
2280,722685,13312,1.664000
2281,723002,13392,1.674000
2282,723319,13408,1.676000
2283,723636,13568,1.696000
2284,723952,13360,1.670000
2285,724269,13408,1.676000
2286,724586,13328,1.666000
2287,724902,13328,1.666000
2288,725219,13408,1.676000
2289,725537,13600,1.700000
2290,725853,13344,1.668000
2291,726170,13344,1.668000
2292,726487,13328,1.666000
2293,726804,13344,1.668000
2294,727121,13344,1.668000
2295,727438,13360,1.670000
2296,727754,13424,1.678000
2297,728072,13392,1.674000
2298,728389,13328,1.666000
2299,728705,13360,1.670000
2300,729022,13376,1.672000
2301,729339,13360,1.670000
2302,729656,13360,1.670000
2303,729972,13360,1.670000
2304,730289,13408,1.676000
2305,730607,13520,1.690000
2306,730923,13392,1.674000
2307,731240,13424,1.678000
2308,731557,13456,1.682000
2309,731873,13408,1.676000
2310,732191,13440,1.680000
2311,732508,13488,1.686000
2312,732824,13488,1.686000
2313,733141,13424,1.678000
2314,733458,13408,1.676000
2315,733775,13456,1.682000
2316,734092,13424,1.678000
2317,734409,13424,1.678000
2318,734725,13408,1.676000
2319,735043,13424,1.678000
2320,735359,13488,1.686000
2321,735676,13456,1.682000
2322,735993,13392,1.674000
2323,736310,13424,1.678000
2324,736626,13456,1.682000
2325,736944,13408,1.676000
2326,737261,13440,1.680000
2327,737577,13440,1.680000
2328,737894,13440,1.680000
2329,738211,13472,1.684000
2330,738528,13472,1.684000
2331,738845,13392,1.674000
2332,739161,13408,1.676000
2333,739479,13344,1.668000
2334,739795,13360,1.670000
2335,740112,13376,1.672000
2336,740429,13360,1.670000
2337,740746,13360,1.670000
2338,741062,13312,1.664000
2339,741380,13184,1.648000
2340,741697,13376,1.672000
2341,742013,13392,1.674000
2342,742330,13392,1.674000
2343,742647,13408,1.676000
2344,742964,13328,1.666000
2345,743281,13296,1.662000
2346,743598,13360,1.670000
2347,743915,13360,1.670000
2348,744231,13392,1.674000
2349,744548,13280,1.660000
2350,744865,13376,1.672000
2351,745182,13344,1.668000
2352,745498,13472,1.684000
2353,745816,13440,1.680000
2354,746132,13376,1.672000
2355,746450,13344,1.668000
2356,746766,13296,1.662000
2357,747083,13360,1.670000
2358,747400,13392,1.674000
2359,747717,13424,1.678000
2360,748033,13568,1.696000
2361,748351,13456,1.682000
2362,748668,13440,1.680000
2363,748985,13440,1.680000
2364,749302,13456,1.682000
2365,749618,13440,1.680000
2366,749935,13424,1.678000
2367,750252,13440,1.680000
2368,750569,13424,1.678000
2369,750886,13456,1.682000
2370,751203,13408,1.676000
2371,751519,13424,1.678000
2372,751836,13440,1.680000
2373,752152,13328,1.666000
2374,752470,13456,1.682000
2375,752787,13456,1.682000
2376,753103,13424,1.678000
2377,753421,13408,1.676000
2378,753737,13424,1.678000
2379,754054,13456,1.682000
2380,754371,13488,1.686000
2381,754688,13440,1.680000
2382,755005,13408,1.676000
2383,755322,13440,1.680000
2384,755638,13360,1.670000
2385,755956,13392,1.674000
2386,756272,13440,1.680000
2387,756589,13376,1.672000
2388,756906,13408,1.676000
2389,757223,13376,1.672000
2390,757539,13328,1.666000
2391,757857,13344,1.668000
2392,758173,13424,1.678000
2393,758490,13312,1.664000
2394,758807,13440,1.680000
2395,759123,13344,1.668000
2396,759441,13328,1.666000
2397,759757,13312,1.664000
2398,760075,13344,1.668000
2399,760391,13344,1.668000
2400,760708,13376,1.672000
2401,761025,13376,1.672000
2402,761342,13376,1.672000
2403,761659,13344,1.668000
2404,761976,13344,1.668000
2405,762293,13328,1.666000
2406,762610,13360,1.670000
2407,762926,13344,1.668000
2408,763243,13328,1.666000
2409,763560,13344,1.668000
2410,763877,13440,1.680000
2411,764194,13504,1.688000
2412,764511,13456,1.682000
2413,764827,13456,1.682000
2414,765144,13456,1.682000
2415,765461,13408,1.676000
2416,765778,13440,1.680000
2417,766094,13472,1.684000
2418,766412,13472,1.684000
2419,766729,13488,1.686000
2420,767045,13440,1.680000
2421,767362,13488,1.686000
2422,767679,13392,1.674000
2423,767996,13424,1.678000
2424,768313,13440,1.680000
2425,768630,13408,1.676000
2426,768947,13392,1.674000
2427,769264,13440,1.680000
2428,769580,13440,1.680000
2429,769897,13504,1.688000
2430,770214,13424,1.678000
2431,770531,13424,1.678000
2432,770848,13392,1.674000
2433,771165,13456,1.682000
2434,771482,13472,1.684000
2435,771798,13440,1.680000
2436,772115,13360,1.670000
2437,772432,13392,1.674000
2438,772749,13392,1.674000
2439,773066,13360,1.670000
2440,773383,13376,1.672000
2441,773699,13360,1.670000
2442,774016,13344,1.668000
2443,774333,13360,1.670000
2444,774650,13344,1.668000
2445,774967,13360,1.670000
2446,775284,13312,1.664000
2447,775601,13376,1.672000
2448,775918,13424,1.678000
2449,776235,13392,1.674000
2450,776551,13360,1.670000
2451,776868,13328,1.666000
2452,777185,13344,1.668000
2453,777502,13376,1.672000
2454,777819,13344,1.668000
2455,778136,13344,1.668000
2456,778452,13408,1.676000
2457,778769,13376,1.672000
2458,779086,13360,1.670000
2459,779403,13344,1.668000
2460,779720,13392,1.674000
2461,780037,13408,1.676000
2462,780354,13392,1.674000
2463,780670,13408,1.676000
2464,780987,13424,1.678000
2465,781304,13408,1.676000
2466,781621,13440,1.680000
2467,781938,13424,1.678000
2468,782255,13440,1.680000
2469,782572,13440,1.680000
2470,782889,13408,1.676000
2471,783206,13392,1.674000
2472,783522,13456,1.682000
2473,783839,13440,1.680000
2474,784156,13440,1.680000
2475,784473,13440,1.680000
2476,784790,13472,1.684000
2477,785107,13472,1.684000
2478,785423,13456,1.682000
2479,785740,13408,1.676000
2480,786057,13472,1.684000
2481,786374,13456,1.682000
2482,786691,13392,1.674000
2483,787008,13456,1.682000
2484,787325,13472,1.684000
2485,787641,13408,1.676000
2486,787958,13408,1.676000
2487,788275,13440,1.680000
2488,788592,13408,1.676000
2489,788909,13360,1.670000
2490,789226,13344,1.668000
2491,789542,13392,1.674000
2492,789859,13328,1.666000
2493,790177,13408,1.676000
2494,790493,13360,1.670000
2495,790810,13392,1.674000
2496,791127,13312,1.664000
2497,791444,13344,1.668000
2498,791760,13264,1.658000
2499,792078,13344,1.668000
2500,792395,13424,1.678000
2501,792711,13328,1.666000
2502,793028,13360,1.670000
2503,793345,13344,1.668000
2504,793662,13392,1.674000
2505,793979,13360,1.670000
2506,794296,13360,1.670000
2507,794613,13360,1.670000
2508,794929,13360,1.670000
2509,795246,13392,1.674000
2510,795563,13392,1.674000
2511,795880,13392,1.674000
2512,796197,13392,1.674000
2513,796514,13328,1.666000
2514,796830,13408,1.676000
2515,797147,13392,1.674000
2516,797464,13456,1.682000
2517,797781,13440,1.680000
2518,798098,13472,1.684000
2519,798415,13488,1.686000
2520,798732,13408,1.676000
2521,799048,13440,1.680000
2522,799365,13424,1.678000
2523,799685,13504,1.688000
2524,799999,13424,1.678000
2525,800316,13424,1.678000
2526,800633,13456,1.682000
2527,800949,13440,1.680000
2528,801267,13472,1.684000
2529,801583,13408,1.676000
2530,801900,13488,1.686000
2531,802217,13424,1.678000
2532,802534,13440,1.680000
2533,802851,13408,1.676000
2534,803168,13392,1.674000
2535,803485,13504,1.688000
2536,803801,13248,1.656000
2537,804118,13424,1.678000
2538,804435,13424,1.678000
2539,804752,13440,1.680000
2540,805068,13472,1.684000
2541,805386,13456,1.682000
2542,805703,13424,1.678000
2543,806020,13312,1.664000
2544,806337,13376,1.672000
2545,806653,13360,1.670000
2546,806970,13408,1.676000
2547,807287,13344,1.668000
2548,807604,13360,1.670000
2549,807921,13696,1.712000
2550,808237,13376,1.672000
2551,808554,13360,1.670000
2552,808871,13360,1.670000
2553,809188,13328,1.666000
2554,809505,13312,1.664000
2555,809821,13424,1.678000
2556,810139,13392,1.674000
2557,810456,13520,1.690000
2558,810772,13376,1.672000
2559,811089,13344,1.668000
2560,811406,13344,1.668000
2561,811723,13312,1.664000
2562,812040,13360,1.670000
2563,812357,13344,1.668000
2564,812674,13376,1.672000
2565,812991,13376,1.672000
2566,813308,13328,1.666000
2567,813624,13360,1.670000
2568,813940,13280,1.660000
2569,814258,13440,1.680000
2570,814575,13328,1.666000
2571,814891,13408,1.676000
2572,815209,13488,1.686000
2573,815525,13456,1.682000
2574,815842,13440,1.680000
2575,816159,13456,1.682000
2576,816476,13424,1.678000
2577,816793,13472,1.684000
2578,817110,13472,1.684000
2579,817426,13440,1.680000
2580,817743,13440,1.680000
2581,818060,13472,1.684000
2582,818377,13456,1.682000
2583,818694,13392,1.674000
2584,819011,13440,1.680000
2585,819328,13440,1.680000
2586,819644,13424,1.678000
2587,819961,13376,1.672000
2588,820278,13408,1.676000
2589,820595,13408,1.676000
2590,820912,13488,1.686000
2591,821229,13440,1.680000
2592,821546,13472,1.684000
2593,821862,13424,1.678000
2594,822180,13376,1.672000
2595,822496,13376,1.672000
2596,822813,13376,1.672000
2597,823130,13344,1.668000
2598,823447,13360,1.670000
2599,823764,13376,1.672000
2600,824080,13392,1.674000
2601,824398,13344,1.668000
2602,824714,13376,1.672000
2603,825031,13376,1.672000
2604,825348,13344,1.668000
2605,825665,13360,1.670000
2606,825981,13360,1.670000
2607,826299,13328,1.666000
2608,826615,13296,1.662000
2609,826932,13360,1.670000
2610,827249,13392,1.674000
2611,827566,13376,1.672000
2612,827883,13344,1.668000
2613,828200,13376,1.672000
2614,828516,13328,1.666000
2615,828834,13392,1.674000
2616,829150,13408,1.676000
2617,829467,13376,1.672000
2618,829784,13392,1.674000
2619,830101,13392,1.674000
2620,830417,13488,1.686000
2621,830735,13472,1.684000
2622,831052,13440,1.680000
2623,831368,13504,1.688000
2624,831685,13488,1.686000
2625,832002,13408,1.676000
2626,832319,13456,1.682000
2627,832636,13488,1.686000
2628,832952,13424,1.678000
2629,833269,13456,1.682000
2630,833586,13424,1.678000
2631,833903,13440,1.680000
2632,834220,13488,1.686000
2633,834537,13360,1.670000
2634,834854,13408,1.676000
2635,835171,13456,1.682000
2636,835488,13360,1.670000
2637,835804,13440,1.680000
2638,836121,13424,1.678000
2639,836438,13392,1.674000
2640,836755,13424,1.678000
2641,837072,13488,1.686000
2642,837389,13360,1.670000
2643,837705,13376,1.672000
2644,838023,13440,1.680000
2645,838339,13440,1.680000
2646,838657,13408,1.676000
2647,838973,13360,1.670000
2648,839290,13376,1.672000
2649,839607,13376,1.672000
2650,839923,13344,1.668000
2651,840241,13392,1.674000
2652,840557,13344,1.668000
2653,840874,13328,1.666000
2654,841191,13360,1.670000
2655,841508,13360,1.670000
2656,841825,13392,1.674000
2657,842141,13344,1.668000
2658,842458,13328,1.666000
2659,842775,13360,1.670000
2660,843092,13376,1.672000
2661,843409,13312,1.664000
2662,843726,13376,1.672000
2663,844043,13360,1.670000
2664,844360,13392,1.674000
2665,844677,13312,1.664000
2666,844993,13344,1.668000
2667,845310,13424,1.678000
2668,845627,13344,1.668000
2669,845944,13296,1.662000
2670,846261,13360,1.670000
2671,846578,13360,1.670000
2672,846895,13392,1.674000
2673,847212,13424,1.678000
2674,847528,13440,1.680000
2675,847845,13488,1.686000
2676,848162,13424,1.678000
2677,848479,13440,1.680000
2678,848796,13456,1.682000
2679,849112,13456,1.682000
2680,849430,13440,1.680000
2681,849746,13440,1.680000
2682,850063,13456,1.682000
2683,850380,13360,1.670000
2684,850697,13456,1.682000
2685,851014,13440,1.680000
2686,851331,13424,1.678000
2687,851647,13408,1.676000
2688,851965,13440,1.680000
2689,852282,13440,1.680000
2690,852598,13392,1.674000
2691,852915,13408,1.676000
2692,853231,13424,1.678000
2693,853549,13440,1.680000
2694,853865,13440,1.680000
2695,854182,13456,1.682000
2696,854499,13472,1.684000
2697,854816,13472,1.684000
2698,855133,13392,1.674000
2699,855450,13408,1.676000
2700,855767,13376,1.672000
2701,856084,13376,1.672000
2702,856401,13360,1.670000
2703,856717,13408,1.676000
2704,857034,13360,1.670000
2705,857351,13360,1.670000
2706,857668,13408,1.676000
2707,857985,13376,1.672000
2708,858302,13344,1.668000
2709,858618,13312,1.664000
2710,858935,13296,1.662000
2711,859252,13360,1.670000
2712,859569,13376,1.672000
2713,859886,13312,1.664000
2714,860203,13392,1.674000
2715,860520,13360,1.670000
2716,860837,13392,1.674000
2717,861153,13360,1.670000
2718,861470,13344,1.668000
2719,861787,13360,1.670000
2720,862104,13296,1.662000
2721,862421,13312,1.664000
2722,862738,13312,1.664000
2723,863055,13408,1.676000
2724,863372,13392,1.674000
2725,863688,13360,1.670000
2726,864005,13440,1.680000
2727,864322,13424,1.678000
2728,864639,13440,1.680000
2729,864956,13440,1.680000
2730,865273,13456,1.682000
2731,865590,13472,1.684000
2732,865907,13440,1.680000
2733,866223,13424,1.678000
2734,866540,13456,1.682000
2735,866857,13440,1.680000
2736,867173,13440,1.680000
2737,867490,13440,1.680000
2738,867807,13376,1.672000
2739,868124,13440,1.680000
2740,868441,13408,1.676000
2741,868758,13472,1.684000
2742,869075,13472,1.684000
2743,869392,13440,1.680000
2744,869708,13456,1.682000
2745,870025,13440,1.680000
2746,870343,13424,1.678000
2747,870659,13408,1.676000
2748,870976,13456,1.682000
2749,871293,13456,1.682000
2750,871609,13440,1.680000
2751,871927,13392,1.674000
2752,872244,13312,1.664000
2753,872560,13360,1.670000
2754,872877,13392,1.674000
2755,873194,13312,1.664000
2756,873511,13392,1.674000
2757,873828,13344,1.668000
2758,874145,13344,1.668000
2759,874461,13424,1.678000
2760,874779,13360,1.670000
2761,875095,13504,1.688000
2762,875412,13392,1.674000
2763,875729,13360,1.670000
2764,876046,13344,1.668000
2765,876363,13280,1.660000
2766,876684,13328,1.666000
2767,876996,13264,1.658000
2768,877313,13424,1.678000
2769,877630,13376,1.672000
2770,877947,13344,1.668000
2771,878264,13328,1.666000
2772,878581,13360,1.670000
2773,878898,13344,1.668000
2774,879215,13200,1.650000
2775,879531,13312,1.664000
2776,879848,13360,1.670000
2777,880165,13376,1.672000
2778,880482,13456,1.682000
2779,880799,13472,1.684000
2780,881115,13248,1.656000
2781,881432,13472,1.684000
2782,881750,13488,1.686000
2783,882066,13456,1.682000
2784,882383,13440,1.680000
2785,882700,13456,1.682000
2786,883017,13504,1.688000
2787,883334,13520,1.690000
2788,883650,13440,1.680000
2789,883968,13472,1.684000
2790,884285,13456,1.682000
2791,884601,13456,1.682000
2792,884918,13424,1.678000
2793,885235,13424,1.678000
2794,885552,13472,1.684000
2795,885869,13424,1.678000
2796,886186,13392,1.674000
2797,886502,13408,1.676000
2798,886819,13424,1.678000
2799,887136,13472,1.684000
2800,887453,13472,1.684000
2801,887770,13456,1.682000
2802,888086,13488,1.686000
2803,888404,13392,1.674000
2804,888720,13392,1.674000
2805,889037,13344,1.668000
2806,889354,13328,1.666000
2807,889671,13328,1.666000
2808,889988,13280,1.660000
2809,890305,13376,1.672000
2810,890622,13392,1.674000
2811,890938,13344,1.668000
2812,891256,13408,1.676000
2813,891572,13344,1.668000
2814,891889,13376,1.672000
2815,892206,13344,1.668000
2816,892523,13344,1.668000
2817,892840,13344,1.668000
2818,893156,13376,1.672000
2819,893474,13360,1.670000
2820,893790,13296,1.662000
2821,894107,13424,1.678000
2822,894424,13424,1.678000
2823,894740,13328,1.666000
2824,895058,13376,1.672000
2825,895375,13376,1.672000
2826,895691,13344,1.668000
2827,896008,13360,1.670000
2828,896325,13376,1.672000
2829,896642,13408,1.676000
2830,896959,13264,1.658000
2831,897276,13424,1.678000
2832,897592,13392,1.674000
2833,897910,13408,1.676000
2834,898226,13440,1.680000
2835,898543,13440,1.680000
2836,898860,13504,1.688000
2837,899177,13472,1.684000
2838,899494,13440,1.680000
2839,899811,13440,1.680000
2840,900127,13488,1.686000
2841,900444,13456,1.682000
2842,900761,13424,1.678000
2843,901078,13504,1.688000
2844,901395,13440,1.680000
2845,901712,13520,1.690000
2846,902028,13408,1.676000
2847,902345,13440,1.680000
2848,902662,13440,1.680000
2849,902979,13552,1.694000
2850,903296,13440,1.680000
2851,903613,13408,1.676000
2852,903929,13456,1.682000
2853,904246,13456,1.682000
2854,904563,13472,1.684000
2855,904880,13392,1.674000
2856,905197,13424,1.678000
2857,905514,13392,1.674000
2858,905831,13392,1.674000
2859,906148,13376,1.672000
2860,906465,13344,1.668000
2861,906781,13360,1.670000
2862,907098,13392,1.674000
2863,907415,13360,1.670000
2864,907732,13424,1.678000
2865,908049,13376,1.672000
2866,908365,13376,1.672000
2867,908686,13328,1.666000
2868,909000,13392,1.674000
2869,909317,13344,1.668000
2870,909633,13344,1.668000
2871,909950,13376,1.672000
2872,910267,13344,1.668000
2873,910584,13376,1.672000
2874,910901,13360,1.670000
2875,911218,13344,1.668000
2876,911534,13376,1.672000
2877,911852,13392,1.674000
2878,912168,13392,1.674000
2879,912485,13360,1.670000
2880,912802,13344,1.668000
2881,913118,13344,1.668000
2882,913436,13360,1.670000
2883,913752,13408,1.676000
2884,914069,13472,1.684000
2885,914386,13456,1.682000
2886,914703,13392,1.674000
2887,915020,13456,1.682000
2888,915337,13456,1.682000
2889,915654,13408,1.676000
2890,915970,13392,1.674000
2891,916287,13440,1.680000
2892,916605,13392,1.674000
2893,916921,13472,1.684000
2894,917238,13488,1.686000
2895,917555,13392,1.674000
2896,917872,13424,1.678000
2897,918189,13424,1.678000
2898,918505,13424,1.678000
2899,918822,13456,1.682000
2900,919139,13408,1.676000
2901,919456,13440,1.680000
2902,919773,13424,1.678000
2903,920089,13456,1.682000
2904,920406,13376,1.672000
2905,920723,13376,1.672000
2906,921040,13488,1.686000
2907,921357,13504,1.688000
2908,921674,13456,1.682000
2909,921991,13440,1.680000
2910,922308,13344,1.668000
2911,922624,13376,1.672000
2912,922942,13312,1.664000
2913,923259,13360,1.670000
2914,923575,13312,1.664000
2915,923892,13376,1.672000
2916,924209,13376,1.672000
2917,924526,13424,1.678000
2918,924843,13328,1.666000
2919,925159,13392,1.674000
2920,925476,13344,1.668000
2921,925793,13312,1.664000
2922,926110,13408,1.676000
2923,926427,13392,1.674000
2924,926744,13392,1.674000
2925,927061,13312,1.664000
2926,927378,13392,1.674000
2927,927694,13392,1.674000
2928,928011,13328,1.666000
2929,928328,13376,1.672000
2930,928645,13376,1.672000
2931,928962,13328,1.666000
2932,929278,13344,1.668000
2933,929596,13376,1.672000
2934,929912,13328,1.666000
2935,930229,13440,1.680000
2936,930546,13408,1.676000
2937,930862,13456,1.682000
2938,931180,13488,1.686000
2939,931497,13408,1.676000
2940,931814,13408,1.676000
2941,932130,13424,1.678000
2942,932447,13424,1.678000
2943,932764,13472,1.684000
2944,933081,13408,1.676000
2945,933398,13408,1.676000
2946,933715,13472,1.684000
2947,934031,13424,1.678000
2948,934348,13456,1.682000
2949,934665,13424,1.678000
2950,934982,13472,1.684000
2951,935299,13424,1.678000
2952,935616,13376,1.672000
2953,935933,13440,1.680000
2954,936250,13440,1.680000
2955,936566,13440,1.680000
2956,936883,13408,1.676000
2957,937200,13424,1.678000
2958,937517,13424,1.678000
2959,937834,13344,1.668000
2960,938151,13456,1.682000
2961,938468,13440,1.680000
2962,938784,13392,1.674000
2963,939101,13344,1.668000
2964,939418,13200,1.650000
2965,939735,13344,1.668000
2966,940052,13392,1.674000
2967,940368,13360,1.670000
2968,940685,13408,1.676000
2969,941003,13344,1.668000
2970,941319,13344,1.668000
2971,941636,13280,1.660000
2972,941953,13392,1.674000
2973,942270,13344,1.668000
2974,942587,13392,1.674000
2975,942903,13328,1.666000
2976,943220,13440,1.680000
2977,943537,13552,1.694000
2978,943854,13360,1.670000
2979,944171,13376,1.672000
2980,944488,13312,1.664000
2981,944805,13360,1.670000
2982,945122,13280,1.660000
2983,945438,13392,1.674000
2984,945755,13488,1.686000
2985,946072,13344,1.668000
2986,946389,13424,1.678000
2987,946705,13344,1.668000
2988,947023,13344,1.668000
2989,947340,13456,1.682000
2990,947657,13456,1.682000
2991,947973,13408,1.676000
2992,948290,13424,1.678000
2993,948607,13456,1.682000
2994,948924,13440,1.680000
2995,949241,13392,1.674000
2996,949558,13488,1.686000
2997,949875,13456,1.682000
2998,950192,13424,1.678000
2999,950508,13440,1.680000
3000,950825,13360,1.670000
3001,951142,13440,1.680000
3002,951459,13440,1.680000
3003,951776,13472,1.684000
3004,952093,13408,1.676000
3005,952410,13424,1.678000
3006,952726,13440,1.680000
3007,953043,13440,1.680000
3008,953360,13424,1.678000
3009,953677,13440,1.680000
3010,953994,13408,1.676000
3011,954310,13472,1.684000
3012,954628,13456,1.682000
3013,954944,13440,1.680000
3014,955261,13440,1.680000
3015,955578,13392,1.674000
3016,955895,13296,1.662000
3017,956212,13360,1.670000
3018,956529,13456,1.682000
3019,956845,13360,1.670000
3020,957163,13392,1.674000
3021,957479,13392,1.674000
3022,957796,13360,1.670000
3023,958113,13344,1.668000
3024,958430,13408,1.676000
3025,958747,13376,1.672000
3026,959063,13360,1.670000
3027,959380,13168,1.646000
3028,959697,13392,1.674000
3029,960014,13344,1.668000
3030,960331,13376,1.672000
3031,960648,13392,1.674000
3032,960965,13360,1.670000
3033,961281,13328,1.666000
3034,961599,13392,1.674000
3035,961916,13344,1.668000
3036,962232,13328,1.666000
3037,962549,13328,1.666000
3038,962866,13344,1.668000
3039,963183,13408,1.676000
3040,963500,13456,1.682000
3041,963816,13424,1.678000
3042,964133,13472,1.684000
3043,964450,13408,1.676000
3044,964767,13440,1.680000
3045,965084,13472,1.684000
3046,965401,13472,1.684000
3047,965718,13472,1.684000
3048,966034,13552,1.694000
3049,966351,13440,1.680000
3050,966668,13504,1.688000
3051,966985,13424,1.678000
3052,967302,13392,1.674000
3053,967618,13248,1.656000
3054,967936,13472,1.684000
3055,968252,13456,1.682000
3056,968570,13424,1.678000
3057,968887,13392,1.674000
3058,969203,13424,1.678000
3059,969520,13424,1.678000
3060,969837,13472,1.684000
3061,970154,13328,1.666000
3062,970471,13424,1.678000
3063,970788,13456,1.682000
3064,971104,13456,1.682000
3065,971421,13424,1.678000
3066,971738,13424,1.678000
3067,972055,13424,1.678000
3068,972372,13296,1.662000
3069,972689,13360,1.670000
3070,973006,13392,1.674000
3071,973323,13312,1.664000
3072,973639,13424,1.678000
3073,973956,13360,1.670000
3074,974273,13344,1.668000
3075,974590,13360,1.670000
3076,974907,13312,1.664000
3077,975224,13360,1.670000
3078,975540,13376,1.672000
3079,975858,13328,1.666000
3080,976174,13408,1.676000
3081,976491,13376,1.672000
3082,976808,13360,1.670000
3083,977125,13296,1.662000
3084,977442,13424,1.678000
3085,977759,13328,1.666000
3086,978075,13344,1.668000
3087,978392,13408,1.676000
3088,978709,13376,1.672000
3089,979026,13360,1.670000
3090,979343,13344,1.668000
3091,979659,13360,1.670000
3092,979977,13424,1.678000
3093,980293,13360,1.670000
3094,980610,13440,1.680000
3095,980927,13408,1.676000
3096,981244,13424,1.678000
3097,981560,13424,1.678000
3098,981878,13472,1.684000
3099,982194,13440,1.680000
3100,982511,13440,1.680000
3101,982828,13456,1.682000
3102,983145,13440,1.680000
3103,983462,13440,1.680000
3104,983779,13472,1.684000
3105,984096,13424,1.678000
3106,984412,13424,1.678000
3107,984730,13424,1.678000
3108,985046,13408,1.676000
3109,985364,13424,1.678000
3110,985684,13456,1.682000
3111,985997,13472,1.684000
3112,986314,13424,1.678000
3113,986630,13440,1.680000
3114,986948,13456,1.682000
3115,987264,13472,1.684000
3116,987581,13456,1.682000
3117,987898,13472,1.684000
3118,988215,13472,1.684000
3119,988532,13408,1.676000
3120,988849,13376,1.672000
3121,989166,13392,1.674000
3122,989482,13328,1.666000
3123,989799,13456,1.682000
3124,990116,13312,1.664000
3125,990433,13376,1.672000
3126,990750,13360,1.670000
3127,991066,13360,1.670000
3128,991384,13440,1.680000
3129,991700,13344,1.668000
3130,992017,13280,1.660000
3131,992334,13344,1.668000
3132,992651,13328,1.666000
3133,992968,13344,1.668000
3134,993285,13360,1.670000
3135,993602,13360,1.670000
3136,993919,13312,1.664000
3137,994235,13392,1.674000
3138,994552,13392,1.674000
3139,994869,13344,1.668000
3140,995186,13392,1.674000
3141,995503,13344,1.668000
3142,995819,13296,1.662000
3143,996136,13376,1.672000
3144,996453,13328,1.666000
3145,996770,13360,1.670000
3146,997087,13424,1.678000
3147,997404,13392,1.674000
3148,997721,13472,1.684000
3149,998037,13424,1.678000
3150,998354,13456,1.682000
3151,998671,13488,1.686000
3152,998988,13456,1.682000
3153,999305,13392,1.674000
3154,999622,13456,1.682000
3155,999939,13424,1.678000
