sample,timestamp_us,raw,voltage_V
0,260,13360,1.670000
1,576,13376,1.672000
2,893,13408,1.676000
3,1210,13408,1.676000
4,1526,13264,1.658000
5,1844,13328,1.666000
6,2160,13360,1.670000
7,2477,13280,1.660000
8,2794,13280,1.660000
9,3111,13232,1.654000
10,3427,13280,1.660000
11,3745,13280,1.660000
12,4061,13248,1.656000
13,4379,13168,1.646000
14,4696,13264,1.658000
15,5012,13264,1.658000
16,5329,13248,1.656000
17,5646,13248,1.656000
18,5963,13296,1.662000
19,6280,13328,1.666000
20,6596,13264,1.658000
21,6914,13344,1.668000
22,7231,13360,1.670000
23,7547,13408,1.676000
24,7864,13360,1.670000
25,8181,13376,1.672000
26,8497,13408,1.676000
27,8815,13440,1.680000
28,9131,13472,1.684000
29,9448,13424,1.678000
30,9766,13456,1.682000
31,10082,13488,1.686000
32,10399,13520,1.690000
33,10716,13504,1.688000
34,11032,13504,1.688000
35,11349,13552,1.694000
36,11667,13568,1.696000
37,11983,13600,1.700000
38,12300,13600,1.700000
39,12617,13584,1.698000
40,12934,13616,1.702000
41,13251,13616,1.702000
42,13567,13632,1.704000
43,13885,13568,1.696000
44,14201,13520,1.690000
45,14518,13584,1.698000
46,14835,13536,1.692000
47,15152,13536,1.692000
48,15468,13408,1.676000
49,15786,13424,1.678000
50,16102,13424,1.678000
51,16419,13488,1.686000
52,16736,13424,1.678000
53,17053,13424,1.678000
54,17370,13392,1.674000
55,17686,13392,1.674000
56,18004,13360,1.670000
57,18321,13360,1.670000
58,18637,13312,1.664000
59,18954,13264,1.658000
60,19271,13216,1.652000
61,19588,13280,1.660000
62,19904,13280,1.660000
63,20222,13248,1.656000
64,20538,13248,1.656000
65,20855,13248,1.656000
66,21172,13216,1.652000
67,21489,13184,1.648000
68,21806,13280,1.660000
69,22123,13264,1.658000
70,22439,13232,1.654000
71,22756,13280,1.660000
72,23073,13232,1.654000
73,23390,13312,1.664000
74,23707,13344,1.668000
75,24024,13280,1.660000
76,24341,13328,1.666000
77,24658,13328,1.666000
78,24974,13408,1.676000
79,25291,13392,1.674000
80,25608,13424,1.678000
81,25925,13408,1.676000
82,26242,13424,1.678000
83,26559,13440,1.680000
84,26875,13456,1.682000
85,27192,13504,1.688000
86,27509,13456,1.682000
87,27826,13520,1.690000
88,28143,13568,1.696000
89,28460,13616,1.702000
90,28777,13616,1.702000
91,29094,13568,1.696000
92,29410,13568,1.696000
93,29727,13552,1.694000
94,30044,13600,1.700000
95,30361,13568,1.696000
96,30678,13568,1.696000
97,30995,13536,1.692000
98,31312,13520,1.690000
99,31628,13488,1.686000
100,31945,13488,1.686000
101,32262,13472,1.684000
102,32579,13408,1.676000
103,32896,13504,1.688000
104,33213,13392,1.674000
105,33529,13408,1.676000
106,33846,13376,1.672000
107,34163,13392,1.674000
108,34480,13376,1.672000
109,34797,13376,1.672000
110,35114,13328,1.666000
111,35431,13312,1.664000
112,35748,13328,1.666000
113,36064,13248,1.656000
114,36381,13296,1.662000
115,36698,13184,1.648000
116,37015,13216,1.652000
117,37332,13200,1.650000
118,37649,13232,1.654000
119,37965,13264,1.658000
120,38283,13216,1.652000
121,38599,13248,1.656000
122,38916,13280,1.660000
123,39233,13344,1.668000
124,39550,13296,1.662000
125,39867,13328,1.666000
126,40183,13360,1.670000
127,40501,13312,1.664000
128,40817,13344,1.668000
129,41134,13392,1.674000
130,41452,13408,1.676000
131,41768,13392,1.674000
132,42085,13408,1.676000
133,42402,13424,1.678000
134,42719,13392,1.674000
135,43035,13456,1.682000
136,43352,13456,1.682000
137,43669,13472,1.684000
138,43986,13504,1.688000
139,44303,13520,1.690000
140,44619,13472,1.684000
141,44937,13504,1.688000
142,45254,13568,1.696000
143,45570,13584,1.698000
144,45887,13520,1.690000
145,46204,13616,1.702000
146,46521,13568,1.696000
147,46838,13552,1.694000
148,47154,13520,1.690000
149,47472,13568,1.696000
150,47788,13520,1.690000
151,48105,13456,1.682000
152,48422,13440,1.680000
153,48739,13488,1.686000
154,49055,13472,1.684000
155,49373,13472,1.684000
156,49690,13440,1.680000
157,50006,13408,1.676000
158,50323,13376,1.672000
159,50640,13408,1.676000
160,50956,13344,1.668000
161,51274,13328,1.666000
162,51591,13344,1.668000
163,51908,13328,1.666000
164,52224,13312,1.664000
165,52541,13264,1.658000
166,52858,13280,1.660000
167,53175,13216,1.652000
168,53492,13232,1.654000
169,53809,13264,1.658000
170,54125,13312,1.664000
171,54442,13248,1.656000
172,54759,13168,1.646000
173,55076,13264,1.658000
174,55393,13232,1.654000
175,55710,13280,1.660000
176,56027,13376,1.672000
177,56344,13280,1.660000
178,56660,13248,1.656000
179,56978,13312,1.664000
180,57294,13424,1.678000
181,57611,13360,1.670000
182,57928,13296,1.662000
183,58245,13376,1.672000
184,58561,13408,1.676000
185,58879,13424,1.678000
186,59196,13376,1.672000
187,59512,13440,1.680000
188,59829,13344,1.668000
189,60146,13488,1.686000
190,60463,13472,1.684000
191,60780,13456,1.682000
192,61096,13488,1.686000
193,61413,13536,1.692000
194,61730,13520,1.690000
195,62047,13632,1.704000
196,62364,13584,1.698000
197,62684,13584,1.698000
198,62998,13584,1.698000
199,63315,13584,1.698000
200,63631,13568,1.696000
201,63948,13568,1.696000
202,64265,13520,1.690000
203,64581,13536,1.692000
204,64899,13520,1.690000
205,65216,13488,1.686000
206,65533,13488,1.686000
207,65850,13488,1.686000
208,66166,13312,1.664000
209,66483,13440,1.680000
210,66800,13440,1.680000
211,67116,13440,1.680000
212,67434,13408,1.676000
213,67751,13344,1.668000
214,68067,13376,1.672000
215,68384,13392,1.674000
216,68701,13280,1.660000
217,69018,13280,1.660000
218,69335,13296,1.662000
219,69652,13312,1.664000
220,69968,13232,1.654000
221,70286,13248,1.656000
222,70602,13216,1.652000
223,70919,13264,1.658000
224,71236,13200,1.650000
225,71553,13280,1.660000
226,71870,13296,1.662000
227,72187,13232,1.654000
228,72504,13248,1.656000
229,72820,13232,1.654000
230,73137,13376,1.672000
231,73454,13264,1.658000
232,73771,13328,1.666000
233,74088,13376,1.672000
234,74405,13392,1.674000
235,74721,13392,1.674000
236,75038,13424,1.678000
237,75355,13328,1.666000
238,75672,13392,1.674000
239,75989,13424,1.678000
240,76306,13456,1.682000
241,76623,13472,1.684000
242,76940,13424,1.678000
243,77256,13488,1.686000
244,77574,13536,1.692000
245,77890,13488,1.686000
246,78207,13504,1.688000
247,78524,13568,1.696000
248,78841,13600,1.700000
249,79158,13600,1.700000
250,79474,13600,1.700000
251,79791,13600,1.700000
252,80108,13552,1.694000
253,80425,13584,1.698000
254,80741,13552,1.694000
255,81059,13488,1.686000
256,81376,13568,1.696000
257,81693,13456,1.682000
258,82009,13504,1.688000
259,82326,13440,1.680000
260,82643,13472,1.684000
261,82960,13472,1.684000
262,83277,13456,1.682000
263,83594,13440,1.680000
264,83910,13248,1.656000
265,84227,13392,1.674000
266,84544,13376,1.672000
267,84861,13344,1.668000
268,85178,13344,1.668000
269,85495,13312,1.664000
270,85811,13200,1.650000
271,86129,13280,1.660000
272,86445,13264,1.658000
273,86762,13280,1.660000
274,87078,13264,1.658000
275,87396,13216,1.652000
276,87713,13264,1.658000
277,88030,13248,1.656000
278,88347,13200,1.650000
279,88663,13168,1.646000
280,88980,13200,1.650000
281,89297,13232,1.654000
282,89614,13360,1.670000
283,89931,13312,1.664000
284,90248,13344,1.668000
285,90565,13344,1.668000
286,90881,13344,1.668000
287,91198,13408,1.676000
288,91515,13408,1.676000
289,91832,13392,1.674000
290,92149,13408,1.676000
291,92465,13424,1.678000
292,92782,13488,1.686000
293,93100,13440,1.680000
294,93416,13472,1.684000
295,93734,13504,1.688000
296,94050,13488,1.686000
297,94367,13504,1.688000
298,94685,13536,1.692000
299,95001,13472,1.684000
300,95318,13536,1.692000
301,95634,13520,1.690000
302,95951,13584,1.698000
303,96268,13616,1.702000
304,96585,13568,1.696000
305,96902,13616,1.702000
306,97219,13568,1.696000
307,97535,13536,1.692000
308,97852,13568,1.696000
309,98169,13488,1.686000
310,98486,13440,1.680000
311,98803,13456,1.682000
312,99120,13424,1.678000
313,99437,13424,1.678000
314,99754,13472,1.684000
315,100070,13408,1.676000
316,100387,13408,1.676000
317,100704,13408,1.676000
318,101020,13344,1.668000
319,101338,13376,1.672000
320,101655,13328,1.666000
321,101971,13328,1.666000
322,102288,13312,1.664000
323,102605,13296,1.662000
324,102922,13296,1.662000
325,103239,13264,1.658000
326,103556,13296,1.662000
327,103872,13264,1.658000
328,104189,13216,1.652000
329,104506,13216,1.652000
330,104823,13216,1.652000
331,105140,13216,1.652000
332,105457,13248,1.656000
333,105774,13264,1.658000
334,106090,13264,1.658000
335,106407,13200,1.650000
336,106725,13264,1.658000
337,107041,13312,1.664000
338,107358,13344,1.668000
339,107675,13360,1.670000
340,107992,13408,1.676000
341,108308,13392,1.674000
342,108626,13424,1.678000
343,108942,13424,1.678000
344,109259,13424,1.678000
345,109576,13424,1.678000
346,109893,13440,1.680000
347,110210,13472,1.684000
348,110527,13504,1.688000
349,110844,13536,1.692000
350,111160,13504,1.688000
351,111478,13472,1.684000
352,111794,13584,1.698000
353,112111,13616,1.702000
354,112427,13504,1.688000
355,112745,13600,1.700000
356,113061,13584,1.698000
357,113379,13584,1.698000
358,113695,13584,1.698000
359,114012,13552,1.694000
360,114329,13504,1.688000
361,114646,13488,1.686000
362,114963,13520,1.690000
363,115280,13488,1.686000
364,115596,13472,1.684000
365,115914,13488,1.686000
366,116230,13408,1.676000
367,116547,13344,1.668000
368,116864,13392,1.674000
369,117180,13376,1.672000
370,117498,13344,1.668000
371,117815,13344,1.668000
372,118131,13392,1.674000
373,118448,13312,1.664000
374,118765,13280,1.660000
375,119082,13296,1.662000
376,119399,13280,1.660000
377,119716,13248,1.656000
378,120032,13264,1.658000
379,120350,13216,1.652000
380,120666,13280,1.660000
381,120983,13216,1.652000
382,121300,13184,1.648000
383,121617,13216,1.652000
384,121934,13216,1.652000
385,122251,13264,1.658000
386,122567,13328,1.666000
387,122884,13296,1.662000
388,123201,13328,1.666000
389,123518,13328,1.666000
390,123835,13360,1.670000
391,124152,13312,1.664000
392,124468,13344,1.668000
393,124786,13376,1.672000
394,125102,13360,1.670000
395,125419,13488,1.686000
396,125736,13392,1.674000
397,126053,13440,1.680000
398,126370,13456,1.682000
399,126687,13472,1.684000
400,127003,13472,1.684000
401,127320,13520,1.690000
402,127637,13536,1.692000
403,127954,13552,1.694000
404,128271,13520,1.690000
405,128588,13536,1.692000
406,128904,13600,1.700000
407,129222,13600,1.700000
408,129538,13568,1.696000
409,129855,13568,1.696000
410,130172,13536,1.692000
411,130489,13440,1.680000
412,130806,13568,1.696000
413,131122,13520,1.690000
414,131440,13520,1.690000
415,131756,13440,1.680000
416,132073,13504,1.688000
417,132390,13424,1.678000
418,132707,13408,1.676000
419,133024,13488,1.686000
420,133341,13424,1.678000
421,133657,13408,1.676000
422,133974,13392,1.674000
423,134291,13392,1.674000
424,134608,13376,1.672000
425,134924,13296,1.662000
426,135242,13312,1.664000
427,135559,13296,1.662000
428,135875,13296,1.662000
429,136192,13328,1.666000
430,136509,13216,1.652000
431,136826,13232,1.654000
432,137143,13232,1.654000
433,137459,13264,1.658000
434,137777,13200,1.650000
435,138094,13216,1.652000
436,138410,13248,1.656000
437,138727,13280,1.660000
438,139044,13312,1.664000
439,139361,13312,1.664000
440,139678,13248,1.656000
441,139995,13312,1.664000
442,140312,13312,1.664000
443,140629,13328,1.666000
444,140945,13328,1.666000
445,141262,13376,1.672000
446,141579,13376,1.672000
447,141896,13424,1.678000
448,142213,13424,1.678000
449,142529,13440,1.680000
450,142846,13456,1.682000
451,143163,13456,1.682000
452,143480,13456,1.682000
453,143797,13504,1.688000
454,144114,13504,1.688000
455,144431,13552,1.694000
456,144748,13520,1.690000
457,145064,13552,1.694000
458,145381,13520,1.690000
459,145698,13584,1.698000
460,146015,13584,1.698000
461,146332,13680,1.710000
462,146649,13584,1.698000
463,146966,13520,1.690000
464,147283,13536,1.692000
465,147599,13552,1.694000
466,147916,13520,1.690000
467,148233,13408,1.676000
468,148550,13456,1.682000
469,148866,13440,1.680000
470,149184,13456,1.682000
471,149500,13440,1.680000
472,149817,13408,1.676000
473,150135,13392,1.674000
474,150451,13248,1.656000
475,150767,13344,1.668000
476,151085,13456,1.682000
477,151402,13360,1.670000
478,151719,13360,1.670000
479,152035,13312,1.664000
480,152352,13376,1.672000
481,152669,13296,1.662000
482,152986,13312,1.664000
483,153303,13328,1.666000
484,153620,13264,1.658000
485,153937,13232,1.654000
486,154253,13216,1.652000
487,154570,13248,1.656000
488,154887,13264,1.658000
489,155204,13232,1.654000
490,155521,13312,1.664000
491,155837,13280,1.660000
492,156155,13264,1.658000
493,156471,13328,1.666000
494,156788,13280,1.660000
495,157105,13216,1.652000
496,157422,13344,1.668000
497,157739,13408,1.676000
498,158056,13360,1.670000
499,158373,13376,1.672000
500,158690,13376,1.672000
501,159006,13440,1.680000
502,159323,13456,1.682000
503,159639,13440,1.680000
504,159957,13488,1.686000
505,160274,13472,1.684000
506,160591,13552,1.694000
507,160908,13456,1.682000
508,161225,13552,1.694000
509,161541,13552,1.694000
510,161858,13568,1.696000
511,162175,13584,1.698000
512,162492,13600,1.700000
513,162809,13584,1.698000
514,163125,13520,1.690000
515,163442,13536,1.692000
516,163759,13568,1.696000
517,164076,13568,1.696000
518,164393,13520,1.690000
519,164710,13488,1.686000
520,165027,13536,1.692000
521,165344,13520,1.690000
522,165660,13504,1.688000
523,165977,13456,1.682000
524,166294,13424,1.678000
525,166611,13424,1.678000
526,166928,13424,1.678000
527,167245,13376,1.672000
528,167561,13424,1.678000
529,167878,13392,1.674000
530,168195,13360,1.670000
531,168512,13344,1.668000
532,168829,13248,1.656000
533,169146,13296,1.662000
534,169463,13280,1.660000
535,169780,13280,1.660000
536,170096,13232,1.654000
537,170413,13248,1.656000
538,170730,13296,1.662000
539,171047,13216,1.652000
540,171364,13264,1.658000
541,171684,13216,1.652000
542,171997,13264,1.658000
543,172314,13216,1.652000
544,172631,13280,1.660000
545,172948,13264,1.658000
546,173265,13312,1.664000
547,173582,13264,1.658000
548,173899,13344,1.668000
549,174216,13344,1.668000
550,174532,13360,1.670000
551,174849,13248,1.656000
552,175166,13392,1.674000
553,175483,13472,1.684000
554,175800,13472,1.684000
555,176117,13440,1.680000
556,176433,13472,1.684000
557,176751,13472,1.684000
558,177067,13488,1.686000
559,177384,13520,1.690000
560,177701,13472,1.684000
561,178018,13584,1.698000
562,178335,13568,1.696000
563,178651,13552,1.694000
564,178969,13568,1.696000
565,179285,13568,1.696000
566,179602,13488,1.686000
567,179919,13568,1.696000
568,180236,13536,1.692000
569,180553,13536,1.692000
570,180870,13552,1.694000
571,181187,13520,1.690000
572,181504,13504,1.688000
573,181820,13504,1.688000
574,182137,13536,1.692000
575,182454,13456,1.682000
576,182771,13408,1.676000
577,183088,13392,1.674000
578,183405,13392,1.674000
579,183721,13504,1.688000
580,184038,13408,1.676000
581,184355,13376,1.672000
582,184672,13344,1.668000
583,184989,13344,1.668000
584,185306,13312,1.664000
585,185622,13312,1.664000
586,185940,13328,1.666000
587,186256,13264,1.658000
588,186573,13312,1.664000
589,186890,13280,1.660000
590,187207,13232,1.654000
591,187524,13264,1.658000
592,187840,13232,1.654000
593,188157,13248,1.656000
594,188474,13248,1.656000
595,188791,13280,1.660000
596,189108,13280,1.660000
597,189425,13312,1.664000
598,189742,13280,1.660000
599,190059,13328,1.666000
600,190376,13392,1.674000
601,190692,13408,1.676000
602,191009,13392,1.674000
603,191326,13408,1.676000
604,191643,13392,1.674000
605,191960,13456,1.682000
606,192277,13424,1.678000
607,192594,13408,1.676000
608,192910,13456,1.682000
609,193227,13440,1.680000
610,193544,13440,1.680000
611,193861,13456,1.682000
612,194178,13520,1.690000
613,194495,13520,1.690000
614,194812,13504,1.688000
615,195128,13568,1.696000
616,195445,13536,1.692000
617,195762,13616,1.702000
618,196079,13552,1.694000
619,196396,13552,1.694000
620,196713,13536,1.692000
621,197029,13584,1.698000
622,197347,13520,1.690000
623,197663,13568,1.696000
624,197980,13456,1.682000
625,198297,13440,1.680000
626,198614,13536,1.692000
627,198931,13440,1.680000
628,199248,13440,1.680000
629,199564,13424,1.678000
630,199881,13424,1.678000
631,200198,13408,1.676000
632,200515,13392,1.674000
633,200832,13392,1.674000
634,201149,13360,1.670000
635,201465,13344,1.668000
636,201782,13296,1.662000
637,202099,13296,1.662000
638,202416,13312,1.664000
639,202733,13280,1.660000
640,203050,13280,1.660000
641,203367,13248,1.656000
642,203685,13328,1.666000
643,204000,13200,1.650000
644,204317,13184,1.648000
645,204634,13200,1.650000
646,204950,13264,1.658000
647,205268,13264,1.658000
648,205585,13264,1.658000
649,205901,13264,1.658000
650,206218,13296,1.662000
651,206535,13312,1.664000
652,206853,13328,1.666000
653,207169,13344,1.668000
654,207486,13344,1.668000
655,207803,13344,1.668000
656,208119,13376,1.672000
657,208437,13392,1.674000
658,208753,13408,1.676000
659,209070,13408,1.676000
660,209387,13392,1.674000
661,209704,13488,1.686000
662,210021,13488,1.686000
663,210338,13440,1.680000
664,210654,13504,1.688000
665,210971,13504,1.688000
666,211289,13536,1.692000
667,211605,13568,1.696000
668,211922,13520,1.690000
669,212239,13584,1.698000
670,212555,13616,1.702000
671,212872,13584,1.698000
672,213190,13600,1.700000
673,213506,13568,1.696000
674,213822,13568,1.696000
675,214140,13456,1.682000
676,214457,13504,1.688000
677,214774,13456,1.682000
678,215090,13456,1.682000
679,215408,13472,1.684000
680,215724,13504,1.688000
681,216041,13440,1.680000
682,216358,13424,1.678000
683,216675,13392,1.674000
684,216991,13408,1.676000
685,217309,13344,1.668000
686,217625,13360,1.670000
687,217943,13360,1.670000
688,218259,13344,1.668000
689,218576,13344,1.668000
690,218893,13296,1.662000
691,219210,13328,1.666000
692,219526,13344,1.668000
693,219844,13264,1.658000
694,220160,13248,1.656000
695,220477,13248,1.656000
696,220794,13232,1.654000
697,221111,13232,1.654000
698,221428,13216,1.652000
699,221744,13184,1.648000
700,222061,13248,1.656000
701,222379,13248,1.656000
702,222695,13312,1.664000
703,223012,13344,1.668000
704,223329,13312,1.664000
705,223646,13328,1.666000
706,223963,13376,1.672000
707,224279,13344,1.668000
708,224597,13328,1.666000
709,224913,13360,1.670000
710,225230,13408,1.676000
711,225547,13424,1.678000
712,225863,13440,1.680000
713,226181,13424,1.678000
714,226497,13424,1.678000
715,226815,13456,1.682000
716,227131,13520,1.690000
717,227448,13520,1.690000
718,227765,13520,1.690000
719,228082,13568,1.696000
720,228399,13504,1.688000
721,228716,13600,1.700000
722,229032,13536,1.692000
723,229349,13552,1.694000
724,229666,13584,1.698000
725,229983,13472,1.684000
726,230300,13568,1.696000
727,230617,13504,1.688000
728,230934,13456,1.682000
729,231250,13536,1.692000
730,231567,13520,1.690000
731,231884,13440,1.680000
732,232201,13424,1.678000
733,232518,13424,1.678000
734,232835,13408,1.676000
735,233152,13424,1.678000
736,233468,13440,1.680000
737,233785,13472,1.684000
738,234102,13360,1.670000
739,234419,13360,1.670000
740,234736,13360,1.670000
741,235053,13360,1.670000
742,235370,13408,1.676000
743,235686,13312,1.664000
744,236003,13328,1.666000
745,236320,13312,1.664000
746,236636,13248,1.656000
747,236954,13248,1.656000
748,237271,13344,1.668000
749,237588,13200,1.650000
750,237904,13216,1.652000
751,238221,13232,1.654000
752,238539,13264,1.658000
753,238855,13200,1.650000
754,239172,13248,1.656000
755,239489,13168,1.646000
756,239806,13296,1.662000
757,240123,13424,1.678000
758,240439,13312,1.664000
759,240756,13328,1.666000
760,241073,13360,1.670000
761,241390,13408,1.676000
762,241707,13376,1.672000
763,242024,13472,1.684000
764,242340,13424,1.678000
765,242657,13408,1.676000
766,242974,13520,1.690000
767,243291,13504,1.688000
768,243608,13520,1.690000
769,243925,13504,1.688000
770,244242,13440,1.680000
771,244559,13520,1.690000
772,244875,13552,1.694000
773,245192,13552,1.694000
774,245509,13584,1.698000
775,245826,13568,1.696000
776,246143,13536,1.692000
777,246460,13600,1.700000
778,246776,13648,1.706000
779,247093,13552,1.694000
780,247410,13536,1.692000
781,247727,13488,1.686000
782,248044,13536,1.692000
783,248361,13504,1.688000
784,248678,13520,1.690000
785,248995,13472,1.684000
786,249312,13440,1.680000
787,249628,13424,1.678000
788,249945,13392,1.674000
789,250262,13424,1.678000
790,250579,13424,1.678000
791,250896,13376,1.672000
792,251213,13376,1.672000
793,251529,13440,1.680000
794,251846,13408,1.676000
795,252163,13296,1.662000
796,252480,13264,1.658000
797,252797,13296,1.662000
798,253114,13280,1.660000
799,253431,13216,1.652000
800,253747,13216,1.652000
801,254064,13232,1.654000
802,254382,13248,1.656000
803,254698,13280,1.660000
804,255015,13248,1.656000
805,255332,13248,1.656000
806,255648,13280,1.660000
807,255966,13344,1.668000
808,256283,13248,1.656000
809,256599,13328,1.666000
810,256916,13344,1.668000
811,257233,13344,1.668000
812,257550,13392,1.674000
813,257866,13392,1.674000
814,258184,13360,1.670000
815,258501,13456,1.682000
816,258817,13408,1.676000
817,259134,13392,1.674000
818,259451,13408,1.676000
819,259768,13488,1.686000
820,260085,13424,1.678000
821,260402,13472,1.684000
822,260718,13488,1.686000
823,261035,13520,1.690000
824,261352,13520,1.690000
825,261669,13504,1.688000
826,261985,13408,1.676000
827,262303,13536,1.692000
828,262620,13600,1.700000
829,262937,13600,1.700000
830,263254,13552,1.694000
831,263570,13600,1.700000
832,263887,13456,1.682000
833,264204,13536,1.692000
834,264521,13472,1.684000
835,264837,13504,1.688000
836,265155,13504,1.688000
837,265471,13488,1.686000
838,265788,13504,1.688000
839,266105,13568,1.696000
840,266422,13440,1.680000
841,266739,13360,1.670000
842,267055,13424,1.678000
843,267372,13392,1.674000
844,267690,13344,1.668000
845,268006,13520,1.690000
846,268323,13312,1.664000
847,268640,13248,1.656000
848,268957,13296,1.662000
849,269274,13264,1.658000
850,269591,13280,1.660000
851,269907,13264,1.658000
852,270225,13216,1.652000
853,270541,13216,1.652000
854,270858,13296,1.662000
855,271175,13200,1.650000
856,271491,13216,1.652000
857,271809,13216,1.652000
858,272125,13280,1.660000
859,272442,13296,1.662000
860,272758,13312,1.664000
861,273076,13312,1.664000
862,273393,13328,1.666000
863,273710,13328,1.666000
864,274026,13312,1.664000
865,274344,13392,1.674000
866,274660,13344,1.668000
867,274977,13408,1.676000
868,275294,13408,1.676000
869,275611,13440,1.680000
870,275927,13456,1.682000
871,276245,13456,1.682000
872,276561,13472,1.684000
873,276878,13536,1.692000
874,277195,13504,1.688000
875,277511,13504,1.688000
876,277829,13520,1.690000
877,278146,13536,1.692000
878,278462,13568,1.696000
879,278780,13552,1.694000
880,279096,13616,1.702000
881,279413,13584,1.698000
882,279730,13568,1.696000
883,280047,13584,1.698000
884,280364,13552,1.694000
885,280685,13568,1.696000
886,280998,13504,1.688000
887,281315,13504,1.688000
888,281631,13520,1.690000
889,281948,13536,1.692000
890,282265,13456,1.682000
891,282582,13408,1.676000
892,282899,13456,1.682000
893,283216,13424,1.678000
894,283532,13392,1.674000
895,283849,13424,1.678000
896,284166,13392,1.674000
897,284483,13360,1.670000
898,284800,13344,1.668000
899,285117,13344,1.668000
900,285433,13328,1.666000
901,285751,13376,1.672000
902,286067,13296,1.662000
903,286385,13296,1.662000
904,286701,13280,1.660000
905,287018,13248,1.656000
906,287335,13248,1.656000
907,287651,13216,1.652000
908,287968,13200,1.650000
909,288286,13264,1.658000
910,288602,13248,1.656000
911,288919,13264,1.658000
912,289236,13296,1.662000
913,289553,13312,1.664000
914,289870,13360,1.670000
915,290187,13312,1.664000
916,290503,13312,1.664000
917,290820,13360,1.670000
918,291137,13344,1.668000
919,291454,13360,1.670000
920,291771,13408,1.676000
921,292087,13360,1.670000
922,292405,13392,1.674000
923,292721,13504,1.688000
924,293038,13424,1.678000
925,293355,13456,1.682000
926,293672,13472,1.684000
927,293989,13472,1.684000
928,294306,13520,1.690000
929,294622,13584,1.698000
930,294940,13568,1.696000
931,295256,13520,1.690000
932,295573,13520,1.690000
933,295889,13584,1.698000
934,296207,13584,1.698000
935,296524,13584,1.698000
936,296840,13552,1.694000
937,297157,13552,1.694000
938,297474,13568,1.696000
939,297791,13488,1.686000
940,298108,13552,1.694000
941,298425,13472,1.684000
942,298742,13520,1.690000
943,299059,13456,1.682000
944,299376,13376,1.672000
945,299692,13408,1.676000
946,300009,13440,1.680000
947,300326,13376,1.672000
948,300643,13424,1.678000
949,300960,13344,1.668000
950,301277,13376,1.672000
951,301594,13328,1.666000
952,301910,13312,1.664000
953,302227,13296,1.662000
954,302544,13312,1.664000
955,302861,13248,1.656000
956,303178,13264,1.658000
957,303495,13248,1.656000
958,303812,13248,1.656000
959,304128,13248,1.656000
960,304445,13264,1.658000
961,304762,13216,1.652000
962,305079,13248,1.656000
963,305396,13280,1.660000
964,305713,13280,1.660000
965,306029,13216,1.652000
966,306346,13232,1.654000
967,306663,13280,1.660000
968,306981,13360,1.670000
969,307297,13296,1.662000
970,307614,13360,1.670000
971,307931,13344,1.668000
972,308248,13344,1.668000
973,308564,13408,1.676000
974,308881,13376,1.672000
975,309198,13408,1.676000
976,309515,13456,1.682000
977,309832,13424,1.678000
978,310149,13488,1.686000
979,310466,13456,1.682000
980,310782,13568,1.696000
981,311099,13488,1.686000
982,311417,13552,1.694000
983,311733,13584,1.698000
984,312050,13520,1.690000
985,312367,13600,1.700000
986,312686,13568,1.696000
987,313001,13616,1.702000
988,313317,13616,1.702000
989,313634,13568,1.696000
990,313950,13552,1.694000
991,314268,13584,1.698000
992,314585,13520,1.690000
993,314901,13600,1.700000
994,315218,13520,1.690000
995,315535,13456,1.682000
996,315853,13456,1.682000
997,316169,13520,1.690000
998,316486,13408,1.676000
999,316803,13392,1.674000
1000,317119,13408,1.676000
1001,317436,13376,1.672000
1002,317753,13360,1.670000
1003,318070,13376,1.672000
1004,318387,13360,1.670000
1005,318704,13392,1.674000
1006,319021,13328,1.666000
1007,319338,13296,1.662000
1008,319654,13248,1.656000
1009,319971,13264,1.658000
1010,320288,13280,1.660000
1011,320605,13296,1.662000
1012,320922,13232,1.654000
1013,321239,13216,1.652000
1014,321555,13216,1.652000
1015,321872,13312,1.664000
1016,322189,13248,1.656000
1017,322506,13328,1.666000
1018,322823,13296,1.662000
1019,323140,13312,1.664000
1020,323457,13312,1.664000
1021,323774,13360,1.670000
1022,324090,13408,1.676000
1023,324408,13360,1.670000
1024,324724,13376,1.672000
1025,325040,13360,1.670000
1026,325358,13456,1.682000
1027,325675,13408,1.676000
1028,325991,13424,1.678000
1029,326309,13264,1.658000
1030,326625,13504,1.688000
1031,326943,13424,1.678000
1032,327259,13472,1.684000
1033,327576,13504,1.688000
1034,327893,13472,1.684000
1035,328210,13552,1.694000
1036,328526,13712,1.714000
1037,328844,13552,1.694000
1038,329160,13568,1.696000
1039,329477,13616,1.702000
1040,329794,13632,1.704000
1041,330111,13568,1.696000
1042,330428,13744,1.718000
1043,330745,13536,1.692000
1044,331061,13360,1.670000
1045,331378,13552,1.694000
1046,331695,13504,1.688000
1047,332012,13456,1.682000
1048,332329,13472,1.684000
1049,332645,13424,1.678000
1050,332963,13488,1.686000
1051,333279,13440,1.680000
1052,333597,13456,1.682000
1053,333913,13376,1.672000
1054,334230,13424,1.678000
1055,334547,13392,1.674000
1056,334864,13392,1.674000
1057,335181,13280,1.660000
1058,335497,13328,1.666000
1059,335814,13280,1.660000
1060,336131,13264,1.658000
1061,336448,13312,1.664000
1062,336765,13248,1.656000
1063,337081,13216,1.652000
1064,337398,13104,1.638000
1065,337716,13232,1.654000
1066,338032,13216,1.652000
1067,338349,13248,1.656000
1068,338666,13264,1.658000
1069,338983,13280,1.660000
1070,339300,13184,1.648000
1071,339617,13328,1.666000
1072,339934,13328,1.666000
1073,340250,13296,1.662000
1074,340567,13360,1.670000
1075,340884,13344,1.668000
1076,341201,13360,1.670000
1077,341518,13408,1.676000
1078,341835,13424,1.678000
1079,342152,13408,1.676000
1080,342468,13424,1.678000
1081,342786,13408,1.676000
1082,343102,13424,1.678000
1083,343419,13424,1.678000
1084,343735,13488,1.686000
1085,344053,13536,1.692000
1086,344370,13520,1.690000
1087,344687,13472,1.684000
1088,345004,13584,1.698000
1089,345320,13504,1.688000
1090,345637,13584,1.698000
1091,345954,13568,1.696000
1092,346271,13600,1.700000
1093,346587,13568,1.696000
1094,346904,13520,1.690000
1095,347221,13536,1.692000
1096,347538,13552,1.694000
1097,347855,13520,1.690000
1098,348172,13488,1.686000
1099,348489,13536,1.692000
1100,348806,13440,1.680000
1101,349122,13440,1.680000
1102,349440,13440,1.680000
1103,349756,13440,1.680000
1104,350073,13424,1.678000
1105,350390,13408,1.676000
1106,350706,13408,1.676000
1107,351024,13472,1.684000
1108,351341,13344,1.668000
1109,351657,13376,1.672000
1110,351974,13344,1.668000
1111,352292,13312,1.664000
1112,352608,13328,1.666000
1113,352925,13472,1.684000
1114,353242,13312,1.664000
1115,353558,13296,1.662000
1116,353875,13248,1.656000
1117,354193,13248,1.656000
1118,354509,13248,1.656000
1119,354826,13280,1.660000
1120,355143,13376,1.672000
1121,355460,13264,1.658000
1122,355776,13248,1.656000
1123,356094,13280,1.660000
1124,356410,13264,1.658000
1125,356727,13360,1.670000
1126,357044,13312,1.664000
1127,357361,13344,1.668000
1128,357678,13440,1.680000
1129,357994,13328,1.666000
1130,358311,13408,1.676000
1131,358628,13376,1.672000
1132,358945,13408,1.676000
1133,359262,13456,1.682000
1134,359579,13424,1.678000
1135,359896,13440,1.680000
1136,360213,13472,1.684000
1137,360530,13472,1.684000
1138,360846,13440,1.680000
1139,361163,13504,1.688000
1140,361480,13504,1.688000
1141,361797,13472,1.684000
1142,362114,13568,1.696000
1143,362431,13584,1.698000
1144,362747,13552,1.694000
1145,363064,13568,1.696000
1146,363382,13552,1.694000
1147,363698,13536,1.692000
1148,364015,13504,1.688000
1149,364332,13584,1.698000
1150,364649,13488,1.686000
1151,364965,13488,1.686000
1152,365283,13472,1.684000
1153,365599,13440,1.680000
1154,365916,13456,1.682000
1155,366233,13408,1.676000
1156,366550,13440,1.680000
1157,366866,13392,1.674000
1158,367184,13424,1.678000
1159,367501,13392,1.674000
1160,367817,13392,1.674000
1161,368134,13360,1.670000
1162,368451,13360,1.670000
1163,368768,13328,1.666000
1164,369085,13328,1.666000
1165,369402,13296,1.662000
1166,369718,13328,1.666000
1167,370035,13280,1.660000
1168,370352,13280,1.660000
1169,370669,13216,1.652000
1170,370986,13232,1.654000
1171,371303,13232,1.654000
1172,371619,13216,1.652000
1173,371937,13264,1.658000
1174,372254,13264,1.658000
1175,372570,13264,1.658000
1176,372887,13360,1.670000
1177,373204,13296,1.662000
1178,373521,13344,1.668000
1179,373838,13312,1.664000
1180,374154,13296,1.662000
1181,374471,13328,1.666000
1182,374788,13424,1.678000
1183,375105,13392,1.674000
1184,375421,13376,1.672000
1185,375739,13392,1.674000
1186,376055,13472,1.684000
1187,376373,13440,1.680000
1188,376689,13424,1.678000
1189,377006,13504,1.688000
1190,377323,13472,1.684000
1191,377640,13504,1.688000
1192,377957,13520,1.690000
1193,378274,13536,1.692000
1194,378591,13584,1.698000
1195,378907,13568,1.696000
1196,379224,13648,1.706000
1197,379541,13584,1.698000
1198,379858,13568,1.696000
1199,380175,13584,1.698000
1200,380492,13552,1.694000
1201,380809,13552,1.694000
1202,381125,13552,1.694000
1203,381442,13424,1.678000
1204,381759,13520,1.690000
1205,382076,13520,1.690000
1206,382393,13440,1.680000
1207,382710,13424,1.678000
1208,383026,13456,1.682000
1209,383344,13440,1.680000
1210,383660,13376,1.672000
1211,383977,13344,1.668000
1212,384294,13408,1.676000
1213,384611,13392,1.674000
1214,384927,13344,1.668000
1215,385244,13328,1.666000
1216,385562,13328,1.666000
1217,385878,13296,1.662000
1218,386196,13264,1.658000
1219,386512,13312,1.664000
1220,386829,13280,1.660000
1221,387145,13232,1.654000
1222,387463,13280,1.660000
1223,387780,13200,1.650000
1224,388096,13232,1.654000
1225,388413,13184,1.648000
1226,388730,13200,1.650000
1227,389047,13248,1.656000
1228,389364,13264,1.658000
1229,389685,13296,1.662000
1230,389998,13312,1.664000
1231,390314,13328,1.666000
1232,390631,13312,1.664000
1233,390948,13360,1.670000
1234,391265,13392,1.674000
1235,391581,13376,1.672000
1236,391898,13424,1.678000
1237,392216,13440,1.680000
1238,392532,13472,1.684000
1239,392849,13472,1.684000
1240,393166,13456,1.682000
1241,393483,13520,1.690000
1242,393800,13472,1.684000
1243,394117,13504,1.688000
1244,394433,13504,1.688000
1245,394751,13568,1.696000
1246,395067,13520,1.690000
1247,395384,13552,1.694000
1248,395701,13584,1.698000
1249,396017,13632,1.704000
1250,396334,13584,1.698000
1251,396652,13600,1.700000
1252,396968,13536,1.692000
1253,397285,13520,1.690000
1254,397602,13520,1.690000
1255,397919,13504,1.688000
1256,398236,13472,1.684000
1257,398553,13488,1.686000
1258,398870,13456,1.682000
1259,399187,13440,1.680000
1260,399503,13408,1.676000
1261,399820,13456,1.682000
1262,400137,13456,1.682000
1263,400453,13408,1.676000
1264,400771,13392,1.674000
1265,401088,13408,1.676000
1266,401405,13360,1.670000
1267,401721,13184,1.648000
1268,402039,13344,1.668000
1269,402355,13328,1.666000
1270,402672,13312,1.664000
1271,402989,13296,1.662000
1272,403305,13248,1.656000
1273,403623,13200,1.650000
1274,403940,13264,1.658000
1275,404256,13232,1.654000
1276,404573,13264,1.658000
1277,404890,13184,1.648000
1278,405207,13264,1.658000
1279,405524,13296,1.662000
1280,405840,13248,1.656000
1281,406157,13216,1.652000
1282,406474,13296,1.662000
1283,406791,13296,1.662000
1284,407108,13328,1.666000
1285,407425,13344,1.668000
1286,407742,13376,1.672000
1287,408059,13392,1.674000
1288,408375,13408,1.676000
1289,408692,13376,1.672000
1290,409009,13456,1.682000
1291,409326,13456,1.682000
1292,409642,13472,1.684000
1293,409960,13440,1.680000
1294,410277,13504,1.688000
1295,410593,13536,1.692000
1296,410910,13504,1.688000
1297,411227,13520,1.690000
1298,411544,13536,1.692000
1299,411861,13568,1.696000
1300,412178,13584,1.698000
1301,412495,13568,1.696000
1302,412811,13616,1.702000
1303,413128,13632,1.704000
1304,413446,13456,1.682000
1305,413762,13568,1.696000
1306,414079,13568,1.696000
1307,414395,13488,1.686000
1308,414712,13520,1.690000
1309,415029,13552,1.694000
1310,415347,13536,1.692000
1311,415663,13456,1.682000
1312,415980,13488,1.686000
1313,416297,13472,1.684000
1314,416614,13408,1.676000
1315,416930,13408,1.676000
1316,417247,13344,1.668000
1317,417565,13568,1.696000
1318,417881,13328,1.666000
1319,418198,13328,1.666000
1320,418515,13392,1.674000
1321,418831,13344,1.668000
1322,419149,13280,1.660000
1323,419465,13312,1.664000
1324,419782,13296,1.662000
1325,420100,13216,1.652000
1326,420416,13232,1.654000
1327,420733,13216,1.652000
1328,421050,13232,1.654000
1329,421367,13248,1.656000
1330,421685,13104,1.638000
1331,422000,13232,1.654000
1332,422317,13328,1.666000
1333,422634,13296,1.662000
1334,422950,13280,1.660000
1335,423268,13280,1.660000
1336,423585,13456,1.682000
1337,423901,13328,1.666000
1338,424218,13232,1.654000
1339,424535,13376,1.672000
1340,424852,13376,1.672000
1341,425169,13376,1.672000
1342,425486,13408,1.676000
1343,425803,13408,1.676000
1344,426120,13424,1.678000
1345,426436,13344,1.668000
1346,426753,13488,1.686000
1347,427070,13504,1.688000
1348,427387,13504,1.688000
1349,427703,13536,1.692000
1350,428021,13552,1.694000
1351,428338,13632,1.704000
1352,428654,13568,1.696000
1353,428971,13600,1.700000
1354,429288,13616,1.702000
1355,429605,13600,1.700000
1356,429922,13600,1.700000
1357,430239,13600,1.700000
1358,430555,13536,1.692000
1359,430872,13584,1.698000
1360,431189,13536,1.692000
1361,431506,13488,1.686000
1362,431822,13472,1.684000
1363,432140,13424,1.678000
1364,432457,13456,1.682000
1365,432774,13456,1.682000
1366,433090,13424,1.678000
1367,433407,13440,1.680000
1368,433724,13360,1.670000
1369,434040,13360,1.670000
1370,434357,13344,1.668000
1371,434675,13328,1.666000
1372,434991,13328,1.666000
1373,435308,13312,1.664000
1374,435625,13280,1.660000
1375,435942,13344,1.668000
1376,436259,13312,1.664000
1377,436576,13264,1.658000
1378,436892,13232,1.654000
1379,437210,13216,1.652000
1380,437527,13216,1.652000
1381,437843,13232,1.654000
1382,438160,13248,1.656000
1383,438477,13232,1.654000
1384,438794,13264,1.658000
1385,439111,13216,1.652000
1386,439428,13312,1.664000
1387,439744,13360,1.670000
1388,440061,13424,1.678000
1389,440379,13328,1.666000
1390,440695,13312,1.664000
1391,441012,13376,1.672000
1392,441329,13344,1.668000
1393,441646,13392,1.674000
1394,441963,13536,1.692000
1395,442280,13392,1.674000
1396,442596,13424,1.678000
1397,442913,13440,1.680000
1398,443229,13472,1.684000
1399,443547,13456,1.682000
1400,443864,13504,1.688000
1401,444180,13552,1.694000
1402,444497,13520,1.690000
1403,444814,13552,1.694000
1404,445131,13536,1.692000
1405,445447,13584,1.698000
1406,445765,13584,1.698000
1407,446082,13616,1.702000
1408,446399,13504,1.688000
1409,446716,13520,1.690000
1410,447032,13600,1.700000
1411,447349,13536,1.692000
1412,447666,13520,1.690000
1413,447983,13504,1.688000
1414,448300,13504,1.688000
1415,448617,13488,1.686000
1416,448934,13440,1.680000
1417,449251,13504,1.688000
1418,449567,13488,1.686000
1419,449884,13408,1.676000
1420,450201,13424,1.678000
1421,450518,13408,1.676000
1422,450835,13360,1.670000
1423,451151,13424,1.678000
1424,451469,13344,1.668000
1425,451785,13392,1.674000
1426,452102,13280,1.660000
1427,452419,13312,1.664000
1428,452736,13248,1.656000
1429,453052,13216,1.652000
1430,453370,13248,1.656000
1431,453686,13248,1.656000
1432,454003,13248,1.656000
1433,454320,13184,1.648000
1434,454637,13264,1.658000
1435,454954,13232,1.654000
1436,455271,13264,1.658000
1437,455587,13216,1.652000
1438,455904,13296,1.662000
1439,456221,13344,1.668000
1440,456538,13328,1.666000
1441,456855,13312,1.664000
1442,457172,13312,1.664000
1443,457489,13328,1.666000
1444,457806,13376,1.672000
1445,458122,13408,1.676000
1446,458439,13376,1.672000
1447,458756,13408,1.676000
1448,459073,13408,1.676000
1449,459390,13424,1.678000
1450,459707,13424,1.678000
1451,460024,13472,1.684000
1452,460340,13504,1.688000
1453,460657,13472,1.684000
1454,460974,13552,1.694000
1455,461291,13504,1.688000
1456,461608,13568,1.696000
1457,461925,13568,1.696000
1458,462242,13568,1.696000
1459,462559,13584,1.698000
1460,462875,13584,1.698000
1461,463192,13584,1.698000
1462,463509,13552,1.694000
1463,463826,13552,1.694000
1464,464143,13552,1.694000
1465,464460,13504,1.688000
1466,464776,13536,1.692000
1467,465094,13504,1.688000
1468,465410,13472,1.684000
1469,465727,13472,1.684000
1470,466044,13408,1.676000
1471,466361,13424,1.678000
1472,466678,13488,1.686000
1473,466995,13440,1.680000
1474,467311,13392,1.674000
1475,467628,13360,1.670000
1476,467945,13344,1.668000
1477,468262,13296,1.662000
1478,468579,13408,1.676000
1479,468896,13280,1.660000
1480,469213,13296,1.662000
1481,469529,13264,1.658000
1482,469846,13232,1.654000
1483,470163,13280,1.660000
1484,470480,13248,1.656000
1485,470797,13152,1.644000
1486,471114,13184,1.648000
1487,471430,13184,1.648000
1488,471748,13264,1.658000
1489,472064,13248,1.656000
1490,472381,13264,1.658000
1491,472698,13264,1.658000
1492,473015,13344,1.668000
1493,473332,13408,1.676000
1494,473649,13296,1.662000
1495,473965,13328,1.666000
1496,474282,13344,1.668000
1497,474599,13392,1.674000
1498,474916,13392,1.674000
1499,475233,13408,1.676000
1500,475550,13360,1.670000
1501,475867,13456,1.682000
1502,476184,13472,1.684000
1503,476501,13488,1.686000
1504,476817,13456,1.682000
1505,477134,13472,1.684000
1506,477451,13504,1.688000
1507,477768,13520,1.690000
1508,478085,13568,1.696000
1509,478402,13536,1.692000
1510,478719,13552,1.694000
1511,479035,13568,1.696000
1512,479352,13552,1.694000
1513,479669,13616,1.702000
1514,479986,13536,1.692000
1515,480303,13520,1.690000
1516,480619,13488,1.686000
1517,480937,13552,1.694000
1518,481253,13488,1.686000
1519,481571,13456,1.682000
1520,481887,13488,1.686000
1521,482204,13520,1.690000
1522,482521,13504,1.688000
1523,482838,13472,1.684000
1524,483154,13376,1.672000
1525,483471,13360,1.670000
1526,483788,13456,1.682000
1527,484105,13376,1.672000
1528,484421,13408,1.676000
1529,484739,13392,1.674000
1530,485056,13344,1.668000
1531,485373,13280,1.660000
1532,485689,13312,1.664000
1533,486006,13280,1.660000
1534,486323,13296,1.662000
1535,486640,13376,1.672000
1536,486957,13280,1.660000
1537,487274,13232,1.654000
1538,487591,13200,1.650000
1539,487907,13216,1.652000
1540,488224,13248,1.656000
1541,488541,13264,1.658000
1542,488858,13200,1.650000
1543,489175,13264,1.658000
1544,489491,13312,1.664000
1545,489809,13312,1.664000
1546,490125,13280,1.660000
1547,490442,13344,1.668000
1548,490758,13136,1.642000
1549,491076,13360,1.670000
1550,491393,13392,1.674000
1551,491710,13360,1.670000
1552,492026,13328,1.666000
1553,492343,13408,1.676000
1554,492660,13456,1.682000
1555,492976,13520,1.690000
1556,493293,13456,1.682000
1557,493611,13472,1.684000
1558,493927,13504,1.688000
1559,494245,13488,1.686000
1560,494561,13472,1.684000
1561,494878,13536,1.692000
1562,495195,13552,1.694000
1563,495512,13584,1.698000
1564,495828,13616,1.702000
1565,496146,13552,1.694000
1566,496462,13616,1.702000
1567,496780,13552,1.694000
1568,497096,13568,1.696000
1569,497413,13536,1.692000
1570,497730,13552,1.694000
1571,498046,13536,1.692000
1572,498364,13456,1.682000
1573,498685,13456,1.682000
1574,498997,13472,1.684000
1575,499314,13456,1.682000
1576,499631,13488,1.686000
1577,499948,13424,1.678000
1578,500265,13392,1.674000
1579,500582,13392,1.674000
1580,500899,13376,1.672000
1581,501216,13360,1.670000
1582,501532,13328,1.666000
1583,501849,13344,1.668000
1584,502166,13360,1.670000
1585,502483,13312,1.664000
1586,502800,13344,1.668000
1587,503116,13312,1.664000
1588,503433,13216,1.652000
1589,503750,13248,1.656000
1590,504067,13296,1.662000
1591,504384,13328,1.666000
1592,504701,13216,1.652000
1593,505018,13232,1.654000
1594,505334,13232,1.654000
1595,505652,13280,1.660000
1596,505968,13264,1.658000
1597,506286,13344,1.668000
1598,506602,13520,1.690000
1599,506919,13312,1.664000
1600,507236,13312,1.664000
1601,507553,13376,1.672000
1602,507869,13376,1.672000
1603,508186,13360,1.670000
1604,508503,13408,1.676000
1605,508819,13456,1.682000
1606,509137,13472,1.684000
1607,509454,13456,1.682000
1608,509770,13456,1.682000
1609,510088,13424,1.678000
1610,510404,13504,1.688000
1611,510721,13424,1.678000
1612,511038,13504,1.688000
1613,511355,13616,1.702000
1614,511672,13568,1.696000
1615,511989,13552,1.694000
1616,512306,13552,1.694000
1617,512622,13584,1.698000
1618,512939,13616,1.702000
1619,513256,13520,1.690000
1620,513573,13536,1.692000
1621,513890,13552,1.694000
1622,514207,13504,1.688000
1623,514524,13552,1.694000
1624,514840,13536,1.692000
1625,515157,13472,1.684000
1626,515474,13328,1.666000
1627,515791,13504,1.688000
1628,516108,13488,1.686000
1629,516424,13424,1.678000
1630,516741,13392,1.674000
1631,517059,13344,1.668000
1632,517375,13360,1.670000
1633,517692,13376,1.672000
1634,518009,13376,1.672000
1635,518326,13376,1.672000
1636,518643,13344,1.668000
1637,518960,13360,1.670000
1638,519277,13312,1.664000
1639,519593,13264,1.658000
1640,519910,13216,1.652000
1641,520227,13312,1.664000
1642,520544,13264,1.658000
1643,520860,13168,1.646000
1644,521178,13184,1.648000
1645,521495,13216,1.652000
1646,521811,13248,1.656000
1647,522128,13232,1.654000
1648,522445,13360,1.670000
1649,522762,13232,1.654000
1650,523079,13328,1.666000
1651,523395,13312,1.664000
1652,523712,13360,1.670000
1653,524030,13360,1.670000
1654,524346,13344,1.668000
1655,524663,13360,1.670000
1656,524980,13472,1.684000
1657,525297,13392,1.674000
1658,525613,13392,1.674000
1659,525931,13504,1.688000
1660,526248,13424,1.678000
1661,526564,13424,1.678000
1662,526881,13456,1.682000
1663,527198,13488,1.686000
1664,527515,13504,1.688000
1665,527831,13488,1.686000
1666,528149,13552,1.694000
1667,528465,13568,1.696000
1668,528782,13552,1.694000
1669,529099,13696,1.712000
1670,529416,13600,1.700000
1671,529733,13648,1.706000
1672,530050,13600,1.700000
1673,530366,13568,1.696000
1674,530685,13584,1.698000
1675,531000,13664,1.708000
1676,531317,13488,1.686000
1677,531634,13552,1.694000
1678,531951,13520,1.690000
1679,532268,13536,1.692000
1680,532584,13440,1.680000
1681,532901,13392,1.674000
1682,533218,13392,1.674000
1683,533535,13424,1.678000
1684,533852,13424,1.678000
1685,534169,13392,1.674000
1686,534486,13328,1.666000
1687,534802,13392,1.674000
1688,535119,13360,1.670000
1689,535436,13280,1.660000
1690,535753,13248,1.656000
1691,536070,13280,1.660000
1692,536387,13296,1.662000
1693,536704,13248,1.656000
1694,537020,13200,1.650000
1695,537338,13296,1.662000
1696,537654,13248,1.656000
1697,537971,13184,1.648000
1698,538288,13248,1.656000
1699,538605,13264,1.658000
1700,538922,13280,1.660000
1701,539239,13280,1.660000
1702,539556,13312,1.664000
1703,539872,13248,1.656000
1704,540189,13312,1.664000
1705,540506,13360,1.670000
1706,540823,13376,1.672000
1707,541140,13360,1.670000
1708,541457,13360,1.670000
1709,541774,13424,1.678000
1710,542090,13392,1.674000
1711,542408,13392,1.674000
1712,542724,13392,1.674000
1713,543041,13440,1.680000
1714,543358,13440,1.680000
1715,543675,13488,1.686000
1716,543992,13456,1.682000
1717,544309,13504,1.688000
1718,544625,13520,1.690000
1719,544942,13552,1.694000
1720,545259,13584,1.698000
1721,545575,13504,1.688000
1722,545893,13568,1.696000
1723,546209,13600,1.700000
1724,546526,13600,1.700000
1725,546843,13536,1.692000
1726,547160,13536,1.692000
1727,547477,13520,1.690000
1728,547793,13568,1.696000
1729,548111,13472,1.684000
1730,548427,13472,1.684000
1731,548744,13440,1.680000
1732,549061,13504,1.688000
1733,549378,13472,1.684000
1734,549695,13456,1.682000
1735,550011,13408,1.676000
1736,550329,13440,1.680000
1737,550646,13392,1.674000
1738,550962,13408,1.676000
1739,551280,13408,1.676000
1740,551596,13328,1.666000
1741,551913,13360,1.670000
1742,552230,13328,1.666000
1743,552547,13264,1.658000
1744,552864,13280,1.660000
1745,553180,13264,1.658000
1746,553498,13264,1.658000
1747,553814,13216,1.652000
1748,554131,13200,1.650000
1749,554448,13232,1.654000
1750,554765,13280,1.660000
1751,555082,13216,1.652000
1752,555399,13216,1.652000
1753,555715,13280,1.660000
1754,556032,13264,1.658000
1755,556349,13344,1.668000
1756,556666,13344,1.668000
1757,556983,13360,1.670000
1758,557300,13376,1.672000
1759,557617,13392,1.674000
1760,557933,13328,1.666000
1761,558251,13360,1.670000
1762,558567,13392,1.674000
1763,558884,13360,1.670000
1764,559201,13408,1.676000
1765,559518,13424,1.678000
1766,559834,13472,1.684000
1767,560152,13472,1.684000
1768,560468,13488,1.686000
1769,560785,13520,1.690000
1770,561102,13488,1.686000
1771,561419,13568,1.696000
1772,561736,13536,1.692000
1773,562052,13600,1.700000
1774,562369,13616,1.702000
1775,562686,13600,1.700000
1776,563003,13552,1.694000
1777,563320,13584,1.698000
1778,563637,13520,1.690000
1779,563954,13520,1.690000
1780,564271,13552,1.694000
1781,564587,13504,1.688000
1782,564904,13472,1.684000
1783,565221,13504,1.688000
1784,565538,13488,1.686000
1785,565855,13440,1.680000
1786,566172,13424,1.678000
1787,566489,13408,1.676000
1788,566805,13408,1.676000
1789,567122,13408,1.676000
1790,567439,13312,1.664000
1791,567756,13360,1.670000
1792,568072,13344,1.668000
1793,568390,13280,1.660000
1794,568706,13328,1.666000
1795,569024,13328,1.666000
1796,569340,13328,1.666000
1797,569658,13264,1.658000
1798,569974,13296,1.662000
1799,570291,13296,1.662000
1800,570608,13264,1.658000
1801,570924,13296,1.662000
1802,571241,13200,1.650000
1803,571559,13216,1.652000
1804,571875,13232,1.654000
1805,572192,13312,1.664000
1806,572509,13264,1.658000
1807,572826,13264,1.658000
1808,573143,13248,1.656000
1809,573459,13392,1.674000
1810,573776,13296,1.662000
1811,574094,13328,1.666000
1812,574410,13408,1.676000
1813,574727,13376,1.672000
1814,575044,13344,1.668000
1815,575361,13408,1.676000
1816,575677,13440,1.680000
1817,575994,13408,1.676000
1818,576311,13472,1.684000
1819,576628,13472,1.684000
1820,576945,13472,1.684000
1821,577262,13472,1.684000
1822,577579,13520,1.690000
1823,577896,13648,1.706000
1824,578213,13584,1.698000
1825,578529,13584,1.698000
1826,578846,13536,1.692000
1827,579163,13584,1.698000
1828,579480,13584,1.698000
1829,579797,13424,1.678000
1830,580114,13552,1.694000
1831,580431,13552,1.694000
1832,580747,13536,1.692000
1833,581064,13536,1.692000
1834,581381,13424,1.678000
1835,581698,13472,1.684000
1836,582015,13376,1.672000
1837,582331,13520,1.690000
1838,582649,13472,1.684000
1839,582965,13440,1.680000
1840,583282,13440,1.680000
1841,583599,13408,1.676000
1842,583916,13568,1.696000
1843,584232,13408,1.676000
1844,584550,13408,1.676000
1845,584866,13312,1.664000
1846,585183,13328,1.666000
1847,585501,13344,1.668000
1848,585817,13312,1.664000
1849,586134,13264,1.658000
1850,586451,13280,1.660000
1851,586767,13248,1.656000
1852,587085,13264,1.658000
1853,587401,13248,1.656000
1854,587718,13232,1.654000
1855,588035,13264,1.658000
1856,588352,13200,1.650000
1857,588669,13232,1.654000
1858,588986,13296,1.662000
1859,589303,13216,1.652000
1860,589619,13312,1.664000
1861,589936,13328,1.666000
1862,590254,13360,1.670000
1863,590570,13376,1.672000
1864,590887,13376,1.672000
1865,591204,13344,1.668000
1866,591521,13392,1.674000
1867,591837,13424,1.678000
1868,592154,13376,1.672000
1869,592471,13360,1.670000
1870,592788,13408,1.676000
1871,593104,13472,1.684000
1872,593422,13472,1.684000
1873,593739,13488,1.686000
1874,594055,13504,1.688000
1875,594372,13504,1.688000
1876,594689,13536,1.692000
1877,595006,13552,1.694000
1878,595323,13568,1.696000
1879,595640,13744,1.718000
1880,595956,13568,1.696000
1881,596273,13552,1.694000
1882,596590,13536,1.692000
1883,596907,13600,1.700000
1884,597224,13504,1.688000
1885,597541,13680,1.710000
1886,597857,13536,1.692000
1887,598175,13472,1.684000
1888,598492,13504,1.688000
1889,598808,13440,1.680000
1890,599126,13440,1.680000
1891,599442,13456,1.682000
1892,599759,13296,1.662000
1893,600075,13424,1.678000
1894,600393,13472,1.684000
1895,600710,13392,1.674000
1896,601026,13360,1.670000
1897,601343,13328,1.666000
1898,601660,13296,1.662000
1899,601977,13328,1.666000
1900,602294,13264,1.658000
1901,602611,13312,1.664000
1902,602928,13296,1.662000
1903,603245,13248,1.656000
1904,603561,13216,1.652000
1905,603878,13312,1.664000
1906,604195,13296,1.662000
1907,604511,13040,1.630000
1908,604829,13232,1.654000
1909,605146,13280,1.660000
1910,605462,13296,1.662000
1911,605779,13248,1.656000
1912,606096,13216,1.652000
1913,606413,13248,1.656000
1914,606730,13376,1.672000
1915,607046,13264,1.658000
1916,607364,13296,1.662000
1917,607684,13344,1.668000
1918,607997,13344,1.668000
1919,608314,13344,1.668000
1920,608631,13456,1.682000
1921,608947,13392,1.674000
1922,609264,13456,1.682000
1923,609582,13424,1.678000
1924,609898,13456,1.682000
1925,610215,13504,1.688000
1926,610533,13632,1.704000
1927,610849,13520,1.690000
1928,611166,13504,1.688000
1929,611482,13504,1.688000
1930,611800,13552,1.694000
1931,612116,13520,1.690000
1932,612433,13552,1.694000
1933,612750,13584,1.698000
1934,613067,13584,1.698000
1935,613384,13536,1.692000
1936,613701,13504,1.688000
1937,614017,13552,1.694000
1938,614335,13520,1.690000
1939,614651,13504,1.688000
1940,614968,13504,1.688000
1941,615285,13520,1.690000
1942,615602,13520,1.690000
1943,615919,13504,1.688000
1944,616236,13456,1.682000
1945,616553,13440,1.680000
1946,616869,13424,1.678000
1947,617186,13392,1.674000
1948,617503,13376,1.672000
1949,617820,13328,1.666000
1950,618137,13328,1.666000
1951,618454,13328,1.666000
1952,618770,13312,1.664000
1953,619088,13312,1.664000
1954,619404,13264,1.658000
1955,619721,13280,1.660000
1956,620038,13296,1.662000
1957,620355,13232,1.654000
1958,620672,13248,1.656000
1959,620989,13296,1.662000
1960,621306,13248,1.656000
1961,621622,13248,1.656000
1962,621939,13248,1.656000
1963,622256,13312,1.664000
1964,622573,13264,1.658000
1965,622890,13264,1.658000
1966,623207,13296,1.662000
1967,623523,13280,1.660000
1968,623840,13344,1.668000
1969,624157,13360,1.670000
1970,624474,13376,1.672000
1971,624791,13360,1.670000
1972,625107,13440,1.680000
1973,625425,13392,1.674000
1974,625742,13376,1.672000
1975,626058,13408,1.676000
1976,626375,13520,1.690000
1977,626692,13456,1.682000
1978,627008,13440,1.680000
1979,627325,13472,1.684000
1980,627643,13504,1.688000
1981,627960,13536,1.692000
1982,628276,13552,1.694000
1983,628593,13552,1.694000
1984,628910,13520,1.690000
1985,629227,13552,1.694000
1986,629544,13616,1.702000
1987,629860,13520,1.690000
1988,630178,13520,1.690000
1989,630494,13552,1.694000
1990,630812,13536,1.692000
1991,631128,13568,1.696000
1992,631445,13472,1.684000
1993,631761,13488,1.686000
1994,632079,13424,1.678000
1995,632396,13424,1.678000
1996,632712,13472,1.684000
1997,633029,13456,1.682000
1998,633346,13376,1.672000
1999,633663,13472,1.684000
2000,633980,13376,1.672000
2001,634296,13408,1.676000
2002,634614,13360,1.670000
2003,634930,13360,1.670000
2004,635247,13360,1.670000
2005,635564,13312,1.664000
2006,635881,13296,1.662000
2007,636198,13280,1.660000
2008,636514,13248,1.656000
2009,636832,13328,1.666000
2010,637148,13264,1.658000
2011,637465,13264,1.658000
2012,637782,13200,1.650000
2013,638099,13232,1.654000
2014,638415,13248,1.656000
2015,638733,13200,1.650000
2016,639049,13312,1.664000
2017,639366,13264,1.658000
2018,639685,13280,1.660000
2019,640000,13328,1.666000
2020,640317,13328,1.666000
2021,640634,13328,1.666000
2022,640950,13360,1.670000
2023,641268,13408,1.676000
2024,641584,13456,1.682000
2025,641901,13392,1.674000
2026,642219,13488,1.686000
2027,642535,13456,1.682000
2028,642852,13456,1.682000
2029,643169,13424,1.678000
2030,643486,13504,1.688000
2031,643803,13504,1.688000
2032,644119,13568,1.696000
2033,644436,13440,1.680000
2034,644753,13584,1.698000
2035,645070,13536,1.692000
2036,645387,13552,1.694000
2037,645704,13600,1.700000
2038,646020,13616,1.702000
2039,646337,13504,1.688000
2040,646654,13520,1.690000
2041,646971,13632,1.704000
2042,647288,13552,1.694000
2043,647605,13504,1.688000
2044,647921,13488,1.686000
2045,648238,13488,1.686000
2046,648555,13456,1.682000
2047,648872,13472,1.684000
2048,649189,13440,1.680000
2049,649506,13424,1.678000
2050,649822,13520,1.690000
2051,650140,13424,1.678000
2052,650457,13376,1.672000
2053,650773,13440,1.680000
2054,651090,13424,1.678000
2055,651407,13376,1.672000
2056,651724,13392,1.674000
2057,652041,13344,1.668000
2058,652358,13296,1.662000
2059,652674,13296,1.662000
2060,652991,13328,1.666000
2061,653308,13248,1.656000
2062,653625,13264,1.658000
2063,653942,13248,1.656000
2064,654259,13248,1.656000
2065,654575,13216,1.652000
2066,654892,13184,1.648000
2067,655209,13216,1.652000
2068,655526,13312,1.664000
2069,655843,13296,1.662000
2070,656160,13328,1.666000
2071,656477,13296,1.662000
2072,656794,13312,1.664000
2073,657110,13360,1.670000
2074,657428,13328,1.666000
2075,657744,13424,1.678000
2076,658061,13376,1.672000
2077,658378,13376,1.672000
2078,658695,13392,1.674000
2079,659012,13392,1.674000
2080,659329,13472,1.684000
2081,659646,13440,1.680000
2082,659962,13440,1.680000
2083,660279,13472,1.684000
2084,660596,13520,1.690000
2085,660913,13520,1.690000
2086,661230,13568,1.696000
2087,661547,13552,1.694000
2088,661864,13536,1.692000
2089,662181,13568,1.696000
2090,662497,13552,1.694000
2091,662814,13584,1.698000
2092,663131,13600,1.700000
2093,663448,13632,1.704000
2094,663765,13536,1.692000
2095,664081,13488,1.686000
2096,664398,13504,1.688000
2097,664715,13504,1.688000
2098,665032,13488,1.686000
2099,665349,13488,1.686000
2100,665665,13488,1.686000
2101,665983,13424,1.678000
2102,666300,13424,1.678000
2103,666616,13456,1.682000
2104,666933,13376,1.672000
2105,667250,13376,1.672000
2106,667567,13376,1.672000
2107,667884,13376,1.672000
2108,668201,13344,1.668000
2109,668517,13408,1.676000
2110,668834,13264,1.658000
2111,669151,13360,1.670000
2112,669468,13328,1.666000
2113,669785,13232,1.654000
2114,670101,13280,1.660000
2115,670419,13280,1.660000
2116,670735,13200,1.650000
2117,671053,13264,1.658000
2118,671369,13248,1.656000
2119,671686,13184,1.648000
2120,672003,13280,1.660000
2121,672320,13248,1.656000
2122,672637,13248,1.656000
2123,672953,13344,1.668000
2124,673270,13328,1.666000
2125,673587,13344,1.668000
2126,673904,13344,1.668000
2127,674221,13376,1.672000
2128,674538,13376,1.672000
2129,674855,13392,1.674000
2130,675172,13328,1.666000
2131,675489,13392,1.674000
2132,675805,13360,1.670000
2133,676122,13488,1.686000
2134,676438,13472,1.684000
2135,676756,13456,1.682000
2136,677073,13472,1.684000
2137,677389,13552,1.694000
2138,677706,13472,1.684000
2139,678023,13552,1.694000
2140,678340,13520,1.690000
2141,678657,13568,1.696000
2142,678974,13536,1.692000
2143,679291,13648,1.706000
2144,679607,13616,1.702000
2145,679925,13536,1.692000
2146,680242,13520,1.690000
2147,680558,13552,1.694000
2148,680875,13552,1.694000
2149,681192,13472,1.684000
2150,681509,13488,1.686000
2151,681825,13520,1.690000
2152,682143,13472,1.684000
2153,682459,13472,1.684000
2154,682776,13440,1.680000
2155,683093,13440,1.680000
2156,683410,13472,1.684000
2157,683727,13440,1.680000
2158,684044,13328,1.666000
2159,684360,13408,1.676000
2160,684677,13472,1.684000
2161,684994,13296,1.662000
2162,685311,13328,1.666000
2163,685628,13296,1.662000
2164,685945,13216,1.652000
2165,686262,13280,1.660000
2166,686578,13104,1.638000
2167,686895,13312,1.664000
2168,687212,13232,1.654000
2169,687529,13216,1.652000
2170,687845,13216,1.652000
2171,688163,13232,1.654000
2172,688479,13264,1.658000
2173,688796,13408,1.676000
2174,689113,13296,1.662000
2175,689430,13312,1.664000
2176,689747,13360,1.670000
2177,690064,13344,1.668000
2178,690381,13376,1.672000
2179,690698,13568,1.696000
2180,691015,13344,1.668000
2181,691332,13216,1.652000
2182,691648,13360,1.670000
2183,691965,13392,1.674000
2184,692282,13440,1.680000
2185,692599,13408,1.676000
2186,692916,13504,1.688000
2187,693233,13424,1.678000
2188,693549,13488,1.686000
2189,693866,13456,1.682000
2190,694183,13520,1.690000
2191,694500,13536,1.692000
2192,694816,13424,1.678000
2193,695134,13504,1.688000
2194,695450,13616,1.702000
2195,695767,13600,1.700000
2196,696085,13648,1.706000
2197,696401,13584,1.698000
2198,696718,13552,1.694000
2199,697035,13504,1.688000
2200,697351,13504,1.688000
2201,697669,13376,1.672000
2202,697985,13568,1.696000
2203,698302,13424,1.678000
2204,698619,13472,1.684000
2205,698936,13456,1.682000
2206,699253,13504,1.688000
2207,699570,13376,1.672000
2208,699887,13440,1.680000
2209,700204,13424,1.678000
2210,700520,13392,1.674000
2211,700838,13424,1.678000
2212,701154,13376,1.672000
2213,701471,13328,1.666000
2214,701787,13328,1.666000
2215,702105,13360,1.670000
2216,702422,13344,1.668000
2217,702738,13312,1.664000
2218,703055,13296,1.662000
2219,703372,13280,1.660000
2220,703689,13296,1.662000
2221,704005,13232,1.654000
2222,704322,13168,1.646000
2223,704640,13264,1.658000
2224,704956,13200,1.650000
2225,705273,13264,1.658000
2226,705590,13328,1.666000
2227,705907,13280,1.660000
2228,706224,13264,1.658000
2229,706540,13296,1.662000
2230,706858,13296,1.662000
2231,707174,13344,1.668000
2232,707491,13328,1.666000
2233,707808,13296,1.662000
2234,708125,13360,1.670000
2235,708442,13344,1.668000
2236,708759,13456,1.682000
2237,709076,13456,1.682000
2238,709392,13440,1.680000
2239,709710,13424,1.678000
2240,710026,13488,1.686000
2241,710343,13504,1.688000
2242,710660,13488,1.686000
2243,710977,13488,1.686000
2244,711294,13616,1.702000
2245,711610,13584,1.698000
2246,711927,13584,1.698000
2247,712244,13520,1.690000
2248,712561,13552,1.694000
2249,712878,13616,1.702000
2250,713195,13648,1.706000
2251,713511,13552,1.694000
2252,713829,13584,1.698000
2253,714145,13488,1.686000
2254,714462,13504,1.688000
2255,714779,13536,1.692000
2256,715096,13520,1.690000
2257,715413,13360,1.670000
2258,715730,13440,1.680000
2259,716046,13504,1.688000
2260,716364,13456,1.682000
2261,716685,13408,1.676000
2262,716997,13360,1.670000
2263,717314,13408,1.676000
2264,717631,13424,1.678000
2265,717948,13328,1.666000
2266,718265,13296,1.662000
2267,718582,13344,1.668000
2268,718898,13328,1.666000
2269,719215,13376,1.672000
2270,719532,13296,1.662000
2271,719849,13248,1.656000
2272,720165,13168,1.646000
2273,720483,13296,1.662000
2274,720800,13184,1.648000
2275,721116,13216,1.652000
2276,721433,13232,1.654000
2277,721749,13264,1.658000
2278,722067,13280,1.660000
2279,722384,13296,1.662000
2280,722700,13280,1.660000
2281,723017,13264,1.658000
2282,723334,13328,1.666000
2283,723651,13296,1.662000
2284,723968,13344,1.668000
2285,724285,13408,1.676000
2286,724602,13408,1.676000
2287,724919,13424,1.678000
2288,725235,13360,1.670000
2289,725552,13408,1.676000
2290,725869,13424,1.678000
2291,726186,13360,1.670000
2292,726503,13424,1.678000
2293,726820,13472,1.684000
2294,727136,13504,1.688000
2295,727454,13552,1.694000
2296,727770,13520,1.690000
2297,728087,13488,1.686000
2298,728404,13552,1.694000
2299,728721,13552,1.694000
2300,729038,13584,1.698000
2301,729355,13552,1.694000
2302,729671,13632,1.704000
2303,729988,13552,1.694000
2304,730305,13552,1.694000
2305,730622,13536,1.692000
2306,730939,13520,1.690000
2307,731256,13568,1.696000
2308,731573,13552,1.694000
2309,731889,13456,1.682000
2310,732206,13520,1.690000
2311,732523,13504,1.688000
2312,732841,13472,1.684000
2313,733157,13440,1.680000
2314,733474,13376,1.672000
2315,733791,13408,1.676000
2316,734108,13344,1.668000
2317,734424,13376,1.672000
2318,734741,13360,1.670000
2319,735058,13312,1.664000
2320,735375,13296,1.662000
2321,735692,13344,1.668000
2322,736009,13296,1.662000
2323,736326,13312,1.664000
2324,736642,13312,1.664000
2325,736959,13248,1.656000
2326,737277,13248,1.656000
2327,737593,13184,1.648000
2328,737910,13280,1.660000
2329,738227,13216,1.652000
2330,738544,13248,1.656000
2331,738860,13264,1.658000
2332,739178,13232,1.654000
2333,739494,13312,1.664000
2334,739811,13376,1.672000
2335,740128,13296,1.662000
2336,740444,13328,1.666000
2337,740762,13328,1.666000
2338,741079,13344,1.668000
2339,741395,13328,1.666000
2340,741712,13344,1.668000
2341,742029,13344,1.668000
2342,742346,13424,1.678000
2343,742663,13488,1.686000
2344,742980,13392,1.674000
2345,743297,13456,1.682000
2346,743613,13456,1.682000
2347,743930,13504,1.688000
2348,744247,13504,1.688000
2349,744564,13520,1.690000
2350,744880,13552,1.694000
2351,745197,13536,1.692000
2352,745515,13552,1.694000
2353,745831,13632,1.704000
2354,746148,13568,1.696000
2355,746465,13616,1.702000
2356,746782,13504,1.688000
2357,747099,13536,1.692000
2358,747415,13552,1.694000
2359,747733,13520,1.690000
2360,748049,13568,1.696000
2361,748367,13504,1.688000
2362,748686,13472,1.684000
2363,749000,13472,1.684000
2364,749316,13440,1.680000
2365,749634,13376,1.672000
2366,749950,13408,1.676000
2367,750267,13472,1.684000
2368,750584,13376,1.672000
2369,750901,13392,1.674000
2370,751218,13328,1.666000
2371,751535,13344,1.668000
2372,751852,13328,1.666000
2373,752168,13360,1.670000
2374,752486,13312,1.664000
2375,752803,13248,1.656000
2376,753119,13264,1.658000
2377,753436,13280,1.660000
2378,753753,13248,1.656000
2379,754070,13264,1.658000
2380,754387,13232,1.654000
2381,754704,13200,1.650000
2382,755020,13200,1.650000
2383,755337,13264,1.658000
2384,755653,13216,1.652000
2385,755971,13328,1.666000
2386,756288,13280,1.660000
2387,756605,13296,1.662000
2388,756921,13312,1.664000
2389,757238,13344,1.668000
2390,757556,13312,1.664000
2391,757872,13392,1.674000
2392,758189,13408,1.676000
2393,758506,13312,1.664000
2394,758823,13392,1.674000
2395,759139,13440,1.680000
2396,759457,13424,1.678000
2397,759773,13424,1.678000
2398,760090,13344,1.668000
2399,760407,13440,1.680000
2400,760724,13504,1.688000
2401,761041,13520,1.690000
2402,761358,13520,1.690000
2403,761674,13536,1.692000
2404,761991,13616,1.702000
2405,762308,13568,1.696000
2406,762625,13584,1.698000
2407,762942,13568,1.696000
2408,763259,13568,1.696000
2409,763575,13568,1.696000
2410,763892,13504,1.688000
2411,764210,13824,1.728000
2412,764526,13456,1.682000
2413,764843,13520,1.690000
2414,765160,13504,1.688000
2415,765477,13440,1.680000
2416,765794,13440,1.680000
2417,766110,13440,1.680000
2418,766428,13456,1.682000
2419,766744,13456,1.682000
2420,767061,13424,1.678000
2421,767378,13376,1.672000
2422,767695,13376,1.672000
2423,768012,13344,1.668000
2424,768329,13328,1.666000
2425,768645,13264,1.658000
2426,768962,13328,1.666000
2427,769279,13344,1.668000
2428,769596,13280,1.660000
2429,769913,13264,1.658000
2430,770230,13296,1.662000
2431,770547,13248,1.656000
2432,770864,13232,1.654000
2433,771181,13232,1.654000
2434,771497,13232,1.654000
2435,771814,13280,1.660000
2436,772130,13312,1.664000
2437,772448,13280,1.660000
2438,772764,13328,1.666000
2439,773082,13296,1.662000
2440,773398,13376,1.672000
2441,773715,13328,1.666000
2442,774032,13344,1.668000
2443,774349,13408,1.676000
2444,774666,13392,1.674000
2445,774983,13424,1.678000
2446,775300,13392,1.674000
2447,775616,13232,1.654000
2448,775934,13456,1.682000
2449,776250,13488,1.686000
2450,776567,13456,1.682000
2451,776884,13472,1.684000
2452,777201,13504,1.688000
2453,777517,13536,1.692000
2454,777834,13552,1.694000
2455,778151,13488,1.686000
2456,778468,13568,1.696000
2457,778785,13616,1.702000
2458,779102,13616,1.702000
2459,779419,13584,1.698000
2460,779735,13632,1.704000
2461,780052,13552,1.694000
2462,780369,13536,1.692000
2463,780685,13552,1.694000
2464,781003,13552,1.694000
2465,781320,13536,1.692000
2466,781637,13488,1.686000
2467,781953,13424,1.678000
2468,782271,13424,1.678000
2469,782587,13424,1.678000
2470,782904,13472,1.684000
2471,783221,13440,1.680000
2472,783538,13440,1.680000
2473,783855,13296,1.662000
2474,784172,13376,1.672000
2475,784488,13376,1.672000
2476,784805,13376,1.672000
2477,785122,13312,1.664000
2478,785439,13328,1.666000
2479,785756,13296,1.662000
2480,786072,13280,1.660000
2481,786390,13264,1.658000
2482,786706,13488,1.686000
2483,787023,13248,1.656000
2484,787340,13216,1.652000
2485,787657,13264,1.658000
2486,787974,13248,1.656000
2487,788291,13168,1.646000
2488,788608,13328,1.666000
2489,788924,13296,1.662000
2490,789241,13264,1.658000
2491,789559,13296,1.662000
2492,789875,13344,1.668000
2493,790192,13328,1.666000
2494,790509,13296,1.662000
2495,790825,13344,1.668000
2496,791143,13360,1.670000
2497,791459,13360,1.670000
2498,791776,13392,1.674000
2499,792093,13376,1.672000
2500,792410,13440,1.680000
2501,792727,13424,1.678000
2502,793044,13440,1.680000
2503,793360,13472,1.684000
2504,793678,13504,1.688000
2505,793994,13488,1.686000
2506,794311,13456,1.682000
2507,794628,13568,1.696000
2508,794945,13536,1.692000
2509,795262,13632,1.704000
2510,795579,13632,1.704000
2511,795896,13584,1.698000
2512,796213,13600,1.700000
2513,796529,13584,1.698000
2514,796846,13600,1.700000
2515,797163,13552,1.694000
2516,797480,13488,1.686000
2517,797796,13552,1.694000
2518,798113,13488,1.686000
2519,798430,13552,1.694000
2520,798747,13488,1.686000
2521,799064,13456,1.682000
2522,799381,13440,1.680000
2523,799698,13424,1.678000
2524,800014,13392,1.674000
2525,800331,13392,1.674000
2526,800648,13328,1.666000
2527,800965,13392,1.674000
2528,801282,13296,1.662000
2529,801599,13360,1.670000
2530,801916,13296,1.662000
2531,802233,13344,1.668000
2532,802549,13328,1.666000
2533,802867,13296,1.662000
2534,803184,13264,1.658000
2535,803500,13280,1.660000
2536,803816,13264,1.658000
2537,804134,13216,1.652000
2538,804450,13184,1.648000
2539,804768,13232,1.654000
2540,805084,13232,1.654000
2541,805401,13280,1.660000
2542,805718,13296,1.662000
2543,806034,13264,1.658000
2544,806351,13232,1.654000
2545,806669,13296,1.662000
2546,806985,13376,1.672000
2547,807302,13392,1.674000
2548,807619,13408,1.676000
2549,807936,13376,1.672000
2550,808253,13360,1.670000
2551,808569,13440,1.680000
2552,808887,13424,1.678000
2553,809204,13456,1.682000
2554,809520,13456,1.682000
2555,809837,13456,1.682000
2556,810154,13472,1.684000
2557,810471,13504,1.688000
2558,810788,13488,1.686000
2559,811105,13536,1.692000
2560,811422,13568,1.696000
2561,811738,13568,1.696000
2562,812055,13616,1.702000
2563,812372,13568,1.696000
2564,812689,13520,1.690000
2565,813006,13584,1.698000
2566,813322,13632,1.704000
2567,813640,13552,1.694000
2568,813956,13552,1.694000
2569,814273,13520,1.690000
2570,814590,13504,1.688000
2571,814907,13568,1.696000
2572,815224,13552,1.694000
2573,815541,13472,1.684000
2574,815857,13472,1.684000
2575,816175,13488,1.686000
2576,816491,13376,1.672000
2577,816808,13344,1.668000
2578,817125,13376,1.672000
2579,817442,13360,1.670000
2580,817759,13424,1.678000
2581,818075,13360,1.670000
2582,818392,13344,1.668000
2583,818710,13328,1.666000
2584,819026,13328,1.666000
2585,819343,13312,1.664000
2586,819660,13296,1.662000
2587,819977,13248,1.656000
2588,820294,13216,1.652000
2589,820610,13216,1.652000
2590,820928,13264,1.658000
2591,821245,13232,1.654000
2592,821561,13296,1.662000
2593,821878,13296,1.662000
2594,822195,13312,1.664000
2595,822512,13264,1.658000
2596,822829,13280,1.660000
2597,823146,13312,1.664000
2598,823462,13360,1.670000
2599,823779,13376,1.672000
2600,824096,13344,1.668000
2601,824413,13312,1.664000
2602,824730,13424,1.678000
2603,825046,13312,1.664000
2604,825363,13408,1.676000
2605,825685,13472,1.684000
2606,825997,13424,1.678000
2607,826314,13440,1.680000
2608,826631,13456,1.682000
2609,826948,13552,1.694000
2610,827265,13488,1.686000
2611,827582,13504,1.688000
2612,827898,13552,1.694000
2613,828216,13536,1.692000
2614,828532,13568,1.696000
2615,828849,13520,1.690000
2616,829166,13600,1.700000
2617,829483,13632,1.704000
2618,829800,13616,1.702000
2619,830116,13552,1.694000
2620,830433,13504,1.688000
2621,830750,13504,1.688000
2622,831067,13552,1.694000
2623,831384,13536,1.692000
2624,831701,13472,1.684000
2625,832017,13472,1.684000
2626,832334,13440,1.680000
2627,832651,13472,1.684000
2628,832968,13488,1.686000
2629,833285,13440,1.680000
2630,833602,13376,1.672000
2631,833918,13376,1.672000
2632,834235,13360,1.670000
2633,834552,13408,1.676000
2634,834869,13360,1.670000
2635,835186,13360,1.670000
2636,835503,13328,1.666000
2637,835820,13296,1.662000
2638,836136,13312,1.664000
2639,836454,13264,1.658000
2640,836770,13280,1.660000
2641,837087,13280,1.660000
2642,837404,13264,1.658000
2643,837721,13248,1.656000
2644,838038,13200,1.650000
2645,838355,13280,1.660000
2646,838671,13248,1.656000
2647,838989,13264,1.658000
2648,839306,13280,1.660000
2649,839622,13296,1.662000
2650,839938,13280,1.660000
2651,840256,13344,1.668000
2652,840573,13296,1.662000
2653,840889,13376,1.672000
2654,841206,13376,1.672000
2655,841523,13360,1.670000
2656,841840,13376,1.672000
2657,842157,13360,1.670000
2658,842474,13392,1.674000
2659,842791,13440,1.680000
2660,843108,13472,1.684000
2661,843424,13488,1.686000
2662,843741,13520,1.690000
2663,844058,13488,1.686000
2664,844375,13536,1.692000
2665,844692,13536,1.692000
2666,845009,13408,1.676000
2667,845326,13520,1.690000
2668,845642,13632,1.704000
2669,845959,13488,1.686000
2670,846277,13584,1.698000
2671,846593,13520,1.690000
2672,846910,13504,1.688000
2673,847227,13520,1.690000
2674,847543,13520,1.690000
2675,847860,13504,1.688000
2676,848178,13488,1.686000
2677,848494,13424,1.678000
2678,848811,13456,1.682000
2679,849128,13520,1.690000
2680,849445,13472,1.684000
2681,849761,13504,1.688000
2682,850079,13408,1.676000
2683,850395,13472,1.684000
2684,850712,13376,1.672000
2685,851029,13568,1.696000
2686,851346,13376,1.672000
2687,851663,13360,1.670000
2688,851979,13296,1.662000
2689,852296,13328,1.666000
2690,852614,13312,1.664000
2691,852930,13280,1.660000
2692,853247,13136,1.642000
2693,853564,13248,1.656000
2694,853881,13232,1.654000
2695,854198,13264,1.658000
2696,854514,13248,1.656000
2697,854831,13232,1.654000
2698,855148,13072,1.634000
2699,855465,13184,1.648000
2700,855782,13264,1.658000
2701,856099,13312,1.664000
2702,856416,13344,1.668000
2703,856732,13232,1.654000
2704,857050,13376,1.672000
2705,857367,13312,1.664000
2706,857685,13376,1.672000
2707,858000,13360,1.670000
2708,858317,13408,1.676000
2709,858634,13376,1.672000
2710,858950,13376,1.672000
2711,859268,13424,1.678000
2712,859584,13376,1.672000
2713,859901,13456,1.682000
2714,860218,13520,1.690000
2715,860535,13488,1.686000
2716,860852,13488,1.686000
2717,861169,13504,1.688000
2718,861486,13520,1.690000
2719,861802,13584,1.698000
2720,862119,13536,1.692000
2721,862435,13600,1.700000
2722,862753,13600,1.700000
2723,863070,13616,1.702000
2724,863387,13584,1.698000
2725,863703,13552,1.694000
2726,864021,13520,1.690000
2727,864338,13536,1.692000
2728,864654,13488,1.686000
2729,864971,13504,1.688000
2730,865288,13520,1.690000
2731,865604,13504,1.688000
2732,865922,13424,1.678000
2733,866238,13376,1.672000
2734,866555,13472,1.684000
2735,866872,13408,1.676000
2736,867189,13408,1.676000
2737,867506,13392,1.674000
2738,867823,13344,1.668000
2739,868139,13344,1.668000
2740,868456,13312,1.664000
2741,868773,13376,1.672000
2742,869090,13312,1.664000
2743,869407,13296,1.662000
2744,869724,13280,1.660000
2745,870040,13280,1.660000
2746,870358,13264,1.658000
2747,870675,13264,1.658000
2748,870991,13104,1.638000
2749,871309,13168,1.646000
2750,871625,13312,1.664000
2751,871942,13232,1.654000
2752,872259,13280,1.660000
2753,872575,13296,1.662000
2754,872892,13200,1.650000
2755,873209,13344,1.668000
2756,873526,13504,1.688000
2757,873843,13312,1.664000
2758,874159,13328,1.666000
2759,874477,13376,1.672000
2760,874794,13360,1.670000
2761,875110,13392,1.674000
2762,875428,13392,1.674000
2763,875744,13472,1.684000
2764,876061,13472,1.684000
2765,876378,13456,1.682000
2766,876695,13472,1.684000
2767,877011,13552,1.694000
2768,877328,13536,1.692000
2769,877646,13568,1.696000
2770,877962,13536,1.692000
2771,878279,13504,1.688000
2772,878596,13552,1.694000
2773,878913,13552,1.694000
2774,879229,13552,1.694000
2775,879547,13568,1.696000
2776,879863,13600,1.700000
2777,880180,13488,1.686000
2778,880497,13536,1.692000
2779,880814,13536,1.692000
2780,881130,13504,1.688000
2781,881448,13536,1.692000
2782,881765,13504,1.688000
2783,882081,13472,1.684000
2784,882398,13472,1.684000
2785,882715,13472,1.684000
2786,883031,13408,1.676000
2787,883349,13392,1.674000
2788,883666,13424,1.678000
2789,883982,13328,1.666000
2790,884300,13392,1.674000
2791,884616,13344,1.668000
2792,884933,13344,1.668000
2793,885249,13328,1.666000
2794,885567,13344,1.668000
2795,885884,13280,1.660000
2796,886201,13248,1.656000
2797,886517,13248,1.656000
2798,886834,13280,1.660000
2799,887151,13248,1.656000
2800,887468,13200,1.650000
2801,887785,13232,1.654000
2802,888102,13216,1.652000
2803,888419,13264,1.658000
2804,888735,13248,1.656000
2805,889052,13280,1.660000
2806,889369,13264,1.658000
2807,889685,13296,1.662000
2808,890003,13264,1.658000
2809,890320,13344,1.668000
2810,890637,13392,1.674000
2811,890953,13344,1.668000
2812,891270,13376,1.672000
2813,891587,13424,1.678000
2814,891904,13392,1.674000
2815,892221,13440,1.680000
2816,892538,13408,1.676000
2817,892855,13456,1.682000
2818,893171,13488,1.686000
2819,893488,13408,1.676000
2820,893805,13456,1.682000
2821,894123,13488,1.686000
2822,894439,13520,1.690000
2823,894756,13488,1.686000
2824,895072,13568,1.696000
2825,895389,13520,1.690000
2826,895706,13536,1.692000
2827,896023,13552,1.694000
2828,896340,13536,1.692000
2829,896657,13552,1.694000
2830,896973,13552,1.694000
2831,897291,13536,1.692000
2832,897608,13520,1.690000
2833,897924,13552,1.694000
2834,898241,13488,1.686000
2835,898558,13472,1.684000
2836,898875,13504,1.688000
2837,899192,13488,1.686000
2838,899509,13488,1.686000
2839,899826,13440,1.680000
2840,900142,13408,1.676000
2841,900459,13376,1.672000
2842,900776,13392,1.674000
2843,901093,13376,1.672000
2844,901409,13376,1.672000
2845,901727,13360,1.670000
2846,902044,13392,1.674000
2847,902361,13376,1.672000
2848,902677,13296,1.662000
2849,902994,13280,1.660000
2850,903311,13312,1.664000
2851,903628,13264,1.658000
2852,903944,13216,1.652000
2853,904261,13296,1.662000
2854,904578,13216,1.652000
2855,904896,13296,1.662000
2856,905212,13248,1.656000
2857,905529,13280,1.660000
2858,905845,13344,1.668000
2859,906163,13296,1.662000
2860,906479,13296,1.662000
2861,906796,13312,1.664000
2862,907113,13360,1.670000
2863,907430,13376,1.672000
2864,907747,13392,1.674000
2865,908064,13408,1.676000
2866,908381,13376,1.672000
2867,908698,13392,1.674000
2868,909014,13440,1.680000
2869,909331,13376,1.672000
2870,909648,13440,1.680000
2871,909965,13472,1.684000
2872,910281,13456,1.682000
2873,910599,13520,1.690000
2874,910916,13488,1.686000
2875,911232,13568,1.696000
2876,911550,13440,1.680000
2877,911866,13504,1.688000
2878,912183,13520,1.690000
2879,912500,13536,1.692000
2880,912816,13648,1.706000
2881,913134,13568,1.696000
2882,913450,13536,1.692000
2883,913768,13536,1.692000
2884,914084,13568,1.696000
2885,914401,13504,1.688000
2886,914718,13488,1.686000
2887,915035,13440,1.680000
2888,915352,13536,1.692000
2889,915668,13440,1.680000
2890,915985,13456,1.682000
2891,916302,13456,1.682000
2892,916619,13424,1.678000
2893,916936,13424,1.678000
2894,917253,13360,1.670000
2895,917570,13408,1.676000
2896,917886,13312,1.664000
2897,918204,13376,1.672000
2898,918520,13392,1.674000
2899,918837,13312,1.664000
2900,919153,13264,1.658000
2901,919471,13264,1.658000
2902,919788,13296,1.662000
2903,920104,13264,1.658000
2904,920421,13280,1.660000
2905,920738,13264,1.658000
2906,921055,13248,1.656000
2907,921372,13232,1.654000
2908,921689,13232,1.654000
2909,922006,13312,1.664000
2910,922323,13280,1.660000
2911,922639,13232,1.654000
2912,922957,13312,1.664000
2913,923273,13312,1.664000
2914,923590,13344,1.668000
2915,923907,13360,1.670000
2916,924224,13360,1.670000
2917,924541,13376,1.672000
2918,924858,13344,1.668000
2919,925174,13360,1.670000
2920,925491,13392,1.674000
2921,925808,13408,1.676000
2922,926125,13472,1.684000
2923,926442,13408,1.676000
2924,926759,13456,1.682000
2925,927076,13472,1.684000
2926,927392,13488,1.686000
2927,927709,13520,1.690000
2928,928026,13520,1.690000
2929,928343,13520,1.690000
2930,928659,13504,1.688000
2931,928977,13552,1.694000
2932,929294,13584,1.698000
2933,929610,13536,1.692000
2934,929927,13584,1.698000
2935,930244,13552,1.694000
2936,930561,13568,1.696000
2937,930878,13504,1.688000
2938,931195,13536,1.692000
2939,931511,13520,1.690000
2940,931828,13520,1.690000
2941,932145,13424,1.678000
2942,932462,13456,1.682000
2943,932779,13440,1.680000
2944,933095,13456,1.682000
2945,933413,13440,1.680000
2946,933730,13440,1.680000
2947,934046,13392,1.674000
2948,934363,13312,1.664000
2949,934684,13376,1.672000
2950,934997,13408,1.676000
2951,935314,13392,1.674000
2952,935631,13312,1.664000
2953,935947,13296,1.662000
2954,936264,13312,1.664000
2955,936581,13280,1.660000
2956,936898,13232,1.654000
2957,937215,13264,1.658000
2958,937532,13200,1.650000
2959,937849,13216,1.652000
2960,938166,13184,1.648000
2961,938482,13264,1.658000
2962,938799,13248,1.656000
2963,939116,13312,1.664000
2964,939433,13264,1.658000
2965,939750,13344,1.668000
2966,940066,13504,1.688000
2967,940384,13296,1.662000
2968,940701,13360,1.670000
2969,941017,13408,1.676000
2970,941334,13408,1.676000
2971,941651,13376,1.672000
2972,941968,13392,1.674000
2973,942285,13600,1.700000
2974,942602,13440,1.680000
2975,942919,13456,1.682000
2976,943236,13456,1.682000
2977,943552,13488,1.686000
2978,943869,13504,1.688000
2979,944186,13376,1.672000
2980,944503,13504,1.688000
2981,944819,13520,1.690000
2982,945137,13552,1.694000
2983,945453,13568,1.696000
2984,945770,13600,1.700000
2985,946087,13552,1.694000
2986,946404,13616,1.702000
2987,946720,13568,1.696000
2988,947038,13536,1.692000
2989,947355,13536,1.692000
2990,947672,13520,1.690000
2991,947989,13504,1.688000
2992,948306,13504,1.688000
2993,948622,13472,1.684000
2994,948939,13488,1.686000
2995,949256,13440,1.680000
2996,949573,13440,1.680000
2997,949890,13456,1.682000
2998,950207,13424,1.678000
2999,950523,13408,1.676000
3000,950840,13344,1.668000
3001,951157,13424,1.678000
3002,951474,13376,1.672000
3003,951791,13312,1.664000
3004,952108,13328,1.666000
3005,952424,13248,1.656000
3006,952741,13344,1.668000
3007,953058,13296,1.662000
3008,953375,13248,1.656000
3009,953692,13264,1.658000
3010,954009,13248,1.656000
3011,954326,13264,1.658000
3012,954642,13248,1.656000
3013,954959,13200,1.650000
3014,955276,13232,1.654000
3015,955593,13264,1.658000
3016,955910,13136,1.642000
3017,956227,13264,1.658000
3018,956543,13312,1.664000
3019,956860,13280,1.660000
3020,957178,13360,1.670000
3021,957494,13360,1.670000
3022,957811,13408,1.676000
3023,958128,13392,1.674000
3024,958444,13392,1.674000
3025,958761,13408,1.676000
3026,959079,13408,1.676000
3027,959395,13408,1.676000
3028,959712,13424,1.678000
3029,960029,13536,1.692000
3030,960346,13488,1.686000
3031,960662,13456,1.682000
3032,960980,13488,1.686000
3033,961296,13504,1.688000
3034,961614,13520,1.690000
3035,961930,13552,1.694000
3036,962247,13504,1.688000
3037,962564,13568,1.696000
3038,962881,13568,1.696000
3039,963198,13552,1.694000
3040,963514,13568,1.696000
3041,963831,13584,1.698000
3042,964148,13408,1.676000
3043,964465,13504,1.688000
3044,964782,13664,1.708000
3045,965098,13440,1.680000
3046,965416,13472,1.684000
3047,965732,13456,1.682000
3048,966049,13472,1.684000
3049,966367,13392,1.674000
3050,966685,13424,1.678000
3051,967000,13408,1.676000
3052,967317,13376,1.672000
3053,967634,13376,1.672000
3054,967950,13376,1.672000
3055,968267,13344,1.668000
3056,968584,13392,1.674000
3057,968901,13312,1.664000
3058,969218,13296,1.662000
3059,969535,13264,1.658000
3060,969851,13248,1.656000
3061,970169,13248,1.656000
3062,970485,13264,1.658000
3063,970802,13312,1.664000
3064,971119,13232,1.654000
3065,971436,13248,1.656000
3066,971753,13216,1.652000
3067,972070,13216,1.652000
3068,972386,13232,1.654000
3069,972703,13264,1.658000
3070,973021,13264,1.658000
3071,973336,13296,1.662000
3072,973654,13392,1.674000
3073,973971,13296,1.662000
3074,974288,13360,1.670000
3075,974604,13376,1.672000
3076,974922,13376,1.672000
3077,975239,13376,1.672000
3078,975555,13392,1.674000
3079,975872,13424,1.678000
3080,976189,13456,1.682000
3081,976506,13472,1.684000
3082,976822,13456,1.682000
3083,977140,13440,1.680000
3084,977456,13472,1.684000
3085,977774,13488,1.686000
3086,978090,13520,1.690000
3087,978406,13552,1.694000
3088,978724,13568,1.696000
3089,979041,13536,1.692000
3090,979358,13600,1.700000
3091,979674,13488,1.686000
3092,979991,13552,1.694000
3093,980308,13568,1.696000
3094,980625,13520,1.690000
3095,980942,13520,1.690000
3096,981259,13520,1.690000
3097,981576,13472,1.684000
3098,981892,13440,1.680000
3099,982209,13472,1.684000
3100,982526,13472,1.684000
3101,982843,13424,1.678000
3102,983160,13408,1.676000
3103,983477,13440,1.680000
3104,983793,13376,1.672000
3105,984110,13392,1.674000
3106,984427,13312,1.664000
3107,984744,13344,1.668000
3108,985061,13312,1.664000
3109,985378,13312,1.664000
3110,985695,13376,1.672000
3111,986011,13344,1.668000
3112,986328,13264,1.658000
3113,986645,13312,1.664000
3114,986962,13248,1.656000
3115,987279,13168,1.646000
3116,987596,13216,1.652000
3117,987913,13216,1.652000
3118,988229,13232,1.654000
3119,988546,13216,1.652000
3120,988863,13264,1.658000
3121,989180,13248,1.656000
3122,989497,13280,1.660000
3123,989814,13328,1.666000
3124,990131,13344,1.668000
3125,990448,13296,1.662000
3126,990765,13312,1.664000
3127,991081,13376,1.672000
3128,991398,13440,1.680000
3129,991715,13408,1.676000
3130,992032,13408,1.676000
3131,992349,13408,1.676000
3132,992665,13376,1.672000
3133,992983,13408,1.676000
3134,993300,13440,1.680000
3135,993616,13488,1.686000
3136,993933,13520,1.690000
3137,994250,13472,1.684000
3138,994567,13520,1.690000
3139,994884,13536,1.692000
3140,995201,13520,1.690000
3141,995517,13504,1.688000
3142,995834,13568,1.696000
3143,996151,13584,1.698000
3144,996468,13664,1.708000
3145,996785,13600,1.700000
3146,997102,13520,1.690000
3147,997418,13536,1.692000
3148,997736,13536,1.692000
3149,998052,13552,1.694000
3150,998369,13520,1.690000
3151,998685,13456,1.682000
3152,999003,13456,1.682000
3153,999320,13472,1.684000
3154,999637,13424,1.678000
3155,999953,13440,1.680000
