sample,timestamp_us,raw,voltage_V
0,123,13392,1.674000
1,441,13488,1.686000
2,757,13440,1.680000
3,1075,13424,1.678000
4,1392,13424,1.678000
5,1708,13520,1.690000
6,2025,13456,1.682000
7,2342,13440,1.680000
8,2659,13456,1.682000
9,2975,13472,1.684000
10,3293,13424,1.678000
11,3609,13392,1.674000
12,3926,13472,1.684000
13,4243,13600,1.700000
14,4560,13456,1.682000
15,4876,13424,1.678000
16,5193,13440,1.680000
17,5511,13456,1.682000
18,5827,13408,1.676000
19,6144,13376,1.672000
20,6461,13376,1.672000
21,6777,13344,1.668000
22,7095,13408,1.676000
23,7411,13440,1.680000
24,7728,13392,1.674000
25,8046,13360,1.670000
26,8363,13232,1.654000
27,8679,13408,1.676000
28,8996,13360,1.670000
29,9313,13408,1.676000
30,9630,13376,1.672000
31,9946,13360,1.670000
32,10263,13424,1.678000
33,10580,13392,1.674000
34,10897,13296,1.662000
35,11214,13392,1.674000
36,11531,13376,1.672000
37,11847,13376,1.672000
38,12165,13360,1.670000
39,12481,13520,1.690000
40,12798,13392,1.674000
41,13115,13200,1.650000
42,13432,13424,1.678000
43,13749,13424,1.678000
44,14066,13472,1.684000
45,14383,13456,1.682000
46,14699,13376,1.672000
47,15016,13280,1.660000
48,15333,13488,1.686000
49,15650,13408,1.676000
50,15967,13408,1.676000
51,16283,13456,1.682000
52,16601,13504,1.688000
53,16917,13408,1.676000
54,17234,13536,1.692000
55,17551,13392,1.674000
56,17868,13408,1.676000
57,18185,13424,1.678000
58,18501,13408,1.676000
59,18818,13408,1.676000
60,19136,13584,1.698000
61,19452,13456,1.682000
62,19769,13424,1.678000
63,20086,13408,1.676000
64,20403,13392,1.674000
65,20720,13440,1.680000
66,21036,13424,1.678000
67,21353,13456,1.682000
68,21670,13424,1.678000
69,21987,13424,1.678000
70,22303,13392,1.674000
71,22621,13376,1.672000
72,22938,13408,1.676000
73,23255,13376,1.672000
74,23572,13360,1.670000
75,23888,13376,1.672000
76,24205,13456,1.682000
77,24522,13376,1.672000
78,24839,13328,1.666000
79,25155,13296,1.662000
80,25473,13392,1.674000
81,25789,13392,1.674000
82,26106,13392,1.674000
83,26423,13376,1.672000
84,26740,13424,1.678000
85,27057,13424,1.678000
86,27374,13392,1.674000
87,27690,13296,1.662000
88,28008,13344,1.668000
89,28324,13312,1.664000
90,28641,13408,1.676000
91,28958,13376,1.672000
92,29275,13408,1.676000
93,29592,13360,1.670000
94,29909,13392,1.674000
95,30225,13408,1.676000
96,30542,13440,1.680000
97,30859,13504,1.688000
98,31176,13424,1.678000
99,31493,13408,1.676000
100,31810,13456,1.682000
101,32126,13408,1.676000
102,32443,13392,1.674000
103,32760,13456,1.682000
104,33077,13472,1.684000
105,33394,13424,1.678000
106,33711,13408,1.676000
107,34028,13424,1.678000
108,34345,13424,1.678000
109,34661,13440,1.680000
110,34979,13456,1.682000
111,35295,13440,1.680000
112,35612,13488,1.686000
113,35929,13456,1.682000
114,36246,13456,1.682000
115,36562,13440,1.680000
116,36880,13504,1.688000
117,37197,13456,1.682000
118,37513,13376,1.672000
119,37830,13424,1.678000
120,38147,13408,1.676000
121,38464,13440,1.680000
122,38781,13440,1.680000
123,39097,13424,1.678000
124,39414,13408,1.676000
125,39731,13360,1.670000
126,40048,13424,1.678000
127,40365,13408,1.676000
128,40685,13392,1.674000
129,40999,13392,1.674000
130,41316,13424,1.678000
131,41632,13376,1.672000
132,41949,13376,1.672000
133,42266,13376,1.672000
134,42583,13408,1.676000
135,42900,13376,1.672000
136,43217,13392,1.674000
137,43534,13376,1.672000
138,43851,13360,1.670000
139,44167,13376,1.672000
140,44484,13408,1.676000
141,44801,13360,1.670000
142,45118,13376,1.672000
143,45434,13424,1.678000
144,45752,13408,1.676000
145,46068,13376,1.672000
146,46385,13408,1.676000
147,46702,13408,1.676000
148,47018,13424,1.678000
149,47336,13408,1.676000
150,47653,13360,1.670000
151,47970,13408,1.676000
152,48287,13408,1.676000
153,48603,13408,1.676000
154,48920,13408,1.676000
155,49237,13456,1.682000
156,49554,13376,1.672000
157,49871,13456,1.682000
158,50188,13472,1.684000
159,50505,13360,1.670000
160,50821,13408,1.676000
161,51138,13424,1.678000
162,51455,13360,1.670000
163,51772,13472,1.684000
164,52089,13424,1.678000
165,52406,13456,1.682000
166,52722,13424,1.678000
167,53039,13456,1.682000
168,53356,13408,1.676000
169,53673,13408,1.676000
170,53990,13456,1.682000
171,54307,13424,1.678000
172,54624,13456,1.682000
173,54941,13472,1.684000
174,55257,13472,1.684000
175,55575,13424,1.678000
176,55891,13392,1.674000
177,56207,13376,1.672000
178,56525,13392,1.674000
179,56841,13424,1.678000
180,57159,13408,1.676000
181,57475,13344,1.668000
182,57792,13392,1.674000
183,58109,13344,1.668000
184,58426,13360,1.670000
185,58742,13408,1.676000
186,59060,13328,1.666000
187,59377,13360,1.670000
188,59693,13376,1.672000
189,60010,13376,1.672000
190,60327,13376,1.672000
191,60644,13392,1.674000
192,60961,13376,1.672000
193,61278,13344,1.668000
194,61594,13504,1.688000
195,61911,13376,1.672000
196,62228,13392,1.674000
197,62545,13360,1.670000
198,62862,13424,1.678000
199,63179,13360,1.670000
200,63496,13440,1.680000
201,63812,13456,1.682000
202,64130,13360,1.670000
203,64446,13408,1.676000
204,64763,13392,1.674000
205,65079,13408,1.676000
206,65397,13440,1.680000
207,65714,13424,1.678000
208,66030,13408,1.676000
209,66347,13456,1.682000
210,66664,13440,1.680000
211,66981,13408,1.676000
212,67298,13440,1.680000
213,67615,13392,1.674000
214,67932,13392,1.674000
215,68249,13456,1.682000
216,68565,13456,1.682000
217,68882,13472,1.684000
218,69199,13440,1.680000
219,69516,13456,1.682000
220,69833,13424,1.678000
221,70150,13456,1.682000
222,70467,13424,1.678000
223,70783,13456,1.682000
224,71100,13424,1.678000
225,71417,13472,1.684000
226,71734,13472,1.684000
227,72051,13440,1.680000
228,72368,13424,1.678000
229,72686,13360,1.670000
230,73001,13424,1.678000
231,73318,13312,1.664000
232,73635,13440,1.680000
233,73951,13344,1.668000
234,74269,13376,1.672000
235,74586,13392,1.674000
236,74903,13408,1.676000
237,75220,13424,1.678000
238,75536,13392,1.674000
239,75854,13360,1.670000
240,76170,13392,1.674000
241,76487,13408,1.676000
242,76804,13392,1.674000
243,77120,13344,1.668000
244,77438,13344,1.668000
245,77754,13376,1.672000
246,78071,13328,1.666000
247,78388,13344,1.668000
248,78705,13360,1.670000
249,79022,13424,1.678000
250,79339,13392,1.674000
251,79655,13360,1.670000
252,79972,13392,1.674000
253,80289,13392,1.674000
254,80606,13360,1.670000
255,80923,13408,1.676000
256,81240,13360,1.670000
257,81557,13456,1.682000
258,81874,13424,1.678000
259,82191,13392,1.674000
260,82507,13344,1.668000
261,82824,13472,1.684000
262,83141,13424,1.678000
263,83458,13424,1.678000
264,83775,13440,1.680000
265,84091,13456,1.682000
266,84409,13440,1.680000
267,84725,13408,1.676000
268,85042,13424,1.678000
269,85359,13456,1.682000
270,85676,13440,1.680000
271,85992,13440,1.680000
272,86310,13408,1.676000
273,86626,13408,1.676000
274,86944,13456,1.682000
275,87260,13392,1.674000
276,87577,13440,1.680000
277,87894,13456,1.682000
278,88211,13424,1.678000
279,88527,13456,1.682000
280,88845,13376,1.672000
281,89161,13424,1.678000
282,89478,13360,1.670000
283,89795,13424,1.678000
284,90112,13408,1.676000
285,90429,13424,1.678000
286,90746,13408,1.676000
287,91063,13408,1.676000
288,91380,13344,1.668000
289,91696,13392,1.674000
290,92013,13376,1.672000
291,92330,13392,1.674000
292,92647,13360,1.670000
293,92964,13344,1.668000
294,93280,13360,1.670000
295,93597,13376,1.672000
296,93915,13360,1.670000
297,94231,13328,1.666000
298,94548,13440,1.680000
299,94865,13408,1.676000
300,95182,13360,1.670000
301,95499,13408,1.676000
302,95816,13392,1.674000
303,96132,13344,1.668000
304,96449,13408,1.676000
305,96766,13376,1.672000
306,97083,13424,1.678000
307,97399,13600,1.700000
308,97717,13376,1.672000
309,98033,13408,1.676000
310,98350,13408,1.676000
311,98667,13440,1.680000
312,98984,13392,1.674000
313,99301,13648,1.706000
314,99618,13424,1.678000
315,99935,13392,1.674000
316,100252,13408,1.676000
317,100568,13424,1.678000
318,100885,13440,1.680000
319,101202,13424,1.678000
320,101518,13392,1.674000
321,101836,13408,1.676000
322,102153,13408,1.676000
323,102469,13424,1.678000
324,102787,13440,1.680000
325,103103,13424,1.678000
326,103420,13344,1.668000
327,103737,13472,1.684000
328,104054,13472,1.684000
329,104371,13424,1.678000
330,104688,13456,1.682000
331,105004,13392,1.674000
332,105321,13408,1.676000
333,105638,13408,1.676000
334,105954,13408,1.676000
335,106271,13248,1.656000
336,106589,13376,1.672000
337,106905,13424,1.678000
338,107222,13408,1.676000
339,107539,13392,1.674000
340,107856,13424,1.678000
341,108173,13280,1.660000
342,108490,13408,1.676000
343,108806,13376,1.672000
344,109124,13408,1.676000
345,109441,13344,1.668000
346,109757,13328,1.666000
347,110074,13408,1.676000
348,110391,13360,1.670000
349,110708,13344,1.668000
350,111025,13376,1.672000
351,111342,13328,1.666000
352,111658,13360,1.670000
353,111975,13424,1.678000
354,112293,13392,1.674000
355,112609,13376,1.672000
356,112926,13344,1.668000
357,113243,13392,1.674000
358,113559,13392,1.674000
359,113876,13392,1.674000
360,114193,13360,1.670000
361,114510,13376,1.672000
362,114827,13360,1.670000
363,115144,13440,1.680000
364,115461,13408,1.676000
365,115777,13408,1.676000
366,116095,13392,1.674000
367,116411,13456,1.682000
368,116728,13408,1.676000
369,117045,13424,1.678000
370,117361,13456,1.682000
371,117679,13440,1.680000
372,117996,13424,1.678000
373,118313,13472,1.684000
374,118630,13424,1.678000
375,118946,13472,1.684000
376,119263,13424,1.678000
377,119580,13424,1.678000
378,119897,13344,1.668000
379,120214,13456,1.682000
380,120530,13424,1.678000
381,120847,13408,1.676000
382,121164,13408,1.676000
383,121481,13392,1.674000
384,121798,13440,1.680000
385,122115,13392,1.674000
386,122432,13360,1.670000
387,122748,13376,1.672000
388,123065,13392,1.674000
389,123382,13376,1.672000
390,123699,13440,1.680000
391,124016,13520,1.690000
392,124333,13392,1.674000
393,124650,13392,1.674000
394,124966,13376,1.672000
395,125283,13392,1.674000
396,125600,13376,1.672000
397,125917,13456,1.682000
398,126234,13296,1.662000
399,126551,13392,1.674000
400,126867,13376,1.672000
401,127184,13376,1.672000
402,127502,13360,1.670000
403,127818,13360,1.670000
404,128135,13392,1.674000
405,128452,13376,1.672000
406,128768,13456,1.682000
407,129086,13376,1.672000
408,129403,13376,1.672000
409,129719,13392,1.674000
410,130036,13392,1.674000
411,130353,13360,1.670000
412,130670,13488,1.686000
413,130987,13408,1.676000
414,131304,13408,1.676000
415,131620,13376,1.672000
416,131938,13440,1.680000
417,132255,13424,1.678000
418,132571,13408,1.676000
419,132888,13392,1.674000
420,133205,13424,1.678000
421,133522,13456,1.682000
422,133839,13440,1.680000
423,134155,13424,1.678000
424,134473,13440,1.680000
425,134789,13344,1.668000
426,135106,13456,1.682000
427,135422,13456,1.682000
428,135740,13456,1.682000
429,136056,13440,1.680000
430,136374,13472,1.684000
431,136690,13456,1.682000
432,137007,13472,1.684000
433,137324,13456,1.682000
434,137641,13440,1.680000
435,137958,13392,1.674000
436,138275,13408,1.676000
437,138592,13472,1.684000
438,138908,13408,1.676000
439,139225,13360,1.670000
440,139542,13408,1.676000
441,139859,13376,1.672000
442,140176,13408,1.676000
443,140493,13392,1.674000
444,140810,13424,1.678000
445,141126,13376,1.672000
446,141443,13360,1.670000
447,141760,13312,1.664000
448,142077,13408,1.676000
449,142394,13424,1.678000
450,142711,13424,1.678000
451,143027,13360,1.670000
452,143345,13376,1.672000
453,143661,13408,1.676000
454,143978,13408,1.676000
455,144295,13376,1.672000
456,144612,13392,1.674000
457,144928,13344,1.668000
458,145245,13376,1.672000
459,145563,13408,1.676000
460,145879,13376,1.672000
461,146197,13408,1.676000
462,146513,13392,1.674000
463,146830,13392,1.674000
464,147146,13472,1.684000
465,147464,13376,1.672000
466,147781,13360,1.670000
467,148097,13408,1.676000
468,148414,13392,1.674000
469,148730,13424,1.678000
470,149048,13424,1.678000
471,149365,13424,1.678000
472,149686,13376,1.672000
473,149999,13408,1.676000
474,150316,13360,1.670000
475,150632,13408,1.676000
476,150949,13440,1.680000
477,151266,13488,1.686000
478,151582,13504,1.688000
479,151900,13456,1.682000
480,152216,13440,1.680000
481,152533,13472,1.684000
482,152850,13424,1.678000
483,153167,13408,1.676000
484,153483,13440,1.680000
485,153801,13424,1.678000
486,154118,13424,1.678000
487,154434,13424,1.678000
488,154751,13440,1.680000
489,155068,13392,1.674000
490,155385,13376,1.672000
491,155702,13440,1.680000
492,156019,13408,1.676000
493,156336,13392,1.674000
494,156652,13376,1.672000
495,156970,13408,1.676000
496,157286,13376,1.672000
497,157603,13424,1.678000
498,157920,13408,1.676000
499,158237,13408,1.676000
500,158554,13392,1.674000
501,158871,13424,1.678000
502,159188,13424,1.678000
503,159504,13408,1.676000
504,159821,13344,1.668000
505,160137,13376,1.672000
506,160455,13360,1.670000
507,160772,13376,1.672000
508,161088,13408,1.676000
509,161405,13424,1.678000
510,161722,13376,1.672000
511,162039,13392,1.674000
512,162356,13376,1.672000
513,162673,13456,1.682000
514,162990,13376,1.672000
515,163307,13392,1.674000
516,163624,13408,1.676000
517,163940,13392,1.674000
518,164258,13392,1.674000
519,164574,13360,1.670000
520,164891,13376,1.672000
521,165208,13392,1.674000
522,165524,13392,1.674000
523,165841,13440,1.680000
524,166159,13456,1.682000
525,166475,13392,1.674000
526,166792,13456,1.682000
527,167108,13392,1.674000
528,167426,13440,1.680000
529,167743,13424,1.678000
530,168059,13456,1.682000
531,168376,13424,1.678000
532,168693,13440,1.680000
533,169010,13424,1.678000
534,169327,13472,1.684000
535,169644,13456,1.682000
536,169961,13440,1.680000
537,170278,13376,1.672000
538,170594,13376,1.672000
539,170911,13408,1.676000
540,171228,13360,1.670000
541,171545,13408,1.676000
542,171862,13408,1.676000
543,172179,13408,1.676000
544,172496,13376,1.672000
545,172812,13456,1.682000
546,173129,13360,1.670000
547,173447,13456,1.682000
548,173763,13376,1.672000
549,174080,13392,1.674000
550,174396,13392,1.674000
551,174714,13328,1.666000
552,175030,13392,1.674000
553,175347,13408,1.676000
554,175664,13344,1.668000
555,175981,13360,1.670000
556,176298,13376,1.672000
557,176615,13376,1.672000
558,176932,13360,1.670000
559,177249,13376,1.672000
560,177565,13392,1.674000
561,177882,13360,1.670000
562,178199,13360,1.670000
563,178515,13392,1.674000
564,178833,13424,1.678000
565,179150,13392,1.674000
566,179466,13440,1.680000
567,179783,13376,1.672000
568,180101,13440,1.680000
569,180417,13456,1.682000
570,180734,13424,1.678000
571,181051,13456,1.682000
572,181367,13408,1.676000
573,181686,13392,1.674000
574,182001,13376,1.672000
575,182318,13376,1.672000
576,182635,13424,1.678000
577,182952,13472,1.684000
578,183269,13376,1.672000
579,183586,13408,1.676000
580,183903,13472,1.684000
581,184219,13456,1.682000
582,184536,13440,1.680000
583,184853,13424,1.678000
584,185170,13392,1.674000
585,185487,13456,1.682000
586,185804,13456,1.682000
587,186120,13456,1.682000
588,186438,13488,1.686000
589,186754,13424,1.678000
590,187071,13456,1.682000
591,187388,13456,1.682000
592,187705,13472,1.684000
593,188022,13424,1.678000
594,188338,13344,1.668000
595,188656,13424,1.678000
596,188972,13456,1.682000
597,189289,13440,1.680000
598,189606,13424,1.678000
599,189922,13424,1.678000
600,190240,13408,1.676000
601,190556,13312,1.664000
602,190874,13424,1.678000
603,191190,13504,1.688000
604,191507,13392,1.674000
605,191823,13408,1.676000
606,192141,13392,1.674000
607,192458,13472,1.684000
608,192775,13408,1.676000
609,193091,13328,1.666000
610,193408,13360,1.670000
611,193725,13328,1.666000
612,194042,13344,1.668000
613,194359,13360,1.670000
614,194676,13376,1.672000
615,194993,13392,1.674000
616,195310,13248,1.656000
617,195626,13344,1.668000
618,195942,13392,1.674000
619,196259,13440,1.680000
620,196577,13424,1.678000
621,196894,13392,1.674000
622,197211,13360,1.670000
623,197527,13376,1.672000
624,197844,13488,1.686000
625,198161,13360,1.670000
626,198478,13392,1.674000
627,198795,13440,1.680000
628,199112,13456,1.682000
629,199429,13488,1.686000
630,199746,13456,1.682000
631,200062,13408,1.676000
632,200379,13456,1.682000
633,200696,13472,1.684000
634,201013,13440,1.680000
635,201330,13472,1.684000
636,201646,13440,1.680000
637,201963,13456,1.682000
638,202280,13472,1.684000
639,202597,13456,1.682000
640,202914,13456,1.682000
641,203231,13392,1.674000
642,203548,13408,1.676000
643,203865,13456,1.682000
644,204181,13456,1.682000
645,204498,13408,1.676000
646,204815,13440,1.680000
647,205132,13440,1.680000
648,205449,13408,1.676000
649,205766,13440,1.680000
650,206083,13456,1.682000
651,206400,13408,1.676000
652,206716,13392,1.674000
653,207033,13424,1.678000
654,207350,13408,1.676000
655,207667,13360,1.670000
656,207984,13360,1.670000
657,208301,13376,1.672000
658,208618,13392,1.674000
659,208934,13344,1.668000
660,209252,13408,1.676000
661,209568,13328,1.666000
662,209885,13360,1.670000
663,210202,13424,1.678000
664,210519,13376,1.672000
665,210835,13344,1.668000
666,211153,13312,1.664000
667,211469,13360,1.670000
668,211786,13392,1.674000
669,212102,13408,1.676000
670,212420,13328,1.666000
671,212737,13344,1.668000
672,213053,13440,1.680000
673,213371,13408,1.676000
674,213687,13392,1.674000
675,214004,13424,1.678000
676,214321,13440,1.680000
677,214638,13408,1.676000
678,214954,13312,1.664000
679,215272,13376,1.672000
680,215588,13408,1.676000
681,215905,13424,1.678000
682,216222,13440,1.680000
683,216539,13424,1.678000
684,216856,13440,1.680000
685,217173,13328,1.666000
686,217489,13440,1.680000
687,217806,13520,1.690000
688,218124,13456,1.682000
689,218440,13408,1.676000
690,218757,13456,1.682000
691,219074,13536,1.692000
692,219390,13392,1.674000
693,219707,13440,1.680000
694,220024,13408,1.676000
695,220341,13424,1.678000
696,220658,13472,1.684000
697,220975,13408,1.676000
698,221292,13392,1.674000
699,221609,13392,1.674000
700,221926,13376,1.672000
701,222242,13456,1.682000
702,222559,13408,1.676000
703,222876,13472,1.684000
704,223193,13376,1.672000
705,223510,13376,1.672000
706,223827,13424,1.678000
707,224144,13392,1.674000
708,224460,13392,1.674000
709,224777,13344,1.668000
710,225094,13408,1.676000
711,225410,13440,1.680000
712,225728,13344,1.668000
713,226045,13456,1.682000
714,226362,13376,1.672000
715,226678,13360,1.670000
716,226995,13392,1.674000
717,227312,13328,1.666000
718,227629,13392,1.674000
719,227945,13360,1.670000
720,228263,13344,1.668000
721,228580,13424,1.678000
722,228897,13376,1.672000
723,229214,13360,1.670000
724,229530,13408,1.676000
725,229847,13424,1.678000
726,230164,13408,1.676000
727,230481,13424,1.678000
728,230798,13392,1.674000
729,231114,13440,1.680000
730,231432,13424,1.678000
731,231748,13456,1.682000
732,232065,13424,1.678000
733,232382,13440,1.680000
734,232698,13424,1.678000
735,233016,13424,1.678000
736,233333,13376,1.672000
737,233650,13472,1.684000
738,233966,13456,1.682000
739,234283,13392,1.674000
740,234600,13456,1.682000
741,234916,13488,1.686000
742,235233,13424,1.678000
743,235551,13408,1.676000
744,235867,13472,1.684000
745,236184,13456,1.682000
746,236500,13456,1.682000
747,236818,13392,1.674000
748,237135,13424,1.678000
749,237451,13472,1.684000
750,237769,13440,1.680000
751,238085,13456,1.682000
752,238402,13424,1.678000
753,238719,13392,1.674000
754,239036,13392,1.674000
755,239353,13408,1.676000
756,239670,13408,1.676000
757,239987,13408,1.676000
758,240304,13424,1.678000
759,240620,13392,1.674000
760,240937,13376,1.672000
761,241254,13392,1.674000
762,241571,13248,1.656000
763,241888,13392,1.674000
764,242205,13408,1.676000
765,242522,13424,1.678000
766,242838,13376,1.672000
767,243155,13360,1.670000
768,243472,13376,1.672000
769,243789,13376,1.672000
770,244106,13392,1.674000
771,244423,13312,1.664000
772,244740,13408,1.676000
773,245056,13344,1.668000
774,245373,13328,1.666000
775,245690,13360,1.670000
776,246006,13344,1.668000
777,246324,13360,1.670000
778,246641,13424,1.678000
779,246957,13376,1.672000
780,247274,13408,1.676000
781,247592,13440,1.680000
782,247908,13376,1.672000
783,248225,13408,1.676000
784,248542,13408,1.676000
785,248858,13392,1.674000
786,249176,13440,1.680000
787,249493,13408,1.676000
788,249809,13424,1.678000
789,250125,13440,1.680000
790,250443,13424,1.678000
791,250760,13456,1.682000
792,251076,13456,1.682000
793,251393,13472,1.684000
794,251710,13408,1.676000
795,252027,13424,1.678000
796,252344,13408,1.676000
797,252661,13456,1.682000
798,252978,13456,1.682000
799,253295,13408,1.676000
800,253611,13408,1.676000
801,253929,13392,1.674000
802,254246,13440,1.680000
803,254562,13424,1.678000
804,254879,13424,1.678000
805,255196,13392,1.674000
806,255512,13408,1.676000
807,255830,13392,1.674000
808,256146,13424,1.678000
809,256463,13376,1.672000
810,256780,13360,1.670000
811,257097,13376,1.672000
812,257414,13440,1.680000
813,257730,13376,1.672000
814,258048,13392,1.674000
815,258365,13392,1.674000
816,258685,13392,1.674000
817,258999,13392,1.674000
818,259315,13392,1.674000
819,259632,13392,1.674000
820,259949,13360,1.670000
821,260266,13424,1.678000
822,260582,13392,1.674000
823,260899,13376,1.672000
824,261217,13360,1.670000
825,261533,13328,1.666000
826,261850,13344,1.668000
827,262166,13344,1.668000
828,262484,13408,1.676000
829,262801,13376,1.672000
830,263117,13360,1.670000
831,263434,13440,1.680000
832,263751,13456,1.682000
833,264068,13408,1.676000
834,264385,13344,1.668000
835,264702,13392,1.674000
836,265018,13440,1.680000
837,265335,13360,1.670000
838,265652,13440,1.680000
839,265968,13392,1.674000
840,266286,13424,1.678000
841,266603,13376,1.672000
842,266920,13488,1.686000
843,267237,13408,1.676000
844,267553,13456,1.682000
845,267870,13392,1.674000
846,268187,13440,1.680000
847,268504,13440,1.680000
848,268821,13408,1.676000
849,269138,13392,1.674000
850,269454,13456,1.682000
851,269771,13424,1.678000
852,270089,13408,1.676000
853,270405,13408,1.676000
854,270722,13440,1.680000
855,271039,13488,1.686000
856,271356,13424,1.678000
857,271672,13440,1.680000
858,271990,13408,1.676000
859,272307,13376,1.672000
860,272623,13424,1.678000
861,272939,13424,1.678000
862,273257,13360,1.670000
863,273574,13392,1.674000
864,273891,13408,1.676000
865,274208,13408,1.676000
866,274524,13392,1.674000
867,274841,13392,1.674000
868,275158,13408,1.676000
869,275475,13408,1.676000
870,275792,13376,1.672000
871,276108,13408,1.676000
872,276425,13344,1.668000
873,276742,13392,1.674000
874,277059,13376,1.672000
875,277376,13360,1.670000
876,277692,13408,1.676000
877,278010,13376,1.672000
878,278327,13376,1.672000
879,278644,13408,1.676000
880,278960,13392,1.674000
881,279277,13408,1.676000
882,279594,13344,1.668000
883,279911,13408,1.676000
884,280228,13392,1.674000
885,280544,13424,1.678000
886,280861,13392,1.674000
887,281178,13472,1.684000
888,281495,13392,1.674000
889,281812,13408,1.676000
890,282129,13648,1.706000
891,282446,13440,1.680000
892,282762,13424,1.678000
893,283080,13440,1.680000
894,283396,13456,1.682000
895,283713,13408,1.676000
896,284030,13424,1.678000
897,284347,13648,1.706000
898,284664,13392,1.674000
899,284981,13392,1.674000
900,285297,13472,1.684000
901,285615,13520,1.690000
902,285931,13424,1.678000
903,286248,13360,1.670000
904,286565,13456,1.682000
905,286882,13392,1.674000
906,287199,13408,1.676000
907,287515,13440,1.680000
908,287832,13408,1.676000
909,288149,13440,1.680000
910,288466,13280,1.660000
911,288783,13424,1.678000
912,289099,13392,1.674000
913,289417,13392,1.674000
914,289733,13376,1.672000
915,290050,13392,1.674000
916,290367,13344,1.668000
917,290686,13440,1.680000
918,291001,13392,1.674000
919,291318,13376,1.672000
920,291635,13392,1.674000
921,291951,13408,1.676000
922,292268,13392,1.674000
923,292585,13408,1.676000
924,292901,13312,1.664000
925,293218,13360,1.670000
926,293536,13360,1.670000
927,293853,13392,1.674000
928,294169,13376,1.672000
929,294487,13424,1.678000
930,294803,13392,1.674000
931,295120,13392,1.674000
932,295437,13376,1.672000
933,295754,13376,1.672000
934,296071,13408,1.676000
935,296387,13328,1.666000
936,296704,13408,1.676000
937,297022,13424,1.678000
938,297337,13408,1.676000
939,297655,13424,1.678000
940,297972,13408,1.676000
941,298289,13440,1.680000
942,298605,13408,1.676000
943,298923,13504,1.688000
944,299240,13408,1.676000
945,299556,13408,1.676000
946,299873,13392,1.674000
947,300190,13472,1.684000
948,300506,13472,1.684000
949,300824,13440,1.680000
950,301140,13440,1.680000
951,301457,13408,1.676000
952,301774,13488,1.686000
953,302091,13568,1.696000
954,302407,13392,1.674000
955,302725,13488,1.686000
956,303042,13424,1.678000
957,303359,13456,1.682000
958,303675,13440,1.680000
959,303992,13456,1.682000
960,304309,13456,1.682000
961,304626,13456,1.682000
962,304943,13392,1.674000
963,305260,13424,1.678000
964,305576,13408,1.676000
965,305893,13456,1.682000
966,306210,13376,1.672000
967,306527,13408,1.676000
968,306844,13392,1.674000
969,307161,13408,1.676000
970,307478,13408,1.676000
971,307794,13440,1.680000
972,308112,13280,1.660000
973,308428,13392,1.674000
974,308745,13600,1.700000
975,309061,13376,1.672000
976,309379,13392,1.674000
977,309696,13376,1.672000
978,310012,13392,1.674000
979,310329,13392,1.674000
980,310646,13312,1.664000
981,310963,13424,1.678000
982,311280,13360,1.670000
983,311597,13360,1.670000
984,311914,13376,1.672000
985,312230,13408,1.676000
986,312547,13360,1.670000
987,312864,13376,1.672000
988,313181,13408,1.676000
989,313497,13376,1.672000
990,313815,13424,1.678000
991,314132,13424,1.678000
992,314448,13520,1.690000
993,314765,13408,1.676000
994,315082,13472,1.684000
995,315399,13408,1.676000
996,315716,13408,1.676000
997,316033,13392,1.674000
998,316350,13424,1.678000
999,316666,13408,1.676000
1000,316984,13456,1.682000
1001,317301,13392,1.674000
1002,317617,13456,1.682000
1003,317934,13456,1.682000
1004,318251,13408,1.676000
1005,318568,13472,1.684000
1006,318885,13424,1.678000
1007,319202,13472,1.684000
1008,319518,13440,1.680000
1009,319835,13424,1.678000
1010,320151,13408,1.676000
1011,320469,13424,1.678000
1012,320785,13408,1.676000
1013,321103,13392,1.674000
1014,321419,13392,1.674000
1015,321736,13408,1.676000
1016,322053,13472,1.684000
1017,322369,13376,1.672000
1018,322686,13424,1.678000
1019,323004,13392,1.674000
1020,323321,13376,1.672000
1021,323638,13424,1.678000
1022,323954,13376,1.672000
1023,324271,13440,1.680000
1024,324588,13344,1.668000
1025,324904,13424,1.678000
1026,325222,13376,1.672000
1027,325539,13360,1.670000
1028,325855,13392,1.674000
1029,326172,13376,1.672000
1030,326489,13376,1.672000
1031,326806,13328,1.666000
1032,327123,13360,1.670000
1033,327440,13344,1.668000
1034,327756,13360,1.670000
1035,328073,13328,1.666000
1036,328390,13376,1.672000
1037,328707,13392,1.674000
1038,329024,13392,1.674000
1039,329341,13344,1.668000
1040,329657,13392,1.674000
1041,329975,13456,1.682000
1042,330292,13392,1.674000
1043,330608,13328,1.666000
1044,330925,13408,1.676000
1045,331242,13392,1.674000
1046,331559,13376,1.672000
1047,331876,13408,1.676000
1048,332193,13424,1.678000
1049,332509,13424,1.678000
1050,332826,13408,1.676000
1051,333143,13408,1.676000
1052,333460,13376,1.672000
1053,333777,13488,1.686000
1054,334094,13504,1.688000
1055,334410,13408,1.676000
1056,334728,13408,1.676000
1057,335044,13472,1.684000
1058,335361,13424,1.678000
1059,335678,13360,1.670000
1060,335995,13408,1.676000
1061,336312,13488,1.686000
1062,336629,13392,1.674000
1063,336945,13440,1.680000
1064,337262,13376,1.672000
1065,337579,13440,1.680000
1066,337896,13456,1.682000
1067,338213,13408,1.676000
1068,338530,13392,1.674000
1069,338846,13424,1.678000
1070,339164,13376,1.672000
1071,339481,13456,1.682000
1072,339797,13408,1.676000
1073,340114,13392,1.674000
1074,340431,13408,1.676000
1075,340748,13440,1.680000
1076,341065,13392,1.674000
1077,341382,13376,1.672000
1078,341698,13520,1.690000
1079,342015,13408,1.676000
1080,342332,13360,1.670000
1081,342649,13424,1.678000
1082,342966,13392,1.674000
1083,343282,13344,1.668000
1084,343600,13360,1.670000
1085,343916,13408,1.676000
1086,344233,13360,1.670000
1087,344551,13376,1.672000
1088,344867,13360,1.670000
1089,345184,13392,1.674000
1090,345501,13344,1.668000
1091,345818,13392,1.674000
1092,346134,13376,1.672000
1093,346451,13424,1.678000
1094,346768,13408,1.676000
1095,347085,13392,1.674000
1096,347402,13408,1.676000
1097,347719,13408,1.676000
1098,348035,13408,1.676000
1099,348352,13392,1.674000
1100,348669,13360,1.670000
1101,348986,13360,1.670000
1102,349303,13408,1.676000
1103,349620,13392,1.674000
1104,349937,13440,1.680000
1105,350254,13392,1.674000
1106,350571,13408,1.676000
1107,350887,13424,1.678000
1108,351204,13424,1.678000
1109,351521,13392,1.674000
1110,351837,13440,1.680000
1111,352155,13424,1.678000
1112,352471,13440,1.680000
1113,352789,13424,1.678000
1114,353105,13440,1.680000
1115,353422,13472,1.684000
1116,353738,13392,1.674000
1117,354056,13424,1.678000
1118,354373,13392,1.674000
1119,354690,13408,1.676000
1120,355006,13424,1.678000
1121,355323,13424,1.678000
1122,355640,13424,1.678000
1123,355957,13424,1.678000
1124,356274,13440,1.680000
1125,356591,13408,1.676000
1126,356908,13408,1.676000
1127,357225,13376,1.672000
1128,357541,13392,1.674000
1129,357858,13456,1.682000
1130,358175,13392,1.674000
1131,358492,13344,1.668000
1132,358809,13344,1.668000
1133,359125,13392,1.674000
1134,359443,13376,1.672000
1135,359760,13392,1.674000
1136,360076,13392,1.674000
1137,360393,13360,1.670000
1138,360710,13360,1.670000
1139,361026,13408,1.676000
1140,361344,13392,1.674000
1141,361660,13360,1.670000
1142,361977,13328,1.666000
1143,362295,13408,1.676000
1144,362611,13392,1.674000
1145,362928,13344,1.668000
1146,363245,13344,1.668000
1147,363562,13376,1.672000
1148,363879,13408,1.676000
1149,364196,13376,1.672000
1150,364512,13408,1.676000
1151,364829,13424,1.678000
1152,365145,13392,1.674000
1153,365463,13408,1.676000
1154,365780,13344,1.668000
1155,366096,13440,1.680000
1156,366414,13424,1.678000
1157,366730,13424,1.678000
1158,367048,13424,1.678000
1159,367363,13360,1.670000
1160,367685,13424,1.678000
1161,367998,13408,1.676000
1162,368315,13456,1.682000
1163,368631,13360,1.670000
1164,368949,13408,1.676000
1165,369265,13456,1.682000
1166,369582,13488,1.686000
1167,369899,13408,1.676000
1168,370216,13472,1.684000
1169,370533,13456,1.682000
1170,370850,13472,1.684000
1171,371166,13376,1.672000
1172,371483,13424,1.678000
1173,371800,13392,1.674000
1174,372117,13440,1.680000
1175,372434,13408,1.676000
1176,372751,13440,1.680000
1177,373068,13424,1.678000
1178,373385,13424,1.678000
1179,373701,13456,1.682000
1180,374018,13392,1.674000
1181,374335,13376,1.672000
1182,374652,13376,1.672000
1183,374969,13408,1.676000
1184,375286,13248,1.656000
1185,375602,13376,1.672000
1186,375919,13376,1.672000
1187,376236,13392,1.674000
1188,376552,13376,1.672000
1189,376870,13344,1.668000
1190,377187,13376,1.672000
1191,377504,13296,1.662000
1192,377820,13360,1.670000
1193,378137,13376,1.672000
1194,378454,13344,1.668000
1195,378771,13424,1.678000
1196,379087,13360,1.670000
1197,379405,13584,1.698000
1198,379721,13456,1.682000
1199,380039,13408,1.676000
1200,380355,13392,1.674000
1201,380672,13424,1.678000
1202,380989,13456,1.682000
1203,381306,13360,1.670000
1204,381623,13392,1.674000
1205,381940,13440,1.680000
1206,382256,13440,1.680000
1207,382574,13424,1.678000
1208,382891,13424,1.678000
1209,383207,13424,1.678000
1210,383524,13408,1.676000
1211,383841,13456,1.682000
1212,384158,13504,1.688000
1213,384474,13376,1.672000
1214,384791,13408,1.676000
1215,385108,13424,1.678000
1216,385424,13472,1.684000
1217,385742,13440,1.680000
1218,386059,13424,1.678000
1219,386376,13440,1.680000
1220,386692,13520,1.690000
1221,387009,13424,1.678000
1222,387326,13424,1.678000
1223,387642,13376,1.672000
1224,387960,13408,1.676000
1225,388277,13440,1.680000
1226,388594,13424,1.678000
1227,388911,13392,1.674000
1228,389228,13344,1.668000
1229,389544,13440,1.680000
1230,389861,13376,1.672000
1231,390178,13408,1.676000
1232,390495,13424,1.678000
1233,390812,13392,1.674000
1234,391128,13424,1.678000
1235,391446,13376,1.672000
1236,391762,13360,1.670000
1237,392079,13376,1.672000
1238,392396,13360,1.670000
1239,392713,13440,1.680000
1240,393029,13536,1.692000
1241,393346,13344,1.668000
1242,393664,13296,1.662000
1243,393980,13392,1.674000
1244,394297,13392,1.674000
1245,394614,13344,1.668000
1246,394931,13376,1.672000
1247,395248,13520,1.690000
1248,395564,13408,1.676000
1249,395881,13360,1.670000
1250,396198,13360,1.670000
1251,396515,13440,1.680000
1252,396832,13408,1.676000
1253,397149,13280,1.660000
1254,397466,13408,1.676000
1255,397782,13424,1.678000
1256,398100,13424,1.678000
1257,398416,13408,1.676000
1258,398733,13376,1.672000
1259,399050,13408,1.676000
1260,399367,13328,1.666000
1261,399687,13424,1.678000
1262,400001,13456,1.682000
1263,400318,13424,1.678000
1264,400634,13440,1.680000
1265,400951,13440,1.680000
1266,401268,13520,1.690000
1267,401585,13424,1.678000
1268,401902,13232,1.654000
1269,402219,13456,1.682000
1270,402535,13440,1.680000
1271,402853,13536,1.692000
1272,403169,13456,1.682000
1273,403486,13472,1.684000
1274,403803,13440,1.680000
1275,404120,13264,1.658000
1276,404437,13472,1.684000
1277,404754,13424,1.678000
1278,405070,13424,1.678000
1279,405387,13408,1.676000
1280,405704,13424,1.678000
1281,406021,13408,1.676000
1282,406338,13392,1.674000
1283,406654,13408,1.676000
1284,406972,13408,1.676000
1285,407288,13344,1.668000
1286,407606,13360,1.670000
1287,407922,13408,1.676000
1288,408239,13408,1.676000
1289,408556,13408,1.676000
1290,408873,13344,1.668000
1291,409190,13328,1.666000
1292,409506,13392,1.674000
1293,409823,13392,1.674000
1294,410140,13408,1.676000
1295,410457,13376,1.672000
1296,410773,13456,1.682000
1297,411091,13360,1.670000
1298,411408,13392,1.674000
1299,411724,13376,1.672000
1300,412041,13328,1.666000
1301,412358,13392,1.674000
1302,412675,13376,1.672000
1303,412992,13392,1.674000
1304,413309,13408,1.676000
1305,413625,13360,1.670000
1306,413943,13408,1.676000
1307,414260,13424,1.678000
1308,414576,13392,1.674000
1309,414893,13440,1.680000
1310,415210,13408,1.676000
1311,415527,13472,1.684000
1312,415844,13408,1.676000
1313,416161,13408,1.676000
1314,416477,13440,1.680000
1315,416794,13440,1.680000
1316,417111,13488,1.686000
1317,417428,13472,1.684000
1318,417745,13504,1.688000
1319,418061,13424,1.678000
1320,418378,13392,1.674000
1321,418695,13488,1.686000
1322,419013,13440,1.680000
1323,419328,13408,1.676000
1324,419646,13584,1.698000
1325,419963,13440,1.680000
1326,420280,13424,1.678000
1327,420596,13424,1.678000
1328,420914,13440,1.680000
1329,421230,13472,1.684000
1330,421547,13440,1.680000
1331,421864,13504,1.688000
1332,422181,13440,1.680000
1333,422498,13424,1.678000
1334,422814,13424,1.678000
1335,423132,13472,1.684000
1336,423448,13424,1.678000
1337,423765,13456,1.682000
1338,424082,13440,1.680000
1339,424399,13392,1.674000
1340,424716,13408,1.676000
1341,425032,13376,1.672000
1342,425349,13392,1.674000
1343,425666,13376,1.672000
1344,425983,13408,1.676000
1345,426299,13360,1.670000
1346,426617,13360,1.670000
1347,426934,13360,1.670000
1348,427251,13376,1.672000
1349,427567,13408,1.676000
1350,427884,13408,1.676000
1351,428201,13344,1.668000
1352,428518,13360,1.670000
1353,428835,13360,1.670000
1354,429152,13360,1.670000
1355,429468,13360,1.670000
1356,429785,13376,1.672000
1357,430103,13408,1.676000
1358,430419,13392,1.674000
1359,430736,13424,1.678000
1360,431052,13376,1.672000
1361,431369,13392,1.674000
1362,431686,13424,1.678000
1363,432003,13456,1.682000
1364,432320,13424,1.678000
1365,432637,13456,1.682000
1366,432954,13376,1.672000
1367,433271,13456,1.682000
1368,433588,13408,1.676000
1369,433904,13424,1.678000
1370,434221,13456,1.682000
1371,434538,13472,1.684000
1372,434855,13488,1.686000
1373,435172,13440,1.680000
1374,435489,13456,1.682000
1375,435806,13424,1.678000
1376,436123,13440,1.680000
1377,436439,13424,1.678000
1378,436756,13440,1.680000
1379,437073,13456,1.682000
1380,437390,13472,1.684000
1381,437707,13456,1.682000
1382,438024,13408,1.676000
1383,438341,13392,1.674000
1384,438657,13392,1.674000
1385,438975,13440,1.680000
1386,439291,13376,1.672000
1387,439608,13392,1.674000
1388,439925,13392,1.674000
1389,440242,13408,1.676000
1390,440558,13408,1.676000
1391,440875,13344,1.668000
1392,441193,13344,1.668000
1393,441509,13376,1.672000
1394,441826,13408,1.676000
1395,442142,13376,1.672000
1396,442460,13376,1.672000
1397,442777,13424,1.678000
1398,443093,13408,1.676000
1399,443410,13376,1.672000
1400,443727,13360,1.670000
1401,444044,13376,1.672000
1402,444361,13344,1.668000
1403,444678,13392,1.674000
1404,444995,13376,1.672000
1405,445312,13360,1.670000
1406,445628,13424,1.678000
1407,445945,13408,1.676000
1408,446262,13328,1.666000
1409,446579,13424,1.678000
1410,446896,13392,1.674000
1411,447213,13408,1.676000
1412,447530,13360,1.670000
1413,447846,13472,1.684000
1414,448163,13344,1.668000
1415,448480,13424,1.678000
1416,448797,13424,1.678000
1417,449114,13440,1.680000
1418,449431,13424,1.678000
1419,449747,13424,1.678000
1420,450065,13440,1.680000
1421,450381,13456,1.682000
1422,450698,13440,1.680000
1423,451015,13344,1.668000
1424,451332,13472,1.684000
1425,451649,13440,1.680000
1426,451966,13456,1.682000
1427,452283,13456,1.682000
1428,452599,13456,1.682000
1429,452916,13472,1.684000
1430,453233,13456,1.682000
1431,453550,13456,1.682000
1432,453867,13424,1.678000
1433,454184,13472,1.684000
1434,454501,13456,1.682000
1435,454817,13392,1.674000
1436,455134,13424,1.678000
1437,455451,13424,1.678000
1438,455768,13376,1.672000
1439,456085,13392,1.674000
1440,456402,13376,1.672000
1441,456718,13360,1.670000
1442,457035,13408,1.676000
1443,457352,13360,1.670000
1444,457669,13440,1.680000
1445,457986,13376,1.672000
1446,458303,13392,1.674000
1447,458620,13408,1.676000
1448,458936,13360,1.670000
1449,459253,13392,1.674000
1450,459570,13376,1.672000
1451,459888,13344,1.668000
1452,460204,13376,1.672000
1453,460521,13376,1.672000
1454,460838,13376,1.672000
1455,461154,13376,1.672000
1456,461471,13424,1.678000
1457,461788,13344,1.668000
1458,462105,13408,1.676000
1459,462421,13376,1.672000
1460,462739,13392,1.674000
1461,463056,13376,1.672000
1462,463373,13376,1.672000
1463,463689,13360,1.670000
1464,464006,13392,1.674000
1465,464323,13344,1.668000
1466,464640,13440,1.680000
1467,464957,13392,1.674000
1468,465274,13408,1.676000
1469,465590,13392,1.674000
1470,465908,13408,1.676000
1471,466224,13488,1.686000
1472,466541,13424,1.678000
1473,466858,13440,1.680000
1474,467175,13392,1.674000
1475,467492,13456,1.682000
1476,467809,13456,1.682000
1477,468125,13408,1.676000
1478,468442,13520,1.690000
1479,468759,13440,1.680000
1480,469076,13472,1.684000
1481,469392,13408,1.676000
1482,469710,13472,1.684000
1483,470027,13456,1.682000
1484,470344,13424,1.678000
1485,470660,13392,1.674000
1486,470977,13392,1.674000
1487,471293,13424,1.678000
1488,471611,13440,1.680000
1489,471928,13392,1.674000
1490,472245,13408,1.676000
1491,472561,13264,1.658000
1492,472879,13440,1.680000
1493,473195,13424,1.678000
1494,473512,13392,1.674000
1495,473829,13392,1.674000
1496,474146,13408,1.676000
1497,474463,13392,1.674000
1498,474780,13328,1.666000
1499,475096,13408,1.676000
1500,475413,13424,1.678000
1501,475730,13360,1.670000
1502,476047,13392,1.674000
1503,476364,13360,1.670000
1504,476685,13360,1.670000
1505,476997,13392,1.674000
1506,477314,13376,1.672000
1507,477631,13376,1.672000
1508,477948,13408,1.676000
1509,478265,13376,1.672000
1510,478582,13376,1.672000
1511,478899,13408,1.676000
1512,479216,13424,1.678000
1513,479532,13392,1.674000
1514,479849,13424,1.678000
1515,480166,13376,1.672000
1516,480483,13408,1.676000
1517,480800,13408,1.676000
1518,481116,13360,1.670000
1519,481433,13392,1.674000
1520,481750,13440,1.680000
1521,482067,13408,1.676000
1522,482383,13424,1.678000
1523,482701,13424,1.678000
1524,483018,13456,1.682000
1525,483335,13440,1.680000
1526,483651,13456,1.682000
1527,483968,13424,1.678000
1528,484285,13376,1.672000
1529,484602,13472,1.684000
1530,484919,13456,1.682000
1531,485236,13488,1.686000
1532,485553,13488,1.686000
1533,485869,13488,1.686000
1534,486186,13312,1.664000
1535,486503,13488,1.686000
1536,486820,13456,1.682000
1537,487137,13408,1.676000
1538,487454,13424,1.678000
1539,487770,13408,1.676000
1540,488088,13424,1.678000
1541,488405,13440,1.680000
1542,488721,13408,1.676000
1543,489038,13472,1.684000
1544,489355,13456,1.682000
1545,489672,13408,1.676000
1546,489989,13424,1.678000
1547,490306,13584,1.698000
1548,490622,13424,1.678000
1549,490939,13296,1.662000
1550,491256,13392,1.674000
1551,491573,13360,1.670000
1552,491890,13408,1.676000
1553,492207,13392,1.674000
1554,492523,13408,1.676000
1555,492840,13408,1.676000
1556,493157,13232,1.654000
1557,493474,13376,1.672000
1558,493791,13376,1.672000
1559,494107,13376,1.672000
1560,494425,13312,1.664000
1561,494741,13408,1.676000
1562,495059,13440,1.680000
1563,495376,13408,1.676000
1564,495692,13408,1.676000
1565,496009,13392,1.674000
1566,496326,13360,1.670000
1567,496642,13344,1.668000
1568,496960,13488,1.686000
1569,497276,13488,1.686000
1570,497593,13488,1.686000
1571,497910,13424,1.678000
1572,498227,13360,1.670000
1573,498544,13424,1.678000
1574,498861,13456,1.682000
1575,499178,13472,1.684000
1576,499494,13408,1.676000
1577,499811,13408,1.676000
1578,500128,13424,1.678000
1579,500445,13392,1.674000
1580,500762,13408,1.676000
1581,501078,13440,1.680000
1582,501396,13424,1.678000
1583,501713,13456,1.682000
1584,502029,13424,1.678000
1585,502346,13392,1.674000
1586,502663,13456,1.682000
1587,502980,13440,1.680000
1588,503297,13456,1.682000
1589,503614,13456,1.682000
1590,503930,13408,1.676000
1591,504247,13376,1.672000
1592,504564,13456,1.682000
1593,504881,13424,1.678000
1594,505198,13424,1.678000
1595,505515,13376,1.672000
1596,505832,13392,1.674000
1597,506148,13424,1.678000
1598,506466,13392,1.674000
1599,506782,13376,1.672000
1600,507099,13360,1.670000
1601,507416,13472,1.684000
1602,507733,13376,1.672000
1603,508049,13392,1.674000
1604,508366,13344,1.668000
1605,508687,13408,1.676000
1606,509001,13376,1.672000
1607,509317,13344,1.668000
1608,509634,13360,1.670000
1609,509951,13360,1.670000
1610,510268,13392,1.674000
1611,510584,13408,1.676000
1612,510901,13264,1.658000
1613,511218,13376,1.672000
1614,511535,13456,1.682000
1615,511851,13392,1.674000
1616,512169,13360,1.670000
1617,512486,13408,1.676000
1618,512803,13392,1.674000
1619,513119,13408,1.676000
1620,513436,13408,1.676000
1621,513753,13392,1.674000
1622,514070,13424,1.678000
1623,514387,13424,1.678000
1624,514704,13376,1.672000
1625,515020,13536,1.692000
1626,515337,13408,1.676000
1627,515654,13328,1.666000
1628,515971,13424,1.678000
1629,516288,13440,1.680000
1630,516605,13504,1.688000
1631,516922,13424,1.678000
1632,517239,13440,1.680000
1633,517555,13440,1.680000
1634,517873,13376,1.672000
1635,518190,13440,1.680000
1636,518506,13456,1.682000
1637,518823,13456,1.682000
1638,519139,13408,1.676000
1639,519457,13472,1.684000
1640,519774,13504,1.688000
1641,520090,13440,1.680000
1642,520407,13424,1.678000
1643,520724,13424,1.678000
1644,521041,13424,1.678000
1645,521358,13408,1.676000
1646,521674,13408,1.676000
1647,521992,13424,1.678000
1648,522309,13408,1.676000
1649,522625,13392,1.674000
1650,522943,13424,1.678000
1651,523259,13328,1.666000
1652,523576,13424,1.678000
1653,523893,13376,1.672000
1654,524210,13392,1.674000
1655,524526,13424,1.678000
1656,524843,13392,1.674000
1657,525160,13376,1.672000
1658,525477,13360,1.670000
1659,525794,13344,1.668000
1660,526110,13376,1.672000
1661,526428,13408,1.676000
1662,526745,13328,1.666000
1663,527061,13376,1.672000
1664,527378,13392,1.674000
1665,527695,13376,1.672000
1666,528012,13360,1.670000
1667,528329,13344,1.668000
1668,528645,13376,1.672000
1669,528962,13392,1.674000
1670,529279,13376,1.672000
1671,529596,13360,1.670000
1672,529913,13392,1.674000
1673,530230,13392,1.674000
1674,530547,13392,1.674000
1675,530864,13376,1.672000
1676,531181,13424,1.678000
1677,531497,13472,1.684000
1678,531814,13440,1.680000
1679,532130,13408,1.676000
1680,532448,13408,1.676000
1681,532765,13424,1.678000
1682,533082,13392,1.674000
1683,533398,13504,1.688000
1684,533715,13424,1.678000
1685,534032,13424,1.678000
1686,534349,13424,1.678000
1687,534666,13440,1.680000
1688,534982,13456,1.682000
1689,535300,13424,1.678000
1690,535617,13408,1.676000
1691,535933,13424,1.678000
1692,536250,13424,1.678000
1693,536567,13408,1.676000
1694,536884,13472,1.684000
1695,537201,13472,1.684000
1696,537518,13344,1.668000
1697,537834,13440,1.680000
1698,538151,13408,1.676000
1699,538468,13408,1.676000
1700,538785,13424,1.678000
1701,539102,13392,1.674000
1702,539419,13408,1.676000
1703,539735,13392,1.674000
1704,540053,13408,1.676000
1705,540369,13424,1.678000
1706,540686,13408,1.676000
1707,541003,13376,1.672000
1708,541320,13392,1.674000
1709,541637,13424,1.678000
1710,541954,13376,1.672000
1711,542271,13328,1.666000
1712,542587,13392,1.674000
1713,542904,13344,1.668000
1714,543221,13376,1.672000
1715,543538,13392,1.674000
1716,543855,13344,1.668000
1717,544172,13392,1.674000
1718,544489,13376,1.672000
1719,544805,13376,1.672000
1720,545122,13376,1.672000
1721,545439,13376,1.672000
1722,545756,13344,1.668000
1723,546073,13392,1.674000
1724,546390,13424,1.678000
1725,546706,13424,1.678000
1726,547023,13392,1.674000
1727,547340,13424,1.678000
1728,547657,13360,1.670000
1729,547974,13424,1.678000
1730,548291,13392,1.674000
1731,548607,13408,1.676000
1732,548925,13408,1.676000
1733,549242,13424,1.678000
1734,549558,13424,1.678000
1735,549874,13424,1.678000
1736,550192,13424,1.678000
1737,550509,13376,1.672000
1738,550826,13408,1.676000
1739,551143,13408,1.676000
1740,551460,13456,1.682000
1741,551776,13472,1.684000
1742,552093,13456,1.682000
1743,552409,13440,1.680000
1744,552727,13424,1.678000
1745,553044,13472,1.684000
1746,553361,13376,1.672000
1747,553677,13424,1.678000
1748,553995,13424,1.678000
1749,554312,13424,1.678000
1750,554628,13488,1.686000
1751,554945,13344,1.668000
1752,555262,13408,1.676000
1753,555578,13440,1.680000
1754,555895,13376,1.672000
1755,556212,13392,1.674000
1756,556529,13440,1.680000
1757,556846,13392,1.674000
1758,557163,13440,1.680000
1759,557480,13392,1.674000
1760,557797,13408,1.676000
1761,558113,13392,1.674000
1762,558430,13408,1.676000
1763,558747,13376,1.672000
1764,559064,13408,1.676000
1765,559381,13328,1.666000
1766,559698,13392,1.674000
1767,560014,13360,1.670000
1768,560331,13360,1.670000
1769,560648,13360,1.670000
1770,560965,13360,1.670000
1771,561282,13360,1.670000
1772,561598,13392,1.674000
1773,561916,13376,1.672000
1774,562233,13392,1.674000
1775,562549,13376,1.672000
1776,562867,13440,1.680000
1777,563183,13392,1.674000
1778,563500,13376,1.672000
1779,563817,13376,1.672000
1780,564134,13440,1.680000
1781,564450,13392,1.674000
1782,564768,13328,1.666000
1783,565084,13408,1.676000
1784,565401,13408,1.676000
1785,565718,13376,1.672000
1786,566035,13440,1.680000
1787,566352,13472,1.684000
1788,566669,13392,1.674000
1789,566986,13408,1.676000
1790,567302,13424,1.678000
1791,567619,13392,1.674000
1792,567936,13424,1.678000
1793,568253,13440,1.680000
1794,568570,13456,1.682000
1795,568887,13408,1.676000
1796,569204,13424,1.678000
1797,569520,13424,1.678000
1798,569837,13440,1.680000
1799,570154,13456,1.682000
1800,570471,13392,1.674000
1801,570788,13440,1.680000
1802,571105,13440,1.680000
1803,571422,13408,1.676000
1804,571738,13392,1.674000
1805,572055,13424,1.678000
1806,572372,13440,1.680000
1807,572689,13440,1.680000
1808,573005,13424,1.678000
1809,573323,13376,1.672000
1810,573640,13392,1.674000
1811,573956,13440,1.680000
1812,574273,13360,1.670000
1813,574590,13360,1.670000
1814,574906,13392,1.674000
1815,575223,13344,1.668000
1816,575541,13408,1.676000
1817,575857,13392,1.674000
1818,576174,13424,1.678000
1819,576491,13360,1.670000
1820,576808,13392,1.674000
1821,577124,13344,1.668000
1822,577442,13328,1.666000
1823,577759,13424,1.678000
1824,578075,13472,1.684000
1825,578393,13376,1.672000
1826,578709,13344,1.668000
1827,579026,13376,1.672000
1828,579343,13376,1.672000
1829,579660,13424,1.678000
1830,579976,13664,1.708000
1831,580294,13312,1.664000
1832,580610,13392,1.674000
1833,580927,13408,1.676000
1834,581244,13360,1.670000
1835,581561,13440,1.680000
1836,581878,13392,1.674000
1837,582195,13632,1.704000
1838,582511,13392,1.674000
1839,582828,13408,1.676000
1840,583146,13392,1.674000
1841,583462,13408,1.676000
1842,583779,13440,1.680000
1843,584095,13264,1.658000
1844,584413,13440,1.680000
1845,584730,13440,1.680000
1846,585046,13424,1.678000
1847,585363,13408,1.676000
1848,585680,13424,1.678000
1849,585996,13408,1.676000
1850,586314,13376,1.672000
1851,586631,13392,1.674000
1852,586948,13472,1.684000
1853,587265,13376,1.672000
1854,587581,13456,1.682000
1855,587898,13376,1.672000
1856,588215,13488,1.686000
1857,588532,13360,1.670000
1858,588849,13376,1.672000
1859,589166,13456,1.682000
1860,589483,13376,1.672000
1861,589800,13392,1.674000
1862,590116,13424,1.678000
1863,590433,13392,1.674000
1864,590750,13392,1.674000
1865,591067,13408,1.676000
1866,591384,13392,1.674000
1867,591700,13376,1.672000
1868,592018,13360,1.670000
1869,592334,13392,1.674000
1870,592651,13456,1.682000
1871,592968,13312,1.664000
1872,593285,13392,1.674000
1873,593602,13376,1.672000
1874,593919,13392,1.674000
1875,594235,13360,1.670000
1876,594552,13344,1.668000
1877,594869,13472,1.684000
1878,595186,13440,1.680000
1879,595503,13424,1.678000
1880,595819,13408,1.676000
1881,596137,13392,1.674000
1882,596453,13408,1.676000
1883,596770,13408,1.676000
1884,597087,13456,1.682000
1885,597404,13376,1.672000
1886,597721,13424,1.678000
1887,598038,13376,1.672000
1888,598355,13376,1.672000
1889,598671,13392,1.674000
1890,598988,13440,1.680000
1891,599305,13424,1.678000
1892,599622,13392,1.674000
1893,599938,13504,1.688000
1894,600256,13424,1.678000
1895,600573,13392,1.674000
1896,600890,13456,1.682000
1897,601206,13408,1.676000
1898,601523,13392,1.674000
1899,601840,13424,1.678000
1900,602157,13440,1.680000
1901,602474,13456,1.682000
1902,602790,13440,1.680000
1903,603108,13456,1.682000
1904,603424,13440,1.680000
1905,603741,13440,1.680000
1906,604057,13328,1.666000
1907,604375,13424,1.678000
1908,604692,13584,1.698000
1909,605009,13392,1.674000
1910,605326,13392,1.674000
1911,605642,13392,1.674000
1912,605959,13456,1.682000
1913,606276,13440,1.680000
1914,606593,13488,1.686000
1915,606910,13376,1.672000
1916,607227,13424,1.678000
1917,607544,13424,1.678000
1918,607860,13424,1.678000
1919,608177,13328,1.666000
1920,608494,13408,1.676000
1921,608811,13376,1.672000
1922,609128,13392,1.674000
1923,609445,13440,1.680000
1924,609762,13392,1.674000
1925,610078,13344,1.668000
1926,610395,13360,1.670000
1927,610712,13360,1.670000
1928,611029,13408,1.676000
1929,611345,13376,1.672000
1930,611663,13376,1.672000
1931,611979,13440,1.680000
1932,612296,13440,1.680000
1933,612613,13408,1.676000
1934,612930,13472,1.684000
1935,613247,13360,1.670000
1936,613564,13376,1.672000
1937,613881,13440,1.680000
1938,614198,13440,1.680000
1939,614514,13424,1.678000
1940,614832,13360,1.670000
1941,615148,13392,1.674000
1942,615465,13392,1.674000
1943,615782,13392,1.674000
1944,616099,13392,1.674000
1945,616416,13392,1.674000
1946,616732,13472,1.684000
1947,617050,13424,1.678000
1948,617367,13488,1.686000
1949,617686,13472,1.684000
1950,618000,13408,1.676000
1951,618317,13424,1.678000
1952,618634,13424,1.678000
1953,618950,13440,1.680000
1954,619267,13488,1.686000
1955,619584,13440,1.680000
1956,619901,13408,1.676000
1957,620218,13408,1.676000
1958,620535,13360,1.670000
1959,620852,13408,1.676000
1960,621168,13408,1.676000
1961,621485,13424,1.678000
1962,621802,13408,1.676000
1963,622119,13392,1.674000
1964,622436,13392,1.674000
1965,622752,13376,1.672000
1966,623070,13360,1.670000
1967,623387,13344,1.668000
1968,623704,13392,1.674000
1969,624020,13360,1.670000
1970,624337,13344,1.668000
1971,624654,13376,1.672000
1972,624971,13408,1.676000
1973,625288,13392,1.674000
1974,625605,13360,1.670000
1975,625921,13376,1.672000
1976,626238,13360,1.670000
1977,626555,13344,1.668000
1978,626871,13376,1.672000
1979,627189,13360,1.670000
1980,627506,13360,1.670000
1981,627823,13408,1.676000
1982,628139,13392,1.674000
1983,628456,13360,1.670000
1984,628773,13392,1.674000
1985,629090,13376,1.672000
1986,629407,13376,1.672000
1987,629724,13472,1.684000
1988,630041,13408,1.676000
1989,630358,13440,1.680000
1990,630674,13408,1.676000
1991,630991,13440,1.680000
1992,631308,13376,1.672000
1993,631625,13408,1.676000
1994,631942,13376,1.672000
1995,632259,13440,1.680000
1996,632576,13472,1.684000
1997,632892,13392,1.674000
1998,633209,13376,1.672000
1999,633526,13424,1.678000
2000,633843,13424,1.678000
2001,634159,13424,1.678000
2002,634477,13456,1.682000
2003,634794,13424,1.678000
2004,635110,13456,1.682000
2005,635427,13520,1.690000
2006,635744,13472,1.684000
2007,636061,13488,1.686000
2008,636378,13424,1.678000
2009,636695,13536,1.692000
2010,637011,13440,1.680000
2011,637328,13520,1.690000
2012,637645,13424,1.678000
2013,637961,13408,1.676000
2014,638279,13440,1.680000
2015,638596,13408,1.676000
2016,638913,13424,1.678000
2017,639230,13424,1.678000
2018,639546,13376,1.672000
2019,639863,13408,1.676000
2020,640180,13456,1.682000
2021,640497,13424,1.678000
2022,640814,13392,1.674000
2023,641131,13392,1.674000
2024,641447,13392,1.674000
2025,641764,13424,1.678000
2026,642081,13360,1.670000
2027,642398,13360,1.670000
2028,642715,13376,1.672000
2029,643032,13360,1.670000
2030,643348,13360,1.670000
2031,643666,13360,1.670000
2032,643982,13360,1.670000
2033,644299,13376,1.672000
2034,644616,13344,1.668000
2035,644933,13360,1.670000
2036,645250,13376,1.672000
2037,645567,13408,1.676000
2038,645883,13376,1.672000
2039,646200,13376,1.672000
2040,646517,13408,1.676000
2041,646834,13424,1.678000
2042,647151,13360,1.670000
2043,647467,13408,1.676000
2044,647785,13376,1.672000
2045,648101,13392,1.674000
2046,648418,13424,1.678000
2047,648735,13360,1.670000
2048,649052,13424,1.678000
2049,649369,13472,1.684000
2050,649687,13392,1.674000
2051,650002,13392,1.674000
2052,650319,13424,1.678000
2053,650637,13392,1.674000
2054,650953,13360,1.670000
2055,651270,13440,1.680000
2056,651587,13424,1.678000
2057,651904,13472,1.684000
2058,652221,13488,1.686000
2059,652537,13456,1.682000
2060,652854,13440,1.680000
2061,653171,13392,1.674000
2062,653488,13344,1.668000
2063,653805,13520,1.690000
2064,654122,13488,1.686000
2065,654439,13392,1.674000
2066,654755,13408,1.676000
2067,655073,13392,1.674000
2068,655390,13424,1.678000
2069,655706,13392,1.674000
2070,656023,13376,1.672000
2071,656340,13376,1.672000
2072,656657,13408,1.676000
2073,656973,13376,1.672000
2074,657290,13408,1.676000
2075,657608,13376,1.672000
2076,657924,13312,1.664000
2077,658241,13408,1.676000
2078,658558,13392,1.674000
2079,658874,13392,1.674000
2080,659192,13376,1.672000
2081,659509,13392,1.674000
2082,659825,13408,1.676000
2083,660142,13392,1.674000
2084,660459,13360,1.670000
2085,660776,13376,1.672000
2086,661093,13392,1.674000
2087,661410,13376,1.672000
2088,661726,13360,1.670000
2089,662043,13424,1.678000
2090,662360,13344,1.668000
2091,662677,13376,1.672000
2092,662994,13344,1.668000
2093,663311,13376,1.672000
2094,663628,13408,1.676000
2095,663944,13456,1.682000
2096,664262,13408,1.676000
2097,664578,13424,1.678000
2098,664895,13376,1.672000
2099,665212,13424,1.678000
2100,665529,13408,1.676000
2101,665846,13440,1.680000
2102,666162,13424,1.678000
2103,666480,13472,1.684000
2104,666796,13376,1.672000
2105,667113,13408,1.676000
2106,667430,13424,1.678000
2107,667747,13440,1.680000
2108,668064,13424,1.678000
2109,668381,13408,1.676000
2110,668698,13456,1.682000
2111,669014,13440,1.680000
2112,669331,13408,1.676000
2113,669648,13424,1.678000
2114,669965,13408,1.676000
2115,670282,13408,1.676000
2116,670599,13408,1.676000
2117,670916,13440,1.680000
2118,671233,13280,1.660000
2119,671549,13424,1.678000
2120,671866,13392,1.674000
2121,672183,13488,1.686000
2122,672500,13392,1.674000
2123,672817,13392,1.674000
2124,673133,13280,1.660000
2125,673450,13392,1.674000
2126,673767,13360,1.670000
2127,674084,13408,1.676000
2128,674401,13440,1.680000
2129,674718,13424,1.678000
2130,675034,13408,1.676000
2131,675351,13520,1.690000
2132,675668,13424,1.678000
2133,675985,13376,1.672000
2134,676302,13344,1.668000
2135,676619,13392,1.674000
2136,676935,13376,1.672000
2137,677253,13568,1.696000
2138,677570,13376,1.672000
2139,677886,13408,1.676000
2140,678203,13376,1.672000
2141,678520,13376,1.672000
2142,678837,13360,1.670000
2143,679154,13408,1.676000
2144,679471,13392,1.674000
2145,679787,13392,1.674000
2146,680105,13376,1.672000
2147,680421,13408,1.676000
2148,680738,13424,1.678000
2149,681055,13392,1.674000
2150,681372,13408,1.676000
2151,681688,13408,1.676000
2152,682006,13360,1.670000
2153,682323,13376,1.672000
2154,682639,13472,1.684000
2155,682956,13440,1.680000
2156,683273,13392,1.674000
2157,683589,13424,1.678000
2158,683907,13376,1.672000
2159,684224,13440,1.680000
2160,684541,13440,1.680000
2161,684857,13408,1.676000
2162,685174,13456,1.682000
2163,685491,13408,1.676000
2164,685808,13392,1.674000
2165,686125,13456,1.682000
2166,686442,13456,1.682000
2167,686759,13376,1.672000
2168,687075,13472,1.684000
2169,687392,13408,1.676000
2170,687709,13456,1.682000
2171,688025,13408,1.676000
2172,688343,13408,1.676000
2173,688660,13424,1.678000
2174,688976,13600,1.700000
2175,689293,13376,1.672000
2176,689610,13392,1.674000
2177,689927,13392,1.674000
2178,690244,13440,1.680000
2179,690561,13472,1.684000
2180,690877,13376,1.672000
2181,691194,13456,1.682000
2182,691511,13360,1.670000
2183,691828,13408,1.676000
2184,692145,13376,1.672000
2185,692462,13360,1.670000
2186,692779,13344,1.668000
2187,693096,13280,1.660000
2188,693412,13376,1.672000
2189,693729,13376,1.672000
2190,694047,13344,1.668000
2191,694363,13360,1.670000
2192,694680,13376,1.672000
2193,694997,13376,1.672000
2194,695314,13376,1.672000
2195,695631,13248,1.656000
2196,695947,13376,1.672000
2197,696264,13376,1.672000
2198,696581,13360,1.670000
2199,696898,13376,1.672000
2200,697215,13424,1.678000
2201,697532,13376,1.672000
2202,697848,13200,1.650000
2203,698165,13328,1.666000
2204,698482,13376,1.672000
2205,698799,13408,1.676000
2206,699116,13408,1.676000
2207,699433,13424,1.678000
2208,699749,13360,1.670000
2209,700067,13440,1.680000
2210,700384,13408,1.676000
2211,700700,13456,1.682000
2212,701017,13456,1.682000
2213,701334,13440,1.680000
2214,701651,13392,1.674000
2215,701968,13600,1.700000
2216,702285,13456,1.682000
2217,702602,13440,1.680000
2218,702918,13440,1.680000
2219,703235,13424,1.678000
2220,703552,13360,1.670000
2221,703869,13504,1.688000
2222,704186,13472,1.684000
2223,704503,13472,1.684000
2224,704819,13424,1.678000
2225,705136,13424,1.678000
2226,705454,13440,1.680000
2227,705770,13424,1.678000
2228,706087,13424,1.678000
2229,706404,13392,1.674000
2230,706721,13392,1.674000
2231,707037,13392,1.674000
2232,707354,13392,1.674000
2233,707671,13424,1.678000
2234,707988,13344,1.668000
2235,708305,13360,1.670000
2236,708622,13360,1.670000
2237,708938,13376,1.672000
2238,709255,13344,1.668000
2239,709572,13344,1.668000
2240,709890,13344,1.668000
2241,710206,13424,1.678000
2242,710523,13408,1.676000
2243,710840,13360,1.670000
2244,711156,13360,1.670000
2245,711474,13360,1.670000
2246,711790,13376,1.672000
2247,712107,13360,1.670000
2248,712424,13328,1.666000
2249,712741,13344,1.668000
2250,713058,13392,1.674000
2251,713375,13424,1.678000
2252,713692,13376,1.672000
2253,714008,13408,1.676000
2254,714325,13408,1.676000
2255,714642,13408,1.676000
2256,714959,13456,1.682000
2257,715276,13424,1.678000
2258,715592,13472,1.684000
2259,715910,13424,1.678000
2260,716227,13472,1.684000
2261,716543,13408,1.676000
2262,716860,13392,1.674000
2263,717177,13440,1.680000
2264,717494,13360,1.670000
2265,717811,13456,1.682000
2266,718127,13424,1.678000
2267,718445,13408,1.676000
2268,718761,13424,1.678000
2269,719078,13472,1.684000
2270,719395,13456,1.682000
2271,719712,13472,1.684000
2272,720029,13424,1.678000
2273,720346,13488,1.686000
2274,720662,13456,1.682000
2275,720980,13376,1.672000
2276,721296,13440,1.680000
2277,721613,13456,1.682000
2278,721930,13408,1.676000
2279,722247,13344,1.668000
2280,722563,13408,1.676000
2281,722881,13376,1.672000
2282,723197,13424,1.678000
2283,723514,13376,1.672000
2284,723831,13408,1.676000
2285,724148,13392,1.674000
2286,724465,13360,1.670000
2287,724782,13408,1.676000
2288,725098,13424,1.678000
2289,725415,13344,1.668000
2290,725732,13360,1.670000
2291,726049,13376,1.672000
2292,726366,13376,1.672000
2293,726686,13376,1.672000
2294,727000,13344,1.668000
2295,727317,13344,1.668000
2296,727633,13360,1.670000
2297,727950,13392,1.674000
2298,728266,13376,1.672000
2299,728584,13392,1.674000
2300,728901,13408,1.676000
2301,729218,13408,1.676000
2302,729534,13408,1.676000
2303,729852,13408,1.676000
2304,730168,13392,1.674000
2305,730485,13360,1.670000
2306,730802,13376,1.672000
2307,731119,13408,1.676000
2308,731436,13392,1.674000
2309,731753,13408,1.676000
2310,732069,13424,1.678000
2311,732386,13424,1.678000
2312,732703,13392,1.674000
2313,733019,13408,1.676000
2314,733337,13408,1.676000
2315,733654,13456,1.682000
2316,733970,13392,1.674000
2317,734288,13424,1.678000
2318,734604,13424,1.678000
2319,734921,13440,1.680000
2320,735238,13360,1.670000
2321,735555,13456,1.682000
2322,735872,13472,1.684000
2323,736189,13472,1.684000
2324,736506,13408,1.676000
2325,736822,13360,1.670000
2326,737139,13392,1.674000
2327,737456,13392,1.674000
2328,737773,13408,1.676000
2329,738090,13424,1.678000
2330,738406,13392,1.674000
2331,738724,13408,1.676000
2332,739040,13440,1.680000
2333,739357,13424,1.678000
2334,739674,13472,1.684000
2335,739990,13424,1.678000
2336,740308,13360,1.670000
2337,740625,13376,1.672000
2338,740941,13392,1.674000
2339,741258,13440,1.680000
2340,741575,13376,1.672000
2341,741892,13424,1.678000
2342,742208,13376,1.672000
2343,742526,13344,1.668000
2344,742843,13360,1.670000
2345,743159,13360,1.670000
2346,743476,13360,1.670000
2347,743794,13376,1.672000
2348,744110,13424,1.678000
2349,744427,13392,1.674000
2350,744744,13392,1.674000
2351,745061,13392,1.674000
2352,745378,13424,1.678000
2353,745694,13472,1.684000
2354,746011,13440,1.680000
2355,746328,13536,1.692000
2356,746645,13408,1.676000
2357,746962,13328,1.666000
2358,747279,13376,1.672000
2359,747595,13424,1.678000
2360,747912,13392,1.674000
2361,748229,13440,1.680000
2362,748546,13392,1.674000
2363,748863,13424,1.678000
2364,749180,13424,1.678000
2365,749497,13456,1.682000
2366,749813,13440,1.680000
2367,750130,13424,1.678000
2368,750447,13440,1.680000
2369,750764,13440,1.680000
2370,751081,13520,1.690000
2371,751398,13360,1.670000
2372,751714,13424,1.678000
2373,752032,13440,1.680000
2374,752348,13456,1.682000
2375,752666,13424,1.678000
2376,752982,13472,1.684000
2377,753299,13456,1.682000
2378,753616,13424,1.678000
2379,753932,13408,1.676000
2380,754249,13440,1.680000
2381,754567,13424,1.678000
2382,754883,13424,1.678000
2383,755200,13408,1.676000
2384,755517,13456,1.682000
2385,755834,13392,1.674000
2386,756151,13392,1.674000
2387,756467,13408,1.676000
2388,756784,13424,1.678000
2389,757101,13408,1.676000
2390,757418,13424,1.678000
2391,757735,13408,1.676000
2392,758052,13392,1.674000
2393,758369,13424,1.678000
2394,758687,13360,1.670000
2395,759002,13360,1.670000
2396,759319,13392,1.674000
2397,759636,13392,1.674000
2398,759953,13392,1.674000
2399,760270,13360,1.670000
2400,760586,13376,1.672000
2401,760904,13360,1.670000
2402,761220,13392,1.674000
2403,761538,13360,1.670000
2404,761854,13344,1.668000
2405,762171,13328,1.666000
2406,762488,13424,1.678000
2407,762804,13408,1.676000
2408,763122,13392,1.674000
2409,763438,13376,1.672000
2410,763755,13440,1.680000
2411,764072,13408,1.676000
2412,764389,13424,1.678000
2413,764706,13408,1.676000
2414,765022,13376,1.672000
2415,765339,13440,1.680000
2416,765657,13472,1.684000
2417,765973,13392,1.674000
2418,766290,13456,1.682000
2419,766607,13424,1.678000
2420,766924,13376,1.672000
2421,767241,13408,1.676000
2422,767558,13424,1.678000
2423,767875,13408,1.676000
2424,768192,13440,1.680000
2425,768508,13424,1.678000
2426,768825,13424,1.678000
2427,769142,13456,1.682000
2428,769459,13488,1.686000
2429,769776,13408,1.676000
2430,770092,13408,1.676000
2431,770409,13392,1.674000
2432,770727,13408,1.676000
2433,771043,13424,1.678000
2434,771360,13376,1.672000
2435,771677,13424,1.678000
2436,771994,13408,1.676000
2437,772311,13392,1.674000
2438,772627,13408,1.676000
2439,772944,13456,1.682000
2440,773261,13392,1.674000
2441,773578,13376,1.672000
2442,773895,13360,1.670000
2443,774212,13392,1.674000
2444,774528,13376,1.672000
2445,774845,13360,1.670000
2446,775163,13440,1.680000
2447,775479,13392,1.674000
2448,775796,13424,1.678000
2449,776113,13360,1.670000
2450,776429,13376,1.672000
2451,776747,13408,1.676000
2452,777063,13312,1.664000
2453,777380,13392,1.674000
2454,777697,13392,1.674000
2455,778014,13408,1.676000
2456,778331,13312,1.664000
2457,778648,13312,1.664000
2458,778965,13424,1.678000
2459,779281,13424,1.678000
2460,779598,13424,1.678000
2461,779915,13408,1.676000
2462,780232,13424,1.678000
2463,780549,13424,1.678000
2464,780866,13440,1.680000
2465,781183,13376,1.672000
2466,781499,13392,1.674000
2467,781817,13424,1.678000
2468,782133,13296,1.662000
2469,782450,13392,1.674000
2470,782767,13392,1.674000
2471,783084,13408,1.676000
2472,783401,13408,1.676000
2473,783718,13392,1.674000
2474,784034,13312,1.664000
2475,784351,13456,1.682000
2476,784668,13424,1.678000
2477,784985,13440,1.680000
2478,785302,13392,1.674000
2479,785619,13424,1.678000
2480,785935,13424,1.678000
2481,786253,13600,1.700000
2482,786569,13392,1.674000
2483,786886,13376,1.672000
2484,787203,13440,1.680000
2485,787520,13424,1.678000
2486,787837,13456,1.682000
2487,788153,13632,1.704000
2488,788470,13408,1.676000
2489,788788,13264,1.658000
2490,789104,13392,1.674000
2491,789421,13376,1.672000
2492,789738,13408,1.676000
2493,790055,13424,1.678000
2494,790372,13360,1.670000
2495,790688,13376,1.672000
2496,791006,13408,1.676000
2497,791322,13376,1.672000
2498,791639,13424,1.678000
2499,791956,13360,1.670000
2500,792273,13344,1.668000
2501,792589,13344,1.668000
2502,792906,13392,1.674000
2503,793223,13376,1.672000
2504,793540,13376,1.672000
2505,793857,13408,1.676000
2506,794173,13360,1.670000
2507,794491,13392,1.674000
2508,794808,13360,1.670000
2509,795124,13360,1.670000
2510,795442,13424,1.678000
2511,795758,13408,1.676000
2512,796075,13392,1.674000
2513,796392,13424,1.678000
2514,796709,13344,1.668000
2515,797026,13408,1.676000
2516,797343,13392,1.674000
2517,797659,13440,1.680000
2518,797976,13392,1.674000
2519,798293,13440,1.680000
2520,798610,13392,1.674000
2521,798927,13392,1.674000
2522,799244,13392,1.674000
2523,799560,13440,1.680000
2524,799877,13440,1.680000
2525,800194,13440,1.680000
2526,800511,13488,1.686000
2527,800828,13440,1.680000
2528,801145,13440,1.680000
2529,801461,13456,1.682000
2530,801778,13376,1.672000
2531,802095,13408,1.676000
2532,802412,13424,1.678000
2533,802729,13440,1.680000
2534,803046,13440,1.680000
2535,803363,13424,1.678000
2536,803680,13392,1.674000
2537,803996,13408,1.676000
2538,804313,13424,1.678000
2539,804631,13312,1.664000
2540,804947,13408,1.676000
2541,805264,13424,1.678000
2542,805581,13408,1.676000
2543,805898,13440,1.680000
2544,806215,13408,1.676000
2545,806532,13264,1.658000
2546,806848,13408,1.676000
2547,807165,13440,1.680000
2548,807482,13472,1.684000
2549,807799,13376,1.672000
2550,808116,13376,1.672000
2551,808433,13328,1.666000
2552,808749,13328,1.666000
2553,809066,13344,1.668000
2554,809383,13312,1.664000
2555,809700,13328,1.666000
2556,810017,13376,1.672000
2557,810334,13376,1.672000
2558,810651,13504,1.688000
2559,810967,13344,1.668000
2560,811284,13344,1.668000
2561,811601,13344,1.668000
2562,811918,13392,1.674000
2563,812234,13408,1.676000
2564,812552,13424,1.678000
2565,812868,13440,1.680000
2566,813185,13408,1.676000
2567,813502,13328,1.666000
2568,813819,13376,1.672000
2569,814136,13376,1.672000
2570,814452,13440,1.680000
2571,814770,13424,1.678000
2572,815086,13376,1.672000
2573,815403,13392,1.674000
2574,815720,13472,1.684000
2575,816037,13408,1.676000
2576,816354,13424,1.678000
2577,816671,13376,1.672000
2578,816988,13440,1.680000
2579,817305,13424,1.678000
2580,817621,13408,1.676000
2581,817938,13456,1.682000
2582,818255,13440,1.680000
2583,818572,13456,1.682000
2584,818889,13440,1.680000
2585,819206,13392,1.674000
2586,819523,13392,1.674000
2587,819839,13456,1.682000
2588,820156,13440,1.680000
2589,820473,13408,1.676000
2590,820790,13440,1.680000
2591,821107,13424,1.678000
2592,821423,13424,1.678000
2593,821741,13392,1.674000
2594,822058,13424,1.678000
2595,822374,13360,1.670000
2596,822691,13360,1.670000
2597,823008,13408,1.676000
2598,823325,13408,1.676000
2599,823641,13360,1.670000
2600,823959,13376,1.672000
2601,824276,13344,1.668000
2602,824592,13408,1.676000
2603,824909,13328,1.666000
2604,825226,13408,1.676000
2605,825542,13376,1.672000
2606,825860,13392,1.674000
2607,826176,13344,1.668000
2608,826494,13376,1.672000
2609,826810,13360,1.670000
2610,827127,13312,1.664000
2611,827443,13328,1.666000
2612,827761,13408,1.676000
2613,828078,13376,1.672000
2614,828395,13440,1.680000
2615,828712,13360,1.670000
2616,829028,13392,1.674000
2617,829345,13376,1.672000
2618,829662,13280,1.660000
2619,829978,13376,1.672000
2620,830295,13360,1.670000
2621,830613,13408,1.676000
2622,830929,13392,1.674000
2623,831246,13344,1.668000
2624,831563,13408,1.676000
2625,831881,13440,1.680000
2626,832197,13424,1.678000
2627,832514,13408,1.676000
2628,832831,13440,1.680000
2629,833147,13392,1.674000
2630,833464,13456,1.682000
2631,833781,13456,1.682000
2632,834098,13472,1.684000
2633,834415,13456,1.682000
2634,834731,13456,1.682000
2635,835049,13456,1.682000
2636,835366,13440,1.680000
2637,835685,13440,1.680000
2638,835999,13424,1.678000
2639,836316,13392,1.674000
2640,836633,13408,1.676000
2641,836950,13456,1.682000
2642,837267,13456,1.682000
2643,837583,13456,1.682000
2644,837900,13376,1.672000
2645,838217,13408,1.676000
2646,838534,13424,1.678000
2647,838850,13408,1.676000
2648,839168,13440,1.680000
2649,839485,13376,1.672000
2650,839802,13376,1.672000
2651,840118,13408,1.676000
2652,840435,13408,1.676000
2653,840752,13376,1.672000
2654,841069,13408,1.676000
2655,841386,13408,1.676000
2656,841703,13360,1.670000
2657,842020,13408,1.676000
2658,842337,13408,1.676000
2659,842653,13392,1.674000
2660,842970,13264,1.658000
2661,843286,13360,1.670000
2662,843604,13376,1.672000
2663,843921,13376,1.672000
2664,844238,13344,1.668000
2665,844554,13408,1.676000
2666,844872,13392,1.674000
2667,845189,13344,1.668000
2668,845505,13392,1.674000
2669,845822,13376,1.672000
2670,846139,13344,1.668000
2671,846455,13392,1.674000
2672,846773,13328,1.666000
2673,847090,13408,1.676000
2674,847406,13408,1.676000
2675,847723,13392,1.674000
2676,848040,13392,1.674000
2677,848357,13408,1.676000
2678,848674,13392,1.674000
2679,848991,13424,1.678000
2680,849307,13408,1.676000
2681,849624,13392,1.674000
2682,849941,13376,1.672000
2683,850258,13408,1.676000
2684,850575,13376,1.672000
2685,850892,13408,1.676000
2686,851209,13376,1.672000
2687,851526,13456,1.682000
2688,851842,13424,1.678000
2689,852159,13440,1.680000
2690,852476,13440,1.680000
2691,852793,13424,1.678000
2692,853110,13472,1.684000
2693,853426,13424,1.678000
2694,853743,13456,1.682000
2695,854060,13440,1.680000
2696,854377,13392,1.674000
2697,854694,13408,1.676000
2698,855011,13440,1.680000
2699,855328,13408,1.676000
2700,855645,13392,1.674000
2701,855962,13408,1.676000
2702,856278,13424,1.678000
2703,856595,13440,1.680000
2704,856912,13440,1.680000
2705,857229,13440,1.680000
2706,857546,13376,1.672000
2707,857862,13392,1.674000
2708,858180,13424,1.678000
2709,858497,13344,1.668000
2710,858813,13472,1.684000
2711,859130,13408,1.676000
2712,859447,13344,1.668000
2713,859764,13440,1.680000
2714,860081,13408,1.676000
2715,860397,13376,1.672000
2716,860714,13328,1.666000
2717,861031,13376,1.672000
2718,861348,13360,1.670000
2719,861665,13392,1.674000
2720,861981,13408,1.676000
2721,862299,13408,1.676000
2722,862615,13392,1.674000
2723,862932,13392,1.674000
2724,863249,13408,1.676000
2725,863566,13392,1.674000
2726,863883,13360,1.670000
2727,864199,13440,1.680000
2728,864517,13408,1.676000
2729,864833,13440,1.680000
2730,865150,13408,1.676000
2731,865467,13408,1.676000
2732,865784,13456,1.682000
2733,866101,13408,1.676000
2734,866418,13504,1.688000
2735,866735,13360,1.670000
2736,867051,13344,1.668000
2737,867368,13424,1.678000
2738,867686,13392,1.674000
2739,868002,13408,1.676000
2740,868319,13472,1.684000
2741,868636,13408,1.676000
2742,868953,13408,1.676000
2743,869270,13456,1.682000
2744,869587,13456,1.682000
2745,869903,13424,1.678000
2746,870220,13392,1.674000
2747,870537,13424,1.678000
2748,870854,13408,1.676000
2749,871171,13392,1.674000
2750,871488,13424,1.678000
2751,871804,13392,1.674000
2752,872121,13440,1.680000
2753,872438,13360,1.670000
2754,872755,13392,1.674000
2755,873072,13408,1.676000
2756,873389,13424,1.678000
2757,873705,13376,1.672000
2758,874023,13424,1.678000
2759,874340,13392,1.674000
2760,874656,13376,1.672000
2761,874973,13376,1.672000
2762,875290,13456,1.682000
2763,875606,13440,1.680000
2764,875924,13216,1.652000
2765,876241,13360,1.670000
2766,876557,13376,1.672000
2767,876874,13376,1.672000
2768,877191,13344,1.668000
2769,877508,13344,1.668000
2770,877825,13328,1.666000
2771,878142,13440,1.680000
2772,878459,13408,1.676000
2773,878775,13392,1.674000
2774,879092,13392,1.674000
2775,879409,13344,1.668000
2776,879726,13360,1.670000
2777,880043,13504,1.688000
2778,880360,13424,1.678000
2779,880676,13344,1.668000
2780,880993,13392,1.674000
2781,881311,13408,1.676000
2782,881627,13360,1.670000
2783,881944,13536,1.692000
2784,882261,13440,1.680000
2785,882577,13392,1.674000
2786,882895,13424,1.678000
2787,883212,13456,1.682000
2788,883528,13424,1.678000
2789,883845,13408,1.676000
2790,884162,13264,1.658000
2791,884479,13488,1.686000
2792,884795,13456,1.682000
2793,885113,13472,1.684000
2794,885430,13456,1.682000
2795,885746,13392,1.674000
2796,886063,13392,1.674000
2797,886380,13456,1.682000
2798,886697,13424,1.678000
2799,887013,13456,1.682000
2800,887331,13440,1.680000
2801,887647,13408,1.676000
2802,887964,13472,1.684000
2803,888281,13408,1.676000
2804,888598,13408,1.676000
2805,888915,13456,1.682000
2806,889232,13424,1.678000
2807,889549,13392,1.674000
2808,889865,13440,1.680000
2809,890183,13408,1.676000
2810,890499,13392,1.674000
2811,890816,13408,1.676000
2812,891133,13360,1.670000
2813,891450,13424,1.678000
2814,891766,13360,1.670000
2815,892083,13360,1.670000
2816,892400,13376,1.672000
2817,892717,13328,1.666000
2818,893034,13360,1.670000
2819,893351,13360,1.670000
2820,893668,13376,1.672000
2821,893984,13328,1.666000
2822,894302,13328,1.666000
2823,894618,13328,1.666000
2824,894935,13360,1.670000
2825,895252,13392,1.674000
2826,895569,13408,1.676000
2827,895886,13376,1.672000
2828,896203,13408,1.676000
2829,896519,13456,1.682000
2830,896836,13408,1.676000
2831,897153,13392,1.674000
2832,897470,13392,1.674000
2833,897787,13472,1.684000
2834,898104,13408,1.676000
2835,898421,13408,1.676000
2836,898738,13424,1.678000
2837,899054,13392,1.674000
2838,899371,13424,1.678000
2839,899688,13344,1.668000
2840,900005,13488,1.686000
2841,900322,13456,1.682000
2842,900639,13472,1.684000
2843,900956,13472,1.684000
2844,901273,13392,1.674000
2845,901589,13456,1.682000
2846,901906,13312,1.664000
2847,902223,13456,1.682000
2848,902540,13552,1.694000
2849,902857,13408,1.676000
2850,903174,13456,1.682000
2851,903491,13424,1.678000
2852,903807,13344,1.668000
2853,904124,13456,1.682000
2854,904441,13424,1.678000
2855,904758,13456,1.682000
2856,905074,13392,1.674000
2857,905392,13424,1.678000
2858,905708,13408,1.676000
2859,906025,13392,1.674000
2860,906342,13376,1.672000
2861,906659,13328,1.666000
2862,906976,13392,1.674000
2863,907293,13424,1.678000
2864,907609,13360,1.670000
2865,907926,13392,1.674000
2866,908243,13424,1.678000
2867,908560,13264,1.658000
2868,908877,13344,1.668000
2869,909194,13360,1.670000
2870,909511,13408,1.676000
2871,909827,13424,1.678000
2872,910145,13360,1.670000
2873,910461,13392,1.674000
2874,910778,13408,1.676000
2875,911095,13408,1.676000
2876,911412,13360,1.670000
2877,911729,13440,1.680000
2878,912045,13360,1.670000
2879,912362,13376,1.672000
2880,912679,13424,1.678000
2881,912996,13408,1.676000
2882,913313,13440,1.680000
2883,913630,13392,1.674000
2884,913947,13408,1.676000
2885,914263,13376,1.672000
2886,914581,13408,1.676000
2887,914898,13408,1.676000
2888,915215,13424,1.678000
2889,915531,13440,1.680000
2890,915848,13456,1.682000
2891,916165,13440,1.680000
2892,916482,13360,1.670000
2893,916799,13472,1.684000
2894,917115,13424,1.678000
2895,917432,13424,1.678000
2896,917749,13440,1.680000
2897,918066,13456,1.682000
2898,918383,13376,1.672000
2899,918700,13440,1.680000
2900,919016,13408,1.676000
2901,919333,13456,1.682000
2902,919650,13408,1.676000
2903,919967,13440,1.680000
2904,920284,13424,1.678000
2905,920601,13440,1.680000
2906,920917,13408,1.676000
2907,921235,13424,1.678000
2908,921551,13408,1.676000
2909,921868,13408,1.676000
2910,922185,13440,1.680000
2911,922502,13440,1.680000
2912,922819,13392,1.674000
2913,923136,13392,1.674000
2914,923452,13424,1.678000
2915,923769,13376,1.672000
2916,924087,13344,1.668000
2917,924403,13328,1.666000
2918,924720,13424,1.678000
2919,925036,13392,1.674000
2920,925354,13376,1.672000
2921,925671,13392,1.674000
2922,925987,13360,1.670000
2923,926304,13280,1.660000
2924,926621,13392,1.674000
2925,926937,13376,1.672000
2926,927255,13344,1.668000
2927,927572,13344,1.668000
2928,927889,13408,1.676000
2929,928206,13424,1.678000
2930,928522,13376,1.672000
2931,928839,13360,1.670000
2932,929156,13344,1.668000
2933,929473,13392,1.674000
2934,929790,13408,1.676000
2935,930106,13424,1.678000
2936,930424,13392,1.674000
2937,930741,13376,1.672000
2938,931057,13392,1.674000
2939,931374,13408,1.676000
2940,931691,13440,1.680000
2941,932008,13456,1.682000
2942,932325,13408,1.676000
2943,932641,13472,1.684000
2944,932959,13456,1.682000
2945,933276,13440,1.680000
2946,933592,13376,1.672000
2947,933909,13408,1.676000
2948,934226,13440,1.680000
2949,934543,13408,1.676000
2950,934859,13392,1.674000
2951,935177,13408,1.676000
2952,935493,13456,1.682000
2953,935811,13440,1.680000
2954,936127,13424,1.678000
2955,936444,13440,1.680000
2956,936760,13424,1.678000
2957,937078,13392,1.674000
2958,937395,13440,1.680000
2959,937712,13408,1.676000
2960,938028,13408,1.676000
2961,938345,13376,1.672000
2962,938662,13392,1.674000
2963,938978,13424,1.678000
2964,939296,13360,1.670000
2965,939612,13344,1.668000
2966,939929,13408,1.676000
2967,940246,13392,1.674000
2968,940563,13360,1.670000
2969,940880,13408,1.676000
2970,941197,13360,1.670000
2971,941513,13408,1.676000
2972,941831,13360,1.670000
2973,942147,13344,1.668000
2974,942464,13360,1.670000
2975,942780,13392,1.674000
2976,943098,13360,1.670000
2977,943415,13328,1.666000
2978,943731,13360,1.670000
2979,944049,13408,1.676000
2980,944366,13360,1.670000
2981,944685,13360,1.670000
2982,944999,13360,1.670000
2983,945316,13424,1.678000
2984,945633,13392,1.674000
2985,945949,13408,1.676000
2986,946266,13328,1.666000
2987,946584,13392,1.674000
2988,946901,13312,1.664000
2989,947217,13392,1.674000
2990,947534,13392,1.674000
2991,947851,13408,1.676000
2992,948167,13392,1.674000
2993,948485,13376,1.672000
2994,948802,13424,1.678000
2995,949118,13472,1.684000
2996,949435,13360,1.670000
2997,949752,13360,1.670000
2998,950069,13456,1.682000
2999,950386,13472,1.684000
3000,950702,13440,1.680000
3001,951019,13440,1.680000
3002,951336,13488,1.686000
3003,951653,13408,1.676000
3004,951970,13472,1.684000
3005,952287,13456,1.682000
3006,952604,13392,1.674000
3007,952920,13376,1.672000
3008,953238,13392,1.674000
3009,953554,13424,1.678000
3010,953871,13376,1.672000
3011,954188,13472,1.684000
3012,954505,13392,1.674000
3013,954822,13392,1.674000
3014,955139,13424,1.678000
3015,955455,13392,1.674000
3016,955772,13392,1.674000
3017,956089,13424,1.678000
3018,956406,13408,1.676000
3019,956723,13424,1.678000
3020,957040,13440,1.680000
3021,957357,13392,1.674000
3022,957673,13392,1.674000
3023,957991,13408,1.676000
3024,958307,13376,1.672000
3025,958624,13376,1.672000
3026,958941,13360,1.670000
3027,959258,13312,1.664000
3028,959575,13376,1.672000
3029,959892,13344,1.668000
3030,960209,13424,1.678000
3031,960525,13360,1.670000
3032,960842,13328,1.666000
3033,961159,13360,1.670000
3034,961476,13360,1.670000
3035,961793,13392,1.674000
3036,962110,13376,1.672000
3037,962426,13328,1.666000
3038,962743,13376,1.672000
3039,963060,13440,1.680000
3040,963377,13376,1.672000
3041,963694,13392,1.674000
3042,964010,13456,1.682000
3043,964327,13456,1.682000
3044,964644,13392,1.674000
3045,964961,13376,1.672000
3046,965279,13392,1.674000
3047,965595,13424,1.678000
3048,965912,13360,1.670000
3049,966229,13440,1.680000
3050,966546,13376,1.672000
3051,966862,13264,1.658000
3052,967180,13456,1.682000
3053,967496,13440,1.680000
3054,967813,13392,1.674000
3055,968130,13472,1.684000
3056,968447,13312,1.664000
3057,968764,13424,1.678000
3058,969081,13568,1.696000
3059,969397,13408,1.676000
3060,969714,13440,1.680000
3061,970031,13472,1.684000
3062,970348,13552,1.694000
3063,970665,13424,1.678000
3064,970981,13440,1.680000
3065,971298,13408,1.676000
3066,971616,13424,1.678000
3067,971932,13456,1.682000
3068,972249,13392,1.674000
3069,972566,13360,1.670000
3070,972882,13424,1.678000
3071,973200,13296,1.662000
3072,973517,13424,1.678000
3073,973833,13360,1.670000
3074,974151,13344,1.668000
3075,974467,13376,1.672000
3076,974784,13408,1.676000
3077,975101,13440,1.680000
3078,975418,13360,1.670000
3079,975734,13360,1.670000
3080,976051,13376,1.672000
3081,976369,13360,1.670000
3082,976686,13344,1.668000
3083,977002,13360,1.670000
3084,977319,13360,1.670000
3085,977636,13376,1.672000
3086,977952,13392,1.674000
3087,978270,13392,1.674000
3088,978586,13344,1.668000
3089,978903,13424,1.678000
3090,979220,13392,1.674000
3091,979537,13408,1.676000
3092,979853,13440,1.680000
3093,980171,13360,1.670000
3094,980488,13392,1.674000
3095,980804,13360,1.670000
3096,981121,13360,1.670000
3097,981438,13408,1.676000
3098,981754,13440,1.680000
3099,982072,13376,1.672000
3100,982389,13376,1.672000
3101,982705,13440,1.680000
3102,983022,13376,1.672000
3103,983339,13360,1.670000
3104,983656,13472,1.684000
3105,983973,13408,1.676000
3106,984290,13392,1.674000
3107,984606,13408,1.676000
3108,984924,13424,1.678000
3109,985240,13456,1.682000
3110,985557,13488,1.686000
3111,985874,13472,1.684000
3112,986190,13456,1.682000
3113,986508,13312,1.664000
3114,986825,13392,1.674000
3115,987141,13456,1.682000
3116,987458,13408,1.676000
3117,987775,13424,1.678000
3118,988092,13456,1.682000
3119,988409,13392,1.674000
3120,988726,13408,1.676000
3121,989042,13456,1.682000
3122,989360,13408,1.676000
3123,989676,13408,1.676000
3124,989993,13376,1.672000
3125,990310,13408,1.676000
3126,990627,13392,1.674000
3127,990944,13280,1.660000
3128,991261,13376,1.672000
3129,991577,13376,1.672000
3130,991895,13392,1.674000
3131,992211,13392,1.674000
3132,992528,13376,1.672000
3133,992845,13264,1.658000
3134,993161,13376,1.672000
3135,993479,13392,1.674000
3136,993796,13392,1.674000
3137,994112,13376,1.672000
3138,994429,13344,1.668000
3139,994746,13376,1.672000
3140,995063,13536,1.692000
3141,995380,13344,1.668000
3142,995697,13296,1.662000
3143,996013,13344,1.668000
3144,996330,13392,1.674000
3145,996647,13392,1.674000
3146,996964,13376,1.672000
3147,997281,13456,1.682000
3148,997598,13328,1.666000
3149,997915,13376,1.672000
3150,998232,13392,1.674000
3151,998549,13424,1.678000
3152,998865,13408,1.676000
3153,999182,13408,1.676000
3154,999499,13440,1.680000
3155,999816,13456,1.682000
