sample,timestamp_us,raw,voltage_V
0,140,12848,1.606000
1,457,12736,1.592000
2,774,12560,1.570000
3,1090,12448,1.556000
4,1407,12272,1.534000
5,1724,12160,1.520000
6,2041,11984,1.498000
7,2358,11856,1.482000
8,2675,11744,1.468000
9,2992,11584,1.448000
10,3309,11536,1.442000
11,3625,11776,1.472000
12,3942,11872,1.484000
13,4259,12032,1.504000
14,4576,12176,1.522000
15,4892,12240,1.530000
16,5210,12448,1.556000
17,5527,12608,1.576000
18,5843,12736,1.592000
19,6160,12880,1.610000
20,6477,13056,1.632000
21,6794,13184,1.648000
22,7110,13264,1.658000
23,7428,13472,1.684000
24,7744,13568,1.696000
25,8062,13712,1.714000
26,8378,13856,1.732000
27,8695,14000,1.750000
28,9012,14192,1.774000
29,9329,14336,1.792000
30,9646,14448,1.806000
31,9962,14576,1.822000
32,10279,14736,1.842000
33,10596,14880,1.860000
34,10913,15008,1.876000
35,11230,15184,1.898000
36,11547,15264,1.908000
37,11864,15072,1.884000
38,12181,14944,1.868000
39,12498,14784,1.848000
40,12814,14640,1.830000
41,13131,14544,1.818000
42,13448,14432,1.804000
43,13765,14176,1.772000
44,14082,14080,1.760000
45,14399,13936,1.742000
46,14716,13792,1.724000
47,15032,13664,1.708000
48,15349,13520,1.690000
49,15666,13344,1.668000
50,15982,13200,1.650000
51,16300,13120,1.640000
52,16617,12944,1.618000
53,16934,12784,1.598000
54,17251,12656,1.582000
55,17567,12560,1.570000
56,17884,12368,1.546000
57,18201,12240,1.530000
58,18518,12064,1.508000
59,18834,11936,1.492000
60,19152,11808,1.476000
61,19468,11648,1.456000
62,19785,11520,1.440000
63,20101,11632,1.454000
64,20419,11776,1.472000
65,20736,11952,1.494000
66,21053,12016,1.502000
67,21370,12256,1.532000
68,21687,12336,1.542000
69,22003,12480,1.560000
70,22320,12704,1.588000
71,22637,12832,1.604000
72,22953,12848,1.606000
73,23271,13104,1.638000
74,23587,13264,1.658000
75,23904,13312,1.664000
76,24221,13520,1.690000
77,24538,13632,1.704000
78,24855,13776,1.722000
79,25172,13968,1.746000
80,25489,14096,1.762000
81,25805,14224,1.778000
82,26123,14352,1.794000
83,26439,14432,1.804000
84,26756,14704,1.838000
85,27073,14800,1.850000
86,27390,14960,1.870000
87,27706,15024,1.878000
88,28024,15248,1.906000
89,28340,15168,1.896000
90,28658,14992,1.874000
91,28974,14816,1.852000
92,29291,14752,1.844000
93,29608,14608,1.826000
94,29924,14480,1.810000
95,30241,14320,1.790000
96,30558,14160,1.770000
97,30875,14080,1.760000
98,31192,13920,1.740000
99,31509,13712,1.714000
100,31826,13536,1.692000
101,32143,13536,1.692000
102,32460,13312,1.664000
103,32776,13136,1.642000
104,33093,13088,1.636000
105,33410,12896,1.612000
106,33727,12608,1.576000
107,34044,12560,1.570000
108,34361,12448,1.556000
109,34678,12304,1.538000
110,34994,12048,1.506000
111,35311,12000,1.500000
112,35628,11936,1.492000
113,35945,11712,1.464000
114,36262,11552,1.444000
115,36579,11552,1.444000
116,36896,11664,1.458000
117,37213,11808,1.476000
118,37529,12048,1.506000
119,37846,12208,1.526000
120,38163,12256,1.532000
121,38480,12416,1.552000
122,38797,12528,1.566000
123,39114,12736,1.592000
124,39431,12896,1.612000
125,39747,12880,1.610000
126,40064,13136,1.642000
127,40381,13248,1.656000
128,40698,13440,1.680000
129,41015,13552,1.694000
130,41332,13728,1.716000
131,41649,13840,1.730000
132,41966,14048,1.756000
133,42283,14160,1.770000
134,42599,14272,1.784000
135,42915,14464,1.808000
136,43233,14560,1.820000
137,43550,14688,1.836000
138,43867,14912,1.864000
139,44183,15008,1.876000
140,44500,15136,1.892000
141,44817,15232,1.904000
142,45134,15152,1.894000
143,45451,14960,1.870000
144,45768,14832,1.854000
145,46084,14704,1.838000
146,46402,14544,1.818000
147,46718,14368,1.796000
148,47035,14224,1.778000
149,47352,14144,1.768000
150,47669,13984,1.748000
151,47986,13840,1.730000
152,48303,13680,1.710000
153,48620,13536,1.692000
154,48936,13408,1.676000
155,49253,13264,1.658000
156,49570,13136,1.642000
157,49887,12944,1.618000
158,50204,12848,1.606000
159,50520,12704,1.588000
160,50838,12576,1.572000
161,51154,12400,1.550000
162,51471,12272,1.534000
163,51787,12080,1.510000
164,52105,12016,1.502000
165,52422,11840,1.480000
166,52739,11712,1.464000
167,53056,11520,1.440000
168,53373,11632,1.454000
169,53689,11744,1.468000
170,54006,11872,1.484000
171,54323,12000,1.500000
172,54640,12144,1.518000
173,54956,12288,1.536000
174,55274,12480,1.560000
175,55590,12608,1.576000
176,55908,12720,1.590000
177,56224,12896,1.612000
178,56541,13056,1.632000
179,56858,13136,1.642000
180,57175,13280,1.660000
181,57492,13344,1.668000
182,57809,13616,1.702000
183,58125,13760,1.720000
184,58442,13920,1.740000
185,58759,14048,1.756000
186,59076,14224,1.778000
187,59392,14320,1.790000
188,59710,14448,1.806000
189,60026,14608,1.826000
190,60343,14768,1.846000
191,60660,14896,1.862000
192,60977,15056,1.882000
193,61294,15232,1.904000
194,61611,15344,1.918000
195,61927,15072,1.884000
196,62245,14848,1.856000
197,62561,14752,1.844000
198,62878,14672,1.834000
199,63195,14496,1.812000
200,63512,14352,1.794000
201,63829,14240,1.780000
202,64146,14048,1.756000
203,64462,13872,1.734000
204,64780,13776,1.722000
205,65096,13664,1.708000
206,65413,13472,1.684000
207,65730,13392,1.674000
208,66046,13200,1.650000
209,66364,13024,1.628000
210,66685,12928,1.616000
211,66997,12736,1.592000
212,67314,12624,1.578000
213,67631,12480,1.560000
214,67947,12320,1.540000
215,68265,12224,1.528000
216,68582,12064,1.508000
217,68899,11936,1.492000
218,69216,11776,1.472000
219,69532,11616,1.452000
220,69849,11568,1.446000
221,70165,11664,1.458000
222,70483,11840,1.480000
223,70800,11984,1.498000
224,71116,12160,1.520000
225,71433,12224,1.528000
226,71750,12352,1.544000
227,72067,12512,1.564000
228,72384,12656,1.582000
229,72701,12832,1.604000
230,73017,12992,1.624000
231,73334,13088,1.636000
232,73651,13264,1.658000
233,73968,13408,1.676000
234,74285,13520,1.690000
235,74602,13712,1.714000
236,74919,13824,1.728000
237,75236,13936,1.742000
238,75552,14096,1.762000
239,75869,14224,1.778000
240,76186,14432,1.804000
241,76503,14560,1.820000
242,76820,14736,1.842000
243,77137,14832,1.854000
244,77454,14976,1.872000
245,77770,15072,1.884000
246,78088,15232,1.904000
247,78405,15152,1.894000
248,78721,15008,1.876000
249,79038,14896,1.862000
250,79355,14704,1.838000
251,79672,14576,1.822000
252,79988,14480,1.810000
253,80305,14288,1.786000
254,80622,14144,1.768000
255,80939,14000,1.750000
256,81256,13824,1.728000
257,81573,13744,1.718000
258,81890,13584,1.698000
259,82207,13392,1.674000
260,82523,13312,1.664000
261,82840,13120,1.640000
262,83157,13008,1.626000
263,83474,12848,1.606000
264,83791,12704,1.588000
265,84108,12576,1.572000
266,84425,12416,1.552000
267,84741,12272,1.534000
268,85059,12144,1.518000
269,85375,11968,1.496000
270,85692,11824,1.478000
271,86009,11680,1.460000
272,86326,11552,1.444000
273,86642,11536,1.442000
274,86960,11744,1.468000
275,87277,11872,1.484000
276,87593,11968,1.496000
277,87910,12208,1.526000
278,88227,12368,1.546000
279,88544,12512,1.564000
280,88861,12512,1.564000
281,89177,12704,1.588000
282,89494,12848,1.606000
283,89811,13056,1.632000
284,90128,13120,1.640000
285,90445,13264,1.658000
286,90761,13456,1.682000
287,91079,13584,1.698000
288,91395,13744,1.718000
289,91712,13872,1.734000
290,92029,13968,1.746000
291,92346,14128,1.766000
292,92663,14272,1.784000
293,92979,14464,1.808000
294,93296,14624,1.828000
295,93614,14704,1.838000
296,93930,14896,1.862000
297,94247,15024,1.878000
298,94564,15168,1.896000
299,94881,15216,1.902000
300,95198,15088,1.886000
301,95515,14944,1.868000
302,95832,14816,1.852000
303,96148,14640,1.830000
304,96465,14560,1.820000
305,96782,14336,1.792000
306,97099,14272,1.784000
307,97416,14080,1.760000
308,97733,13920,1.740000
309,98049,13824,1.728000
310,98367,13648,1.706000
311,98686,13568,1.696000
312,99000,13344,1.668000
313,99317,13232,1.654000
314,99634,13120,1.640000
315,99951,12944,1.618000
316,100268,12800,1.600000
317,100584,12640,1.580000
318,100901,12528,1.566000
319,101218,12352,1.544000
320,101535,12208,1.526000
321,101852,12128,1.516000
322,102169,11936,1.492000
323,102486,11760,1.470000
324,102803,11664,1.458000
325,103119,11520,1.440000
326,103436,11584,1.448000
327,103753,11760,1.470000
328,104070,11952,1.494000
329,104387,12064,1.508000
330,104704,12192,1.524000
331,105020,12400,1.550000
332,105337,12544,1.568000
333,105654,12608,1.576000
334,105971,12784,1.598000
335,106288,12912,1.614000
336,106605,13024,1.628000
337,106921,13248,1.656000
338,107238,13360,1.670000
339,107556,13536,1.692000
340,107872,13664,1.708000
341,108189,13776,1.722000
342,108506,13936,1.742000
343,108823,14112,1.764000
344,109139,14224,1.778000
345,109456,14416,1.802000
346,109774,14576,1.822000
347,110090,14640,1.830000
348,110407,14816,1.852000
349,110724,14912,1.864000
350,111041,15072,1.884000
351,111358,15168,1.896000
352,111674,15184,1.898000
353,111991,14960,1.870000
354,112308,14880,1.860000
355,112625,14736,1.842000
356,112942,14560,1.820000
357,113259,14496,1.812000
358,113576,14336,1.792000
359,113893,14224,1.778000
360,114210,14016,1.752000
361,114526,13904,1.738000
362,114843,13760,1.720000
363,115159,13584,1.698000
364,115477,13424,1.678000
365,115794,13296,1.662000
366,116110,13184,1.648000
367,116428,13024,1.628000
368,116744,12912,1.614000
369,117061,12752,1.594000
370,117378,12576,1.572000
371,117695,12464,1.558000
372,118012,12304,1.538000
373,118329,12160,1.520000
374,118646,12064,1.508000
375,118962,11888,1.486000
376,119279,11712,1.464000
377,119596,11616,1.452000
378,119913,11504,1.438000
379,120230,11696,1.462000
380,120547,11824,1.478000
381,120863,11952,1.494000
382,121181,12128,1.516000
383,121497,12256,1.532000
384,121813,12448,1.556000
385,122131,12624,1.578000
386,122448,12688,1.586000
387,122764,12848,1.606000
388,123082,12944,1.618000
389,123398,13088,1.636000
390,123715,13264,1.658000
391,124032,13552,1.694000
392,124349,13568,1.696000
393,124666,13552,1.694000
394,124982,13840,1.730000
395,125299,14000,1.750000
396,125617,14096,1.762000
397,125934,14272,1.784000
398,126250,14352,1.794000
399,126567,14576,1.822000
400,126884,14624,1.828000
401,127201,14832,1.854000
402,127517,15008,1.876000
403,127834,15136,1.892000
404,128152,15120,1.890000
405,128468,15072,1.884000
406,128785,15056,1.882000
407,129101,14800,1.850000
408,129419,14688,1.836000
409,129735,14560,1.820000
410,130053,14432,1.804000
411,130369,14224,1.778000
412,130687,14096,1.762000
413,131003,14064,1.758000
414,131320,13840,1.730000
415,131637,13712,1.714000
416,131953,13536,1.692000
417,132270,13408,1.676000
418,132587,13280,1.660000
419,132904,13104,1.638000
420,133221,12976,1.622000
421,133538,12832,1.604000
422,133854,12672,1.584000
423,134172,12560,1.570000
424,134489,12400,1.550000
425,134805,12256,1.532000
426,135122,12096,1.512000
427,135439,11984,1.498000
428,135756,11824,1.478000
429,136073,11712,1.464000
430,136390,11536,1.442000
431,136706,11552,1.444000
432,137023,11776,1.472000
433,137341,11904,1.488000
434,137657,12032,1.504000
435,137974,12208,1.526000
436,138291,12320,1.540000
437,138607,12480,1.560000
438,138925,12576,1.572000
439,139242,12736,1.592000
440,139558,12880,1.610000
441,139875,13088,1.636000
442,140192,13152,1.644000
443,140509,13344,1.668000
444,140825,13440,1.680000
445,141143,13616,1.702000
446,141459,13760,1.720000
447,141776,13936,1.742000
448,142093,14000,1.750000
449,142409,14256,1.782000
450,142727,14352,1.794000
451,143043,14512,1.814000
452,143361,14640,1.830000
453,143677,14800,1.850000
454,143994,14896,1.862000
455,144311,15040,1.880000
456,144628,15104,1.888000
457,144945,15216,1.902000
458,145262,15024,1.878000
459,145579,14928,1.866000
460,145896,14848,1.856000
461,146212,14624,1.828000
462,146529,14496,1.812000
463,146846,14384,1.798000
464,147163,14208,1.776000
465,147480,14032,1.754000
466,147796,13904,1.738000
467,148114,13696,1.712000
468,148431,13632,1.704000
469,148747,13536,1.692000
470,149064,13360,1.670000
471,149381,13200,1.650000
472,149698,13072,1.634000
473,150014,12896,1.612000
474,150331,12768,1.596000
475,150648,12544,1.568000
476,150965,12480,1.560000
477,151282,12320,1.540000
478,151599,12224,1.528000
479,151916,12048,1.506000
480,152233,11904,1.488000
481,152549,11776,1.472000
482,152867,11520,1.440000
483,153183,11520,1.440000
484,153500,11728,1.466000
485,153817,11872,1.484000
486,154134,11936,1.492000
487,154450,12096,1.512000
488,154768,12256,1.532000
489,155084,12416,1.552000
490,155401,12496,1.562000
491,155718,12672,1.584000
492,156035,12816,1.602000
493,156352,12944,1.618000
494,156669,13200,1.650000
495,156986,13264,1.658000
496,157303,13440,1.680000
497,157619,13472,1.684000
498,157936,13712,1.714000
499,158253,13824,1.728000
500,158570,13968,1.746000
501,158887,14160,1.770000
502,159204,14208,1.776000
503,159520,14400,1.800000
504,159837,14560,1.820000
505,160154,14704,1.838000
506,160471,14832,1.854000
507,160787,14960,1.870000
508,161105,15120,1.890000
509,161421,15248,1.906000
510,161738,15184,1.898000
511,162055,15024,1.878000
512,162372,14864,1.858000
513,162689,14736,1.842000
514,163005,14640,1.830000
515,163323,14464,1.808000
516,163640,14336,1.792000
517,163956,14128,1.766000
518,164273,14048,1.756000
519,164590,13856,1.732000
520,164906,13696,1.712000
521,165223,13552,1.694000
522,165541,13392,1.674000
523,165858,13312,1.664000
524,166174,13152,1.644000
525,166492,13024,1.628000
526,166808,12848,1.606000
527,167125,12736,1.592000
528,167441,12592,1.574000
529,167759,12448,1.556000
530,168076,12304,1.538000
531,168392,12128,1.516000
532,168709,12016,1.502000
533,169026,11840,1.480000
534,169342,11696,1.462000
535,169660,11488,1.436000
536,169977,11552,1.444000
537,170294,11680,1.460000
538,170610,11872,1.484000
539,170927,11968,1.496000
540,171244,12160,1.520000
541,171561,12336,1.542000
542,171878,12416,1.552000
543,172195,12512,1.564000
544,172512,12720,1.590000
545,172828,12800,1.600000
546,173146,13024,1.628000
547,173462,13136,1.642000
548,173779,13264,1.658000
549,174096,13392,1.674000
550,174413,13616,1.702000
551,174730,13728,1.716000
552,175046,13872,1.734000
553,175363,13952,1.744000
554,175680,14112,1.764000
555,175996,14336,1.792000
556,176314,14432,1.804000
557,176631,14624,1.828000
558,176948,14816,1.852000
559,177265,14800,1.850000
560,177581,15024,1.878000
561,177898,15232,1.904000
562,178215,15216,1.902000
563,178532,15088,1.886000
564,178849,14944,1.868000
565,179166,14800,1.850000
566,179483,14672,1.834000
567,179799,14592,1.824000
568,180116,14400,1.800000
569,180433,14224,1.778000
570,180750,14064,1.758000
571,181067,13968,1.746000
572,181384,13712,1.714000
573,181701,13680,1.710000
574,182017,13536,1.692000
575,182334,13344,1.668000
576,182651,13264,1.658000
577,182968,13088,1.636000
578,183285,12992,1.624000
579,183602,12800,1.600000
580,183918,12672,1.584000
581,184235,12416,1.552000
582,184552,12352,1.544000
583,184869,12272,1.534000
584,185186,12080,1.510000
585,185503,11920,1.490000
586,185820,11792,1.474000
587,186137,11600,1.450000
588,186453,11552,1.444000
589,186770,11600,1.450000
590,187087,11808,1.476000
591,187404,11904,1.488000
592,187721,12064,1.508000
593,188038,12176,1.522000
594,188355,12352,1.544000
595,188671,12544,1.568000
596,188988,12656,1.582000
597,189305,12800,1.600000
598,189622,12896,1.612000
599,189939,13056,1.632000
600,190256,13216,1.652000
601,190573,13424,1.678000
602,190890,13504,1.688000
603,191206,13648,1.706000
604,191523,13792,1.724000
605,191840,13888,1.736000
606,192157,14096,1.762000
607,192474,14192,1.774000
608,192790,14384,1.798000
609,193108,14528,1.816000
610,193424,14640,1.830000
611,193741,14832,1.854000
612,194058,14864,1.858000
613,194375,15104,1.888000
614,194692,15216,1.902000
615,195009,15168,1.896000
616,195326,15040,1.880000
617,195642,14880,1.860000
618,195959,14736,1.842000
619,196276,14624,1.828000
620,196593,14496,1.812000
621,196910,14336,1.792000
622,197227,14192,1.774000
623,197543,14048,1.756000
624,197860,13856,1.732000
625,198177,13744,1.718000
626,198494,13584,1.698000
627,198810,13440,1.680000
628,199128,13344,1.668000
629,199445,13184,1.648000
630,199761,13024,1.628000
631,200078,12864,1.608000
632,200395,12688,1.586000
633,200712,12640,1.580000
634,201029,12448,1.556000
635,201346,12304,1.538000
636,201663,12160,1.520000
637,201979,11984,1.498000
638,202296,11920,1.490000
639,202613,11712,1.464000
640,202930,11584,1.448000
641,203247,11552,1.444000
642,203564,11712,1.464000
643,203881,11824,1.478000
644,204198,12000,1.500000
645,204514,12128,1.516000
646,204832,12272,1.534000
647,205148,12400,1.550000
648,205465,12592,1.574000
649,205782,12704,1.588000
650,206099,12848,1.606000
651,206416,12976,1.622000
652,206732,13152,1.644000
653,207049,13184,1.648000
654,207366,13392,1.674000
655,207686,13536,1.692000
656,208000,13696,1.712000
657,208317,13824,1.728000
658,208633,13984,1.748000
659,208951,14112,1.764000
660,209268,14320,1.790000
661,209584,14400,1.800000
662,209901,14608,1.826000
663,210218,14752,1.844000
664,210535,14880,1.860000
665,210852,14976,1.872000
666,211168,15088,1.886000
667,211485,15248,1.906000
668,211802,15152,1.894000
669,212119,14976,1.872000
670,212436,14832,1.854000
671,212753,14656,1.832000
672,213069,14560,1.820000
673,213386,14448,1.806000
674,213703,14304,1.788000
675,214020,14144,1.768000
676,214337,14000,1.750000
677,214653,13840,1.730000
678,214971,13776,1.722000
679,215288,13520,1.690000
680,215605,13376,1.672000
681,215921,13184,1.648000
682,216238,13120,1.640000
683,216555,12976,1.622000
684,216871,12864,1.608000
685,217188,12688,1.586000
686,217506,12576,1.572000
687,217823,12352,1.544000
688,218139,12288,1.536000
689,218456,12160,1.520000
690,218773,12048,1.506000
691,219089,11824,1.478000
692,219407,11664,1.458000
693,219724,11536,1.442000
694,220040,11744,1.468000
695,220357,11728,1.466000
696,220674,11888,1.486000
697,220991,12048,1.506000
698,221308,12224,1.528000
699,221625,12304,1.538000
700,221942,12672,1.584000
701,222259,12608,1.576000
702,222575,12784,1.598000
703,222892,12896,1.612000
704,223209,13024,1.628000
705,223526,13168,1.646000
706,223843,13360,1.670000
707,224160,13504,1.688000
708,224477,13584,1.698000
709,224793,13776,1.722000
710,225110,13920,1.740000
711,225427,14032,1.754000
712,225744,14176,1.772000
713,226060,14352,1.794000
714,226377,14384,1.798000
715,226695,14608,1.826000
716,227012,14736,1.842000
717,227329,14912,1.864000
718,227645,15008,1.876000
719,227962,15184,1.898000
720,228279,15168,1.896000
721,228596,15104,1.888000
722,228913,14912,1.864000
723,229229,14768,1.846000
724,229546,14672,1.834000
725,229863,14480,1.810000
726,230180,14384,1.798000
727,230497,14224,1.778000
728,230814,14064,1.758000
729,231131,13952,1.744000
730,231447,13840,1.730000
731,231764,13616,1.702000
732,232081,13456,1.682000
733,232398,13360,1.670000
734,232714,13104,1.638000
735,233032,13104,1.638000
736,233349,12928,1.616000
737,233665,12688,1.586000
738,233982,12672,1.584000
739,234299,12512,1.564000
740,234616,12304,1.538000
741,234933,12208,1.526000
742,235249,12064,1.508000
743,235567,11952,1.494000
744,235883,11776,1.472000
745,236200,11616,1.452000
746,236517,11536,1.442000
747,236834,11664,1.458000
748,237151,11840,1.480000
749,237468,11936,1.492000
750,237785,12112,1.514000
751,238102,12288,1.536000
752,238418,12384,1.548000
753,238735,12512,1.564000
754,239052,12704,1.588000
755,239369,12800,1.600000
756,239686,12928,1.616000
757,240003,13040,1.630000
758,240320,13232,1.654000
759,240636,13424,1.678000
760,240954,13552,1.694000
761,241270,13728,1.716000
762,241587,13840,1.730000
763,241904,13984,1.748000
764,242221,14096,1.762000
765,242537,14384,1.798000
766,242854,14368,1.796000
767,243172,14576,1.822000
768,243489,14592,1.824000
769,243805,14832,1.854000
770,244122,14976,1.872000
771,244439,15056,1.882000
772,244755,15200,1.900000
773,245073,15152,1.894000
774,245390,15008,1.876000
775,245706,14832,1.854000
776,246023,14784,1.848000
777,246340,14560,1.820000
778,246657,14464,1.808000
779,246973,14272,1.784000
780,247290,14128,1.766000
781,247607,14016,1.752000
782,247924,13824,1.728000
783,248241,13760,1.720000
784,248558,13568,1.696000
785,248875,13424,1.678000
786,249192,13264,1.658000
787,249508,13152,1.644000
788,249826,12992,1.624000
789,250142,12864,1.608000
790,250459,12704,1.588000
791,250776,12592,1.574000
792,251093,12448,1.556000
793,251410,12272,1.534000
794,251727,12160,1.520000
795,252043,12000,1.500000
796,252361,11872,1.484000
797,252677,11664,1.458000
798,252994,11584,1.448000
799,253311,11584,1.448000
800,253628,11744,1.468000
801,253945,11872,1.484000
802,254262,12016,1.502000
803,254578,12144,1.518000
804,254895,12288,1.536000
805,255212,12480,1.560000
806,255529,12528,1.566000
807,255846,12736,1.592000
808,256162,12864,1.608000
809,256480,13088,1.636000
810,256796,13136,1.642000
811,257113,13280,1.660000
812,257430,13440,1.680000
813,257747,13552,1.694000
814,258064,13728,1.716000
815,258381,13872,1.734000
816,258697,14016,1.752000
817,259015,14144,1.768000
818,259331,14320,1.790000
819,259648,14448,1.806000
820,259965,14576,1.822000
821,260282,14672,1.834000
822,260599,14896,1.862000
823,260916,14992,1.874000
824,261232,15120,1.890000
825,261549,15264,1.908000
826,261866,15072,1.884000
827,262183,14928,1.866000
828,262500,14800,1.850000
829,262817,14704,1.838000
830,263133,14512,1.814000
831,263451,14416,1.802000
832,263767,14256,1.782000
833,264084,14080,1.760000
834,264401,13968,1.746000
835,264718,13792,1.724000
836,265034,13664,1.708000
837,265352,13520,1.690000
838,265669,13408,1.676000
839,265985,13264,1.658000
840,266302,13152,1.644000
841,266619,12944,1.618000
842,266936,12816,1.602000
843,267252,12624,1.578000
844,267570,12528,1.566000
845,267886,12384,1.548000
846,268203,12224,1.528000
847,268520,12096,1.512000
848,268837,11936,1.492000
849,269154,11808,1.476000
850,269471,11680,1.460000
851,269788,11584,1.448000
852,270104,11664,1.458000
853,270422,11696,1.462000
854,270738,11888,1.486000
855,271055,12160,1.520000
856,271372,12240,1.530000
857,271689,12368,1.546000
858,272005,12496,1.562000
859,272323,12640,1.580000
860,272639,12800,1.600000
861,272956,12960,1.620000
862,273273,13040,1.630000
863,273590,13200,1.650000
864,273906,13392,1.674000
865,274224,13488,1.686000
866,274540,13648,1.706000
867,274857,13776,1.722000
868,275174,13856,1.732000
869,275491,14032,1.754000
870,275807,14256,1.782000
871,276125,14320,1.790000
872,276441,14496,1.812000
873,276759,14640,1.830000
874,277076,14816,1.852000
875,277392,14944,1.868000
876,277709,15104,1.888000
877,278026,15216,1.902000
878,278343,15216,1.902000
879,278660,15056,1.882000
880,278977,14928,1.866000
881,279293,14752,1.844000
882,279610,14608,1.826000
883,279927,14416,1.802000
884,280244,14320,1.790000
885,280561,14176,1.772000
886,280878,14064,1.758000
887,281195,13872,1.734000
888,281511,13744,1.718000
889,281828,13632,1.704000
890,282145,13472,1.684000
891,282462,13232,1.654000
892,282779,13184,1.648000
893,283096,13024,1.628000
894,283412,12864,1.608000
895,283730,12736,1.592000
896,284046,12544,1.568000
897,284364,12448,1.556000
898,284680,12304,1.538000
899,284997,12160,1.520000
900,285314,12032,1.504000
901,285631,11904,1.488000
902,285947,11776,1.472000
903,286264,11584,1.448000
904,286581,11552,1.444000
905,286898,11712,1.464000
906,287215,11824,1.478000
907,287532,11936,1.492000
908,287848,12160,1.520000
909,288166,12288,1.536000
910,288482,12400,1.550000
911,288800,12544,1.568000
912,289116,12688,1.586000
913,289433,12816,1.602000
914,289750,12944,1.618000
915,290066,13088,1.636000
916,290384,13280,1.660000
917,290700,13408,1.676000
918,291017,13552,1.694000
919,291334,13696,1.712000
920,291651,13824,1.728000
921,291968,14000,1.750000
922,292284,14128,1.766000
923,292601,14240,1.780000
924,292918,14384,1.798000
925,293235,14576,1.822000
926,293552,14784,1.848000
927,293869,14896,1.862000
928,294186,14960,1.870000
929,294502,15200,1.900000
930,294819,15216,1.902000
931,295136,15152,1.894000
932,295453,14928,1.866000
933,295770,14848,1.856000
934,296086,14672,1.834000
935,296404,14592,1.824000
936,296721,14416,1.802000
937,297037,14272,1.784000
938,297354,14128,1.766000
939,297671,13968,1.746000
940,297988,13840,1.730000
941,298305,13712,1.714000
942,298622,13552,1.694000
943,298938,13376,1.672000
944,299255,13280,1.660000
945,299572,13104,1.638000
946,299889,12992,1.624000
947,300206,12848,1.606000
948,300523,12672,1.584000
949,300839,12592,1.574000
950,301157,12400,1.550000
951,301474,12272,1.534000
952,301790,12112,1.514000
953,302107,11936,1.492000
954,302424,11824,1.478000
955,302741,11664,1.458000
956,303058,11568,1.446000
957,303375,11616,1.452000
958,303692,11728,1.466000
959,304008,11904,1.488000
960,304325,12016,1.502000
961,304642,12208,1.526000
962,304959,12240,1.530000
963,305276,12464,1.558000
964,305593,12640,1.580000
965,305910,12752,1.594000
966,306227,12880,1.610000
967,306543,13024,1.628000
968,306861,13120,1.640000
969,307177,13344,1.668000
970,307494,13488,1.686000
971,307811,13568,1.696000
972,308127,13712,1.714000
973,308445,13920,1.740000
974,308761,14080,1.760000
975,309078,14400,1.800000
976,309395,14352,1.794000
977,309712,14496,1.812000
978,310029,14640,1.830000
979,310345,14800,1.850000
980,310663,14912,1.864000
981,310979,15216,1.902000
982,311296,15184,1.898000
983,311613,15232,1.904000
984,311930,15040,1.880000
985,312247,15008,1.876000
986,312564,14784,1.848000
987,312880,14624,1.828000
988,313198,14400,1.800000
989,313514,14304,1.788000
990,313831,14272,1.784000
991,314148,14048,1.756000
992,314465,13920,1.740000
993,314782,13776,1.722000
994,315098,13696,1.712000
995,315416,13472,1.684000
996,315732,13280,1.660000
997,316049,13216,1.652000
998,316366,13056,1.632000
999,316686,12992,1.624000
1000,317000,12784,1.598000
1001,317317,12656,1.582000
1002,317633,12432,1.554000
1003,317950,12336,1.542000
1004,318267,12240,1.530000
1005,318584,11984,1.498000
1006,318901,11872,1.484000
1007,319218,11824,1.478000
1008,319535,11648,1.456000
1009,319851,11568,1.446000
1010,320168,11680,1.460000
1011,320485,11760,1.470000
1012,320802,11984,1.498000
1013,321119,12112,1.514000
1014,321436,12192,1.524000
1015,321753,12384,1.548000
1016,322069,12560,1.570000
1017,322386,12704,1.588000
1018,322703,12848,1.606000
1019,323020,12960,1.620000
1020,323337,13120,1.640000
1021,323654,13264,1.658000
1022,323971,13392,1.674000
1023,324288,13520,1.690000
1024,324604,13648,1.706000
1025,324921,13840,1.730000
1026,325238,14000,1.750000
1027,325555,14080,1.760000
1028,325872,14208,1.776000
1029,326189,14432,1.804000
1030,326505,14560,1.820000
1031,326823,14736,1.842000
1032,327139,14800,1.850000
1033,327456,14944,1.868000
1034,327773,15088,1.886000
1035,328090,15216,1.902000
1036,328407,15200,1.900000
1037,328724,15152,1.894000
1038,329040,14960,1.870000
1039,329357,14720,1.840000
1040,329674,14560,1.820000
1041,329991,14416,1.802000
1042,330308,14288,1.786000
1043,330625,14128,1.766000
1044,330941,13936,1.742000
1045,331259,13872,1.734000
1046,331575,13728,1.716000
1047,331892,13616,1.702000
1048,332209,13472,1.684000
1049,332526,13328,1.666000
1050,332843,13056,1.632000
1051,333160,12944,1.618000
1052,333476,12992,1.624000
1053,333793,12688,1.586000
1054,334111,12576,1.572000
1055,334427,12448,1.556000
1056,334744,12304,1.538000
1057,335061,12176,1.522000
1058,335378,12016,1.502000
1059,335694,11904,1.488000
1060,336011,11696,1.462000
1061,336328,11600,1.450000
1062,336645,11584,1.448000
1063,336962,11712,1.464000
1064,337279,11872,1.484000
1065,337595,12048,1.506000
1066,337912,12176,1.522000
1067,338229,12272,1.534000
1068,338546,12400,1.550000
1069,338863,12560,1.570000
1070,339180,12752,1.594000
1071,339497,12880,1.610000
1072,339813,13008,1.626000
1073,340130,13184,1.648000
1074,340447,13344,1.668000
1075,340764,13472,1.684000
1076,341081,13616,1.702000
1077,341398,13680,1.710000
1078,341714,13872,1.734000
1079,342032,14000,1.750000
1080,342348,14192,1.774000
1081,342666,14304,1.788000
1082,342982,14368,1.796000
1083,343299,14608,1.826000
1084,343616,14752,1.844000
1085,343932,14912,1.864000
1086,344250,15040,1.880000
1087,344566,15152,1.894000
1088,344883,15264,1.908000
1089,345200,15120,1.890000
1090,345517,14896,1.862000
1091,345834,14800,1.850000
1092,346151,14672,1.834000
1093,346468,14528,1.816000
1094,346784,14352,1.794000
1095,347102,14256,1.782000
1096,347418,14128,1.766000
1097,347735,13888,1.736000
1098,348052,13776,1.722000
1099,348369,13664,1.708000
1100,348686,13472,1.684000
1101,349003,13360,1.670000
1102,349320,13216,1.652000
1103,349636,13088,1.636000
1104,349953,12896,1.612000
1105,350270,12816,1.602000
1106,350587,12688,1.586000
1107,350904,12464,1.558000
1108,351221,12416,1.552000
1109,351537,12192,1.524000
1110,351854,12112,1.514000
1111,352171,11936,1.492000
1112,352488,11824,1.478000
1113,352805,11664,1.458000
1114,353121,11504,1.438000
1115,353439,11648,1.456000
1116,353755,11792,1.474000
1117,354072,11952,1.494000
1118,354389,12064,1.508000
1119,354706,12240,1.530000
1120,355023,12336,1.542000
1121,355340,12432,1.554000
1122,355656,12640,1.580000
1123,355974,12800,1.600000
1124,356290,12928,1.616000
1125,356607,13120,1.640000
1126,356924,13248,1.656000
1127,357241,13376,1.672000
1128,357558,13504,1.688000
1129,357874,13680,1.710000
1130,358192,13760,1.720000
1131,358508,13920,1.740000
1132,358825,14096,1.762000
1133,359141,14208,1.776000
1134,359459,14352,1.794000
1135,359776,14496,1.812000
1136,360092,14592,1.824000
1137,360409,14752,1.844000
1138,360726,14928,1.866000
1139,361043,15104,1.888000
1140,361360,15280,1.910000
1141,361677,15152,1.894000
1142,361994,15024,1.878000
1143,362311,14944,1.868000
1144,362627,14768,1.846000
1145,362945,14576,1.822000
1146,363262,14512,1.814000
1147,363578,14272,1.784000
1148,363895,14160,1.770000
1149,364212,13968,1.746000
1150,364529,13888,1.736000
1151,364845,13744,1.718000
1152,365162,13568,1.696000
1153,365479,13424,1.678000
1154,365796,13344,1.668000
1155,366113,13136,1.642000
1156,366430,13024,1.628000
1157,366747,12912,1.614000
1158,367063,12720,1.590000
1159,367380,12576,1.572000
1160,367697,12464,1.558000
1161,368014,12320,1.540000
1162,368331,12144,1.518000
1163,368648,12064,1.508000
1164,368965,11856,1.482000
1165,369282,11728,1.466000
1166,369599,11616,1.452000
1167,369915,11584,1.448000
1168,370233,11680,1.460000
1169,370549,11856,1.482000
1170,370866,12016,1.502000
1171,371183,12112,1.514000
1172,371500,12240,1.530000
1173,371817,12416,1.552000
1174,372133,12560,1.570000
1175,372450,12704,1.588000
1176,372766,12832,1.604000
1177,373084,12960,1.620000
1178,373401,13120,1.640000
1179,373718,13264,1.658000
1180,374034,13424,1.678000
1181,374351,13584,1.698000
1182,374668,13712,1.714000
1183,374985,13824,1.728000
1184,375302,13952,1.744000
1185,375619,14080,1.760000
1186,375935,14208,1.776000
1187,376253,14400,1.800000
1188,376569,14576,1.822000
1189,376887,14720,1.840000
1190,377203,14832,1.854000
1191,377520,15040,1.880000
1192,377837,15120,1.890000
1193,378154,15200,1.900000
1194,378470,15120,1.890000
1195,378788,14960,1.870000
1196,379104,14832,1.854000
1197,379421,14704,1.838000
1198,379738,14592,1.824000
1199,380055,14416,1.802000
1200,380372,14272,1.784000
1201,380688,14064,1.758000
1202,381006,14000,1.750000
1203,381323,13824,1.728000
1204,381639,13648,1.706000
1205,381956,13568,1.696000
1206,382273,13408,1.676000
1207,382590,13264,1.658000
1208,382906,13120,1.640000
1209,383224,12992,1.624000
1210,383540,12864,1.608000
1211,383857,12736,1.592000
1212,384174,12576,1.572000
1213,384491,12416,1.552000
1214,384808,12288,1.536000
1215,385124,12096,1.512000
1216,385441,12000,1.500000
1217,385758,11808,1.476000
1218,386075,11696,1.462000
1219,386391,11600,1.450000
1220,386709,11568,1.446000
1221,387026,11760,1.470000
1222,387343,11888,1.486000
1223,387659,12064,1.508000
1224,387976,12144,1.518000
1225,388293,12320,1.540000
1226,388610,12464,1.558000
1227,388927,12576,1.572000
1228,389244,12736,1.592000
1229,389560,12896,1.612000
1230,389878,13040,1.630000
1231,390194,13168,1.646000
1232,390511,13328,1.666000
1233,390828,13472,1.684000
1234,391145,13616,1.702000
1235,391462,13808,1.726000
1236,391779,13952,1.744000
1237,392095,14000,1.750000
1238,392412,14192,1.774000
1239,392729,14320,1.790000
1240,393046,14464,1.808000
1241,393363,14640,1.830000
1242,393680,14720,1.840000
1243,393996,14864,1.858000
1244,394313,14976,1.872000
1245,394630,15184,1.898000
1246,394948,15232,1.904000
1247,395264,15088,1.886000
1248,395581,14912,1.864000
1249,395898,14592,1.824000
1250,396215,14608,1.826000
1251,396532,14496,1.812000
1252,396848,14320,1.790000
1253,397165,14208,1.776000
1254,397483,14032,1.754000
1255,397799,13952,1.744000
1256,398116,13760,1.720000
1257,398433,13616,1.702000
1258,398749,13472,1.684000
1259,399066,13328,1.666000
1260,399383,13248,1.656000
1261,399700,13088,1.636000
1262,400017,13136,1.642000
1263,400334,12800,1.600000
1264,400651,12672,1.584000
1265,400967,12448,1.556000
1266,401284,12384,1.548000
1267,401601,12160,1.520000
1268,401918,12032,1.504000
1269,402235,11856,1.482000
1270,402552,11760,1.470000
1271,402869,11648,1.456000
1272,403186,11536,1.442000
1273,403502,11696,1.462000
1274,403819,11808,1.476000
1275,404136,11824,1.478000
1276,404453,12032,1.504000
1277,404770,12256,1.532000
1278,405087,12384,1.548000
1279,405404,12528,1.566000
1280,405720,12672,1.584000
1281,406037,12848,1.606000
1282,406355,12944,1.618000
1283,406671,13104,1.638000
1284,406988,13216,1.652000
1285,407305,13408,1.676000
1286,407622,13440,1.680000
1287,407938,13664,1.708000
1288,408256,13792,1.724000
1289,408572,13888,1.736000
1290,408889,14064,1.758000
1291,409206,14288,1.786000
1292,409523,14368,1.796000
1293,409840,14560,1.820000
1294,410156,14656,1.832000
1295,410473,14784,1.848000
1296,410790,14912,1.864000
1297,411107,15136,1.892000
1298,411424,15248,1.906000
1299,411740,15168,1.896000
1300,412058,14960,1.870000
1301,412375,14896,1.862000
1302,412691,14736,1.842000
1303,413008,14608,1.826000
1304,413325,14448,1.806000
1305,413642,14336,1.792000
1306,413959,14176,1.772000
1307,414276,13984,1.748000
1308,414592,13904,1.738000
1309,414910,13744,1.718000
1310,415226,13552,1.694000
1311,415543,13440,1.680000
1312,415860,13200,1.650000
1313,416177,13200,1.650000
1314,416494,13040,1.630000
1315,416811,12912,1.614000
1316,417127,12704,1.588000
1317,417444,12544,1.568000
1318,417762,12464,1.558000
1319,418078,12256,1.532000
1320,418395,12160,1.520000
1321,418712,11952,1.494000
1322,419028,11904,1.488000
1323,419345,11744,1.468000
1324,419662,11552,1.444000
1325,419979,11632,1.454000
1326,420295,11680,1.460000
1327,420613,11632,1.454000
1328,420930,12032,1.504000
1329,421247,12096,1.512000
1330,421563,12304,1.538000
1331,421881,12480,1.560000
1332,422197,12560,1.570000
1333,422514,12640,1.580000
1334,422831,12880,1.610000
1335,423148,12976,1.622000
1336,423464,13152,1.644000
1337,423782,13344,1.668000
1338,424098,13392,1.674000
1339,424415,13600,1.700000
1340,424732,13776,1.722000
1341,425049,13920,1.740000
1342,425366,13984,1.748000
1343,425686,14144,1.768000
1344,426000,14288,1.786000
1345,426317,14480,1.810000
1346,426633,14736,1.842000
1347,426950,14736,1.842000
1348,427267,14832,1.854000
1349,427584,15056,1.882000
1350,427901,15152,1.894000
1351,428218,15248,1.906000
1352,428534,15120,1.890000
1353,428851,14976,1.872000
1354,429168,14752,1.844000
1355,429485,14720,1.840000
1356,429802,14544,1.818000
1357,430118,14400,1.800000
1358,430435,14288,1.786000
1359,430753,14080,1.760000
1360,431069,13952,1.744000
1361,431386,13776,1.722000
1362,431703,13664,1.708000
1363,432020,13488,1.686000
1364,432337,13376,1.672000
1365,432653,13280,1.660000
1366,432971,13104,1.638000
1367,433287,12976,1.622000
1368,433604,12768,1.596000
1369,433921,12672,1.584000
1370,434238,12544,1.568000
1371,434554,12384,1.548000
1372,434872,12224,1.528000
1373,435189,12048,1.506000
1374,435505,11936,1.492000
1375,435822,11792,1.474000
1376,436139,11648,1.456000
1377,436456,11520,1.440000
1378,436773,11600,1.450000
1379,437089,11744,1.468000
1380,437406,11872,1.484000
1381,437724,12064,1.508000
1382,438040,12192,1.524000
1383,438357,12320,1.540000
1384,438674,12480,1.560000
1385,438991,12624,1.578000
1386,439308,12768,1.596000
1387,439624,12912,1.614000
1388,439941,13040,1.630000
1389,440258,13216,1.652000
1390,440575,13360,1.670000
1391,440892,13488,1.686000
1392,441209,13648,1.706000
1393,441526,13776,1.722000
1394,441842,13920,1.740000
1395,442159,14048,1.756000
1396,442476,14224,1.778000
1397,442793,14352,1.794000
1398,443109,14432,1.804000
1399,443427,14608,1.826000
1400,443743,14800,1.850000
1401,444060,14912,1.864000
1402,444377,15056,1.882000
1403,444694,15200,1.900000
1404,445011,15216,1.902000
1405,445328,15072,1.884000
1406,445645,14848,1.856000
1407,445962,14704,1.838000
1408,446279,14624,1.828000
1409,446595,14576,1.822000
1410,446912,14384,1.798000
1411,447229,14112,1.764000
1412,447546,14048,1.756000
1413,447863,13888,1.736000
1414,448180,13776,1.722000
1415,448497,13552,1.694000
1416,448813,13424,1.678000
1417,449130,13328,1.666000
1418,449447,13152,1.644000
1419,449764,13040,1.630000
1420,450080,12944,1.618000
1421,450398,12720,1.590000
1422,450715,12656,1.582000
1423,451031,12432,1.554000
1424,451348,12320,1.540000
1425,451665,12128,1.516000
1426,451982,12032,1.504000
1427,452299,11872,1.484000
1428,452616,11760,1.470000
1429,452932,11600,1.450000
1430,453249,11520,1.440000
1431,453566,11712,1.464000
1432,453883,11840,1.480000
1433,454200,11984,1.498000
1434,454517,12112,1.514000
1435,454833,12208,1.526000
1436,455151,12384,1.548000
1437,455467,12496,1.562000
1438,455784,12720,1.590000
1439,456101,12848,1.606000
1440,456418,12992,1.624000
1441,456735,13168,1.646000
1442,457051,13264,1.658000
1443,457368,13472,1.684000
1444,457687,13568,1.696000
1445,458002,13664,1.708000
1446,458319,13888,1.736000
1447,458636,13968,1.746000
1448,458952,14064,1.758000
1449,459270,14240,1.780000
1450,459587,14368,1.796000
1451,459903,14576,1.822000
1452,460220,14672,1.834000
1453,460537,14896,1.862000
1454,460854,14992,1.874000
1455,461171,15136,1.892000
1456,461488,15232,1.904000
1457,461805,15184,1.898000
1458,462121,14960,1.870000
1459,462439,14864,1.858000
1460,462755,14704,1.838000
1461,463072,14544,1.818000
1462,463389,14352,1.794000
1463,463705,14256,1.782000
1464,464023,14144,1.768000
1465,464340,13984,1.748000
1466,464656,13856,1.732000
1467,464973,13664,1.708000
1468,465290,13520,1.690000
1469,465607,13408,1.676000
1470,465924,13232,1.654000
1471,466241,13152,1.644000
1472,466557,12960,1.620000
1473,466874,12752,1.594000
1474,467191,12736,1.592000
1475,467508,12560,1.570000
1476,467825,12368,1.546000
1477,468142,12208,1.526000
1478,468459,12112,1.514000
1479,468776,11968,1.496000
1480,469092,11872,1.484000
1481,469410,11712,1.464000
1482,469726,11536,1.442000
1483,470043,11584,1.448000
1484,470360,11712,1.464000
1485,470677,11888,1.486000
1486,470993,12000,1.500000
1487,471310,12176,1.522000
1488,471627,12336,1.542000
1489,471943,12432,1.554000
1490,472261,12656,1.582000
1491,472578,12736,1.592000
1492,472895,12864,1.608000
1493,473212,12960,1.620000
1494,473528,13136,1.642000
1495,473846,13344,1.668000
1496,474162,13504,1.688000
1497,474479,13648,1.706000
1498,474796,13760,1.720000
1499,475113,13888,1.736000
1500,475430,13968,1.746000
1501,475747,14128,1.766000
1502,476063,14352,1.794000
1503,476380,14464,1.808000
1504,476697,14576,1.822000
1505,477014,14800,1.850000
1506,477331,14896,1.862000
1507,477648,15008,1.876000
1508,477965,15152,1.894000
1509,478282,15232,1.904000
1510,478598,15056,1.882000
1511,478914,14960,1.870000
1512,479231,14800,1.850000
1513,479549,14656,1.832000
1514,479866,14496,1.812000
1515,480182,14352,1.794000
1516,480499,14192,1.774000
1517,480817,14048,1.756000
1518,481133,13904,1.738000
1519,481450,13728,1.716000
1520,481767,13632,1.704000
1521,482084,13504,1.688000
1522,482401,13360,1.670000
1523,482717,13200,1.650000
1524,483034,13056,1.632000
1525,483351,12912,1.614000
1526,483668,12800,1.600000
1527,483985,12624,1.578000
1528,484302,12432,1.554000
1529,484618,12352,1.544000
1530,484935,12240,1.530000
1531,485253,12048,1.506000
1532,485569,11936,1.492000
1533,485886,11760,1.470000
1534,486203,11616,1.452000
1535,486519,11520,1.440000
1536,486837,11680,1.460000
1537,487154,11856,1.482000
1538,487470,11968,1.496000
1539,487787,12080,1.510000
1540,488104,12240,1.530000
1541,488421,12336,1.542000
1542,488738,12544,1.568000
1543,489054,12704,1.588000
1544,489371,12848,1.606000
1545,489688,12976,1.622000
1546,490005,13120,1.640000
1547,490322,13232,1.654000
1548,490639,13408,1.676000
1549,490956,13552,1.694000
1550,491273,13552,1.694000
1551,491589,13808,1.726000
1552,491906,13968,1.746000
1553,492223,14096,1.762000
1554,492539,14288,1.786000
1555,492857,14352,1.794000
1556,493174,14560,1.820000
1557,493490,14704,1.838000
1558,493808,14816,1.852000
1559,494124,14976,1.872000
1560,494441,15088,1.886000
1561,494758,15232,1.904000
1562,495075,15104,1.888000
1563,495392,14976,1.872000
1564,495708,14800,1.850000
1565,496025,14704,1.838000
1566,496342,14544,1.818000
1567,496659,14464,1.808000
1568,496976,14304,1.788000
1569,497293,14176,1.772000
1570,497610,13984,1.748000
1571,497927,13904,1.738000
1572,498243,13776,1.722000
1573,498560,13600,1.700000
1574,498877,13424,1.678000
1575,499194,13280,1.660000
1576,499511,13168,1.646000
1577,499828,12960,1.620000
1578,500145,12832,1.604000
1579,500461,12688,1.586000
1580,500778,12560,1.570000
1581,501096,12400,1.550000
1582,501412,12320,1.540000
1583,501729,12160,1.520000
1584,502046,12032,1.504000
1585,502363,11840,1.480000
1586,502680,11712,1.464000
1587,502996,11584,1.448000
1588,503313,11568,1.446000
1589,503630,11728,1.466000
1590,503947,11920,1.490000
1591,504264,12000,1.500000
1592,504581,12144,1.518000
1593,504898,12448,1.556000
1594,505215,12400,1.550000
1595,505531,12560,1.570000
1596,505848,12800,1.600000
1597,506164,12864,1.608000
1598,506482,12976,1.622000
1599,506798,13360,1.670000
1600,507116,13280,1.660000
1601,507433,13472,1.684000
1602,507749,13568,1.696000
1603,508066,13712,1.714000
1604,508383,13920,1.740000
1605,508699,14032,1.754000
1606,509017,14064,1.758000
1607,509334,14272,1.784000
1608,509650,14464,1.808000
1609,509967,14544,1.818000
1610,510284,14672,1.834000
1611,510601,14848,1.856000
1612,510917,14816,1.852000
1613,511235,15184,1.898000
1614,511552,15248,1.906000
1615,511868,15088,1.886000
1616,512185,14944,1.868000
1617,512502,14800,1.850000
1618,512819,14656,1.832000
1619,513136,14576,1.822000
1620,513452,14384,1.798000
1621,513770,14064,1.758000
1622,514086,14064,1.758000
1623,514404,13968,1.746000
1624,514720,13776,1.722000
1625,515037,13760,1.720000
1626,515354,13520,1.690000
1627,515671,13264,1.658000
1628,515988,13248,1.656000
1629,516305,13152,1.644000
1630,516621,12976,1.622000
1631,516939,12752,1.594000
1632,517255,12736,1.592000
1633,517572,12512,1.564000
1634,517889,12464,1.558000
1635,518205,12272,1.534000
1636,518523,12064,1.508000
1637,518839,11952,1.494000
1638,519156,11840,1.480000
1639,519473,11616,1.452000
1640,519790,11664,1.458000
1641,520107,11648,1.456000
1642,520423,11808,1.476000
1643,520741,11936,1.492000
1644,521057,12048,1.506000
1645,521374,12224,1.528000
1646,521690,12288,1.536000
1647,522008,12448,1.556000
1648,522325,12608,1.576000
1649,522642,12784,1.598000
1650,522959,12912,1.614000
1651,523276,13056,1.632000
1652,523592,13216,1.652000
1653,523909,13408,1.676000
1654,524226,13456,1.682000
1655,524542,13616,1.702000
1656,524860,13840,1.730000
1657,525177,13968,1.746000
1658,525493,14048,1.756000
1659,525811,14192,1.774000
1660,526127,14288,1.786000
1661,526444,14464,1.808000
1662,526760,14672,1.834000
1663,527078,14784,1.848000
1664,527395,14928,1.866000
1665,527712,15056,1.882000
1666,528028,15216,1.902000
1667,528345,15168,1.896000
1668,528662,15008,1.876000
1669,528979,14928,1.866000
1670,529296,14768,1.846000
1671,529613,14640,1.830000
1672,529929,14448,1.806000
1673,530246,14368,1.796000
1674,530563,14144,1.768000
1675,530881,14032,1.754000
1676,531197,13888,1.736000
1677,531514,13760,1.720000
1678,531831,13552,1.694000
1679,532147,13520,1.690000
1680,532464,13264,1.658000
1681,532781,13184,1.648000
1682,533098,13056,1.632000
1683,533415,12864,1.608000
1684,533732,12816,1.602000
1685,534049,12576,1.572000
1686,534366,12448,1.556000
1687,534685,12320,1.540000
1688,534999,12160,1.520000
1689,535316,12064,1.508000
1690,535633,11920,1.490000
1691,535950,11744,1.468000
1692,536267,11584,1.448000
1693,536583,11600,1.450000
1694,536900,11632,1.454000
1695,537217,11824,1.478000
1696,537534,11984,1.498000
1697,537850,12144,1.518000
1698,538168,12192,1.524000
1699,538485,12416,1.552000
1700,538802,12576,1.572000
1701,539118,12672,1.584000
1702,539435,12896,1.612000
1703,539752,12912,1.614000
1704,540068,13136,1.642000
1705,540385,13232,1.654000
1706,540703,13424,1.678000
1707,541019,13552,1.694000
1708,541337,13632,1.704000
1709,541653,13776,1.722000
1710,541970,13984,1.748000
1711,542287,14128,1.766000
1712,542604,14272,1.784000
1713,542921,14464,1.808000
1714,543238,14560,1.820000
1715,543554,14688,1.836000
1716,543871,14848,1.856000
1717,544189,15008,1.876000
1718,544505,15104,1.888000
1719,544822,15232,1.904000
1720,545139,15136,1.892000
1721,545455,14992,1.874000
1722,545773,14912,1.864000
1723,546089,14672,1.834000
1724,546406,14544,1.818000
1725,546723,14400,1.800000
1726,547039,14240,1.780000
1727,547356,14096,1.762000
1728,547674,13952,1.744000
1729,547990,13872,1.734000
1730,548307,13696,1.712000
1731,548624,13472,1.684000
1732,548941,13408,1.676000
1733,549258,13248,1.656000
1734,549575,13088,1.636000
1735,549892,13024,1.628000
1736,550209,12848,1.606000
1737,550525,12688,1.586000
1738,550842,12512,1.564000
1739,551159,12368,1.546000
1740,551476,12320,1.540000
1741,551793,12128,1.516000
1742,552109,11952,1.494000
1743,552427,11824,1.478000
1744,552743,11680,1.460000
1745,553061,11568,1.446000
1746,553377,11568,1.446000
1747,553694,11760,1.470000
1748,554011,11888,1.486000
1749,554328,12016,1.502000
1750,554644,12192,1.524000
1751,554962,12288,1.536000
1752,555278,12432,1.554000
1753,555595,12496,1.562000
1754,555912,12768,1.596000
1755,556229,12944,1.618000
1756,556546,13024,1.628000
1757,556862,13232,1.654000
1758,557180,13296,1.662000
1759,557496,13504,1.688000
1760,557813,13616,1.702000
1761,558130,13760,1.720000
1762,558447,13872,1.734000
1763,558764,14032,1.754000
1764,559080,14224,1.778000
1765,559397,14320,1.790000
1766,559714,14480,1.810000
1767,560031,14608,1.826000
1768,560348,14752,1.844000
1769,560664,14928,1.866000
1770,560982,15072,1.884000
1771,561299,15232,1.904000
1772,561616,15200,1.900000
1773,561932,15056,1.882000
1774,562249,14912,1.864000
1775,562566,14688,1.836000
1776,562883,14608,1.826000
1777,563199,14560,1.820000
1778,563517,14320,1.790000
1779,563833,14192,1.774000
1780,564151,14000,1.750000
1781,564467,13920,1.740000
1782,564784,13728,1.716000
1783,565100,13616,1.702000
1784,565418,13456,1.682000
1785,565734,13360,1.670000
1786,566052,13200,1.650000
1787,566369,13056,1.632000
1788,566687,12944,1.618000
1789,567002,12800,1.600000
1790,567319,12656,1.582000
1791,567636,12496,1.562000
1792,567953,12384,1.548000
1793,568270,12224,1.528000
1794,568586,12048,1.506000
1795,568903,11936,1.492000
1796,569221,11824,1.478000
1797,569537,11664,1.458000
1798,569854,11472,1.434000
1799,570171,11632,1.454000
1800,570488,11824,1.478000
1801,570805,12016,1.502000
1802,571121,12112,1.514000
1803,571438,12224,1.528000
1804,571755,12448,1.556000
1805,572072,12544,1.568000
1806,572389,12720,1.590000
1807,572705,12800,1.600000
1808,573022,13024,1.628000
1809,573340,13088,1.636000
1810,573656,13248,1.656000
1811,573973,13392,1.674000
1812,574290,13552,1.694000
1813,574607,13696,1.712000
1814,574924,13792,1.724000
1815,575240,13952,1.744000
1816,575557,14096,1.762000
1817,575874,14272,1.784000
1818,576191,14416,1.802000
1819,576508,14528,1.816000
1820,576825,14640,1.830000
1821,577142,14816,1.852000
1822,577459,14976,1.872000
1823,577775,15088,1.886000
1824,578092,15296,1.912000
1825,578409,15152,1.894000
1826,578726,15024,1.878000
1827,579043,14864,1.858000
1828,579360,14736,1.842000
1829,579676,14560,1.820000
1830,579993,14432,1.804000
1831,580310,14352,1.794000
1832,580627,14144,1.768000
1833,580944,14016,1.752000
1834,581260,13872,1.734000
1835,581578,13696,1.712000
1836,581895,13616,1.702000
1837,582212,13456,1.682000
1838,582528,13312,1.664000
1839,582845,13152,1.644000
1840,583162,12992,1.624000
1841,583479,12848,1.606000
1842,583795,12688,1.586000
1843,584112,12624,1.578000
1844,584429,12272,1.534000
1845,584746,12288,1.536000
1846,585063,12160,1.520000
1847,585380,12016,1.502000
1848,585697,11808,1.476000
1849,586013,11696,1.462000
1850,586330,11472,1.434000
1851,586647,11536,1.442000
1852,586964,11712,1.464000
1853,587281,11904,1.488000
1854,587598,12064,1.508000
1855,587915,12128,1.516000
1856,588232,12288,1.536000
1857,588548,12416,1.552000
1858,588866,12560,1.570000
1859,589182,12720,1.590000
1860,589499,12880,1.610000
1861,589816,12976,1.622000
1862,590133,13200,1.650000
1863,590450,13264,1.658000
1864,590766,13440,1.680000
1865,591084,13552,1.694000
1866,591400,13728,1.716000
1867,591717,13888,1.736000
1868,592034,14016,1.752000
1869,592351,14112,1.764000
1870,592668,14256,1.782000
1871,592984,14400,1.800000
1872,593302,14560,1.820000
1873,593618,14720,1.840000
1874,593935,14848,1.856000
1875,594252,15088,1.886000
1876,594569,15152,1.894000
1877,594886,15200,1.900000
1878,595203,15152,1.894000
1879,595519,15008,1.876000
1880,595837,14848,1.856000
1881,596153,14688,1.836000
1882,596470,14560,1.820000
1883,596787,14368,1.796000
1884,597104,14256,1.782000
1885,597421,14112,1.764000
1886,597737,13936,1.742000
1887,598054,14016,1.752000
1888,598371,13664,1.708000
1889,598688,13472,1.684000
1890,599005,13360,1.670000
1891,599322,13184,1.648000
1892,599639,13056,1.632000
1893,599955,12912,1.614000
1894,600272,12784,1.598000
1895,600589,12640,1.580000
1896,600906,12480,1.560000
1897,601222,12368,1.546000
1898,601540,12256,1.532000
1899,601857,12064,1.508000
1900,602173,11808,1.476000
1901,602491,11776,1.472000
1902,602807,11728,1.466000
1903,603124,11536,1.442000
1904,603441,11600,1.450000
1905,603758,11760,1.470000
1906,604075,11968,1.496000
1907,604392,12096,1.512000
1908,604708,12080,1.510000
1909,605025,12352,1.544000
1910,605342,12464,1.558000
1911,605659,12688,1.586000
1912,605975,12784,1.598000
1913,606293,12960,1.620000
1914,606610,13104,1.638000
1915,606927,13008,1.626000
1916,607244,13312,1.664000
1917,607560,13488,1.686000
1918,607877,13616,1.702000
1919,608194,13760,1.720000
1920,608511,13888,1.736000
1921,608827,14112,1.764000
1922,609145,14192,1.774000
1923,609461,14320,1.790000
1924,609778,14512,1.814000
1925,610095,14640,1.830000
1926,610412,14800,1.850000
1927,610729,14896,1.862000
1928,611046,15216,1.902000
1929,611363,15232,1.904000
1930,611679,15152,1.894000
1931,611996,15072,1.884000
1932,612313,14912,1.864000
1933,612630,14768,1.846000
1934,612947,14640,1.830000
1935,613263,14496,1.812000
1936,613581,14272,1.784000
1937,613897,14176,1.772000
1938,614215,14016,1.752000
1939,614531,13872,1.734000
1940,614848,13760,1.720000
1941,615165,13632,1.704000
1942,615482,13424,1.678000
1943,615798,13296,1.662000
1944,616116,13216,1.652000
1945,616432,13024,1.628000
1946,616749,12864,1.608000
1947,617066,12736,1.592000
1948,617383,12624,1.578000
1949,617699,12448,1.556000
1950,618017,12368,1.546000
1951,618334,12176,1.522000
1952,618650,12048,1.506000
1953,618967,11856,1.482000
1954,619284,11728,1.466000
1955,619601,11648,1.456000
1956,619918,11536,1.442000
1957,620235,11712,1.464000
1958,620551,11824,1.478000
1959,620869,11952,1.494000
1960,621185,12112,1.514000
1961,621502,12240,1.530000
1962,621819,12368,1.546000
1963,622136,12512,1.564000
1964,622452,12736,1.592000
1965,622770,12816,1.602000
1966,623086,12960,1.620000
1967,623403,13152,1.644000
1968,623720,13248,1.656000
1969,624037,13472,1.684000
1970,624354,13488,1.686000
1971,624671,13696,1.712000
1972,624988,13840,1.730000
1973,625305,13968,1.746000
1974,625621,14128,1.766000
1975,625937,14240,1.780000
1976,626255,14416,1.802000
1977,626572,14560,1.820000
1978,626889,14656,1.832000
1979,627206,14896,1.862000
1980,627522,15008,1.876000
1981,627839,15184,1.898000
1982,628156,15264,1.908000
1983,628473,15072,1.884000
1984,628790,15008,1.876000
1985,629106,14848,1.856000
1986,629424,14656,1.832000
1987,629741,14544,1.818000
1988,630057,14416,1.802000
1989,630374,14240,1.780000
1990,630691,14016,1.752000
1991,631008,13968,1.746000
1992,631325,13872,1.734000
1993,631641,13664,1.708000
1994,631959,13504,1.688000
1995,632275,13408,1.676000
1996,632592,13248,1.656000
1997,632909,13120,1.640000
1998,633226,13024,1.628000
1999,633543,12832,1.604000
2000,633859,12688,1.586000
2001,634177,12576,1.572000
2002,634493,12400,1.550000
2003,634810,12272,1.534000
2004,635127,12096,1.512000
2005,635444,11904,1.488000
2006,635761,11776,1.472000
2007,636077,11664,1.458000
2008,636395,11504,1.438000
2009,636711,11584,1.448000
2010,637028,11696,1.462000
2011,637345,11920,1.490000
2012,637662,12080,1.510000
2013,637979,12160,1.520000
2014,638296,12288,1.536000
2015,638612,12432,1.554000
2016,638930,12544,1.568000
2017,639247,12816,1.602000
2018,639563,12912,1.614000
2019,639880,13040,1.630000
2020,640197,13232,1.654000
2021,640514,13328,1.666000
2022,640830,13456,1.682000
2023,641148,13600,1.700000
2024,641464,13744,1.718000
2025,641781,13904,1.738000
2026,642097,14064,1.758000
2027,642415,14176,1.772000
2028,642732,14336,1.792000
2029,643048,14480,1.810000
2030,643365,14624,1.828000
2031,643685,14752,1.844000
2032,643999,14912,1.864000
2033,644316,15008,1.876000
2034,644633,15232,1.904000
2035,644949,15216,1.902000
2036,645267,15088,1.886000
2037,645584,14944,1.868000
2038,645900,14816,1.852000
2039,646217,14640,1.830000
2040,646534,14528,1.816000
2041,646851,14368,1.796000
2042,647167,14224,1.778000
2043,647485,14064,1.758000
2044,647802,13904,1.738000
2045,648118,13792,1.724000
2046,648435,13616,1.702000
2047,648752,13456,1.682000
2048,649069,13360,1.670000
2049,649386,13168,1.646000
2050,649702,13008,1.626000
2051,650020,12928,1.616000
2052,650337,12816,1.602000
2053,650653,12672,1.584000
2054,650970,12512,1.564000
2055,651287,12368,1.546000
2056,651604,12208,1.526000
2057,651921,12048,1.506000
2058,652237,11920,1.490000
2059,652555,11776,1.472000
2060,652871,11648,1.456000
2061,653188,11472,1.434000
2062,653505,11632,1.454000
2063,653822,11808,1.476000
2064,654138,11904,1.488000
2065,654455,12144,1.518000
2066,654773,12208,1.526000
2067,655089,12384,1.548000
2068,655406,12512,1.564000
2069,655723,12640,1.580000
2070,656040,12816,1.602000
2071,656357,12944,1.618000
2072,656673,13152,1.644000
2073,656991,13248,1.656000
2074,657307,13472,1.684000
2075,657624,13536,1.692000
2076,657941,13600,1.700000
2077,658258,13808,1.726000
2078,658575,13968,1.746000
2079,658892,14096,1.762000
2080,659209,14224,1.778000
2081,659525,14368,1.796000
2082,659842,14496,1.812000
2083,660158,14656,1.832000
2084,660476,14816,1.852000
2085,660792,14944,1.868000
2086,661110,15072,1.884000
2087,661427,15280,1.910000
2088,661743,15136,1.892000
2089,662060,15024,1.878000
2090,662377,14848,1.856000
2091,662693,14720,1.840000
2092,663011,14544,1.818000
2093,663328,14448,1.806000
2094,663645,14272,1.784000
2095,663962,14128,1.766000
2096,664278,14032,1.754000
2097,664595,13856,1.732000
2098,664912,13792,1.724000
2099,665229,13600,1.700000
2100,665546,13456,1.682000
2101,665862,13296,1.662000
2102,666180,13200,1.650000
2103,666496,13008,1.626000
2104,666813,12896,1.612000
2105,667130,12800,1.600000
2106,667447,12560,1.570000
2107,667764,12448,1.556000
2108,668080,12320,1.540000
2109,668397,12176,1.522000
2110,668715,11952,1.494000
2111,669031,11888,1.486000
2112,669348,11696,1.462000
2113,669665,11584,1.448000
2114,669981,11552,1.444000
2115,670298,11744,1.468000
2116,670615,11840,1.480000
2117,670932,11984,1.498000
2118,671249,12016,1.502000
2119,671566,12272,1.534000
2120,671882,12496,1.562000
2121,672200,12608,1.576000
2122,672517,12720,1.590000
2123,672833,12848,1.606000
2124,673150,13056,1.632000
2125,673467,13248,1.656000
2126,673784,13232,1.654000
2127,674101,13472,1.684000
2128,674418,13552,1.694000
2129,674734,13712,1.714000
2130,675051,13904,1.738000
2131,675368,14272,1.784000
2132,675686,14160,1.770000
2133,676002,14320,1.790000
2134,676319,14432,1.804000
2135,676636,14592,1.824000
2136,676952,14736,1.842000
2137,677269,14832,1.854000
2138,677586,15008,1.876000
2139,677903,15200,1.900000
2140,678220,15232,1.904000
2141,678537,15136,1.892000
2142,678854,14944,1.868000
2143,679171,14800,1.850000
2144,679488,14688,1.836000
2145,679804,14544,1.818000
2146,680121,14400,1.800000
2147,680437,14272,1.784000
2148,680755,14128,1.766000
2149,681072,13984,1.748000
2150,681389,13808,1.726000
2151,681705,13712,1.714000
2152,682022,13520,1.690000
2153,682339,13392,1.674000
2154,682656,13248,1.656000
2155,682973,13040,1.630000
2156,683289,12976,1.622000
2157,683607,12848,1.606000
2158,683923,12592,1.574000
2159,684240,12496,1.562000
2160,684557,12368,1.546000
2161,684874,12224,1.528000
2162,685191,12064,1.508000
2163,685508,11888,1.486000
2164,685825,11776,1.472000
2165,686141,11648,1.456000
2166,686458,11600,1.450000
2167,686775,11600,1.450000
2168,687092,11904,1.488000
2169,687409,11904,1.488000
2170,687725,12032,1.504000
2171,688043,12272,1.534000
2172,688360,12384,1.548000
2173,688676,12496,1.562000
2174,688994,12528,1.566000
2175,689310,12784,1.598000
2176,689627,12960,1.620000
2177,689944,13088,1.636000
2178,690261,13216,1.652000
2179,690577,13408,1.676000
2180,690895,13520,1.690000
2181,691211,13632,1.704000
2182,691528,13792,1.724000
2183,691845,13952,1.744000
2184,692162,14128,1.766000
2185,692479,14192,1.774000
2186,692795,14336,1.792000
2187,693113,14544,1.818000
2188,693429,14672,1.834000
2189,693746,14608,1.826000
2190,694063,14976,1.872000
2191,694379,15024,1.878000
2192,694697,15248,1.906000
2193,695013,15200,1.900000
2194,695331,15040,1.880000
2195,695647,14960,1.870000
2196,695964,14672,1.834000
2197,696281,14592,1.824000
2198,696598,14448,1.806000
2199,696915,14320,1.790000
2200,697232,14176,1.772000
2201,697548,13984,1.748000
2202,697866,14064,1.758000
2203,698182,13760,1.720000
2204,698499,13568,1.696000
2205,698816,13472,1.684000
2206,699133,13328,1.666000
2207,699450,13216,1.652000
2208,699767,12976,1.622000
2209,700083,12976,1.622000
2210,700400,12752,1.594000
2211,700717,12576,1.572000
2212,701033,12448,1.556000
2213,701351,12304,1.538000
2214,701668,12128,1.516000
2215,701985,12032,1.504000
2216,702301,11920,1.490000
2217,702618,11760,1.470000
2218,702935,11600,1.450000
2219,703252,11552,1.444000
2220,703569,11760,1.470000
2221,703886,11824,1.478000
2222,704203,11984,1.498000
2223,704519,12080,1.510000
2224,704836,12272,1.534000
2225,705152,12432,1.554000
2226,705470,12528,1.566000
2227,705787,12688,1.586000
2228,706103,12816,1.602000
2229,706421,12960,1.620000
2230,706737,13072,1.634000
2231,707055,13280,1.660000
2232,707371,13392,1.674000
2233,707688,13504,1.688000
2234,708005,13712,1.714000
2235,708322,13872,1.734000
2236,708638,13888,1.736000
2237,708956,14096,1.762000
2238,709272,14320,1.790000
2239,709589,14416,1.802000
2240,709906,14576,1.822000
2241,710223,14672,1.834000
2242,710540,14832,1.854000
2243,710857,14944,1.868000
2244,711173,15152,1.894000
2245,711490,15248,1.906000
2246,711807,15120,1.890000
2247,712124,14960,1.870000
2248,712441,14880,1.860000
2249,712758,14704,1.838000
2250,713074,14544,1.818000
2251,713392,14432,1.804000
2252,713708,14288,1.786000
2253,714025,14112,1.764000
2254,714342,14000,1.750000
2255,714659,13808,1.726000
2256,714976,13680,1.710000
2257,715293,13552,1.694000
2258,715610,13408,1.676000
2259,715926,13264,1.658000
2260,716243,13136,1.642000
2261,716560,12992,1.624000
2262,716877,12832,1.604000
2263,717193,12736,1.592000
2264,717511,12560,1.570000
2265,717827,12416,1.552000
2266,718144,12240,1.530000
2267,718461,12096,1.512000
2268,718778,11920,1.490000
2269,719095,11808,1.476000
2270,719411,11696,1.462000
2271,719729,11504,1.438000
2272,720045,11568,1.446000
2273,720362,11792,1.474000
2274,720679,11856,1.482000
2275,720996,12000,1.500000
2276,721313,12160,1.520000
2277,721630,12320,1.540000
2278,721947,12480,1.560000
2279,722264,12640,1.580000
2280,722580,12800,1.600000
2281,722897,12880,1.610000
2282,723214,13072,1.634000
2283,723531,13200,1.650000
2284,723848,13328,1.666000
2285,724165,13456,1.682000
2286,724482,13568,1.696000
2287,724798,13760,1.720000
2288,725115,13888,1.736000
2289,725433,13984,1.748000
2290,725749,14160,1.770000
2291,726066,14288,1.786000
2292,726383,14496,1.812000
2293,726700,14624,1.828000
2294,727016,14816,1.852000
2295,727333,14976,1.872000
2296,727650,15024,1.878000
2297,727967,15200,1.900000
2298,728284,15232,1.904000
2299,728601,15120,1.890000
2300,728917,14976,1.872000
2301,729234,14768,1.846000
2302,729551,14624,1.828000
2303,729868,14480,1.810000
2304,730185,14352,1.794000
2305,730501,14176,1.772000
2306,730819,14112,1.764000
2307,731136,13968,1.746000
2308,731452,13808,1.726000
2309,731769,13616,1.702000
2310,732087,13504,1.688000
2311,732403,13312,1.664000
2312,732720,13200,1.650000
2313,733037,13056,1.632000
2314,733354,12912,1.614000
2315,733670,12752,1.594000
2316,733987,12640,1.580000
2317,734304,12512,1.564000
2318,734621,12368,1.546000
2319,734938,12160,1.520000
2320,735255,12048,1.506000
2321,735571,11872,1.484000
2322,735888,11760,1.470000
2323,736205,11616,1.452000
2324,736522,11520,1.440000
2325,736839,11696,1.462000
2326,737156,11808,1.476000
2327,737472,11920,1.490000
2328,737790,12016,1.502000
2329,738107,12208,1.526000
2330,738423,12336,1.542000
2331,738741,12544,1.568000
2332,739057,12656,1.582000
2333,739374,12768,1.596000
2334,739691,12960,1.620000
2335,740007,13040,1.630000
2336,740325,13248,1.656000
2337,740641,13376,1.672000
2338,740958,13520,1.690000
2339,741276,13648,1.706000
2340,741592,13824,1.728000
2341,741909,13952,1.744000
2342,742226,14080,1.760000
2343,742543,14240,1.780000
2344,742859,14400,1.800000
2345,743177,14544,1.818000
2346,743493,14688,1.836000
2347,743810,14832,1.854000
2348,744127,14960,1.870000
2349,744444,15120,1.890000
2350,744760,15232,1.904000
2351,745077,15136,1.892000
2352,745394,14976,1.872000
2353,745711,14880,1.860000
2354,746028,14768,1.846000
2355,746345,14656,1.832000
2356,746662,14432,1.804000
2357,746979,14256,1.782000
2358,747296,14080,1.760000
2359,747612,13936,1.742000
2360,747929,13888,1.736000
2361,748246,13728,1.716000
2362,748563,13568,1.696000
2363,748880,13424,1.678000
2364,749197,13280,1.660000
2365,749513,13152,1.644000
2366,749831,13056,1.632000
2367,750147,12880,1.610000
2368,750464,12720,1.590000
2369,750781,12576,1.572000
2370,751098,12464,1.558000
2371,751415,12272,1.534000
2372,751732,12112,1.514000
2373,752048,12032,1.504000
2374,752365,11840,1.480000
2375,752685,11728,1.466000
2376,752999,11568,1.446000
2377,753316,11568,1.446000
2378,753632,11696,1.462000
2379,753950,11856,1.482000
2380,754267,12000,1.500000
2381,754583,12208,1.526000
2382,754900,12272,1.534000
2383,755217,12416,1.552000
2384,755534,12544,1.568000
2385,755851,12672,1.584000
2386,756167,12896,1.612000
2387,756485,12944,1.618000
2388,756801,13168,1.646000
2389,757119,13296,1.662000
2390,757435,13408,1.676000
2391,757752,13536,1.692000
2392,758069,13712,1.714000
2393,758386,13888,1.736000
2394,758702,14000,1.750000
2395,759019,14128,1.766000
2396,759337,14304,1.788000
2397,759653,14368,1.796000
2398,759970,14576,1.822000
2399,760287,14544,1.818000
2400,760603,14832,1.854000
2401,760921,15024,1.878000
2402,761238,15168,1.896000
2403,761554,15200,1.900000
2404,761871,15120,1.890000
2405,762188,14912,1.864000
2406,762505,14880,1.860000
2407,762822,14688,1.836000
2408,763139,14544,1.818000
2409,763455,14416,1.802000
2410,763772,14240,1.780000
2411,764089,14080,1.760000
2412,764406,14144,1.768000
2413,764723,13760,1.720000
2414,765039,13680,1.710000
2415,765356,13584,1.698000
2416,765674,13360,1.670000
2417,765990,13232,1.654000
2418,766308,13136,1.642000
2419,766624,12944,1.618000
2420,766940,12832,1.604000
2421,767258,12704,1.588000
2422,767575,12512,1.564000
2423,767892,12384,1.548000
2424,768209,12208,1.526000
2425,768525,12112,1.514000
2426,768842,11920,1.490000
2427,769159,11744,1.468000
2428,769476,11632,1.454000
2429,769793,11536,1.442000
2430,770109,11664,1.458000
2431,770426,11776,1.472000
2432,770743,11952,1.494000
2433,771060,12032,1.504000
2434,771377,12128,1.516000
2435,771693,12368,1.546000
2436,772011,12496,1.562000
2437,772328,12592,1.574000
2438,772644,12768,1.596000
2439,772961,12880,1.610000
2440,773278,13056,1.632000
2441,773595,13232,1.654000
2442,773912,13344,1.668000
2443,774228,13488,1.686000
2444,774546,13632,1.704000
2445,774862,13744,1.718000
2446,775179,13920,1.740000
2447,775496,14064,1.758000
2448,775813,14224,1.778000
2449,776130,14608,1.826000
2450,776447,14464,1.808000
2451,776764,14592,1.824000
2452,777080,14768,1.846000
2453,777397,14912,1.864000
2454,777714,15072,1.884000
2455,778030,15280,1.910000
2456,778348,15200,1.900000
2457,778665,15024,1.878000
2458,778981,14896,1.862000
2459,779298,14752,1.844000
2460,779615,14592,1.824000
2461,779933,14416,1.802000
2462,780248,14176,1.772000
2463,780566,14176,1.772000
2464,780883,14064,1.758000
2465,781200,13920,1.740000
2466,781516,13760,1.720000
2467,781834,13600,1.700000
2468,782150,13504,1.688000
2469,782467,13296,1.662000
2470,782784,13168,1.646000
2471,783101,12960,1.620000
2472,783417,12928,1.616000
2473,783734,12736,1.592000
2474,784051,12592,1.574000
2475,784368,12544,1.568000
2476,784686,12272,1.534000
2477,785002,12000,1.500000
2478,785319,12080,1.510000
2479,785636,11920,1.490000
2480,785952,11808,1.476000
2481,786269,11456,1.432000
2482,786586,11568,1.446000
2483,786902,11792,1.474000
2484,787220,11824,1.478000
2485,787537,11984,1.498000
2486,787853,12080,1.510000
2487,788171,12272,1.534000
2488,788487,12416,1.552000
2489,788804,12528,1.566000
2490,789121,12848,1.606000
2491,789437,12784,1.598000
2492,789755,12992,1.624000
2493,790072,13136,1.642000
2494,790389,13296,1.662000
2495,790705,13440,1.680000
2496,791022,13584,1.698000
2497,791339,13696,1.712000
2498,791656,13824,1.728000
2499,791973,13920,1.740000
2500,792290,14128,1.766000
2501,792606,14272,1.784000
2502,792924,14352,1.794000
2503,793241,14576,1.822000
2504,793557,14688,1.836000
2505,793874,14816,1.852000
2506,794191,14976,1.872000
2507,794508,15184,1.898000
2508,794825,15248,1.906000
2509,795141,15152,1.894000
2510,795458,14960,1.870000
2511,795776,14848,1.856000
2512,796092,14736,1.842000
2513,796409,14528,1.816000
2514,796725,14368,1.796000
2515,797043,14256,1.782000
2516,797360,14192,1.774000
2517,797676,14048,1.756000
2518,797992,13840,1.730000
2519,798309,13712,1.714000
2520,798627,13552,1.694000
2521,798943,13392,1.674000
2522,799261,13248,1.656000
2523,799577,13088,1.636000
2524,799894,12960,1.620000
2525,800211,12880,1.610000
2526,800528,12720,1.590000
2527,800845,12592,1.574000
2528,801161,12400,1.550000
2529,801479,12240,1.530000
2530,801795,12112,1.514000
2531,802112,11968,1.496000
2532,802430,11840,1.480000
2533,802746,11648,1.456000
2534,803063,11584,1.448000
2535,803380,11568,1.446000
2536,803697,11744,1.468000
2537,804013,11904,1.488000
2538,804330,12048,1.506000
2539,804647,12160,1.520000
2540,804964,12304,1.538000
2541,805281,12448,1.556000
2542,805598,12592,1.574000
2543,805915,12736,1.592000
2544,806231,12912,1.614000
2545,806548,13008,1.626000
2546,806865,13248,1.656000
2547,807182,13280,1.660000
2548,807499,13440,1.680000
2549,807816,13616,1.702000
2550,808133,13776,1.722000
2551,808449,13888,1.736000
2552,808767,13984,1.748000
2553,809083,14192,1.774000
2554,809400,14304,1.788000
2555,809717,14496,1.812000
2556,810034,14576,1.822000
2557,810351,14784,1.848000
2558,810667,14880,1.860000
2559,810984,15008,1.876000
2560,811301,15184,1.898000
2561,811618,15216,1.902000
2562,811934,15088,1.886000
2563,812252,14896,1.862000
2564,812569,14816,1.852000
2565,812885,14624,1.828000
2566,813203,14544,1.818000
2567,813519,14416,1.802000
2568,813836,14256,1.782000
2569,814153,14064,1.758000
2570,814470,13888,1.736000
2571,814787,13792,1.724000
2572,815103,13664,1.708000
2573,815421,13504,1.688000
2574,815737,13360,1.670000
2575,816053,13216,1.652000
2576,816370,13088,1.636000
2577,816688,12896,1.612000
2578,817004,12768,1.596000
2579,817322,12624,1.578000
2580,817639,12624,1.578000
2581,817955,12368,1.546000
2582,818272,12176,1.522000
2583,818589,12064,1.508000
2584,818906,11904,1.488000
2585,819223,11792,1.474000
2586,819540,11632,1.454000
2587,819856,11488,1.436000
2588,820174,11648,1.456000
2589,820490,11792,1.474000
2590,820807,11920,1.490000
2591,821124,12080,1.510000
2592,821440,12224,1.528000
2593,821758,12400,1.550000
2594,822075,12544,1.568000
2595,822392,12672,1.584000
2596,822708,12784,1.598000
2597,823025,12928,1.616000
2598,823342,13120,1.640000
2599,823659,13264,1.658000
2600,823976,13376,1.672000
2601,824292,13520,1.690000
2602,824609,13648,1.706000
2603,824926,13824,1.728000
2604,825243,14000,1.750000
2605,825560,14112,1.764000
2606,825877,14208,1.776000
2607,826193,14368,1.796000
2608,826510,14480,1.810000
2609,826827,14656,1.832000
2610,827144,14768,1.846000
2611,827461,14992,1.874000
2612,827778,15072,1.884000
2613,828095,15264,1.908000
2614,828412,15184,1.898000
2615,828729,15008,1.876000
2616,829045,14880,1.860000
2617,829362,14816,1.852000
2618,829679,14544,1.818000
2619,829996,14416,1.802000
2620,830313,14304,1.788000
2621,830630,14144,1.768000
2622,830946,14048,1.756000
2623,831263,13840,1.730000
2624,831580,13728,1.716000
2625,831897,13616,1.702000
2626,832214,13440,1.680000
2627,832531,13296,1.662000
2628,832848,13184,1.648000
2629,833165,13008,1.626000
2630,833481,12848,1.606000
2631,833798,12736,1.592000
2632,834116,12592,1.574000
2633,834432,12368,1.546000
2634,834749,12240,1.530000
2635,835066,12176,1.522000
2636,835383,12016,1.502000
2637,835699,11792,1.474000
2638,836016,11776,1.472000
2639,836333,11584,1.448000
2640,836650,11632,1.454000
2641,836967,11728,1.466000
2642,837284,11872,1.484000
2643,837600,11984,1.498000
2644,837917,12160,1.520000
2645,838234,12256,1.532000
2646,838551,12432,1.554000
2647,838868,12592,1.574000
2648,839185,12688,1.586000
2649,839502,12832,1.604000
2650,839818,13008,1.626000
2651,840136,13152,1.644000
2652,840452,13264,1.658000
2653,840769,13392,1.674000
2654,841086,13536,1.692000
2655,841403,13648,1.706000
2656,841719,13888,1.736000
2657,842037,14016,1.752000
2658,842354,14192,1.774000
2659,842670,14272,1.784000
2660,842987,14400,1.800000
2661,843304,14576,1.822000
2662,843621,14688,1.836000
2663,843938,14896,1.862000
2664,844255,14960,1.870000
2665,844571,15152,1.894000
2666,844888,15264,1.908000
2667,845205,15088,1.886000
2668,845522,14976,1.872000
2669,845838,14800,1.850000
2670,846156,14672,1.834000
2671,846472,14528,1.816000
2672,846789,14432,1.804000
2673,847107,14240,1.780000
2674,847423,14096,1.762000
2675,847740,14032,1.754000
2676,848057,13776,1.722000
2677,848373,13616,1.702000
2678,848691,13520,1.690000
2679,849007,13408,1.676000
2680,849324,13312,1.664000
2681,849641,13104,1.638000
2682,849958,12960,1.620000
2683,850275,12848,1.606000
2684,850592,12672,1.584000
2685,850909,12544,1.568000
2686,851226,12368,1.546000
2687,851542,12080,1.510000
2688,851860,12096,1.512000
2689,852176,11936,1.492000
2690,852493,11824,1.478000
2691,852810,11680,1.460000
2692,853127,11536,1.442000
2693,853444,11552,1.444000
2694,853761,11792,1.474000
2695,854077,11920,1.490000
2696,854394,12064,1.508000
2697,854711,12160,1.520000
2698,855028,12336,1.542000
2699,855345,12544,1.568000
2700,855661,12768,1.596000
2701,855979,12736,1.592000
2702,856296,12944,1.618000
2703,856612,13088,1.636000
2704,856929,13216,1.652000
2705,857246,13344,1.668000
2706,857563,13728,1.716000
2707,857879,13648,1.706000
2708,858196,13776,1.722000
2709,858514,13952,1.744000
2710,858830,14064,1.758000
2711,859147,14256,1.782000
2712,859463,14368,1.796000
2713,859781,14496,1.812000
2714,860097,14656,1.832000
2715,860414,14720,1.840000
2716,860731,14928,1.866000
2717,861048,15104,1.888000
2718,861365,15184,1.898000
2719,861685,15168,1.896000
2720,861999,14992,1.874000
2721,862316,14848,1.856000
2722,862632,14816,1.852000
2723,862949,14640,1.830000
2724,863266,14528,1.816000
2725,863583,14352,1.794000
2726,863900,14176,1.772000
2727,864217,14064,1.758000
2728,864534,13904,1.738000
2729,864851,13744,1.718000
2730,865168,13616,1.702000
2731,865484,13440,1.680000
2732,865801,13248,1.656000
2733,866118,13184,1.648000
2734,866435,13024,1.628000
2735,866752,12896,1.612000
2736,867069,12752,1.594000
2737,867386,12656,1.582000
2738,867702,12448,1.556000
2739,868019,12336,1.542000
2740,868336,12176,1.522000
2741,868653,12064,1.508000
2742,868970,11824,1.478000
2743,869287,11888,1.486000
2744,869604,11584,1.448000
2745,869920,11536,1.442000
2746,870237,11680,1.460000
2747,870554,11856,1.482000
2748,870871,11904,1.488000
2749,871188,11936,1.492000
2750,871505,12240,1.530000
2751,871821,12416,1.552000
2752,872138,12528,1.566000
2753,872455,12704,1.588000
2754,872772,12864,1.608000
2755,873089,12960,1.620000
2756,873406,13088,1.636000
2757,873722,13264,1.658000
2758,874040,13424,1.678000
2759,874357,13568,1.696000
2760,874673,13792,1.724000
2761,874990,13840,1.730000
2762,875307,14080,1.760000
2763,875624,14160,1.770000
2764,875941,14112,1.764000
2765,876258,14416,1.802000
2766,876574,14528,1.816000
2767,876891,14688,1.836000
2768,877208,14784,1.848000
2769,877525,14976,1.872000
2770,877842,15136,1.892000
2771,878159,15312,1.914000
2772,878476,15104,1.888000
2773,878792,15008,1.876000
2774,879109,14864,1.858000
2775,879426,14688,1.836000
2776,879743,14544,1.818000
2777,880060,14592,1.824000
2778,880377,14272,1.784000
2779,880693,14096,1.762000
2780,881010,13968,1.746000
2781,881327,13856,1.732000
2782,881644,13680,1.710000
2783,881961,13536,1.692000
2784,882278,13440,1.680000
2785,882595,13216,1.652000
2786,882911,13104,1.638000
2787,883228,12976,1.622000
2788,883545,12864,1.608000
2789,883862,12720,1.590000
2790,884179,12576,1.572000
2791,884496,12384,1.548000
2792,884812,12288,1.536000
2793,885130,12128,1.516000
2794,885446,11968,1.496000
2795,885763,11808,1.476000
2796,886080,11648,1.456000
2797,886397,11552,1.444000
2798,886714,11600,1.450000
2799,887031,11776,1.472000
2800,887348,11840,1.480000
2801,887664,12032,1.504000
2802,887982,12112,1.514000
2803,888298,12352,1.544000
2804,888615,12416,1.552000
2805,888932,12608,1.576000
2806,889249,12752,1.594000
2807,889565,12928,1.616000
2808,889882,13040,1.630000
2809,890199,13200,1.650000
2810,890516,13328,1.666000
2811,890833,13472,1.684000
2812,891150,13632,1.704000
2813,891467,13712,1.714000
2814,891784,13888,1.736000
2815,892101,13984,1.748000
2816,892417,14144,1.768000
2817,892734,14288,1.786000
2818,893051,14448,1.806000
2819,893368,14624,1.828000
2820,893687,14720,1.840000
2821,894001,14912,1.864000
2822,894318,15072,1.884000
2823,894635,15200,1.900000
2824,894953,15184,1.898000
2825,895269,15056,1.882000
2826,895586,14944,1.868000
2827,895903,14784,1.848000
2828,896220,14672,1.834000
2829,896536,14512,1.814000
2830,896853,14352,1.794000
2831,897171,14224,1.778000
2832,897487,14080,1.760000
2833,897804,13952,1.744000
2834,898121,13760,1.720000
2835,898437,13616,1.702000
2836,898755,13504,1.688000
2837,899071,13312,1.664000
2838,899388,13232,1.654000
2839,899705,13040,1.630000
2840,900022,12896,1.612000
2841,900339,12784,1.598000
2842,900656,12640,1.580000
2843,900972,12480,1.560000
2844,901289,12336,1.542000
2845,901606,12176,1.522000
2846,901923,12096,1.512000
2847,902240,11920,1.490000
2848,902557,11824,1.478000
2849,902874,11584,1.448000
2850,903191,11520,1.440000
2851,903507,11632,1.454000
2852,903825,11824,1.478000
2853,904141,11904,1.488000
2854,904458,12016,1.502000
2855,904775,12160,1.520000
2856,905092,12384,1.548000
2857,905408,12480,1.560000
2858,905726,12608,1.576000
2859,906042,12832,1.604000
2860,906359,12944,1.618000
2861,906676,13056,1.632000
2862,906993,13184,1.648000
2863,907310,13360,1.670000
2864,907627,13536,1.692000
2865,907944,13616,1.702000
2866,908261,13792,1.724000
2867,908577,13952,1.744000
2868,908894,14080,1.760000
2869,909211,14224,1.778000
2870,909527,14336,1.792000
2871,909845,14576,1.822000
2872,910161,14704,1.838000
2873,910479,14832,1.854000
2874,910795,14928,1.866000
2875,911112,15088,1.886000
2876,911428,15248,1.906000
2877,911746,15104,1.888000
2878,912063,15040,1.880000
2879,912380,14832,1.854000
2880,912696,14752,1.844000
2881,913013,14608,1.826000
2882,913330,14448,1.806000
2883,913647,14336,1.792000
2884,913964,14176,1.772000
2885,914281,14064,1.758000
2886,914597,13904,1.738000
2887,914915,13728,1.716000
2888,915232,13536,1.692000
2889,915548,13440,1.680000
2890,915865,13248,1.656000
2891,916181,13200,1.650000
2892,916499,13008,1.626000
2893,916816,12880,1.610000
2894,917132,12800,1.600000
2895,917450,12624,1.578000
2896,917766,12448,1.556000
2897,918083,12256,1.532000
2898,918399,12176,1.522000
2899,918717,12048,1.506000
2900,919034,11888,1.486000
2901,919351,11744,1.468000
2902,919667,11584,1.448000
2903,919984,11584,1.448000
2904,920301,11664,1.458000
2905,920618,11856,1.482000
2906,920934,11984,1.498000
2907,921252,12080,1.510000
2908,921569,12272,1.534000
2909,921885,12448,1.556000
2910,922203,12576,1.572000
2911,922519,12688,1.586000
2912,922836,12880,1.610000
2913,923153,12896,1.612000
2914,923470,13120,1.640000
2915,923787,13296,1.662000
2916,924103,13472,1.684000
2917,924420,13584,1.698000
2918,924737,13696,1.712000
2919,925054,13888,1.736000
2920,925371,13984,1.748000
2921,925687,14144,1.768000
2922,926005,14272,1.784000
2923,926322,14400,1.800000
2924,926638,14544,1.818000
2925,926955,14688,1.836000
2926,927272,14896,1.862000
2927,927589,15024,1.878000
2928,927906,15168,1.896000
2929,928223,15232,1.904000
2930,928540,15104,1.888000
2931,928856,14976,1.872000
2932,929173,14816,1.852000
2933,929490,14656,1.832000
2934,929807,14528,1.816000
2935,930124,14432,1.804000
2936,930441,14272,1.784000
2937,930758,14080,1.760000
2938,931074,13952,1.744000
2939,931392,13824,1.728000
2940,931708,13680,1.710000
2941,932025,13568,1.696000
2942,932342,13408,1.676000
2943,932659,13232,1.654000
2944,932975,13136,1.642000
2945,933292,12912,1.614000
2946,933609,12848,1.606000
2947,933926,12688,1.586000
2948,934243,12512,1.564000
2949,934560,12432,1.554000
2950,934877,12256,1.532000
2951,935194,12064,1.508000
2952,935510,12000,1.500000
2953,935827,11808,1.476000
2954,936144,11664,1.458000
2955,936461,11536,1.442000
2956,936778,11632,1.454000
2957,937095,11840,1.480000
2958,937412,11904,1.488000
2959,937729,12064,1.508000
2960,938045,12192,1.524000
2961,938362,12208,1.526000
2962,938679,12512,1.564000
2963,938996,12608,1.576000
2964,939313,12752,1.594000
2965,939630,12944,1.618000
2966,939946,12992,1.624000
2967,940263,13216,1.652000
2968,940580,13312,1.664000
2969,940897,13456,1.682000
2970,941213,13632,1.704000
2971,941531,13792,1.724000
2972,941847,13872,1.734000
2973,942165,14064,1.758000
2974,942481,14448,1.806000
2975,942798,14368,1.796000
2976,943114,14480,1.810000
2977,943432,14624,1.828000
2978,943749,14768,1.846000
2979,944066,14976,1.872000
2980,944383,15056,1.882000
2981,944699,15392,1.924000
2982,945016,15248,1.906000
2983,945333,15088,1.886000
2984,945650,14896,1.862000
2985,945967,14704,1.838000
2986,946284,14640,1.830000
2987,946600,14304,1.788000
2988,946917,14320,1.790000
2989,947234,14208,1.776000
2990,947551,14000,1.750000
2991,947868,13904,1.738000
2992,948184,13712,1.714000
2993,948502,13616,1.702000
2994,948818,13488,1.686000
2995,949136,13264,1.658000
2996,949452,13184,1.648000
2997,949769,13056,1.632000
2998,950086,12896,1.612000
2999,950402,12768,1.596000
3000,950720,12576,1.572000
3001,951037,12448,1.556000
3002,951354,12352,1.544000
3003,951670,12208,1.526000
3004,951987,12032,1.504000
3005,952304,11904,1.488000
3006,952621,11760,1.470000
3007,952938,11632,1.454000
3008,953255,11552,1.444000
3009,953571,11680,1.460000
3010,953888,11888,1.486000
3011,954205,12016,1.502000
3012,954521,12144,1.518000
3013,954839,12224,1.528000
3014,955155,12480,1.560000
3015,955473,12528,1.566000
3016,955790,12672,1.584000
3017,956106,12800,1.600000
3018,956423,12992,1.624000
3019,956739,13056,1.632000
3020,957057,13216,1.652000
3021,957374,13408,1.676000
3022,957691,13552,1.694000
3023,958007,13712,1.714000
3024,958324,13712,1.714000
3025,958641,13968,1.746000
3026,958958,14176,1.772000
3027,959274,14320,1.790000
3028,959592,14432,1.804000
3029,959909,14544,1.818000
3030,960226,14752,1.844000
3031,960542,14800,1.850000
3032,960860,14944,1.868000
3033,961176,15152,1.894000
3034,961493,15184,1.898000
3035,961810,15104,1.888000
3036,962126,14992,1.874000
3037,962444,14976,1.872000
3038,962761,14688,1.836000
3039,963077,14336,1.792000
3040,963394,14448,1.806000
3041,963711,14288,1.786000
3042,964028,14144,1.768000
3043,964345,14016,1.752000
3044,964661,13824,1.728000
3045,964979,13584,1.698000
3046,965296,13552,1.694000
3047,965612,13408,1.676000
3048,965929,13296,1.662000
3049,966246,13120,1.640000
3050,966562,12928,1.616000
3051,966880,12816,1.602000
3052,967197,12752,1.594000
3053,967513,12544,1.568000
3054,967830,12384,1.548000
3055,968147,12304,1.538000
3056,968464,12080,1.510000
3057,968781,12016,1.502000
3058,969097,11936,1.492000
3059,969414,11680,1.460000
3060,969731,11520,1.440000
3061,970048,11584,1.448000
3062,970365,11712,1.464000
3063,970685,11856,1.482000
3064,970999,11984,1.498000
3065,971316,12192,1.524000
3066,971632,12352,1.544000
3067,971949,12464,1.558000
3068,972266,12624,1.578000
3069,972583,12720,1.590000
3070,972900,12912,1.614000
3071,973217,13056,1.632000
3072,973533,13184,1.648000
3073,973850,13280,1.660000
3074,974167,13440,1.680000
3075,974484,13600,1.700000
3076,974801,13808,1.726000
3077,975118,13856,1.732000
3078,975435,14016,1.752000
3079,975751,14176,1.772000
3080,976068,14336,1.792000
3081,976385,14464,1.808000
3082,976702,14672,1.834000
3083,977018,14720,1.840000
3084,977336,14880,1.860000
3085,977653,15056,1.882000
3086,977969,15168,1.896000
3087,978286,15200,1.900000
3088,978603,15072,1.884000
3089,978921,14928,1.866000
3090,979237,14800,1.850000
3091,979554,14704,1.838000
3092,979871,14496,1.812000
3093,980188,14400,1.800000
3094,980505,14224,1.778000
3095,980821,14064,1.758000
3096,981138,13888,1.736000
3097,981455,13824,1.728000
3098,981772,13648,1.706000
3099,982089,13520,1.690000
3100,982406,13360,1.670000
3101,982722,13200,1.650000
3102,983039,13008,1.626000
3103,983356,12896,1.612000
3104,983673,12784,1.598000
3105,983990,12640,1.580000
3106,984307,12512,1.564000
3107,984624,12336,1.542000
3108,984941,12240,1.530000
3109,985257,12080,1.510000
3110,985574,11920,1.490000
3111,985891,11760,1.470000
3112,986208,11632,1.454000
3113,986525,11568,1.446000
3114,986841,11696,1.462000
3115,987159,11760,1.470000
3116,987475,11920,1.490000
3117,987792,12144,1.518000
3118,988109,12192,1.524000
3119,988426,12384,1.548000
3120,988742,12512,1.564000
3121,989060,12592,1.574000
3122,989377,12816,1.602000
3123,989693,12960,1.620000
3124,990010,13072,1.634000
3125,990327,13216,1.652000
3126,990644,13392,1.674000
3127,990961,13536,1.692000
3128,991278,13648,1.706000
3129,991594,13824,1.728000
3130,991911,13952,1.744000
3131,992228,14048,1.756000
3132,992545,14272,1.784000
3133,992862,14368,1.796000
3134,993179,14512,1.814000
3135,993496,14688,1.836000
3136,993812,14720,1.840000
3137,994130,14960,1.870000
3138,994446,15136,1.892000
3139,994763,15184,1.898000
3140,995079,15200,1.900000
3141,995397,15056,1.882000
3142,995714,14928,1.866000
3143,996031,14720,1.840000
3144,996348,14576,1.822000
3145,996664,14448,1.806000
3146,996981,14320,1.790000
3147,997297,14176,1.772000
3148,997615,14064,1.758000
3149,997932,13952,1.744000
3150,998249,13728,1.716000
3151,998565,13600,1.700000
3152,998882,13456,1.682000
3153,999199,13280,1.660000
3154,999515,13184,1.648000
3155,999833,13008,1.626000
